

================================================================
== Vitis HLS Report for 'UpConv_Fused_Row_8_16_16_960_480_Pipeline_PRELOAD_W_W_FLAT'
================================================================
* Date:           Mon Jun  1 23:46:43 2026

* Version:        2024.2 (Build 5238294 on Nov  8 2024)
* Project:        upconv_core_top
* Solution:       hls (Vivado IP Flow Target)
* Product family: zynquplus
* Target device:  xczu7ev-ffvc1156-2-e


================================================================
== Performance Estimates
================================================================
+ Timing: 
    * Summary: 
    +--------+---------+----------+------------+
    |  Clock |  Target | Estimated| Uncertainty|
    +--------+---------+----------+------------+
    |ap_clk  |  3.33 ns|  3.357 ns|     0.90 ns|
    +--------+---------+----------+------------+

+ Latency: 
    * Summary: 
    +---------+---------+-----------+-----------+------+------+------------------------------------------------+
    |  Latency (cycles) |   Latency (absolute)  |   Interval  |                    Pipeline                    |
    |   min   |   max   |    min    |    max    |  min |  max |                      Type                      |
    +---------+---------+-----------+-----------+------+------+------------------------------------------------+
    |     4332|     4332|  14.543 us|  14.543 us|  4321|  4321|  loop auto-rewind stp (delay=0 clock cycles(s))|
    +---------+---------+-----------+-----------+------+------+------------------------------------------------+

    + Detail: 
        * Instance: 
        N/A

        * Loop: 
        +--------------------+---------+---------+----------+-----------+-----------+------+----------+
        |                    |  Latency (cycles) | Iteration|  Initiation Interval  | Trip |          |
        |      Loop Name     |   min   |   max   |  Latency |  achieved |   target  | Count| Pipelined|
        +--------------------+---------+---------+----------+-----------+-----------+------+----------+
        |- PRELOAD_W_W_FLAT  |     4330|     4330|        12|          1|          1|  4320|       yes|
        +--------------------+---------+---------+----------+-----------+-----------+------+----------+

============================================================
+ Verbose Summary: Synthesis Manager
============================================================
InlineROM: 1
ExposeGlobal: 0
============================================================
+ Verbose Summary: CDFG Model
============================================================
IsTopModel: 0
ResetActiveHigh: 1
IsCombinational: 0
IsDatapathOnly: 0
HasWiredReturn: 1
HasMFsm: 2
HasVarLatency: 1
IsPipeline: 0
IsRtlPipelined: 0
IsInstanceOverlapped: 0
IsDontTouch: 0
HasImplIP: 0
IsGatedGlobalClock: 0

+ Individual pipeline summary: 
  * Pipeline-0: initiation interval (II) = 1, depth = 12


============================================================
+ Verbose Summary: Schedule
============================================================
* Number of FSM states : 12
* Pipeline : 1
  Pipeline-0 : II = 1, D = 12, States = { 1 2 3 4 5 6 7 8 9 10 11 12 }
* Dataflow Pipeline: 0

* FSM state transitions: 
1 --> 2 
2 --> 3 
3 --> 4 
4 --> 5 
5 --> 6 
6 --> 7 
7 --> 8 
8 --> 9 
9 --> 10 
10 --> 11 
11 --> 12 
12 --> 

* FSM state operations: 

State 1 <SV = 0> <Delay = 2.42>
ST_1 : Operation 15 [1/1] (0.00ns)   --->   "%kci = alloca i32 1" [../gen/Hls_Layers_UpConv.tpp:142]   --->   Operation 15 'alloca' 'kci' <Predicate = true> <Delay = 0.00>
ST_1 : Operation 16 [1/1] (0.00ns)   --->   "%ci_cnt = alloca i32 1" [../gen/Hls_Layers_UpConv.tpp:141]   --->   Operation 16 'alloca' 'ci_cnt' <Predicate = true> <Delay = 0.00>
ST_1 : Operation 17 [1/1] (0.00ns)   --->   "%k_cnt = alloca i32 1" [../gen/Hls_Layers_UpConv.tpp:141]   --->   Operation 17 'alloca' 'k_cnt' <Predicate = true> <Delay = 0.00>
ST_1 : Operation 18 [1/1] (0.00ns)   --->   "%tc = alloca i32 1" [../gen/Hls_Layers_UpConv.tpp:138]   --->   Operation 18 'alloca' 'tc' <Predicate = true> <Delay = 0.00>
ST_1 : Operation 19 [1/1] (0.00ns)   --->   "%indvar_flatten = alloca i32 1"   --->   Operation 19 'alloca' 'indvar_flatten' <Predicate = true> <Delay = 0.00>
ST_1 : Operation 20 [1/1] (0.00ns)   --->   "%specmemcore_ln0 = specmemcore void @_ssdm_op_SpecMemCore, i256 %w_local_7, i64 666, i64 30, i64 18446744073709551615"   --->   Operation 20 'specmemcore' 'specmemcore_ln0' <Predicate = true> <Delay = 0.00>
ST_1 : Operation 21 [1/1] (0.00ns)   --->   "%specmemcore_ln0 = specmemcore void @_ssdm_op_SpecMemCore, i256 %w_local_6, i64 666, i64 30, i64 18446744073709551615"   --->   Operation 21 'specmemcore' 'specmemcore_ln0' <Predicate = true> <Delay = 0.00>
ST_1 : Operation 22 [1/1] (0.00ns)   --->   "%specmemcore_ln0 = specmemcore void @_ssdm_op_SpecMemCore, i256 %w_local_5, i64 666, i64 30, i64 18446744073709551615"   --->   Operation 22 'specmemcore' 'specmemcore_ln0' <Predicate = true> <Delay = 0.00>
ST_1 : Operation 23 [1/1] (0.00ns)   --->   "%specmemcore_ln0 = specmemcore void @_ssdm_op_SpecMemCore, i256 %w_local_4, i64 666, i64 30, i64 18446744073709551615"   --->   Operation 23 'specmemcore' 'specmemcore_ln0' <Predicate = true> <Delay = 0.00>
ST_1 : Operation 24 [1/1] (0.00ns)   --->   "%specmemcore_ln0 = specmemcore void @_ssdm_op_SpecMemCore, i256 %w_local_3, i64 666, i64 30, i64 18446744073709551615"   --->   Operation 24 'specmemcore' 'specmemcore_ln0' <Predicate = true> <Delay = 0.00>
ST_1 : Operation 25 [1/1] (0.00ns)   --->   "%specmemcore_ln0 = specmemcore void @_ssdm_op_SpecMemCore, i256 %w_local_2, i64 666, i64 30, i64 18446744073709551615"   --->   Operation 25 'specmemcore' 'specmemcore_ln0' <Predicate = true> <Delay = 0.00>
ST_1 : Operation 26 [1/1] (0.00ns)   --->   "%specmemcore_ln0 = specmemcore void @_ssdm_op_SpecMemCore, i256 %w_local_1, i64 666, i64 30, i64 18446744073709551615"   --->   Operation 26 'specmemcore' 'specmemcore_ln0' <Predicate = true> <Delay = 0.00>
ST_1 : Operation 27 [1/1] (0.00ns)   --->   "%specmemcore_ln0 = specmemcore void @_ssdm_op_SpecMemCore, i256 %w_local, i64 666, i64 30, i64 18446744073709551615"   --->   Operation 27 'specmemcore' 'specmemcore_ln0' <Predicate = true> <Delay = 0.00>
ST_1 : Operation 28 [1/1] (0.00ns)   --->   "%specinterface_ln0 = specinterface void @_ssdm_op_SpecInterface, i256 %gmem_weight, void @empty_3, i32 0, i32 0, void @empty_15, i32 0, i32 0, void @empty_26, void @empty_14, void @empty_15, i32 16, i32 16, i32 64, i32 16, void @empty_15, void @empty_15, i32 4294967295, i32 0, i32 0"   --->   Operation 28 'specinterface' 'specinterface_ln0' <Predicate = true> <Delay = 0.00>
ST_1 : Operation 29 [1/1] (0.00ns)   --->   "%W_ptr_read = read i64 @_ssdm_op_Read.ap_auto.i64, i64 %W_ptr"   --->   Operation 29 'read' 'W_ptr_read' <Predicate = true> <Delay = 0.00>
ST_1 : Operation 30 [1/1] (0.00ns)   --->   "%tile_read = read i6 @_ssdm_op_Read.ap_auto.i6, i6 %tile"   --->   Operation 30 'read' 'tile_read' <Predicate = true> <Delay = 0.00>
ST_1 : Operation 31 [1/1] (0.42ns)   --->   "%store_ln0 = store i13 0, i13 %indvar_flatten"   --->   Operation 31 'store' 'store_ln0' <Predicate = true> <Delay = 0.42>
ST_1 : Operation 32 [1/1] (0.42ns)   --->   "%store_ln138 = store i4 0, i4 %tc" [../gen/Hls_Layers_UpConv.tpp:138]   --->   Operation 32 'store' 'store_ln138' <Predicate = true> <Delay = 0.42>
ST_1 : Operation 33 [1/1] (0.42ns)   --->   "%store_ln141 = store i32 0, i32 %k_cnt" [../gen/Hls_Layers_UpConv.tpp:141]   --->   Operation 33 'store' 'store_ln141' <Predicate = true> <Delay = 0.42>
ST_1 : Operation 34 [1/1] (0.42ns)   --->   "%store_ln141 = store i32 0, i32 %ci_cnt" [../gen/Hls_Layers_UpConv.tpp:141]   --->   Operation 34 'store' 'store_ln141' <Predicate = true> <Delay = 0.42>
ST_1 : Operation 35 [1/1] (0.42ns)   --->   "%store_ln142 = store i10 0, i10 %kci" [../gen/Hls_Layers_UpConv.tpp:142]   --->   Operation 35 'store' 'store_ln142' <Predicate = true> <Delay = 0.42>
ST_1 : Operation 36 [1/1] (0.00ns)   --->   "%br_ln0 = br void %for.body28"   --->   Operation 36 'br' 'br_ln0' <Predicate = true> <Delay = 0.00>
ST_1 : Operation 37 [1/1] (0.00ns)   --->   "%kci_5 = load i10 %kci" [../gen/Hls_Layers_UpConv.tpp:142]   --->   Operation 37 'load' 'kci_5' <Predicate = true> <Delay = 0.00>
ST_1 : Operation 38 [1/1] (0.00ns)   --->   "%indvar_flatten_load = load i13 %indvar_flatten" [../gen/Hls_Layers_UpConv.tpp:138]   --->   Operation 38 'load' 'indvar_flatten_load' <Predicate = true> <Delay = 0.00>
ST_1 : Operation 39 [1/1] (0.82ns)   --->   "%icmp_ln138 = icmp_eq  i13 %indvar_flatten_load, i13 4320" [../gen/Hls_Layers_UpConv.tpp:138]   --->   Operation 39 'icmp' 'icmp_ln138' <Predicate = true> <Delay = 0.82> <CoreInst = "Cmp">   --->   Core 9 'Cmp' <Latency = 0> <II = 1> <Delay = 0.82> <FuncUnit> <Opcode : 'seteq' 'setne' 'setle' 'setge' 'setlt' 'setgt'> <InPorts = 2> <OutPorts = 1>
ST_1 : Operation 40 [1/1] (0.82ns)   --->   "%add_ln138_2 = add i13 %indvar_flatten_load, i13 1" [../gen/Hls_Layers_UpConv.tpp:138]   --->   Operation 40 'add' 'add_ln138_2' <Predicate = true> <Delay = 0.82> <CoreInst = "Adder">   --->   Core 1 'Adder' <Latency = 0> <II = 1> <Delay = 0.82> <FuncUnit> <Opcode : 'add' 'sub'> <InPorts = 2> <OutPorts = 1>
ST_1 : Operation 41 [1/1] (0.00ns)   --->   "%br_ln138 = br i1 %icmp_ln138, void %for.inc50, void %KH_LOOP.exitStub" [../gen/Hls_Layers_UpConv.tpp:138]   --->   Operation 41 'br' 'br_ln138' <Predicate = true> <Delay = 0.00>
ST_1 : Operation 42 [1/1] (0.00ns)   --->   "%tc_load = load i4 %tc" [../gen/Hls_Layers_UpConv.tpp:138]   --->   Operation 42 'load' 'tc_load' <Predicate = (!icmp_ln138)> <Delay = 0.00>
ST_1 : Operation 43 [1/1] (0.79ns)   --->   "%add_ln138 = add i4 %tc_load, i4 1" [../gen/Hls_Layers_UpConv.tpp:138]   --->   Operation 43 'add' 'add_ln138' <Predicate = (!icmp_ln138)> <Delay = 0.79> <CoreInst = "Adder">   --->   Core 1 'Adder' <Latency = 0> <II = 1> <Delay = 0.79> <FuncUnit> <Opcode : 'add' 'sub'> <InPorts = 2> <OutPorts = 1>
ST_1 : Operation 44 [1/1] (0.78ns)   --->   "%icmp_ln142 = icmp_eq  i10 %kci_5, i10 540" [../gen/Hls_Layers_UpConv.tpp:142]   --->   Operation 44 'icmp' 'icmp_ln142' <Predicate = (!icmp_ln138)> <Delay = 0.78> <CoreInst = "Cmp">   --->   Core 9 'Cmp' <Latency = 0> <II = 1> <Delay = 0.78> <FuncUnit> <Opcode : 'seteq' 'setne' 'setle' 'setge' 'setlt' 'setgt'> <InPorts = 2> <OutPorts = 1>
ST_1 : Operation 45 [1/1] (0.39ns)   --->   "%select_ln138_4 = select i1 %icmp_ln142, i4 %add_ln138, i4 %tc_load" [../gen/Hls_Layers_UpConv.tpp:138]   --->   Operation 45 'select' 'select_ln138_4' <Predicate = (!icmp_ln138)> <Delay = 0.39> <CoreInst = "Sel">   --->   Core 73 'Sel' <Latency = 0> <II = 1> <Delay = 0.39> <FuncUnit> <Opcode : 'select'> <InPorts = 3> <OutPorts = 1>
ST_1 : Operation 46 [1/1] (0.00ns)   --->   "%trunc_ln138 = trunc i4 %select_ln138_4" [../gen/Hls_Layers_UpConv.tpp:138]   --->   Operation 46 'trunc' 'trunc_ln138' <Predicate = (!icmp_ln138)> <Delay = 0.00>
ST_1 : Operation 47 [1/1] (0.00ns)   --->   "%tmp_2 = bitconcatenate i9 @_ssdm_op_BitConcatenate.i9.i6.i3, i6 %tile_read, i3 %trunc_ln138" [../gen/Hls_Layers_UpConv.tpp:138]   --->   Operation 47 'bitconcatenate' 'tmp_2' <Predicate = (!icmp_ln138)> <Delay = 0.00>
ST_1 : Operation 48 [1/1] (0.00ns)   --->   "%p_cast = zext i9 %tmp_2" [../gen/Hls_Layers_UpConv.tpp:138]   --->   Operation 48 'zext' 'p_cast' <Predicate = (!icmp_ln138)> <Delay = 0.00>
ST_1 : Operation 49 [1/1] (0.00ns)   --->   "%tmp = bitconcatenate i12 @_ssdm_op_BitConcatenate.i12.i6.i3.i3, i6 %tile_read, i3 %trunc_ln138, i3 0" [../gen/Hls_Layers_UpConv.tpp:138]   --->   Operation 49 'bitconcatenate' 'tmp' <Predicate = (!icmp_ln138)> <Delay = 0.00>
ST_1 : Operation 50 [1/1] (0.00ns)   --->   "%p_shl11 = zext i12 %tmp" [../gen/Hls_Layers_UpConv.tpp:138]   --->   Operation 50 'zext' 'p_shl11' <Predicate = (!icmp_ln138)> <Delay = 0.00>
ST_1 : Operation 51 [1/1] (0.80ns)   --->   "%empty = add i13 %p_shl11, i13 %p_cast" [../gen/Hls_Layers_UpConv.tpp:138]   --->   Operation 51 'add' 'empty' <Predicate = (!icmp_ln138)> <Delay = 0.80> <CoreInst = "Adder">   --->   Core 1 'Adder' <Latency = 0> <II = 1> <Delay = 0.80> <FuncUnit> <Opcode : 'add' 'sub'> <InPorts = 2> <OutPorts = 1>
ST_1 : Operation 52 [1/1] (0.67ns)   --->   "%switch_ln144 = switch i3 %trunc_ln138, void %arrayidx4012.case.7, i3 0, void %arrayidx4012.case.0, i3 1, void %arrayidx4012.case.1, i3 2, void %arrayidx4012.case.2, i3 3, void %arrayidx4012.case.3, i3 4, void %arrayidx4012.case.4, i3 5, void %arrayidx4012.case.5, i3 6, void %arrayidx4012.case.6" [../gen/Hls_Layers_UpConv.tpp:144]   --->   Operation 52 'switch' 'switch_ln144' <Predicate = (!icmp_ln138)> <Delay = 0.67>
ST_1 : Operation 53 [1/1] (0.78ns)   --->   "%add_ln142 = add i10 %kci_5, i10 1" [../gen/Hls_Layers_UpConv.tpp:142]   --->   Operation 53 'add' 'add_ln142' <Predicate = (!icmp_ln138)> <Delay = 0.78> <CoreInst = "Adder">   --->   Core 1 'Adder' <Latency = 0> <II = 1> <Delay = 0.78> <FuncUnit> <Opcode : 'add' 'sub'> <InPorts = 2> <OutPorts = 1>
ST_1 : Operation 54 [1/1] (0.40ns)   --->   "%kci_6 = select i1 %icmp_ln142, i10 1, i10 %add_ln142" [../gen/Hls_Layers_UpConv.tpp:142]   --->   Operation 54 'select' 'kci_6' <Predicate = (!icmp_ln138)> <Delay = 0.40> <CoreInst = "Sel">   --->   Core 73 'Sel' <Latency = 0> <II = 1> <Delay = 0.40> <FuncUnit> <Opcode : 'select'> <InPorts = 3> <OutPorts = 1>
ST_1 : Operation 55 [1/1] (0.42ns)   --->   "%store_ln138 = store i13 %add_ln138_2, i13 %indvar_flatten" [../gen/Hls_Layers_UpConv.tpp:138]   --->   Operation 55 'store' 'store_ln138' <Predicate = (!icmp_ln138)> <Delay = 0.42>
ST_1 : Operation 56 [1/1] (0.42ns)   --->   "%store_ln138 = store i4 %select_ln138_4, i4 %tc" [../gen/Hls_Layers_UpConv.tpp:138]   --->   Operation 56 'store' 'store_ln138' <Predicate = (!icmp_ln138)> <Delay = 0.42>
ST_1 : Operation 57 [1/1] (0.42ns)   --->   "%store_ln142 = store i10 %kci_6, i10 %kci" [../gen/Hls_Layers_UpConv.tpp:142]   --->   Operation 57 'store' 'store_ln142' <Predicate = (!icmp_ln138)> <Delay = 0.42>

State 2 <SV = 1> <Delay = 3.35>
ST_2 : Operation 58 [1/1] (0.00ns)   --->   "%ci_cnt_load = load i32 %ci_cnt" [../gen/Hls_Layers_UpConv.tpp:138]   --->   Operation 58 'load' 'ci_cnt_load' <Predicate = (!icmp_ln142)> <Delay = 0.00>
ST_2 : Operation 59 [1/1] (0.00ns)   --->   "%k_cnt_load = load i32 %k_cnt" [../gen/Hls_Layers_UpConv.tpp:138]   --->   Operation 59 'load' 'k_cnt_load' <Predicate = (!icmp_ln142)> <Delay = 0.00>
ST_2 : Operation 60 [1/1] (0.44ns)   --->   "%select_ln138 = select i1 %icmp_ln142, i32 0, i32 %k_cnt_load" [../gen/Hls_Layers_UpConv.tpp:138]   --->   Operation 60 'select' 'select_ln138' <Predicate = true> <Delay = 0.44> <CoreInst = "Sel">   --->   Core 73 'Sel' <Latency = 0> <II = 1> <Delay = 0.44> <FuncUnit> <Opcode : 'select'> <InPorts = 3> <OutPorts = 1>
ST_2 : Operation 61 [1/1] (0.44ns)   --->   "%select_ln138_3 = select i1 %icmp_ln142, i32 0, i32 %ci_cnt_load" [../gen/Hls_Layers_UpConv.tpp:138]   --->   Operation 61 'select' 'select_ln138_3' <Predicate = true> <Delay = 0.44> <CoreInst = "Sel">   --->   Core 73 'Sel' <Latency = 0> <II = 1> <Delay = 0.44> <FuncUnit> <Opcode : 'select'> <InPorts = 3> <OutPorts = 1>
ST_2 : Operation 62 [1/1] (0.00ns)   --->   "%p_cast9 = zext i13 %empty" [../gen/Hls_Layers_UpConv.tpp:138]   --->   Operation 62 'zext' 'p_cast9' <Predicate = true> <Delay = 0.00>
ST_2 : Operation 63 [1/1] (0.00ns)   --->   "%trunc_ln142 = trunc i32 %select_ln138_3" [../gen/Hls_Layers_UpConv.tpp:142]   --->   Operation 63 'trunc' 'trunc_ln142' <Predicate = true> <Delay = 0.00>
ST_2 : Operation 64 [1/1] (1.01ns)   --->   "%add_ln144 = add i32 %select_ln138, i32 %p_cast9" [../gen/Hls_Layers_UpConv.tpp:144]   --->   Operation 64 'add' 'add_ln144' <Predicate = true> <Delay = 1.01> <CoreInst = "Adder">   --->   Core 1 'Adder' <Latency = 0> <II = 1> <Delay = 1.01> <FuncUnit> <Opcode : 'add' 'sub'> <InPorts = 2> <OutPorts = 1>
ST_2 : Operation 65 [1/1] (0.00ns)   --->   "%shl_ln144 = shl i32 %add_ln144, i32 6" [../gen/Hls_Layers_UpConv.tpp:144]   --->   Operation 65 'shl' 'shl_ln144' <Predicate = true> <Delay = 0.00>
ST_2 : Operation 66 [1/1] (0.00ns)   --->   "%shl_ln144_2 = shl i32 %add_ln144, i32 2" [../gen/Hls_Layers_UpConv.tpp:144]   --->   Operation 66 'shl' 'shl_ln144_2' <Predicate = true> <Delay = 0.00>
ST_2 : Operation 67 [1/1] (0.00ns) (grouped into TernaryAdder)   --->   "%sub_ln144 = sub i32 %shl_ln144, i32 %shl_ln144_2" [../gen/Hls_Layers_UpConv.tpp:144]   --->   Operation 67 'sub' 'sub_ln144' <Predicate = true> <Delay = 0.00> <CoreInst = "TAddSub">   --->   Core 10 'TAddSub' <Latency = 0> <II = 1> <Delay = 0.48> <IPBlock> <Opcode : '' 'add' 'sub'> <InPorts = 3> <OutPorts = 1> <Sync> <CReg>
ST_2 : Operation 68 [1/1] (0.73ns) (root node of TernaryAdder)   --->   "%add_ln144_7 = add i32 %sub_ln144, i32 %select_ln138_3" [../gen/Hls_Layers_UpConv.tpp:144]   --->   Operation 68 'add' 'add_ln144_7' <Predicate = true> <Delay = 0.73> <CoreInst = "TAddSub">   --->   Core 10 'TAddSub' <Latency = 0> <II = 1> <Delay = 0.48> <IPBlock> <Opcode : '' 'add' 'sub'> <InPorts = 3> <OutPorts = 1> <Sync> <CReg>
ST_2 : Operation 69 [1/1] (0.00ns)   --->   "%shl_ln = bitconcatenate i37 @_ssdm_op_BitConcatenate.i37.i32.i5, i32 %add_ln144_7, i5 0" [../gen/Hls_Layers_UpConv.tpp:144]   --->   Operation 69 'bitconcatenate' 'shl_ln' <Predicate = true> <Delay = 0.00>
ST_2 : Operation 70 [1/1] (0.00ns)   --->   "%sext_ln144 = sext i37 %shl_ln" [../gen/Hls_Layers_UpConv.tpp:144]   --->   Operation 70 'sext' 'sext_ln144' <Predicate = true> <Delay = 0.00>
ST_2 : Operation 71 [1/1] (1.08ns)   --->   "%add_ln144_8 = add i64 %sext_ln144, i64 %W_ptr_read" [../gen/Hls_Layers_UpConv.tpp:144]   --->   Operation 71 'add' 'add_ln144_8' <Predicate = true> <Delay = 1.08> <CoreInst = "Adder">   --->   Core 1 'Adder' <Latency = 0> <II = 1> <Delay = 1.08> <FuncUnit> <Opcode : 'add' 'sub'> <InPorts = 2> <OutPorts = 1>
ST_2 : Operation 72 [1/1] (0.00ns)   --->   "%trunc_ln144 = trunc i32 %select_ln138" [../gen/Hls_Layers_UpConv.tpp:144]   --->   Operation 72 'trunc' 'trunc_ln144' <Predicate = true> <Delay = 0.00>
ST_2 : Operation 73 [1/1] (0.00ns)   --->   "%p_shl = bitconcatenate i10 @_ssdm_op_BitConcatenate.i10.i4.i6, i4 %trunc_ln144, i6 0" [../gen/Hls_Layers_UpConv.tpp:144]   --->   Operation 73 'bitconcatenate' 'p_shl' <Predicate = true> <Delay = 0.00>
ST_2 : Operation 74 [1/1] (0.00ns)   --->   "%trunc_ln144_2 = trunc i32 %select_ln138" [../gen/Hls_Layers_UpConv.tpp:144]   --->   Operation 74 'trunc' 'trunc_ln144_2' <Predicate = true> <Delay = 0.00>
ST_2 : Operation 75 [1/1] (0.00ns)   --->   "%p_shl8 = bitconcatenate i10 @_ssdm_op_BitConcatenate.i10.i8.i2, i8 %trunc_ln144_2, i2 0" [../gen/Hls_Layers_UpConv.tpp:144]   --->   Operation 75 'bitconcatenate' 'p_shl8' <Predicate = true> <Delay = 0.00>
ST_2 : Operation 76 [1/1] (0.00ns) (grouped into TernaryAdder)   --->   "%sub_ln144_3 = sub i10 %p_shl, i10 %p_shl8" [../gen/Hls_Layers_UpConv.tpp:144]   --->   Operation 76 'sub' 'sub_ln144_3' <Predicate = true> <Delay = 0.00> <CoreInst = "TAddSub">   --->   Core 10 'TAddSub' <Latency = 0> <II = 1> <Delay = 0.48> <IPBlock> <Opcode : '' 'add' 'sub'> <InPorts = 3> <OutPorts = 1> <Sync> <CReg>
ST_2 : Operation 77 [1/1] (0.96ns) (root node of TernaryAdder)   --->   "%add_ln144_9 = add i10 %sub_ln144_3, i10 %trunc_ln142" [../gen/Hls_Layers_UpConv.tpp:144]   --->   Operation 77 'add' 'add_ln144_9' <Predicate = true> <Delay = 0.96> <CoreInst = "TAddSub">   --->   Core 10 'TAddSub' <Latency = 0> <II = 1> <Delay = 0.48> <IPBlock> <Opcode : '' 'add' 'sub'> <InPorts = 3> <OutPorts = 1> <Sync> <CReg>
ST_2 : Operation 78 [1/1] (0.00ns)   --->   "%trunc_ln = partselect i59 @_ssdm_op_PartSelect.i59.i64.i32.i32, i64 %add_ln144_8, i32 5, i32 63" [../gen/Hls_Layers_UpConv.tpp:144]   --->   Operation 78 'partselect' 'trunc_ln' <Predicate = true> <Delay = 0.00>
ST_2 : Operation 79 [1/1] (1.01ns)   --->   "%ci_cnt_5 = add i32 %select_ln138_3, i32 1" [../gen/Hls_Layers_UpConv.tpp:145]   --->   Operation 79 'add' 'ci_cnt_5' <Predicate = true> <Delay = 1.01> <CoreInst = "Adder">   --->   Core 1 'Adder' <Latency = 0> <II = 1> <Delay = 1.01> <FuncUnit> <Opcode : 'add' 'sub'> <InPorts = 2> <OutPorts = 1>
ST_2 : Operation 80 [1/1] (1.01ns)   --->   "%icmp_ln146 = icmp_sgt  i32 %ci_cnt_5, i32 59" [../gen/Hls_Layers_UpConv.tpp:146]   --->   Operation 80 'icmp' 'icmp_ln146' <Predicate = true> <Delay = 1.01> <CoreInst = "Cmp">   --->   Core 9 'Cmp' <Latency = 0> <II = 1> <Delay = 1.01> <FuncUnit> <Opcode : 'seteq' 'setne' 'setle' 'setge' 'setlt' 'setgt'> <InPorts = 2> <OutPorts = 1>
ST_2 : Operation 81 [1/1] (1.01ns)   --->   "%add_ln146 = add i32 %select_ln138, i32 1" [../gen/Hls_Layers_UpConv.tpp:146]   --->   Operation 81 'add' 'add_ln146' <Predicate = true> <Delay = 1.01> <CoreInst = "Adder">   --->   Core 1 'Adder' <Latency = 0> <II = 1> <Delay = 1.01> <FuncUnit> <Opcode : 'add' 'sub'> <InPorts = 2> <OutPorts = 1>
ST_2 : Operation 82 [1/1] (0.44ns)   --->   "%ci_cnt_6 = select i1 %icmp_ln146, i32 0, i32 %ci_cnt_5" [../gen/Hls_Layers_UpConv.tpp:146]   --->   Operation 82 'select' 'ci_cnt_6' <Predicate = true> <Delay = 0.44> <CoreInst = "Sel">   --->   Core 73 'Sel' <Latency = 0> <II = 1> <Delay = 0.44> <FuncUnit> <Opcode : 'select'> <InPorts = 3> <OutPorts = 1>
ST_2 : Operation 83 [1/1] (0.44ns)   --->   "%k_cnt_3 = select i1 %icmp_ln146, i32 %add_ln146, i32 %select_ln138" [../gen/Hls_Layers_UpConv.tpp:146]   --->   Operation 83 'select' 'k_cnt_3' <Predicate = true> <Delay = 0.44> <CoreInst = "Sel">   --->   Core 73 'Sel' <Latency = 0> <II = 1> <Delay = 0.44> <FuncUnit> <Opcode : 'select'> <InPorts = 3> <OutPorts = 1>
ST_2 : Operation 84 [1/1] (0.42ns)   --->   "%store_ln141 = store i32 %k_cnt_3, i32 %k_cnt" [../gen/Hls_Layers_UpConv.tpp:141]   --->   Operation 84 'store' 'store_ln141' <Predicate = true> <Delay = 0.42>
ST_2 : Operation 85 [1/1] (0.42ns)   --->   "%store_ln141 = store i32 %ci_cnt_6, i32 %ci_cnt" [../gen/Hls_Layers_UpConv.tpp:141]   --->   Operation 85 'store' 'store_ln141' <Predicate = true> <Delay = 0.42>
ST_2 : Operation 86 [1/1] (0.00ns)   --->   "%br_ln142 = br void %for.body28" [../gen/Hls_Layers_UpConv.tpp:142]   --->   Operation 86 'br' 'br_ln142' <Predicate = true> <Delay = 0.00>

State 3 <SV = 2> <Delay = 2.43>
ST_3 : Operation 87 [1/1] (0.00ns)   --->   "%sext_ln144_3 = sext i59 %trunc_ln" [../gen/Hls_Layers_UpConv.tpp:144]   --->   Operation 87 'sext' 'sext_ln144_3' <Predicate = true> <Delay = 0.00>
ST_3 : Operation 88 [1/1] (0.00ns)   --->   "%gmem_weight_addr = getelementptr i256 %gmem_weight, i64 %sext_ln144_3" [../gen/Hls_Layers_UpConv.tpp:144]   --->   Operation 88 'getelementptr' 'gmem_weight_addr' <Predicate = true> <Delay = 0.00>
ST_3 : Operation 89 [8/8] (2.43ns)   --->   "%gmem_weight_load_req = readreq i1 @_ssdm_op_ReadReq.m_axi.i256P1A, i256 %gmem_weight_addr, i64 1" [../gen/Hls_Layers_UpConv.tpp:144]   --->   Operation 89 'readreq' 'gmem_weight_load_req' <Predicate = true> <Delay = 2.43> <CoreInst = "m_axi">   --->   Core 119 'm_axi' <Latency = 6> <II = 1> <Delay = 1.00> <Adapter> <Opcode : 'read' 'write' 'readreq' 'writereq' 'writeresp'>

State 4 <SV = 3> <Delay = 2.43>
ST_4 : Operation 90 [7/8] (2.43ns)   --->   "%gmem_weight_load_req = readreq i1 @_ssdm_op_ReadReq.m_axi.i256P1A, i256 %gmem_weight_addr, i64 1" [../gen/Hls_Layers_UpConv.tpp:144]   --->   Operation 90 'readreq' 'gmem_weight_load_req' <Predicate = true> <Delay = 2.43> <CoreInst = "m_axi">   --->   Core 119 'm_axi' <Latency = 6> <II = 1> <Delay = 1.00> <Adapter> <Opcode : 'read' 'write' 'readreq' 'writereq' 'writeresp'>

State 5 <SV = 4> <Delay = 2.43>
ST_5 : Operation 91 [6/8] (2.43ns)   --->   "%gmem_weight_load_req = readreq i1 @_ssdm_op_ReadReq.m_axi.i256P1A, i256 %gmem_weight_addr, i64 1" [../gen/Hls_Layers_UpConv.tpp:144]   --->   Operation 91 'readreq' 'gmem_weight_load_req' <Predicate = true> <Delay = 2.43> <CoreInst = "m_axi">   --->   Core 119 'm_axi' <Latency = 6> <II = 1> <Delay = 1.00> <Adapter> <Opcode : 'read' 'write' 'readreq' 'writereq' 'writeresp'>

State 6 <SV = 5> <Delay = 2.43>
ST_6 : Operation 92 [5/8] (2.43ns)   --->   "%gmem_weight_load_req = readreq i1 @_ssdm_op_ReadReq.m_axi.i256P1A, i256 %gmem_weight_addr, i64 1" [../gen/Hls_Layers_UpConv.tpp:144]   --->   Operation 92 'readreq' 'gmem_weight_load_req' <Predicate = true> <Delay = 2.43> <CoreInst = "m_axi">   --->   Core 119 'm_axi' <Latency = 6> <II = 1> <Delay = 1.00> <Adapter> <Opcode : 'read' 'write' 'readreq' 'writereq' 'writeresp'>

State 7 <SV = 6> <Delay = 2.43>
ST_7 : Operation 93 [4/8] (2.43ns)   --->   "%gmem_weight_load_req = readreq i1 @_ssdm_op_ReadReq.m_axi.i256P1A, i256 %gmem_weight_addr, i64 1" [../gen/Hls_Layers_UpConv.tpp:144]   --->   Operation 93 'readreq' 'gmem_weight_load_req' <Predicate = true> <Delay = 2.43> <CoreInst = "m_axi">   --->   Core 119 'm_axi' <Latency = 6> <II = 1> <Delay = 1.00> <Adapter> <Opcode : 'read' 'write' 'readreq' 'writereq' 'writeresp'>

State 8 <SV = 7> <Delay = 2.43>
ST_8 : Operation 94 [3/8] (2.43ns)   --->   "%gmem_weight_load_req = readreq i1 @_ssdm_op_ReadReq.m_axi.i256P1A, i256 %gmem_weight_addr, i64 1" [../gen/Hls_Layers_UpConv.tpp:144]   --->   Operation 94 'readreq' 'gmem_weight_load_req' <Predicate = true> <Delay = 2.43> <CoreInst = "m_axi">   --->   Core 119 'm_axi' <Latency = 6> <II = 1> <Delay = 1.00> <Adapter> <Opcode : 'read' 'write' 'readreq' 'writereq' 'writeresp'>

State 9 <SV = 8> <Delay = 2.43>
ST_9 : Operation 95 [2/8] (2.43ns)   --->   "%gmem_weight_load_req = readreq i1 @_ssdm_op_ReadReq.m_axi.i256P1A, i256 %gmem_weight_addr, i64 1" [../gen/Hls_Layers_UpConv.tpp:144]   --->   Operation 95 'readreq' 'gmem_weight_load_req' <Predicate = true> <Delay = 2.43> <CoreInst = "m_axi">   --->   Core 119 'm_axi' <Latency = 6> <II = 1> <Delay = 1.00> <Adapter> <Opcode : 'read' 'write' 'readreq' 'writereq' 'writeresp'>

State 10 <SV = 9> <Delay = 2.43>
ST_10 : Operation 96 [1/8] (2.43ns)   --->   "%gmem_weight_load_req = readreq i1 @_ssdm_op_ReadReq.m_axi.i256P1A, i256 %gmem_weight_addr, i64 1" [../gen/Hls_Layers_UpConv.tpp:144]   --->   Operation 96 'readreq' 'gmem_weight_load_req' <Predicate = true> <Delay = 2.43> <CoreInst = "m_axi">   --->   Core 119 'm_axi' <Latency = 6> <II = 1> <Delay = 1.00> <Adapter> <Opcode : 'read' 'write' 'readreq' 'writereq' 'writeresp'>

State 11 <SV = 10> <Delay = 2.43>
ST_11 : Operation 97 [1/1] (2.43ns)   --->   "%gmem_weight_addr_read = read i256 @_ssdm_op_Read.m_axi.i256P1A, i256 %gmem_weight_addr" [../gen/Hls_Layers_UpConv.tpp:144]   --->   Operation 97 'read' 'gmem_weight_addr_read' <Predicate = true> <Delay = 2.43> <CoreInst = "m_axi">   --->   Core 119 'm_axi' <Latency = 3> <II = 1> <Delay = 1.00> <Adapter> <Opcode : 'read' 'write' 'readreq' 'writereq' 'writeresp'>
ST_11 : Operation 126 [1/1] (0.42ns)   --->   "%ret_ln0 = ret"   --->   Operation 126 'ret' 'ret_ln0' <Predicate = (icmp_ln138)> <Delay = 0.42>

State 12 <SV = 11> <Delay = 1.23>
ST_12 : Operation 98 [1/1] (0.00ns)   --->   "%specloopname_ln0 = specloopname void @_ssdm_op_SpecLoopName, void @PRELOAD_W_W_FLAT_str"   --->   Operation 98 'specloopname' 'specloopname_ln0' <Predicate = true> <Delay = 0.00>
ST_12 : Operation 99 [1/1] (0.00ns)   --->   "%speclooptripcount_ln0 = speclooptripcount void @_ssdm_op_SpecLoopTripCount, i64 4320, i64 4320, i64 4320"   --->   Operation 99 'speclooptripcount' 'speclooptripcount_ln0' <Predicate = true> <Delay = 0.00>
ST_12 : Operation 100 [1/1] (0.00ns)   --->   "%specpipeline_ln143 = specpipeline void @_ssdm_op_SpecPipeline, i32 1, i32 0, i32 0, i32 0, void @empty_15" [../gen/Hls_Layers_UpConv.tpp:143]   --->   Operation 100 'specpipeline' 'specpipeline_ln143' <Predicate = true> <Delay = 0.00>
ST_12 : Operation 101 [1/1] (0.00ns)   --->   "%zext_ln144 = zext i10 %add_ln144_9" [../gen/Hls_Layers_UpConv.tpp:144]   --->   Operation 101 'zext' 'zext_ln144' <Predicate = true> <Delay = 0.00>
ST_12 : Operation 102 [1/1] (0.00ns)   --->   "%w_local_addr = getelementptr i256 %w_local, i64 0, i64 %zext_ln144" [../gen/Hls_Layers_UpConv.tpp:144]   --->   Operation 102 'getelementptr' 'w_local_addr' <Predicate = true> <Delay = 0.00>
ST_12 : Operation 103 [1/1] (0.00ns)   --->   "%w_local_1_addr = getelementptr i256 %w_local_1, i64 0, i64 %zext_ln144" [../gen/Hls_Layers_UpConv.tpp:144]   --->   Operation 103 'getelementptr' 'w_local_1_addr' <Predicate = true> <Delay = 0.00>
ST_12 : Operation 104 [1/1] (0.00ns)   --->   "%w_local_2_addr = getelementptr i256 %w_local_2, i64 0, i64 %zext_ln144" [../gen/Hls_Layers_UpConv.tpp:144]   --->   Operation 104 'getelementptr' 'w_local_2_addr' <Predicate = true> <Delay = 0.00>
ST_12 : Operation 105 [1/1] (0.00ns)   --->   "%w_local_3_addr = getelementptr i256 %w_local_3, i64 0, i64 %zext_ln144" [../gen/Hls_Layers_UpConv.tpp:144]   --->   Operation 105 'getelementptr' 'w_local_3_addr' <Predicate = true> <Delay = 0.00>
ST_12 : Operation 106 [1/1] (0.00ns)   --->   "%w_local_4_addr = getelementptr i256 %w_local_4, i64 0, i64 %zext_ln144" [../gen/Hls_Layers_UpConv.tpp:144]   --->   Operation 106 'getelementptr' 'w_local_4_addr' <Predicate = true> <Delay = 0.00>
ST_12 : Operation 107 [1/1] (0.00ns)   --->   "%w_local_5_addr = getelementptr i256 %w_local_5, i64 0, i64 %zext_ln144" [../gen/Hls_Layers_UpConv.tpp:144]   --->   Operation 107 'getelementptr' 'w_local_5_addr' <Predicate = true> <Delay = 0.00>
ST_12 : Operation 108 [1/1] (0.00ns)   --->   "%w_local_6_addr = getelementptr i256 %w_local_6, i64 0, i64 %zext_ln144" [../gen/Hls_Layers_UpConv.tpp:144]   --->   Operation 108 'getelementptr' 'w_local_6_addr' <Predicate = true> <Delay = 0.00>
ST_12 : Operation 109 [1/1] (0.00ns)   --->   "%w_local_7_addr = getelementptr i256 %w_local_7, i64 0, i64 %zext_ln144" [../gen/Hls_Layers_UpConv.tpp:144]   --->   Operation 109 'getelementptr' 'w_local_7_addr' <Predicate = true> <Delay = 0.00>
ST_12 : Operation 110 [1/1] ( I:1.23ns O:1.23ns )   --->   "%store_ln144 = store i256 %gmem_weight_addr_read, i10 %w_local_6_addr" [../gen/Hls_Layers_UpConv.tpp:144]   --->   Operation 110 'store' 'store_ln144' <Predicate = (trunc_ln138 == 6)> <Delay = 1.23> <CoreInst = "RAM_T2P_BRAM">   --->   Core 98 'RAM_T2P_BRAM' <Latency = 1> <II = 1> <Delay = 1.23> <Storage> <Opcode : 'load' 'store'> <Ports = 2> <Width = 256> <Depth = 540> <RAM>
ST_12 : Operation 111 [1/1] (0.00ns)   --->   "%br_ln144 = br void %arrayidx4012.exit" [../gen/Hls_Layers_UpConv.tpp:144]   --->   Operation 111 'br' 'br_ln144' <Predicate = (trunc_ln138 == 6)> <Delay = 0.00>
ST_12 : Operation 112 [1/1] ( I:1.23ns O:1.23ns )   --->   "%store_ln144 = store i256 %gmem_weight_addr_read, i10 %w_local_5_addr" [../gen/Hls_Layers_UpConv.tpp:144]   --->   Operation 112 'store' 'store_ln144' <Predicate = (trunc_ln138 == 5)> <Delay = 1.23> <CoreInst = "RAM_T2P_BRAM">   --->   Core 98 'RAM_T2P_BRAM' <Latency = 1> <II = 1> <Delay = 1.23> <Storage> <Opcode : 'load' 'store'> <Ports = 2> <Width = 256> <Depth = 540> <RAM>
ST_12 : Operation 113 [1/1] (0.00ns)   --->   "%br_ln144 = br void %arrayidx4012.exit" [../gen/Hls_Layers_UpConv.tpp:144]   --->   Operation 113 'br' 'br_ln144' <Predicate = (trunc_ln138 == 5)> <Delay = 0.00>
ST_12 : Operation 114 [1/1] ( I:1.23ns O:1.23ns )   --->   "%store_ln144 = store i256 %gmem_weight_addr_read, i10 %w_local_4_addr" [../gen/Hls_Layers_UpConv.tpp:144]   --->   Operation 114 'store' 'store_ln144' <Predicate = (trunc_ln138 == 4)> <Delay = 1.23> <CoreInst = "RAM_T2P_BRAM">   --->   Core 98 'RAM_T2P_BRAM' <Latency = 1> <II = 1> <Delay = 1.23> <Storage> <Opcode : 'load' 'store'> <Ports = 2> <Width = 256> <Depth = 540> <RAM>
ST_12 : Operation 115 [1/1] (0.00ns)   --->   "%br_ln144 = br void %arrayidx4012.exit" [../gen/Hls_Layers_UpConv.tpp:144]   --->   Operation 115 'br' 'br_ln144' <Predicate = (trunc_ln138 == 4)> <Delay = 0.00>
ST_12 : Operation 116 [1/1] ( I:1.23ns O:1.23ns )   --->   "%store_ln144 = store i256 %gmem_weight_addr_read, i10 %w_local_3_addr" [../gen/Hls_Layers_UpConv.tpp:144]   --->   Operation 116 'store' 'store_ln144' <Predicate = (trunc_ln138 == 3)> <Delay = 1.23> <CoreInst = "RAM_T2P_BRAM">   --->   Core 98 'RAM_T2P_BRAM' <Latency = 1> <II = 1> <Delay = 1.23> <Storage> <Opcode : 'load' 'store'> <Ports = 2> <Width = 256> <Depth = 540> <RAM>
ST_12 : Operation 117 [1/1] (0.00ns)   --->   "%br_ln144 = br void %arrayidx4012.exit" [../gen/Hls_Layers_UpConv.tpp:144]   --->   Operation 117 'br' 'br_ln144' <Predicate = (trunc_ln138 == 3)> <Delay = 0.00>
ST_12 : Operation 118 [1/1] ( I:1.23ns O:1.23ns )   --->   "%store_ln144 = store i256 %gmem_weight_addr_read, i10 %w_local_2_addr" [../gen/Hls_Layers_UpConv.tpp:144]   --->   Operation 118 'store' 'store_ln144' <Predicate = (trunc_ln138 == 2)> <Delay = 1.23> <CoreInst = "RAM_T2P_BRAM">   --->   Core 98 'RAM_T2P_BRAM' <Latency = 1> <II = 1> <Delay = 1.23> <Storage> <Opcode : 'load' 'store'> <Ports = 2> <Width = 256> <Depth = 540> <RAM>
ST_12 : Operation 119 [1/1] (0.00ns)   --->   "%br_ln144 = br void %arrayidx4012.exit" [../gen/Hls_Layers_UpConv.tpp:144]   --->   Operation 119 'br' 'br_ln144' <Predicate = (trunc_ln138 == 2)> <Delay = 0.00>
ST_12 : Operation 120 [1/1] ( I:1.23ns O:1.23ns )   --->   "%store_ln144 = store i256 %gmem_weight_addr_read, i10 %w_local_1_addr" [../gen/Hls_Layers_UpConv.tpp:144]   --->   Operation 120 'store' 'store_ln144' <Predicate = (trunc_ln138 == 1)> <Delay = 1.23> <CoreInst = "RAM_T2P_BRAM">   --->   Core 98 'RAM_T2P_BRAM' <Latency = 1> <II = 1> <Delay = 1.23> <Storage> <Opcode : 'load' 'store'> <Ports = 2> <Width = 256> <Depth = 540> <RAM>
ST_12 : Operation 121 [1/1] (0.00ns)   --->   "%br_ln144 = br void %arrayidx4012.exit" [../gen/Hls_Layers_UpConv.tpp:144]   --->   Operation 121 'br' 'br_ln144' <Predicate = (trunc_ln138 == 1)> <Delay = 0.00>
ST_12 : Operation 122 [1/1] ( I:1.23ns O:1.23ns )   --->   "%store_ln144 = store i256 %gmem_weight_addr_read, i10 %w_local_addr" [../gen/Hls_Layers_UpConv.tpp:144]   --->   Operation 122 'store' 'store_ln144' <Predicate = (trunc_ln138 == 0)> <Delay = 1.23> <CoreInst = "RAM_T2P_BRAM">   --->   Core 98 'RAM_T2P_BRAM' <Latency = 1> <II = 1> <Delay = 1.23> <Storage> <Opcode : 'load' 'store'> <Ports = 2> <Width = 256> <Depth = 540> <RAM>
ST_12 : Operation 123 [1/1] (0.00ns)   --->   "%br_ln144 = br void %arrayidx4012.exit" [../gen/Hls_Layers_UpConv.tpp:144]   --->   Operation 123 'br' 'br_ln144' <Predicate = (trunc_ln138 == 0)> <Delay = 0.00>
ST_12 : Operation 124 [1/1] ( I:1.23ns O:1.23ns )   --->   "%store_ln144 = store i256 %gmem_weight_addr_read, i10 %w_local_7_addr" [../gen/Hls_Layers_UpConv.tpp:144]   --->   Operation 124 'store' 'store_ln144' <Predicate = (trunc_ln138 == 7)> <Delay = 1.23> <CoreInst = "RAM_T2P_BRAM">   --->   Core 98 'RAM_T2P_BRAM' <Latency = 1> <II = 1> <Delay = 1.23> <Storage> <Opcode : 'load' 'store'> <Ports = 2> <Width = 256> <Depth = 540> <RAM>
ST_12 : Operation 125 [1/1] (0.00ns)   --->   "%br_ln144 = br void %arrayidx4012.exit" [../gen/Hls_Layers_UpConv.tpp:144]   --->   Operation 125 'br' 'br_ln144' <Predicate = (trunc_ln138 == 7)> <Delay = 0.00>


============================================================
+ Verbose Summary: Timing violations
============================================================
Target clock period: 3.333ns, clock uncertainty: 0.900ns.

 <State 1>: 2.424ns
The critical path consists of the following:
	'store' operation 0 bit ('store_ln138', ../gen/Hls_Layers_UpConv.tpp:138) of constant 0 on local variable 'tc', ../gen/Hls_Layers_UpConv.tpp:138 [29]  (0.427 ns)
	'load' operation 4 bit ('tc_load', ../gen/Hls_Layers_UpConv.tpp:138) on local variable 'tc', ../gen/Hls_Layers_UpConv.tpp:138 [43]  (0.000 ns)
	'add' operation 4 bit ('add_ln138', ../gen/Hls_Layers_UpConv.tpp:138) [44]  (0.797 ns)
	'select' operation 4 bit ('select_ln138_4', ../gen/Hls_Layers_UpConv.tpp:138) [50]  (0.391 ns)
	'add' operation 13 bit ('empty', ../gen/Hls_Layers_UpConv.tpp:138) [56]  (0.809 ns)

 <State 2>: 3.357ns
The critical path consists of the following:
	'load' operation 32 bit ('ci_cnt_load', ../gen/Hls_Layers_UpConv.tpp:138) on local variable 'ci_cnt', ../gen/Hls_Layers_UpConv.tpp:141 [41]  (0.000 ns)
	'select' operation 32 bit ('select_ln138_3', ../gen/Hls_Layers_UpConv.tpp:138) [49]  (0.449 ns)
	'add' operation 32 bit ('ci_cnt', ../gen/Hls_Layers_UpConv.tpp:145) [114]  (1.016 ns)
	'icmp' operation 1 bit ('icmp_ln146', ../gen/Hls_Layers_UpConv.tpp:146) [115]  (1.016 ns)
	'select' operation 32 bit ('k_cnt', ../gen/Hls_Layers_UpConv.tpp:146) [118]  (0.449 ns)
	'store' operation 0 bit ('store_ln141', ../gen/Hls_Layers_UpConv.tpp:141) of variable 'k_cnt', ../gen/Hls_Layers_UpConv.tpp:146 on local variable 'k_cnt', ../gen/Hls_Layers_UpConv.tpp:141 [123]  (0.427 ns)

 <State 3>: 2.433ns
The critical path consists of the following:
	'getelementptr' operation 256 bit ('gmem_weight_addr', ../gen/Hls_Layers_UpConv.tpp:144) [85]  (0.000 ns)
	bus request operation ('gmem_weight_load_req', ../gen/Hls_Layers_UpConv.tpp:144) on port 'gmem_weight' (../gen/Hls_Layers_UpConv.tpp:144) [86]  (2.433 ns)

 <State 4>: 2.433ns
The critical path consists of the following:
	bus request operation ('gmem_weight_load_req', ../gen/Hls_Layers_UpConv.tpp:144) on port 'gmem_weight' (../gen/Hls_Layers_UpConv.tpp:144) [86]  (2.433 ns)

 <State 5>: 2.433ns
The critical path consists of the following:
	bus request operation ('gmem_weight_load_req', ../gen/Hls_Layers_UpConv.tpp:144) on port 'gmem_weight' (../gen/Hls_Layers_UpConv.tpp:144) [86]  (2.433 ns)

 <State 6>: 2.433ns
The critical path consists of the following:
	bus request operation ('gmem_weight_load_req', ../gen/Hls_Layers_UpConv.tpp:144) on port 'gmem_weight' (../gen/Hls_Layers_UpConv.tpp:144) [86]  (2.433 ns)

 <State 7>: 2.433ns
The critical path consists of the following:
	bus request operation ('gmem_weight_load_req', ../gen/Hls_Layers_UpConv.tpp:144) on port 'gmem_weight' (../gen/Hls_Layers_UpConv.tpp:144) [86]  (2.433 ns)

 <State 8>: 2.433ns
The critical path consists of the following:
	bus request operation ('gmem_weight_load_req', ../gen/Hls_Layers_UpConv.tpp:144) on port 'gmem_weight' (../gen/Hls_Layers_UpConv.tpp:144) [86]  (2.433 ns)

 <State 9>: 2.433ns
The critical path consists of the following:
	bus request operation ('gmem_weight_load_req', ../gen/Hls_Layers_UpConv.tpp:144) on port 'gmem_weight' (../gen/Hls_Layers_UpConv.tpp:144) [86]  (2.433 ns)

 <State 10>: 2.433ns
The critical path consists of the following:
	bus request operation ('gmem_weight_load_req', ../gen/Hls_Layers_UpConv.tpp:144) on port 'gmem_weight' (../gen/Hls_Layers_UpConv.tpp:144) [86]  (2.433 ns)

 <State 11>: 2.433ns
The critical path consists of the following:
	bus read operation ('gmem_weight_addr_read', ../gen/Hls_Layers_UpConv.tpp:144) on port 'gmem_weight' (../gen/Hls_Layers_UpConv.tpp:144) [87]  (2.433 ns)

 <State 12>: 1.237ns
The critical path consists of the following:
	'getelementptr' operation 10 bit ('w_local_5_addr', ../gen/Hls_Layers_UpConv.tpp:144) [80]  (0.000 ns)
	'store' operation 0 bit ('store_ln144', ../gen/Hls_Layers_UpConv.tpp:144) of variable 'gmem_weight_addr_read', ../gen/Hls_Layers_UpConv.tpp:144 on array 'w_local_5' [93]  (1.237 ns)


============================================================
+ Verbose Summary: Binding
============================================================
N/A
* FSMD analyzer results:
  - Output states:
 - Input state : 
  - Chain level:
	State 1
	State 2
	State 3
	State 4
	State 5
	State 6
	State 7
	State 8
	State 9
	State 10
	State 11
	State 12


============================================================
+ Verbose Summary: Datapath Resource usage 
============================================================
N/A
