

================================================================
== Vitis HLS Report for 'upconv_core_top_Pipeline_LOAD_ROW0'
================================================================
* Date:           Wed Jun  3 12:32:18 2026

* Version:        2024.2 (Build 5238294 on Nov  8 2024)
* Project:        upconv_core_top
* Solution:       hls (Vivado IP Flow Target)
* Product family: zynquplus
* Target device:  xczu7ev-ffvc1156-2-e


================================================================
== Performance Estimates
================================================================
+ Timing: 
    * Summary: 
    +--------+---------+----------+------------+
    |  Clock |  Target | Estimated| Uncertainty|
    +--------+---------+----------+------------+
    |ap_clk  |  3.33 ns|  2.433 ns|     0.90 ns|
    +--------+---------+----------+------------+

+ Latency: 
    * Summary: 
    +---------+---------+----------+-----------+-----+------+------------------------------------------------+
    |  Latency (cycles) |  Latency (absolute)  |  Interval  |                    Pipeline                    |
    |   min   |   max   |    min   |    max    | min |  max |                      Type                      |
    +---------+---------+----------+-----------+-----+------+------------------------------------------------+
    |       67|     7683|  0.223 us|  25.607 us|   65|  7681|  loop auto-rewind stp (delay=0 clock cycles(s))|
    +---------+---------+----------+-----------+-----+------+------------------------------------------------+

    + Detail: 
        * Instance: 
        N/A

        * Loop: 
        +-------------+---------+---------+----------+-----------+-----------+-----------+----------+
        |             |  Latency (cycles) | Iteration|  Initiation Interval  |    Trip   |          |
        |  Loop Name  |   min   |   max   |  Latency |  achieved |   target  |   Count   | Pipelined|
        +-------------+---------+---------+----------+-----------+-----------+-----------+----------+
        |- LOAD_ROW0  |       65|     7681|         3|          1|          1|  64 ~ 7680|       yes|
        +-------------+---------+---------+----------+-----------+-----------+-----------+----------+

============================================================
+ Verbose Summary: Synthesis Manager
============================================================
InlineROM: 1
ExposeGlobal: 0
============================================================
+ Verbose Summary: CDFG Model
============================================================
IsTopModel: 0
ResetActiveHigh: 1
IsCombinational: 0
IsDatapathOnly: 0
HasWiredReturn: 1
HasMFsm: 2
HasVarLatency: 1
IsPipeline: 0
IsRtlPipelined: 0
IsInstanceOverlapped: 0
IsDontTouch: 0
HasImplIP: 0
IsGatedGlobalClock: 0

+ Individual pipeline summary: 
  * Pipeline-0: initiation interval (II) = 1, depth = 3


============================================================
+ Verbose Summary: Schedule
============================================================
* Number of FSM states : 3
* Pipeline : 1
  Pipeline-0 : II = 1, D = 3, States = { 1 2 3 }
* Dataflow Pipeline: 0

* FSM state transitions: 
1 --> 2 
2 --> 3 
3 --> 

* FSM state operations: 

State 1 <SV = 0> <Delay = 1.67>
ST_1 : Operation 6 [1/1] (0.00ns)   --->   "%m = alloca i32 1" [../gen/UpConv_Unified.tpp:387->../gen/upconv_core_top.cpp:59]   --->   Operation 6 'alloca' 'm' <Predicate = true> <Delay = 0.00>
ST_1 : Operation 7 [1/1] (0.00ns)   --->   "%sext_ln387_read = read i59 @_ssdm_op_Read.ap_auto.i59, i59 %sext_ln387"   --->   Operation 7 'read' 'sext_ln387_read' <Predicate = true> <Delay = 0.00>
ST_1 : Operation 8 [1/1] (0.00ns)   --->   "%tmp = read i13 @_ssdm_op_Read.ap_auto.i13, i13 %empty"   --->   Operation 8 'read' 'tmp' <Predicate = true> <Delay = 0.00>
ST_1 : Operation 9 [1/1] (0.00ns)   --->   "%sext_ln387_cast = sext i59 %sext_ln387_read"   --->   Operation 9 'sext' 'sext_ln387_cast' <Predicate = true> <Delay = 0.00>
ST_1 : Operation 10 [1/1] (0.00ns)   --->   "%specmemcore_ln0 = specmemcore void @_ssdm_op_SpecMemCore, i256 %x_buf, i64 666, i64 31, i64 18446744073709551615"   --->   Operation 10 'specmemcore' 'specmemcore_ln0' <Predicate = true> <Delay = 0.00>
ST_1 : Operation 11 [1/1] (0.00ns)   --->   "%specinterface_ln0 = specinterface void @_ssdm_op_SpecInterface, i256 %gmem_in, void @empty_30, i32 0, i32 0, void @empty_29, i32 0, i32 0, void @empty_7, void @empty_10, void @empty_29, i32 16, i32 16, i32 64, i32 16, void @empty_29, void @empty_29, i32 4294967295, i32 0, i32 0"   --->   Operation 11 'specinterface' 'specinterface_ln0' <Predicate = true> <Delay = 0.00>
ST_1 : Operation 12 [1/1] (0.42ns)   --->   "%store_ln387 = store i12 0, i12 %m" [../gen/UpConv_Unified.tpp:387->../gen/upconv_core_top.cpp:59]   --->   Operation 12 'store' 'store_ln387' <Predicate = true> <Delay = 0.42>
ST_1 : Operation 13 [1/1] (0.00ns)   --->   "%br_ln0 = br void %for.body.i"   --->   Operation 13 'br' 'br_ln0' <Predicate = true> <Delay = 0.00>
ST_1 : Operation 14 [1/1] (0.00ns)   --->   "%m_1 = load i12 %m" [../gen/UpConv_Unified.tpp:387->../gen/upconv_core_top.cpp:59]   --->   Operation 14 'load' 'm_1' <Predicate = true> <Delay = 0.00>
ST_1 : Operation 15 [1/1] (0.00ns)   --->   "%specbitsmap_ln0 = specbitsmap void @_ssdm_op_SpecBitsMap, i256 %gmem_in"   --->   Operation 15 'specbitsmap' 'specbitsmap_ln0' <Predicate = true> <Delay = 0.00>
ST_1 : Operation 16 [1/1] (0.00ns)   --->   "%zext_ln387 = zext i12 %m_1" [../gen/UpConv_Unified.tpp:387->../gen/upconv_core_top.cpp:59]   --->   Operation 16 'zext' 'zext_ln387' <Predicate = true> <Delay = 0.00>
ST_1 : Operation 17 [1/1] (0.82ns)   --->   "%icmp_ln387 = icmp_eq  i13 %zext_ln387, i13 %tmp" [../gen/UpConv_Unified.tpp:387->../gen/upconv_core_top.cpp:59]   --->   Operation 17 'icmp' 'icmp_ln387' <Predicate = true> <Delay = 0.82> <CoreInst = "Cmp">   --->   Core 9 'Cmp' <Latency = 0> <II = 1> <Delay = 0.82> <FuncUnit> <Opcode : 'seteq' 'setne' 'setle' 'setge' 'setlt' 'setgt'> <InPorts = 2> <OutPorts = 1>
ST_1 : Operation 18 [1/1] (0.80ns)   --->   "%add_ln387 = add i12 %m_1, i12 1" [../gen/UpConv_Unified.tpp:387->../gen/upconv_core_top.cpp:59]   --->   Operation 18 'add' 'add_ln387' <Predicate = true> <Delay = 0.80> <CoreInst = "Adder">   --->   Core 1 'Adder' <Latency = 0> <II = 1> <Delay = 0.80> <FuncUnit> <Opcode : 'add' 'sub'> <InPorts = 2> <OutPorts = 1>
ST_1 : Operation 19 [1/1] (0.00ns)   --->   "%br_ln387 = br i1 %icmp_ln387, void %for.body.i.split, void %for.cond.cleanup.i.loopexit.exitStub" [../gen/UpConv_Unified.tpp:387->../gen/upconv_core_top.cpp:59]   --->   Operation 19 'br' 'br_ln387' <Predicate = true> <Delay = 0.00>
ST_1 : Operation 20 [1/1] (0.42ns)   --->   "%store_ln387 = store i12 %add_ln387, i12 %m" [../gen/UpConv_Unified.tpp:387->../gen/upconv_core_top.cpp:59]   --->   Operation 20 'store' 'store_ln387' <Predicate = (!icmp_ln387)> <Delay = 0.42>

State 2 <SV = 1> <Delay = 2.43>
ST_2 : Operation 21 [1/1] (0.00ns)   --->   "%gmem_in_addr = getelementptr i256 %gmem_in, i64 %sext_ln387_cast" [../gen/UpConv_Unified.tpp:387->../gen/upconv_core_top.cpp:59]   --->   Operation 21 'getelementptr' 'gmem_in_addr' <Predicate = true> <Delay = 0.00>
ST_2 : Operation 22 [1/1] (2.43ns)   --->   "%gmem_in_addr_read = read i256 @_ssdm_op_Read.m_axi.p1i256, i256 %gmem_in_addr" [../gen/UpConv_Unified.tpp:390->../gen/upconv_core_top.cpp:59]   --->   Operation 22 'read' 'gmem_in_addr_read' <Predicate = true> <Delay = 2.43> <CoreInst = "m_axi">   --->   Core 119 'm_axi' <Latency = 3> <II = 1> <Delay = 1.00> <Adapter> <Opcode : 'read' 'write' 'readreq' 'writereq' 'writeresp'>
ST_2 : Operation 30 [1/1] (0.42ns)   --->   "%ret_ln0 = ret"   --->   Operation 30 'ret' 'ret_ln0' <Predicate = (icmp_ln387)> <Delay = 0.42>

State 3 <SV = 2> <Delay = 1.23>
ST_3 : Operation 23 [1/1] (0.00ns)   --->   "%zext_ln387_1 = zext i12 %m_1" [../gen/UpConv_Unified.tpp:387->../gen/upconv_core_top.cpp:59]   --->   Operation 23 'zext' 'zext_ln387_1' <Predicate = true> <Delay = 0.00>
ST_3 : Operation 24 [1/1] (0.00ns)   --->   "%specpipeline_ln388 = specpipeline void @_ssdm_op_SpecPipeline, i32 1, i32 0, i32 0, i32 0, void @empty_29" [../gen/UpConv_Unified.tpp:388->../gen/upconv_core_top.cpp:59]   --->   Operation 24 'specpipeline' 'specpipeline_ln388' <Predicate = true> <Delay = 0.00>
ST_3 : Operation 25 [1/1] (0.00ns)   --->   "%speclooptripcount_ln389 = speclooptripcount void @_ssdm_op_SpecLoopTripCount, i64 64, i64 7680, i64 960" [../gen/UpConv_Unified.tpp:389->../gen/upconv_core_top.cpp:59]   --->   Operation 25 'speclooptripcount' 'speclooptripcount_ln389' <Predicate = true> <Delay = 0.00>
ST_3 : Operation 26 [1/1] (0.00ns)   --->   "%specloopname_ln387 = specloopname void @_ssdm_op_SpecLoopName, void @empty_19" [../gen/UpConv_Unified.tpp:387->../gen/upconv_core_top.cpp:59]   --->   Operation 26 'specloopname' 'specloopname_ln387' <Predicate = true> <Delay = 0.00>
ST_3 : Operation 27 [1/1] (0.00ns)   --->   "%x_buf_addr = getelementptr i256 %x_buf, i64 0, i64 %zext_ln387_1" [../gen/UpConv_Unified.tpp:390->../gen/upconv_core_top.cpp:59]   --->   Operation 27 'getelementptr' 'x_buf_addr' <Predicate = true> <Delay = 0.00>
ST_3 : Operation 28 [1/1] ( I:1.23ns O:1.23ns )   --->   "%store_ln390 = store i256 %gmem_in_addr_read, i11 %x_buf_addr" [../gen/UpConv_Unified.tpp:390->../gen/upconv_core_top.cpp:59]   --->   Operation 28 'store' 'store_ln390' <Predicate = true> <Delay = 1.23> <CoreInst = "RAM_T2P_URAM">   --->   Core 99 'RAM_T2P_URAM' <Latency = 1> <II = 1> <Delay = 1.23> <Storage> <Opcode : 'load' 'store'> <Ports = 2> <Width = 256> <Depth = 2048> <RAM>
ST_3 : Operation 29 [1/1] (0.00ns)   --->   "%br_ln387 = br void %for.body.i" [../gen/UpConv_Unified.tpp:387->../gen/upconv_core_top.cpp:59]   --->   Operation 29 'br' 'br_ln387' <Predicate = true> <Delay = 0.00>


============================================================
+ Verbose Summary: Binding
============================================================
STG Binding: 
---------------- STG Properties BEGIN ----------------
- Is combinational: 0
- Is one-state seq: 0
- Is datapath-only: 0
- Is pipelined: 0
- Is top level: 0
Port [ Return ] is wired: 1; IO mode=ap_ctrl_hs:ce=0
Port [ gmem_in]:  wired=1; compound=1; hidden=0; nouse=0; global=0; static=0; extern=0; dir=0; type=4; pingpong=0; private_global=0; IO mode=m_axi:ce=0
Port [ empty]:  wired=1; compound=0; hidden=0; nouse=0; global=0; static=0; extern=0; dir=0; type=0; pingpong=0; private_global=0; IO mode=ap_none:ce=0
Port [ sext_ln387]:  wired=1; compound=0; hidden=0; nouse=0; global=0; static=0; extern=0; dir=0; type=0; pingpong=0; private_global=0; IO mode=ap_none:ce=0
Port [ x_buf]:  wired=1; compound=1; hidden=0; nouse=0; global=1; static=1; extern=0; dir=1; type=1; pingpong=0; private_global=0; MemPort=[03]; IO mode=ap_memory:ce=0
---------------- STG Properties END ------------------

---------------- Datapath Model BEGIN ----------------

<LifeTime>
<method=bitvector/>
m                       (alloca           ) [ 0100]
sext_ln387_read         (read             ) [ 0000]
tmp                     (read             ) [ 0000]
sext_ln387_cast         (sext             ) [ 0110]
specmemcore_ln0         (specmemcore      ) [ 0000]
specinterface_ln0       (specinterface    ) [ 0000]
store_ln387             (store            ) [ 0000]
br_ln0                  (br               ) [ 0000]
m_1                     (load             ) [ 0111]
specbitsmap_ln0         (specbitsmap      ) [ 0000]
zext_ln387              (zext             ) [ 0000]
icmp_ln387              (icmp             ) [ 0110]
add_ln387               (add              ) [ 0000]
br_ln387                (br               ) [ 0000]
store_ln387             (store            ) [ 0000]
gmem_in_addr            (getelementptr    ) [ 0000]
gmem_in_addr_read       (read             ) [ 0101]
zext_ln387_1            (zext             ) [ 0000]
specpipeline_ln388      (specpipeline     ) [ 0000]
speclooptripcount_ln389 (speclooptripcount) [ 0000]
specloopname_ln387      (specloopname     ) [ 0000]
x_buf_addr              (getelementptr    ) [ 0000]
store_ln390             (store            ) [ 0000]
br_ln387                (br               ) [ 0000]
ret_ln0                 (ret              ) [ 0000]
</LifeTime>

<model>

<comp_list>
<comp id="0" class="1000" name="gmem_in">
<pin_list>
<pin id="1" dir="1" index="0" bw="1" slack="0"/>
</pin_list>
<bind>
<StgValue><ssdm name="gmem_in"/><MemPortTyVec>0 </MemPortTyVec>
</StgValue>
</bind>
</comp>

<comp id="2" class="1000" name="empty">
<pin_list>
<pin id="3" dir="1" index="0" bw="1" slack="0"/>
</pin_list>
<bind>
<StgValue><ssdm name="empty"/></StgValue>
</bind>
</comp>

<comp id="4" class="1000" name="sext_ln387">
<pin_list>
<pin id="5" dir="1" index="0" bw="1" slack="0"/>
</pin_list>
<bind>
<StgValue><ssdm name="sext_ln387"/></StgValue>
</bind>
</comp>

<comp id="6" class="1000" name="x_buf">
<pin_list>
<pin id="7" dir="1" index="0" bw="1" slack="0"/>
</pin_list>
<bind>
<StgValue><ssdm name="x_buf"/><MemPortTyVec>0 3 </MemPortTyVec>
</StgValue>
</bind>
</comp>

<comp id="8" class="1001" name="const_8">
<pin_list>
<pin id="9" dir="1" index="0" bw="1" slack="0"/>
</pin_list>
<bind>
<StgValue><ssdm name=""/></StgValue>
</bind>
</comp>

<comp id="10" class="1001" name="const_10">
<pin_list>
<pin id="11" dir="1" index="0" bw="1" slack="0"/>
</pin_list>
<bind>
<StgValue><ssdm name="_ssdm_op_Read.ap_auto.i59"/></StgValue>
</bind>
</comp>

<comp id="12" class="1001" name="const_12">
<pin_list>
<pin id="13" dir="1" index="0" bw="1" slack="0"/>
</pin_list>
<bind>
<StgValue><ssdm name="_ssdm_op_Read.ap_auto.i13"/></StgValue>
</bind>
</comp>

<comp id="14" class="1001" name="const_14">
<pin_list>
<pin id="15" dir="1" index="0" bw="1" slack="2147483647"/>
</pin_list>
<bind>
<StgValue><ssdm name="_ssdm_op_SpecMemCore"/></StgValue>
</bind>
</comp>

<comp id="16" class="1001" name="const_16">
<pin_list>
<pin id="17" dir="1" index="0" bw="1" slack="2147483647"/>
</pin_list>
<bind>
<StgValue><ssdm name=""/></StgValue>
</bind>
</comp>

<comp id="18" class="1001" name="const_18">
<pin_list>
<pin id="19" dir="1" index="0" bw="1" slack="2147483647"/>
</pin_list>
<bind>
<StgValue><ssdm name=""/></StgValue>
</bind>
</comp>

<comp id="20" class="1001" name="const_20">
<pin_list>
<pin id="21" dir="1" index="0" bw="1" slack="2147483647"/>
</pin_list>
<bind>
<StgValue><ssdm name=""/></StgValue>
</bind>
</comp>

<comp id="22" class="1001" name="const_22">
<pin_list>
<pin id="23" dir="1" index="0" bw="1" slack="2147483647"/>
</pin_list>
<bind>
<StgValue><ssdm name="_ssdm_op_SpecInterface"/></StgValue>
</bind>
</comp>

<comp id="24" class="1001" name="const_24">
<pin_list>
<pin id="25" dir="1" index="0" bw="1" slack="2147483647"/>
</pin_list>
<bind>
<StgValue><ssdm name="empty_30"/></StgValue>
</bind>
</comp>

<comp id="26" class="1001" name="const_26">
<pin_list>
<pin id="27" dir="1" index="0" bw="1" slack="2147483647"/>
</pin_list>
<bind>
<StgValue><ssdm name=""/></StgValue>
</bind>
</comp>

<comp id="28" class="1001" name="const_28">
<pin_list>
<pin id="29" dir="1" index="0" bw="1" slack="2147483647"/>
</pin_list>
<bind>
<StgValue><ssdm name="empty_29"/></StgValue>
</bind>
</comp>

<comp id="30" class="1001" name="const_30">
<pin_list>
<pin id="31" dir="1" index="0" bw="1" slack="2147483647"/>
</pin_list>
<bind>
<StgValue><ssdm name="empty_7"/></StgValue>
</bind>
</comp>

<comp id="32" class="1001" name="const_32">
<pin_list>
<pin id="33" dir="1" index="0" bw="1" slack="2147483647"/>
</pin_list>
<bind>
<StgValue><ssdm name="empty_10"/></StgValue>
</bind>
</comp>

<comp id="34" class="1001" name="const_34">
<pin_list>
<pin id="35" dir="1" index="0" bw="1" slack="2147483647"/>
</pin_list>
<bind>
<StgValue><ssdm name=""/></StgValue>
</bind>
</comp>

<comp id="36" class="1001" name="const_36">
<pin_list>
<pin id="37" dir="1" index="0" bw="1" slack="2147483647"/>
</pin_list>
<bind>
<StgValue><ssdm name=""/></StgValue>
</bind>
</comp>

<comp id="38" class="1001" name="const_38">
<pin_list>
<pin id="39" dir="1" index="0" bw="1" slack="2147483647"/>
</pin_list>
<bind>
<StgValue><ssdm name=""/></StgValue>
</bind>
</comp>

<comp id="40" class="1001" name="const_40">
<pin_list>
<pin id="41" dir="1" index="0" bw="1" slack="0"/>
</pin_list>
<bind>
<StgValue><ssdm name=""/></StgValue>
</bind>
</comp>

<comp id="42" class="1001" name="const_42">
<pin_list>
<pin id="43" dir="1" index="0" bw="1" slack="2147483647"/>
</pin_list>
<bind>
<StgValue><ssdm name="_ssdm_op_SpecBitsMap"/></StgValue>
</bind>
</comp>

<comp id="44" class="1001" name="const_44">
<pin_list>
<pin id="45" dir="1" index="0" bw="1" slack="0"/>
</pin_list>
<bind>
<StgValue><ssdm name=""/></StgValue>
</bind>
</comp>

<comp id="46" class="1001" name="const_46">
<pin_list>
<pin id="47" dir="1" index="0" bw="1" slack="0"/>
</pin_list>
<bind>
<StgValue><ssdm name="_ssdm_op_Read.m_axi.p1i256"/></StgValue>
</bind>
</comp>

<comp id="48" class="1001" name="const_48">
<pin_list>
<pin id="49" dir="1" index="0" bw="1" slack="2147483647"/>
</pin_list>
<bind>
<StgValue><ssdm name="_ssdm_op_SpecPipeline"/></StgValue>
</bind>
</comp>

<comp id="50" class="1001" name="const_50">
<pin_list>
<pin id="51" dir="1" index="0" bw="1" slack="2147483647"/>
</pin_list>
<bind>
<StgValue><ssdm name="_ssdm_op_SpecLoopTripCount"/></StgValue>
</bind>
</comp>

<comp id="52" class="1001" name="const_52">
<pin_list>
<pin id="53" dir="1" index="0" bw="1" slack="2147483647"/>
</pin_list>
<bind>
<StgValue><ssdm name=""/></StgValue>
</bind>
</comp>

<comp id="54" class="1001" name="const_54">
<pin_list>
<pin id="55" dir="1" index="0" bw="1" slack="2147483647"/>
</pin_list>
<bind>
<StgValue><ssdm name=""/></StgValue>
</bind>
</comp>

<comp id="56" class="1001" name="const_56">
<pin_list>
<pin id="57" dir="1" index="0" bw="1" slack="2147483647"/>
</pin_list>
<bind>
<StgValue><ssdm name=""/></StgValue>
</bind>
</comp>

<comp id="58" class="1001" name="const_58">
<pin_list>
<pin id="59" dir="1" index="0" bw="1" slack="2147483647"/>
</pin_list>
<bind>
<StgValue><ssdm name="_ssdm_op_SpecLoopName"/></StgValue>
</bind>
</comp>

<comp id="60" class="1001" name="const_60">
<pin_list>
<pin id="61" dir="1" index="0" bw="1" slack="2147483647"/>
</pin_list>
<bind>
<StgValue><ssdm name="empty_19"/></StgValue>
</bind>
</comp>

<comp id="62" class="1001" name="const_62">
<pin_list>
<pin id="63" dir="1" index="0" bw="1" slack="0"/>
</pin_list>
<bind>
<StgValue><ssdm name=""/></StgValue>
</bind>
</comp>

<comp id="64" class="1004" name="m_fu_64">
<pin_list>
<pin id="65" dir="0" index="0" bw="1" slack="0"/>
<pin id="66" dir="1" index="1" bw="12" slack="0"/>
</pin_list>
<bind>
<opcode="alloca(26) " fcode="alloca"/>
<opset="m/1 "/>
</bind>
</comp>

<comp id="68" class="1004" name="sext_ln387_read_read_fu_68">
<pin_list>
<pin id="69" dir="0" index="0" bw="59" slack="0"/>
<pin id="70" dir="0" index="1" bw="59" slack="0"/>
<pin id="71" dir="1" index="2" bw="59" slack="0"/>
</pin_list>
<bind>
<opcode="read(1150) " fcode="read"/>
<opset="sext_ln387_read/1 "/>
</bind>
</comp>

<comp id="74" class="1004" name="tmp_read_fu_74">
<pin_list>
<pin id="75" dir="0" index="0" bw="13" slack="0"/>
<pin id="76" dir="0" index="1" bw="13" slack="0"/>
<pin id="77" dir="1" index="2" bw="13" slack="0"/>
</pin_list>
<bind>
<opcode="read(1150) " fcode="read"/>
<opset="tmp/1 "/>
</bind>
</comp>

<comp id="80" class="1004" name="gmem_in_addr_read_read_fu_80">
<pin_list>
<pin id="81" dir="0" index="0" bw="256" slack="0"/>
<pin id="82" dir="0" index="1" bw="256" slack="0"/>
<pin id="83" dir="1" index="2" bw="256" slack="1"/>
</pin_list>
<bind>
<opcode="read(1150) " fcode="read"/>
<opset="gmem_in_addr_read/2 "/>
</bind>
</comp>

<comp id="85" class="1004" name="x_buf_addr_gep_fu_85">
<pin_list>
<pin id="86" dir="0" index="0" bw="256" slack="0"/>
<pin id="87" dir="0" index="1" bw="1" slack="0"/>
<pin id="88" dir="0" index="2" bw="12" slack="0"/>
<pin id="89" dir="1" index="3" bw="11" slack="0"/>
</pin_list>
<bind>
<opcode="getelementptr(29) " fcode="getelementptr"/>
<opset="x_buf_addr/3 "/>
</bind>
</comp>

<comp id="92" class="1004" name="store_ln390_access_fu_92">
<pin_list>
<pin id="93" dir="0" index="0" bw="11" slack="0"/>
<pin id="94" dir="0" index="1" bw="256" slack="1"/>
<pin id="95" dir="0" index="2" bw="0" slack="2147483647"/>
<pin id="96" dir="1" index="3" bw="256" slack="2147483647"/>
</pin_list>
<bind>
<opcode="store(28) " fcode="store"/>
<opset="store_ln390/3 "/>
</bind>
</comp>

<comp id="98" class="1004" name="sext_ln387_cast_fu_98">
<pin_list>
<pin id="99" dir="0" index="0" bw="59" slack="0"/>
<pin id="100" dir="1" index="1" bw="64" slack="1"/>
</pin_list>
<bind>
<opcode="sext(35) " fcode="sext"/>
<opset="sext_ln387_cast/1 "/>
</bind>
</comp>

<comp id="102" class="1004" name="store_ln387_store_fu_102">
<pin_list>
<pin id="103" dir="0" index="0" bw="1" slack="0"/>
<pin id="104" dir="0" index="1" bw="12" slack="0"/>
<pin id="105" dir="1" index="2" bw="0" slack="2147483647"/>
</pin_list>
<bind>
<opcode="store(28) " fcode="store"/>
<opset="store_ln387/1 "/>
</bind>
</comp>

<comp id="107" class="1004" name="m_1_load_fu_107">
<pin_list>
<pin id="108" dir="0" index="0" bw="12" slack="0"/>
<pin id="109" dir="1" index="1" bw="12" slack="0"/>
</pin_list>
<bind>
<opcode="load(27) " fcode="load"/>
<opset="m_1/1 "/>
</bind>
</comp>

<comp id="110" class="1004" name="zext_ln387_fu_110">
<pin_list>
<pin id="111" dir="0" index="0" bw="12" slack="0"/>
<pin id="112" dir="1" index="1" bw="13" slack="0"/>
</pin_list>
<bind>
<opcode="zext(34) " fcode="zext"/>
<opset="zext_ln387/1 "/>
</bind>
</comp>

<comp id="114" class="1004" name="icmp_ln387_fu_114">
<pin_list>
<pin id="115" dir="0" index="0" bw="12" slack="0"/>
<pin id="116" dir="0" index="1" bw="13" slack="0"/>
<pin id="117" dir="1" index="2" bw="1" slack="1"/>
</pin_list>
<bind>
<opcode="icmp(45) " fcode="icmp"/>
<opset="icmp_ln387/1 "/>
</bind>
</comp>

<comp id="120" class="1004" name="add_ln387_fu_120">
<pin_list>
<pin id="121" dir="0" index="0" bw="12" slack="0"/>
<pin id="122" dir="0" index="1" bw="1" slack="0"/>
<pin id="123" dir="1" index="2" bw="12" slack="0"/>
</pin_list>
<bind>
<opcode="add(8) " fcode="add"/>
<opset="add_ln387/1 "/>
</bind>
</comp>

<comp id="126" class="1004" name="store_ln387_store_fu_126">
<pin_list>
<pin id="127" dir="0" index="0" bw="12" slack="0"/>
<pin id="128" dir="0" index="1" bw="12" slack="0"/>
<pin id="129" dir="1" index="2" bw="0" slack="2147483647"/>
</pin_list>
<bind>
<opcode="store(28) " fcode="store"/>
<opset="store_ln387/1 "/>
</bind>
</comp>

<comp id="131" class="1004" name="gmem_in_addr_fu_131">
<pin_list>
<pin id="132" dir="0" index="0" bw="256" slack="0"/>
<pin id="133" dir="0" index="1" bw="59" slack="1"/>
<pin id="134" dir="1" index="2" bw="256" slack="0"/>
</pin_list>
<bind>
<opcode="getelementptr(29) " fcode="getelementptr"/>
<opset="gmem_in_addr/2 "/>
</bind>
</comp>

<comp id="137" class="1004" name="zext_ln387_1_fu_137">
<pin_list>
<pin id="138" dir="0" index="0" bw="12" slack="2"/>
<pin id="139" dir="1" index="1" bw="64" slack="0"/>
</pin_list>
<bind>
<opcode="zext(34) " fcode="zext"/>
<opset="zext_ln387_1/3 "/>
</bind>
</comp>

<comp id="141" class="1005" name="m_reg_141">
<pin_list>
<pin id="142" dir="0" index="0" bw="12" slack="0"/>
<pin id="143" dir="1" index="1" bw="12" slack="0"/>
</pin_list>
<bind>
<opset="m "/>
</bind>
</comp>

<comp id="148" class="1005" name="sext_ln387_cast_reg_148">
<pin_list>
<pin id="149" dir="0" index="0" bw="64" slack="1"/>
<pin id="150" dir="1" index="1" bw="64" slack="1"/>
</pin_list>
<bind>
<opset="sext_ln387_cast "/>
</bind>
</comp>

<comp id="153" class="1005" name="m_1_reg_153">
<pin_list>
<pin id="154" dir="0" index="0" bw="12" slack="2"/>
<pin id="155" dir="1" index="1" bw="12" slack="2"/>
</pin_list>
<bind>
<opset="m_1 "/>
</bind>
</comp>

<comp id="158" class="1005" name="icmp_ln387_reg_158">
<pin_list>
<pin id="159" dir="0" index="0" bw="1" slack="1"/>
<pin id="160" dir="1" index="1" bw="1" slack="2147483647"/>
</pin_list>
<bind>
<opset="icmp_ln387 "/>
</bind>
</comp>

<comp id="162" class="1005" name="gmem_in_addr_read_reg_162">
<pin_list>
<pin id="163" dir="0" index="0" bw="256" slack="1"/>
<pin id="164" dir="1" index="1" bw="256" slack="1"/>
</pin_list>
<bind>
<opset="gmem_in_addr_read "/>
</bind>
</comp>

</comp_list>

<net_list>
<net id="67"><net_src comp="8" pin="0"/><net_sink comp="64" pin=0"/></net>

<net id="72"><net_src comp="10" pin="0"/><net_sink comp="68" pin=0"/></net>

<net id="73"><net_src comp="4" pin="0"/><net_sink comp="68" pin=1"/></net>

<net id="78"><net_src comp="12" pin="0"/><net_sink comp="74" pin=0"/></net>

<net id="79"><net_src comp="2" pin="0"/><net_sink comp="74" pin=1"/></net>

<net id="84"><net_src comp="46" pin="0"/><net_sink comp="80" pin=0"/></net>

<net id="90"><net_src comp="6" pin="0"/><net_sink comp="85" pin=0"/></net>

<net id="91"><net_src comp="62" pin="0"/><net_sink comp="85" pin=1"/></net>

<net id="97"><net_src comp="85" pin="3"/><net_sink comp="92" pin=0"/></net>

<net id="101"><net_src comp="68" pin="2"/><net_sink comp="98" pin=0"/></net>

<net id="106"><net_src comp="40" pin="0"/><net_sink comp="102" pin=0"/></net>

<net id="113"><net_src comp="107" pin="1"/><net_sink comp="110" pin=0"/></net>

<net id="118"><net_src comp="110" pin="1"/><net_sink comp="114" pin=0"/></net>

<net id="119"><net_src comp="74" pin="2"/><net_sink comp="114" pin=1"/></net>

<net id="124"><net_src comp="107" pin="1"/><net_sink comp="120" pin=0"/></net>

<net id="125"><net_src comp="44" pin="0"/><net_sink comp="120" pin=1"/></net>

<net id="130"><net_src comp="120" pin="2"/><net_sink comp="126" pin=0"/></net>

<net id="135"><net_src comp="0" pin="0"/><net_sink comp="131" pin=0"/></net>

<net id="136"><net_src comp="131" pin="2"/><net_sink comp="80" pin=1"/></net>

<net id="140"><net_src comp="137" pin="1"/><net_sink comp="85" pin=2"/></net>

<net id="144"><net_src comp="64" pin="1"/><net_sink comp="141" pin=0"/></net>

<net id="145"><net_src comp="141" pin="1"/><net_sink comp="102" pin=1"/></net>

<net id="146"><net_src comp="141" pin="1"/><net_sink comp="107" pin=0"/></net>

<net id="147"><net_src comp="141" pin="1"/><net_sink comp="126" pin=1"/></net>

<net id="151"><net_src comp="98" pin="1"/><net_sink comp="148" pin=0"/></net>

<net id="152"><net_src comp="148" pin="1"/><net_sink comp="131" pin=1"/></net>

<net id="156"><net_src comp="107" pin="1"/><net_sink comp="153" pin=0"/></net>

<net id="157"><net_src comp="153" pin="1"/><net_sink comp="137" pin=0"/></net>

<net id="161"><net_src comp="114" pin="2"/><net_sink comp="158" pin=0"/></net>

<net id="165"><net_src comp="80" pin="2"/><net_sink comp="162" pin=0"/></net>

<net id="166"><net_src comp="162" pin="1"/><net_sink comp="92" pin=1"/></net>

</net_list>

</model> 
---------------- Datapath Model END ------------------

* FSMD analyzer results:
  - Output states:
	Port: x_buf | {3 }
 - Input state : 
	Port: upconv_core_top_Pipeline_LOAD_ROW0 : gmem_in | {2 }
	Port: upconv_core_top_Pipeline_LOAD_ROW0 : empty | {1 }
	Port: upconv_core_top_Pipeline_LOAD_ROW0 : sext_ln387 | {1 }
  - Chain level:
	State 1
		store_ln387 : 1
		m_1 : 1
		zext_ln387 : 2
		icmp_ln387 : 3
		add_ln387 : 2
		br_ln387 : 4
		store_ln387 : 3
	State 2
		gmem_in_addr_read : 1
	State 3
		x_buf_addr : 1
		store_ln390 : 2


============================================================
+ Verbose Summary: Datapath Resource usage 
============================================================

* Functional unit list:
|----------|------------------------------|---------|---------|
| Operation|        Functional Unit       |    FF   |   LUT   |
|----------|------------------------------|---------|---------|
|   icmp   |       icmp_ln387_fu_114      |    0    |    20   |
|----------|------------------------------|---------|---------|
|    add   |       add_ln387_fu_120       |    0    |    19   |
|----------|------------------------------|---------|---------|
|          |  sext_ln387_read_read_fu_68  |    0    |    0    |
|   read   |        tmp_read_fu_74        |    0    |    0    |
|          | gmem_in_addr_read_read_fu_80 |    0    |    0    |
|----------|------------------------------|---------|---------|
|   sext   |     sext_ln387_cast_fu_98    |    0    |    0    |
|----------|------------------------------|---------|---------|
|   zext   |       zext_ln387_fu_110      |    0    |    0    |
|          |      zext_ln387_1_fu_137     |    0    |    0    |
|----------|------------------------------|---------|---------|
|   Total  |                              |    0    |    39   |
|----------|------------------------------|---------|---------|

Memories:
N/A

* Register list:
+-------------------------+--------+
|                         |   FF   |
+-------------------------+--------+
|gmem_in_addr_read_reg_162|   256  |
|    icmp_ln387_reg_158   |    1   |
|       m_1_reg_153       |   12   |
|        m_reg_141        |   12   |
| sext_ln387_cast_reg_148 |   64   |
+-------------------------+--------+
|          Total          |   345  |
+-------------------------+--------+

* Multiplexer (MUX) list: 
|--------|------|------|------|--------|
|  Comp  |  Pin | Size |  BW  | S x BW |
|--------|------|------|------|--------|
|  Total |      |      |      |    0   |
|--------|------|------|------|--------|



* Summary:
+-----------+--------+--------+
|           |   FF   |   LUT  |
+-----------+--------+--------+
|  Function |    0   |   39   |
|   Memory  |    -   |    -   |
|Multiplexer|    -   |    -   |
|  Register |   345  |    -   |
+-----------+--------+--------+
|   Total   |   345  |   39   |
+-----------+--------+--------+
