

================================================================
== Vitis HLS Report for 'UpConv_Fused_Row_8_s'
================================================================
* Date:           Wed Jun  3 12:32:20 2026

* Version:        2024.2 (Build 5238294 on Nov  8 2024)
* Project:        upconv_core_top
* Solution:       hls (Vivado IP Flow Target)
* Product family: zynquplus
* Target device:  xczu7ev-ffvc1156-2-e


================================================================
== Performance Estimates
================================================================
+ Timing: 
    * Summary: 
    +--------+---------+----------+------------+
    |  Clock |  Target | Estimated| Uncertainty|
    +--------+---------+----------+------------+
    |ap_clk  |  3.33 ns|  2.433 ns|     0.90 ns|
    +--------+---------+----------+------------+

+ Latency: 
    * Summary: 
    +---------+---------+----------+-----------+------+---------+---------+
    |  Latency (cycles) |  Latency (absolute)  |    Interval    | Pipeline|
    |   min   |   max   |    min   |    max    |  min |   max   |   Type  |
    +---------+---------+----------+-----------+------+---------+---------+
    |     1855|  4508947|  6.183 us|  15.028 ms|  1855|  4508947|       no|
    +---------+---------+----------+-----------+------+---------+---------+

    + Detail: 
        * Instance: 
        N/A

        * Loop: 
        +--------------+---------+---------+------------+-----------+-----------+--------+----------+
        |              |  Latency (cycles) |  Iteration |  Initiation Interval  |  Trip  |          |
        |   Loop Name  |   min   |   max   |   Latency  |  achieved |   target  |  Count | Pipelined|
        +--------------+---------+---------+------------+-----------+-----------+--------+----------+
        |- TILE_LOOP   |      328|  4477980|  41 ~ 74633|          -|          -|  8 ~ 60|        no|
        | + PRELOAD_W  |       32|     4448|     4 ~ 556|          -|          -|       8|        no|
        | + KH_LOOP    |        6|    70182|   2 ~ 23394|          -|          -|       3|        no|
        |  ++ KW_LOOP  |      735|    23391|  245 ~ 7797|          -|          -|       3|        no|
        +--------------+---------+---------+------------+-----------+-----------+--------+----------+

============================================================
+ Verbose Summary: Synthesis Manager
============================================================
InlineROM: 1
ExposeGlobal: 0
============================================================
+ Verbose Summary: CDFG Model
============================================================
IsTopModel: 0
ResetActiveHigh: 1
IsCombinational: 0
IsDatapathOnly: 0
HasWiredReturn: 1
HasMFsm: 0
HasVarLatency: 1
IsPipeline: 0
IsRtlPipelined: 0
IsInstanceOverlapped: 0
IsDontTouch: 0
HasImplIP: 0
IsGatedGlobalClock: 0


============================================================
+ Verbose Summary: Schedule
============================================================
* Number of FSM states : 27
* Pipeline : 0
* Dataflow Pipeline: 0

* FSM state transitions: 
1 --> 2 
2 --> 3 
3 --> 4 
4 --> 23 5 
5 --> 6 18 
6 --> 7 
7 --> 8 17 
8 --> 9 
9 --> 10 
10 --> 11 
11 --> 12 
12 --> 13 
13 --> 14 
14 --> 15 
15 --> 16 
16 --> 17 
17 --> 5 
18 --> 20 19 4 
19 --> 20 
20 --> 21 18 
21 --> 22 
22 --> 20 
23 --> 24 
24 --> 25 
25 --> 26 
26 --> 27 
27 --> 

* FSM state operations: 

State 1 <SV = 0> <Delay = 2.42>
ST_1 : Operation 28 [1/1] (0.00ns)   --->   "%tile = alloca i32 1" [../gen/UpConv_Unified.tpp:108->../gen/UpConv_Unified.tpp:349]   --->   Operation 28 'alloca' 'tile' <Predicate = true> <Delay = 0.00>
ST_1 : Operation 29 [1/1] (0.00ns)   --->   "%C_OUT_read = read i9 @_ssdm_op_Read.ap_auto.i9, i9 %C_OUT"   --->   Operation 29 'read' 'C_OUT_read' <Predicate = true> <Delay = 0.00>
ST_1 : Operation 30 [1/1] (0.00ns)   --->   "%W_IN_read = read i8 @_ssdm_op_Read.ap_auto.i8, i8 %W_IN"   --->   Operation 30 'read' 'W_IN_read' <Predicate = true> <Delay = 0.00>
ST_1 : Operation 31 [1/1] (0.00ns)   --->   "%w_local = alloca i64 1" [../gen/UpConv_Unified.tpp:331]   --->   Operation 31 'alloca' 'w_local' <Predicate = true> <Delay = 0.00> <CoreInst = "RAM_T2P_BRAM">   --->   Core 98 'RAM_T2P_BRAM' <Latency = 2> <II = 1> <Delay = 1.23> <Storage> <Opcode : 'load' 'store'> <Ports = 2> <Width = 256> <Depth = 540> <RAM>
ST_1 : Operation 32 [1/1] (0.00ns)   --->   "%w_local_1 = alloca i64 1" [../gen/UpConv_Unified.tpp:331]   --->   Operation 32 'alloca' 'w_local_1' <Predicate = true> <Delay = 0.00> <CoreInst = "RAM_T2P_BRAM">   --->   Core 98 'RAM_T2P_BRAM' <Latency = 2> <II = 1> <Delay = 1.23> <Storage> <Opcode : 'load' 'store'> <Ports = 2> <Width = 256> <Depth = 540> <RAM>
ST_1 : Operation 33 [1/1] (0.00ns)   --->   "%w_local_2 = alloca i64 1" [../gen/UpConv_Unified.tpp:331]   --->   Operation 33 'alloca' 'w_local_2' <Predicate = true> <Delay = 0.00> <CoreInst = "RAM_T2P_BRAM">   --->   Core 98 'RAM_T2P_BRAM' <Latency = 2> <II = 1> <Delay = 1.23> <Storage> <Opcode : 'load' 'store'> <Ports = 2> <Width = 256> <Depth = 540> <RAM>
ST_1 : Operation 34 [1/1] (0.00ns)   --->   "%w_local_3 = alloca i64 1" [../gen/UpConv_Unified.tpp:331]   --->   Operation 34 'alloca' 'w_local_3' <Predicate = true> <Delay = 0.00> <CoreInst = "RAM_T2P_BRAM">   --->   Core 98 'RAM_T2P_BRAM' <Latency = 2> <II = 1> <Delay = 1.23> <Storage> <Opcode : 'load' 'store'> <Ports = 2> <Width = 256> <Depth = 540> <RAM>
ST_1 : Operation 35 [1/1] (0.00ns)   --->   "%w_local_4 = alloca i64 1" [../gen/UpConv_Unified.tpp:331]   --->   Operation 35 'alloca' 'w_local_4' <Predicate = true> <Delay = 0.00> <CoreInst = "RAM_T2P_BRAM">   --->   Core 98 'RAM_T2P_BRAM' <Latency = 2> <II = 1> <Delay = 1.23> <Storage> <Opcode : 'load' 'store'> <Ports = 2> <Width = 256> <Depth = 540> <RAM>
ST_1 : Operation 36 [1/1] (0.00ns)   --->   "%w_local_5 = alloca i64 1" [../gen/UpConv_Unified.tpp:331]   --->   Operation 36 'alloca' 'w_local_5' <Predicate = true> <Delay = 0.00> <CoreInst = "RAM_T2P_BRAM">   --->   Core 98 'RAM_T2P_BRAM' <Latency = 2> <II = 1> <Delay = 1.23> <Storage> <Opcode : 'load' 'store'> <Ports = 2> <Width = 256> <Depth = 540> <RAM>
ST_1 : Operation 37 [1/1] (0.00ns)   --->   "%w_local_6 = alloca i64 1" [../gen/UpConv_Unified.tpp:331]   --->   Operation 37 'alloca' 'w_local_6' <Predicate = true> <Delay = 0.00> <CoreInst = "RAM_T2P_BRAM">   --->   Core 98 'RAM_T2P_BRAM' <Latency = 2> <II = 1> <Delay = 1.23> <Storage> <Opcode : 'load' 'store'> <Ports = 2> <Width = 256> <Depth = 540> <RAM>
ST_1 : Operation 38 [1/1] (0.00ns)   --->   "%w_local_7 = alloca i64 1" [../gen/UpConv_Unified.tpp:331]   --->   Operation 38 'alloca' 'w_local_7' <Predicate = true> <Delay = 0.00> <CoreInst = "RAM_T2P_BRAM">   --->   Core 98 'RAM_T2P_BRAM' <Latency = 2> <II = 1> <Delay = 1.23> <Storage> <Opcode : 'load' 'store'> <Ports = 2> <Width = 256> <Depth = 540> <RAM>
ST_1 : Operation 39 [1/1] (0.77ns)   --->   "%add_ln317 = add i9 %C_OUT_read, i9 15" [../gen/UpConv_Unified.tpp:317]   --->   Operation 39 'add' 'add_ln317' <Predicate = true> <Delay = 0.77> <CoreInst = "Adder">   --->   Core 1 'Adder' <Latency = 0> <II = 1> <Delay = 0.77> <FuncUnit> <Opcode : 'add' 'sub'> <InPorts = 2> <OutPorts = 1>
ST_1 : Operation 40 [1/1] (0.00ns)   --->   "%C_WORDS_OUT = partselect i5 @_ssdm_op_PartSelect.i5.i9.i32.i32, i9 %add_ln317, i32 4, i32 8" [../gen/UpConv_Unified.tpp:317]   --->   Operation 40 'partselect' 'C_WORDS_OUT' <Predicate = true> <Delay = 0.00>
ST_1 : Operation 41 [1/1] (0.00ns)   --->   "%zext_ln71 = zext i5 %C_WORDS_OUT" [../gen/UpConv_Unified.tpp:71->../gen/UpConv_Unified.tpp:344]   --->   Operation 41 'zext' 'zext_ln71' <Predicate = true> <Delay = 0.00>
ST_1 : Operation 42 [1/1] (0.00ns)   --->   "%zext_ln71_1 = zext i8 %W_IN_read" [../gen/UpConv_Unified.tpp:71->../gen/UpConv_Unified.tpp:344]   --->   Operation 42 'zext' 'zext_ln71_1' <Predicate = true> <Delay = 0.00>
ST_1 : Operation 43 [1/1] (1.65ns)   --->   "%mul_ln71 = mul i12 %zext_ln71_1, i12 %zext_ln71" [../gen/UpConv_Unified.tpp:71->../gen/UpConv_Unified.tpp:344]   --->   Operation 43 'mul' 'mul_ln71' <Predicate = true> <Delay = 1.65> <CoreInst = "Multiplier">   --->   Core 3 'Multiplier' <Latency = 0> <II = 1> <Delay = 1.65> <FuncUnit> <Opcode : 'mul'> <InPorts = 2> <OutPorts = 1>
ST_1 : Operation 44 [1/1] (0.42ns)   --->   "%store_ln108 = store i6 0, i6 %tile" [../gen/UpConv_Unified.tpp:108->../gen/UpConv_Unified.tpp:349]   --->   Operation 44 'store' 'store_ln108' <Predicate = true> <Delay = 0.42>

State 2 <SV = 1> <Delay = 2.03>
ST_2 : Operation 45 [1/1] (0.00ns)   --->   "%C_IN_read = read i10 @_ssdm_op_Read.ap_auto.i10, i10 %C_IN"   --->   Operation 45 'read' 'C_IN_read' <Predicate = true> <Delay = 0.00>
ST_2 : Operation 46 [1/1] (0.78ns)   --->   "%add_ln316 = add i10 %C_IN_read, i10 15" [../gen/UpConv_Unified.tpp:316]   --->   Operation 46 'add' 'add_ln316' <Predicate = true> <Delay = 0.78> <CoreInst = "Adder">   --->   Core 1 'Adder' <Latency = 0> <II = 1> <Delay = 0.78> <FuncUnit> <Opcode : 'add' 'sub'> <InPorts = 2> <OutPorts = 1>
ST_2 : Operation 47 [1/1] (0.00ns)   --->   "%CI_WORDS = partselect i6 @_ssdm_op_PartSelect.i6.i10.i32.i32, i10 %add_ln316, i32 4, i32 9" [../gen/UpConv_Unified.tpp:316]   --->   Operation 47 'partselect' 'CI_WORDS' <Predicate = true> <Delay = 0.00>
ST_2 : Operation 48 [1/1] (0.78ns)   --->   "%sub_i = add i5 %C_WORDS_OUT, i5 31" [../gen/UpConv_Unified.tpp:317]   --->   Operation 48 'add' 'sub_i' <Predicate = true> <Delay = 0.78> <CoreInst = "Adder">   --->   Core 1 'Adder' <Latency = 0> <II = 1> <Delay = 0.78> <FuncUnit> <Opcode : 'add' 'sub'> <InPorts = 2> <OutPorts = 1>
ST_2 : Operation 49 [1/1] (0.00ns)   --->   "%shl_ln = bitconcatenate i13 @_ssdm_op_BitConcatenate.i13.i12.i1, i12 %mul_ln71, i1 0" [../gen/UpConv_Unified.tpp:71->../gen/UpConv_Unified.tpp:344]   --->   Operation 49 'bitconcatenate' 'shl_ln' <Predicate = true> <Delay = 0.00>
ST_2 : Operation 50 [2/2] (1.24ns)   --->   "%call_ln71 = call void @UpConv_Fused_Row<8>_Pipeline_RESET_ROW_ACC, i13 %shl_ln, i5 %sub_i, i16 %void_UpConv_Fused_Row_ap_uint_ap_uint_const_ap_uint_const_30_ap_uint_cons_9, i16 %void_UpConv_Fused_Row_ap_uint_ap_uint_const_ap_uint_const_30_ap_uint_cons_8, i16 %void_UpConv_Fused_Row_ap_uint_ap_uint_const_ap_uint_const_30_ap_uint_cons_7, i16 %void_UpConv_Fused_Row_ap_uint_ap_uint_const_ap_uint_const_30_ap_uint_cons_6, i16 %void_UpConv_Fused_Row_ap_uint_ap_uint_const_ap_uint_const_30_ap_uint_cons_5, i16 %void_UpConv_Fused_Row_ap_uint_ap_uint_const_ap_uint_const_30_ap_uint_cons_4, i16 %void_UpConv_Fused_Row_ap_uint_ap_uint_const_ap_uint_const_30_ap_uint_cons_3, i16 %void_UpConv_Fused_Row_ap_uint_ap_uint_const_ap_uint_const_30_ap_uint_cons_2, i16 %void_UpConv_Fused_Row_ap_uint_ap_uint_const_ap_uint_const_30_ap_uint_cons_1, i16 %void_UpConv_Fused_Row_ap_uint_ap_uint_const_ap_uint_const_30_ap_uint_cons, i16 %p_ZZ16UpConv_Fused_RowILi8EEvP7ap_uintILi256EEPKS1_RA30_S3_S6_S6_S2_DhfiiiiiE7row_5, i16 %p_ZZ16UpConv_Fused_RowILi8EEvP7ap_uintILi256EEPKS1_RA30_S3_S6_S6_S2_DhfiiiiiE7row_4, i16 %p_ZZ16UpConv_Fused_RowILi8EEvP7ap_uintILi256EEPKS1_RA30_S3_S6_S6_S2_DhfiiiiiE7row_3, i16 %p_ZZ16UpConv_Fused_RowILi8EEvP7ap_uintILi256EEPKS1_RA30_S3_S6_S6_S2_DhfiiiiiE7row_2, i16 %p_ZZ16UpConv_Fused_RowILi8EEvP7ap_uintILi256EEPKS1_RA30_S3_S6_S6_S2_DhfiiiiiE7row_1, i16 %p_ZZ16UpConv_Fused_RowILi8EEvP7ap_uintILi256EEPKS1_RA30_S3_S6_S6_S2_DhfiiiiiE7row" [../gen/UpConv_Unified.tpp:71->../gen/UpConv_Unified.tpp:344]   --->   Operation 50 'call' 'call_ln71' <Predicate = true> <Delay = 1.24> <CoreType = "Generic">   --->   Generic Core

State 3 <SV = 2> <Delay = 1.67>
ST_3 : Operation 51 [1/1] (0.00ns)   --->   "%H_IN_read = read i8 @_ssdm_op_Read.ap_auto.i8, i8 %H_IN"   --->   Operation 51 'read' 'H_IN_read' <Predicate = true> <Delay = 0.00>
ST_3 : Operation 52 [1/1] (0.00ns)   --->   "%ho_read = read i8 @_ssdm_op_Read.ap_auto.i8, i8 %ho"   --->   Operation 52 'read' 'ho_read' <Predicate = true> <Delay = 0.00>
ST_3 : Operation 53 [1/1] (0.00ns)   --->   "%inv_C_OUT_read = read i32 @_ssdm_op_Read.ap_auto.float, i32 %inv_C_OUT"   --->   Operation 53 'read' 'inv_C_OUT_read' <Predicate = true> <Delay = 0.00>
ST_3 : Operation 54 [1/1] (0.00ns)   --->   "%epsilon_read = read i16 @_ssdm_op_Read.ap_auto.half, i16 %epsilon"   --->   Operation 54 'read' 'epsilon_read' <Predicate = true> <Delay = 0.00>
ST_3 : Operation 55 [1/1] (0.00ns)   --->   "%Y_read = read i64 @_ssdm_op_Read.ap_auto.i64, i64 %Y"   --->   Operation 55 'read' 'Y_read' <Predicate = true> <Delay = 0.00>
ST_3 : Operation 56 [1/1] (0.00ns)   --->   "%W_ptr_read = read i64 @_ssdm_op_Read.ap_auto.i64, i64 %W_ptr"   --->   Operation 56 'read' 'W_ptr_read' <Predicate = true> <Delay = 0.00>
ST_3 : Operation 57 [1/1] (0.00ns)   --->   "%H_IN_cast = zext i8 %H_IN_read"   --->   Operation 57 'zext' 'H_IN_cast' <Predicate = true> <Delay = 0.00>
ST_3 : Operation 58 [1/1] (0.00ns)   --->   "%ho_cast7 = zext i8 %ho_read"   --->   Operation 58 'zext' 'ho_cast7' <Predicate = true> <Delay = 0.00>
ST_3 : Operation 59 [1/1] (0.00ns)   --->   "%W_IN_cast6 = zext i8 %W_IN_read"   --->   Operation 59 'zext' 'W_IN_cast6' <Predicate = true> <Delay = 0.00>
ST_3 : Operation 60 [1/1] (0.00ns)   --->   "%zext_ln221 = zext i8 %W_IN_read" [../gen/UpConv_Unified.tpp:221->../gen/UpConv_Unified.tpp:352]   --->   Operation 60 'zext' 'zext_ln221' <Predicate = true> <Delay = 0.00>
ST_3 : Operation 61 [1/1] (0.00ns)   --->   "%zext_ln221_1 = zext i9 %C_OUT_read" [../gen/UpConv_Unified.tpp:221->../gen/UpConv_Unified.tpp:352]   --->   Operation 61 'zext' 'zext_ln221_1' <Predicate = true> <Delay = 0.00>
ST_3 : Operation 62 [1/1] (0.00ns)   --->   "%ho_cast = zext i8 %ho_read"   --->   Operation 62 'zext' 'ho_cast' <Predicate = true> <Delay = 0.00>
ST_3 : Operation 63 [1/1] (0.00ns)   --->   "%specmemcore_ln0 = specmemcore void @_ssdm_op_SpecMemCore, i256 %be_buf, i64 666, i64 30, i64 18446744073709551615"   --->   Operation 63 'specmemcore' 'specmemcore_ln0' <Predicate = true> <Delay = 0.00>
ST_3 : Operation 64 [1/1] (0.00ns)   --->   "%specmemcore_ln0 = specmemcore void @_ssdm_op_SpecMemCore, i256 %g_buf, i64 666, i64 30, i64 18446744073709551615"   --->   Operation 64 'specmemcore' 'specmemcore_ln0' <Predicate = true> <Delay = 0.00>
ST_3 : Operation 65 [1/1] (0.00ns)   --->   "%specmemcore_ln0 = specmemcore void @_ssdm_op_SpecMemCore, i256 %b_buf, i64 666, i64 30, i64 18446744073709551615"   --->   Operation 65 'specmemcore' 'specmemcore_ln0' <Predicate = true> <Delay = 0.00>
ST_3 : Operation 66 [1/1] (0.00ns)   --->   "%specmemcore_ln0 = specmemcore void @_ssdm_op_SpecMemCore, i256 %x_buf, i64 666, i64 31, i64 18446744073709551615"   --->   Operation 66 'specmemcore' 'specmemcore_ln0' <Predicate = true> <Delay = 0.00>
ST_3 : Operation 67 [1/1] (0.00ns)   --->   "%specinterface_ln0 = specinterface void @_ssdm_op_SpecInterface, i256 %gmem_out, void @empty_30, i32 0, i32 0, void @empty_29, i32 0, i32 0, void @empty_3, void @empty_10, void @empty_29, i32 16, i32 16, i32 16, i32 64, void @empty_29, void @empty_29, i32 4294967295, i32 0, i32 0"   --->   Operation 67 'specinterface' 'specinterface_ln0' <Predicate = true> <Delay = 0.00>
ST_3 : Operation 68 [1/1] (0.00ns)   --->   "%specinterface_ln0 = specinterface void @_ssdm_op_SpecInterface, i256 %gmem_weight, void @empty_30, i32 0, i32 0, void @empty_29, i32 0, i32 0, void @empty_14, void @empty_10, void @empty_29, i32 16, i32 16, i32 64, i32 16, void @empty_29, void @empty_29, i32 4294967295, i32 0, i32 0"   --->   Operation 68 'specinterface' 'specinterface_ln0' <Predicate = true> <Delay = 0.00>
ST_3 : Operation 69 [1/1] (0.00ns)   --->   "%W_OUT = bitconcatenate i9 @_ssdm_op_BitConcatenate.i9.i8.i1, i8 %W_IN_read, i1 0" [../gen/UpConv_Unified.tpp:315]   --->   Operation 69 'bitconcatenate' 'W_OUT' <Predicate = true> <Delay = 0.00>
ST_3 : Operation 70 [1/1] (0.00ns)   --->   "%zext_ln316 = zext i6 %CI_WORDS" [../gen/UpConv_Unified.tpp:316]   --->   Operation 70 'zext' 'zext_ln316' <Predicate = true> <Delay = 0.00>
ST_3 : Operation 71 [1/1] (0.77ns)   --->   "%add_ln318 = add i9 %C_OUT_read, i9 7" [../gen/UpConv_Unified.tpp:318]   --->   Operation 71 'add' 'add_ln318' <Predicate = true> <Delay = 0.77> <CoreInst = "Adder">   --->   Core 1 'Adder' <Latency = 0> <II = 1> <Delay = 0.77> <FuncUnit> <Opcode : 'add' 'sub'> <InPorts = 2> <OutPorts = 1>
ST_3 : Operation 72 [1/1] (0.00ns)   --->   "%trunc_ln = partselect i6 @_ssdm_op_PartSelect.i6.i9.i32.i32, i9 %add_ln318, i32 3, i32 8" [../gen/UpConv_Unified.tpp:318]   --->   Operation 72 'partselect' 'trunc_ln' <Predicate = true> <Delay = 0.00>
ST_3 : Operation 73 [1/1] (0.00ns)   --->   "%specmemcore_ln324 = specmemcore void @_ssdm_op_SpecMemCore, i16 %p_ZZ16UpConv_Fused_RowILi8EEvP7ap_uintILi256EEPKS1_RA30_S3_S6_S6_S2_DhfiiiiiE7row, i64 666, i64 31, i64 18446744073709551615" [../gen/UpConv_Unified.tpp:324]   --->   Operation 73 'specmemcore' 'specmemcore_ln324' <Predicate = true> <Delay = 0.00>
ST_3 : Operation 74 [1/1] (0.00ns)   --->   "%specmemcore_ln324 = specmemcore void @_ssdm_op_SpecMemCore, i16 %p_ZZ16UpConv_Fused_RowILi8EEvP7ap_uintILi256EEPKS1_RA30_S3_S6_S6_S2_DhfiiiiiE7row_1, i64 666, i64 31, i64 18446744073709551615" [../gen/UpConv_Unified.tpp:324]   --->   Operation 74 'specmemcore' 'specmemcore_ln324' <Predicate = true> <Delay = 0.00>
ST_3 : Operation 75 [1/1] (0.00ns)   --->   "%specmemcore_ln324 = specmemcore void @_ssdm_op_SpecMemCore, i16 %p_ZZ16UpConv_Fused_RowILi8EEvP7ap_uintILi256EEPKS1_RA30_S3_S6_S6_S2_DhfiiiiiE7row_2, i64 666, i64 31, i64 18446744073709551615" [../gen/UpConv_Unified.tpp:324]   --->   Operation 75 'specmemcore' 'specmemcore_ln324' <Predicate = true> <Delay = 0.00>
ST_3 : Operation 76 [1/1] (0.00ns)   --->   "%specmemcore_ln324 = specmemcore void @_ssdm_op_SpecMemCore, i16 %p_ZZ16UpConv_Fused_RowILi8EEvP7ap_uintILi256EEPKS1_RA30_S3_S6_S6_S2_DhfiiiiiE7row_3, i64 666, i64 31, i64 18446744073709551615" [../gen/UpConv_Unified.tpp:324]   --->   Operation 76 'specmemcore' 'specmemcore_ln324' <Predicate = true> <Delay = 0.00>
ST_3 : Operation 77 [1/1] (0.00ns)   --->   "%specmemcore_ln324 = specmemcore void @_ssdm_op_SpecMemCore, i16 %p_ZZ16UpConv_Fused_RowILi8EEvP7ap_uintILi256EEPKS1_RA30_S3_S6_S6_S2_DhfiiiiiE7row_4, i64 666, i64 31, i64 18446744073709551615" [../gen/UpConv_Unified.tpp:324]   --->   Operation 77 'specmemcore' 'specmemcore_ln324' <Predicate = true> <Delay = 0.00>
ST_3 : Operation 78 [1/1] (0.00ns)   --->   "%specmemcore_ln324 = specmemcore void @_ssdm_op_SpecMemCore, i16 %p_ZZ16UpConv_Fused_RowILi8EEvP7ap_uintILi256EEPKS1_RA30_S3_S6_S6_S2_DhfiiiiiE7row_5, i64 666, i64 31, i64 18446744073709551615" [../gen/UpConv_Unified.tpp:324]   --->   Operation 78 'specmemcore' 'specmemcore_ln324' <Predicate = true> <Delay = 0.00>
ST_3 : Operation 79 [1/1] (0.00ns)   --->   "%specmemcore_ln324 = specmemcore void @_ssdm_op_SpecMemCore, i16 %void_UpConv_Fused_Row_ap_uint_ap_uint_const_ap_uint_const_30_ap_uint_cons, i64 666, i64 31, i64 18446744073709551615" [../gen/UpConv_Unified.tpp:324]   --->   Operation 79 'specmemcore' 'specmemcore_ln324' <Predicate = true> <Delay = 0.00>
ST_3 : Operation 80 [1/1] (0.00ns)   --->   "%specmemcore_ln324 = specmemcore void @_ssdm_op_SpecMemCore, i16 %void_UpConv_Fused_Row_ap_uint_ap_uint_const_ap_uint_const_30_ap_uint_cons_1, i64 666, i64 31, i64 18446744073709551615" [../gen/UpConv_Unified.tpp:324]   --->   Operation 80 'specmemcore' 'specmemcore_ln324' <Predicate = true> <Delay = 0.00>
ST_3 : Operation 81 [1/1] (0.00ns)   --->   "%specmemcore_ln324 = specmemcore void @_ssdm_op_SpecMemCore, i16 %void_UpConv_Fused_Row_ap_uint_ap_uint_const_ap_uint_const_30_ap_uint_cons_2, i64 666, i64 31, i64 18446744073709551615" [../gen/UpConv_Unified.tpp:324]   --->   Operation 81 'specmemcore' 'specmemcore_ln324' <Predicate = true> <Delay = 0.00>
ST_3 : Operation 82 [1/1] (0.00ns)   --->   "%specmemcore_ln324 = specmemcore void @_ssdm_op_SpecMemCore, i16 %void_UpConv_Fused_Row_ap_uint_ap_uint_const_ap_uint_const_30_ap_uint_cons_3, i64 666, i64 31, i64 18446744073709551615" [../gen/UpConv_Unified.tpp:324]   --->   Operation 82 'specmemcore' 'specmemcore_ln324' <Predicate = true> <Delay = 0.00>
ST_3 : Operation 83 [1/1] (0.00ns)   --->   "%specmemcore_ln324 = specmemcore void @_ssdm_op_SpecMemCore, i16 %void_UpConv_Fused_Row_ap_uint_ap_uint_const_ap_uint_const_30_ap_uint_cons_4, i64 666, i64 31, i64 18446744073709551615" [../gen/UpConv_Unified.tpp:324]   --->   Operation 83 'specmemcore' 'specmemcore_ln324' <Predicate = true> <Delay = 0.00>
ST_3 : Operation 84 [1/1] (0.00ns)   --->   "%specmemcore_ln324 = specmemcore void @_ssdm_op_SpecMemCore, i16 %void_UpConv_Fused_Row_ap_uint_ap_uint_const_ap_uint_const_30_ap_uint_cons_5, i64 666, i64 31, i64 18446744073709551615" [../gen/UpConv_Unified.tpp:324]   --->   Operation 84 'specmemcore' 'specmemcore_ln324' <Predicate = true> <Delay = 0.00>
ST_3 : Operation 85 [1/1] (0.00ns)   --->   "%specmemcore_ln324 = specmemcore void @_ssdm_op_SpecMemCore, i16 %void_UpConv_Fused_Row_ap_uint_ap_uint_const_ap_uint_const_30_ap_uint_cons_6, i64 666, i64 31, i64 18446744073709551615" [../gen/UpConv_Unified.tpp:324]   --->   Operation 85 'specmemcore' 'specmemcore_ln324' <Predicate = true> <Delay = 0.00>
ST_3 : Operation 86 [1/1] (0.00ns)   --->   "%specmemcore_ln324 = specmemcore void @_ssdm_op_SpecMemCore, i16 %void_UpConv_Fused_Row_ap_uint_ap_uint_const_ap_uint_const_30_ap_uint_cons_7, i64 666, i64 31, i64 18446744073709551615" [../gen/UpConv_Unified.tpp:324]   --->   Operation 86 'specmemcore' 'specmemcore_ln324' <Predicate = true> <Delay = 0.00>
ST_3 : Operation 87 [1/1] (0.00ns)   --->   "%specmemcore_ln324 = specmemcore void @_ssdm_op_SpecMemCore, i16 %void_UpConv_Fused_Row_ap_uint_ap_uint_const_ap_uint_const_30_ap_uint_cons_8, i64 666, i64 31, i64 18446744073709551615" [../gen/UpConv_Unified.tpp:324]   --->   Operation 87 'specmemcore' 'specmemcore_ln324' <Predicate = true> <Delay = 0.00>
ST_3 : Operation 88 [1/1] (0.00ns)   --->   "%specmemcore_ln324 = specmemcore void @_ssdm_op_SpecMemCore, i16 %void_UpConv_Fused_Row_ap_uint_ap_uint_const_ap_uint_const_30_ap_uint_cons_9, i64 666, i64 31, i64 18446744073709551615" [../gen/UpConv_Unified.tpp:324]   --->   Operation 88 'specmemcore' 'specmemcore_ln324' <Predicate = true> <Delay = 0.00>
ST_3 : Operation 89 [1/1] (0.00ns)   --->   "%specmemcore_ln332 = specmemcore void @_ssdm_op_SpecMemCore, i256 %w_local_7, i64 666, i64 30, i64 2" [../gen/UpConv_Unified.tpp:332]   --->   Operation 89 'specmemcore' 'specmemcore_ln332' <Predicate = true> <Delay = 0.00>
ST_3 : Operation 90 [1/1] (0.00ns)   --->   "%specmemcore_ln332 = specmemcore void @_ssdm_op_SpecMemCore, i256 %w_local_6, i64 666, i64 30, i64 2" [../gen/UpConv_Unified.tpp:332]   --->   Operation 90 'specmemcore' 'specmemcore_ln332' <Predicate = true> <Delay = 0.00>
ST_3 : Operation 91 [1/1] (0.00ns)   --->   "%specmemcore_ln332 = specmemcore void @_ssdm_op_SpecMemCore, i256 %w_local_5, i64 666, i64 30, i64 2" [../gen/UpConv_Unified.tpp:332]   --->   Operation 91 'specmemcore' 'specmemcore_ln332' <Predicate = true> <Delay = 0.00>
ST_3 : Operation 92 [1/1] (0.00ns)   --->   "%specmemcore_ln332 = specmemcore void @_ssdm_op_SpecMemCore, i256 %w_local_4, i64 666, i64 30, i64 2" [../gen/UpConv_Unified.tpp:332]   --->   Operation 92 'specmemcore' 'specmemcore_ln332' <Predicate = true> <Delay = 0.00>
ST_3 : Operation 93 [1/1] (0.00ns)   --->   "%specmemcore_ln332 = specmemcore void @_ssdm_op_SpecMemCore, i256 %w_local_3, i64 666, i64 30, i64 2" [../gen/UpConv_Unified.tpp:332]   --->   Operation 93 'specmemcore' 'specmemcore_ln332' <Predicate = true> <Delay = 0.00>
ST_3 : Operation 94 [1/1] (0.00ns)   --->   "%specmemcore_ln332 = specmemcore void @_ssdm_op_SpecMemCore, i256 %w_local_2, i64 666, i64 30, i64 2" [../gen/UpConv_Unified.tpp:332]   --->   Operation 94 'specmemcore' 'specmemcore_ln332' <Predicate = true> <Delay = 0.00>
ST_3 : Operation 95 [1/1] (0.00ns)   --->   "%specmemcore_ln332 = specmemcore void @_ssdm_op_SpecMemCore, i256 %w_local_1, i64 666, i64 30, i64 2" [../gen/UpConv_Unified.tpp:332]   --->   Operation 95 'specmemcore' 'specmemcore_ln332' <Predicate = true> <Delay = 0.00>
ST_3 : Operation 96 [1/1] (0.00ns)   --->   "%specmemcore_ln332 = specmemcore void @_ssdm_op_SpecMemCore, i256 %w_local, i64 666, i64 30, i64 2" [../gen/UpConv_Unified.tpp:332]   --->   Operation 96 'specmemcore' 'specmemcore_ln332' <Predicate = true> <Delay = 0.00>
ST_3 : Operation 97 [1/1] (0.00ns)   --->   "%specmemcore_ln337 = specmemcore void @_ssdm_op_SpecMemCore, i32 %mean_buf, i64 666, i64 23, i64 18446744073709551615" [../gen/UpConv_Unified.tpp:337]   --->   Operation 97 'specmemcore' 'specmemcore_ln337' <Predicate = true> <Delay = 0.00>
ST_3 : Operation 98 [1/1] (0.00ns)   --->   "%specmemcore_ln338 = specmemcore void @_ssdm_op_SpecMemCore, i16 %inv_buf, i64 666, i64 23, i64 18446744073709551615" [../gen/UpConv_Unified.tpp:338]   --->   Operation 98 'specmemcore' 'specmemcore_ln338' <Predicate = true> <Delay = 0.00>
ST_3 : Operation 99 [1/2] (1.67ns)   --->   "%call_ln71 = call void @UpConv_Fused_Row<8>_Pipeline_RESET_ROW_ACC, i13 %shl_ln, i5 %sub_i, i16 %void_UpConv_Fused_Row_ap_uint_ap_uint_const_ap_uint_const_30_ap_uint_cons_9, i16 %void_UpConv_Fused_Row_ap_uint_ap_uint_const_ap_uint_const_30_ap_uint_cons_8, i16 %void_UpConv_Fused_Row_ap_uint_ap_uint_const_ap_uint_const_30_ap_uint_cons_7, i16 %void_UpConv_Fused_Row_ap_uint_ap_uint_const_ap_uint_const_30_ap_uint_cons_6, i16 %void_UpConv_Fused_Row_ap_uint_ap_uint_const_ap_uint_const_30_ap_uint_cons_5, i16 %void_UpConv_Fused_Row_ap_uint_ap_uint_const_ap_uint_const_30_ap_uint_cons_4, i16 %void_UpConv_Fused_Row_ap_uint_ap_uint_const_ap_uint_const_30_ap_uint_cons_3, i16 %void_UpConv_Fused_Row_ap_uint_ap_uint_const_ap_uint_const_30_ap_uint_cons_2, i16 %void_UpConv_Fused_Row_ap_uint_ap_uint_const_ap_uint_const_30_ap_uint_cons_1, i16 %void_UpConv_Fused_Row_ap_uint_ap_uint_const_ap_uint_const_30_ap_uint_cons, i16 %p_ZZ16UpConv_Fused_RowILi8EEvP7ap_uintILi256EEPKS1_RA30_S3_S6_S6_S2_DhfiiiiiE7row_5, i16 %p_ZZ16UpConv_Fused_RowILi8EEvP7ap_uintILi256EEPKS1_RA30_S3_S6_S6_S2_DhfiiiiiE7row_4, i16 %p_ZZ16UpConv_Fused_RowILi8EEvP7ap_uintILi256EEPKS1_RA30_S3_S6_S6_S2_DhfiiiiiE7row_3, i16 %p_ZZ16UpConv_Fused_RowILi8EEvP7ap_uintILi256EEPKS1_RA30_S3_S6_S6_S2_DhfiiiiiE7row_2, i16 %p_ZZ16UpConv_Fused_RowILi8EEvP7ap_uintILi256EEPKS1_RA30_S3_S6_S6_S2_DhfiiiiiE7row_1, i16 %p_ZZ16UpConv_Fused_RowILi8EEvP7ap_uintILi256EEPKS1_RA30_S3_S6_S6_S2_DhfiiiiiE7row" [../gen/UpConv_Unified.tpp:71->../gen/UpConv_Unified.tpp:344]   --->   Operation 99 'call' 'call_ln71' <Predicate = true> <Delay = 1.67> <CoreType = "Generic">   --->   Generic Core
ST_3 : Operation 100 [1/1] (0.00ns)   --->   "%tmp_6 = bitconcatenate i9 @_ssdm_op_BitConcatenate.i9.i6.i3, i6 %CI_WORDS, i3 0" [../gen/UpConv_Unified.tpp:316]   --->   Operation 100 'bitconcatenate' 'tmp_6' <Predicate = true> <Delay = 0.00>
ST_3 : Operation 101 [1/1] (0.00ns)   --->   "%p_shl588 = zext i9 %tmp_6" [../gen/UpConv_Unified.tpp:316]   --->   Operation 101 'zext' 'p_shl588' <Predicate = true> <Delay = 0.00>
ST_3 : Operation 102 [1/1] (0.77ns)   --->   "%mul5_i62 = add i10 %p_shl588, i10 %zext_ln316" [../gen/UpConv_Unified.tpp:316]   --->   Operation 102 'add' 'mul5_i62' <Predicate = true> <Delay = 0.77> <CoreInst = "Adder">   --->   Core 1 'Adder' <Latency = 0> <II = 1> <Delay = 0.77> <FuncUnit> <Opcode : 'add' 'sub'> <InPorts = 2> <OutPorts = 1>
ST_3 : Operation 103 [1/1] (0.76ns)   --->   "%add_i75 = add i9 %ho_cast, i9 1"   --->   Operation 103 'add' 'add_i75' <Predicate = true> <Delay = 0.76> <CoreInst = "Adder">   --->   Core 1 'Adder' <Latency = 0> <II = 1> <Delay = 0.76> <FuncUnit> <Opcode : 'add' 'sub'> <InPorts = 2> <OutPorts = 1>
ST_3 : Operation 104 [1/1] (0.00ns)   --->   "%add_i75_cast = zext i9 %add_i75"   --->   Operation 104 'zext' 'add_i75_cast' <Predicate = true> <Delay = 0.00>
ST_3 : Operation 105 [1/1] (0.78ns)   --->   "%sub64_i = add i6 %CI_WORDS, i6 63" [../gen/UpConv_Unified.tpp:316]   --->   Operation 105 'add' 'sub64_i' <Predicate = true> <Delay = 0.78> <CoreInst = "Adder">   --->   Core 1 'Adder' <Latency = 0> <II = 1> <Delay = 0.78> <FuncUnit> <Opcode : 'add' 'sub'> <InPorts = 2> <OutPorts = 1>
ST_3 : Operation 106 [1/1] (0.00ns)   --->   "%wide_trip_count = zext i10 %mul5_i62" [../gen/UpConv_Unified.tpp:316]   --->   Operation 106 'zext' 'wide_trip_count' <Predicate = true> <Delay = 0.00>
ST_3 : Operation 107 [1/1] (0.00ns)   --->   "%zext_ln346 = zext i6 %CI_WORDS" [../gen/UpConv_Unified.tpp:346]   --->   Operation 107 'zext' 'zext_ln346' <Predicate = true> <Delay = 0.00>
ST_3 : Operation 108 [1/1] (0.00ns)   --->   "%zext_ln346_1 = zext i8 %W_IN_read" [../gen/UpConv_Unified.tpp:346]   --->   Operation 108 'zext' 'zext_ln346_1' <Predicate = true> <Delay = 0.00>
ST_3 : Operation 109 [1/1] (1.65ns)   --->   "%mul_ln346_1 = mul i13 %zext_ln346, i13 %zext_ln346_1" [../gen/UpConv_Unified.tpp:346]   --->   Operation 109 'mul' 'mul_ln346_1' <Predicate = true> <Delay = 1.65> <CoreInst = "Multiplier">   --->   Core 3 'Multiplier' <Latency = 0> <II = 1> <Delay = 1.65> <FuncUnit> <Opcode : 'mul'> <InPorts = 2> <OutPorts = 1>
ST_3 : Operation 110 [1/1] (0.00ns)   --->   "%zext_ln90 = zext i6 %CI_WORDS" [../gen/UpConv_Unified.tpp:90->../gen/UpConv_Unified.tpp:348]   --->   Operation 110 'zext' 'zext_ln90' <Predicate = true> <Delay = 0.00>
ST_3 : Operation 111 [1/1] (0.00ns)   --->   "%CI_WORDS_cast = zext i6 %CI_WORDS" [../gen/UpConv_Unified.tpp:316]   --->   Operation 111 'zext' 'CI_WORDS_cast' <Predicate = true> <Delay = 0.00>
ST_3 : Operation 112 [1/1] (0.00ns)   --->   "%br_ln346 = br void %for.body" [../gen/UpConv_Unified.tpp:346]   --->   Operation 112 'br' 'br_ln346' <Predicate = true> <Delay = 0.00>

State 4 <SV = 3> <Delay = 1.74>
ST_4 : Operation 113 [1/1] (0.00ns)   --->   "%tile_1 = load i6 %tile" [../gen/UpConv_Unified.tpp:346]   --->   Operation 113 'load' 'tile_1' <Predicate = true> <Delay = 0.00>
ST_4 : Operation 114 [1/1] (0.78ns)   --->   "%icmp_ln346 = icmp_eq  i6 %tile_1, i6 %trunc_ln" [../gen/UpConv_Unified.tpp:346]   --->   Operation 114 'icmp' 'icmp_ln346' <Predicate = true> <Delay = 0.78> <CoreInst = "Cmp">   --->   Core 9 'Cmp' <Latency = 0> <II = 1> <Delay = 0.78> <FuncUnit> <Opcode : 'seteq' 'setne' 'setle' 'setge' 'setlt' 'setgt'> <InPorts = 2> <OutPorts = 1>
ST_4 : Operation 115 [1/1] (0.78ns)   --->   "%add_ln346 = add i6 %tile_1, i6 1" [../gen/UpConv_Unified.tpp:346]   --->   Operation 115 'add' 'add_ln346' <Predicate = true> <Delay = 0.78> <CoreInst = "Adder">   --->   Core 1 'Adder' <Latency = 0> <II = 1> <Delay = 0.78> <FuncUnit> <Opcode : 'add' 'sub'> <InPorts = 2> <OutPorts = 1>
ST_4 : Operation 116 [1/1] (0.00ns)   --->   "%br_ln346 = br i1 %icmp_ln346, void %for.body.split, void %for.end.loopexit" [../gen/UpConv_Unified.tpp:346]   --->   Operation 116 'br' 'br_ln346' <Predicate = true> <Delay = 0.00>
ST_4 : Operation 117 [1/1] (0.00ns)   --->   "%trunc_ln346 = trunc i6 %tile_1" [../gen/UpConv_Unified.tpp:346]   --->   Operation 117 'trunc' 'trunc_ln346' <Predicate = (!icmp_ln346)> <Delay = 0.00>
ST_4 : Operation 118 [1/1] (0.00ns)   --->   "%speclooptripcount_ln347 = speclooptripcount void @_ssdm_op_SpecLoopTripCount, i64 8, i64 60, i64 29" [../gen/UpConv_Unified.tpp:347]   --->   Operation 118 'speclooptripcount' 'speclooptripcount_ln347' <Predicate = (!icmp_ln346)> <Delay = 0.00>
ST_4 : Operation 119 [1/1] (0.00ns)   --->   "%specloopname_ln346 = specloopname void @_ssdm_op_SpecLoopName, void @empty_23" [../gen/UpConv_Unified.tpp:346]   --->   Operation 119 'specloopname' 'specloopname_ln346' <Predicate = (!icmp_ln346)> <Delay = 0.00>
ST_4 : Operation 120 [1/1] (0.00ns)   --->   "%tmp_7 = bitconcatenate i12 @_ssdm_op_BitConcatenate.i12.i6.i6, i6 %tile_1, i6 0" [../gen/UpConv_Unified.tpp:346]   --->   Operation 120 'bitconcatenate' 'tmp_7' <Predicate = (!icmp_ln346)> <Delay = 0.00>
ST_4 : Operation 121 [1/1] (0.00ns)   --->   "%zext_ln346_2 = zext i12 %tmp_7" [../gen/UpConv_Unified.tpp:346]   --->   Operation 121 'zext' 'zext_ln346_2' <Predicate = (!icmp_ln346)> <Delay = 0.00>
ST_4 : Operation 122 [1/1] (0.00ns)   --->   "%tmp_8 = bitconcatenate i9 @_ssdm_op_BitConcatenate.i9.i6.i3, i6 %tile_1, i3 0" [../gen/UpConv_Unified.tpp:346]   --->   Operation 122 'bitconcatenate' 'tmp_8' <Predicate = (!icmp_ln346)> <Delay = 0.00>
ST_4 : Operation 123 [1/1] (0.00ns)   --->   "%zext_ln346_3 = zext i9 %tmp_8" [../gen/UpConv_Unified.tpp:346]   --->   Operation 123 'zext' 'zext_ln346_3' <Predicate = (!icmp_ln346)> <Delay = 0.00>
ST_4 : Operation 124 [1/1] (0.80ns)   --->   "%add_ln346_1 = add i13 %zext_ln346_2, i13 %zext_ln346_3" [../gen/UpConv_Unified.tpp:346]   --->   Operation 124 'add' 'add_ln346_1' <Predicate = (!icmp_ln346)> <Delay = 0.80> <CoreInst = "Adder">   --->   Core 1 'Adder' <Latency = 0> <II = 1> <Delay = 0.80> <FuncUnit> <Opcode : 'add' 'sub'> <InPorts = 2> <OutPorts = 1>
ST_4 : Operation 125 [1/1] (0.42ns)   --->   "%br_ln90 = br void %for.body.i59" [../gen/UpConv_Unified.tpp:90->../gen/UpConv_Unified.tpp:348]   --->   Operation 125 'br' 'br_ln90' <Predicate = (!icmp_ln346)> <Delay = 0.42>
ST_4 : Operation 126 [2/2] (1.53ns)   --->   "%conv44_i = hptosp i16 %epsilon_read"   --->   Operation 126 'hptosp' 'conv44_i' <Predicate = (icmp_ln346)> <Delay = 1.53> <CoreInst = "Half2Float">   --->   Core 68 'Half2Float' <Latency = 1> <II = 1> <Delay = 1.53> <FuncUnit> <Opcode : 'hptosp'> <InPorts = 1> <OutPorts = 1>
ST_4 : Operation 127 [1/1] (1.74ns)   --->   "%mul_ln221 = mul i16 %zext_ln221_1, i16 %zext_ln221" [../gen/UpConv_Unified.tpp:221->../gen/UpConv_Unified.tpp:352]   --->   Operation 127 'mul' 'mul_ln221' <Predicate = (icmp_ln346)> <Delay = 1.74> <CoreInst = "Multiplier">   --->   Core 3 'Multiplier' <Latency = 0> <II = 1> <Delay = 1.74> <FuncUnit> <Opcode : 'mul'> <InPorts = 2> <OutPorts = 1>
ST_4 : Operation 128 [1/1] (1.65ns)   --->   "%mul44_i32 = mul i15 %W_IN_cast6, i15 %ho_cast7"   --->   Operation 128 'mul' 'mul44_i32' <Predicate = (icmp_ln346)> <Delay = 1.65> <CoreInst = "Multiplier">   --->   Core 3 'Multiplier' <Latency = 0> <II = 1> <Delay = 1.65> <FuncUnit> <Opcode : 'mul'> <InPorts = 2> <OutPorts = 1>

State 5 <SV = 4> <Delay = 1.59>
ST_5 : Operation 129 [1/1] (0.00ns)   --->   "%tc = phi i4 0, void %for.body.split, i4 %add_ln90_1, void %if.end.i66" [../gen/UpConv_Unified.tpp:90->../gen/UpConv_Unified.tpp:348]   --->   Operation 129 'phi' 'tc' <Predicate = true> <Delay = 0.00>
ST_5 : Operation 130 [1/1] (0.79ns)   --->   "%icmp_ln90 = icmp_eq  i4 %tc, i4 8" [../gen/UpConv_Unified.tpp:90->../gen/UpConv_Unified.tpp:348]   --->   Operation 130 'icmp' 'icmp_ln90' <Predicate = true> <Delay = 0.79> <CoreInst = "Cmp">   --->   Core 9 'Cmp' <Latency = 0> <II = 1> <Delay = 0.79> <FuncUnit> <Opcode : 'seteq' 'setne' 'setle' 'setge' 'setlt' 'setgt'> <InPorts = 2> <OutPorts = 1>
ST_5 : Operation 131 [1/1] (0.79ns)   --->   "%add_ln90_1 = add i4 %tc, i4 1" [../gen/UpConv_Unified.tpp:90->../gen/UpConv_Unified.tpp:348]   --->   Operation 131 'add' 'add_ln90_1' <Predicate = true> <Delay = 0.79> <CoreInst = "Adder">   --->   Core 1 'Adder' <Latency = 0> <II = 1> <Delay = 0.79> <FuncUnit> <Opcode : 'add' 'sub'> <InPorts = 2> <OutPorts = 1>
ST_5 : Operation 132 [1/1] (0.00ns)   --->   "%br_ln90 = br i1 %icmp_ln90, void %for.body.i59.split, void %_ZL16Load_Weight_TileILi8EEvPK7ap_uintILi256EERAT__A540_S1_iii.exit" [../gen/UpConv_Unified.tpp:90->../gen/UpConv_Unified.tpp:348]   --->   Operation 132 'br' 'br_ln90' <Predicate = true> <Delay = 0.00>
ST_5 : Operation 133 [1/1] (0.00ns)   --->   "%zext_ln90_2 = zext i4 %tc" [../gen/UpConv_Unified.tpp:90->../gen/UpConv_Unified.tpp:348]   --->   Operation 133 'zext' 'zext_ln90_2' <Predicate = (!icmp_ln90)> <Delay = 0.00>
ST_5 : Operation 134 [1/1] (0.00ns)   --->   "%p_shl4 = bitconcatenate i7 @_ssdm_op_BitConcatenate.i7.i4.i3, i4 %tc, i3 0" [../gen/UpConv_Unified.tpp:90->../gen/UpConv_Unified.tpp:348]   --->   Operation 134 'bitconcatenate' 'p_shl4' <Predicate = (!icmp_ln90)> <Delay = 0.00>
ST_5 : Operation 135 [1/1] (0.77ns)   --->   "%add_ln90_2 = add i7 %p_shl4, i7 %zext_ln90_2" [../gen/UpConv_Unified.tpp:90->../gen/UpConv_Unified.tpp:348]   --->   Operation 135 'add' 'add_ln90_2' <Predicate = (!icmp_ln90)> <Delay = 0.77> <CoreInst = "Adder">   --->   Core 1 'Adder' <Latency = 0> <II = 1> <Delay = 0.77> <FuncUnit> <Opcode : 'add' 'sub'> <InPorts = 2> <OutPorts = 1>
ST_5 : Operation 136 [1/1] (0.00ns)   --->   "%mul_ln90_cast = zext i7 %add_ln90_2" [../gen/UpConv_Unified.tpp:90->../gen/UpConv_Unified.tpp:348]   --->   Operation 136 'zext' 'mul_ln90_cast' <Predicate = (!icmp_ln90)> <Delay = 0.00>
ST_5 : Operation 137 [1/1] (0.82ns)   --->   "%tmp = add i13 %mul_ln90_cast, i13 %add_ln346_1" [../gen/UpConv_Unified.tpp:90->../gen/UpConv_Unified.tpp:348]   --->   Operation 137 'add' 'tmp' <Predicate = (!icmp_ln90)> <Delay = 0.82> <CoreInst = "Adder">   --->   Core 1 'Adder' <Latency = 0> <II = 1> <Delay = 0.82> <FuncUnit> <Opcode : 'add' 'sub'> <InPorts = 2> <OutPorts = 1>
ST_5 : Operation 138 [1/1] (0.00ns)   --->   "%lshr_ln1 = partselect i5 @_ssdm_op_PartSelect.i5.i6.i32.i32, i6 %tile_1, i32 1, i32 5" [../gen/UpConv_Unified.tpp:90->../gen/UpConv_Unified.tpp:348]   --->   Operation 138 'partselect' 'lshr_ln1' <Predicate = (icmp_ln90)> <Delay = 0.00>
ST_5 : Operation 139 [1/1] (0.00ns)   --->   "%tmp_s = bitconcatenate i9 @_ssdm_op_BitConcatenate.i9.i6.i3, i6 %tile_1, i3 1" [../gen/UpConv_Unified.tpp:346]   --->   Operation 139 'bitconcatenate' 'tmp_s' <Predicate = (icmp_ln90)> <Delay = 0.00>
ST_5 : Operation 140 [1/1] (0.00ns)   --->   "%tmp_9 = bitconcatenate i9 @_ssdm_op_BitConcatenate.i9.i6.i3, i6 %tile_1, i3 2" [../gen/UpConv_Unified.tpp:346]   --->   Operation 140 'bitconcatenate' 'tmp_9' <Predicate = (icmp_ln90)> <Delay = 0.00>
ST_5 : Operation 141 [1/1] (0.00ns)   --->   "%tmp_10 = bitconcatenate i9 @_ssdm_op_BitConcatenate.i9.i6.i3, i6 %tile_1, i3 3" [../gen/UpConv_Unified.tpp:346]   --->   Operation 141 'bitconcatenate' 'tmp_10' <Predicate = (icmp_ln90)> <Delay = 0.00>
ST_5 : Operation 142 [1/1] (0.00ns)   --->   "%tmp_11 = bitconcatenate i9 @_ssdm_op_BitConcatenate.i9.i6.i3, i6 %tile_1, i3 4" [../gen/UpConv_Unified.tpp:346]   --->   Operation 142 'bitconcatenate' 'tmp_11' <Predicate = (icmp_ln90)> <Delay = 0.00>
ST_5 : Operation 143 [1/1] (0.00ns)   --->   "%tmp_12 = bitconcatenate i9 @_ssdm_op_BitConcatenate.i9.i6.i3, i6 %tile_1, i3 5" [../gen/UpConv_Unified.tpp:346]   --->   Operation 143 'bitconcatenate' 'tmp_12' <Predicate = (icmp_ln90)> <Delay = 0.00>
ST_5 : Operation 144 [1/1] (0.00ns)   --->   "%tmp_13 = bitconcatenate i9 @_ssdm_op_BitConcatenate.i9.i6.i3, i6 %tile_1, i3 6" [../gen/UpConv_Unified.tpp:346]   --->   Operation 144 'bitconcatenate' 'tmp_13' <Predicate = (icmp_ln90)> <Delay = 0.00>
ST_5 : Operation 145 [1/1] (0.00ns)   --->   "%tmp_14 = bitconcatenate i9 @_ssdm_op_BitConcatenate.i9.i6.i3, i6 %tile_1, i3 7" [../gen/UpConv_Unified.tpp:346]   --->   Operation 145 'bitconcatenate' 'tmp_14' <Predicate = (icmp_ln90)> <Delay = 0.00>
ST_5 : Operation 146 [1/1] (0.42ns)   --->   "%br_ln116 = br void %for.body.i78" [../gen/UpConv_Unified.tpp:116->../gen/UpConv_Unified.tpp:349]   --->   Operation 146 'br' 'br_ln116' <Predicate = (icmp_ln90)> <Delay = 0.42>

State 6 <SV = 5> <Delay = 2.23>
ST_6 : Operation 147 [1/1] (0.00ns)   --->   "%zext_ln90_3 = zext i13 %tmp" [../gen/UpConv_Unified.tpp:90->../gen/UpConv_Unified.tpp:348]   --->   Operation 147 'zext' 'zext_ln90_3' <Predicate = true> <Delay = 0.00>
ST_6 : Operation 148 [1/1] (2.23ns)   --->   "%mul_ln90 = mul i18 %zext_ln90_3, i18 %zext_ln90" [../gen/UpConv_Unified.tpp:90->../gen/UpConv_Unified.tpp:348]   --->   Operation 148 'mul' 'mul_ln90' <Predicate = true> <Delay = 2.23> <CoreInst = "Multiplier">   --->   Core 3 'Multiplier' <Latency = 0> <II = 1> <Delay = 2.23> <FuncUnit> <Opcode : 'mul'> <InPorts = 2> <OutPorts = 1>

State 7 <SV = 6> <Delay = 1.55>
ST_7 : Operation 149 [1/1] (0.00ns)   --->   "%trunc_ln90 = trunc i4 %tc" [../gen/UpConv_Unified.tpp:90->../gen/UpConv_Unified.tpp:348]   --->   Operation 149 'trunc' 'trunc_ln90' <Predicate = true> <Delay = 0.00>
ST_7 : Operation 150 [1/1] (0.00ns)   --->   "%zext_ln90_1 = zext i4 %tc" [../gen/UpConv_Unified.tpp:90->../gen/UpConv_Unified.tpp:348]   --->   Operation 150 'zext' 'zext_ln90_1' <Predicate = true> <Delay = 0.00>
ST_7 : Operation 151 [1/1] (0.00ns)   --->   "%speclooptripcount_ln90 = speclooptripcount void @_ssdm_op_SpecLoopTripCount, i64 8, i64 8, i64 8" [../gen/UpConv_Unified.tpp:90->../gen/UpConv_Unified.tpp:348]   --->   Operation 151 'speclooptripcount' 'speclooptripcount_ln90' <Predicate = true> <Delay = 0.00>
ST_7 : Operation 152 [1/1] (0.00ns)   --->   "%specloopname_ln90 = specloopname void @_ssdm_op_SpecLoopName, void @empty_12" [../gen/UpConv_Unified.tpp:90->../gen/UpConv_Unified.tpp:348]   --->   Operation 152 'specloopname' 'specloopname_ln90' <Predicate = true> <Delay = 0.00>
ST_7 : Operation 153 [1/1] (0.00ns)   --->   "%shl_ln8 = bitconcatenate i23 @_ssdm_op_BitConcatenate.i23.i18.i5, i18 %mul_ln90, i5 0" [../gen/UpConv_Unified.tpp:90->../gen/UpConv_Unified.tpp:348]   --->   Operation 153 'bitconcatenate' 'shl_ln8' <Predicate = true> <Delay = 0.00>
ST_7 : Operation 154 [1/1] (0.00ns)   --->   "%zext_ln90_4 = zext i23 %shl_ln8" [../gen/UpConv_Unified.tpp:90->../gen/UpConv_Unified.tpp:348]   --->   Operation 154 'zext' 'zext_ln90_4' <Predicate = true> <Delay = 0.00>
ST_7 : Operation 155 [1/1] (1.08ns)   --->   "%add_ln90 = add i64 %zext_ln90_4, i64 %W_ptr_read" [../gen/UpConv_Unified.tpp:90->../gen/UpConv_Unified.tpp:348]   --->   Operation 155 'add' 'add_ln90' <Predicate = true> <Delay = 1.08> <CoreInst = "Adder">   --->   Core 1 'Adder' <Latency = 0> <II = 1> <Delay = 1.08> <FuncUnit> <Opcode : 'add' 'sub'> <InPorts = 2> <OutPorts = 1>
ST_7 : Operation 156 [1/1] (0.77ns)   --->   "%add_ln91 = add i9 %zext_ln90_1, i9 %tmp_8" [../gen/UpConv_Unified.tpp:91->../gen/UpConv_Unified.tpp:348]   --->   Operation 156 'add' 'add_ln91' <Predicate = true> <Delay = 0.77> <CoreInst = "Adder">   --->   Core 1 'Adder' <Latency = 0> <II = 1> <Delay = 0.77> <FuncUnit> <Opcode : 'add' 'sub'> <InPorts = 2> <OutPorts = 1>
ST_7 : Operation 157 [1/1] (0.77ns)   --->   "%icmp_ln92 = icmp_ult  i9 %add_ln91, i9 %C_OUT_read" [../gen/UpConv_Unified.tpp:92->../gen/UpConv_Unified.tpp:348]   --->   Operation 157 'icmp' 'icmp_ln92' <Predicate = true> <Delay = 0.77> <CoreInst = "Cmp">   --->   Core 9 'Cmp' <Latency = 0> <II = 1> <Delay = 0.77> <FuncUnit> <Opcode : 'seteq' 'setne' 'setle' 'setge' 'setlt' 'setgt'> <InPorts = 2> <OutPorts = 1>
ST_7 : Operation 158 [1/1] (0.00ns)   --->   "%br_ln92 = br i1 %icmp_ln92, void %if.end.i66, void %if.then.i61" [../gen/UpConv_Unified.tpp:92->../gen/UpConv_Unified.tpp:348]   --->   Operation 158 'br' 'br_ln92' <Predicate = true> <Delay = 0.00>
ST_7 : Operation 159 [1/1] (0.00ns)   --->   "%trunc_ln1 = partselect i59 @_ssdm_op_PartSelect.i59.i64.i32.i32, i64 %add_ln90, i32 5, i32 63" [../gen/UpConv_Unified.tpp:94->../gen/UpConv_Unified.tpp:348]   --->   Operation 159 'partselect' 'trunc_ln1' <Predicate = (icmp_ln92)> <Delay = 0.00>

State 8 <SV = 7> <Delay = 2.43>
ST_8 : Operation 160 [1/1] (0.00ns)   --->   "%sext_ln94 = sext i59 %trunc_ln1" [../gen/UpConv_Unified.tpp:94->../gen/UpConv_Unified.tpp:348]   --->   Operation 160 'sext' 'sext_ln94' <Predicate = true> <Delay = 0.00>
ST_8 : Operation 161 [1/1] (0.00ns)   --->   "%gmem_weight_addr = getelementptr i256 %gmem_weight, i64 %sext_ln94" [../gen/UpConv_Unified.tpp:94->../gen/UpConv_Unified.tpp:348]   --->   Operation 161 'getelementptr' 'gmem_weight_addr' <Predicate = true> <Delay = 0.00>
ST_8 : Operation 162 [8/8] (2.43ns)   --->   "%empty = readreq i1 @_ssdm_op_ReadReq.m_axi.p1i256, i256 %gmem_weight_addr, i64 %wide_trip_count" [../gen/UpConv_Unified.tpp:94->../gen/UpConv_Unified.tpp:348]   --->   Operation 162 'readreq' 'empty' <Predicate = true> <Delay = 2.43> <CoreInst = "m_axi">   --->   Core 119 'm_axi' <Latency = 6> <II = 1> <Delay = 1.00> <Adapter> <Opcode : 'read' 'write' 'readreq' 'writereq' 'writeresp'>

State 9 <SV = 8> <Delay = 2.43>
ST_9 : Operation 163 [7/8] (2.43ns)   --->   "%empty = readreq i1 @_ssdm_op_ReadReq.m_axi.p1i256, i256 %gmem_weight_addr, i64 %wide_trip_count" [../gen/UpConv_Unified.tpp:94->../gen/UpConv_Unified.tpp:348]   --->   Operation 163 'readreq' 'empty' <Predicate = true> <Delay = 2.43> <CoreInst = "m_axi">   --->   Core 119 'm_axi' <Latency = 6> <II = 1> <Delay = 1.00> <Adapter> <Opcode : 'read' 'write' 'readreq' 'writereq' 'writeresp'>

State 10 <SV = 9> <Delay = 2.43>
ST_10 : Operation 164 [6/8] (2.43ns)   --->   "%empty = readreq i1 @_ssdm_op_ReadReq.m_axi.p1i256, i256 %gmem_weight_addr, i64 %wide_trip_count" [../gen/UpConv_Unified.tpp:94->../gen/UpConv_Unified.tpp:348]   --->   Operation 164 'readreq' 'empty' <Predicate = true> <Delay = 2.43> <CoreInst = "m_axi">   --->   Core 119 'm_axi' <Latency = 6> <II = 1> <Delay = 1.00> <Adapter> <Opcode : 'read' 'write' 'readreq' 'writereq' 'writeresp'>

State 11 <SV = 10> <Delay = 2.43>
ST_11 : Operation 165 [5/8] (2.43ns)   --->   "%empty = readreq i1 @_ssdm_op_ReadReq.m_axi.p1i256, i256 %gmem_weight_addr, i64 %wide_trip_count" [../gen/UpConv_Unified.tpp:94->../gen/UpConv_Unified.tpp:348]   --->   Operation 165 'readreq' 'empty' <Predicate = true> <Delay = 2.43> <CoreInst = "m_axi">   --->   Core 119 'm_axi' <Latency = 6> <II = 1> <Delay = 1.00> <Adapter> <Opcode : 'read' 'write' 'readreq' 'writereq' 'writeresp'>

State 12 <SV = 11> <Delay = 2.43>
ST_12 : Operation 166 [4/8] (2.43ns)   --->   "%empty = readreq i1 @_ssdm_op_ReadReq.m_axi.p1i256, i256 %gmem_weight_addr, i64 %wide_trip_count" [../gen/UpConv_Unified.tpp:94->../gen/UpConv_Unified.tpp:348]   --->   Operation 166 'readreq' 'empty' <Predicate = true> <Delay = 2.43> <CoreInst = "m_axi">   --->   Core 119 'm_axi' <Latency = 6> <II = 1> <Delay = 1.00> <Adapter> <Opcode : 'read' 'write' 'readreq' 'writereq' 'writeresp'>

State 13 <SV = 12> <Delay = 2.43>
ST_13 : Operation 167 [3/8] (2.43ns)   --->   "%empty = readreq i1 @_ssdm_op_ReadReq.m_axi.p1i256, i256 %gmem_weight_addr, i64 %wide_trip_count" [../gen/UpConv_Unified.tpp:94->../gen/UpConv_Unified.tpp:348]   --->   Operation 167 'readreq' 'empty' <Predicate = true> <Delay = 2.43> <CoreInst = "m_axi">   --->   Core 119 'm_axi' <Latency = 6> <II = 1> <Delay = 1.00> <Adapter> <Opcode : 'read' 'write' 'readreq' 'writereq' 'writeresp'>

State 14 <SV = 13> <Delay = 2.43>
ST_14 : Operation 168 [2/8] (2.43ns)   --->   "%empty = readreq i1 @_ssdm_op_ReadReq.m_axi.p1i256, i256 %gmem_weight_addr, i64 %wide_trip_count" [../gen/UpConv_Unified.tpp:94->../gen/UpConv_Unified.tpp:348]   --->   Operation 168 'readreq' 'empty' <Predicate = true> <Delay = 2.43> <CoreInst = "m_axi">   --->   Core 119 'm_axi' <Latency = 6> <II = 1> <Delay = 1.00> <Adapter> <Opcode : 'read' 'write' 'readreq' 'writereq' 'writeresp'>

State 15 <SV = 14> <Delay = 2.43>
ST_15 : Operation 169 [1/8] (2.43ns)   --->   "%empty = readreq i1 @_ssdm_op_ReadReq.m_axi.p1i256, i256 %gmem_weight_addr, i64 %wide_trip_count" [../gen/UpConv_Unified.tpp:94->../gen/UpConv_Unified.tpp:348]   --->   Operation 169 'readreq' 'empty' <Predicate = true> <Delay = 2.43> <CoreInst = "m_axi">   --->   Core 119 'm_axi' <Latency = 6> <II = 1> <Delay = 1.00> <Adapter> <Opcode : 'read' 'write' 'readreq' 'writereq' 'writeresp'>

State 16 <SV = 15> <Delay = 1.21>
ST_16 : Operation 170 [2/2] (1.21ns)   --->   "%call_ln316 = call void @UpConv_Fused_Row<8>_Pipeline_W_FLAT, i10 %mul5_i62, i256 %gmem_weight, i59 %trunc_ln1, i256 %w_local_7, i256 %w_local_6, i256 %w_local_5, i256 %w_local_4, i256 %w_local_3, i256 %w_local_2, i256 %w_local_1, i256 %w_local, i3 %trunc_ln90" [../gen/UpConv_Unified.tpp:316]   --->   Operation 170 'call' 'call_ln316' <Predicate = true> <Delay = 1.21> <CoreType = "Generic">   --->   Generic Core

State 17 <SV = 16> <Delay = 0.00>
ST_17 : Operation 171 [1/2] (0.00ns)   --->   "%call_ln316 = call void @UpConv_Fused_Row<8>_Pipeline_W_FLAT, i10 %mul5_i62, i256 %gmem_weight, i59 %trunc_ln1, i256 %w_local_7, i256 %w_local_6, i256 %w_local_5, i256 %w_local_4, i256 %w_local_3, i256 %w_local_2, i256 %w_local_1, i256 %w_local, i3 %trunc_ln90" [../gen/UpConv_Unified.tpp:316]   --->   Operation 171 'call' 'call_ln316' <Predicate = (icmp_ln92)> <Delay = 0.00> <CoreType = "Generic">   --->   Generic Core
ST_17 : Operation 172 [1/1] (0.00ns)   --->   "%br_ln0 = br void %if.end.i66"   --->   Operation 172 'br' 'br_ln0' <Predicate = (icmp_ln92)> <Delay = 0.00>
ST_17 : Operation 173 [1/1] (0.00ns)   --->   "%br_ln90 = br void %for.body.i59" [../gen/UpConv_Unified.tpp:90->../gen/UpConv_Unified.tpp:348]   --->   Operation 173 'br' 'br_ln90' <Predicate = true> <Delay = 0.00>

State 18 <SV = 5> <Delay = 1.79>
ST_18 : Operation 174 [1/1] (0.00ns)   --->   "%kh = phi i2 0, void %_ZL16Load_Weight_TileILi8EEvPK7ap_uintILi256EERAT__A540_S1_iii.exit, i2 %kh_1, void %cleanup117.i"   --->   Operation 174 'phi' 'kh' <Predicate = true> <Delay = 0.00>
ST_18 : Operation 175 [1/1] (0.54ns)   --->   "%icmp_ln116 = icmp_eq  i2 %kh, i2 3" [../gen/UpConv_Unified.tpp:116->../gen/UpConv_Unified.tpp:349]   --->   Operation 175 'icmp' 'icmp_ln116' <Predicate = true> <Delay = 0.54> <CoreInst = "Cmp">   --->   Core 9 'Cmp' <Latency = 0> <II = 1> <Delay = 0.54> <FuncUnit> <Opcode : 'seteq' 'setne' 'setle' 'setge' 'setlt' 'setgt'> <InPorts = 2> <OutPorts = 1>
ST_18 : Operation 176 [1/1] (0.00ns)   --->   "%speclooptripcount_ln0 = speclooptripcount void @_ssdm_op_SpecLoopTripCount, i64 3, i64 3, i64 3"   --->   Operation 176 'speclooptripcount' 'speclooptripcount_ln0' <Predicate = true> <Delay = 0.00>
ST_18 : Operation 177 [1/1] (0.54ns)   --->   "%kh_1 = add i2 %kh, i2 1" [../gen/UpConv_Unified.tpp:116->../gen/UpConv_Unified.tpp:349]   --->   Operation 177 'add' 'kh_1' <Predicate = true> <Delay = 0.54> <CoreInst = "Adder">   --->   Core 1 'Adder' <Latency = 0> <II = 1> <Delay = 0.54> <FuncUnit> <Opcode : 'add' 'sub'> <InPorts = 2> <OutPorts = 1>
ST_18 : Operation 178 [1/1] (0.00ns)   --->   "%br_ln116 = br i1 %icmp_ln116, void %for.body.i78.split, void %for.inc" [../gen/UpConv_Unified.tpp:116->../gen/UpConv_Unified.tpp:349]   --->   Operation 178 'br' 'br_ln116' <Predicate = true> <Delay = 0.00>
ST_18 : Operation 179 [1/1] (0.00ns)   --->   "%zext_ln116 = zext i2 %kh" [../gen/UpConv_Unified.tpp:116->../gen/UpConv_Unified.tpp:349]   --->   Operation 179 'zext' 'zext_ln116' <Predicate = (!icmp_ln116)> <Delay = 0.00>
ST_18 : Operation 180 [1/1] (0.00ns)   --->   "%zext_ln116_1 = zext i2 %kh" [../gen/UpConv_Unified.tpp:116->../gen/UpConv_Unified.tpp:349]   --->   Operation 180 'zext' 'zext_ln116_1' <Predicate = (!icmp_ln116)> <Delay = 0.00>
ST_18 : Operation 181 [1/1] (0.00ns)   --->   "%specloopname_ln116 = specloopname void @_ssdm_op_SpecLoopName, void @empty_24" [../gen/UpConv_Unified.tpp:116->../gen/UpConv_Unified.tpp:349]   --->   Operation 181 'specloopname' 'specloopname_ln116' <Predicate = (!icmp_ln116)> <Delay = 0.00>
ST_18 : Operation 182 [1/1] (0.77ns)   --->   "%hpk = sub i10 %add_i75_cast, i10 %zext_ln116_1" [../gen/UpConv_Unified.tpp:118->../gen/UpConv_Unified.tpp:349]   --->   Operation 182 'sub' 'hpk' <Predicate = (!icmp_ln116)> <Delay = 0.77> <CoreInst = "Adder">   --->   Core 1 'Adder' <Latency = 0> <II = 1> <Delay = 0.77> <FuncUnit> <Opcode : 'add' 'sub'> <InPorts = 2> <OutPorts = 1>
ST_18 : Operation 183 [1/1] (0.00ns)   --->   "%tmp_15 = bitselect i1 @_ssdm_op_BitSelect.i1.i10.i32, i10 %hpk, i32 9" [../gen/UpConv_Unified.tpp:119->../gen/UpConv_Unified.tpp:349]   --->   Operation 183 'bitselect' 'tmp_15' <Predicate = (!icmp_ln116)> <Delay = 0.00>
ST_18 : Operation 184 [1/1] (0.00ns)   --->   "%trunc_ln119 = trunc i10 %hpk" [../gen/UpConv_Unified.tpp:119->../gen/UpConv_Unified.tpp:349]   --->   Operation 184 'trunc' 'trunc_ln119' <Predicate = (!icmp_ln116)> <Delay = 0.00>
ST_18 : Operation 185 [1/1] (0.00ns)   --->   "%and_ln = bitconcatenate i32 @_ssdm_op_BitConcatenate.i32.i1.i30.i1, i1 %tmp_15, i30 0, i1 %trunc_ln119" [../gen/UpConv_Unified.tpp:119->../gen/UpConv_Unified.tpp:349]   --->   Operation 185 'bitconcatenate' 'and_ln' <Predicate = (!icmp_ln116)> <Delay = 0.00>
ST_18 : Operation 186 [1/1] (1.01ns)   --->   "%icmp_ln119 = icmp_eq  i32 %and_ln, i32 0" [../gen/UpConv_Unified.tpp:119->../gen/UpConv_Unified.tpp:349]   --->   Operation 186 'icmp' 'icmp_ln119' <Predicate = (!icmp_ln116)> <Delay = 1.01> <CoreInst = "Cmp">   --->   Core 9 'Cmp' <Latency = 0> <II = 1> <Delay = 1.01> <FuncUnit> <Opcode : 'seteq' 'setne' 'setle' 'setge' 'setlt' 'setgt'> <InPorts = 2> <OutPorts = 1>
ST_18 : Operation 187 [1/1] (0.00ns)   --->   "%br_ln119 = br i1 %icmp_ln119, void %cleanup117.i, void %if.end.i83" [../gen/UpConv_Unified.tpp:119->../gen/UpConv_Unified.tpp:349]   --->   Operation 187 'br' 'br_ln119' <Predicate = (!icmp_ln116)> <Delay = 0.00>
ST_18 : Operation 188 [1/1] (0.00ns)   --->   "%hi = partselect i9 @_ssdm_op_PartSelect.i9.i10.i32.i32, i10 %hpk, i32 1, i32 9" [../gen/UpConv_Unified.tpp:118->../gen/UpConv_Unified.tpp:349]   --->   Operation 188 'partselect' 'hi' <Predicate = (!icmp_ln116 & icmp_ln119)> <Delay = 0.00>
ST_18 : Operation 189 [1/1] (0.00ns)   --->   "%x_row = bitselect i1 @_ssdm_op_BitSelect.i1.i10.i32, i10 %hpk, i32 1" [../gen/UpConv_Unified.tpp:120->../gen/UpConv_Unified.tpp:349]   --->   Operation 189 'bitselect' 'x_row' <Predicate = (!icmp_ln116 & icmp_ln119)> <Delay = 0.00>
ST_18 : Operation 190 [1/1] (0.77ns)   --->   "%icmp_ln121 = icmp_ult  i9 %hi, i9 %H_IN_cast" [../gen/UpConv_Unified.tpp:121->../gen/UpConv_Unified.tpp:349]   --->   Operation 190 'icmp' 'icmp_ln121' <Predicate = (!icmp_ln116 & icmp_ln119)> <Delay = 0.77> <CoreInst = "Cmp">   --->   Core 9 'Cmp' <Latency = 0> <II = 1> <Delay = 0.77> <FuncUnit> <Opcode : 'seteq' 'setne' 'setle' 'setge' 'setlt' 'setgt'> <InPorts = 2> <OutPorts = 1>
ST_18 : Operation 191 [1/1] (0.00ns)   --->   "%br_ln121 = br i1 %icmp_ln121, void %cleanup117.i, void %if.end8.i" [../gen/UpConv_Unified.tpp:121->../gen/UpConv_Unified.tpp:349]   --->   Operation 191 'br' 'br_ln121' <Predicate = (!icmp_ln116 & icmp_ln119)> <Delay = 0.00>
ST_18 : Operation 192 [1/1] (0.00ns)   --->   "%p_shl = bitconcatenate i4 @_ssdm_op_BitConcatenate.i4.i2.i2, i2 %kh, i2 0" [../gen/UpConv_Unified.tpp:116->../gen/UpConv_Unified.tpp:349]   --->   Operation 192 'bitconcatenate' 'p_shl' <Predicate = (!icmp_ln116 & icmp_ln119 & icmp_ln121)> <Delay = 0.00>
ST_18 : Operation 193 [1/1] (0.79ns)   --->   "%mul14_i = sub i4 %p_shl, i4 %zext_ln116" [../gen/UpConv_Unified.tpp:116->../gen/UpConv_Unified.tpp:349]   --->   Operation 193 'sub' 'mul14_i' <Predicate = (!icmp_ln116 & icmp_ln119 & icmp_ln121)> <Delay = 0.79> <CoreInst = "Adder">   --->   Core 1 'Adder' <Latency = 0> <II = 1> <Delay = 0.79> <FuncUnit> <Opcode : 'add' 'sub'> <InPorts = 2> <OutPorts = 1>
ST_18 : Operation 194 [1/1] (0.00ns) (grouped into LUT with out node mul17_i86)   --->   "%p_cast23 = select i1 %x_row, i8 255, i8 0" [../gen/UpConv_Unified.tpp:120->../gen/UpConv_Unified.tpp:349]   --->   Operation 194 'select' 'p_cast23' <Predicate = (!icmp_ln116 & icmp_ln119 & icmp_ln121)> <Delay = 0.00> <CoreInst = "Sel">   --->   Core 73 'Sel' <Latency = 0> <II = 1> <Delay = 0.17> <FuncUnit> <Opcode : 'select'> <InPorts = 3> <OutPorts = 1>
ST_18 : Operation 195 [1/1] (0.33ns) (out node of the LUT)   --->   "%mul17_i86 = and i8 %p_cast23, i8 %W_IN_read" [../gen/UpConv_Unified.tpp:120->../gen/UpConv_Unified.tpp:349]   --->   Operation 195 'and' 'mul17_i86' <Predicate = (!icmp_ln116 & icmp_ln119 & icmp_ln121)> <Delay = 0.33> <CoreInst = "LogicGate">   --->   Core 74 'LogicGate' <Latency = 0> <II = 1> <Delay = 0.33> <FuncUnit> <Opcode : 'and' 'or' 'xor'> <InPorts = 2> <OutPorts = 1>
ST_18 : Operation 196 [1/1] (0.42ns)   --->   "%store_ln108 = store i6 %add_ln346, i6 %tile" [../gen/UpConv_Unified.tpp:108->../gen/UpConv_Unified.tpp:349]   --->   Operation 196 'store' 'store_ln108' <Predicate = (icmp_ln116)> <Delay = 0.42>
ST_18 : Operation 197 [1/1] (0.00ns)   --->   "%br_ln346 = br void %for.body" [../gen/UpConv_Unified.tpp:346]   --->   Operation 197 'br' 'br_ln346' <Predicate = (icmp_ln116)> <Delay = 0.00>

State 19 <SV = 6> <Delay = 1.65>
ST_19 : Operation 198 [1/1] (0.00ns)   --->   "%mul17_i86_cast = zext i8 %mul17_i86" [../gen/UpConv_Unified.tpp:120->../gen/UpConv_Unified.tpp:349]   --->   Operation 198 'zext' 'mul17_i86_cast' <Predicate = true> <Delay = 0.00>
ST_19 : Operation 199 [1/1] (1.65ns)   --->   "%mul_ln124 = mul i11 %mul17_i86_cast, i11 %CI_WORDS_cast" [../gen/UpConv_Unified.tpp:124->../gen/UpConv_Unified.tpp:349]   --->   Operation 199 'mul' 'mul_ln124' <Predicate = true> <Delay = 1.65> <CoreInst = "Multiplier">   --->   Core 3 'Multiplier' <Latency = 0> <II = 1> <Delay = 1.65> <FuncUnit> <Opcode : 'mul'> <InPorts = 2> <OutPorts = 1>
ST_19 : Operation 200 [1/1] (0.42ns)   --->   "%br_ln124 = br void %for.body13.i" [../gen/UpConv_Unified.tpp:124->../gen/UpConv_Unified.tpp:349]   --->   Operation 200 'br' 'br_ln124' <Predicate = true> <Delay = 0.42>

State 20 <SV = 7> <Delay = 2.02>
ST_20 : Operation 201 [1/1] (0.00ns)   --->   "%kw = phi i2 0, void %if.end8.i, i2 %kw_1, void %for.body13.i.split"   --->   Operation 201 'phi' 'kw' <Predicate = (icmp_ln119 & icmp_ln121)> <Delay = 0.00>
ST_20 : Operation 202 [1/1] (0.54ns)   --->   "%icmp_ln124 = icmp_eq  i2 %kw, i2 3" [../gen/UpConv_Unified.tpp:124->../gen/UpConv_Unified.tpp:349]   --->   Operation 202 'icmp' 'icmp_ln124' <Predicate = (icmp_ln119 & icmp_ln121)> <Delay = 0.54> <CoreInst = "Cmp">   --->   Core 9 'Cmp' <Latency = 0> <II = 1> <Delay = 0.54> <FuncUnit> <Opcode : 'seteq' 'setne' 'setle' 'setge' 'setlt' 'setgt'> <InPorts = 2> <OutPorts = 1>
ST_20 : Operation 203 [1/1] (0.54ns)   --->   "%kw_1 = add i2 %kw, i2 1" [../gen/UpConv_Unified.tpp:124->../gen/UpConv_Unified.tpp:349]   --->   Operation 203 'add' 'kw_1' <Predicate = (icmp_ln119 & icmp_ln121)> <Delay = 0.54> <CoreInst = "Adder">   --->   Core 1 'Adder' <Latency = 0> <II = 1> <Delay = 0.54> <FuncUnit> <Opcode : 'add' 'sub'> <InPorts = 2> <OutPorts = 1>
ST_20 : Operation 204 [1/1] (0.00ns)   --->   "%br_ln124 = br i1 %icmp_ln124, void %for.body13.i.split, void %cleanup117.i.loopexit" [../gen/UpConv_Unified.tpp:124->../gen/UpConv_Unified.tpp:349]   --->   Operation 204 'br' 'br_ln124' <Predicate = (icmp_ln119 & icmp_ln121)> <Delay = 0.00>
ST_20 : Operation 205 [1/1] (0.00ns)   --->   "%zext_ln124 = zext i2 %kw" [../gen/UpConv_Unified.tpp:124->../gen/UpConv_Unified.tpp:349]   --->   Operation 205 'zext' 'zext_ln124' <Predicate = (icmp_ln119 & icmp_ln121 & !icmp_ln124)> <Delay = 0.00>
ST_20 : Operation 206 [1/1] (0.79ns)   --->   "%k = add i4 %zext_ln124, i4 %mul14_i" [../gen/UpConv_Unified.tpp:126->../gen/UpConv_Unified.tpp:349]   --->   Operation 206 'add' 'k' <Predicate = (icmp_ln119 & icmp_ln121 & !icmp_ln124)> <Delay = 0.79> <CoreInst = "Adder">   --->   Core 1 'Adder' <Latency = 0> <II = 1> <Delay = 0.79> <FuncUnit> <Opcode : 'add' 'sub'> <InPorts = 2> <OutPorts = 1>
ST_20 : Operation 207 [1/1] (0.00ns)   --->   "%zext_ln130 = zext i4 %k" [../gen/UpConv_Unified.tpp:130->../gen/UpConv_Unified.tpp:349]   --->   Operation 207 'zext' 'zext_ln130' <Predicate = (icmp_ln119 & icmp_ln121 & !icmp_ln124)> <Delay = 0.00>
ST_20 : Operation 208 [1/1] (0.00ns)   --->   "%zext_ln130_1 = zext i6 %CI_WORDS" [../gen/UpConv_Unified.tpp:130->../gen/UpConv_Unified.tpp:349]   --->   Operation 208 'zext' 'zext_ln130_1' <Predicate = (icmp_ln119 & icmp_ln121 & !icmp_ln124)> <Delay = 0.00>
ST_20 : Operation 209 [1/1] (1.23ns)   --->   "%mul_ln130 = mul i9 %zext_ln130, i9 %zext_ln130_1" [../gen/UpConv_Unified.tpp:130->../gen/UpConv_Unified.tpp:349]   --->   Operation 209 'mul' 'mul_ln130' <Predicate = (icmp_ln119 & icmp_ln121 & !icmp_ln124)> <Delay = 1.23> <CoreInst = "Multiplier">   --->   Core 3 'Multiplier' <Latency = 0> <II = 1> <Delay = 1.23> <FuncUnit> <Opcode : 'mul'> <InPorts = 2> <OutPorts = 1>
ST_20 : Operation 210 [1/1] (0.00ns)   --->   "%br_ln0 = br void %cleanup117.i"   --->   Operation 210 'br' 'br_ln0' <Predicate = (icmp_ln119 & icmp_ln121 & icmp_ln124)> <Delay = 0.00>
ST_20 : Operation 211 [1/1] (0.00ns)   --->   "%br_ln116 = br void %for.body.i78" [../gen/UpConv_Unified.tpp:116->../gen/UpConv_Unified.tpp:349]   --->   Operation 211 'br' 'br_ln116' <Predicate = (icmp_ln124) | (!icmp_ln121) | (!icmp_ln119)> <Delay = 0.00>

State 21 <SV = 8> <Delay = 0.77>
ST_21 : Operation 212 [2/2] (0.77ns)   --->   "%call_ln346 = call void @UpConv_Fused_Row<8>_Pipeline_FLAT_LOOP, i13 %mul_ln346_1, i2 %kw, i9 %W_OUT, i6 %sub64_i, i11 %mul_ln124, i9 %mul_ln130, i256 %w_local, i256 %w_local_1, i256 %w_local_2, i256 %w_local_3, i256 %w_local_4, i256 %w_local_5, i256 %w_local_6, i256 %w_local_7, i5 %lshr_ln1, i1 %trunc_ln346, i9 %tmp_8, i9 %C_OUT_read, i9 %tmp_s, i9 %tmp_9, i9 %tmp_10, i9 %tmp_11, i9 %tmp_12, i9 %tmp_13, i9 %tmp_14, i256 %x_buf, i16 %void_UpConv_Fused_Row_ap_uint_ap_uint_const_ap_uint_const_30_ap_uint_cons_9, i16 %void_UpConv_Fused_Row_ap_uint_ap_uint_const_ap_uint_const_30_ap_uint_cons_1, i16 %void_UpConv_Fused_Row_ap_uint_ap_uint_const_ap_uint_const_30_ap_uint_cons_8, i16 %void_UpConv_Fused_Row_ap_uint_ap_uint_const_ap_uint_const_30_ap_uint_cons, i16 %void_UpConv_Fused_Row_ap_uint_ap_uint_const_ap_uint_const_30_ap_uint_cons_7, i16 %p_ZZ16UpConv_Fused_RowILi8EEvP7ap_uintILi256EEPKS1_RA30_S3_S6_S6_S2_DhfiiiiiE7row_5, i16 %void_UpConv_Fused_Row_ap_uint_ap_uint_const_ap_uint_const_30_ap_uint_cons_6, i16 %p_ZZ16UpConv_Fused_RowILi8EEvP7ap_uintILi256EEPKS1_RA30_S3_S6_S6_S2_DhfiiiiiE7row_4, i16 %void_UpConv_Fused_Row_ap_uint_ap_uint_const_ap_uint_const_30_ap_uint_cons_5, i16 %p_ZZ16UpConv_Fused_RowILi8EEvP7ap_uintILi256EEPKS1_RA30_S3_S6_S6_S2_DhfiiiiiE7row_3, i16 %void_UpConv_Fused_Row_ap_uint_ap_uint_const_ap_uint_const_30_ap_uint_cons_4, i16 %p_ZZ16UpConv_Fused_RowILi8EEvP7ap_uintILi256EEPKS1_RA30_S3_S6_S6_S2_DhfiiiiiE7row_2, i16 %void_UpConv_Fused_Row_ap_uint_ap_uint_const_ap_uint_const_30_ap_uint_cons_3, i16 %p_ZZ16UpConv_Fused_RowILi8EEvP7ap_uintILi256EEPKS1_RA30_S3_S6_S6_S2_DhfiiiiiE7row_1, i16 %void_UpConv_Fused_Row_ap_uint_ap_uint_const_ap_uint_const_30_ap_uint_cons_2, i16 %p_ZZ16UpConv_Fused_RowILi8EEvP7ap_uintILi256EEPKS1_RA30_S3_S6_S6_S2_DhfiiiiiE7row" [../gen/UpConv_Unified.tpp:346]   --->   Operation 212 'call' 'call_ln346' <Predicate = true> <Delay = 0.77> <CoreType = "Generic">   --->   Generic Core

State 22 <SV = 9> <Delay = 0.00>
ST_22 : Operation 213 [1/1] (0.00ns)   --->   "%speclooptripcount_ln124 = speclooptripcount void @_ssdm_op_SpecLoopTripCount, i64 3, i64 3, i64 3" [../gen/UpConv_Unified.tpp:124->../gen/UpConv_Unified.tpp:349]   --->   Operation 213 'speclooptripcount' 'speclooptripcount_ln124' <Predicate = true> <Delay = 0.00>
ST_22 : Operation 214 [1/1] (0.00ns)   --->   "%specloopname_ln124 = specloopname void @_ssdm_op_SpecLoopName, void @empty_25" [../gen/UpConv_Unified.tpp:124->../gen/UpConv_Unified.tpp:349]   --->   Operation 214 'specloopname' 'specloopname_ln124' <Predicate = true> <Delay = 0.00>
ST_22 : Operation 215 [1/2] (0.00ns)   --->   "%call_ln346 = call void @UpConv_Fused_Row<8>_Pipeline_FLAT_LOOP, i13 %mul_ln346_1, i2 %kw, i9 %W_OUT, i6 %sub64_i, i11 %mul_ln124, i9 %mul_ln130, i256 %w_local, i256 %w_local_1, i256 %w_local_2, i256 %w_local_3, i256 %w_local_4, i256 %w_local_5, i256 %w_local_6, i256 %w_local_7, i5 %lshr_ln1, i1 %trunc_ln346, i9 %tmp_8, i9 %C_OUT_read, i9 %tmp_s, i9 %tmp_9, i9 %tmp_10, i9 %tmp_11, i9 %tmp_12, i9 %tmp_13, i9 %tmp_14, i256 %x_buf, i16 %void_UpConv_Fused_Row_ap_uint_ap_uint_const_ap_uint_const_30_ap_uint_cons_9, i16 %void_UpConv_Fused_Row_ap_uint_ap_uint_const_ap_uint_const_30_ap_uint_cons_1, i16 %void_UpConv_Fused_Row_ap_uint_ap_uint_const_ap_uint_const_30_ap_uint_cons_8, i16 %void_UpConv_Fused_Row_ap_uint_ap_uint_const_ap_uint_const_30_ap_uint_cons, i16 %void_UpConv_Fused_Row_ap_uint_ap_uint_const_ap_uint_const_30_ap_uint_cons_7, i16 %p_ZZ16UpConv_Fused_RowILi8EEvP7ap_uintILi256EEPKS1_RA30_S3_S6_S6_S2_DhfiiiiiE7row_5, i16 %void_UpConv_Fused_Row_ap_uint_ap_uint_const_ap_uint_const_30_ap_uint_cons_6, i16 %p_ZZ16UpConv_Fused_RowILi8EEvP7ap_uintILi256EEPKS1_RA30_S3_S6_S6_S2_DhfiiiiiE7row_4, i16 %void_UpConv_Fused_Row_ap_uint_ap_uint_const_ap_uint_const_30_ap_uint_cons_5, i16 %p_ZZ16UpConv_Fused_RowILi8EEvP7ap_uintILi256EEPKS1_RA30_S3_S6_S6_S2_DhfiiiiiE7row_3, i16 %void_UpConv_Fused_Row_ap_uint_ap_uint_const_ap_uint_const_30_ap_uint_cons_4, i16 %p_ZZ16UpConv_Fused_RowILi8EEvP7ap_uintILi256EEPKS1_RA30_S3_S6_S6_S2_DhfiiiiiE7row_2, i16 %void_UpConv_Fused_Row_ap_uint_ap_uint_const_ap_uint_const_30_ap_uint_cons_3, i16 %p_ZZ16UpConv_Fused_RowILi8EEvP7ap_uintILi256EEPKS1_RA30_S3_S6_S6_S2_DhfiiiiiE7row_1, i16 %void_UpConv_Fused_Row_ap_uint_ap_uint_const_ap_uint_const_30_ap_uint_cons_2, i16 %p_ZZ16UpConv_Fused_RowILi8EEvP7ap_uintILi256EEPKS1_RA30_S3_S6_S6_S2_DhfiiiiiE7row" [../gen/UpConv_Unified.tpp:346]   --->   Operation 215 'call' 'call_ln346' <Predicate = true> <Delay = 0.00> <CoreType = "Generic">   --->   Generic Core
ST_22 : Operation 216 [1/1] (0.00ns)   --->   "%br_ln124 = br void %for.body13.i" [../gen/UpConv_Unified.tpp:124->../gen/UpConv_Unified.tpp:349]   --->   Operation 216 'br' 'br_ln124' <Predicate = true> <Delay = 0.00>

State 23 <SV = 4> <Delay = 1.53>
ST_23 : Operation 217 [1/2] (1.53ns)   --->   "%conv44_i = hptosp i16 %epsilon_read"   --->   Operation 217 'hptosp' 'conv44_i' <Predicate = true> <Delay = 1.53> <CoreInst = "Half2Float">   --->   Core 68 'Half2Float' <Latency = 1> <II = 1> <Delay = 1.53> <FuncUnit> <Opcode : 'hptosp'> <InPorts = 1> <OutPorts = 1>

State 24 <SV = 5> <Delay = 0.77>
ST_24 : Operation 218 [1/1] (0.77ns)   --->   "%sub_i48 = add i9 %C_OUT_read, i9 511"   --->   Operation 218 'add' 'sub_i48' <Predicate = true> <Delay = 0.77> <CoreInst = "Adder">   --->   Core 1 'Adder' <Latency = 0> <II = 1> <Delay = 0.77> <FuncUnit> <Opcode : 'add' 'sub'> <InPorts = 2> <OutPorts = 1>
ST_24 : Operation 219 [1/1] (0.00ns)   --->   "%shl_ln5 = bitconcatenate i17 @_ssdm_op_BitConcatenate.i17.i16.i1, i16 %mul_ln221, i1 0" [../gen/UpConv_Unified.tpp:221->../gen/UpConv_Unified.tpp:352]   --->   Operation 219 'bitconcatenate' 'shl_ln5' <Predicate = true> <Delay = 0.00>
ST_24 : Operation 220 [2/2] (0.00ns)   --->   "%call_ln221 = call void @UpConv_Fused_Row<8>_Pipeline_PIXEL_STATS, i17 %shl_ln5, i32 %inv_C_OUT_read, i32 %conv44_i, i9 %sub_i48, i256 %b_buf, i32 %mean_buf, i16 %inv_buf, i16 %void_UpConv_Fused_Row_ap_uint_ap_uint_const_ap_uint_const_30_ap_uint_cons_9, i16 %void_UpConv_Fused_Row_ap_uint_ap_uint_const_ap_uint_const_30_ap_uint_cons_8, i16 %void_UpConv_Fused_Row_ap_uint_ap_uint_const_ap_uint_const_30_ap_uint_cons_7, i16 %void_UpConv_Fused_Row_ap_uint_ap_uint_const_ap_uint_const_30_ap_uint_cons_6, i16 %void_UpConv_Fused_Row_ap_uint_ap_uint_const_ap_uint_const_30_ap_uint_cons_5, i16 %void_UpConv_Fused_Row_ap_uint_ap_uint_const_ap_uint_const_30_ap_uint_cons_4, i16 %void_UpConv_Fused_Row_ap_uint_ap_uint_const_ap_uint_const_30_ap_uint_cons_3, i16 %void_UpConv_Fused_Row_ap_uint_ap_uint_const_ap_uint_const_30_ap_uint_cons_2, i16 %void_UpConv_Fused_Row_ap_uint_ap_uint_const_ap_uint_const_30_ap_uint_cons_1, i16 %void_UpConv_Fused_Row_ap_uint_ap_uint_const_ap_uint_const_30_ap_uint_cons, i16 %p_ZZ16UpConv_Fused_RowILi8EEvP7ap_uintILi256EEPKS1_RA30_S3_S6_S6_S2_DhfiiiiiE7row_5, i16 %p_ZZ16UpConv_Fused_RowILi8EEvP7ap_uintILi256EEPKS1_RA30_S3_S6_S6_S2_DhfiiiiiE7row_4, i16 %p_ZZ16UpConv_Fused_RowILi8EEvP7ap_uintILi256EEPKS1_RA30_S3_S6_S6_S2_DhfiiiiiE7row_3, i16 %p_ZZ16UpConv_Fused_RowILi8EEvP7ap_uintILi256EEPKS1_RA30_S3_S6_S6_S2_DhfiiiiiE7row_2, i16 %p_ZZ16UpConv_Fused_RowILi8EEvP7ap_uintILi256EEPKS1_RA30_S3_S6_S6_S2_DhfiiiiiE7row_1, i16 %p_ZZ16UpConv_Fused_RowILi8EEvP7ap_uintILi256EEPKS1_RA30_S3_S6_S6_S2_DhfiiiiiE7row" [../gen/UpConv_Unified.tpp:221->../gen/UpConv_Unified.tpp:352]   --->   Operation 220 'call' 'call_ln221' <Predicate = true> <Delay = 0.00> <CoreType = "Generic">   --->   Generic Core

State 25 <SV = 6> <Delay = 0.00>
ST_25 : Operation 221 [1/2] (0.00ns)   --->   "%call_ln221 = call void @UpConv_Fused_Row<8>_Pipeline_PIXEL_STATS, i17 %shl_ln5, i32 %inv_C_OUT_read, i32 %conv44_i, i9 %sub_i48, i256 %b_buf, i32 %mean_buf, i16 %inv_buf, i16 %void_UpConv_Fused_Row_ap_uint_ap_uint_const_ap_uint_const_30_ap_uint_cons_9, i16 %void_UpConv_Fused_Row_ap_uint_ap_uint_const_ap_uint_const_30_ap_uint_cons_8, i16 %void_UpConv_Fused_Row_ap_uint_ap_uint_const_ap_uint_const_30_ap_uint_cons_7, i16 %void_UpConv_Fused_Row_ap_uint_ap_uint_const_ap_uint_const_30_ap_uint_cons_6, i16 %void_UpConv_Fused_Row_ap_uint_ap_uint_const_ap_uint_const_30_ap_uint_cons_5, i16 %void_UpConv_Fused_Row_ap_uint_ap_uint_const_ap_uint_const_30_ap_uint_cons_4, i16 %void_UpConv_Fused_Row_ap_uint_ap_uint_const_ap_uint_const_30_ap_uint_cons_3, i16 %void_UpConv_Fused_Row_ap_uint_ap_uint_const_ap_uint_const_30_ap_uint_cons_2, i16 %void_UpConv_Fused_Row_ap_uint_ap_uint_const_ap_uint_const_30_ap_uint_cons_1, i16 %void_UpConv_Fused_Row_ap_uint_ap_uint_const_ap_uint_const_30_ap_uint_cons, i16 %p_ZZ16UpConv_Fused_RowILi8EEvP7ap_uintILi256EEPKS1_RA30_S3_S6_S6_S2_DhfiiiiiE7row_5, i16 %p_ZZ16UpConv_Fused_RowILi8EEvP7ap_uintILi256EEPKS1_RA30_S3_S6_S6_S2_DhfiiiiiE7row_4, i16 %p_ZZ16UpConv_Fused_RowILi8EEvP7ap_uintILi256EEPKS1_RA30_S3_S6_S6_S2_DhfiiiiiE7row_3, i16 %p_ZZ16UpConv_Fused_RowILi8EEvP7ap_uintILi256EEPKS1_RA30_S3_S6_S6_S2_DhfiiiiiE7row_2, i16 %p_ZZ16UpConv_Fused_RowILi8EEvP7ap_uintILi256EEPKS1_RA30_S3_S6_S6_S2_DhfiiiiiE7row_1, i16 %p_ZZ16UpConv_Fused_RowILi8EEvP7ap_uintILi256EEPKS1_RA30_S3_S6_S6_S2_DhfiiiiiE7row" [../gen/UpConv_Unified.tpp:221->../gen/UpConv_Unified.tpp:352]   --->   Operation 221 'call' 'call_ln221' <Predicate = true> <Delay = 0.00> <CoreType = "Generic">   --->   Generic Core

State 26 <SV = 7> <Delay = 0.00>
ST_26 : Operation 222 [1/1] (0.00ns)   --->   "%mul44_i = bitconcatenate i16 @_ssdm_op_BitConcatenate.i16.i15.i1, i15 %mul44_i32, i1 0"   --->   Operation 222 'bitconcatenate' 'mul44_i' <Predicate = true> <Delay = 0.00>
ST_26 : Operation 223 [2/2] (0.00ns)   --->   "%call_ln71 = call void @UpConv_Fused_Row<8>_Pipeline_PIXEL_NORM, i13 %shl_ln, i256 %g_buf, i256 %be_buf, i9 %C_OUT_read, i16 %mul44_i, i5 %C_WORDS_OUT, i64 %Y_read, i256 %gmem_out, i5 %sub_i, i32 %mean_buf, i16 %inv_buf, i16 %void_UpConv_Fused_Row_ap_uint_ap_uint_const_ap_uint_const_30_ap_uint_cons_9, i16 %void_UpConv_Fused_Row_ap_uint_ap_uint_const_ap_uint_const_30_ap_uint_cons_8, i16 %void_UpConv_Fused_Row_ap_uint_ap_uint_const_ap_uint_const_30_ap_uint_cons_7, i16 %void_UpConv_Fused_Row_ap_uint_ap_uint_const_ap_uint_const_30_ap_uint_cons_6, i16 %void_UpConv_Fused_Row_ap_uint_ap_uint_const_ap_uint_const_30_ap_uint_cons_5, i16 %void_UpConv_Fused_Row_ap_uint_ap_uint_const_ap_uint_const_30_ap_uint_cons_4, i16 %void_UpConv_Fused_Row_ap_uint_ap_uint_const_ap_uint_const_30_ap_uint_cons_3, i16 %void_UpConv_Fused_Row_ap_uint_ap_uint_const_ap_uint_const_30_ap_uint_cons_2, i16 %void_UpConv_Fused_Row_ap_uint_ap_uint_const_ap_uint_const_30_ap_uint_cons_1, i16 %void_UpConv_Fused_Row_ap_uint_ap_uint_const_ap_uint_const_30_ap_uint_cons, i16 %p_ZZ16UpConv_Fused_RowILi8EEvP7ap_uintILi256EEPKS1_RA30_S3_S6_S6_S2_DhfiiiiiE7row_5, i16 %p_ZZ16UpConv_Fused_RowILi8EEvP7ap_uintILi256EEPKS1_RA30_S3_S6_S6_S2_DhfiiiiiE7row_4, i16 %p_ZZ16UpConv_Fused_RowILi8EEvP7ap_uintILi256EEPKS1_RA30_S3_S6_S6_S2_DhfiiiiiE7row_3, i16 %p_ZZ16UpConv_Fused_RowILi8EEvP7ap_uintILi256EEPKS1_RA30_S3_S6_S6_S2_DhfiiiiiE7row_2, i16 %p_ZZ16UpConv_Fused_RowILi8EEvP7ap_uintILi256EEPKS1_RA30_S3_S6_S6_S2_DhfiiiiiE7row_1, i16 %p_ZZ16UpConv_Fused_RowILi8EEvP7ap_uintILi256EEPKS1_RA30_S3_S6_S6_S2_DhfiiiiiE7row" [../gen/UpConv_Unified.tpp:71->../gen/UpConv_Unified.tpp:344]   --->   Operation 223 'call' 'call_ln71' <Predicate = true> <Delay = 0.00> <CoreType = "Generic">   --->   Generic Core

State 27 <SV = 8> <Delay = 0.00>
ST_27 : Operation 224 [1/2] (0.00ns)   --->   "%call_ln71 = call void @UpConv_Fused_Row<8>_Pipeline_PIXEL_NORM, i13 %shl_ln, i256 %g_buf, i256 %be_buf, i9 %C_OUT_read, i16 %mul44_i, i5 %C_WORDS_OUT, i64 %Y_read, i256 %gmem_out, i5 %sub_i, i32 %mean_buf, i16 %inv_buf, i16 %void_UpConv_Fused_Row_ap_uint_ap_uint_const_ap_uint_const_30_ap_uint_cons_9, i16 %void_UpConv_Fused_Row_ap_uint_ap_uint_const_ap_uint_const_30_ap_uint_cons_8, i16 %void_UpConv_Fused_Row_ap_uint_ap_uint_const_ap_uint_const_30_ap_uint_cons_7, i16 %void_UpConv_Fused_Row_ap_uint_ap_uint_const_ap_uint_const_30_ap_uint_cons_6, i16 %void_UpConv_Fused_Row_ap_uint_ap_uint_const_ap_uint_const_30_ap_uint_cons_5, i16 %void_UpConv_Fused_Row_ap_uint_ap_uint_const_ap_uint_const_30_ap_uint_cons_4, i16 %void_UpConv_Fused_Row_ap_uint_ap_uint_const_ap_uint_const_30_ap_uint_cons_3, i16 %void_UpConv_Fused_Row_ap_uint_ap_uint_const_ap_uint_const_30_ap_uint_cons_2, i16 %void_UpConv_Fused_Row_ap_uint_ap_uint_const_ap_uint_const_30_ap_uint_cons_1, i16 %void_UpConv_Fused_Row_ap_uint_ap_uint_const_ap_uint_const_30_ap_uint_cons, i16 %p_ZZ16UpConv_Fused_RowILi8EEvP7ap_uintILi256EEPKS1_RA30_S3_S6_S6_S2_DhfiiiiiE7row_5, i16 %p_ZZ16UpConv_Fused_RowILi8EEvP7ap_uintILi256EEPKS1_RA30_S3_S6_S6_S2_DhfiiiiiE7row_4, i16 %p_ZZ16UpConv_Fused_RowILi8EEvP7ap_uintILi256EEPKS1_RA30_S3_S6_S6_S2_DhfiiiiiE7row_3, i16 %p_ZZ16UpConv_Fused_RowILi8EEvP7ap_uintILi256EEPKS1_RA30_S3_S6_S6_S2_DhfiiiiiE7row_2, i16 %p_ZZ16UpConv_Fused_RowILi8EEvP7ap_uintILi256EEPKS1_RA30_S3_S6_S6_S2_DhfiiiiiE7row_1, i16 %p_ZZ16UpConv_Fused_RowILi8EEvP7ap_uintILi256EEPKS1_RA30_S3_S6_S6_S2_DhfiiiiiE7row" [../gen/UpConv_Unified.tpp:71->../gen/UpConv_Unified.tpp:344]   --->   Operation 224 'call' 'call_ln71' <Predicate = true> <Delay = 0.00> <CoreType = "Generic">   --->   Generic Core
ST_27 : Operation 225 [1/1] (0.00ns)   --->   "%ret_ln354 = ret" [../gen/UpConv_Unified.tpp:354]   --->   Operation 225 'ret' 'ret_ln354' <Predicate = true> <Delay = 0.00>


============================================================
+ Verbose Summary: Timing violations
============================================================
Target clock period: 3.333ns, clock uncertainty: 0.900ns.

 <State 1>: 2.426ns
The critical path consists of the following:
	wire read operation ('C_OUT_read') on port 'C_OUT' [35]  (0.000 ns)
	'add' operation 9 bit ('add_ln317', ../gen/UpConv_Unified.tpp:317) [68]  (0.776 ns)
	'mul' operation 12 bit ('mul_ln71', ../gen/UpConv_Unified.tpp:71->../gen/UpConv_Unified.tpp:344) [101]  (1.650 ns)

 <State 2>: 2.036ns
The critical path consists of the following:
	'add' operation 5 bit ('sub_i', ../gen/UpConv_Unified.tpp:317) [98]  (0.789 ns)
	'call' operation 0 bit ('call_ln71', ../gen/UpConv_Unified.tpp:71->../gen/UpConv_Unified.tpp:344) to 'UpConv_Fused_Row<8>_Pipeline_RESET_ROW_ACC' [103]  (1.247 ns)

 <State 3>: 1.674ns
The critical path consists of the following:
	'call' operation 0 bit ('call_ln71', ../gen/UpConv_Unified.tpp:71->../gen/UpConv_Unified.tpp:344) to 'UpConv_Fused_Row<8>_Pipeline_RESET_ROW_ACC' [103]  (1.674 ns)

 <State 4>: 1.740ns
The critical path consists of the following:
	'mul' operation 16 bit ('mul_ln221', ../gen/UpConv_Unified.tpp:221->../gen/UpConv_Unified.tpp:352) [229]  (1.740 ns)

 <State 5>: 1.593ns
The critical path consists of the following:
	'phi' operation 4 bit ('tc', ../gen/UpConv_Unified.tpp:90->../gen/UpConv_Unified.tpp:348) with incoming values : ('add_ln90_1', ../gen/UpConv_Unified.tpp:90->../gen/UpConv_Unified.tpp:348) [134]  (0.000 ns)
	'add' operation 7 bit ('add_ln90_2', ../gen/UpConv_Unified.tpp:90->../gen/UpConv_Unified.tpp:348) [145]  (0.773 ns)
	'add' operation 13 bit ('tmp', ../gen/UpConv_Unified.tpp:90->../gen/UpConv_Unified.tpp:348) [147]  (0.820 ns)

 <State 6>: 2.236ns
The critical path consists of the following:
	'mul' operation 18 bit ('mul_ln90', ../gen/UpConv_Unified.tpp:90->../gen/UpConv_Unified.tpp:348) [149]  (2.236 ns)

 <State 7>: 1.552ns
The critical path consists of the following:
	'add' operation 9 bit ('add_ln91', ../gen/UpConv_Unified.tpp:91->../gen/UpConv_Unified.tpp:348) [153]  (0.776 ns)
	'icmp' operation 1 bit ('icmp_ln92', ../gen/UpConv_Unified.tpp:92->../gen/UpConv_Unified.tpp:348) [154]  (0.776 ns)

 <State 8>: 2.433ns
The critical path consists of the following:
	'getelementptr' operation 256 bit ('gmem_weight_addr', ../gen/UpConv_Unified.tpp:94->../gen/UpConv_Unified.tpp:348) [159]  (0.000 ns)
	bus request operation ('empty', ../gen/UpConv_Unified.tpp:94->../gen/UpConv_Unified.tpp:348) on port 'gmem_weight' (../gen/UpConv_Unified.tpp:94->../gen/UpConv_Unified.tpp:348) [160]  (2.433 ns)

 <State 9>: 2.433ns
The critical path consists of the following:
	bus request operation ('empty', ../gen/UpConv_Unified.tpp:94->../gen/UpConv_Unified.tpp:348) on port 'gmem_weight' (../gen/UpConv_Unified.tpp:94->../gen/UpConv_Unified.tpp:348) [160]  (2.433 ns)

 <State 10>: 2.433ns
The critical path consists of the following:
	bus request operation ('empty', ../gen/UpConv_Unified.tpp:94->../gen/UpConv_Unified.tpp:348) on port 'gmem_weight' (../gen/UpConv_Unified.tpp:94->../gen/UpConv_Unified.tpp:348) [160]  (2.433 ns)

 <State 11>: 2.433ns
The critical path consists of the following:
	bus request operation ('empty', ../gen/UpConv_Unified.tpp:94->../gen/UpConv_Unified.tpp:348) on port 'gmem_weight' (../gen/UpConv_Unified.tpp:94->../gen/UpConv_Unified.tpp:348) [160]  (2.433 ns)

 <State 12>: 2.433ns
The critical path consists of the following:
	bus request operation ('empty', ../gen/UpConv_Unified.tpp:94->../gen/UpConv_Unified.tpp:348) on port 'gmem_weight' (../gen/UpConv_Unified.tpp:94->../gen/UpConv_Unified.tpp:348) [160]  (2.433 ns)

 <State 13>: 2.433ns
The critical path consists of the following:
	bus request operation ('empty', ../gen/UpConv_Unified.tpp:94->../gen/UpConv_Unified.tpp:348) on port 'gmem_weight' (../gen/UpConv_Unified.tpp:94->../gen/UpConv_Unified.tpp:348) [160]  (2.433 ns)

 <State 14>: 2.433ns
The critical path consists of the following:
	bus request operation ('empty', ../gen/UpConv_Unified.tpp:94->../gen/UpConv_Unified.tpp:348) on port 'gmem_weight' (../gen/UpConv_Unified.tpp:94->../gen/UpConv_Unified.tpp:348) [160]  (2.433 ns)

 <State 15>: 2.433ns
The critical path consists of the following:
	bus request operation ('empty', ../gen/UpConv_Unified.tpp:94->../gen/UpConv_Unified.tpp:348) on port 'gmem_weight' (../gen/UpConv_Unified.tpp:94->../gen/UpConv_Unified.tpp:348) [160]  (2.433 ns)

 <State 16>: 1.214ns
The critical path consists of the following:
	'call' operation 0 bit ('call_ln316', ../gen/UpConv_Unified.tpp:316) to 'UpConv_Fused_Row<8>_Pipeline_W_FLAT' [161]  (1.214 ns)

 <State 17>: 0.000ns
The critical path consists of the following:

 <State 18>: 1.792ns
The critical path consists of the following:
	'phi' operation 2 bit ('kh') with incoming values : ('kh', ../gen/UpConv_Unified.tpp:116->../gen/UpConv_Unified.tpp:349) [176]  (0.000 ns)
	'sub' operation 10 bit ('hpk', ../gen/UpConv_Unified.tpp:118->../gen/UpConv_Unified.tpp:349) [185]  (0.776 ns)
	'icmp' operation 1 bit ('icmp_ln119', ../gen/UpConv_Unified.tpp:119->../gen/UpConv_Unified.tpp:349) [189]  (1.016 ns)

 <State 19>: 1.650ns
The critical path consists of the following:
	'mul' operation 11 bit ('mul_ln124', ../gen/UpConv_Unified.tpp:124->../gen/UpConv_Unified.tpp:349) [202]  (1.650 ns)

 <State 20>: 2.027ns
The critical path consists of the following:
	'phi' operation 2 bit ('kw') with incoming values : ('kw', ../gen/UpConv_Unified.tpp:124->../gen/UpConv_Unified.tpp:349) [205]  (0.000 ns)
	'add' operation 4 bit ('k', ../gen/UpConv_Unified.tpp:126->../gen/UpConv_Unified.tpp:349) [213]  (0.797 ns)
	'mul' operation 9 bit ('mul_ln130', ../gen/UpConv_Unified.tpp:130->../gen/UpConv_Unified.tpp:349) [216]  (1.230 ns)

 <State 21>: 0.776ns
The critical path consists of the following:
	'call' operation 0 bit ('call_ln346', ../gen/UpConv_Unified.tpp:346) to 'UpConv_Fused_Row<8>_Pipeline_FLAT_LOOP' [217]  (0.776 ns)

 <State 22>: 0.000ns
The critical path consists of the following:

 <State 23>: 1.530ns
The critical path consists of the following:
	'hptosp' operation 32 bit ('conv44_i') [228]  (1.530 ns)

 <State 24>: 0.776ns
The critical path consists of the following:
	'add' operation 9 bit ('sub_i48') [227]  (0.776 ns)

 <State 25>: 0.000ns
The critical path consists of the following:

 <State 26>: 0.000ns
The critical path consists of the following:

 <State 27>: 0.000ns
The critical path consists of the following:


============================================================
+ Verbose Summary: Binding
============================================================
N/A
* FSMD analyzer results:
  - Output states:
 - Input state : 
  - Chain level:
	State 1
	State 2
	State 3
	State 4
	State 5
	State 6
	State 7
	State 8
	State 9
	State 10
	State 11
	State 12
	State 13
	State 14
	State 15
	State 16
	State 17
	State 18
	State 19
	State 20
	State 21
	State 22
	State 23
	State 24
	State 25
	State 26
	State 27


============================================================
+ Verbose Summary: Datapath Resource usage 
============================================================
N/A
