

================================================================
== Vitis HLS Report for 'UpConv_Fused_Row_8_64_64_240_120_Pipeline_W_FLAT'
================================================================
* Date:           Mon Jun  1 23:46:37 2026

* Version:        2024.2 (Build 5238294 on Nov  8 2024)
* Project:        upconv_core_top
* Solution:       hls (Vivado IP Flow Target)
* Product family: zynquplus
* Target device:  xczu7ev-ffvc1156-2-e


================================================================
== Performance Estimates
================================================================
+ Timing: 
    * Summary: 
    +--------+---------+----------+------------+
    |  Clock |  Target | Estimated| Uncertainty|
    +--------+---------+----------+------------+
    |ap_clk  |  3.33 ns|  2.908 ns|     0.90 ns|
    +--------+---------+----------+------------+

+ Latency: 
    * Summary: 
    +---------+---------+----------+----------+-----+-----+------------------------------------------------+
    |  Latency (cycles) |  Latency (absolute) |  Interval |                    Pipeline                    |
    |   min   |   max   |    min   |    max   | min | max |                      Type                      |
    +---------+---------+----------+----------+-----+-----+------------------------------------------------+
    |      147|      147|  0.490 us|  0.490 us|  136|  136|  loop auto-rewind stp (delay=0 clock cycles(s))|
    +---------+---------+----------+----------+-----+-----+------------------------------------------------+

    + Detail: 
        * Instance: 
        N/A

        * Loop: 
        +----------+---------+---------+----------+-----------+-----------+------+----------+
        |          |  Latency (cycles) | Iteration|  Initiation Interval  | Trip |          |
        | Loop Name|   min   |   max   |  Latency |  achieved |   target  | Count| Pipelined|
        +----------+---------+---------+----------+-----------+-----------+------+----------+
        |- W_FLAT  |      145|      145|        12|          1|          1|   135|       yes|
        +----------+---------+---------+----------+-----------+-----------+------+----------+

============================================================
+ Verbose Summary: Synthesis Manager
============================================================
InlineROM: 1
ExposeGlobal: 0
============================================================
+ Verbose Summary: CDFG Model
============================================================
IsTopModel: 0
ResetActiveHigh: 1
IsCombinational: 0
IsDatapathOnly: 0
HasWiredReturn: 1
HasMFsm: 2
HasVarLatency: 1
IsPipeline: 0
IsRtlPipelined: 0
IsInstanceOverlapped: 0
IsDontTouch: 0
HasImplIP: 0
IsGatedGlobalClock: 0

+ Individual pipeline summary: 
  * Pipeline-0: initiation interval (II) = 1, depth = 12


============================================================
+ Verbose Summary: Schedule
============================================================
* Number of FSM states : 12
* Pipeline : 1
  Pipeline-0 : II = 1, D = 12, States = { 1 2 3 4 5 6 7 8 9 10 11 12 }
* Dataflow Pipeline: 0

* FSM state transitions: 
1 --> 2 
2 --> 3 
3 --> 4 
4 --> 5 
5 --> 6 
6 --> 7 
7 --> 8 
8 --> 9 
9 --> 10 
10 --> 11 
11 --> 12 
12 --> 

* FSM state operations: 

State 1 <SV = 0> <Delay = 1.61>
ST_1 : Operation 15 [1/1] (0.00ns)   --->   "%kci = alloca i32 1" [../gen/Hls_Layers_UpConv.tpp:142]   --->   Operation 15 'alloca' 'kci' <Predicate = true> <Delay = 0.00>
ST_1 : Operation 16 [1/1] (0.00ns)   --->   "%ci_cnt = alloca i32 1" [../gen/Hls_Layers_UpConv.tpp:141]   --->   Operation 16 'alloca' 'ci_cnt' <Predicate = true> <Delay = 0.00>
ST_1 : Operation 17 [1/1] (0.00ns)   --->   "%k_cnt = alloca i32 1" [../gen/Hls_Layers_UpConv.tpp:141]   --->   Operation 17 'alloca' 'k_cnt' <Predicate = true> <Delay = 0.00>
ST_1 : Operation 18 [1/1] (0.00ns)   --->   "%tc_read = read i3 @_ssdm_op_Read.ap_auto.i3, i3 %tc"   --->   Operation 18 'read' 'tc_read' <Predicate = true> <Delay = 0.00>
ST_1 : Operation 19 [1/1] (0.00ns)   --->   "%W_ptr_read = read i64 @_ssdm_op_Read.ap_auto.i64, i64 %W_ptr"   --->   Operation 19 'read' 'W_ptr_read' <Predicate = true> <Delay = 0.00>
ST_1 : Operation 20 [1/1] (0.00ns)   --->   "%p_cast17_read = read i11 @_ssdm_op_Read.ap_auto.i11, i11 %p_cast17"   --->   Operation 20 'read' 'p_cast17_read' <Predicate = true> <Delay = 0.00>
ST_1 : Operation 21 [1/1] (0.00ns)   --->   "%p_cast17_cast = zext i11 %p_cast17_read"   --->   Operation 21 'zext' 'p_cast17_cast' <Predicate = true> <Delay = 0.00>
ST_1 : Operation 22 [1/1] (0.00ns)   --->   "%specmemcore_ln0 = specmemcore void @_ssdm_op_SpecMemCore, i256 %w_local_7, i64 666, i64 30, i64 18446744073709551615"   --->   Operation 22 'specmemcore' 'specmemcore_ln0' <Predicate = true> <Delay = 0.00>
ST_1 : Operation 23 [1/1] (0.00ns)   --->   "%specmemcore_ln0 = specmemcore void @_ssdm_op_SpecMemCore, i256 %w_local_6, i64 666, i64 30, i64 18446744073709551615"   --->   Operation 23 'specmemcore' 'specmemcore_ln0' <Predicate = true> <Delay = 0.00>
ST_1 : Operation 24 [1/1] (0.00ns)   --->   "%specmemcore_ln0 = specmemcore void @_ssdm_op_SpecMemCore, i256 %w_local_5, i64 666, i64 30, i64 18446744073709551615"   --->   Operation 24 'specmemcore' 'specmemcore_ln0' <Predicate = true> <Delay = 0.00>
ST_1 : Operation 25 [1/1] (0.00ns)   --->   "%specmemcore_ln0 = specmemcore void @_ssdm_op_SpecMemCore, i256 %w_local_4, i64 666, i64 30, i64 18446744073709551615"   --->   Operation 25 'specmemcore' 'specmemcore_ln0' <Predicate = true> <Delay = 0.00>
ST_1 : Operation 26 [1/1] (0.00ns)   --->   "%specmemcore_ln0 = specmemcore void @_ssdm_op_SpecMemCore, i256 %w_local_3, i64 666, i64 30, i64 18446744073709551615"   --->   Operation 26 'specmemcore' 'specmemcore_ln0' <Predicate = true> <Delay = 0.00>
ST_1 : Operation 27 [1/1] (0.00ns)   --->   "%specmemcore_ln0 = specmemcore void @_ssdm_op_SpecMemCore, i256 %w_local_2, i64 666, i64 30, i64 18446744073709551615"   --->   Operation 27 'specmemcore' 'specmemcore_ln0' <Predicate = true> <Delay = 0.00>
ST_1 : Operation 28 [1/1] (0.00ns)   --->   "%specmemcore_ln0 = specmemcore void @_ssdm_op_SpecMemCore, i256 %w_local_1, i64 666, i64 30, i64 18446744073709551615"   --->   Operation 28 'specmemcore' 'specmemcore_ln0' <Predicate = true> <Delay = 0.00>
ST_1 : Operation 29 [1/1] (0.00ns)   --->   "%specmemcore_ln0 = specmemcore void @_ssdm_op_SpecMemCore, i256 %w_local, i64 666, i64 30, i64 18446744073709551615"   --->   Operation 29 'specmemcore' 'specmemcore_ln0' <Predicate = true> <Delay = 0.00>
ST_1 : Operation 30 [1/1] (0.00ns)   --->   "%specinterface_ln0 = specinterface void @_ssdm_op_SpecInterface, i256 %gmem_weight, void @empty_3, i32 0, i32 0, void @empty_15, i32 0, i32 0, void @empty_26, void @empty_14, void @empty_15, i32 16, i32 16, i32 64, i32 16, void @empty_15, void @empty_15, i32 4294967295, i32 0, i32 0"   --->   Operation 30 'specinterface' 'specinterface_ln0' <Predicate = true> <Delay = 0.00>
ST_1 : Operation 31 [1/1] (0.42ns)   --->   "%store_ln141 = store i32 0, i32 %k_cnt" [../gen/Hls_Layers_UpConv.tpp:141]   --->   Operation 31 'store' 'store_ln141' <Predicate = true> <Delay = 0.42>
ST_1 : Operation 32 [1/1] (0.42ns)   --->   "%store_ln141 = store i32 0, i32 %ci_cnt" [../gen/Hls_Layers_UpConv.tpp:141]   --->   Operation 32 'store' 'store_ln141' <Predicate = true> <Delay = 0.42>
ST_1 : Operation 33 [1/1] (0.42ns)   --->   "%store_ln142 = store i8 0, i8 %kci" [../gen/Hls_Layers_UpConv.tpp:142]   --->   Operation 33 'store' 'store_ln142' <Predicate = true> <Delay = 0.42>
ST_1 : Operation 34 [1/1] (0.00ns)   --->   "%br_ln142 = br void %for.body28" [../gen/Hls_Layers_UpConv.tpp:142]   --->   Operation 34 'br' 'br_ln142' <Predicate = true> <Delay = 0.00>
ST_1 : Operation 35 [1/1] (0.00ns)   --->   "%kci_1 = load i8 %kci" [../gen/Hls_Layers_UpConv.tpp:142]   --->   Operation 35 'load' 'kci_1' <Predicate = true> <Delay = 0.00>
ST_1 : Operation 36 [1/1] (0.76ns)   --->   "%icmp_ln142 = icmp_eq  i8 %kci_1, i8 135" [../gen/Hls_Layers_UpConv.tpp:142]   --->   Operation 36 'icmp' 'icmp_ln142' <Predicate = true> <Delay = 0.76> <CoreInst = "Cmp">   --->   Core 9 'Cmp' <Latency = 0> <II = 1> <Delay = 0.76> <FuncUnit> <Opcode : 'seteq' 'setne' 'setle' 'setge' 'setlt' 'setgt'> <InPorts = 2> <OutPorts = 1>
ST_1 : Operation 37 [1/1] (0.76ns)   --->   "%kci_2 = add i8 %kci_1, i8 1" [../gen/Hls_Layers_UpConv.tpp:142]   --->   Operation 37 'add' 'kci_2' <Predicate = true> <Delay = 0.76> <CoreInst = "Adder">   --->   Core 1 'Adder' <Latency = 0> <II = 1> <Delay = 0.76> <FuncUnit> <Opcode : 'add' 'sub'> <InPorts = 2> <OutPorts = 1>
ST_1 : Operation 38 [1/1] (0.00ns)   --->   "%br_ln142 = br i1 %icmp_ln142, void %for.body28.split, void %for.inc50.loopexit.exitStub" [../gen/Hls_Layers_UpConv.tpp:142]   --->   Operation 38 'br' 'br_ln142' <Predicate = true> <Delay = 0.00>
ST_1 : Operation 39 [1/1] (0.67ns)   --->   "%switch_ln144 = switch i3 %tc_read, void %arrayidx4012.case.7, i3 0, void %arrayidx4012.case.0, i3 1, void %arrayidx4012.case.1, i3 2, void %arrayidx4012.case.2, i3 3, void %arrayidx4012.case.3, i3 4, void %arrayidx4012.case.4, i3 5, void %arrayidx4012.case.5, i3 6, void %arrayidx4012.case.6" [../gen/Hls_Layers_UpConv.tpp:144]   --->   Operation 39 'switch' 'switch_ln144' <Predicate = (!icmp_ln142)> <Delay = 0.67>
ST_1 : Operation 40 [1/1] (0.42ns)   --->   "%store_ln142 = store i8 %kci_2, i8 %kci" [../gen/Hls_Layers_UpConv.tpp:142]   --->   Operation 40 'store' 'store_ln142' <Predicate = (!icmp_ln142)> <Delay = 0.42>

State 2 <SV = 1> <Delay = 2.90>
ST_2 : Operation 41 [1/1] (0.00ns)   --->   "%ci_cnt_load = load i32 %ci_cnt" [../gen/Hls_Layers_UpConv.tpp:142]   --->   Operation 41 'load' 'ci_cnt_load' <Predicate = true> <Delay = 0.00>
ST_2 : Operation 42 [1/1] (0.00ns)   --->   "%k_cnt_load = load i32 %k_cnt" [../gen/Hls_Layers_UpConv.tpp:144]   --->   Operation 42 'load' 'k_cnt_load' <Predicate = true> <Delay = 0.00>
ST_2 : Operation 43 [1/1] (0.00ns)   --->   "%trunc_ln142 = trunc i32 %ci_cnt_load" [../gen/Hls_Layers_UpConv.tpp:142]   --->   Operation 43 'trunc' 'trunc_ln142' <Predicate = true> <Delay = 0.00>
ST_2 : Operation 44 [1/1] (0.00ns)   --->   "%trunc_ln142_1 = trunc i32 %k_cnt_load" [../gen/Hls_Layers_UpConv.tpp:142]   --->   Operation 44 'trunc' 'trunc_ln142_1' <Predicate = true> <Delay = 0.00>
ST_2 : Operation 45 [1/1] (1.01ns)   --->   "%add_ln144 = add i32 %k_cnt_load, i32 %p_cast17_cast" [../gen/Hls_Layers_UpConv.tpp:144]   --->   Operation 45 'add' 'add_ln144' <Predicate = true> <Delay = 1.01> <CoreInst = "Adder">   --->   Core 1 'Adder' <Latency = 0> <II = 1> <Delay = 1.01> <FuncUnit> <Opcode : 'add' 'sub'> <InPorts = 2> <OutPorts = 1>
ST_2 : Operation 46 [1/1] (0.00ns)   --->   "%shl_ln144 = shl i32 %add_ln144, i32 4" [../gen/Hls_Layers_UpConv.tpp:144]   --->   Operation 46 'shl' 'shl_ln144' <Predicate = true> <Delay = 0.00>
ST_2 : Operation 47 [1/1] (0.00ns) (grouped into TernaryAdder)   --->   "%sub_ln144 = sub i32 %shl_ln144, i32 %add_ln144" [../gen/Hls_Layers_UpConv.tpp:144]   --->   Operation 47 'sub' 'sub_ln144' <Predicate = true> <Delay = 0.00> <CoreInst = "TAddSub">   --->   Core 10 'TAddSub' <Latency = 0> <II = 1> <Delay = 0.52> <IPBlock> <Opcode : '' 'add' 'sub'> <InPorts = 3> <OutPorts = 1> <Sync> <CReg>
ST_2 : Operation 48 [1/1] (0.73ns) (root node of TernaryAdder)   --->   "%add_ln144_1 = add i32 %sub_ln144, i32 %ci_cnt_load" [../gen/Hls_Layers_UpConv.tpp:144]   --->   Operation 48 'add' 'add_ln144_1' <Predicate = true> <Delay = 0.73> <CoreInst = "TAddSub">   --->   Core 10 'TAddSub' <Latency = 0> <II = 1> <Delay = 0.52> <IPBlock> <Opcode : '' 'add' 'sub'> <InPorts = 3> <OutPorts = 1> <Sync> <CReg>
ST_2 : Operation 49 [1/1] (0.00ns)   --->   "%shl_ln3 = bitconcatenate i37 @_ssdm_op_BitConcatenate.i37.i32.i5, i32 %add_ln144_1, i5 0" [../gen/Hls_Layers_UpConv.tpp:144]   --->   Operation 49 'bitconcatenate' 'shl_ln3' <Predicate = true> <Delay = 0.00>
ST_2 : Operation 50 [1/1] (0.00ns)   --->   "%sext_ln144 = sext i37 %shl_ln3" [../gen/Hls_Layers_UpConv.tpp:144]   --->   Operation 50 'sext' 'sext_ln144' <Predicate = true> <Delay = 0.00>
ST_2 : Operation 51 [1/1] (1.08ns)   --->   "%add_ln144_2 = add i64 %sext_ln144, i64 %W_ptr_read" [../gen/Hls_Layers_UpConv.tpp:144]   --->   Operation 51 'add' 'add_ln144_2' <Predicate = true> <Delay = 1.08> <CoreInst = "Adder">   --->   Core 1 'Adder' <Latency = 0> <II = 1> <Delay = 1.08> <FuncUnit> <Opcode : 'add' 'sub'> <InPorts = 2> <OutPorts = 1>
ST_2 : Operation 52 [1/1] (0.00ns)   --->   "%trunc_ln144 = trunc i32 %k_cnt_load" [../gen/Hls_Layers_UpConv.tpp:144]   --->   Operation 52 'trunc' 'trunc_ln144' <Predicate = true> <Delay = 0.00>
ST_2 : Operation 53 [1/1] (0.00ns)   --->   "%p_shl = bitconcatenate i8 @_ssdm_op_BitConcatenate.i8.i4.i4, i4 %trunc_ln144, i4 0" [../gen/Hls_Layers_UpConv.tpp:144]   --->   Operation 53 'bitconcatenate' 'p_shl' <Predicate = true> <Delay = 0.00>
ST_2 : Operation 54 [1/1] (0.00ns) (grouped into TernaryAdder)   --->   "%sub_ln144_1 = sub i8 %p_shl, i8 %trunc_ln142_1" [../gen/Hls_Layers_UpConv.tpp:144]   --->   Operation 54 'sub' 'sub_ln144_1' <Predicate = true> <Delay = 0.00> <CoreInst = "TAddSub">   --->   Core 10 'TAddSub' <Latency = 0> <II = 1> <Delay = 0.52> <IPBlock> <Opcode : '' 'add' 'sub'> <InPorts = 3> <OutPorts = 1> <Sync> <CReg>
ST_2 : Operation 55 [1/1] (1.05ns) (root node of TernaryAdder)   --->   "%add_ln144_3 = add i8 %sub_ln144_1, i8 %trunc_ln142" [../gen/Hls_Layers_UpConv.tpp:144]   --->   Operation 55 'add' 'add_ln144_3' <Predicate = true> <Delay = 1.05> <CoreInst = "TAddSub">   --->   Core 10 'TAddSub' <Latency = 0> <II = 1> <Delay = 0.52> <IPBlock> <Opcode : '' 'add' 'sub'> <InPorts = 3> <OutPorts = 1> <Sync> <CReg>
ST_2 : Operation 56 [1/1] (0.00ns)   --->   "%trunc_ln8 = partselect i59 @_ssdm_op_PartSelect.i59.i64.i32.i32, i64 %add_ln144_2, i32 5, i32 63" [../gen/Hls_Layers_UpConv.tpp:144]   --->   Operation 56 'partselect' 'trunc_ln8' <Predicate = true> <Delay = 0.00>
ST_2 : Operation 57 [1/1] (0.00ns)   --->   "%ci_cnt_load_1 = load i32 %ci_cnt" [../gen/Hls_Layers_UpConv.tpp:145]   --->   Operation 57 'load' 'ci_cnt_load_1' <Predicate = true> <Delay = 0.00>
ST_2 : Operation 58 [1/1] (0.00ns)   --->   "%k_cnt_load_1 = load i32 %k_cnt" [../gen/Hls_Layers_UpConv.tpp:146]   --->   Operation 58 'load' 'k_cnt_load_1' <Predicate = true> <Delay = 0.00>
ST_2 : Operation 59 [1/1] (1.01ns)   --->   "%ci_cnt_1 = add i32 %ci_cnt_load_1, i32 1" [../gen/Hls_Layers_UpConv.tpp:145]   --->   Operation 59 'add' 'ci_cnt_1' <Predicate = true> <Delay = 1.01> <CoreInst = "Adder">   --->   Core 1 'Adder' <Latency = 0> <II = 1> <Delay = 1.01> <FuncUnit> <Opcode : 'add' 'sub'> <InPorts = 2> <OutPorts = 1>
ST_2 : Operation 60 [1/1] (1.01ns)   --->   "%icmp_ln146 = icmp_sgt  i32 %ci_cnt_1, i32 14" [../gen/Hls_Layers_UpConv.tpp:146]   --->   Operation 60 'icmp' 'icmp_ln146' <Predicate = true> <Delay = 1.01> <CoreInst = "Cmp">   --->   Core 9 'Cmp' <Latency = 0> <II = 1> <Delay = 1.01> <FuncUnit> <Opcode : 'seteq' 'setne' 'setle' 'setge' 'setlt' 'setgt'> <InPorts = 2> <OutPorts = 1>
ST_2 : Operation 61 [1/1] (1.01ns)   --->   "%add_ln146 = add i32 %k_cnt_load_1, i32 1" [../gen/Hls_Layers_UpConv.tpp:146]   --->   Operation 61 'add' 'add_ln146' <Predicate = true> <Delay = 1.01> <CoreInst = "Adder">   --->   Core 1 'Adder' <Latency = 0> <II = 1> <Delay = 1.01> <FuncUnit> <Opcode : 'add' 'sub'> <InPorts = 2> <OutPorts = 1>
ST_2 : Operation 62 [1/1] (0.44ns)   --->   "%ci_cnt_2 = select i1 %icmp_ln146, i32 0, i32 %ci_cnt_1" [../gen/Hls_Layers_UpConv.tpp:146]   --->   Operation 62 'select' 'ci_cnt_2' <Predicate = true> <Delay = 0.44> <CoreInst = "Sel">   --->   Core 73 'Sel' <Latency = 0> <II = 1> <Delay = 0.44> <FuncUnit> <Opcode : 'select'> <InPorts = 3> <OutPorts = 1>
ST_2 : Operation 63 [1/1] (0.44ns)   --->   "%k_cnt_1 = select i1 %icmp_ln146, i32 %add_ln146, i32 %k_cnt_load_1" [../gen/Hls_Layers_UpConv.tpp:146]   --->   Operation 63 'select' 'k_cnt_1' <Predicate = true> <Delay = 0.44> <CoreInst = "Sel">   --->   Core 73 'Sel' <Latency = 0> <II = 1> <Delay = 0.44> <FuncUnit> <Opcode : 'select'> <InPorts = 3> <OutPorts = 1>
ST_2 : Operation 64 [1/1] (0.42ns)   --->   "%store_ln141 = store i32 %k_cnt_1, i32 %k_cnt" [../gen/Hls_Layers_UpConv.tpp:141]   --->   Operation 64 'store' 'store_ln141' <Predicate = true> <Delay = 0.42>
ST_2 : Operation 65 [1/1] (0.42ns)   --->   "%store_ln141 = store i32 %ci_cnt_2, i32 %ci_cnt" [../gen/Hls_Layers_UpConv.tpp:141]   --->   Operation 65 'store' 'store_ln141' <Predicate = true> <Delay = 0.42>
ST_2 : Operation 66 [1/1] (0.00ns)   --->   "%br_ln142 = br void %for.body28" [../gen/Hls_Layers_UpConv.tpp:142]   --->   Operation 66 'br' 'br_ln142' <Predicate = true> <Delay = 0.00>

State 3 <SV = 2> <Delay = 2.43>
ST_3 : Operation 67 [1/1] (0.00ns)   --->   "%sext_ln144_1 = sext i59 %trunc_ln8" [../gen/Hls_Layers_UpConv.tpp:144]   --->   Operation 67 'sext' 'sext_ln144_1' <Predicate = true> <Delay = 0.00>
ST_3 : Operation 68 [1/1] (0.00ns)   --->   "%gmem_weight_addr = getelementptr i256 %gmem_weight, i64 %sext_ln144_1" [../gen/Hls_Layers_UpConv.tpp:144]   --->   Operation 68 'getelementptr' 'gmem_weight_addr' <Predicate = true> <Delay = 0.00>
ST_3 : Operation 69 [8/8] (2.43ns)   --->   "%gmem_weight_load_req = readreq i1 @_ssdm_op_ReadReq.m_axi.i256P1A, i256 %gmem_weight_addr, i64 1" [../gen/Hls_Layers_UpConv.tpp:144]   --->   Operation 69 'readreq' 'gmem_weight_load_req' <Predicate = true> <Delay = 2.43> <CoreInst = "m_axi">   --->   Core 119 'm_axi' <Latency = 6> <II = 1> <Delay = 1.00> <Adapter> <Opcode : 'read' 'write' 'readreq' 'writereq' 'writeresp'>

State 4 <SV = 3> <Delay = 2.43>
ST_4 : Operation 70 [7/8] (2.43ns)   --->   "%gmem_weight_load_req = readreq i1 @_ssdm_op_ReadReq.m_axi.i256P1A, i256 %gmem_weight_addr, i64 1" [../gen/Hls_Layers_UpConv.tpp:144]   --->   Operation 70 'readreq' 'gmem_weight_load_req' <Predicate = true> <Delay = 2.43> <CoreInst = "m_axi">   --->   Core 119 'm_axi' <Latency = 6> <II = 1> <Delay = 1.00> <Adapter> <Opcode : 'read' 'write' 'readreq' 'writereq' 'writeresp'>

State 5 <SV = 4> <Delay = 2.43>
ST_5 : Operation 71 [6/8] (2.43ns)   --->   "%gmem_weight_load_req = readreq i1 @_ssdm_op_ReadReq.m_axi.i256P1A, i256 %gmem_weight_addr, i64 1" [../gen/Hls_Layers_UpConv.tpp:144]   --->   Operation 71 'readreq' 'gmem_weight_load_req' <Predicate = true> <Delay = 2.43> <CoreInst = "m_axi">   --->   Core 119 'm_axi' <Latency = 6> <II = 1> <Delay = 1.00> <Adapter> <Opcode : 'read' 'write' 'readreq' 'writereq' 'writeresp'>

State 6 <SV = 5> <Delay = 2.43>
ST_6 : Operation 72 [5/8] (2.43ns)   --->   "%gmem_weight_load_req = readreq i1 @_ssdm_op_ReadReq.m_axi.i256P1A, i256 %gmem_weight_addr, i64 1" [../gen/Hls_Layers_UpConv.tpp:144]   --->   Operation 72 'readreq' 'gmem_weight_load_req' <Predicate = true> <Delay = 2.43> <CoreInst = "m_axi">   --->   Core 119 'm_axi' <Latency = 6> <II = 1> <Delay = 1.00> <Adapter> <Opcode : 'read' 'write' 'readreq' 'writereq' 'writeresp'>

State 7 <SV = 6> <Delay = 2.43>
ST_7 : Operation 73 [4/8] (2.43ns)   --->   "%gmem_weight_load_req = readreq i1 @_ssdm_op_ReadReq.m_axi.i256P1A, i256 %gmem_weight_addr, i64 1" [../gen/Hls_Layers_UpConv.tpp:144]   --->   Operation 73 'readreq' 'gmem_weight_load_req' <Predicate = true> <Delay = 2.43> <CoreInst = "m_axi">   --->   Core 119 'm_axi' <Latency = 6> <II = 1> <Delay = 1.00> <Adapter> <Opcode : 'read' 'write' 'readreq' 'writereq' 'writeresp'>

State 8 <SV = 7> <Delay = 2.43>
ST_8 : Operation 74 [3/8] (2.43ns)   --->   "%gmem_weight_load_req = readreq i1 @_ssdm_op_ReadReq.m_axi.i256P1A, i256 %gmem_weight_addr, i64 1" [../gen/Hls_Layers_UpConv.tpp:144]   --->   Operation 74 'readreq' 'gmem_weight_load_req' <Predicate = true> <Delay = 2.43> <CoreInst = "m_axi">   --->   Core 119 'm_axi' <Latency = 6> <II = 1> <Delay = 1.00> <Adapter> <Opcode : 'read' 'write' 'readreq' 'writereq' 'writeresp'>

State 9 <SV = 8> <Delay = 2.43>
ST_9 : Operation 75 [2/8] (2.43ns)   --->   "%gmem_weight_load_req = readreq i1 @_ssdm_op_ReadReq.m_axi.i256P1A, i256 %gmem_weight_addr, i64 1" [../gen/Hls_Layers_UpConv.tpp:144]   --->   Operation 75 'readreq' 'gmem_weight_load_req' <Predicate = true> <Delay = 2.43> <CoreInst = "m_axi">   --->   Core 119 'm_axi' <Latency = 6> <II = 1> <Delay = 1.00> <Adapter> <Opcode : 'read' 'write' 'readreq' 'writereq' 'writeresp'>

State 10 <SV = 9> <Delay = 2.43>
ST_10 : Operation 76 [1/8] (2.43ns)   --->   "%gmem_weight_load_req = readreq i1 @_ssdm_op_ReadReq.m_axi.i256P1A, i256 %gmem_weight_addr, i64 1" [../gen/Hls_Layers_UpConv.tpp:144]   --->   Operation 76 'readreq' 'gmem_weight_load_req' <Predicate = true> <Delay = 2.43> <CoreInst = "m_axi">   --->   Core 119 'm_axi' <Latency = 6> <II = 1> <Delay = 1.00> <Adapter> <Opcode : 'read' 'write' 'readreq' 'writereq' 'writeresp'>

State 11 <SV = 10> <Delay = 2.43>
ST_11 : Operation 77 [1/1] (2.43ns)   --->   "%gmem_weight_addr_read = read i256 @_ssdm_op_Read.m_axi.i256P1A, i256 %gmem_weight_addr" [../gen/Hls_Layers_UpConv.tpp:144]   --->   Operation 77 'read' 'gmem_weight_addr_read' <Predicate = true> <Delay = 2.43> <CoreInst = "m_axi">   --->   Core 119 'm_axi' <Latency = 3> <II = 1> <Delay = 1.00> <Adapter> <Opcode : 'read' 'write' 'readreq' 'writereq' 'writeresp'>
ST_11 : Operation 106 [1/1] (0.42ns)   --->   "%ret_ln0 = ret"   --->   Operation 106 'ret' 'ret_ln0' <Predicate = (icmp_ln142)> <Delay = 0.42>

State 12 <SV = 11> <Delay = 1.23>
ST_12 : Operation 78 [1/1] (0.00ns)   --->   "%specpipeline_ln143 = specpipeline void @_ssdm_op_SpecPipeline, i32 1, i32 0, i32 0, i32 0, void @empty_15" [../gen/Hls_Layers_UpConv.tpp:143]   --->   Operation 78 'specpipeline' 'specpipeline_ln143' <Predicate = true> <Delay = 0.00>
ST_12 : Operation 79 [1/1] (0.00ns)   --->   "%speclooptripcount_ln142 = speclooptripcount void @_ssdm_op_SpecLoopTripCount, i64 135, i64 135, i64 135" [../gen/Hls_Layers_UpConv.tpp:142]   --->   Operation 79 'speclooptripcount' 'speclooptripcount_ln142' <Predicate = true> <Delay = 0.00>
ST_12 : Operation 80 [1/1] (0.00ns)   --->   "%specloopname_ln142 = specloopname void @_ssdm_op_SpecLoopName, void @empty_21" [../gen/Hls_Layers_UpConv.tpp:142]   --->   Operation 80 'specloopname' 'specloopname_ln142' <Predicate = true> <Delay = 0.00>
ST_12 : Operation 81 [1/1] (0.00ns)   --->   "%zext_ln144 = zext i8 %add_ln144_3" [../gen/Hls_Layers_UpConv.tpp:144]   --->   Operation 81 'zext' 'zext_ln144' <Predicate = true> <Delay = 0.00>
ST_12 : Operation 82 [1/1] (0.00ns)   --->   "%w_local_addr = getelementptr i256 %w_local, i64 0, i64 %zext_ln144" [../gen/Hls_Layers_UpConv.tpp:144]   --->   Operation 82 'getelementptr' 'w_local_addr' <Predicate = true> <Delay = 0.00>
ST_12 : Operation 83 [1/1] (0.00ns)   --->   "%w_local_1_addr = getelementptr i256 %w_local_1, i64 0, i64 %zext_ln144" [../gen/Hls_Layers_UpConv.tpp:144]   --->   Operation 83 'getelementptr' 'w_local_1_addr' <Predicate = true> <Delay = 0.00>
ST_12 : Operation 84 [1/1] (0.00ns)   --->   "%w_local_2_addr = getelementptr i256 %w_local_2, i64 0, i64 %zext_ln144" [../gen/Hls_Layers_UpConv.tpp:144]   --->   Operation 84 'getelementptr' 'w_local_2_addr' <Predicate = true> <Delay = 0.00>
ST_12 : Operation 85 [1/1] (0.00ns)   --->   "%w_local_3_addr = getelementptr i256 %w_local_3, i64 0, i64 %zext_ln144" [../gen/Hls_Layers_UpConv.tpp:144]   --->   Operation 85 'getelementptr' 'w_local_3_addr' <Predicate = true> <Delay = 0.00>
ST_12 : Operation 86 [1/1] (0.00ns)   --->   "%w_local_4_addr = getelementptr i256 %w_local_4, i64 0, i64 %zext_ln144" [../gen/Hls_Layers_UpConv.tpp:144]   --->   Operation 86 'getelementptr' 'w_local_4_addr' <Predicate = true> <Delay = 0.00>
ST_12 : Operation 87 [1/1] (0.00ns)   --->   "%w_local_5_addr = getelementptr i256 %w_local_5, i64 0, i64 %zext_ln144" [../gen/Hls_Layers_UpConv.tpp:144]   --->   Operation 87 'getelementptr' 'w_local_5_addr' <Predicate = true> <Delay = 0.00>
ST_12 : Operation 88 [1/1] (0.00ns)   --->   "%w_local_6_addr = getelementptr i256 %w_local_6, i64 0, i64 %zext_ln144" [../gen/Hls_Layers_UpConv.tpp:144]   --->   Operation 88 'getelementptr' 'w_local_6_addr' <Predicate = true> <Delay = 0.00>
ST_12 : Operation 89 [1/1] (0.00ns)   --->   "%w_local_7_addr = getelementptr i256 %w_local_7, i64 0, i64 %zext_ln144" [../gen/Hls_Layers_UpConv.tpp:144]   --->   Operation 89 'getelementptr' 'w_local_7_addr' <Predicate = true> <Delay = 0.00>
ST_12 : Operation 90 [1/1] ( I:1.23ns O:1.23ns )   --->   "%store_ln144 = store i256 %gmem_weight_addr_read, i8 %w_local_6_addr" [../gen/Hls_Layers_UpConv.tpp:144]   --->   Operation 90 'store' 'store_ln144' <Predicate = (tc_read == 6)> <Delay = 1.23> <CoreInst = "RAM_T2P_BRAM">   --->   Core 98 'RAM_T2P_BRAM' <Latency = 1> <II = 1> <Delay = 1.23> <Storage> <Opcode : 'load' 'store'> <Ports = 2> <Width = 256> <Depth = 135> <RAM>
ST_12 : Operation 91 [1/1] (0.00ns)   --->   "%br_ln144 = br void %arrayidx4012.exit" [../gen/Hls_Layers_UpConv.tpp:144]   --->   Operation 91 'br' 'br_ln144' <Predicate = (tc_read == 6)> <Delay = 0.00>
ST_12 : Operation 92 [1/1] ( I:1.23ns O:1.23ns )   --->   "%store_ln144 = store i256 %gmem_weight_addr_read, i8 %w_local_5_addr" [../gen/Hls_Layers_UpConv.tpp:144]   --->   Operation 92 'store' 'store_ln144' <Predicate = (tc_read == 5)> <Delay = 1.23> <CoreInst = "RAM_T2P_BRAM">   --->   Core 98 'RAM_T2P_BRAM' <Latency = 1> <II = 1> <Delay = 1.23> <Storage> <Opcode : 'load' 'store'> <Ports = 2> <Width = 256> <Depth = 135> <RAM>
ST_12 : Operation 93 [1/1] (0.00ns)   --->   "%br_ln144 = br void %arrayidx4012.exit" [../gen/Hls_Layers_UpConv.tpp:144]   --->   Operation 93 'br' 'br_ln144' <Predicate = (tc_read == 5)> <Delay = 0.00>
ST_12 : Operation 94 [1/1] ( I:1.23ns O:1.23ns )   --->   "%store_ln144 = store i256 %gmem_weight_addr_read, i8 %w_local_4_addr" [../gen/Hls_Layers_UpConv.tpp:144]   --->   Operation 94 'store' 'store_ln144' <Predicate = (tc_read == 4)> <Delay = 1.23> <CoreInst = "RAM_T2P_BRAM">   --->   Core 98 'RAM_T2P_BRAM' <Latency = 1> <II = 1> <Delay = 1.23> <Storage> <Opcode : 'load' 'store'> <Ports = 2> <Width = 256> <Depth = 135> <RAM>
ST_12 : Operation 95 [1/1] (0.00ns)   --->   "%br_ln144 = br void %arrayidx4012.exit" [../gen/Hls_Layers_UpConv.tpp:144]   --->   Operation 95 'br' 'br_ln144' <Predicate = (tc_read == 4)> <Delay = 0.00>
ST_12 : Operation 96 [1/1] ( I:1.23ns O:1.23ns )   --->   "%store_ln144 = store i256 %gmem_weight_addr_read, i8 %w_local_3_addr" [../gen/Hls_Layers_UpConv.tpp:144]   --->   Operation 96 'store' 'store_ln144' <Predicate = (tc_read == 3)> <Delay = 1.23> <CoreInst = "RAM_T2P_BRAM">   --->   Core 98 'RAM_T2P_BRAM' <Latency = 1> <II = 1> <Delay = 1.23> <Storage> <Opcode : 'load' 'store'> <Ports = 2> <Width = 256> <Depth = 135> <RAM>
ST_12 : Operation 97 [1/1] (0.00ns)   --->   "%br_ln144 = br void %arrayidx4012.exit" [../gen/Hls_Layers_UpConv.tpp:144]   --->   Operation 97 'br' 'br_ln144' <Predicate = (tc_read == 3)> <Delay = 0.00>
ST_12 : Operation 98 [1/1] ( I:1.23ns O:1.23ns )   --->   "%store_ln144 = store i256 %gmem_weight_addr_read, i8 %w_local_2_addr" [../gen/Hls_Layers_UpConv.tpp:144]   --->   Operation 98 'store' 'store_ln144' <Predicate = (tc_read == 2)> <Delay = 1.23> <CoreInst = "RAM_T2P_BRAM">   --->   Core 98 'RAM_T2P_BRAM' <Latency = 1> <II = 1> <Delay = 1.23> <Storage> <Opcode : 'load' 'store'> <Ports = 2> <Width = 256> <Depth = 135> <RAM>
ST_12 : Operation 99 [1/1] (0.00ns)   --->   "%br_ln144 = br void %arrayidx4012.exit" [../gen/Hls_Layers_UpConv.tpp:144]   --->   Operation 99 'br' 'br_ln144' <Predicate = (tc_read == 2)> <Delay = 0.00>
ST_12 : Operation 100 [1/1] ( I:1.23ns O:1.23ns )   --->   "%store_ln144 = store i256 %gmem_weight_addr_read, i8 %w_local_1_addr" [../gen/Hls_Layers_UpConv.tpp:144]   --->   Operation 100 'store' 'store_ln144' <Predicate = (tc_read == 1)> <Delay = 1.23> <CoreInst = "RAM_T2P_BRAM">   --->   Core 98 'RAM_T2P_BRAM' <Latency = 1> <II = 1> <Delay = 1.23> <Storage> <Opcode : 'load' 'store'> <Ports = 2> <Width = 256> <Depth = 135> <RAM>
ST_12 : Operation 101 [1/1] (0.00ns)   --->   "%br_ln144 = br void %arrayidx4012.exit" [../gen/Hls_Layers_UpConv.tpp:144]   --->   Operation 101 'br' 'br_ln144' <Predicate = (tc_read == 1)> <Delay = 0.00>
ST_12 : Operation 102 [1/1] ( I:1.23ns O:1.23ns )   --->   "%store_ln144 = store i256 %gmem_weight_addr_read, i8 %w_local_addr" [../gen/Hls_Layers_UpConv.tpp:144]   --->   Operation 102 'store' 'store_ln144' <Predicate = (tc_read == 0)> <Delay = 1.23> <CoreInst = "RAM_T2P_BRAM">   --->   Core 98 'RAM_T2P_BRAM' <Latency = 1> <II = 1> <Delay = 1.23> <Storage> <Opcode : 'load' 'store'> <Ports = 2> <Width = 256> <Depth = 135> <RAM>
ST_12 : Operation 103 [1/1] (0.00ns)   --->   "%br_ln144 = br void %arrayidx4012.exit" [../gen/Hls_Layers_UpConv.tpp:144]   --->   Operation 103 'br' 'br_ln144' <Predicate = (tc_read == 0)> <Delay = 0.00>
ST_12 : Operation 104 [1/1] ( I:1.23ns O:1.23ns )   --->   "%store_ln144 = store i256 %gmem_weight_addr_read, i8 %w_local_7_addr" [../gen/Hls_Layers_UpConv.tpp:144]   --->   Operation 104 'store' 'store_ln144' <Predicate = (tc_read == 7)> <Delay = 1.23> <CoreInst = "RAM_T2P_BRAM">   --->   Core 98 'RAM_T2P_BRAM' <Latency = 1> <II = 1> <Delay = 1.23> <Storage> <Opcode : 'load' 'store'> <Ports = 2> <Width = 256> <Depth = 135> <RAM>
ST_12 : Operation 105 [1/1] (0.00ns)   --->   "%br_ln144 = br void %arrayidx4012.exit" [../gen/Hls_Layers_UpConv.tpp:144]   --->   Operation 105 'br' 'br_ln144' <Predicate = (tc_read == 7)> <Delay = 0.00>


============================================================
+ Verbose Summary: Binding
============================================================
STG Binding: 
---------------- STG Properties BEGIN ----------------
- Is combinational: 0
- Is one-state seq: 0
- Is datapath-only: 0
- Is pipelined: 0
- Is top level: 0
Port [ Return ] is wired: 1; IO mode=ap_ctrl_hs:ce=0
Port [ w_local_7]:  wired=1; compound=1; hidden=0; nouse=0; global=0; static=0; extern=0; dir=1; type=1; pingpong=0; private_global=0; MemPort=[03]; IO mode=ap_memory:ce=0
Port [ w_local_6]:  wired=1; compound=1; hidden=0; nouse=0; global=0; static=0; extern=0; dir=1; type=1; pingpong=0; private_global=0; MemPort=[03]; IO mode=ap_memory:ce=0
Port [ w_local_5]:  wired=1; compound=1; hidden=0; nouse=0; global=0; static=0; extern=0; dir=1; type=1; pingpong=0; private_global=0; MemPort=[03]; IO mode=ap_memory:ce=0
Port [ w_local_4]:  wired=1; compound=1; hidden=0; nouse=0; global=0; static=0; extern=0; dir=1; type=1; pingpong=0; private_global=0; MemPort=[03]; IO mode=ap_memory:ce=0
Port [ w_local_3]:  wired=1; compound=1; hidden=0; nouse=0; global=0; static=0; extern=0; dir=1; type=1; pingpong=0; private_global=0; MemPort=[03]; IO mode=ap_memory:ce=0
Port [ w_local_2]:  wired=1; compound=1; hidden=0; nouse=0; global=0; static=0; extern=0; dir=1; type=1; pingpong=0; private_global=0; MemPort=[03]; IO mode=ap_memory:ce=0
Port [ w_local_1]:  wired=1; compound=1; hidden=0; nouse=0; global=0; static=0; extern=0; dir=1; type=1; pingpong=0; private_global=0; MemPort=[03]; IO mode=ap_memory:ce=0
Port [ w_local]:  wired=1; compound=1; hidden=0; nouse=0; global=0; static=0; extern=0; dir=1; type=1; pingpong=0; private_global=0; MemPort=[03]; IO mode=ap_memory:ce=0
Port [ p_cast17]:  wired=1; compound=0; hidden=0; nouse=0; global=0; static=0; extern=0; dir=0; type=0; pingpong=0; private_global=0; IO mode=ap_none:ce=0
Port [ W_ptr]:  wired=1; compound=0; hidden=0; nouse=0; global=0; static=0; extern=0; dir=0; type=0; pingpong=0; private_global=0; IO mode=ap_none:ce=0
Port [ gmem_weight]:  wired=1; compound=1; hidden=0; nouse=0; global=0; static=0; extern=0; dir=0; type=4; pingpong=0; private_global=0; IO mode=m_axi:ce=0
Port [ tc]:  wired=1; compound=0; hidden=0; nouse=0; global=0; static=0; extern=0; dir=0; type=0; pingpong=0; private_global=0; IO mode=ap_none:ce=0
---------------- STG Properties END ------------------

---------------- Datapath Model BEGIN ----------------

<LifeTime>
<method=bitvector/>
kci                     (alloca           ) [ 0100000000000]
ci_cnt                  (alloca           ) [ 0110000000000]
k_cnt                   (alloca           ) [ 0110000000000]
tc_read                 (read             ) [ 0111111111111]
W_ptr_read              (read             ) [ 0110000000000]
p_cast17_read           (read             ) [ 0000000000000]
p_cast17_cast           (zext             ) [ 0110000000000]
specmemcore_ln0         (specmemcore      ) [ 0000000000000]
specmemcore_ln0         (specmemcore      ) [ 0000000000000]
specmemcore_ln0         (specmemcore      ) [ 0000000000000]
specmemcore_ln0         (specmemcore      ) [ 0000000000000]
specmemcore_ln0         (specmemcore      ) [ 0000000000000]
specmemcore_ln0         (specmemcore      ) [ 0000000000000]
specmemcore_ln0         (specmemcore      ) [ 0000000000000]
specmemcore_ln0         (specmemcore      ) [ 0000000000000]
specinterface_ln0       (specinterface    ) [ 0000000000000]
store_ln141             (store            ) [ 0000000000000]
store_ln141             (store            ) [ 0000000000000]
store_ln142             (store            ) [ 0000000000000]
br_ln142                (br               ) [ 0000000000000]
kci_1                   (load             ) [ 0000000000000]
icmp_ln142              (icmp             ) [ 0111111111110]
kci_2                   (add              ) [ 0000000000000]
br_ln142                (br               ) [ 0000000000000]
switch_ln144            (switch           ) [ 0000000000000]
store_ln142             (store            ) [ 0000000000000]
ci_cnt_load             (load             ) [ 0000000000000]
k_cnt_load              (load             ) [ 0000000000000]
trunc_ln142             (trunc            ) [ 0000000000000]
trunc_ln142_1           (trunc            ) [ 0000000000000]
add_ln144               (add              ) [ 0000000000000]
shl_ln144               (shl              ) [ 0000000000000]
sub_ln144               (sub              ) [ 0000000000000]
add_ln144_1             (add              ) [ 0000000000000]
shl_ln3                 (bitconcatenate   ) [ 0000000000000]
sext_ln144              (sext             ) [ 0000000000000]
add_ln144_2             (add              ) [ 0000000000000]
trunc_ln144             (trunc            ) [ 0000000000000]
p_shl                   (bitconcatenate   ) [ 0000000000000]
sub_ln144_1             (sub              ) [ 0000000000000]
add_ln144_3             (add              ) [ 0101111111111]
trunc_ln8               (partselect       ) [ 0101000000000]
ci_cnt_load_1           (load             ) [ 0000000000000]
k_cnt_load_1            (load             ) [ 0000000000000]
ci_cnt_1                (add              ) [ 0000000000000]
icmp_ln146              (icmp             ) [ 0000000000000]
add_ln146               (add              ) [ 0000000000000]
ci_cnt_2                (select           ) [ 0000000000000]
k_cnt_1                 (select           ) [ 0000000000000]
store_ln141             (store            ) [ 0000000000000]
store_ln141             (store            ) [ 0000000000000]
br_ln142                (br               ) [ 0000000000000]
sext_ln144_1            (sext             ) [ 0000000000000]
gmem_weight_addr        (getelementptr    ) [ 0100111111110]
gmem_weight_load_req    (readreq          ) [ 0000000000000]
gmem_weight_addr_read   (read             ) [ 0100000000001]
specpipeline_ln143      (specpipeline     ) [ 0000000000000]
speclooptripcount_ln142 (speclooptripcount) [ 0000000000000]
specloopname_ln142      (specloopname     ) [ 0000000000000]
zext_ln144              (zext             ) [ 0000000000000]
w_local_addr            (getelementptr    ) [ 0000000000000]
w_local_1_addr          (getelementptr    ) [ 0000000000000]
w_local_2_addr          (getelementptr    ) [ 0000000000000]
w_local_3_addr          (getelementptr    ) [ 0000000000000]
w_local_4_addr          (getelementptr    ) [ 0000000000000]
w_local_5_addr          (getelementptr    ) [ 0000000000000]
w_local_6_addr          (getelementptr    ) [ 0000000000000]
w_local_7_addr          (getelementptr    ) [ 0000000000000]
store_ln144             (store            ) [ 0000000000000]
br_ln144                (br               ) [ 0000000000000]
store_ln144             (store            ) [ 0000000000000]
br_ln144                (br               ) [ 0000000000000]
store_ln144             (store            ) [ 0000000000000]
br_ln144                (br               ) [ 0000000000000]
store_ln144             (store            ) [ 0000000000000]
br_ln144                (br               ) [ 0000000000000]
store_ln144             (store            ) [ 0000000000000]
br_ln144                (br               ) [ 0000000000000]
store_ln144             (store            ) [ 0000000000000]
br_ln144                (br               ) [ 0000000000000]
store_ln144             (store            ) [ 0000000000000]
br_ln144                (br               ) [ 0000000000000]
store_ln144             (store            ) [ 0000000000000]
br_ln144                (br               ) [ 0000000000000]
ret_ln0                 (ret              ) [ 0000000000000]
</LifeTime>

<model>

<comp_list>
<comp id="0" class="1000" name="w_local_7">
<pin_list>
<pin id="1" dir="1" index="0" bw="1" slack="0"/>
</pin_list>
<bind>
<StgValue><ssdm name="w_local_7"/><MemPortTyVec>0 3 </MemPortTyVec>
</StgValue>
</bind>
</comp>

<comp id="2" class="1000" name="w_local_6">
<pin_list>
<pin id="3" dir="1" index="0" bw="1" slack="0"/>
</pin_list>
<bind>
<StgValue><ssdm name="w_local_6"/><MemPortTyVec>0 3 </MemPortTyVec>
</StgValue>
</bind>
</comp>

<comp id="4" class="1000" name="w_local_5">
<pin_list>
<pin id="5" dir="1" index="0" bw="1" slack="0"/>
</pin_list>
<bind>
<StgValue><ssdm name="w_local_5"/><MemPortTyVec>0 3 </MemPortTyVec>
</StgValue>
</bind>
</comp>

<comp id="6" class="1000" name="w_local_4">
<pin_list>
<pin id="7" dir="1" index="0" bw="1" slack="0"/>
</pin_list>
<bind>
<StgValue><ssdm name="w_local_4"/><MemPortTyVec>0 3 </MemPortTyVec>
</StgValue>
</bind>
</comp>

<comp id="8" class="1000" name="w_local_3">
<pin_list>
<pin id="9" dir="1" index="0" bw="1" slack="0"/>
</pin_list>
<bind>
<StgValue><ssdm name="w_local_3"/><MemPortTyVec>0 3 </MemPortTyVec>
</StgValue>
</bind>
</comp>

<comp id="10" class="1000" name="w_local_2">
<pin_list>
<pin id="11" dir="1" index="0" bw="1" slack="0"/>
</pin_list>
<bind>
<StgValue><ssdm name="w_local_2"/><MemPortTyVec>0 3 </MemPortTyVec>
</StgValue>
</bind>
</comp>

<comp id="12" class="1000" name="w_local_1">
<pin_list>
<pin id="13" dir="1" index="0" bw="1" slack="0"/>
</pin_list>
<bind>
<StgValue><ssdm name="w_local_1"/><MemPortTyVec>0 3 </MemPortTyVec>
</StgValue>
</bind>
</comp>

<comp id="14" class="1000" name="w_local">
<pin_list>
<pin id="15" dir="1" index="0" bw="1" slack="0"/>
</pin_list>
<bind>
<StgValue><ssdm name="w_local"/><MemPortTyVec>0 3 </MemPortTyVec>
</StgValue>
</bind>
</comp>

<comp id="16" class="1000" name="p_cast17">
<pin_list>
<pin id="17" dir="1" index="0" bw="1" slack="0"/>
</pin_list>
<bind>
<StgValue><ssdm name="p_cast17"/></StgValue>
</bind>
</comp>

<comp id="18" class="1000" name="W_ptr">
<pin_list>
<pin id="19" dir="1" index="0" bw="1" slack="0"/>
</pin_list>
<bind>
<StgValue><ssdm name="W_ptr"/></StgValue>
</bind>
</comp>

<comp id="20" class="1000" name="gmem_weight">
<pin_list>
<pin id="21" dir="1" index="0" bw="1" slack="0"/>
</pin_list>
<bind>
<StgValue><ssdm name="gmem_weight"/><MemPortTyVec>0 </MemPortTyVec>
</StgValue>
</bind>
</comp>

<comp id="22" class="1000" name="tc">
<pin_list>
<pin id="23" dir="1" index="0" bw="1" slack="0"/>
</pin_list>
<bind>
<StgValue><ssdm name="tc"/></StgValue>
</bind>
</comp>

<comp id="24" class="1001" name="const_24">
<pin_list>
<pin id="25" dir="1" index="0" bw="1" slack="0"/>
</pin_list>
<bind>
<StgValue><ssdm name=""/></StgValue>
</bind>
</comp>

<comp id="26" class="1001" name="const_26">
<pin_list>
<pin id="27" dir="1" index="0" bw="1" slack="0"/>
</pin_list>
<bind>
<StgValue><ssdm name="_ssdm_op_Read.ap_auto.i3"/></StgValue>
</bind>
</comp>

<comp id="28" class="1001" name="const_28">
<pin_list>
<pin id="29" dir="1" index="0" bw="1" slack="0"/>
</pin_list>
<bind>
<StgValue><ssdm name="_ssdm_op_Read.ap_auto.i64"/></StgValue>
</bind>
</comp>

<comp id="30" class="1001" name="const_30">
<pin_list>
<pin id="31" dir="1" index="0" bw="1" slack="0"/>
</pin_list>
<bind>
<StgValue><ssdm name="_ssdm_op_Read.ap_auto.i11"/></StgValue>
</bind>
</comp>

<comp id="32" class="1001" name="const_32">
<pin_list>
<pin id="33" dir="1" index="0" bw="1" slack="2147483647"/>
</pin_list>
<bind>
<StgValue><ssdm name="_ssdm_op_SpecMemCore"/></StgValue>
</bind>
</comp>

<comp id="34" class="1001" name="const_34">
<pin_list>
<pin id="35" dir="1" index="0" bw="1" slack="2147483647"/>
</pin_list>
<bind>
<StgValue><ssdm name=""/></StgValue>
</bind>
</comp>

<comp id="36" class="1001" name="const_36">
<pin_list>
<pin id="37" dir="1" index="0" bw="1" slack="2147483647"/>
</pin_list>
<bind>
<StgValue><ssdm name=""/></StgValue>
</bind>
</comp>

<comp id="38" class="1001" name="const_38">
<pin_list>
<pin id="39" dir="1" index="0" bw="1" slack="2147483647"/>
</pin_list>
<bind>
<StgValue><ssdm name=""/></StgValue>
</bind>
</comp>

<comp id="40" class="1001" name="const_40">
<pin_list>
<pin id="41" dir="1" index="0" bw="1" slack="2147483647"/>
</pin_list>
<bind>
<StgValue><ssdm name="_ssdm_op_SpecInterface"/></StgValue>
</bind>
</comp>

<comp id="42" class="1001" name="const_42">
<pin_list>
<pin id="43" dir="1" index="0" bw="1" slack="2147483647"/>
</pin_list>
<bind>
<StgValue><ssdm name="empty_3"/></StgValue>
</bind>
</comp>

<comp id="44" class="1001" name="const_44">
<pin_list>
<pin id="45" dir="1" index="0" bw="1" slack="0"/>
</pin_list>
<bind>
<StgValue><ssdm name=""/></StgValue>
</bind>
</comp>

<comp id="46" class="1001" name="const_46">
<pin_list>
<pin id="47" dir="1" index="0" bw="1" slack="2147483647"/>
</pin_list>
<bind>
<StgValue><ssdm name="empty_15"/></StgValue>
</bind>
</comp>

<comp id="48" class="1001" name="const_48">
<pin_list>
<pin id="49" dir="1" index="0" bw="1" slack="2147483647"/>
</pin_list>
<bind>
<StgValue><ssdm name="empty_26"/></StgValue>
</bind>
</comp>

<comp id="50" class="1001" name="const_50">
<pin_list>
<pin id="51" dir="1" index="0" bw="1" slack="2147483647"/>
</pin_list>
<bind>
<StgValue><ssdm name="empty_14"/></StgValue>
</bind>
</comp>

<comp id="52" class="1001" name="const_52">
<pin_list>
<pin id="53" dir="1" index="0" bw="1" slack="2147483647"/>
</pin_list>
<bind>
<StgValue><ssdm name=""/></StgValue>
</bind>
</comp>

<comp id="54" class="1001" name="const_54">
<pin_list>
<pin id="55" dir="1" index="0" bw="1" slack="2147483647"/>
</pin_list>
<bind>
<StgValue><ssdm name=""/></StgValue>
</bind>
</comp>

<comp id="56" class="1001" name="const_56">
<pin_list>
<pin id="57" dir="1" index="0" bw="1" slack="2147483647"/>
</pin_list>
<bind>
<StgValue><ssdm name=""/></StgValue>
</bind>
</comp>

<comp id="58" class="1001" name="const_58">
<pin_list>
<pin id="59" dir="1" index="0" bw="1" slack="0"/>
</pin_list>
<bind>
<StgValue><ssdm name=""/></StgValue>
</bind>
</comp>

<comp id="60" class="1001" name="const_60">
<pin_list>
<pin id="61" dir="1" index="0" bw="1" slack="0"/>
</pin_list>
<bind>
<StgValue><ssdm name=""/></StgValue>
</bind>
</comp>

<comp id="62" class="1001" name="const_62">
<pin_list>
<pin id="63" dir="1" index="0" bw="1" slack="0"/>
</pin_list>
<bind>
<StgValue><ssdm name=""/></StgValue>
</bind>
</comp>

<comp id="64" class="1001" name="const_64">
<pin_list>
<pin id="65" dir="1" index="0" bw="1" slack="2147483647"/>
</pin_list>
<bind>
<StgValue><ssdm name=""/></StgValue>
</bind>
</comp>

<comp id="66" class="1001" name="const_66">
<pin_list>
<pin id="67" dir="1" index="0" bw="1" slack="2147483647"/>
</pin_list>
<bind>
<StgValue><ssdm name=""/></StgValue>
</bind>
</comp>

<comp id="68" class="1001" name="const_68">
<pin_list>
<pin id="69" dir="1" index="0" bw="1" slack="2147483647"/>
</pin_list>
<bind>
<StgValue><ssdm name=""/></StgValue>
</bind>
</comp>

<comp id="70" class="1001" name="const_70">
<pin_list>
<pin id="71" dir="1" index="0" bw="1" slack="2147483647"/>
</pin_list>
<bind>
<StgValue><ssdm name=""/></StgValue>
</bind>
</comp>

<comp id="72" class="1001" name="const_72">
<pin_list>
<pin id="73" dir="1" index="0" bw="1" slack="2147483647"/>
</pin_list>
<bind>
<StgValue><ssdm name=""/></StgValue>
</bind>
</comp>

<comp id="74" class="1001" name="const_74">
<pin_list>
<pin id="75" dir="1" index="0" bw="1" slack="2147483647"/>
</pin_list>
<bind>
<StgValue><ssdm name=""/></StgValue>
</bind>
</comp>

<comp id="76" class="1001" name="const_76">
<pin_list>
<pin id="77" dir="1" index="0" bw="1" slack="2147483647"/>
</pin_list>
<bind>
<StgValue><ssdm name=""/></StgValue>
</bind>
</comp>

<comp id="78" class="1001" name="const_78">
<pin_list>
<pin id="79" dir="1" index="0" bw="1" slack="0"/>
</pin_list>
<bind>
<StgValue><ssdm name=""/></StgValue>
</bind>
</comp>

<comp id="80" class="1001" name="const_80">
<pin_list>
<pin id="81" dir="1" index="0" bw="1" slack="0"/>
</pin_list>
<bind>
<StgValue><ssdm name="_ssdm_op_BitConcatenate.i37.i32.i5"/></StgValue>
</bind>
</comp>

<comp id="82" class="1001" name="const_82">
<pin_list>
<pin id="83" dir="1" index="0" bw="1" slack="0"/>
</pin_list>
<bind>
<StgValue><ssdm name=""/></StgValue>
</bind>
</comp>

<comp id="84" class="1001" name="const_84">
<pin_list>
<pin id="85" dir="1" index="0" bw="1" slack="0"/>
</pin_list>
<bind>
<StgValue><ssdm name="_ssdm_op_BitConcatenate.i8.i4.i4"/></StgValue>
</bind>
</comp>

<comp id="86" class="1001" name="const_86">
<pin_list>
<pin id="87" dir="1" index="0" bw="1" slack="0"/>
</pin_list>
<bind>
<StgValue><ssdm name=""/></StgValue>
</bind>
</comp>

<comp id="88" class="1001" name="const_88">
<pin_list>
<pin id="89" dir="1" index="0" bw="1" slack="0"/>
</pin_list>
<bind>
<StgValue><ssdm name="_ssdm_op_PartSelect.i59.i64.i32.i32"/></StgValue>
</bind>
</comp>

<comp id="90" class="1001" name="const_90">
<pin_list>
<pin id="91" dir="1" index="0" bw="1" slack="0"/>
</pin_list>
<bind>
<StgValue><ssdm name=""/></StgValue>
</bind>
</comp>

<comp id="92" class="1001" name="const_92">
<pin_list>
<pin id="93" dir="1" index="0" bw="1" slack="0"/>
</pin_list>
<bind>
<StgValue><ssdm name=""/></StgValue>
</bind>
</comp>

<comp id="94" class="1001" name="const_94">
<pin_list>
<pin id="95" dir="1" index="0" bw="1" slack="0"/>
</pin_list>
<bind>
<StgValue><ssdm name=""/></StgValue>
</bind>
</comp>

<comp id="96" class="1001" name="const_96">
<pin_list>
<pin id="97" dir="1" index="0" bw="1" slack="0"/>
</pin_list>
<bind>
<StgValue><ssdm name="_ssdm_op_ReadReq.m_axi.i256P1A"/></StgValue>
</bind>
</comp>

<comp id="98" class="1001" name="const_98">
<pin_list>
<pin id="99" dir="1" index="0" bw="1" slack="0"/>
</pin_list>
<bind>
<StgValue><ssdm name=""/></StgValue>
</bind>
</comp>

<comp id="100" class="1001" name="const_100">
<pin_list>
<pin id="101" dir="1" index="0" bw="1" slack="0"/>
</pin_list>
<bind>
<StgValue><ssdm name="_ssdm_op_Read.m_axi.i256P1A"/></StgValue>
</bind>
</comp>

<comp id="102" class="1001" name="const_102">
<pin_list>
<pin id="103" dir="1" index="0" bw="1" slack="2147483647"/>
</pin_list>
<bind>
<StgValue><ssdm name="_ssdm_op_SpecPipeline"/></StgValue>
</bind>
</comp>

<comp id="104" class="1001" name="const_104">
<pin_list>
<pin id="105" dir="1" index="0" bw="1" slack="2147483647"/>
</pin_list>
<bind>
<StgValue><ssdm name="_ssdm_op_SpecLoopTripCount"/></StgValue>
</bind>
</comp>

<comp id="106" class="1001" name="const_106">
<pin_list>
<pin id="107" dir="1" index="0" bw="1" slack="2147483647"/>
</pin_list>
<bind>
<StgValue><ssdm name=""/></StgValue>
</bind>
</comp>

<comp id="108" class="1001" name="const_108">
<pin_list>
<pin id="109" dir="1" index="0" bw="1" slack="2147483647"/>
</pin_list>
<bind>
<StgValue><ssdm name="_ssdm_op_SpecLoopName"/></StgValue>
</bind>
</comp>

<comp id="110" class="1001" name="const_110">
<pin_list>
<pin id="111" dir="1" index="0" bw="1" slack="2147483647"/>
</pin_list>
<bind>
<StgValue><ssdm name="empty_21"/></StgValue>
</bind>
</comp>

<comp id="112" class="1001" name="const_112">
<pin_list>
<pin id="113" dir="1" index="0" bw="1" slack="0"/>
</pin_list>
<bind>
<StgValue><ssdm name=""/></StgValue>
</bind>
</comp>

<comp id="114" class="1004" name="kci_fu_114">
<pin_list>
<pin id="115" dir="0" index="0" bw="1" slack="0"/>
<pin id="116" dir="1" index="1" bw="8" slack="0"/>
</pin_list>
<bind>
<opcode="alloca(26) " fcode="alloca"/>
<opset="kci/1 "/>
</bind>
</comp>

<comp id="118" class="1004" name="ci_cnt_fu_118">
<pin_list>
<pin id="119" dir="0" index="0" bw="1" slack="0"/>
<pin id="120" dir="1" index="1" bw="32" slack="0"/>
</pin_list>
<bind>
<opcode="alloca(26) " fcode="alloca"/>
<opset="ci_cnt/1 "/>
</bind>
</comp>

<comp id="122" class="1004" name="k_cnt_fu_122">
<pin_list>
<pin id="123" dir="0" index="0" bw="1" slack="0"/>
<pin id="124" dir="1" index="1" bw="32" slack="0"/>
</pin_list>
<bind>
<opcode="alloca(26) " fcode="alloca"/>
<opset="k_cnt/1 "/>
</bind>
</comp>

<comp id="126" class="1004" name="tc_read_read_fu_126">
<pin_list>
<pin id="127" dir="0" index="0" bw="3" slack="0"/>
<pin id="128" dir="0" index="1" bw="3" slack="0"/>
<pin id="129" dir="1" index="2" bw="3" slack="11"/>
</pin_list>
<bind>
<opcode="read(1150) " fcode="read"/>
<opset="tc_read/1 "/>
</bind>
</comp>

<comp id="132" class="1004" name="W_ptr_read_read_fu_132">
<pin_list>
<pin id="133" dir="0" index="0" bw="64" slack="0"/>
<pin id="134" dir="0" index="1" bw="64" slack="0"/>
<pin id="135" dir="1" index="2" bw="64" slack="1"/>
</pin_list>
<bind>
<opcode="read(1150) " fcode="read"/>
<opset="W_ptr_read/1 "/>
</bind>
</comp>

<comp id="138" class="1004" name="p_cast17_read_read_fu_138">
<pin_list>
<pin id="139" dir="0" index="0" bw="11" slack="0"/>
<pin id="140" dir="0" index="1" bw="11" slack="0"/>
<pin id="141" dir="1" index="2" bw="11" slack="0"/>
</pin_list>
<bind>
<opcode="read(1150) " fcode="read"/>
<opset="p_cast17_read/1 "/>
</bind>
</comp>

<comp id="144" class="1004" name="grp_readreq_fu_144">
<pin_list>
<pin id="145" dir="0" index="0" bw="1" slack="0"/>
<pin id="146" dir="0" index="1" bw="256" slack="0"/>
<pin id="147" dir="0" index="2" bw="1" slack="0"/>
<pin id="148" dir="1" index="3" bw="1" slack="2147483647"/>
</pin_list>
<bind>
<opcode="readreq(1154) " fcode="readreq"/>
<opset="gmem_weight_load_req/3 "/>
</bind>
</comp>

<comp id="151" class="1004" name="gmem_weight_addr_read_read_fu_151">
<pin_list>
<pin id="152" dir="0" index="0" bw="256" slack="0"/>
<pin id="153" dir="0" index="1" bw="256" slack="8"/>
<pin id="154" dir="1" index="2" bw="256" slack="1"/>
</pin_list>
<bind>
<opcode="read(1150) " fcode="read"/>
<opset="gmem_weight_addr_read/11 "/>
</bind>
</comp>

<comp id="156" class="1004" name="w_local_addr_gep_fu_156">
<pin_list>
<pin id="157" dir="0" index="0" bw="256" slack="0"/>
<pin id="158" dir="0" index="1" bw="1" slack="0"/>
<pin id="159" dir="0" index="2" bw="8" slack="0"/>
<pin id="160" dir="1" index="3" bw="8" slack="0"/>
</pin_list>
<bind>
<opcode="getelementptr(29) " fcode="getelementptr"/>
<opset="w_local_addr/12 "/>
</bind>
</comp>

<comp id="163" class="1004" name="w_local_1_addr_gep_fu_163">
<pin_list>
<pin id="164" dir="0" index="0" bw="256" slack="0"/>
<pin id="165" dir="0" index="1" bw="1" slack="0"/>
<pin id="166" dir="0" index="2" bw="8" slack="0"/>
<pin id="167" dir="1" index="3" bw="8" slack="0"/>
</pin_list>
<bind>
<opcode="getelementptr(29) " fcode="getelementptr"/>
<opset="w_local_1_addr/12 "/>
</bind>
</comp>

<comp id="170" class="1004" name="w_local_2_addr_gep_fu_170">
<pin_list>
<pin id="171" dir="0" index="0" bw="256" slack="0"/>
<pin id="172" dir="0" index="1" bw="1" slack="0"/>
<pin id="173" dir="0" index="2" bw="8" slack="0"/>
<pin id="174" dir="1" index="3" bw="8" slack="0"/>
</pin_list>
<bind>
<opcode="getelementptr(29) " fcode="getelementptr"/>
<opset="w_local_2_addr/12 "/>
</bind>
</comp>

<comp id="177" class="1004" name="w_local_3_addr_gep_fu_177">
<pin_list>
<pin id="178" dir="0" index="0" bw="256" slack="0"/>
<pin id="179" dir="0" index="1" bw="1" slack="0"/>
<pin id="180" dir="0" index="2" bw="8" slack="0"/>
<pin id="181" dir="1" index="3" bw="8" slack="0"/>
</pin_list>
<bind>
<opcode="getelementptr(29) " fcode="getelementptr"/>
<opset="w_local_3_addr/12 "/>
</bind>
</comp>

<comp id="184" class="1004" name="w_local_4_addr_gep_fu_184">
<pin_list>
<pin id="185" dir="0" index="0" bw="256" slack="0"/>
<pin id="186" dir="0" index="1" bw="1" slack="0"/>
<pin id="187" dir="0" index="2" bw="8" slack="0"/>
<pin id="188" dir="1" index="3" bw="8" slack="0"/>
</pin_list>
<bind>
<opcode="getelementptr(29) " fcode="getelementptr"/>
<opset="w_local_4_addr/12 "/>
</bind>
</comp>

<comp id="191" class="1004" name="w_local_5_addr_gep_fu_191">
<pin_list>
<pin id="192" dir="0" index="0" bw="256" slack="0"/>
<pin id="193" dir="0" index="1" bw="1" slack="0"/>
<pin id="194" dir="0" index="2" bw="8" slack="0"/>
<pin id="195" dir="1" index="3" bw="8" slack="0"/>
</pin_list>
<bind>
<opcode="getelementptr(29) " fcode="getelementptr"/>
<opset="w_local_5_addr/12 "/>
</bind>
</comp>

<comp id="198" class="1004" name="w_local_6_addr_gep_fu_198">
<pin_list>
<pin id="199" dir="0" index="0" bw="256" slack="0"/>
<pin id="200" dir="0" index="1" bw="1" slack="0"/>
<pin id="201" dir="0" index="2" bw="8" slack="0"/>
<pin id="202" dir="1" index="3" bw="8" slack="0"/>
</pin_list>
<bind>
<opcode="getelementptr(29) " fcode="getelementptr"/>
<opset="w_local_6_addr/12 "/>
</bind>
</comp>

<comp id="205" class="1004" name="w_local_7_addr_gep_fu_205">
<pin_list>
<pin id="206" dir="0" index="0" bw="256" slack="0"/>
<pin id="207" dir="0" index="1" bw="1" slack="0"/>
<pin id="208" dir="0" index="2" bw="8" slack="0"/>
<pin id="209" dir="1" index="3" bw="8" slack="0"/>
</pin_list>
<bind>
<opcode="getelementptr(29) " fcode="getelementptr"/>
<opset="w_local_7_addr/12 "/>
</bind>
</comp>

<comp id="212" class="1004" name="store_ln144_access_fu_212">
<pin_list>
<pin id="213" dir="0" index="0" bw="8" slack="0"/>
<pin id="214" dir="0" index="1" bw="256" slack="1"/>
<pin id="215" dir="0" index="2" bw="0" slack="2147483647"/>
<pin id="216" dir="1" index="3" bw="256" slack="2147483647"/>
</pin_list>
<bind>
<opcode="store(28) " fcode="store"/>
<opset="store_ln144/12 "/>
</bind>
</comp>

<comp id="218" class="1004" name="store_ln144_access_fu_218">
<pin_list>
<pin id="219" dir="0" index="0" bw="8" slack="0"/>
<pin id="220" dir="0" index="1" bw="256" slack="1"/>
<pin id="221" dir="0" index="2" bw="0" slack="2147483647"/>
<pin id="222" dir="1" index="3" bw="256" slack="2147483647"/>
</pin_list>
<bind>
<opcode="store(28) " fcode="store"/>
<opset="store_ln144/12 "/>
</bind>
</comp>

<comp id="224" class="1004" name="store_ln144_access_fu_224">
<pin_list>
<pin id="225" dir="0" index="0" bw="8" slack="0"/>
<pin id="226" dir="0" index="1" bw="256" slack="1"/>
<pin id="227" dir="0" index="2" bw="0" slack="2147483647"/>
<pin id="228" dir="1" index="3" bw="256" slack="2147483647"/>
</pin_list>
<bind>
<opcode="store(28) " fcode="store"/>
<opset="store_ln144/12 "/>
</bind>
</comp>

<comp id="230" class="1004" name="store_ln144_access_fu_230">
<pin_list>
<pin id="231" dir="0" index="0" bw="8" slack="0"/>
<pin id="232" dir="0" index="1" bw="256" slack="1"/>
<pin id="233" dir="0" index="2" bw="0" slack="2147483647"/>
<pin id="234" dir="1" index="3" bw="256" slack="2147483647"/>
</pin_list>
<bind>
<opcode="store(28) " fcode="store"/>
<opset="store_ln144/12 "/>
</bind>
</comp>

<comp id="236" class="1004" name="store_ln144_access_fu_236">
<pin_list>
<pin id="237" dir="0" index="0" bw="8" slack="0"/>
<pin id="238" dir="0" index="1" bw="256" slack="1"/>
<pin id="239" dir="0" index="2" bw="0" slack="2147483647"/>
<pin id="240" dir="1" index="3" bw="256" slack="2147483647"/>
</pin_list>
<bind>
<opcode="store(28) " fcode="store"/>
<opset="store_ln144/12 "/>
</bind>
</comp>

<comp id="242" class="1004" name="store_ln144_access_fu_242">
<pin_list>
<pin id="243" dir="0" index="0" bw="8" slack="0"/>
<pin id="244" dir="0" index="1" bw="256" slack="1"/>
<pin id="245" dir="0" index="2" bw="0" slack="2147483647"/>
<pin id="246" dir="1" index="3" bw="256" slack="2147483647"/>
</pin_list>
<bind>
<opcode="store(28) " fcode="store"/>
<opset="store_ln144/12 "/>
</bind>
</comp>

<comp id="248" class="1004" name="store_ln144_access_fu_248">
<pin_list>
<pin id="249" dir="0" index="0" bw="8" slack="0"/>
<pin id="250" dir="0" index="1" bw="256" slack="1"/>
<pin id="251" dir="0" index="2" bw="0" slack="2147483647"/>
<pin id="252" dir="1" index="3" bw="256" slack="2147483647"/>
</pin_list>
<bind>
<opcode="store(28) " fcode="store"/>
<opset="store_ln144/12 "/>
</bind>
</comp>

<comp id="254" class="1004" name="store_ln144_access_fu_254">
<pin_list>
<pin id="255" dir="0" index="0" bw="8" slack="0"/>
<pin id="256" dir="0" index="1" bw="256" slack="1"/>
<pin id="257" dir="0" index="2" bw="0" slack="2147483647"/>
<pin id="258" dir="1" index="3" bw="256" slack="2147483647"/>
</pin_list>
<bind>
<opcode="store(28) " fcode="store"/>
<opset="store_ln144/12 "/>
</bind>
</comp>

<comp id="260" class="1004" name="p_cast17_cast_fu_260">
<pin_list>
<pin id="261" dir="0" index="0" bw="11" slack="0"/>
<pin id="262" dir="1" index="1" bw="32" slack="1"/>
</pin_list>
<bind>
<opcode="zext(34) " fcode="zext"/>
<opset="p_cast17_cast/1 "/>
</bind>
</comp>

<comp id="264" class="1004" name="store_ln141_store_fu_264">
<pin_list>
<pin id="265" dir="0" index="0" bw="1" slack="0"/>
<pin id="266" dir="0" index="1" bw="32" slack="0"/>
<pin id="267" dir="1" index="2" bw="0" slack="2147483647"/>
</pin_list>
<bind>
<opcode="store(28) " fcode="store"/>
<opset="store_ln141/1 "/>
</bind>
</comp>

<comp id="269" class="1004" name="store_ln141_store_fu_269">
<pin_list>
<pin id="270" dir="0" index="0" bw="1" slack="0"/>
<pin id="271" dir="0" index="1" bw="32" slack="0"/>
<pin id="272" dir="1" index="2" bw="0" slack="2147483647"/>
</pin_list>
<bind>
<opcode="store(28) " fcode="store"/>
<opset="store_ln141/1 "/>
</bind>
</comp>

<comp id="274" class="1004" name="store_ln142_store_fu_274">
<pin_list>
<pin id="275" dir="0" index="0" bw="1" slack="0"/>
<pin id="276" dir="0" index="1" bw="8" slack="0"/>
<pin id="277" dir="1" index="2" bw="0" slack="2147483647"/>
</pin_list>
<bind>
<opcode="store(28) " fcode="store"/>
<opset="store_ln142/1 "/>
</bind>
</comp>

<comp id="279" class="1004" name="kci_1_load_fu_279">
<pin_list>
<pin id="280" dir="0" index="0" bw="8" slack="0"/>
<pin id="281" dir="1" index="1" bw="8" slack="0"/>
</pin_list>
<bind>
<opcode="load(27) " fcode="load"/>
<opset="kci_1/1 "/>
</bind>
</comp>

<comp id="282" class="1004" name="icmp_ln142_fu_282">
<pin_list>
<pin id="283" dir="0" index="0" bw="8" slack="0"/>
<pin id="284" dir="0" index="1" bw="8" slack="0"/>
<pin id="285" dir="1" index="2" bw="1" slack="10"/>
</pin_list>
<bind>
<opcode="icmp(45) " fcode="icmp"/>
<opset="icmp_ln142/1 "/>
</bind>
</comp>

<comp id="288" class="1004" name="kci_2_fu_288">
<pin_list>
<pin id="289" dir="0" index="0" bw="8" slack="0"/>
<pin id="290" dir="0" index="1" bw="1" slack="0"/>
<pin id="291" dir="1" index="2" bw="8" slack="0"/>
</pin_list>
<bind>
<opcode="add(8) " fcode="add"/>
<opset="kci_2/1 "/>
</bind>
</comp>

<comp id="294" class="1004" name="store_ln142_store_fu_294">
<pin_list>
<pin id="295" dir="0" index="0" bw="8" slack="0"/>
<pin id="296" dir="0" index="1" bw="8" slack="0"/>
<pin id="297" dir="1" index="2" bw="0" slack="2147483647"/>
</pin_list>
<bind>
<opcode="store(28) " fcode="store"/>
<opset="store_ln142/1 "/>
</bind>
</comp>

<comp id="299" class="1004" name="ci_cnt_load_load_fu_299">
<pin_list>
<pin id="300" dir="0" index="0" bw="32" slack="1"/>
<pin id="301" dir="1" index="1" bw="32" slack="0"/>
</pin_list>
<bind>
<opcode="load(27) " fcode="load"/>
<opset="ci_cnt_load/2 "/>
</bind>
</comp>

<comp id="302" class="1004" name="k_cnt_load_load_fu_302">
<pin_list>
<pin id="303" dir="0" index="0" bw="32" slack="1"/>
<pin id="304" dir="1" index="1" bw="32" slack="0"/>
</pin_list>
<bind>
<opcode="load(27) " fcode="load"/>
<opset="k_cnt_load/2 "/>
</bind>
</comp>

<comp id="305" class="1004" name="trunc_ln142_fu_305">
<pin_list>
<pin id="306" dir="0" index="0" bw="32" slack="0"/>
<pin id="307" dir="1" index="1" bw="8" slack="0"/>
</pin_list>
<bind>
<opcode="trunc(33) " fcode="trunc"/>
<opset="trunc_ln142/2 "/>
</bind>
</comp>

<comp id="309" class="1004" name="trunc_ln142_1_fu_309">
<pin_list>
<pin id="310" dir="0" index="0" bw="32" slack="0"/>
<pin id="311" dir="1" index="1" bw="8" slack="0"/>
</pin_list>
<bind>
<opcode="trunc(33) " fcode="trunc"/>
<opset="trunc_ln142_1/2 "/>
</bind>
</comp>

<comp id="313" class="1004" name="add_ln144_fu_313">
<pin_list>
<pin id="314" dir="0" index="0" bw="32" slack="0"/>
<pin id="315" dir="0" index="1" bw="11" slack="1"/>
<pin id="316" dir="1" index="2" bw="32" slack="0"/>
</pin_list>
<bind>
<opcode="add(8) " fcode="add"/>
<opset="add_ln144/2 "/>
</bind>
</comp>

<comp id="318" class="1004" name="shl_ln144_fu_318">
<pin_list>
<pin id="319" dir="0" index="0" bw="32" slack="0"/>
<pin id="320" dir="0" index="1" bw="4" slack="0"/>
<pin id="321" dir="1" index="2" bw="32" slack="0"/>
</pin_list>
<bind>
<opcode="shl(20) " fcode="shl"/>
<opset="shl_ln144/2 "/>
</bind>
</comp>

<comp id="324" class="1004" name="sub_ln144_fu_324">
<pin_list>
<pin id="325" dir="0" index="0" bw="32" slack="0"/>
<pin id="326" dir="0" index="1" bw="32" slack="0"/>
<pin id="327" dir="1" index="2" bw="32" slack="0"/>
</pin_list>
<bind>
<opcode="sub(10) " fcode="sub"/>
<opset="sub_ln144/2 "/>
</bind>
</comp>

<comp id="330" class="1004" name="add_ln144_1_fu_330">
<pin_list>
<pin id="331" dir="0" index="0" bw="32" slack="0"/>
<pin id="332" dir="0" index="1" bw="32" slack="0"/>
<pin id="333" dir="1" index="2" bw="32" slack="0"/>
</pin_list>
<bind>
<opcode="add(8) " fcode="add"/>
<opset="add_ln144_1/2 "/>
</bind>
</comp>

<comp id="336" class="1004" name="shl_ln3_fu_336">
<pin_list>
<pin id="337" dir="0" index="0" bw="37" slack="0"/>
<pin id="338" dir="0" index="1" bw="32" slack="0"/>
<pin id="339" dir="0" index="2" bw="1" slack="0"/>
<pin id="340" dir="1" index="3" bw="37" slack="0"/>
</pin_list>
<bind>
<opcode="bitconcatenate(1004) " fcode="bitconcatenate"/>
<opset="shl_ln3/2 "/>
</bind>
</comp>

<comp id="344" class="1004" name="sext_ln144_fu_344">
<pin_list>
<pin id="345" dir="0" index="0" bw="37" slack="0"/>
<pin id="346" dir="1" index="1" bw="64" slack="0"/>
</pin_list>
<bind>
<opcode="sext(35) " fcode="sext"/>
<opset="sext_ln144/2 "/>
</bind>
</comp>

<comp id="348" class="1004" name="add_ln144_2_fu_348">
<pin_list>
<pin id="349" dir="0" index="0" bw="37" slack="0"/>
<pin id="350" dir="0" index="1" bw="64" slack="1"/>
<pin id="351" dir="1" index="2" bw="64" slack="0"/>
</pin_list>
<bind>
<opcode="add(8) " fcode="add"/>
<opset="add_ln144_2/2 "/>
</bind>
</comp>

<comp id="353" class="1004" name="trunc_ln144_fu_353">
<pin_list>
<pin id="354" dir="0" index="0" bw="32" slack="0"/>
<pin id="355" dir="1" index="1" bw="4" slack="0"/>
</pin_list>
<bind>
<opcode="trunc(33) " fcode="trunc"/>
<opset="trunc_ln144/2 "/>
</bind>
</comp>

<comp id="357" class="1004" name="p_shl_fu_357">
<pin_list>
<pin id="358" dir="0" index="0" bw="8" slack="0"/>
<pin id="359" dir="0" index="1" bw="4" slack="0"/>
<pin id="360" dir="0" index="2" bw="1" slack="0"/>
<pin id="361" dir="1" index="3" bw="8" slack="0"/>
</pin_list>
<bind>
<opcode="bitconcatenate(1004) " fcode="bitconcatenate"/>
<opset="p_shl/2 "/>
</bind>
</comp>

<comp id="365" class="1004" name="sub_ln144_1_fu_365">
<pin_list>
<pin id="366" dir="0" index="0" bw="8" slack="0"/>
<pin id="367" dir="0" index="1" bw="8" slack="0"/>
<pin id="368" dir="1" index="2" bw="8" slack="0"/>
</pin_list>
<bind>
<opcode="sub(10) " fcode="sub"/>
<opset="sub_ln144_1/2 "/>
</bind>
</comp>

<comp id="371" class="1004" name="add_ln144_3_fu_371">
<pin_list>
<pin id="372" dir="0" index="0" bw="8" slack="0"/>
<pin id="373" dir="0" index="1" bw="8" slack="0"/>
<pin id="374" dir="1" index="2" bw="8" slack="10"/>
</pin_list>
<bind>
<opcode="add(8) " fcode="add"/>
<opset="add_ln144_3/2 "/>
</bind>
</comp>

<comp id="377" class="1004" name="trunc_ln8_fu_377">
<pin_list>
<pin id="378" dir="0" index="0" bw="59" slack="0"/>
<pin id="379" dir="0" index="1" bw="64" slack="0"/>
<pin id="380" dir="0" index="2" bw="4" slack="0"/>
<pin id="381" dir="0" index="3" bw="7" slack="0"/>
<pin id="382" dir="1" index="4" bw="59" slack="1"/>
</pin_list>
<bind>
<opcode="partselect(1002) " fcode="partselect"/>
<opset="trunc_ln8/2 "/>
</bind>
</comp>

<comp id="387" class="1004" name="ci_cnt_load_1_load_fu_387">
<pin_list>
<pin id="388" dir="0" index="0" bw="32" slack="1"/>
<pin id="389" dir="1" index="1" bw="32" slack="0"/>
</pin_list>
<bind>
<opcode="load(27) " fcode="load"/>
<opset="ci_cnt_load_1/2 "/>
</bind>
</comp>

<comp id="390" class="1004" name="k_cnt_load_1_load_fu_390">
<pin_list>
<pin id="391" dir="0" index="0" bw="32" slack="1"/>
<pin id="392" dir="1" index="1" bw="32" slack="0"/>
</pin_list>
<bind>
<opcode="load(27) " fcode="load"/>
<opset="k_cnt_load_1/2 "/>
</bind>
</comp>

<comp id="393" class="1004" name="ci_cnt_1_fu_393">
<pin_list>
<pin id="394" dir="0" index="0" bw="32" slack="0"/>
<pin id="395" dir="0" index="1" bw="1" slack="0"/>
<pin id="396" dir="1" index="2" bw="32" slack="0"/>
</pin_list>
<bind>
<opcode="add(8) " fcode="add"/>
<opset="ci_cnt_1/2 "/>
</bind>
</comp>

<comp id="399" class="1004" name="icmp_ln146_fu_399">
<pin_list>
<pin id="400" dir="0" index="0" bw="32" slack="0"/>
<pin id="401" dir="0" index="1" bw="5" slack="0"/>
<pin id="402" dir="1" index="2" bw="1" slack="0"/>
</pin_list>
<bind>
<opcode="icmp(45) " fcode="icmp"/>
<opset="icmp_ln146/2 "/>
</bind>
</comp>

<comp id="405" class="1004" name="add_ln146_fu_405">
<pin_list>
<pin id="406" dir="0" index="0" bw="32" slack="0"/>
<pin id="407" dir="0" index="1" bw="1" slack="0"/>
<pin id="408" dir="1" index="2" bw="32" slack="0"/>
</pin_list>
<bind>
<opcode="add(8) " fcode="add"/>
<opset="add_ln146/2 "/>
</bind>
</comp>

<comp id="411" class="1004" name="ci_cnt_2_fu_411">
<pin_list>
<pin id="412" dir="0" index="0" bw="1" slack="0"/>
<pin id="413" dir="0" index="1" bw="1" slack="0"/>
<pin id="414" dir="0" index="2" bw="32" slack="0"/>
<pin id="415" dir="1" index="3" bw="32" slack="0"/>
</pin_list>
<bind>
<opcode="select(49) " fcode="select"/>
<opset="ci_cnt_2/2 "/>
</bind>
</comp>

<comp id="419" class="1004" name="k_cnt_1_fu_419">
<pin_list>
<pin id="420" dir="0" index="0" bw="1" slack="0"/>
<pin id="421" dir="0" index="1" bw="32" slack="0"/>
<pin id="422" dir="0" index="2" bw="32" slack="0"/>
<pin id="423" dir="1" index="3" bw="32" slack="0"/>
</pin_list>
<bind>
<opcode="select(49) " fcode="select"/>
<opset="k_cnt_1/2 "/>
</bind>
</comp>

<comp id="427" class="1004" name="store_ln141_store_fu_427">
<pin_list>
<pin id="428" dir="0" index="0" bw="32" slack="0"/>
<pin id="429" dir="0" index="1" bw="32" slack="1"/>
<pin id="430" dir="1" index="2" bw="0" slack="2147483647"/>
</pin_list>
<bind>
<opcode="store(28) " fcode="store"/>
<opset="store_ln141/2 "/>
</bind>
</comp>

<comp id="432" class="1004" name="store_ln141_store_fu_432">
<pin_list>
<pin id="433" dir="0" index="0" bw="32" slack="0"/>
<pin id="434" dir="0" index="1" bw="32" slack="1"/>
<pin id="435" dir="1" index="2" bw="0" slack="2147483647"/>
</pin_list>
<bind>
<opcode="store(28) " fcode="store"/>
<opset="store_ln141/2 "/>
</bind>
</comp>

<comp id="437" class="1004" name="sext_ln144_1_fu_437">
<pin_list>
<pin id="438" dir="0" index="0" bw="59" slack="1"/>
<pin id="439" dir="1" index="1" bw="64" slack="0"/>
</pin_list>
<bind>
<opcode="sext(35) " fcode="sext"/>
<opset="sext_ln144_1/3 "/>
</bind>
</comp>

<comp id="440" class="1004" name="gmem_weight_addr_fu_440">
<pin_list>
<pin id="441" dir="0" index="0" bw="256" slack="0"/>
<pin id="442" dir="0" index="1" bw="59" slack="0"/>
<pin id="443" dir="1" index="2" bw="256" slack="0"/>
</pin_list>
<bind>
<opcode="getelementptr(29) " fcode="getelementptr"/>
<opset="gmem_weight_addr/3 "/>
</bind>
</comp>

<comp id="447" class="1004" name="zext_ln144_fu_447">
<pin_list>
<pin id="448" dir="0" index="0" bw="8" slack="10"/>
<pin id="449" dir="1" index="1" bw="64" slack="0"/>
</pin_list>
<bind>
<opcode="zext(34) " fcode="zext"/>
<opset="zext_ln144/12 "/>
</bind>
</comp>

<comp id="458" class="1005" name="kci_reg_458">
<pin_list>
<pin id="459" dir="0" index="0" bw="8" slack="0"/>
<pin id="460" dir="1" index="1" bw="8" slack="0"/>
</pin_list>
<bind>
<opset="kci "/>
</bind>
</comp>

<comp id="465" class="1005" name="ci_cnt_reg_465">
<pin_list>
<pin id="466" dir="0" index="0" bw="32" slack="0"/>
<pin id="467" dir="1" index="1" bw="32" slack="0"/>
</pin_list>
<bind>
<opset="ci_cnt "/>
</bind>
</comp>

<comp id="473" class="1005" name="k_cnt_reg_473">
<pin_list>
<pin id="474" dir="0" index="0" bw="32" slack="0"/>
<pin id="475" dir="1" index="1" bw="32" slack="0"/>
</pin_list>
<bind>
<opset="k_cnt "/>
</bind>
</comp>

<comp id="481" class="1005" name="tc_read_reg_481">
<pin_list>
<pin id="482" dir="0" index="0" bw="3" slack="11"/>
<pin id="483" dir="1" index="1" bw="3" slack="2147483647"/>
</pin_list>
<bind>
<opset="tc_read "/>
</bind>
</comp>

<comp id="485" class="1005" name="W_ptr_read_reg_485">
<pin_list>
<pin id="486" dir="0" index="0" bw="64" slack="1"/>
<pin id="487" dir="1" index="1" bw="64" slack="1"/>
</pin_list>
<bind>
<opset="W_ptr_read "/>
</bind>
</comp>

<comp id="490" class="1005" name="p_cast17_cast_reg_490">
<pin_list>
<pin id="491" dir="0" index="0" bw="32" slack="1"/>
<pin id="492" dir="1" index="1" bw="32" slack="1"/>
</pin_list>
<bind>
<opset="p_cast17_cast "/>
</bind>
</comp>

<comp id="495" class="1005" name="icmp_ln142_reg_495">
<pin_list>
<pin id="496" dir="0" index="0" bw="1" slack="10"/>
<pin id="497" dir="1" index="1" bw="1" slack="2147483647"/>
</pin_list>
<bind>
<opset="icmp_ln142 "/>
</bind>
</comp>

<comp id="499" class="1005" name="add_ln144_3_reg_499">
<pin_list>
<pin id="500" dir="0" index="0" bw="8" slack="10"/>
<pin id="501" dir="1" index="1" bw="8" slack="10"/>
</pin_list>
<bind>
<opset="add_ln144_3 "/>
</bind>
</comp>

<comp id="504" class="1005" name="trunc_ln8_reg_504">
<pin_list>
<pin id="505" dir="0" index="0" bw="59" slack="1"/>
<pin id="506" dir="1" index="1" bw="59" slack="1"/>
</pin_list>
<bind>
<opset="trunc_ln8 "/>
</bind>
</comp>

<comp id="509" class="1005" name="gmem_weight_addr_reg_509">
<pin_list>
<pin id="510" dir="0" index="0" bw="256" slack="1"/>
<pin id="511" dir="1" index="1" bw="256" slack="1"/>
</pin_list>
<bind>
<opset="gmem_weight_addr "/>
</bind>
</comp>

<comp id="515" class="1005" name="gmem_weight_addr_read_reg_515">
<pin_list>
<pin id="516" dir="0" index="0" bw="256" slack="1"/>
<pin id="517" dir="1" index="1" bw="256" slack="1"/>
</pin_list>
<bind>
<opset="gmem_weight_addr_read "/>
</bind>
</comp>

</comp_list>

<net_list>
<net id="117"><net_src comp="24" pin="0"/><net_sink comp="114" pin=0"/></net>

<net id="121"><net_src comp="24" pin="0"/><net_sink comp="118" pin=0"/></net>

<net id="125"><net_src comp="24" pin="0"/><net_sink comp="122" pin=0"/></net>

<net id="130"><net_src comp="26" pin="0"/><net_sink comp="126" pin=0"/></net>

<net id="131"><net_src comp="22" pin="0"/><net_sink comp="126" pin=1"/></net>

<net id="136"><net_src comp="28" pin="0"/><net_sink comp="132" pin=0"/></net>

<net id="137"><net_src comp="18" pin="0"/><net_sink comp="132" pin=1"/></net>

<net id="142"><net_src comp="30" pin="0"/><net_sink comp="138" pin=0"/></net>

<net id="143"><net_src comp="16" pin="0"/><net_sink comp="138" pin=1"/></net>

<net id="149"><net_src comp="96" pin="0"/><net_sink comp="144" pin=0"/></net>

<net id="150"><net_src comp="98" pin="0"/><net_sink comp="144" pin=2"/></net>

<net id="155"><net_src comp="100" pin="0"/><net_sink comp="151" pin=0"/></net>

<net id="161"><net_src comp="14" pin="0"/><net_sink comp="156" pin=0"/></net>

<net id="162"><net_src comp="112" pin="0"/><net_sink comp="156" pin=1"/></net>

<net id="168"><net_src comp="12" pin="0"/><net_sink comp="163" pin=0"/></net>

<net id="169"><net_src comp="112" pin="0"/><net_sink comp="163" pin=1"/></net>

<net id="175"><net_src comp="10" pin="0"/><net_sink comp="170" pin=0"/></net>

<net id="176"><net_src comp="112" pin="0"/><net_sink comp="170" pin=1"/></net>

<net id="182"><net_src comp="8" pin="0"/><net_sink comp="177" pin=0"/></net>

<net id="183"><net_src comp="112" pin="0"/><net_sink comp="177" pin=1"/></net>

<net id="189"><net_src comp="6" pin="0"/><net_sink comp="184" pin=0"/></net>

<net id="190"><net_src comp="112" pin="0"/><net_sink comp="184" pin=1"/></net>

<net id="196"><net_src comp="4" pin="0"/><net_sink comp="191" pin=0"/></net>

<net id="197"><net_src comp="112" pin="0"/><net_sink comp="191" pin=1"/></net>

<net id="203"><net_src comp="2" pin="0"/><net_sink comp="198" pin=0"/></net>

<net id="204"><net_src comp="112" pin="0"/><net_sink comp="198" pin=1"/></net>

<net id="210"><net_src comp="0" pin="0"/><net_sink comp="205" pin=0"/></net>

<net id="211"><net_src comp="112" pin="0"/><net_sink comp="205" pin=1"/></net>

<net id="217"><net_src comp="198" pin="3"/><net_sink comp="212" pin=0"/></net>

<net id="223"><net_src comp="191" pin="3"/><net_sink comp="218" pin=0"/></net>

<net id="229"><net_src comp="184" pin="3"/><net_sink comp="224" pin=0"/></net>

<net id="235"><net_src comp="177" pin="3"/><net_sink comp="230" pin=0"/></net>

<net id="241"><net_src comp="170" pin="3"/><net_sink comp="236" pin=0"/></net>

<net id="247"><net_src comp="163" pin="3"/><net_sink comp="242" pin=0"/></net>

<net id="253"><net_src comp="156" pin="3"/><net_sink comp="248" pin=0"/></net>

<net id="259"><net_src comp="205" pin="3"/><net_sink comp="254" pin=0"/></net>

<net id="263"><net_src comp="138" pin="2"/><net_sink comp="260" pin=0"/></net>

<net id="268"><net_src comp="44" pin="0"/><net_sink comp="264" pin=0"/></net>

<net id="273"><net_src comp="44" pin="0"/><net_sink comp="269" pin=0"/></net>

<net id="278"><net_src comp="58" pin="0"/><net_sink comp="274" pin=0"/></net>

<net id="286"><net_src comp="279" pin="1"/><net_sink comp="282" pin=0"/></net>

<net id="287"><net_src comp="60" pin="0"/><net_sink comp="282" pin=1"/></net>

<net id="292"><net_src comp="279" pin="1"/><net_sink comp="288" pin=0"/></net>

<net id="293"><net_src comp="62" pin="0"/><net_sink comp="288" pin=1"/></net>

<net id="298"><net_src comp="288" pin="2"/><net_sink comp="294" pin=0"/></net>

<net id="308"><net_src comp="299" pin="1"/><net_sink comp="305" pin=0"/></net>

<net id="312"><net_src comp="302" pin="1"/><net_sink comp="309" pin=0"/></net>

<net id="317"><net_src comp="302" pin="1"/><net_sink comp="313" pin=0"/></net>

<net id="322"><net_src comp="313" pin="2"/><net_sink comp="318" pin=0"/></net>

<net id="323"><net_src comp="78" pin="0"/><net_sink comp="318" pin=1"/></net>

<net id="328"><net_src comp="318" pin="2"/><net_sink comp="324" pin=0"/></net>

<net id="329"><net_src comp="313" pin="2"/><net_sink comp="324" pin=1"/></net>

<net id="334"><net_src comp="324" pin="2"/><net_sink comp="330" pin=0"/></net>

<net id="335"><net_src comp="299" pin="1"/><net_sink comp="330" pin=1"/></net>

<net id="341"><net_src comp="80" pin="0"/><net_sink comp="336" pin=0"/></net>

<net id="342"><net_src comp="330" pin="2"/><net_sink comp="336" pin=1"/></net>

<net id="343"><net_src comp="82" pin="0"/><net_sink comp="336" pin=2"/></net>

<net id="347"><net_src comp="336" pin="3"/><net_sink comp="344" pin=0"/></net>

<net id="352"><net_src comp="344" pin="1"/><net_sink comp="348" pin=0"/></net>

<net id="356"><net_src comp="302" pin="1"/><net_sink comp="353" pin=0"/></net>

<net id="362"><net_src comp="84" pin="0"/><net_sink comp="357" pin=0"/></net>

<net id="363"><net_src comp="353" pin="1"/><net_sink comp="357" pin=1"/></net>

<net id="364"><net_src comp="86" pin="0"/><net_sink comp="357" pin=2"/></net>

<net id="369"><net_src comp="357" pin="3"/><net_sink comp="365" pin=0"/></net>

<net id="370"><net_src comp="309" pin="1"/><net_sink comp="365" pin=1"/></net>

<net id="375"><net_src comp="365" pin="2"/><net_sink comp="371" pin=0"/></net>

<net id="376"><net_src comp="305" pin="1"/><net_sink comp="371" pin=1"/></net>

<net id="383"><net_src comp="88" pin="0"/><net_sink comp="377" pin=0"/></net>

<net id="384"><net_src comp="348" pin="2"/><net_sink comp="377" pin=1"/></net>

<net id="385"><net_src comp="90" pin="0"/><net_sink comp="377" pin=2"/></net>

<net id="386"><net_src comp="92" pin="0"/><net_sink comp="377" pin=3"/></net>

<net id="397"><net_src comp="387" pin="1"/><net_sink comp="393" pin=0"/></net>

<net id="398"><net_src comp="24" pin="0"/><net_sink comp="393" pin=1"/></net>

<net id="403"><net_src comp="393" pin="2"/><net_sink comp="399" pin=0"/></net>

<net id="404"><net_src comp="94" pin="0"/><net_sink comp="399" pin=1"/></net>

<net id="409"><net_src comp="390" pin="1"/><net_sink comp="405" pin=0"/></net>

<net id="410"><net_src comp="24" pin="0"/><net_sink comp="405" pin=1"/></net>

<net id="416"><net_src comp="399" pin="2"/><net_sink comp="411" pin=0"/></net>

<net id="417"><net_src comp="44" pin="0"/><net_sink comp="411" pin=1"/></net>

<net id="418"><net_src comp="393" pin="2"/><net_sink comp="411" pin=2"/></net>

<net id="424"><net_src comp="399" pin="2"/><net_sink comp="419" pin=0"/></net>

<net id="425"><net_src comp="405" pin="2"/><net_sink comp="419" pin=1"/></net>

<net id="426"><net_src comp="390" pin="1"/><net_sink comp="419" pin=2"/></net>

<net id="431"><net_src comp="419" pin="3"/><net_sink comp="427" pin=0"/></net>

<net id="436"><net_src comp="411" pin="3"/><net_sink comp="432" pin=0"/></net>

<net id="444"><net_src comp="20" pin="0"/><net_sink comp="440" pin=0"/></net>

<net id="445"><net_src comp="437" pin="1"/><net_sink comp="440" pin=1"/></net>

<net id="446"><net_src comp="440" pin="2"/><net_sink comp="144" pin=1"/></net>

<net id="450"><net_src comp="447" pin="1"/><net_sink comp="156" pin=2"/></net>

<net id="451"><net_src comp="447" pin="1"/><net_sink comp="163" pin=2"/></net>

<net id="452"><net_src comp="447" pin="1"/><net_sink comp="170" pin=2"/></net>

<net id="453"><net_src comp="447" pin="1"/><net_sink comp="177" pin=2"/></net>

<net id="454"><net_src comp="447" pin="1"/><net_sink comp="184" pin=2"/></net>

<net id="455"><net_src comp="447" pin="1"/><net_sink comp="191" pin=2"/></net>

<net id="456"><net_src comp="447" pin="1"/><net_sink comp="198" pin=2"/></net>

<net id="457"><net_src comp="447" pin="1"/><net_sink comp="205" pin=2"/></net>

<net id="461"><net_src comp="114" pin="1"/><net_sink comp="458" pin=0"/></net>

<net id="462"><net_src comp="458" pin="1"/><net_sink comp="274" pin=1"/></net>

<net id="463"><net_src comp="458" pin="1"/><net_sink comp="279" pin=0"/></net>

<net id="464"><net_src comp="458" pin="1"/><net_sink comp="294" pin=1"/></net>

<net id="468"><net_src comp="118" pin="1"/><net_sink comp="465" pin=0"/></net>

<net id="469"><net_src comp="465" pin="1"/><net_sink comp="269" pin=1"/></net>

<net id="470"><net_src comp="465" pin="1"/><net_sink comp="299" pin=0"/></net>

<net id="471"><net_src comp="465" pin="1"/><net_sink comp="387" pin=0"/></net>

<net id="472"><net_src comp="465" pin="1"/><net_sink comp="432" pin=1"/></net>

<net id="476"><net_src comp="122" pin="1"/><net_sink comp="473" pin=0"/></net>

<net id="477"><net_src comp="473" pin="1"/><net_sink comp="264" pin=1"/></net>

<net id="478"><net_src comp="473" pin="1"/><net_sink comp="302" pin=0"/></net>

<net id="479"><net_src comp="473" pin="1"/><net_sink comp="390" pin=0"/></net>

<net id="480"><net_src comp="473" pin="1"/><net_sink comp="427" pin=1"/></net>

<net id="484"><net_src comp="126" pin="2"/><net_sink comp="481" pin=0"/></net>

<net id="488"><net_src comp="132" pin="2"/><net_sink comp="485" pin=0"/></net>

<net id="489"><net_src comp="485" pin="1"/><net_sink comp="348" pin=1"/></net>

<net id="493"><net_src comp="260" pin="1"/><net_sink comp="490" pin=0"/></net>

<net id="494"><net_src comp="490" pin="1"/><net_sink comp="313" pin=1"/></net>

<net id="498"><net_src comp="282" pin="2"/><net_sink comp="495" pin=0"/></net>

<net id="502"><net_src comp="371" pin="2"/><net_sink comp="499" pin=0"/></net>

<net id="503"><net_src comp="499" pin="1"/><net_sink comp="447" pin=0"/></net>

<net id="507"><net_src comp="377" pin="4"/><net_sink comp="504" pin=0"/></net>

<net id="508"><net_src comp="504" pin="1"/><net_sink comp="437" pin=0"/></net>

<net id="512"><net_src comp="440" pin="2"/><net_sink comp="509" pin=0"/></net>

<net id="513"><net_src comp="509" pin="1"/><net_sink comp="144" pin=1"/></net>

<net id="514"><net_src comp="509" pin="1"/><net_sink comp="151" pin=1"/></net>

<net id="518"><net_src comp="151" pin="2"/><net_sink comp="515" pin=0"/></net>

<net id="519"><net_src comp="515" pin="1"/><net_sink comp="212" pin=1"/></net>

<net id="520"><net_src comp="515" pin="1"/><net_sink comp="218" pin=1"/></net>

<net id="521"><net_src comp="515" pin="1"/><net_sink comp="224" pin=1"/></net>

<net id="522"><net_src comp="515" pin="1"/><net_sink comp="230" pin=1"/></net>

<net id="523"><net_src comp="515" pin="1"/><net_sink comp="236" pin=1"/></net>

<net id="524"><net_src comp="515" pin="1"/><net_sink comp="242" pin=1"/></net>

<net id="525"><net_src comp="515" pin="1"/><net_sink comp="248" pin=1"/></net>

<net id="526"><net_src comp="515" pin="1"/><net_sink comp="254" pin=1"/></net>

</net_list>

</model> 
---------------- Datapath Model END ------------------

* FSMD analyzer results:
  - Output states:
	Port: w_local_7 | {12 }
	Port: w_local_6 | {12 }
	Port: w_local_5 | {12 }
	Port: w_local_4 | {12 }
	Port: w_local_3 | {12 }
	Port: w_local_2 | {12 }
	Port: w_local_1 | {12 }
	Port: w_local | {12 }
 - Input state : 
	Port: UpConv_Fused_Row<8, 64, 64, 240, 120>_Pipeline_W_FLAT : p_cast17 | {1 }
	Port: UpConv_Fused_Row<8, 64, 64, 240, 120>_Pipeline_W_FLAT : W_ptr | {1 }
	Port: UpConv_Fused_Row<8, 64, 64, 240, 120>_Pipeline_W_FLAT : gmem_weight | {3 4 5 6 7 8 9 10 11 }
	Port: UpConv_Fused_Row<8, 64, 64, 240, 120>_Pipeline_W_FLAT : tc | {1 }
  - Chain level:
	State 1
		store_ln141 : 1
		store_ln141 : 1
		store_ln142 : 1
		kci_1 : 1
		icmp_ln142 : 2
		kci_2 : 2
		br_ln142 : 3
		store_ln142 : 3
	State 2
		trunc_ln142 : 1
		trunc_ln142_1 : 1
		add_ln144 : 1
		shl_ln144 : 2
		sub_ln144 : 2
		add_ln144_1 : 3
		shl_ln3 : 4
		sext_ln144 : 5
		add_ln144_2 : 6
		trunc_ln144 : 1
		p_shl : 2
		sub_ln144_1 : 3
		add_ln144_3 : 4
		trunc_ln8 : 7
		ci_cnt_1 : 1
		icmp_ln146 : 2
		add_ln146 : 1
		ci_cnt_2 : 3
		k_cnt_1 : 3
		store_ln141 : 4
		store_ln141 : 4
	State 3
		gmem_weight_addr : 1
		gmem_weight_load_req : 2
	State 4
	State 5
	State 6
	State 7
	State 8
	State 9
	State 10
	State 11
	State 12
		w_local_addr : 1
		w_local_1_addr : 1
		w_local_2_addr : 1
		w_local_3_addr : 1
		w_local_4_addr : 1
		w_local_5_addr : 1
		w_local_6_addr : 1
		w_local_7_addr : 1
		store_ln144 : 2
		store_ln144 : 2
		store_ln144 : 2
		store_ln144 : 2
		store_ln144 : 2
		store_ln144 : 2
		store_ln144 : 2
		store_ln144 : 2


============================================================
+ Verbose Summary: Datapath Resource usage 
============================================================

* Functional unit list:
|----------|-----------------------------------|---------|---------|
| Operation|          Functional Unit          |    FF   |   LUT   |
|----------|-----------------------------------|---------|---------|
|          |            kci_2_fu_288           |    0    |    15   |
|          |          add_ln144_fu_313         |    0    |    39   |
|          |         add_ln144_1_fu_330        |    0    |    32   |
|    add   |         add_ln144_2_fu_348        |    0    |    71   |
|          |         add_ln144_3_fu_371        |    0    |    19   |
|          |          ci_cnt_1_fu_393          |    0    |    39   |
|          |          add_ln146_fu_405         |    0    |    39   |
|----------|-----------------------------------|---------|---------|
|  select  |          ci_cnt_2_fu_411          |    0    |    32   |
|          |           k_cnt_1_fu_419          |    0    |    32   |
|----------|-----------------------------------|---------|---------|
|   icmp   |         icmp_ln142_fu_282         |    0    |    15   |
|          |         icmp_ln146_fu_399         |    0    |    39   |
|----------|-----------------------------------|---------|---------|
|    sub   |          sub_ln144_fu_324         |    0    |    32   |
|          |         sub_ln144_1_fu_365        |    0    |    19   |
|----------|-----------------------------------|---------|---------|
|          |        tc_read_read_fu_126        |    0    |    0    |
|   read   |       W_ptr_read_read_fu_132      |    0    |    0    |
|          |     p_cast17_read_read_fu_138     |    0    |    0    |
|          | gmem_weight_addr_read_read_fu_151 |    0    |    0    |
|----------|-----------------------------------|---------|---------|
|  readreq |         grp_readreq_fu_144        |    0    |    0    |
|----------|-----------------------------------|---------|---------|
|   zext   |        p_cast17_cast_fu_260       |    0    |    0    |
|          |         zext_ln144_fu_447         |    0    |    0    |
|----------|-----------------------------------|---------|---------|
|          |         trunc_ln142_fu_305        |    0    |    0    |
|   trunc  |        trunc_ln142_1_fu_309       |    0    |    0    |
|          |         trunc_ln144_fu_353        |    0    |    0    |
|----------|-----------------------------------|---------|---------|
|    shl   |          shl_ln144_fu_318         |    0    |    0    |
|----------|-----------------------------------|---------|---------|
|bitconcatenate|           shl_ln3_fu_336          |    0    |    0    |
|          |            p_shl_fu_357           |    0    |    0    |
|----------|-----------------------------------|---------|---------|
|   sext   |         sext_ln144_fu_344         |    0    |    0    |
|          |        sext_ln144_1_fu_437        |    0    |    0    |
|----------|-----------------------------------|---------|---------|
|partselect|          trunc_ln8_fu_377         |    0    |    0    |
|----------|-----------------------------------|---------|---------|
|   Total  |                                   |    0    |   423   |
|----------|-----------------------------------|---------|---------|

Memories:
N/A

* Register list:
+-----------------------------+--------+
|                             |   FF   |
+-----------------------------+--------+
|      W_ptr_read_reg_485     |   64   |
|     add_ln144_3_reg_499     |    8   |
|        ci_cnt_reg_465       |   32   |
|gmem_weight_addr_read_reg_515|   256  |
|   gmem_weight_addr_reg_509  |   256  |
|      icmp_ln142_reg_495     |    1   |
|        k_cnt_reg_473        |   32   |
|         kci_reg_458         |    8   |
|    p_cast17_cast_reg_490    |   32   |
|       tc_read_reg_481       |    3   |
|      trunc_ln8_reg_504      |   59   |
+-----------------------------+--------+
|            Total            |   751  |
+-----------------------------+--------+

* Multiplexer (MUX) list: 
|--------------------|------|------|------|--------||---------||---------||---------|
|        Comp        |  Pin | Size |  BW  | S x BW ||  Delay  ||    FF   ||   LUT   |
|--------------------|------|------|------|--------||---------||---------||---------|
| grp_readreq_fu_144 |  p1  |   2  |  256 |   512  ||    0    ||    9    |
|--------------------|------|------|------|--------||---------||---------||---------|
|        Total       |      |      |      |   512  ||  0.427  ||    0    ||    9    |
|--------------------|------|------|------|--------||---------||---------||---------|



* Summary:
+-----------+--------+--------+--------+
|           |  Delay |   FF   |   LUT  |
+-----------+--------+--------+--------+
|  Function |    -   |    0   |   423  |
|   Memory  |    -   |    -   |    -   |
|Multiplexer|    0   |    0   |    9   |
|  Register |    -   |   751  |    -   |
+-----------+--------+--------+--------+
|   Total   |    0   |   751  |   432  |
+-----------+--------+--------+--------+
