

================================================================
== Vitis HLS Report for 'UpConv_Fused_Row_8_128_128_120_60_Pipeline_W_FLAT'
================================================================
* Date:           Mon Jun  1 23:46:34 2026

* Version:        2024.2 (Build 5238294 on Nov  8 2024)
* Project:        upconv_core_top
* Solution:       hls (Vivado IP Flow Target)
* Product family: zynquplus
* Target device:  xczu7ev-ffvc1156-2-e


================================================================
== Performance Estimates
================================================================
+ Timing: 
    * Summary: 
    +--------+---------+----------+------------+
    |  Clock |  Target | Estimated| Uncertainty|
    +--------+---------+----------+------------+
    |ap_clk  |  3.33 ns|  2.877 ns|     0.90 ns|
    +--------+---------+----------+------------+

+ Latency: 
    * Summary: 
    +---------+---------+----------+----------+-----+-----+------------------------------------------------+
    |  Latency (cycles) |  Latency (absolute) |  Interval |                    Pipeline                    |
    |   min   |   max   |    min   |    max   | min | max |                      Type                      |
    +---------+---------+----------+----------+-----+-----+------------------------------------------------+
    |       85|       85|  0.283 us|  0.283 us|   73|   73|  loop auto-rewind stp (delay=0 clock cycles(s))|
    +---------+---------+----------+----------+-----+-----+------------------------------------------------+

    + Detail: 
        * Instance: 
        N/A

        * Loop: 
        +----------+---------+---------+----------+-----------+-----------+------+----------+
        |          |  Latency (cycles) | Iteration|  Initiation Interval  | Trip |          |
        | Loop Name|   min   |   max   |  Latency |  achieved |   target  | Count| Pipelined|
        +----------+---------+---------+----------+-----------+-----------+------+----------+
        |- W_FLAT  |       83|       83|        13|          1|          1|    72|       yes|
        +----------+---------+---------+----------+-----------+-----------+------+----------+

============================================================
+ Verbose Summary: Synthesis Manager
============================================================
InlineROM: 1
ExposeGlobal: 0
============================================================
+ Verbose Summary: CDFG Model
============================================================
IsTopModel: 0
ResetActiveHigh: 1
IsCombinational: 0
IsDatapathOnly: 0
HasWiredReturn: 1
HasMFsm: 2
HasVarLatency: 1
IsPipeline: 0
IsRtlPipelined: 0
IsInstanceOverlapped: 0
IsDontTouch: 0
HasImplIP: 0
IsGatedGlobalClock: 0

+ Individual pipeline summary: 
  * Pipeline-0: initiation interval (II) = 1, depth = 13


============================================================
+ Verbose Summary: Schedule
============================================================
* Number of FSM states : 13
* Pipeline : 1
  Pipeline-0 : II = 1, D = 13, States = { 1 2 3 4 5 6 7 8 9 10 11 12 13 }
* Dataflow Pipeline: 0

* FSM state transitions: 
1 --> 2 
2 --> 3 
3 --> 4 
4 --> 5 
5 --> 6 
6 --> 7 
7 --> 8 
8 --> 9 
9 --> 10 
10 --> 11 
11 --> 12 
12 --> 13 
13 --> 

* FSM state operations: 

State 1 <SV = 0> <Delay = 1.62>
ST_1 : Operation 16 [1/1] (0.00ns)   --->   "%kci = alloca i32 1" [../gen/Hls_Layers_UpConv.tpp:142]   --->   Operation 16 'alloca' 'kci' <Predicate = true> <Delay = 0.00>
ST_1 : Operation 17 [1/1] (0.00ns)   --->   "%ci_cnt = alloca i32 1" [../gen/Hls_Layers_UpConv.tpp:141]   --->   Operation 17 'alloca' 'ci_cnt' <Predicate = true> <Delay = 0.00>
ST_1 : Operation 18 [1/1] (0.00ns)   --->   "%k_cnt = alloca i32 1" [../gen/Hls_Layers_UpConv.tpp:141]   --->   Operation 18 'alloca' 'k_cnt' <Predicate = true> <Delay = 0.00>
ST_1 : Operation 19 [1/1] (0.00ns)   --->   "%tc_read = read i3 @_ssdm_op_Read.ap_auto.i3, i3 %tc"   --->   Operation 19 'read' 'tc_read' <Predicate = true> <Delay = 0.00>
ST_1 : Operation 20 [1/1] (0.00ns)   --->   "%W_ptr_read = read i64 @_ssdm_op_Read.ap_auto.i64, i64 %W_ptr"   --->   Operation 20 'read' 'W_ptr_read' <Predicate = true> <Delay = 0.00>
ST_1 : Operation 21 [1/1] (0.00ns)   --->   "%p_cast10_read = read i10 @_ssdm_op_Read.ap_auto.i10, i10 %p_cast10"   --->   Operation 21 'read' 'p_cast10_read' <Predicate = true> <Delay = 0.00>
ST_1 : Operation 22 [1/1] (0.00ns)   --->   "%p_cast10_cast = zext i10 %p_cast10_read"   --->   Operation 22 'zext' 'p_cast10_cast' <Predicate = true> <Delay = 0.00>
ST_1 : Operation 23 [1/1] (0.00ns)   --->   "%specmemcore_ln0 = specmemcore void @_ssdm_op_SpecMemCore, i256 %w_local_7, i64 666, i64 30, i64 18446744073709551615"   --->   Operation 23 'specmemcore' 'specmemcore_ln0' <Predicate = true> <Delay = 0.00>
ST_1 : Operation 24 [1/1] (0.00ns)   --->   "%specmemcore_ln0 = specmemcore void @_ssdm_op_SpecMemCore, i256 %w_local_6, i64 666, i64 30, i64 18446744073709551615"   --->   Operation 24 'specmemcore' 'specmemcore_ln0' <Predicate = true> <Delay = 0.00>
ST_1 : Operation 25 [1/1] (0.00ns)   --->   "%specmemcore_ln0 = specmemcore void @_ssdm_op_SpecMemCore, i256 %w_local_5, i64 666, i64 30, i64 18446744073709551615"   --->   Operation 25 'specmemcore' 'specmemcore_ln0' <Predicate = true> <Delay = 0.00>
ST_1 : Operation 26 [1/1] (0.00ns)   --->   "%specmemcore_ln0 = specmemcore void @_ssdm_op_SpecMemCore, i256 %w_local_4, i64 666, i64 30, i64 18446744073709551615"   --->   Operation 26 'specmemcore' 'specmemcore_ln0' <Predicate = true> <Delay = 0.00>
ST_1 : Operation 27 [1/1] (0.00ns)   --->   "%specmemcore_ln0 = specmemcore void @_ssdm_op_SpecMemCore, i256 %w_local_3, i64 666, i64 30, i64 18446744073709551615"   --->   Operation 27 'specmemcore' 'specmemcore_ln0' <Predicate = true> <Delay = 0.00>
ST_1 : Operation 28 [1/1] (0.00ns)   --->   "%specmemcore_ln0 = specmemcore void @_ssdm_op_SpecMemCore, i256 %w_local_2, i64 666, i64 30, i64 18446744073709551615"   --->   Operation 28 'specmemcore' 'specmemcore_ln0' <Predicate = true> <Delay = 0.00>
ST_1 : Operation 29 [1/1] (0.00ns)   --->   "%specmemcore_ln0 = specmemcore void @_ssdm_op_SpecMemCore, i256 %w_local_1, i64 666, i64 30, i64 18446744073709551615"   --->   Operation 29 'specmemcore' 'specmemcore_ln0' <Predicate = true> <Delay = 0.00>
ST_1 : Operation 30 [1/1] (0.00ns)   --->   "%specmemcore_ln0 = specmemcore void @_ssdm_op_SpecMemCore, i256 %w_local, i64 666, i64 30, i64 18446744073709551615"   --->   Operation 30 'specmemcore' 'specmemcore_ln0' <Predicate = true> <Delay = 0.00>
ST_1 : Operation 31 [1/1] (0.00ns)   --->   "%specinterface_ln0 = specinterface void @_ssdm_op_SpecInterface, i256 %gmem_weight, void @empty_3, i32 0, i32 0, void @empty_15, i32 0, i32 0, void @empty_26, void @empty_14, void @empty_15, i32 16, i32 16, i32 64, i32 16, void @empty_15, void @empty_15, i32 4294967295, i32 0, i32 0"   --->   Operation 31 'specinterface' 'specinterface_ln0' <Predicate = true> <Delay = 0.00>
ST_1 : Operation 32 [1/1] (0.42ns)   --->   "%store_ln141 = store i32 0, i32 %k_cnt" [../gen/Hls_Layers_UpConv.tpp:141]   --->   Operation 32 'store' 'store_ln141' <Predicate = true> <Delay = 0.42>
ST_1 : Operation 33 [1/1] (0.42ns)   --->   "%store_ln141 = store i32 0, i32 %ci_cnt" [../gen/Hls_Layers_UpConv.tpp:141]   --->   Operation 33 'store' 'store_ln141' <Predicate = true> <Delay = 0.42>
ST_1 : Operation 34 [1/1] (0.42ns)   --->   "%store_ln142 = store i7 0, i7 %kci" [../gen/Hls_Layers_UpConv.tpp:142]   --->   Operation 34 'store' 'store_ln142' <Predicate = true> <Delay = 0.42>
ST_1 : Operation 35 [1/1] (0.00ns)   --->   "%br_ln142 = br void %for.body28" [../gen/Hls_Layers_UpConv.tpp:142]   --->   Operation 35 'br' 'br_ln142' <Predicate = true> <Delay = 0.00>
ST_1 : Operation 36 [1/1] (0.00ns)   --->   "%kci_7 = load i7 %kci" [../gen/Hls_Layers_UpConv.tpp:142]   --->   Operation 36 'load' 'kci_7' <Predicate = true> <Delay = 0.00>
ST_1 : Operation 37 [1/1] (0.77ns)   --->   "%icmp_ln142 = icmp_eq  i7 %kci_7, i7 72" [../gen/Hls_Layers_UpConv.tpp:142]   --->   Operation 37 'icmp' 'icmp_ln142' <Predicate = true> <Delay = 0.77> <CoreInst = "Cmp">   --->   Core 9 'Cmp' <Latency = 0> <II = 1> <Delay = 0.77> <FuncUnit> <Opcode : 'seteq' 'setne' 'setle' 'setge' 'setlt' 'setgt'> <InPorts = 2> <OutPorts = 1>
ST_1 : Operation 38 [1/1] (0.77ns)   --->   "%kci_8 = add i7 %kci_7, i7 1" [../gen/Hls_Layers_UpConv.tpp:142]   --->   Operation 38 'add' 'kci_8' <Predicate = true> <Delay = 0.77> <CoreInst = "Adder">   --->   Core 1 'Adder' <Latency = 0> <II = 1> <Delay = 0.77> <FuncUnit> <Opcode : 'add' 'sub'> <InPorts = 2> <OutPorts = 1>
ST_1 : Operation 39 [1/1] (0.00ns)   --->   "%br_ln142 = br i1 %icmp_ln142, void %for.body28.split, void %for.inc50.loopexit.exitStub" [../gen/Hls_Layers_UpConv.tpp:142]   --->   Operation 39 'br' 'br_ln142' <Predicate = true> <Delay = 0.00>
ST_1 : Operation 40 [1/1] (0.67ns)   --->   "%switch_ln144 = switch i3 %tc_read, void %arrayidx4012.case.7, i3 0, void %arrayidx4012.case.0, i3 1, void %arrayidx4012.case.1, i3 2, void %arrayidx4012.case.2, i3 3, void %arrayidx4012.case.3, i3 4, void %arrayidx4012.case.4, i3 5, void %arrayidx4012.case.5, i3 6, void %arrayidx4012.case.6" [../gen/Hls_Layers_UpConv.tpp:144]   --->   Operation 40 'switch' 'switch_ln144' <Predicate = (!icmp_ln142)> <Delay = 0.67>
ST_1 : Operation 41 [1/1] (0.42ns)   --->   "%store_ln142 = store i7 %kci_8, i7 %kci" [../gen/Hls_Layers_UpConv.tpp:142]   --->   Operation 41 'store' 'store_ln142' <Predicate = (!icmp_ln142)> <Delay = 0.42>

State 2 <SV = 1> <Delay = 2.87>
ST_2 : Operation 42 [1/1] (0.00ns)   --->   "%ci_cnt_load = load i32 %ci_cnt" [../gen/Hls_Layers_UpConv.tpp:142]   --->   Operation 42 'load' 'ci_cnt_load' <Predicate = true> <Delay = 0.00>
ST_2 : Operation 43 [1/1] (0.00ns)   --->   "%k_cnt_load = load i32 %k_cnt" [../gen/Hls_Layers_UpConv.tpp:144]   --->   Operation 43 'load' 'k_cnt_load' <Predicate = true> <Delay = 0.00>
ST_2 : Operation 44 [1/1] (0.00ns)   --->   "%trunc_ln142 = trunc i32 %ci_cnt_load" [../gen/Hls_Layers_UpConv.tpp:142]   --->   Operation 44 'trunc' 'trunc_ln142' <Predicate = true> <Delay = 0.00>
ST_2 : Operation 45 [1/1] (0.00ns)   --->   "%trunc_ln142_2 = trunc i32 %k_cnt_load" [../gen/Hls_Layers_UpConv.tpp:142]   --->   Operation 45 'trunc' 'trunc_ln142_2' <Predicate = true> <Delay = 0.00>
ST_2 : Operation 46 [1/1] (0.98ns)   --->   "%add_ln144 = add i29 %trunc_ln142_2, i29 %p_cast10_cast" [../gen/Hls_Layers_UpConv.tpp:144]   --->   Operation 46 'add' 'add_ln144' <Predicate = true> <Delay = 0.98> <CoreInst = "Adder">   --->   Core 1 'Adder' <Latency = 0> <II = 1> <Delay = 0.98> <FuncUnit> <Opcode : 'add' 'sub'> <InPorts = 2> <OutPorts = 1>
ST_2 : Operation 47 [1/1] (0.00ns)   --->   "%shl_ln = bitconcatenate i32 @_ssdm_op_BitConcatenate.i32.i29.i3, i29 %add_ln144, i3 0" [../gen/Hls_Layers_UpConv.tpp:144]   --->   Operation 47 'bitconcatenate' 'shl_ln' <Predicate = true> <Delay = 0.00>
ST_2 : Operation 48 [1/1] (1.01ns)   --->   "%add_ln144_10 = add i32 %shl_ln, i32 %ci_cnt_load" [../gen/Hls_Layers_UpConv.tpp:144]   --->   Operation 48 'add' 'add_ln144_10' <Predicate = true> <Delay = 1.01> <CoreInst = "Adder">   --->   Core 1 'Adder' <Latency = 0> <II = 1> <Delay = 1.01> <FuncUnit> <Opcode : 'add' 'sub'> <InPorts = 2> <OutPorts = 1>
ST_2 : Operation 49 [1/1] (0.00ns)   --->   "%trunc_ln144 = trunc i32 %k_cnt_load" [../gen/Hls_Layers_UpConv.tpp:144]   --->   Operation 49 'trunc' 'trunc_ln144' <Predicate = true> <Delay = 0.00>
ST_2 : Operation 50 [1/1] (0.00ns)   --->   "%shl_ln144_2 = bitconcatenate i7 @_ssdm_op_BitConcatenate.i7.i4.i3, i4 %trunc_ln144, i3 0" [../gen/Hls_Layers_UpConv.tpp:144]   --->   Operation 50 'bitconcatenate' 'shl_ln144_2' <Predicate = true> <Delay = 0.00>
ST_2 : Operation 51 [1/1] (0.77ns)   --->   "%add_ln144_12 = add i7 %shl_ln144_2, i7 %trunc_ln142" [../gen/Hls_Layers_UpConv.tpp:144]   --->   Operation 51 'add' 'add_ln144_12' <Predicate = true> <Delay = 0.77> <CoreInst = "Adder">   --->   Core 1 'Adder' <Latency = 0> <II = 1> <Delay = 0.77> <FuncUnit> <Opcode : 'add' 'sub'> <InPorts = 2> <OutPorts = 1>
ST_2 : Operation 52 [1/1] (0.00ns)   --->   "%ci_cnt_load_2 = load i32 %ci_cnt" [../gen/Hls_Layers_UpConv.tpp:145]   --->   Operation 52 'load' 'ci_cnt_load_2' <Predicate = true> <Delay = 0.00>
ST_2 : Operation 53 [1/1] (0.00ns)   --->   "%k_cnt_load_2 = load i32 %k_cnt" [../gen/Hls_Layers_UpConv.tpp:146]   --->   Operation 53 'load' 'k_cnt_load_2' <Predicate = true> <Delay = 0.00>
ST_2 : Operation 54 [1/1] (1.01ns)   --->   "%ci_cnt_7 = add i32 %ci_cnt_load_2, i32 1" [../gen/Hls_Layers_UpConv.tpp:145]   --->   Operation 54 'add' 'ci_cnt_7' <Predicate = true> <Delay = 1.01> <CoreInst = "Adder">   --->   Core 1 'Adder' <Latency = 0> <II = 1> <Delay = 1.01> <FuncUnit> <Opcode : 'add' 'sub'> <InPorts = 2> <OutPorts = 1>
ST_2 : Operation 55 [1/1] (0.00ns)   --->   "%tmp = partselect i29 @_ssdm_op_PartSelect.i29.i32.i32.i32, i32 %ci_cnt_7, i32 3, i32 31" [../gen/Hls_Layers_UpConv.tpp:146]   --->   Operation 55 'partselect' 'tmp' <Predicate = true> <Delay = 0.00>
ST_2 : Operation 56 [1/1] (0.98ns)   --->   "%icmp_ln146 = icmp_sgt  i29 %tmp, i29 0" [../gen/Hls_Layers_UpConv.tpp:146]   --->   Operation 56 'icmp' 'icmp_ln146' <Predicate = true> <Delay = 0.98> <CoreInst = "Cmp">   --->   Core 9 'Cmp' <Latency = 0> <II = 1> <Delay = 0.98> <FuncUnit> <Opcode : 'seteq' 'setne' 'setle' 'setge' 'setlt' 'setgt'> <InPorts = 2> <OutPorts = 1>
ST_2 : Operation 57 [1/1] (1.01ns)   --->   "%add_ln146 = add i32 %k_cnt_load_2, i32 1" [../gen/Hls_Layers_UpConv.tpp:146]   --->   Operation 57 'add' 'add_ln146' <Predicate = true> <Delay = 1.01> <CoreInst = "Adder">   --->   Core 1 'Adder' <Latency = 0> <II = 1> <Delay = 1.01> <FuncUnit> <Opcode : 'add' 'sub'> <InPorts = 2> <OutPorts = 1>
ST_2 : Operation 58 [1/1] (0.44ns)   --->   "%ci_cnt_8 = select i1 %icmp_ln146, i32 0, i32 %ci_cnt_7" [../gen/Hls_Layers_UpConv.tpp:146]   --->   Operation 58 'select' 'ci_cnt_8' <Predicate = true> <Delay = 0.44> <CoreInst = "Sel">   --->   Core 73 'Sel' <Latency = 0> <II = 1> <Delay = 0.44> <FuncUnit> <Opcode : 'select'> <InPorts = 3> <OutPorts = 1>
ST_2 : Operation 59 [1/1] (0.44ns)   --->   "%k_cnt_4 = select i1 %icmp_ln146, i32 %add_ln146, i32 %k_cnt_load_2" [../gen/Hls_Layers_UpConv.tpp:146]   --->   Operation 59 'select' 'k_cnt_4' <Predicate = true> <Delay = 0.44> <CoreInst = "Sel">   --->   Core 73 'Sel' <Latency = 0> <II = 1> <Delay = 0.44> <FuncUnit> <Opcode : 'select'> <InPorts = 3> <OutPorts = 1>
ST_2 : Operation 60 [1/1] (0.42ns)   --->   "%store_ln141 = store i32 %k_cnt_4, i32 %k_cnt" [../gen/Hls_Layers_UpConv.tpp:141]   --->   Operation 60 'store' 'store_ln141' <Predicate = true> <Delay = 0.42>
ST_2 : Operation 61 [1/1] (0.42ns)   --->   "%store_ln141 = store i32 %ci_cnt_8, i32 %ci_cnt" [../gen/Hls_Layers_UpConv.tpp:141]   --->   Operation 61 'store' 'store_ln141' <Predicate = true> <Delay = 0.42>
ST_2 : Operation 62 [1/1] (0.00ns)   --->   "%br_ln142 = br void %for.body28" [../gen/Hls_Layers_UpConv.tpp:142]   --->   Operation 62 'br' 'br_ln142' <Predicate = true> <Delay = 0.00>

State 3 <SV = 2> <Delay = 1.08>
ST_3 : Operation 63 [1/1] (0.00ns)   --->   "%shl_ln144_1 = bitconcatenate i37 @_ssdm_op_BitConcatenate.i37.i32.i5, i32 %add_ln144_10, i5 0" [../gen/Hls_Layers_UpConv.tpp:144]   --->   Operation 63 'bitconcatenate' 'shl_ln144_1' <Predicate = true> <Delay = 0.00>
ST_3 : Operation 64 [1/1] (0.00ns)   --->   "%sext_ln144 = sext i37 %shl_ln144_1" [../gen/Hls_Layers_UpConv.tpp:144]   --->   Operation 64 'sext' 'sext_ln144' <Predicate = true> <Delay = 0.00>
ST_3 : Operation 65 [1/1] (1.08ns)   --->   "%add_ln144_11 = add i64 %sext_ln144, i64 %W_ptr_read" [../gen/Hls_Layers_UpConv.tpp:144]   --->   Operation 65 'add' 'add_ln144_11' <Predicate = true> <Delay = 1.08> <CoreInst = "Adder">   --->   Core 1 'Adder' <Latency = 0> <II = 1> <Delay = 1.08> <FuncUnit> <Opcode : 'add' 'sub'> <InPorts = 2> <OutPorts = 1>
ST_3 : Operation 66 [1/1] (0.00ns)   --->   "%trunc_ln = partselect i59 @_ssdm_op_PartSelect.i59.i64.i32.i32, i64 %add_ln144_11, i32 5, i32 63" [../gen/Hls_Layers_UpConv.tpp:144]   --->   Operation 66 'partselect' 'trunc_ln' <Predicate = true> <Delay = 0.00>

State 4 <SV = 3> <Delay = 2.43>
ST_4 : Operation 67 [1/1] (0.00ns)   --->   "%sext_ln144_4 = sext i59 %trunc_ln" [../gen/Hls_Layers_UpConv.tpp:144]   --->   Operation 67 'sext' 'sext_ln144_4' <Predicate = true> <Delay = 0.00>
ST_4 : Operation 68 [1/1] (0.00ns)   --->   "%gmem_weight_addr = getelementptr i256 %gmem_weight, i64 %sext_ln144_4" [../gen/Hls_Layers_UpConv.tpp:144]   --->   Operation 68 'getelementptr' 'gmem_weight_addr' <Predicate = true> <Delay = 0.00>
ST_4 : Operation 69 [8/8] (2.43ns)   --->   "%gmem_weight_load_req = readreq i1 @_ssdm_op_ReadReq.m_axi.i256P1A, i256 %gmem_weight_addr, i64 1" [../gen/Hls_Layers_UpConv.tpp:144]   --->   Operation 69 'readreq' 'gmem_weight_load_req' <Predicate = true> <Delay = 2.43> <CoreInst = "m_axi">   --->   Core 119 'm_axi' <Latency = 6> <II = 1> <Delay = 1.00> <Adapter> <Opcode : 'read' 'write' 'readreq' 'writereq' 'writeresp'>

State 5 <SV = 4> <Delay = 2.43>
ST_5 : Operation 70 [7/8] (2.43ns)   --->   "%gmem_weight_load_req = readreq i1 @_ssdm_op_ReadReq.m_axi.i256P1A, i256 %gmem_weight_addr, i64 1" [../gen/Hls_Layers_UpConv.tpp:144]   --->   Operation 70 'readreq' 'gmem_weight_load_req' <Predicate = true> <Delay = 2.43> <CoreInst = "m_axi">   --->   Core 119 'm_axi' <Latency = 6> <II = 1> <Delay = 1.00> <Adapter> <Opcode : 'read' 'write' 'readreq' 'writereq' 'writeresp'>

State 6 <SV = 5> <Delay = 2.43>
ST_6 : Operation 71 [6/8] (2.43ns)   --->   "%gmem_weight_load_req = readreq i1 @_ssdm_op_ReadReq.m_axi.i256P1A, i256 %gmem_weight_addr, i64 1" [../gen/Hls_Layers_UpConv.tpp:144]   --->   Operation 71 'readreq' 'gmem_weight_load_req' <Predicate = true> <Delay = 2.43> <CoreInst = "m_axi">   --->   Core 119 'm_axi' <Latency = 6> <II = 1> <Delay = 1.00> <Adapter> <Opcode : 'read' 'write' 'readreq' 'writereq' 'writeresp'>

State 7 <SV = 6> <Delay = 2.43>
ST_7 : Operation 72 [5/8] (2.43ns)   --->   "%gmem_weight_load_req = readreq i1 @_ssdm_op_ReadReq.m_axi.i256P1A, i256 %gmem_weight_addr, i64 1" [../gen/Hls_Layers_UpConv.tpp:144]   --->   Operation 72 'readreq' 'gmem_weight_load_req' <Predicate = true> <Delay = 2.43> <CoreInst = "m_axi">   --->   Core 119 'm_axi' <Latency = 6> <II = 1> <Delay = 1.00> <Adapter> <Opcode : 'read' 'write' 'readreq' 'writereq' 'writeresp'>

State 8 <SV = 7> <Delay = 2.43>
ST_8 : Operation 73 [4/8] (2.43ns)   --->   "%gmem_weight_load_req = readreq i1 @_ssdm_op_ReadReq.m_axi.i256P1A, i256 %gmem_weight_addr, i64 1" [../gen/Hls_Layers_UpConv.tpp:144]   --->   Operation 73 'readreq' 'gmem_weight_load_req' <Predicate = true> <Delay = 2.43> <CoreInst = "m_axi">   --->   Core 119 'm_axi' <Latency = 6> <II = 1> <Delay = 1.00> <Adapter> <Opcode : 'read' 'write' 'readreq' 'writereq' 'writeresp'>

State 9 <SV = 8> <Delay = 2.43>
ST_9 : Operation 74 [3/8] (2.43ns)   --->   "%gmem_weight_load_req = readreq i1 @_ssdm_op_ReadReq.m_axi.i256P1A, i256 %gmem_weight_addr, i64 1" [../gen/Hls_Layers_UpConv.tpp:144]   --->   Operation 74 'readreq' 'gmem_weight_load_req' <Predicate = true> <Delay = 2.43> <CoreInst = "m_axi">   --->   Core 119 'm_axi' <Latency = 6> <II = 1> <Delay = 1.00> <Adapter> <Opcode : 'read' 'write' 'readreq' 'writereq' 'writeresp'>

State 10 <SV = 9> <Delay = 2.43>
ST_10 : Operation 75 [2/8] (2.43ns)   --->   "%gmem_weight_load_req = readreq i1 @_ssdm_op_ReadReq.m_axi.i256P1A, i256 %gmem_weight_addr, i64 1" [../gen/Hls_Layers_UpConv.tpp:144]   --->   Operation 75 'readreq' 'gmem_weight_load_req' <Predicate = true> <Delay = 2.43> <CoreInst = "m_axi">   --->   Core 119 'm_axi' <Latency = 6> <II = 1> <Delay = 1.00> <Adapter> <Opcode : 'read' 'write' 'readreq' 'writereq' 'writeresp'>

State 11 <SV = 10> <Delay = 2.43>
ST_11 : Operation 76 [1/8] (2.43ns)   --->   "%gmem_weight_load_req = readreq i1 @_ssdm_op_ReadReq.m_axi.i256P1A, i256 %gmem_weight_addr, i64 1" [../gen/Hls_Layers_UpConv.tpp:144]   --->   Operation 76 'readreq' 'gmem_weight_load_req' <Predicate = true> <Delay = 2.43> <CoreInst = "m_axi">   --->   Core 119 'm_axi' <Latency = 6> <II = 1> <Delay = 1.00> <Adapter> <Opcode : 'read' 'write' 'readreq' 'writereq' 'writeresp'>

State 12 <SV = 11> <Delay = 2.43>
ST_12 : Operation 77 [1/1] (2.43ns)   --->   "%gmem_weight_addr_read = read i256 @_ssdm_op_Read.m_axi.i256P1A, i256 %gmem_weight_addr" [../gen/Hls_Layers_UpConv.tpp:144]   --->   Operation 77 'read' 'gmem_weight_addr_read' <Predicate = true> <Delay = 2.43> <CoreInst = "m_axi">   --->   Core 119 'm_axi' <Latency = 3> <II = 1> <Delay = 1.00> <Adapter> <Opcode : 'read' 'write' 'readreq' 'writereq' 'writeresp'>
ST_12 : Operation 106 [1/1] (0.42ns)   --->   "%ret_ln0 = ret"   --->   Operation 106 'ret' 'ret_ln0' <Predicate = (icmp_ln142)> <Delay = 0.42>

State 13 <SV = 12> <Delay = 1.23>
ST_13 : Operation 78 [1/1] (0.00ns)   --->   "%specpipeline_ln143 = specpipeline void @_ssdm_op_SpecPipeline, i32 1, i32 0, i32 0, i32 0, void @empty_15" [../gen/Hls_Layers_UpConv.tpp:143]   --->   Operation 78 'specpipeline' 'specpipeline_ln143' <Predicate = true> <Delay = 0.00>
ST_13 : Operation 79 [1/1] (0.00ns)   --->   "%speclooptripcount_ln142 = speclooptripcount void @_ssdm_op_SpecLoopTripCount, i64 72, i64 72, i64 72" [../gen/Hls_Layers_UpConv.tpp:142]   --->   Operation 79 'speclooptripcount' 'speclooptripcount_ln142' <Predicate = true> <Delay = 0.00>
ST_13 : Operation 80 [1/1] (0.00ns)   --->   "%specloopname_ln142 = specloopname void @_ssdm_op_SpecLoopName, void @empty_21" [../gen/Hls_Layers_UpConv.tpp:142]   --->   Operation 80 'specloopname' 'specloopname_ln142' <Predicate = true> <Delay = 0.00>
ST_13 : Operation 81 [1/1] (0.00ns)   --->   "%zext_ln144 = zext i7 %add_ln144_12" [../gen/Hls_Layers_UpConv.tpp:144]   --->   Operation 81 'zext' 'zext_ln144' <Predicate = true> <Delay = 0.00>
ST_13 : Operation 82 [1/1] (0.00ns)   --->   "%w_local_addr = getelementptr i256 %w_local, i64 0, i64 %zext_ln144" [../gen/Hls_Layers_UpConv.tpp:144]   --->   Operation 82 'getelementptr' 'w_local_addr' <Predicate = true> <Delay = 0.00>
ST_13 : Operation 83 [1/1] (0.00ns)   --->   "%w_local_1_addr = getelementptr i256 %w_local_1, i64 0, i64 %zext_ln144" [../gen/Hls_Layers_UpConv.tpp:144]   --->   Operation 83 'getelementptr' 'w_local_1_addr' <Predicate = true> <Delay = 0.00>
ST_13 : Operation 84 [1/1] (0.00ns)   --->   "%w_local_2_addr = getelementptr i256 %w_local_2, i64 0, i64 %zext_ln144" [../gen/Hls_Layers_UpConv.tpp:144]   --->   Operation 84 'getelementptr' 'w_local_2_addr' <Predicate = true> <Delay = 0.00>
ST_13 : Operation 85 [1/1] (0.00ns)   --->   "%w_local_3_addr = getelementptr i256 %w_local_3, i64 0, i64 %zext_ln144" [../gen/Hls_Layers_UpConv.tpp:144]   --->   Operation 85 'getelementptr' 'w_local_3_addr' <Predicate = true> <Delay = 0.00>
ST_13 : Operation 86 [1/1] (0.00ns)   --->   "%w_local_4_addr = getelementptr i256 %w_local_4, i64 0, i64 %zext_ln144" [../gen/Hls_Layers_UpConv.tpp:144]   --->   Operation 86 'getelementptr' 'w_local_4_addr' <Predicate = true> <Delay = 0.00>
ST_13 : Operation 87 [1/1] (0.00ns)   --->   "%w_local_5_addr = getelementptr i256 %w_local_5, i64 0, i64 %zext_ln144" [../gen/Hls_Layers_UpConv.tpp:144]   --->   Operation 87 'getelementptr' 'w_local_5_addr' <Predicate = true> <Delay = 0.00>
ST_13 : Operation 88 [1/1] (0.00ns)   --->   "%w_local_6_addr = getelementptr i256 %w_local_6, i64 0, i64 %zext_ln144" [../gen/Hls_Layers_UpConv.tpp:144]   --->   Operation 88 'getelementptr' 'w_local_6_addr' <Predicate = true> <Delay = 0.00>
ST_13 : Operation 89 [1/1] (0.00ns)   --->   "%w_local_7_addr = getelementptr i256 %w_local_7, i64 0, i64 %zext_ln144" [../gen/Hls_Layers_UpConv.tpp:144]   --->   Operation 89 'getelementptr' 'w_local_7_addr' <Predicate = true> <Delay = 0.00>
ST_13 : Operation 90 [1/1] ( I:1.23ns O:1.23ns )   --->   "%store_ln144 = store i256 %gmem_weight_addr_read, i7 %w_local_6_addr" [../gen/Hls_Layers_UpConv.tpp:144]   --->   Operation 90 'store' 'store_ln144' <Predicate = (tc_read == 6)> <Delay = 1.23> <CoreInst = "RAM_T2P_BRAM">   --->   Core 98 'RAM_T2P_BRAM' <Latency = 1> <II = 1> <Delay = 1.23> <Storage> <Opcode : 'load' 'store'> <Ports = 2> <Width = 256> <Depth = 72> <RAM>
ST_13 : Operation 91 [1/1] (0.00ns)   --->   "%br_ln144 = br void %arrayidx4012.exit" [../gen/Hls_Layers_UpConv.tpp:144]   --->   Operation 91 'br' 'br_ln144' <Predicate = (tc_read == 6)> <Delay = 0.00>
ST_13 : Operation 92 [1/1] ( I:1.23ns O:1.23ns )   --->   "%store_ln144 = store i256 %gmem_weight_addr_read, i7 %w_local_5_addr" [../gen/Hls_Layers_UpConv.tpp:144]   --->   Operation 92 'store' 'store_ln144' <Predicate = (tc_read == 5)> <Delay = 1.23> <CoreInst = "RAM_T2P_BRAM">   --->   Core 98 'RAM_T2P_BRAM' <Latency = 1> <II = 1> <Delay = 1.23> <Storage> <Opcode : 'load' 'store'> <Ports = 2> <Width = 256> <Depth = 72> <RAM>
ST_13 : Operation 93 [1/1] (0.00ns)   --->   "%br_ln144 = br void %arrayidx4012.exit" [../gen/Hls_Layers_UpConv.tpp:144]   --->   Operation 93 'br' 'br_ln144' <Predicate = (tc_read == 5)> <Delay = 0.00>
ST_13 : Operation 94 [1/1] ( I:1.23ns O:1.23ns )   --->   "%store_ln144 = store i256 %gmem_weight_addr_read, i7 %w_local_4_addr" [../gen/Hls_Layers_UpConv.tpp:144]   --->   Operation 94 'store' 'store_ln144' <Predicate = (tc_read == 4)> <Delay = 1.23> <CoreInst = "RAM_T2P_BRAM">   --->   Core 98 'RAM_T2P_BRAM' <Latency = 1> <II = 1> <Delay = 1.23> <Storage> <Opcode : 'load' 'store'> <Ports = 2> <Width = 256> <Depth = 72> <RAM>
ST_13 : Operation 95 [1/1] (0.00ns)   --->   "%br_ln144 = br void %arrayidx4012.exit" [../gen/Hls_Layers_UpConv.tpp:144]   --->   Operation 95 'br' 'br_ln144' <Predicate = (tc_read == 4)> <Delay = 0.00>
ST_13 : Operation 96 [1/1] ( I:1.23ns O:1.23ns )   --->   "%store_ln144 = store i256 %gmem_weight_addr_read, i7 %w_local_3_addr" [../gen/Hls_Layers_UpConv.tpp:144]   --->   Operation 96 'store' 'store_ln144' <Predicate = (tc_read == 3)> <Delay = 1.23> <CoreInst = "RAM_T2P_BRAM">   --->   Core 98 'RAM_T2P_BRAM' <Latency = 1> <II = 1> <Delay = 1.23> <Storage> <Opcode : 'load' 'store'> <Ports = 2> <Width = 256> <Depth = 72> <RAM>
ST_13 : Operation 97 [1/1] (0.00ns)   --->   "%br_ln144 = br void %arrayidx4012.exit" [../gen/Hls_Layers_UpConv.tpp:144]   --->   Operation 97 'br' 'br_ln144' <Predicate = (tc_read == 3)> <Delay = 0.00>
ST_13 : Operation 98 [1/1] ( I:1.23ns O:1.23ns )   --->   "%store_ln144 = store i256 %gmem_weight_addr_read, i7 %w_local_2_addr" [../gen/Hls_Layers_UpConv.tpp:144]   --->   Operation 98 'store' 'store_ln144' <Predicate = (tc_read == 2)> <Delay = 1.23> <CoreInst = "RAM_T2P_BRAM">   --->   Core 98 'RAM_T2P_BRAM' <Latency = 1> <II = 1> <Delay = 1.23> <Storage> <Opcode : 'load' 'store'> <Ports = 2> <Width = 256> <Depth = 72> <RAM>
ST_13 : Operation 99 [1/1] (0.00ns)   --->   "%br_ln144 = br void %arrayidx4012.exit" [../gen/Hls_Layers_UpConv.tpp:144]   --->   Operation 99 'br' 'br_ln144' <Predicate = (tc_read == 2)> <Delay = 0.00>
ST_13 : Operation 100 [1/1] ( I:1.23ns O:1.23ns )   --->   "%store_ln144 = store i256 %gmem_weight_addr_read, i7 %w_local_1_addr" [../gen/Hls_Layers_UpConv.tpp:144]   --->   Operation 100 'store' 'store_ln144' <Predicate = (tc_read == 1)> <Delay = 1.23> <CoreInst = "RAM_T2P_BRAM">   --->   Core 98 'RAM_T2P_BRAM' <Latency = 1> <II = 1> <Delay = 1.23> <Storage> <Opcode : 'load' 'store'> <Ports = 2> <Width = 256> <Depth = 72> <RAM>
ST_13 : Operation 101 [1/1] (0.00ns)   --->   "%br_ln144 = br void %arrayidx4012.exit" [../gen/Hls_Layers_UpConv.tpp:144]   --->   Operation 101 'br' 'br_ln144' <Predicate = (tc_read == 1)> <Delay = 0.00>
ST_13 : Operation 102 [1/1] ( I:1.23ns O:1.23ns )   --->   "%store_ln144 = store i256 %gmem_weight_addr_read, i7 %w_local_addr" [../gen/Hls_Layers_UpConv.tpp:144]   --->   Operation 102 'store' 'store_ln144' <Predicate = (tc_read == 0)> <Delay = 1.23> <CoreInst = "RAM_T2P_BRAM">   --->   Core 98 'RAM_T2P_BRAM' <Latency = 1> <II = 1> <Delay = 1.23> <Storage> <Opcode : 'load' 'store'> <Ports = 2> <Width = 256> <Depth = 72> <RAM>
ST_13 : Operation 103 [1/1] (0.00ns)   --->   "%br_ln144 = br void %arrayidx4012.exit" [../gen/Hls_Layers_UpConv.tpp:144]   --->   Operation 103 'br' 'br_ln144' <Predicate = (tc_read == 0)> <Delay = 0.00>
ST_13 : Operation 104 [1/1] ( I:1.23ns O:1.23ns )   --->   "%store_ln144 = store i256 %gmem_weight_addr_read, i7 %w_local_7_addr" [../gen/Hls_Layers_UpConv.tpp:144]   --->   Operation 104 'store' 'store_ln144' <Predicate = (tc_read == 7)> <Delay = 1.23> <CoreInst = "RAM_T2P_BRAM">   --->   Core 98 'RAM_T2P_BRAM' <Latency = 1> <II = 1> <Delay = 1.23> <Storage> <Opcode : 'load' 'store'> <Ports = 2> <Width = 256> <Depth = 72> <RAM>
ST_13 : Operation 105 [1/1] (0.00ns)   --->   "%br_ln144 = br void %arrayidx4012.exit" [../gen/Hls_Layers_UpConv.tpp:144]   --->   Operation 105 'br' 'br_ln144' <Predicate = (tc_read == 7)> <Delay = 0.00>


============================================================
+ Verbose Summary: Timing violations
============================================================
Target clock period: 3.333ns, clock uncertainty: 0.900ns.

 <State 1>: 1.627ns
The critical path consists of the following:
	'store' operation 0 bit ('store_ln142', ../gen/Hls_Layers_UpConv.tpp:142) of constant 0 on local variable 'kci', ../gen/Hls_Layers_UpConv.tpp:142 [31]  (0.427 ns)
	'load' operation 7 bit ('kci', ../gen/Hls_Layers_UpConv.tpp:142) on local variable 'kci', ../gen/Hls_Layers_UpConv.tpp:142 [34]  (0.000 ns)
	'icmp' operation 1 bit ('icmp_ln142', ../gen/Hls_Layers_UpConv.tpp:142) [35]  (0.773 ns)
	'store' operation 0 bit ('store_ln142', ../gen/Hls_Layers_UpConv.tpp:142) of variable 'kci', ../gen/Hls_Layers_UpConv.tpp:142 on local variable 'kci', ../gen/Hls_Layers_UpConv.tpp:142 [105]  (0.427 ns)

 <State 2>: 2.877ns
The critical path consists of the following:
	'load' operation 32 bit ('ci_cnt_load_2', ../gen/Hls_Layers_UpConv.tpp:145) on local variable 'ci_cnt', ../gen/Hls_Layers_UpConv.tpp:141 [95]  (0.000 ns)
	'add' operation 32 bit ('ci_cnt', ../gen/Hls_Layers_UpConv.tpp:145) [97]  (1.016 ns)
	'icmp' operation 1 bit ('icmp_ln146', ../gen/Hls_Layers_UpConv.tpp:146) [99]  (0.985 ns)
	'select' operation 32 bit ('k_cnt', ../gen/Hls_Layers_UpConv.tpp:146) [102]  (0.449 ns)
	'store' operation 0 bit ('store_ln141', ../gen/Hls_Layers_UpConv.tpp:141) of variable 'k_cnt', ../gen/Hls_Layers_UpConv.tpp:146 on local variable 'k_cnt', ../gen/Hls_Layers_UpConv.tpp:141 [103]  (0.427 ns)

 <State 3>: 1.085ns
The critical path consists of the following:
	'add' operation 64 bit ('add_ln144_11', ../gen/Hls_Layers_UpConv.tpp:144) [51]  (1.085 ns)

 <State 4>: 2.433ns
The critical path consists of the following:
	'getelementptr' operation 256 bit ('gmem_weight_addr', ../gen/Hls_Layers_UpConv.tpp:144) [66]  (0.000 ns)
	bus request operation ('gmem_weight_load_req', ../gen/Hls_Layers_UpConv.tpp:144) on port 'gmem_weight' (../gen/Hls_Layers_UpConv.tpp:144) [67]  (2.433 ns)

 <State 5>: 2.433ns
The critical path consists of the following:
	bus request operation ('gmem_weight_load_req', ../gen/Hls_Layers_UpConv.tpp:144) on port 'gmem_weight' (../gen/Hls_Layers_UpConv.tpp:144) [67]  (2.433 ns)

 <State 6>: 2.433ns
The critical path consists of the following:
	bus request operation ('gmem_weight_load_req', ../gen/Hls_Layers_UpConv.tpp:144) on port 'gmem_weight' (../gen/Hls_Layers_UpConv.tpp:144) [67]  (2.433 ns)

 <State 7>: 2.433ns
The critical path consists of the following:
	bus request operation ('gmem_weight_load_req', ../gen/Hls_Layers_UpConv.tpp:144) on port 'gmem_weight' (../gen/Hls_Layers_UpConv.tpp:144) [67]  (2.433 ns)

 <State 8>: 2.433ns
The critical path consists of the following:
	bus request operation ('gmem_weight_load_req', ../gen/Hls_Layers_UpConv.tpp:144) on port 'gmem_weight' (../gen/Hls_Layers_UpConv.tpp:144) [67]  (2.433 ns)

 <State 9>: 2.433ns
The critical path consists of the following:
	bus request operation ('gmem_weight_load_req', ../gen/Hls_Layers_UpConv.tpp:144) on port 'gmem_weight' (../gen/Hls_Layers_UpConv.tpp:144) [67]  (2.433 ns)

 <State 10>: 2.433ns
The critical path consists of the following:
	bus request operation ('gmem_weight_load_req', ../gen/Hls_Layers_UpConv.tpp:144) on port 'gmem_weight' (../gen/Hls_Layers_UpConv.tpp:144) [67]  (2.433 ns)

 <State 11>: 2.433ns
The critical path consists of the following:
	bus request operation ('gmem_weight_load_req', ../gen/Hls_Layers_UpConv.tpp:144) on port 'gmem_weight' (../gen/Hls_Layers_UpConv.tpp:144) [67]  (2.433 ns)

 <State 12>: 2.433ns
The critical path consists of the following:
	bus read operation ('gmem_weight_addr_read', ../gen/Hls_Layers_UpConv.tpp:144) on port 'gmem_weight' (../gen/Hls_Layers_UpConv.tpp:144) [68]  (2.433 ns)

 <State 13>: 1.237ns
The critical path consists of the following:
	'getelementptr' operation 7 bit ('w_local_2_addr', ../gen/Hls_Layers_UpConv.tpp:144) [58]  (0.000 ns)
	'store' operation 0 bit ('store_ln144', ../gen/Hls_Layers_UpConv.tpp:144) of variable 'gmem_weight_addr_read', ../gen/Hls_Layers_UpConv.tpp:144 on array 'w_local_2' [83]  (1.237 ns)


============================================================
+ Verbose Summary: Binding
============================================================
N/A
* FSMD analyzer results:
  - Output states:
 - Input state : 
  - Chain level:
	State 1
	State 2
	State 3
	State 4
	State 5
	State 6
	State 7
	State 8
	State 9
	State 10
	State 11
	State 12
	State 13


============================================================
+ Verbose Summary: Datapath Resource usage 
============================================================
N/A
