

================================================================
== Vitis HLS Report for 'upconv_core_top_Pipeline_LOAD_BE'
================================================================
* Date:           Wed Jun  3 12:32:21 2026

* Version:        2024.2 (Build 5238294 on Nov  8 2024)
* Project:        upconv_core_top
* Solution:       hls (Vivado IP Flow Target)
* Product family: zynquplus
* Target device:  xczu7ev-ffvc1156-2-e


================================================================
== Performance Estimates
================================================================
+ Timing: 
    * Summary: 
    +--------+---------+----------+------------+
    |  Clock |  Target | Estimated| Uncertainty|
    +--------+---------+----------+------------+
    |ap_clk  |  3.33 ns|  2.433 ns|     0.90 ns|
    +--------+---------+----------+------------+

+ Latency: 
    * Summary: 
    +---------+---------+-----------+----------+-----+-----+------------------------------------------------+
    |  Latency (cycles) |  Latency (absolute)  |  Interval |                    Pipeline                    |
    |   min   |   max   |    min    |    max   | min | max |                      Type                      |
    +---------+---------+-----------+----------+-----+-----+------------------------------------------------+
    |        7|       33|  23.331 ns|  0.110 us|    5|   31|  loop auto-rewind stp (delay=0 clock cycles(s))|
    +---------+---------+-----------+----------+-----+-----+------------------------------------------------+

    + Detail: 
        * Instance: 
        N/A

        * Loop: 
        +-----------+---------+---------+----------+-----------+-----------+--------+----------+
        |           |  Latency (cycles) | Iteration|  Initiation Interval  |  Trip  |          |
        | Loop Name |   min   |   max   |  Latency |  achieved |   target  |  Count | Pipelined|
        +-----------+---------+---------+----------+-----------+-----------+--------+----------+
        |- LOAD_BE  |        5|       31|         3|          1|          1|  4 ~ 30|       yes|
        +-----------+---------+---------+----------+-----------+-----------+--------+----------+



================================================================
== Utilization Estimates
================================================================
* Summary: 
+-----------------+---------+------+--------+--------+-----+
|       Name      | BRAM_18K|  DSP |   FF   |   LUT  | URAM|
+-----------------+---------+------+--------+--------+-----+
|DSP              |        -|     -|       -|       -|    -|
|Expression       |        -|     -|       0|      28|    -|
|FIFO             |        -|     -|       -|       -|    -|
|Instance         |        -|     -|       -|       -|    -|
|Memory           |        -|     -|       -|       -|    -|
|Multiplexer      |        -|     -|       0|      45|    -|
|Register         |        -|     -|     277|       -|    -|
+-----------------+---------+------+--------+--------+-----+
|Total            |        0|     0|     277|      73|    0|
+-----------------+---------+------+--------+--------+-----+
|Available        |      624|  1728|  460800|  230400|   96|
+-----------------+---------+------+--------+--------+-----+
|Utilization (%)  |        0|     0|      ~0|      ~0|    0|
+-----------------+---------+------+--------+--------+-----+

+ Detail: 
    * Instance: 
    N/A

    * DSP: 
    N/A

    * Memory: 
    N/A

    * FIFO: 
    N/A

    * Expression: 
    +---------------------------+----------+----+---+----+------------+------------+
    |       Variable Name       | Operation| DSP| FF| LUT| Bitwidth P0| Bitwidth P1|
    +---------------------------+----------+----+---+----+------------+------------+
    |add_ln198_fu_114_p2        |         +|   0|  0|  12|           5|           1|
    |ap_block_pp0_stage0_11001  |       and|   0|  0|   2|           1|           1|
    |icmp_ln198_fu_108_p2       |      icmp|   0|  0|  12|           5|           5|
    |ap_enable_pp0              |       xor|   0|  0|   2|           1|           2|
    +---------------------------+----------+----+---+----+------------+------------+
    |Total                      |          |   0|  0|  28|          12|           9|
    +---------------------------+----------+----+---+----+------------+------------+

    * Multiplexer: 
    +-------------------------+----+-----------+-----+-----------+
    |           Name          | LUT| Input Size| Bits| Total Bits|
    +-------------------------+----+-----------+-----+-----------+
    |ap_done_int              |   9|          2|    1|          2|
    |ap_enable_reg_pp0_iter1  |   9|          2|    1|          2|
    |ap_sig_allocacmp_i_2     |   9|          2|    5|         10|
    |gmem_param_blk_n_R       |   9|          2|    1|          2|
    |i_fu_62                  |   9|          2|    5|         10|
    +-------------------------+----+-----------+-----+-----------+
    |Total                    |  45|         10|   13|         26|
    +-------------------------+----+-----------+-----+-----------+

    * Register: 
    +-------------------------------------------+-----+----+-----+-----------+
    |                    Name                   |  FF | LUT| Bits| Const Bits|
    +-------------------------------------------+-----+----+-----+-----------+
    |ap_CS_fsm                                  |    1|   0|    1|          0|
    |ap_block_pp0_stage0_subdone_grp0_done_reg  |    1|   0|    1|          0|
    |ap_done_reg                                |    1|   0|    1|          0|
    |ap_enable_reg_pp0_iter1                    |    1|   0|    1|          0|
    |ap_enable_reg_pp0_iter2                    |    1|   0|    1|          0|
    |ap_loop_exit_ready_pp0_iter1_reg           |    1|   0|    1|          0|
    |gmem_param_addr_read_reg_156               |  256|   0|  256|          0|
    |i_2_reg_147                                |    5|   0|    5|          0|
    |i_2_reg_147_pp0_iter1_reg                  |    5|   0|    5|          0|
    |i_fu_62                                    |    5|   0|    5|          0|
    +-------------------------------------------+-----+----+-----+-----------+
    |Total                                      |  277|   0|  277|          0|
    +-------------------------------------------+-----+----+-----+-----------+



================================================================
== Interface
================================================================
* Summary: 
+-----------------------------+-----+-----+------------+----------------------------------+--------------+
|          RTL Ports          | Dir | Bits|  Protocol  |           Source Object          |    C Type    |
+-----------------------------+-----+-----+------------+----------------------------------+--------------+
|ap_clk                       |   in|    1|  ap_ctrl_hs|  upconv_core_top_Pipeline_LOAD_BE|  return value|
|ap_rst                       |   in|    1|  ap_ctrl_hs|  upconv_core_top_Pipeline_LOAD_BE|  return value|
|ap_start                     |   in|    1|  ap_ctrl_hs|  upconv_core_top_Pipeline_LOAD_BE|  return value|
|ap_done                      |  out|    1|  ap_ctrl_hs|  upconv_core_top_Pipeline_LOAD_BE|  return value|
|ap_idle                      |  out|    1|  ap_ctrl_hs|  upconv_core_top_Pipeline_LOAD_BE|  return value|
|ap_ready                     |  out|    1|  ap_ctrl_hs|  upconv_core_top_Pipeline_LOAD_BE|  return value|
|m_axi_gmem_param_0_AWVALID   |  out|    1|       m_axi|                        gmem_param|       pointer|
|m_axi_gmem_param_0_AWREADY   |   in|    1|       m_axi|                        gmem_param|       pointer|
|m_axi_gmem_param_0_AWADDR    |  out|   64|       m_axi|                        gmem_param|       pointer|
|m_axi_gmem_param_0_AWID      |  out|    1|       m_axi|                        gmem_param|       pointer|
|m_axi_gmem_param_0_AWLEN     |  out|   32|       m_axi|                        gmem_param|       pointer|
|m_axi_gmem_param_0_AWSIZE    |  out|    3|       m_axi|                        gmem_param|       pointer|
|m_axi_gmem_param_0_AWBURST   |  out|    2|       m_axi|                        gmem_param|       pointer|
|m_axi_gmem_param_0_AWLOCK    |  out|    2|       m_axi|                        gmem_param|       pointer|
|m_axi_gmem_param_0_AWCACHE   |  out|    4|       m_axi|                        gmem_param|       pointer|
|m_axi_gmem_param_0_AWPROT    |  out|    3|       m_axi|                        gmem_param|       pointer|
|m_axi_gmem_param_0_AWQOS     |  out|    4|       m_axi|                        gmem_param|       pointer|
|m_axi_gmem_param_0_AWREGION  |  out|    4|       m_axi|                        gmem_param|       pointer|
|m_axi_gmem_param_0_AWUSER    |  out|    1|       m_axi|                        gmem_param|       pointer|
|m_axi_gmem_param_0_WVALID    |  out|    1|       m_axi|                        gmem_param|       pointer|
|m_axi_gmem_param_0_WREADY    |   in|    1|       m_axi|                        gmem_param|       pointer|
|m_axi_gmem_param_0_WDATA     |  out|  256|       m_axi|                        gmem_param|       pointer|
|m_axi_gmem_param_0_WSTRB     |  out|   32|       m_axi|                        gmem_param|       pointer|
|m_axi_gmem_param_0_WLAST     |  out|    1|       m_axi|                        gmem_param|       pointer|
|m_axi_gmem_param_0_WID       |  out|    1|       m_axi|                        gmem_param|       pointer|
|m_axi_gmem_param_0_WUSER     |  out|    1|       m_axi|                        gmem_param|       pointer|
|m_axi_gmem_param_0_ARVALID   |  out|    1|       m_axi|                        gmem_param|       pointer|
|m_axi_gmem_param_0_ARREADY   |   in|    1|       m_axi|                        gmem_param|       pointer|
|m_axi_gmem_param_0_ARADDR    |  out|   64|       m_axi|                        gmem_param|       pointer|
|m_axi_gmem_param_0_ARID      |  out|    1|       m_axi|                        gmem_param|       pointer|
|m_axi_gmem_param_0_ARLEN     |  out|   32|       m_axi|                        gmem_param|       pointer|
|m_axi_gmem_param_0_ARSIZE    |  out|    3|       m_axi|                        gmem_param|       pointer|
|m_axi_gmem_param_0_ARBURST   |  out|    2|       m_axi|                        gmem_param|       pointer|
|m_axi_gmem_param_0_ARLOCK    |  out|    2|       m_axi|                        gmem_param|       pointer|
|m_axi_gmem_param_0_ARCACHE   |  out|    4|       m_axi|                        gmem_param|       pointer|
|m_axi_gmem_param_0_ARPROT    |  out|    3|       m_axi|                        gmem_param|       pointer|
|m_axi_gmem_param_0_ARQOS     |  out|    4|       m_axi|                        gmem_param|       pointer|
|m_axi_gmem_param_0_ARREGION  |  out|    4|       m_axi|                        gmem_param|       pointer|
|m_axi_gmem_param_0_ARUSER    |  out|    1|       m_axi|                        gmem_param|       pointer|
|m_axi_gmem_param_0_RVALID    |   in|    1|       m_axi|                        gmem_param|       pointer|
|m_axi_gmem_param_0_RREADY    |  out|    1|       m_axi|                        gmem_param|       pointer|
|m_axi_gmem_param_0_RDATA     |   in|  256|       m_axi|                        gmem_param|       pointer|
|m_axi_gmem_param_0_RLAST     |   in|    1|       m_axi|                        gmem_param|       pointer|
|m_axi_gmem_param_0_RID       |   in|    1|       m_axi|                        gmem_param|       pointer|
|m_axi_gmem_param_0_RFIFONUM  |   in|   11|       m_axi|                        gmem_param|       pointer|
|m_axi_gmem_param_0_RUSER     |   in|    1|       m_axi|                        gmem_param|       pointer|
|m_axi_gmem_param_0_RRESP     |   in|    2|       m_axi|                        gmem_param|       pointer|
|m_axi_gmem_param_0_BVALID    |   in|    1|       m_axi|                        gmem_param|       pointer|
|m_axi_gmem_param_0_BREADY    |  out|    1|       m_axi|                        gmem_param|       pointer|
|m_axi_gmem_param_0_BRESP     |   in|    2|       m_axi|                        gmem_param|       pointer|
|m_axi_gmem_param_0_BID       |   in|    1|       m_axi|                        gmem_param|       pointer|
|m_axi_gmem_param_0_BUSER     |   in|    1|       m_axi|                        gmem_param|       pointer|
|C_WORDS_OUT                  |   in|    5|     ap_none|                       C_WORDS_OUT|        scalar|
|sext_ln198                   |   in|   59|     ap_none|                        sext_ln198|        scalar|
|be_buf_address0              |  out|    5|   ap_memory|                            be_buf|         array|
|be_buf_ce0                   |  out|    1|   ap_memory|                            be_buf|         array|
|be_buf_we0                   |  out|    1|   ap_memory|                            be_buf|         array|
|be_buf_d0                    |  out|  256|   ap_memory|                            be_buf|         array|
+-----------------------------+-----+-----+------------+----------------------------------+--------------+

============================================================
+ Verbose Summary: Synthesis Manager
============================================================
InlineROM: 1
ExposeGlobal: 0
============================================================
+ Verbose Summary: CDFG Model
============================================================
IsTopModel: 0
ResetActiveHigh: 1
IsCombinational: 2
IsDatapathOnly: 2
HasWiredReturn: 1
HasMFsm: 2
HasVarLatency: 1
IsPipeline: 0
IsRtlPipelined: 0
IsInstanceOverlapped: 0
IsDontTouch: 0
HasImplIP: 0
IsGatedGlobalClock: 0

+ Individual pipeline summary: 
  * Pipeline-0: initiation interval (II) = 1, depth = 3


============================================================
+ Verbose Summary: Schedule
============================================================
* Number of FSM states : 3
* Pipeline : 1
  Pipeline-0 : II = 1, D = 3, States = { 1 2 3 }
* Dataflow Pipeline: 0

* FSM state transitions: 
1 --> 2 
2 --> 3 
3 --> 

* FSM state operations: 

State 1 <SV = 0> <Delay = 1.64>
ST_1 : Operation 6 [1/1] (0.00ns)   --->   "%i = alloca i32 1" [../gen/UpConv_Unified.tpp:198->../gen/UpConv_Unified.tpp:383->../gen/upconv_core_top.cpp:59]   --->   Operation 6 'alloca' 'i' <Predicate = true> <Delay = 0.00>
ST_1 : Operation 7 [1/1] (0.00ns)   --->   "%sext_ln198_read = read i59 @_ssdm_op_Read.ap_auto.i59, i59 %sext_ln198"   --->   Operation 7 'read' 'sext_ln198_read' <Predicate = true> <Delay = 0.00>
ST_1 : Operation 8 [1/1] (0.00ns)   --->   "%C_WORDS_OUT_read = read i5 @_ssdm_op_Read.ap_auto.i5, i5 %C_WORDS_OUT"   --->   Operation 8 'read' 'C_WORDS_OUT_read' <Predicate = true> <Delay = 0.00>
ST_1 : Operation 9 [1/1] (0.00ns)   --->   "%sext_ln198_cast = sext i59 %sext_ln198_read"   --->   Operation 9 'sext' 'sext_ln198_cast' <Predicate = true> <Delay = 0.00>
ST_1 : Operation 10 [1/1] (0.00ns)   --->   "%specmemcore_ln0 = specmemcore void @_ssdm_op_SpecMemCore, i256 %be_buf, i64 666, i64 30, i64 18446744073709551615"   --->   Operation 10 'specmemcore' 'specmemcore_ln0' <Predicate = true> <Delay = 0.00>
ST_1 : Operation 11 [1/1] (0.00ns)   --->   "%specinterface_ln0 = specinterface void @_ssdm_op_SpecInterface, i256 %gmem_param, void @empty_30, i32 0, i32 0, void @empty_29, i32 0, i32 0, void @empty_4, void @empty_10, void @empty_29, i32 16, i32 16, i32 64, i32 16, void @empty_29, void @empty_29, i32 4294967295, i32 0, i32 0"   --->   Operation 11 'specinterface' 'specinterface_ln0' <Predicate = true> <Delay = 0.00>
ST_1 : Operation 12 [1/1] (0.42ns)   --->   "%store_ln198 = store i5 0, i5 %i" [../gen/UpConv_Unified.tpp:198->../gen/UpConv_Unified.tpp:383->../gen/upconv_core_top.cpp:59]   --->   Operation 12 'store' 'store_ln198' <Predicate = true> <Delay = 0.42>
ST_1 : Operation 13 [1/1] (0.00ns)   --->   "%br_ln0 = br void %for.body19.i.i"   --->   Operation 13 'br' 'br_ln0' <Predicate = true> <Delay = 0.00>
ST_1 : Operation 14 [1/1] (0.00ns)   --->   "%i_2 = load i5 %i" [../gen/UpConv_Unified.tpp:198->../gen/UpConv_Unified.tpp:383->../gen/upconv_core_top.cpp:59]   --->   Operation 14 'load' 'i_2' <Predicate = true> <Delay = 0.00>
ST_1 : Operation 15 [1/1] (0.00ns)   --->   "%specbitsmap_ln0 = specbitsmap void @_ssdm_op_SpecBitsMap, i256 %gmem_param"   --->   Operation 15 'specbitsmap' 'specbitsmap_ln0' <Predicate = true> <Delay = 0.00>
ST_1 : Operation 16 [1/1] (0.78ns)   --->   "%icmp_ln198 = icmp_eq  i5 %i_2, i5 %C_WORDS_OUT_read" [../gen/UpConv_Unified.tpp:198->../gen/UpConv_Unified.tpp:383->../gen/upconv_core_top.cpp:59]   --->   Operation 16 'icmp' 'icmp_ln198' <Predicate = true> <Delay = 0.78> <CoreInst = "Cmp">   --->   Core 9 'Cmp' <Latency = 0> <II = 1> <Delay = 0.78> <FuncUnit> <Opcode : 'seteq' 'setne' 'setle' 'setge' 'setlt' 'setgt'> <InPorts = 2> <OutPorts = 1>
ST_1 : Operation 17 [1/1] (0.78ns)   --->   "%add_ln198 = add i5 %i_2, i5 1" [../gen/UpConv_Unified.tpp:198->../gen/UpConv_Unified.tpp:383->../gen/upconv_core_top.cpp:59]   --->   Operation 17 'add' 'add_ln198' <Predicate = true> <Delay = 0.78> <CoreInst = "Adder">   --->   Core 1 'Adder' <Latency = 0> <II = 1> <Delay = 0.78> <FuncUnit> <Opcode : 'add' 'sub'> <InPorts = 2> <OutPorts = 1>
ST_1 : Operation 18 [1/1] (0.00ns)   --->   "%br_ln198 = br i1 %icmp_ln198, void %for.body19.i.i.split, void %_ZL16Load_Norm_ParamsPK7ap_uintILi256EES2_S2_RA30_S0_S4_S4_i.exit.i.exitStub" [../gen/UpConv_Unified.tpp:198->../gen/UpConv_Unified.tpp:383->../gen/upconv_core_top.cpp:59]   --->   Operation 18 'br' 'br_ln198' <Predicate = true> <Delay = 0.00>
ST_1 : Operation 19 [1/1] (0.42ns)   --->   "%store_ln198 = store i5 %add_ln198, i5 %i" [../gen/UpConv_Unified.tpp:198->../gen/UpConv_Unified.tpp:383->../gen/upconv_core_top.cpp:59]   --->   Operation 19 'store' 'store_ln198' <Predicate = (!icmp_ln198)> <Delay = 0.42>

State 2 <SV = 1> <Delay = 2.43>
ST_2 : Operation 20 [1/1] (0.00ns)   --->   "%gmem_param_addr = getelementptr i256 %gmem_param, i64 %sext_ln198_cast" [../gen/UpConv_Unified.tpp:198->../gen/UpConv_Unified.tpp:383->../gen/upconv_core_top.cpp:59]   --->   Operation 20 'getelementptr' 'gmem_param_addr' <Predicate = true> <Delay = 0.00>
ST_2 : Operation 21 [1/1] (2.43ns)   --->   "%gmem_param_addr_read = read i256 @_ssdm_op_Read.m_axi.p1i256, i64 %gmem_param_addr" [../gen/UpConv_Unified.tpp:201->../gen/UpConv_Unified.tpp:383->../gen/upconv_core_top.cpp:59]   --->   Operation 21 'read' 'gmem_param_addr_read' <Predicate = true> <Delay = 2.43> <CoreInst = "m_axi">   --->   Core 119 'm_axi' <Latency = 3> <II = 1> <Delay = 1.00> <Adapter> <Opcode : 'read' 'write' 'readreq' 'writereq' 'writeresp'>
ST_2 : Operation 29 [1/1] (0.42ns)   --->   "%ret_ln0 = ret"   --->   Operation 29 'ret' 'ret_ln0' <Predicate = (icmp_ln198)> <Delay = 0.42>

State 3 <SV = 2> <Delay = 1.23>
ST_3 : Operation 22 [1/1] (0.00ns)   --->   "%zext_ln198 = zext i5 %i_2" [../gen/UpConv_Unified.tpp:198->../gen/UpConv_Unified.tpp:383->../gen/upconv_core_top.cpp:59]   --->   Operation 22 'zext' 'zext_ln198' <Predicate = true> <Delay = 0.00>
ST_3 : Operation 23 [1/1] (0.00ns)   --->   "%specpipeline_ln199 = specpipeline void @_ssdm_op_SpecPipeline, i32 1, i32 0, i32 0, i32 0, void @empty_29" [../gen/UpConv_Unified.tpp:199->../gen/UpConv_Unified.tpp:383->../gen/upconv_core_top.cpp:59]   --->   Operation 23 'specpipeline' 'specpipeline_ln199' <Predicate = true> <Delay = 0.00>
ST_3 : Operation 24 [1/1] (0.00ns)   --->   "%speclooptripcount_ln200 = speclooptripcount void @_ssdm_op_SpecLoopTripCount, i64 4, i64 30, i64 14" [../gen/UpConv_Unified.tpp:200->../gen/UpConv_Unified.tpp:383->../gen/upconv_core_top.cpp:59]   --->   Operation 24 'speclooptripcount' 'speclooptripcount_ln200' <Predicate = true> <Delay = 0.00>
ST_3 : Operation 25 [1/1] (0.00ns)   --->   "%specloopname_ln198 = specloopname void @_ssdm_op_SpecLoopName, void @empty_20" [../gen/UpConv_Unified.tpp:198->../gen/UpConv_Unified.tpp:383->../gen/upconv_core_top.cpp:59]   --->   Operation 25 'specloopname' 'specloopname_ln198' <Predicate = true> <Delay = 0.00>
ST_3 : Operation 26 [1/1] (0.00ns)   --->   "%be_buf_addr = getelementptr i256 %be_buf, i64 0, i64 %zext_ln198" [../gen/UpConv_Unified.tpp:201->../gen/UpConv_Unified.tpp:383->../gen/upconv_core_top.cpp:59]   --->   Operation 26 'getelementptr' 'be_buf_addr' <Predicate = true> <Delay = 0.00>
ST_3 : Operation 27 [1/1] ( I:1.23ns O:1.23ns )   --->   "%store_ln201 = store i256 %gmem_param_addr_read, i5 %be_buf_addr" [../gen/UpConv_Unified.tpp:201->../gen/UpConv_Unified.tpp:383->../gen/upconv_core_top.cpp:59]   --->   Operation 27 'store' 'store_ln201' <Predicate = true> <Delay = 1.23> <CoreInst = "RAM_T2P_BRAM">   --->   Core 98 'RAM_T2P_BRAM' <Latency = 1> <II = 1> <Delay = 1.23> <Storage> <Opcode : 'load' 'store'> <Ports = 2> <Width = 256> <Depth = 30> <RAM>
ST_3 : Operation 28 [1/1] (0.00ns)   --->   "%br_ln198 = br void %for.body19.i.i" [../gen/UpConv_Unified.tpp:198->../gen/UpConv_Unified.tpp:383->../gen/upconv_core_top.cpp:59]   --->   Operation 28 'br' 'br_ln198' <Predicate = true> <Delay = 0.00>


============================================================
+ Verbose Summary: Binding
============================================================
STG Binding: 
---------------- STG Properties BEGIN ----------------
- Is combinational: 0
- Is one-state seq: 0
- Is datapath-only: 0
- Is pipelined: 0
- Is top level: 0
Port [ Return ] is wired: 1; IO mode=ap_ctrl_hs:ce=0
Port [ gmem_param]:  wired=1; compound=1; hidden=0; nouse=0; global=0; static=0; extern=0; dir=0; type=4; pingpong=0; private_global=0; IO mode=m_axi:ce=0
Port [ C_WORDS_OUT]:  wired=1; compound=0; hidden=0; nouse=0; global=0; static=0; extern=0; dir=0; type=0; pingpong=0; private_global=0; IO mode=ap_none:ce=0
Port [ sext_ln198]:  wired=1; compound=0; hidden=0; nouse=0; global=0; static=0; extern=0; dir=0; type=0; pingpong=0; private_global=0; IO mode=ap_none:ce=0
Port [ be_buf]:  wired=1; compound=1; hidden=0; nouse=0; global=0; static=0; extern=0; dir=1; type=1; pingpong=0; private_global=0; MemPort=[03]; IO mode=ap_memory:ce=0
---------------- STG Properties END ------------------

---------------- Datapath Model BEGIN ----------------

<LifeTime>
<method=bitvector/>
i                       (alloca           ) [ 0100]
sext_ln198_read         (read             ) [ 0000]
C_WORDS_OUT_read        (read             ) [ 0000]
sext_ln198_cast         (sext             ) [ 0110]
specmemcore_ln0         (specmemcore      ) [ 0000]
specinterface_ln0       (specinterface    ) [ 0000]
store_ln198             (store            ) [ 0000]
br_ln0                  (br               ) [ 0000]
i_2                     (load             ) [ 0111]
specbitsmap_ln0         (specbitsmap      ) [ 0000]
icmp_ln198              (icmp             ) [ 0110]
add_ln198               (add              ) [ 0000]
br_ln198                (br               ) [ 0000]
store_ln198             (store            ) [ 0000]
gmem_param_addr         (getelementptr    ) [ 0000]
gmem_param_addr_read    (read             ) [ 0101]
zext_ln198              (zext             ) [ 0000]
specpipeline_ln199      (specpipeline     ) [ 0000]
speclooptripcount_ln200 (speclooptripcount) [ 0000]
specloopname_ln198      (specloopname     ) [ 0000]
be_buf_addr             (getelementptr    ) [ 0000]
store_ln201             (store            ) [ 0000]
br_ln198                (br               ) [ 0000]
ret_ln0                 (ret              ) [ 0000]
</LifeTime>

<model>

<comp_list>
<comp id="0" class="1000" name="gmem_param">
<pin_list>
<pin id="1" dir="1" index="0" bw="1" slack="0"/>
</pin_list>
<bind>
<StgValue><ssdm name="gmem_param"/><MemPortTyVec>0 </MemPortTyVec>
</StgValue>
</bind>
</comp>

<comp id="2" class="1000" name="C_WORDS_OUT">
<pin_list>
<pin id="3" dir="1" index="0" bw="1" slack="0"/>
</pin_list>
<bind>
<StgValue><ssdm name="C_WORDS_OUT"/></StgValue>
</bind>
</comp>

<comp id="4" class="1000" name="sext_ln198">
<pin_list>
<pin id="5" dir="1" index="0" bw="1" slack="0"/>
</pin_list>
<bind>
<StgValue><ssdm name="sext_ln198"/></StgValue>
</bind>
</comp>

<comp id="6" class="1000" name="be_buf">
<pin_list>
<pin id="7" dir="1" index="0" bw="1" slack="0"/>
</pin_list>
<bind>
<StgValue><ssdm name="be_buf"/><MemPortTyVec>0 3 </MemPortTyVec>
</StgValue>
</bind>
</comp>

<comp id="8" class="1001" name="const_8">
<pin_list>
<pin id="9" dir="1" index="0" bw="1" slack="0"/>
</pin_list>
<bind>
<StgValue><ssdm name=""/></StgValue>
</bind>
</comp>

<comp id="10" class="1001" name="const_10">
<pin_list>
<pin id="11" dir="1" index="0" bw="1" slack="0"/>
</pin_list>
<bind>
<StgValue><ssdm name="_ssdm_op_Read.ap_auto.i59"/></StgValue>
</bind>
</comp>

<comp id="12" class="1001" name="const_12">
<pin_list>
<pin id="13" dir="1" index="0" bw="1" slack="0"/>
</pin_list>
<bind>
<StgValue><ssdm name="_ssdm_op_Read.ap_auto.i5"/></StgValue>
</bind>
</comp>

<comp id="14" class="1001" name="const_14">
<pin_list>
<pin id="15" dir="1" index="0" bw="1" slack="2147483647"/>
</pin_list>
<bind>
<StgValue><ssdm name="_ssdm_op_SpecMemCore"/></StgValue>
</bind>
</comp>

<comp id="16" class="1001" name="const_16">
<pin_list>
<pin id="17" dir="1" index="0" bw="1" slack="2147483647"/>
</pin_list>
<bind>
<StgValue><ssdm name=""/></StgValue>
</bind>
</comp>

<comp id="18" class="1001" name="const_18">
<pin_list>
<pin id="19" dir="1" index="0" bw="1" slack="2147483647"/>
</pin_list>
<bind>
<StgValue><ssdm name=""/></StgValue>
</bind>
</comp>

<comp id="20" class="1001" name="const_20">
<pin_list>
<pin id="21" dir="1" index="0" bw="1" slack="2147483647"/>
</pin_list>
<bind>
<StgValue><ssdm name=""/></StgValue>
</bind>
</comp>

<comp id="22" class="1001" name="const_22">
<pin_list>
<pin id="23" dir="1" index="0" bw="1" slack="2147483647"/>
</pin_list>
<bind>
<StgValue><ssdm name="_ssdm_op_SpecInterface"/></StgValue>
</bind>
</comp>

<comp id="24" class="1001" name="const_24">
<pin_list>
<pin id="25" dir="1" index="0" bw="1" slack="2147483647"/>
</pin_list>
<bind>
<StgValue><ssdm name="empty_30"/></StgValue>
</bind>
</comp>

<comp id="26" class="1001" name="const_26">
<pin_list>
<pin id="27" dir="1" index="0" bw="1" slack="2147483647"/>
</pin_list>
<bind>
<StgValue><ssdm name=""/></StgValue>
</bind>
</comp>

<comp id="28" class="1001" name="const_28">
<pin_list>
<pin id="29" dir="1" index="0" bw="1" slack="2147483647"/>
</pin_list>
<bind>
<StgValue><ssdm name="empty_29"/></StgValue>
</bind>
</comp>

<comp id="30" class="1001" name="const_30">
<pin_list>
<pin id="31" dir="1" index="0" bw="1" slack="2147483647"/>
</pin_list>
<bind>
<StgValue><ssdm name="empty_4"/></StgValue>
</bind>
</comp>

<comp id="32" class="1001" name="const_32">
<pin_list>
<pin id="33" dir="1" index="0" bw="1" slack="2147483647"/>
</pin_list>
<bind>
<StgValue><ssdm name="empty_10"/></StgValue>
</bind>
</comp>

<comp id="34" class="1001" name="const_34">
<pin_list>
<pin id="35" dir="1" index="0" bw="1" slack="2147483647"/>
</pin_list>
<bind>
<StgValue><ssdm name=""/></StgValue>
</bind>
</comp>

<comp id="36" class="1001" name="const_36">
<pin_list>
<pin id="37" dir="1" index="0" bw="1" slack="2147483647"/>
</pin_list>
<bind>
<StgValue><ssdm name=""/></StgValue>
</bind>
</comp>

<comp id="38" class="1001" name="const_38">
<pin_list>
<pin id="39" dir="1" index="0" bw="1" slack="2147483647"/>
</pin_list>
<bind>
<StgValue><ssdm name=""/></StgValue>
</bind>
</comp>

<comp id="40" class="1001" name="const_40">
<pin_list>
<pin id="41" dir="1" index="0" bw="1" slack="0"/>
</pin_list>
<bind>
<StgValue><ssdm name=""/></StgValue>
</bind>
</comp>

<comp id="42" class="1001" name="const_42">
<pin_list>
<pin id="43" dir="1" index="0" bw="1" slack="2147483647"/>
</pin_list>
<bind>
<StgValue><ssdm name="_ssdm_op_SpecBitsMap"/></StgValue>
</bind>
</comp>

<comp id="44" class="1001" name="const_44">
<pin_list>
<pin id="45" dir="1" index="0" bw="1" slack="0"/>
</pin_list>
<bind>
<StgValue><ssdm name=""/></StgValue>
</bind>
</comp>

<comp id="46" class="1001" name="const_46">
<pin_list>
<pin id="47" dir="1" index="0" bw="1" slack="0"/>
</pin_list>
<bind>
<StgValue><ssdm name="_ssdm_op_Read.m_axi.p1i256"/></StgValue>
</bind>
</comp>

<comp id="48" class="1001" name="const_48">
<pin_list>
<pin id="49" dir="1" index="0" bw="1" slack="2147483647"/>
</pin_list>
<bind>
<StgValue><ssdm name="_ssdm_op_SpecPipeline"/></StgValue>
</bind>
</comp>

<comp id="50" class="1001" name="const_50">
<pin_list>
<pin id="51" dir="1" index="0" bw="1" slack="2147483647"/>
</pin_list>
<bind>
<StgValue><ssdm name="_ssdm_op_SpecLoopTripCount"/></StgValue>
</bind>
</comp>

<comp id="52" class="1001" name="const_52">
<pin_list>
<pin id="53" dir="1" index="0" bw="1" slack="2147483647"/>
</pin_list>
<bind>
<StgValue><ssdm name=""/></StgValue>
</bind>
</comp>

<comp id="54" class="1001" name="const_54">
<pin_list>
<pin id="55" dir="1" index="0" bw="1" slack="2147483647"/>
</pin_list>
<bind>
<StgValue><ssdm name=""/></StgValue>
</bind>
</comp>

<comp id="56" class="1001" name="const_56">
<pin_list>
<pin id="57" dir="1" index="0" bw="1" slack="2147483647"/>
</pin_list>
<bind>
<StgValue><ssdm name="_ssdm_op_SpecLoopName"/></StgValue>
</bind>
</comp>

<comp id="58" class="1001" name="const_58">
<pin_list>
<pin id="59" dir="1" index="0" bw="1" slack="2147483647"/>
</pin_list>
<bind>
<StgValue><ssdm name="empty_20"/></StgValue>
</bind>
</comp>

<comp id="60" class="1001" name="const_60">
<pin_list>
<pin id="61" dir="1" index="0" bw="1" slack="0"/>
</pin_list>
<bind>
<StgValue><ssdm name=""/></StgValue>
</bind>
</comp>

<comp id="62" class="1004" name="i_fu_62">
<pin_list>
<pin id="63" dir="0" index="0" bw="1" slack="0"/>
<pin id="64" dir="1" index="1" bw="5" slack="0"/>
</pin_list>
<bind>
<opcode="alloca(26) " fcode="alloca"/>
<opset="i/1 "/>
</bind>
</comp>

<comp id="66" class="1004" name="sext_ln198_read_read_fu_66">
<pin_list>
<pin id="67" dir="0" index="0" bw="59" slack="0"/>
<pin id="68" dir="0" index="1" bw="59" slack="0"/>
<pin id="69" dir="1" index="2" bw="59" slack="0"/>
</pin_list>
<bind>
<opcode="read(1150) " fcode="read"/>
<opset="sext_ln198_read/1 "/>
</bind>
</comp>

<comp id="72" class="1004" name="C_WORDS_OUT_read_read_fu_72">
<pin_list>
<pin id="73" dir="0" index="0" bw="5" slack="0"/>
<pin id="74" dir="0" index="1" bw="5" slack="0"/>
<pin id="75" dir="1" index="2" bw="5" slack="0"/>
</pin_list>
<bind>
<opcode="read(1150) " fcode="read"/>
<opset="C_WORDS_OUT_read/1 "/>
</bind>
</comp>

<comp id="78" class="1004" name="gmem_param_addr_read_read_fu_78">
<pin_list>
<pin id="79" dir="0" index="0" bw="256" slack="0"/>
<pin id="80" dir="0" index="1" bw="256" slack="0"/>
<pin id="81" dir="1" index="2" bw="256" slack="1"/>
</pin_list>
<bind>
<opcode="read(1150) " fcode="read"/>
<opset="gmem_param_addr_read/2 "/>
</bind>
</comp>

<comp id="83" class="1004" name="be_buf_addr_gep_fu_83">
<pin_list>
<pin id="84" dir="0" index="0" bw="256" slack="0"/>
<pin id="85" dir="0" index="1" bw="1" slack="0"/>
<pin id="86" dir="0" index="2" bw="5" slack="0"/>
<pin id="87" dir="1" index="3" bw="5" slack="0"/>
</pin_list>
<bind>
<opcode="getelementptr(29) " fcode="getelementptr"/>
<opset="be_buf_addr/3 "/>
</bind>
</comp>

<comp id="90" class="1004" name="store_ln201_access_fu_90">
<pin_list>
<pin id="91" dir="0" index="0" bw="5" slack="0"/>
<pin id="92" dir="0" index="1" bw="256" slack="1"/>
<pin id="93" dir="0" index="2" bw="0" slack="2147483647"/>
<pin id="94" dir="1" index="3" bw="256" slack="2147483647"/>
</pin_list>
<bind>
<opcode="store(28) " fcode="store"/>
<opset="store_ln201/3 "/>
</bind>
</comp>

<comp id="96" class="1004" name="sext_ln198_cast_fu_96">
<pin_list>
<pin id="97" dir="0" index="0" bw="59" slack="0"/>
<pin id="98" dir="1" index="1" bw="64" slack="1"/>
</pin_list>
<bind>
<opcode="sext(35) " fcode="sext"/>
<opset="sext_ln198_cast/1 "/>
</bind>
</comp>

<comp id="100" class="1004" name="store_ln198_store_fu_100">
<pin_list>
<pin id="101" dir="0" index="0" bw="1" slack="0"/>
<pin id="102" dir="0" index="1" bw="5" slack="0"/>
<pin id="103" dir="1" index="2" bw="0" slack="2147483647"/>
</pin_list>
<bind>
<opcode="store(28) " fcode="store"/>
<opset="store_ln198/1 "/>
</bind>
</comp>

<comp id="105" class="1004" name="i_2_load_fu_105">
<pin_list>
<pin id="106" dir="0" index="0" bw="5" slack="0"/>
<pin id="107" dir="1" index="1" bw="5" slack="0"/>
</pin_list>
<bind>
<opcode="load(27) " fcode="load"/>
<opset="i_2/1 "/>
</bind>
</comp>

<comp id="108" class="1004" name="icmp_ln198_fu_108">
<pin_list>
<pin id="109" dir="0" index="0" bw="5" slack="0"/>
<pin id="110" dir="0" index="1" bw="5" slack="0"/>
<pin id="111" dir="1" index="2" bw="1" slack="1"/>
</pin_list>
<bind>
<opcode="icmp(45) " fcode="icmp"/>
<opset="icmp_ln198/1 "/>
</bind>
</comp>

<comp id="114" class="1004" name="add_ln198_fu_114">
<pin_list>
<pin id="115" dir="0" index="0" bw="5" slack="0"/>
<pin id="116" dir="0" index="1" bw="1" slack="0"/>
<pin id="117" dir="1" index="2" bw="5" slack="0"/>
</pin_list>
<bind>
<opcode="add(8) " fcode="add"/>
<opset="add_ln198/1 "/>
</bind>
</comp>

<comp id="120" class="1004" name="store_ln198_store_fu_120">
<pin_list>
<pin id="121" dir="0" index="0" bw="5" slack="0"/>
<pin id="122" dir="0" index="1" bw="5" slack="0"/>
<pin id="123" dir="1" index="2" bw="0" slack="2147483647"/>
</pin_list>
<bind>
<opcode="store(28) " fcode="store"/>
<opset="store_ln198/1 "/>
</bind>
</comp>

<comp id="125" class="1004" name="gmem_param_addr_fu_125">
<pin_list>
<pin id="126" dir="0" index="0" bw="64" slack="0"/>
<pin id="127" dir="0" index="1" bw="64" slack="1"/>
<pin id="128" dir="1" index="2" bw="64" slack="0"/>
</pin_list>
<bind>
<opcode="getelementptr(29) " fcode="getelementptr"/>
<opset="gmem_param_addr/2 "/>
</bind>
</comp>

<comp id="131" class="1004" name="zext_ln198_fu_131">
<pin_list>
<pin id="132" dir="0" index="0" bw="5" slack="2"/>
<pin id="133" dir="1" index="1" bw="64" slack="0"/>
</pin_list>
<bind>
<opcode="zext(34) " fcode="zext"/>
<opset="zext_ln198/3 "/>
</bind>
</comp>

<comp id="135" class="1005" name="i_reg_135">
<pin_list>
<pin id="136" dir="0" index="0" bw="5" slack="0"/>
<pin id="137" dir="1" index="1" bw="5" slack="0"/>
</pin_list>
<bind>
<opset="i "/>
</bind>
</comp>

<comp id="142" class="1005" name="sext_ln198_cast_reg_142">
<pin_list>
<pin id="143" dir="0" index="0" bw="64" slack="1"/>
<pin id="144" dir="1" index="1" bw="64" slack="1"/>
</pin_list>
<bind>
<opset="sext_ln198_cast "/>
</bind>
</comp>

<comp id="147" class="1005" name="i_2_reg_147">
<pin_list>
<pin id="148" dir="0" index="0" bw="5" slack="2"/>
<pin id="149" dir="1" index="1" bw="5" slack="2"/>
</pin_list>
<bind>
<opset="i_2 "/>
</bind>
</comp>

<comp id="152" class="1005" name="icmp_ln198_reg_152">
<pin_list>
<pin id="153" dir="0" index="0" bw="1" slack="1"/>
<pin id="154" dir="1" index="1" bw="1" slack="2147483647"/>
</pin_list>
<bind>
<opset="icmp_ln198 "/>
</bind>
</comp>

<comp id="156" class="1005" name="gmem_param_addr_read_reg_156">
<pin_list>
<pin id="157" dir="0" index="0" bw="256" slack="1"/>
<pin id="158" dir="1" index="1" bw="256" slack="1"/>
</pin_list>
<bind>
<opset="gmem_param_addr_read "/>
</bind>
</comp>

</comp_list>

<net_list>
<net id="65"><net_src comp="8" pin="0"/><net_sink comp="62" pin=0"/></net>

<net id="70"><net_src comp="10" pin="0"/><net_sink comp="66" pin=0"/></net>

<net id="71"><net_src comp="4" pin="0"/><net_sink comp="66" pin=1"/></net>

<net id="76"><net_src comp="12" pin="0"/><net_sink comp="72" pin=0"/></net>

<net id="77"><net_src comp="2" pin="0"/><net_sink comp="72" pin=1"/></net>

<net id="82"><net_src comp="46" pin="0"/><net_sink comp="78" pin=0"/></net>

<net id="88"><net_src comp="6" pin="0"/><net_sink comp="83" pin=0"/></net>

<net id="89"><net_src comp="60" pin="0"/><net_sink comp="83" pin=1"/></net>

<net id="95"><net_src comp="83" pin="3"/><net_sink comp="90" pin=0"/></net>

<net id="99"><net_src comp="66" pin="2"/><net_sink comp="96" pin=0"/></net>

<net id="104"><net_src comp="40" pin="0"/><net_sink comp="100" pin=0"/></net>

<net id="112"><net_src comp="105" pin="1"/><net_sink comp="108" pin=0"/></net>

<net id="113"><net_src comp="72" pin="2"/><net_sink comp="108" pin=1"/></net>

<net id="118"><net_src comp="105" pin="1"/><net_sink comp="114" pin=0"/></net>

<net id="119"><net_src comp="44" pin="0"/><net_sink comp="114" pin=1"/></net>

<net id="124"><net_src comp="114" pin="2"/><net_sink comp="120" pin=0"/></net>

<net id="129"><net_src comp="0" pin="0"/><net_sink comp="125" pin=0"/></net>

<net id="130"><net_src comp="125" pin="2"/><net_sink comp="78" pin=1"/></net>

<net id="134"><net_src comp="131" pin="1"/><net_sink comp="83" pin=2"/></net>

<net id="138"><net_src comp="62" pin="1"/><net_sink comp="135" pin=0"/></net>

<net id="139"><net_src comp="135" pin="1"/><net_sink comp="100" pin=1"/></net>

<net id="140"><net_src comp="135" pin="1"/><net_sink comp="105" pin=0"/></net>

<net id="141"><net_src comp="135" pin="1"/><net_sink comp="120" pin=1"/></net>

<net id="145"><net_src comp="96" pin="1"/><net_sink comp="142" pin=0"/></net>

<net id="146"><net_src comp="142" pin="1"/><net_sink comp="125" pin=1"/></net>

<net id="150"><net_src comp="105" pin="1"/><net_sink comp="147" pin=0"/></net>

<net id="151"><net_src comp="147" pin="1"/><net_sink comp="131" pin=0"/></net>

<net id="155"><net_src comp="108" pin="2"/><net_sink comp="152" pin=0"/></net>

<net id="159"><net_src comp="78" pin="2"/><net_sink comp="156" pin=0"/></net>

<net id="160"><net_src comp="156" pin="1"/><net_sink comp="90" pin=1"/></net>

</net_list>

</model> 
---------------- Datapath Model END ------------------

* FSMD analyzer results:
  - Output states:
	Port: gmem_param | {}
	Port: be_buf | {3 }
 - Input state : 
	Port: upconv_core_top_Pipeline_LOAD_BE : gmem_param | {2 }
	Port: upconv_core_top_Pipeline_LOAD_BE : C_WORDS_OUT | {1 }
	Port: upconv_core_top_Pipeline_LOAD_BE : sext_ln198 | {1 }
  - Chain level:
	State 1
		store_ln198 : 1
		i_2 : 1
		icmp_ln198 : 2
		add_ln198 : 2
		br_ln198 : 3
		store_ln198 : 3
	State 2
		gmem_param_addr_read : 1
	State 3
		be_buf_addr : 1
		store_ln201 : 2


============================================================
+ Verbose Summary: Datapath Resource usage 
============================================================

* Functional unit list:
|----------|---------------------------------|---------|---------|
| Operation|         Functional Unit         |    FF   |   LUT   |
|----------|---------------------------------|---------|---------|
|   icmp   |        icmp_ln198_fu_108        |    0    |    12   |
|----------|---------------------------------|---------|---------|
|    add   |         add_ln198_fu_114        |    0    |    12   |
|----------|---------------------------------|---------|---------|
|          |    sext_ln198_read_read_fu_66   |    0    |    0    |
|   read   |   C_WORDS_OUT_read_read_fu_72   |    0    |    0    |
|          | gmem_param_addr_read_read_fu_78 |    0    |    0    |
|----------|---------------------------------|---------|---------|
|   sext   |      sext_ln198_cast_fu_96      |    0    |    0    |
|----------|---------------------------------|---------|---------|
|   zext   |        zext_ln198_fu_131        |    0    |    0    |
|----------|---------------------------------|---------|---------|
|   Total  |                                 |    0    |    24   |
|----------|---------------------------------|---------|---------|

Memories:
N/A

* Register list:
+----------------------------+--------+
|                            |   FF   |
+----------------------------+--------+
|gmem_param_addr_read_reg_156|   256  |
|         i_2_reg_147        |    5   |
|          i_reg_135         |    5   |
|     icmp_ln198_reg_152     |    1   |
|   sext_ln198_cast_reg_142  |   64   |
+----------------------------+--------+
|            Total           |   331  |
+----------------------------+--------+

* Multiplexer (MUX) list: 
|--------|------|------|------|--------|
|  Comp  |  Pin | Size |  BW  | S x BW |
|--------|------|------|------|--------|
|  Total |      |      |      |    0   |
|--------|------|------|------|--------|



* Summary:
+-----------+--------+--------+
|           |   FF   |   LUT  |
+-----------+--------+--------+
|  Function |    0   |   24   |
|   Memory  |    -   |    -   |
|Multiplexer|    -   |    -   |
|  Register |   331  |    -   |
+-----------+--------+--------+
|   Total   |   331  |   24   |
+-----------+--------+--------+
