

================================================================
== Vitis HLS Report for 'UpConv_Fused_Row_8_16_16_16_16_Pipeline_PRELOAD_W_W_FLAT'
================================================================
* Date:           Mon Jun  1 23:46:46 2026

* Version:        2024.2 (Build 5238294 on Nov  8 2024)
* Project:        upconv_core_top
* Solution:       hls (Vivado IP Flow Target)
* Product family: zynquplus
* Target device:  xczu7ev-ffvc1156-2-e


================================================================
== Performance Estimates
================================================================
+ Timing: 
    * Summary: 
    +--------+---------+----------+------------+
    |  Clock |  Target | Estimated| Uncertainty|
    +--------+---------+----------+------------+
    |ap_clk  |  3.33 ns|  2.433 ns|     0.90 ns|
    +--------+---------+----------+------------+

+ Latency: 
    * Summary: 
    +---------+---------+----------+----------+-----+-----+------------------------------------------------+
    |  Latency (cycles) |  Latency (absolute) |  Interval |                    Pipeline                    |
    |   min   |   max   |    min   |    max   | min | max |                      Type                      |
    +---------+---------+----------+----------+-----+-----+------------------------------------------------+
    |       75|       75|  0.250 us|  0.250 us|   73|   73|  loop auto-rewind stp (delay=0 clock cycles(s))|
    +---------+---------+----------+----------+-----+-----+------------------------------------------------+

    + Detail: 
        * Instance: 
        N/A

        * Loop: 
        +--------------------+---------+---------+----------+-----------+-----------+------+----------+
        |                    |  Latency (cycles) | Iteration|  Initiation Interval  | Trip |          |
        |      Loop Name     |   min   |   max   |  Latency |  achieved |   target  | Count| Pipelined|
        +--------------------+---------+---------+----------+-----------+-----------+------+----------+
        |- PRELOAD_W_W_FLAT  |       73|       73|         3|          1|          1|    72|       yes|
        +--------------------+---------+---------+----------+-----------+-----------+------+----------+

============================================================
+ Verbose Summary: Synthesis Manager
============================================================
InlineROM: 1
ExposeGlobal: 0
============================================================
+ Verbose Summary: CDFG Model
============================================================
IsTopModel: 0
ResetActiveHigh: 1
IsCombinational: 0
IsDatapathOnly: 0
HasWiredReturn: 1
HasMFsm: 2
HasVarLatency: 1
IsPipeline: 0
IsRtlPipelined: 0
IsInstanceOverlapped: 0
IsDontTouch: 0
HasImplIP: 0
IsGatedGlobalClock: 0

+ Individual pipeline summary: 
  * Pipeline-0: initiation interval (II) = 1, depth = 3


============================================================
+ Verbose Summary: Schedule
============================================================
* Number of FSM states : 3
* Pipeline : 1
  Pipeline-0 : II = 1, D = 3, States = { 1 2 3 }
* Dataflow Pipeline: 0

* FSM state transitions: 
1 --> 2 
2 --> 3 
3 --> 

* FSM state operations: 

State 1 <SV = 0> <Delay = 1.62>
ST_1 : Operation 6 [1/1] (0.00ns)   --->   "%k_cnt = alloca i32 1" [../gen/Hls_Layers_UpConv.tpp:141]   --->   Operation 6 'alloca' 'k_cnt' <Predicate = true> <Delay = 0.00>
ST_1 : Operation 7 [1/1] (0.00ns)   --->   "%tc = alloca i32 1" [../gen/Hls_Layers_UpConv.tpp:138]   --->   Operation 7 'alloca' 'tc' <Predicate = true> <Delay = 0.00>
ST_1 : Operation 8 [1/1] (0.00ns)   --->   "%indvar_flatten = alloca i32 1"   --->   Operation 8 'alloca' 'indvar_flatten' <Predicate = true> <Delay = 0.00>
ST_1 : Operation 9 [1/1] (0.00ns)   --->   "%sext_ln135_read = read i59 @_ssdm_op_Read.ap_auto.i59, i59 %sext_ln135"   --->   Operation 9 'read' 'sext_ln135_read' <Predicate = true> <Delay = 0.00>
ST_1 : Operation 10 [1/1] (0.00ns)   --->   "%sext_ln135_cast = sext i59 %sext_ln135_read"   --->   Operation 10 'sext' 'sext_ln135_cast' <Predicate = true> <Delay = 0.00>
ST_1 : Operation 11 [1/1] (0.00ns)   --->   "%specmemcore_ln0 = specmemcore void @_ssdm_op_SpecMemCore, i256 %w_local, i64 666, i64 30, i64 18446744073709551615"   --->   Operation 11 'specmemcore' 'specmemcore_ln0' <Predicate = true> <Delay = 0.00>
ST_1 : Operation 12 [1/1] (0.00ns)   --->   "%specmemcore_ln0 = specmemcore void @_ssdm_op_SpecMemCore, i256 %w_local_1, i64 666, i64 30, i64 18446744073709551615"   --->   Operation 12 'specmemcore' 'specmemcore_ln0' <Predicate = true> <Delay = 0.00>
ST_1 : Operation 13 [1/1] (0.00ns)   --->   "%specmemcore_ln0 = specmemcore void @_ssdm_op_SpecMemCore, i256 %w_local_2, i64 666, i64 30, i64 18446744073709551615"   --->   Operation 13 'specmemcore' 'specmemcore_ln0' <Predicate = true> <Delay = 0.00>
ST_1 : Operation 14 [1/1] (0.00ns)   --->   "%specmemcore_ln0 = specmemcore void @_ssdm_op_SpecMemCore, i256 %w_local_3, i64 666, i64 30, i64 18446744073709551615"   --->   Operation 14 'specmemcore' 'specmemcore_ln0' <Predicate = true> <Delay = 0.00>
ST_1 : Operation 15 [1/1] (0.00ns)   --->   "%specmemcore_ln0 = specmemcore void @_ssdm_op_SpecMemCore, i256 %w_local_4, i64 666, i64 30, i64 18446744073709551615"   --->   Operation 15 'specmemcore' 'specmemcore_ln0' <Predicate = true> <Delay = 0.00>
ST_1 : Operation 16 [1/1] (0.00ns)   --->   "%specmemcore_ln0 = specmemcore void @_ssdm_op_SpecMemCore, i256 %w_local_5, i64 666, i64 30, i64 18446744073709551615"   --->   Operation 16 'specmemcore' 'specmemcore_ln0' <Predicate = true> <Delay = 0.00>
ST_1 : Operation 17 [1/1] (0.00ns)   --->   "%specmemcore_ln0 = specmemcore void @_ssdm_op_SpecMemCore, i256 %w_local_6, i64 666, i64 30, i64 18446744073709551615"   --->   Operation 17 'specmemcore' 'specmemcore_ln0' <Predicate = true> <Delay = 0.00>
ST_1 : Operation 18 [1/1] (0.00ns)   --->   "%specmemcore_ln0 = specmemcore void @_ssdm_op_SpecMemCore, i256 %w_local_7, i64 666, i64 30, i64 18446744073709551615"   --->   Operation 18 'specmemcore' 'specmemcore_ln0' <Predicate = true> <Delay = 0.00>
ST_1 : Operation 19 [1/1] (0.00ns)   --->   "%specinterface_ln0 = specinterface void @_ssdm_op_SpecInterface, i256 %gmem_weight, void @empty_3, i32 0, i32 0, void @empty_15, i32 0, i32 0, void @empty_26, void @empty_14, void @empty_15, i32 16, i32 16, i32 64, i32 16, void @empty_15, void @empty_15, i32 4294967295, i32 0, i32 0"   --->   Operation 19 'specinterface' 'specinterface_ln0' <Predicate = true> <Delay = 0.00>
ST_1 : Operation 20 [1/1] (0.42ns)   --->   "%store_ln0 = store i7 0, i7 %indvar_flatten"   --->   Operation 20 'store' 'store_ln0' <Predicate = true> <Delay = 0.42>
ST_1 : Operation 21 [1/1] (0.42ns)   --->   "%store_ln138 = store i4 0, i4 %tc" [../gen/Hls_Layers_UpConv.tpp:138]   --->   Operation 21 'store' 'store_ln138' <Predicate = true> <Delay = 0.42>
ST_1 : Operation 22 [1/1] (0.42ns)   --->   "%store_ln141 = store i4 0, i4 %k_cnt" [../gen/Hls_Layers_UpConv.tpp:141]   --->   Operation 22 'store' 'store_ln141' <Predicate = true> <Delay = 0.42>
ST_1 : Operation 23 [1/1] (0.00ns)   --->   "%br_ln0 = br void %for.body28"   --->   Operation 23 'br' 'br_ln0' <Predicate = true> <Delay = 0.00>
ST_1 : Operation 24 [1/1] (0.00ns)   --->   "%indvar_flatten_load = load i7 %indvar_flatten" [../gen/Hls_Layers_UpConv.tpp:138]   --->   Operation 24 'load' 'indvar_flatten_load' <Predicate = true> <Delay = 0.00>
ST_1 : Operation 25 [1/1] (0.77ns)   --->   "%icmp_ln138 = icmp_eq  i7 %indvar_flatten_load, i7 72" [../gen/Hls_Layers_UpConv.tpp:138]   --->   Operation 25 'icmp' 'icmp_ln138' <Predicate = true> <Delay = 0.77> <CoreInst = "Cmp">   --->   Core 9 'Cmp' <Latency = 0> <II = 1> <Delay = 0.77> <FuncUnit> <Opcode : 'seteq' 'setne' 'setle' 'setge' 'setlt' 'setgt'> <InPorts = 2> <OutPorts = 1>
ST_1 : Operation 26 [1/1] (0.77ns)   --->   "%add_ln138_3 = add i7 %indvar_flatten_load, i7 1" [../gen/Hls_Layers_UpConv.tpp:138]   --->   Operation 26 'add' 'add_ln138_3' <Predicate = true> <Delay = 0.77> <CoreInst = "Adder">   --->   Core 1 'Adder' <Latency = 0> <II = 1> <Delay = 0.77> <FuncUnit> <Opcode : 'add' 'sub'> <InPorts = 2> <OutPorts = 1>
ST_1 : Operation 27 [1/1] (0.00ns)   --->   "%br_ln138 = br i1 %icmp_ln138, void %for.inc50, void %KH_LOOP.exitStub" [../gen/Hls_Layers_UpConv.tpp:138]   --->   Operation 27 'br' 'br_ln138' <Predicate = true> <Delay = 0.00>
ST_1 : Operation 28 [1/1] (0.42ns)   --->   "%store_ln138 = store i7 %add_ln138_3, i7 %indvar_flatten" [../gen/Hls_Layers_UpConv.tpp:138]   --->   Operation 28 'store' 'store_ln138' <Predicate = (!icmp_ln138)> <Delay = 0.42>

State 2 <SV = 1> <Delay = 2.43>
ST_2 : Operation 29 [1/1] (0.00ns)   --->   "%k_cnt_load = load i4 %k_cnt" [../gen/Hls_Layers_UpConv.tpp:142]   --->   Operation 29 'load' 'k_cnt_load' <Predicate = true> <Delay = 0.00>
ST_2 : Operation 30 [1/1] (0.00ns)   --->   "%tc_load = load i4 %tc" [../gen/Hls_Layers_UpConv.tpp:138]   --->   Operation 30 'load' 'tc_load' <Predicate = true> <Delay = 0.00>
ST_2 : Operation 31 [1/1] (0.00ns)   --->   "%gmem_weight_addr = getelementptr i256 %gmem_weight, i64 %sext_ln135_cast" [../gen/Hls_Layers_UpConv.tpp:135]   --->   Operation 31 'getelementptr' 'gmem_weight_addr' <Predicate = true> <Delay = 0.00>
ST_2 : Operation 32 [1/1] (0.79ns)   --->   "%add_ln138 = add i4 %tc_load, i4 1" [../gen/Hls_Layers_UpConv.tpp:138]   --->   Operation 32 'add' 'add_ln138' <Predicate = true> <Delay = 0.79> <CoreInst = "Adder">   --->   Core 1 'Adder' <Latency = 0> <II = 1> <Delay = 0.79> <FuncUnit> <Opcode : 'add' 'sub'> <InPorts = 2> <OutPorts = 1>
ST_2 : Operation 33 [1/1] (0.79ns)   --->   "%icmp_ln142 = icmp_eq  i4 %k_cnt_load, i4 9" [../gen/Hls_Layers_UpConv.tpp:142]   --->   Operation 33 'icmp' 'icmp_ln142' <Predicate = true> <Delay = 0.79> <CoreInst = "Cmp">   --->   Core 9 'Cmp' <Latency = 0> <II = 1> <Delay = 0.79> <FuncUnit> <Opcode : 'seteq' 'setne' 'setle' 'setge' 'setlt' 'setgt'> <InPorts = 2> <OutPorts = 1>
ST_2 : Operation 34 [1/1] (0.39ns)   --->   "%select_ln138 = select i1 %icmp_ln142, i4 0, i4 %k_cnt_load" [../gen/Hls_Layers_UpConv.tpp:138]   --->   Operation 34 'select' 'select_ln138' <Predicate = true> <Delay = 0.39> <CoreInst = "Sel">   --->   Core 73 'Sel' <Latency = 0> <II = 1> <Delay = 0.39> <FuncUnit> <Opcode : 'select'> <InPorts = 3> <OutPorts = 1>
ST_2 : Operation 35 [1/1] (0.39ns)   --->   "%select_ln138_5 = select i1 %icmp_ln142, i4 %add_ln138, i4 %tc_load" [../gen/Hls_Layers_UpConv.tpp:138]   --->   Operation 35 'select' 'select_ln138_5' <Predicate = true> <Delay = 0.39> <CoreInst = "Sel">   --->   Core 73 'Sel' <Latency = 0> <II = 1> <Delay = 0.39> <FuncUnit> <Opcode : 'select'> <InPorts = 3> <OutPorts = 1>
ST_2 : Operation 36 [1/1] (0.00ns)   --->   "%trunc_ln138 = trunc i4 %select_ln138_5" [../gen/Hls_Layers_UpConv.tpp:138]   --->   Operation 36 'trunc' 'trunc_ln138' <Predicate = true> <Delay = 0.00>
ST_2 : Operation 37 [1/1] (2.43ns)   --->   "%gmem_weight_addr_read = read i256 @_ssdm_op_Read.m_axi.p1i256, i256 %gmem_weight_addr" [../gen/Hls_Layers_UpConv.tpp:144]   --->   Operation 37 'read' 'gmem_weight_addr_read' <Predicate = true> <Delay = 2.43> <CoreInst = "m_axi">   --->   Core 119 'm_axi' <Latency = 3> <II = 1> <Delay = 1.00> <Adapter> <Opcode : 'read' 'write' 'readreq' 'writereq' 'writeresp'>
ST_2 : Operation 38 [1/1] (0.67ns)   --->   "%switch_ln144 = switch i3 %trunc_ln138, void %arrayidx4012.case.7, i3 0, void %arrayidx4012.case.0, i3 1, void %arrayidx4012.case.1, i3 2, void %arrayidx4012.case.2, i3 3, void %arrayidx4012.case.3, i3 4, void %arrayidx4012.case.4, i3 5, void %arrayidx4012.case.5, i3 6, void %arrayidx4012.case.6" [../gen/Hls_Layers_UpConv.tpp:144]   --->   Operation 38 'switch' 'switch_ln144' <Predicate = true> <Delay = 0.67>
ST_2 : Operation 39 [1/1] (0.79ns)   --->   "%add_ln146 = add i4 %select_ln138, i4 1" [../gen/Hls_Layers_UpConv.tpp:146]   --->   Operation 39 'add' 'add_ln146' <Predicate = true> <Delay = 0.79> <CoreInst = "Adder">   --->   Core 1 'Adder' <Latency = 0> <II = 1> <Delay = 0.79> <FuncUnit> <Opcode : 'add' 'sub'> <InPorts = 2> <OutPorts = 1>
ST_2 : Operation 40 [1/1] (0.42ns)   --->   "%store_ln138 = store i4 %select_ln138_5, i4 %tc" [../gen/Hls_Layers_UpConv.tpp:138]   --->   Operation 40 'store' 'store_ln138' <Predicate = true> <Delay = 0.42>
ST_2 : Operation 41 [1/1] (0.42ns)   --->   "%store_ln141 = store i4 %add_ln146, i4 %k_cnt" [../gen/Hls_Layers_UpConv.tpp:141]   --->   Operation 41 'store' 'store_ln141' <Predicate = true> <Delay = 0.42>
ST_2 : Operation 42 [1/1] (0.00ns)   --->   "%br_ln142 = br void %for.body28" [../gen/Hls_Layers_UpConv.tpp:142]   --->   Operation 42 'br' 'br_ln142' <Predicate = true> <Delay = 0.00>
ST_2 : Operation 71 [1/1] (0.42ns)   --->   "%ret_ln0 = ret"   --->   Operation 71 'ret' 'ret_ln0' <Predicate = (icmp_ln138)> <Delay = 0.42>

State 3 <SV = 2> <Delay = 1.23>
ST_3 : Operation 43 [1/1] (0.00ns)   --->   "%specloopname_ln0 = specloopname void @_ssdm_op_SpecLoopName, void @PRELOAD_W_W_FLAT_str"   --->   Operation 43 'specloopname' 'specloopname_ln0' <Predicate = true> <Delay = 0.00>
ST_3 : Operation 44 [1/1] (0.00ns)   --->   "%speclooptripcount_ln0 = speclooptripcount void @_ssdm_op_SpecLoopTripCount, i64 72, i64 72, i64 72"   --->   Operation 44 'speclooptripcount' 'speclooptripcount_ln0' <Predicate = true> <Delay = 0.00>
ST_3 : Operation 45 [1/1] (0.00ns)   --->   "%zext_ln142 = zext i4 %select_ln138" [../gen/Hls_Layers_UpConv.tpp:142]   --->   Operation 45 'zext' 'zext_ln142' <Predicate = true> <Delay = 0.00>
ST_3 : Operation 46 [1/1] (0.00ns)   --->   "%specpipeline_ln143 = specpipeline void @_ssdm_op_SpecPipeline, i32 1, i32 0, i32 0, i32 0, void @empty_15" [../gen/Hls_Layers_UpConv.tpp:143]   --->   Operation 46 'specpipeline' 'specpipeline_ln143' <Predicate = true> <Delay = 0.00>
ST_3 : Operation 47 [1/1] (0.00ns)   --->   "%w_local_addr = getelementptr i256 %w_local, i64 0, i64 %zext_ln142" [../gen/Hls_Layers_UpConv.tpp:144]   --->   Operation 47 'getelementptr' 'w_local_addr' <Predicate = true> <Delay = 0.00>
ST_3 : Operation 48 [1/1] (0.00ns)   --->   "%w_local_1_addr = getelementptr i256 %w_local_1, i64 0, i64 %zext_ln142" [../gen/Hls_Layers_UpConv.tpp:144]   --->   Operation 48 'getelementptr' 'w_local_1_addr' <Predicate = true> <Delay = 0.00>
ST_3 : Operation 49 [1/1] (0.00ns)   --->   "%w_local_2_addr = getelementptr i256 %w_local_2, i64 0, i64 %zext_ln142" [../gen/Hls_Layers_UpConv.tpp:144]   --->   Operation 49 'getelementptr' 'w_local_2_addr' <Predicate = true> <Delay = 0.00>
ST_3 : Operation 50 [1/1] (0.00ns)   --->   "%w_local_3_addr = getelementptr i256 %w_local_3, i64 0, i64 %zext_ln142" [../gen/Hls_Layers_UpConv.tpp:144]   --->   Operation 50 'getelementptr' 'w_local_3_addr' <Predicate = true> <Delay = 0.00>
ST_3 : Operation 51 [1/1] (0.00ns)   --->   "%w_local_4_addr = getelementptr i256 %w_local_4, i64 0, i64 %zext_ln142" [../gen/Hls_Layers_UpConv.tpp:144]   --->   Operation 51 'getelementptr' 'w_local_4_addr' <Predicate = true> <Delay = 0.00>
ST_3 : Operation 52 [1/1] (0.00ns)   --->   "%w_local_5_addr = getelementptr i256 %w_local_5, i64 0, i64 %zext_ln142" [../gen/Hls_Layers_UpConv.tpp:144]   --->   Operation 52 'getelementptr' 'w_local_5_addr' <Predicate = true> <Delay = 0.00>
ST_3 : Operation 53 [1/1] (0.00ns)   --->   "%w_local_6_addr = getelementptr i256 %w_local_6, i64 0, i64 %zext_ln142" [../gen/Hls_Layers_UpConv.tpp:144]   --->   Operation 53 'getelementptr' 'w_local_6_addr' <Predicate = true> <Delay = 0.00>
ST_3 : Operation 54 [1/1] (0.00ns)   --->   "%w_local_7_addr = getelementptr i256 %w_local_7, i64 0, i64 %zext_ln142" [../gen/Hls_Layers_UpConv.tpp:144]   --->   Operation 54 'getelementptr' 'w_local_7_addr' <Predicate = true> <Delay = 0.00>
ST_3 : Operation 55 [1/1] ( I:1.23ns O:1.23ns )   --->   "%store_ln144 = store i256 %gmem_weight_addr_read, i4 %w_local_6_addr" [../gen/Hls_Layers_UpConv.tpp:144]   --->   Operation 55 'store' 'store_ln144' <Predicate = (trunc_ln138 == 6)> <Delay = 1.23> <CoreInst = "RAM_T2P_BRAM">   --->   Core 98 'RAM_T2P_BRAM' <Latency = 1> <II = 1> <Delay = 1.23> <Storage> <Opcode : 'load' 'store'> <Ports = 2> <Width = 256> <Depth = 9> <RAM>
ST_3 : Operation 56 [1/1] (0.00ns)   --->   "%br_ln144 = br void %arrayidx4012.exit" [../gen/Hls_Layers_UpConv.tpp:144]   --->   Operation 56 'br' 'br_ln144' <Predicate = (trunc_ln138 == 6)> <Delay = 0.00>
ST_3 : Operation 57 [1/1] ( I:1.23ns O:1.23ns )   --->   "%store_ln144 = store i256 %gmem_weight_addr_read, i4 %w_local_5_addr" [../gen/Hls_Layers_UpConv.tpp:144]   --->   Operation 57 'store' 'store_ln144' <Predicate = (trunc_ln138 == 5)> <Delay = 1.23> <CoreInst = "RAM_T2P_BRAM">   --->   Core 98 'RAM_T2P_BRAM' <Latency = 1> <II = 1> <Delay = 1.23> <Storage> <Opcode : 'load' 'store'> <Ports = 2> <Width = 256> <Depth = 9> <RAM>
ST_3 : Operation 58 [1/1] (0.00ns)   --->   "%br_ln144 = br void %arrayidx4012.exit" [../gen/Hls_Layers_UpConv.tpp:144]   --->   Operation 58 'br' 'br_ln144' <Predicate = (trunc_ln138 == 5)> <Delay = 0.00>
ST_3 : Operation 59 [1/1] ( I:1.23ns O:1.23ns )   --->   "%store_ln144 = store i256 %gmem_weight_addr_read, i4 %w_local_4_addr" [../gen/Hls_Layers_UpConv.tpp:144]   --->   Operation 59 'store' 'store_ln144' <Predicate = (trunc_ln138 == 4)> <Delay = 1.23> <CoreInst = "RAM_T2P_BRAM">   --->   Core 98 'RAM_T2P_BRAM' <Latency = 1> <II = 1> <Delay = 1.23> <Storage> <Opcode : 'load' 'store'> <Ports = 2> <Width = 256> <Depth = 9> <RAM>
ST_3 : Operation 60 [1/1] (0.00ns)   --->   "%br_ln144 = br void %arrayidx4012.exit" [../gen/Hls_Layers_UpConv.tpp:144]   --->   Operation 60 'br' 'br_ln144' <Predicate = (trunc_ln138 == 4)> <Delay = 0.00>
ST_3 : Operation 61 [1/1] ( I:1.23ns O:1.23ns )   --->   "%store_ln144 = store i256 %gmem_weight_addr_read, i4 %w_local_3_addr" [../gen/Hls_Layers_UpConv.tpp:144]   --->   Operation 61 'store' 'store_ln144' <Predicate = (trunc_ln138 == 3)> <Delay = 1.23> <CoreInst = "RAM_T2P_BRAM">   --->   Core 98 'RAM_T2P_BRAM' <Latency = 1> <II = 1> <Delay = 1.23> <Storage> <Opcode : 'load' 'store'> <Ports = 2> <Width = 256> <Depth = 9> <RAM>
ST_3 : Operation 62 [1/1] (0.00ns)   --->   "%br_ln144 = br void %arrayidx4012.exit" [../gen/Hls_Layers_UpConv.tpp:144]   --->   Operation 62 'br' 'br_ln144' <Predicate = (trunc_ln138 == 3)> <Delay = 0.00>
ST_3 : Operation 63 [1/1] ( I:1.23ns O:1.23ns )   --->   "%store_ln144 = store i256 %gmem_weight_addr_read, i4 %w_local_2_addr" [../gen/Hls_Layers_UpConv.tpp:144]   --->   Operation 63 'store' 'store_ln144' <Predicate = (trunc_ln138 == 2)> <Delay = 1.23> <CoreInst = "RAM_T2P_BRAM">   --->   Core 98 'RAM_T2P_BRAM' <Latency = 1> <II = 1> <Delay = 1.23> <Storage> <Opcode : 'load' 'store'> <Ports = 2> <Width = 256> <Depth = 9> <RAM>
ST_3 : Operation 64 [1/1] (0.00ns)   --->   "%br_ln144 = br void %arrayidx4012.exit" [../gen/Hls_Layers_UpConv.tpp:144]   --->   Operation 64 'br' 'br_ln144' <Predicate = (trunc_ln138 == 2)> <Delay = 0.00>
ST_3 : Operation 65 [1/1] ( I:1.23ns O:1.23ns )   --->   "%store_ln144 = store i256 %gmem_weight_addr_read, i4 %w_local_1_addr" [../gen/Hls_Layers_UpConv.tpp:144]   --->   Operation 65 'store' 'store_ln144' <Predicate = (trunc_ln138 == 1)> <Delay = 1.23> <CoreInst = "RAM_T2P_BRAM">   --->   Core 98 'RAM_T2P_BRAM' <Latency = 1> <II = 1> <Delay = 1.23> <Storage> <Opcode : 'load' 'store'> <Ports = 2> <Width = 256> <Depth = 9> <RAM>
ST_3 : Operation 66 [1/1] (0.00ns)   --->   "%br_ln144 = br void %arrayidx4012.exit" [../gen/Hls_Layers_UpConv.tpp:144]   --->   Operation 66 'br' 'br_ln144' <Predicate = (trunc_ln138 == 1)> <Delay = 0.00>
ST_3 : Operation 67 [1/1] ( I:1.23ns O:1.23ns )   --->   "%store_ln144 = store i256 %gmem_weight_addr_read, i4 %w_local_addr" [../gen/Hls_Layers_UpConv.tpp:144]   --->   Operation 67 'store' 'store_ln144' <Predicate = (trunc_ln138 == 0)> <Delay = 1.23> <CoreInst = "RAM_T2P_BRAM">   --->   Core 98 'RAM_T2P_BRAM' <Latency = 1> <II = 1> <Delay = 1.23> <Storage> <Opcode : 'load' 'store'> <Ports = 2> <Width = 256> <Depth = 9> <RAM>
ST_3 : Operation 68 [1/1] (0.00ns)   --->   "%br_ln144 = br void %arrayidx4012.exit" [../gen/Hls_Layers_UpConv.tpp:144]   --->   Operation 68 'br' 'br_ln144' <Predicate = (trunc_ln138 == 0)> <Delay = 0.00>
ST_3 : Operation 69 [1/1] ( I:1.23ns O:1.23ns )   --->   "%store_ln144 = store i256 %gmem_weight_addr_read, i4 %w_local_7_addr" [../gen/Hls_Layers_UpConv.tpp:144]   --->   Operation 69 'store' 'store_ln144' <Predicate = (trunc_ln138 == 7)> <Delay = 1.23> <CoreInst = "RAM_T2P_BRAM">   --->   Core 98 'RAM_T2P_BRAM' <Latency = 1> <II = 1> <Delay = 1.23> <Storage> <Opcode : 'load' 'store'> <Ports = 2> <Width = 256> <Depth = 9> <RAM>
ST_3 : Operation 70 [1/1] (0.00ns)   --->   "%br_ln144 = br void %arrayidx4012.exit" [../gen/Hls_Layers_UpConv.tpp:144]   --->   Operation 70 'br' 'br_ln144' <Predicate = (trunc_ln138 == 7)> <Delay = 0.00>


============================================================
+ Verbose Summary: Timing violations
============================================================
Target clock period: 3.333ns, clock uncertainty: 0.900ns.

 <State 1>: 1.627ns
The critical path consists of the following:
	'store' operation 0 bit ('store_ln0') of constant 0 on local variable 'indvar_flatten' [25]  (0.427 ns)
	'load' operation 7 bit ('indvar_flatten_load', ../gen/Hls_Layers_UpConv.tpp:138) on local variable 'indvar_flatten' [30]  (0.000 ns)
	'add' operation 7 bit ('add_ln138_3', ../gen/Hls_Layers_UpConv.tpp:138) [32]  (0.773 ns)
	'store' operation 0 bit ('store_ln138', ../gen/Hls_Layers_UpConv.tpp:138) of variable 'add_ln138_3', ../gen/Hls_Layers_UpConv.tpp:138 on local variable 'indvar_flatten' [83]  (0.427 ns)

 <State 2>: 2.433ns
The critical path consists of the following:
	'getelementptr' operation 256 bit ('gmem_weight_addr', ../gen/Hls_Layers_UpConv.tpp:135) [37]  (0.000 ns)
	bus read operation ('gmem_weight_addr_read', ../gen/Hls_Layers_UpConv.tpp:144) on port 'gmem_weight' (../gen/Hls_Layers_UpConv.tpp:144) [55]  (2.433 ns)

 <State 3>: 1.237ns
The critical path consists of the following:
	'getelementptr' operation 4 bit ('w_local_addr', ../gen/Hls_Layers_UpConv.tpp:144) [47]  (0.000 ns)
	'store' operation 0 bit ('store_ln144', ../gen/Hls_Layers_UpConv.tpp:144) of variable 'gmem_weight_addr_read', ../gen/Hls_Layers_UpConv.tpp:144 on array 'w_local' [76]  (1.237 ns)


============================================================
+ Verbose Summary: Binding
============================================================
N/A
* FSMD analyzer results:
  - Output states:
 - Input state : 
  - Chain level:
	State 1
	State 2
	State 3


============================================================
+ Verbose Summary: Datapath Resource usage 
============================================================
N/A
