

================================================================
== Vitis HLS Report for 'UpConv_Fused_Row_8_16_16_16_16_s'
================================================================
* Date:           Mon Jun  1 23:46:48 2026

* Version:        2024.2 (Build 5238294 on Nov  8 2024)
* Project:        upconv_core_top
* Solution:       hls (Vivado IP Flow Target)
* Product family: zynquplus
* Target device:  xczu7ev-ffvc1156-2-e


================================================================
== Performance Estimates
================================================================
+ Timing: 
    * Summary: 
    +--------+---------+----------+------------+
    |  Clock |  Target | Estimated| Uncertainty|
    +--------+---------+----------+------------+
    |ap_clk  |  3.33 ns|  2.433 ns|     0.90 ns|
    +--------+---------+----------+------------+

+ Latency: 
    * Summary: 
    +---------+---------+----------+----------+------+------+---------+
    |  Latency (cycles) |  Latency (absolute) |   Interval  | Pipeline|
    |   min   |   max   |    min   |    max   |  min |  max |   Type  |
    +---------+---------+----------+----------+------+------+---------+
    |     1006|     1948|  3.353 us|  6.493 us|  1006|  1948|       no|
    +---------+---------+----------+----------+------+------+---------+

    + Detail: 
        * Instance: 
        N/A

        * Loop: 
        +-------------+---------+---------+----------+-----------+-----------+------+----------+
        |             |  Latency (cycles) | Iteration|  Initiation Interval  | Trip |          |
        |  Loop Name  |   min   |   max   |  Latency |  achieved |   target  | Count| Pipelined|
        +-------------+---------+---------+----------+-----------+-----------+------+----------+
        |- TILE_LOOP  |      168|     1110|  84 ~ 555|          -|          -|     2|        no|
        | + KH_LOOP   |        6|      477|   2 ~ 159|          -|          -|     3|        no|
        +-------------+---------+---------+----------+-----------+-----------+------+----------+

============================================================
+ Verbose Summary: Synthesis Manager
============================================================
InlineROM: 1
ExposeGlobal: 0
============================================================
+ Verbose Summary: CDFG Model
============================================================
IsTopModel: 0
ResetActiveHigh: 1
IsCombinational: 0
IsDatapathOnly: 0
HasWiredReturn: 1
HasMFsm: 0
HasVarLatency: 1
IsPipeline: 0
IsRtlPipelined: 0
IsInstanceOverlapped: 0
IsDontTouch: 0
HasImplIP: 0
IsGatedGlobalClock: 0


============================================================
+ Verbose Summary: Schedule
============================================================
* Number of FSM states : 33
* Pipeline : 0
* Dataflow Pipeline: 0

* FSM state transitions: 
1 --> 2 
2 --> 3 
3 --> 4 
4 --> 5 
5 --> 6 
6 --> 7 
7 --> 8 
8 --> 9 
9 --> 10 
10 --> 11 
11 --> 12 15 
12 --> 13 
13 --> 14 11 
14 --> 13 
15 --> 16 
16 --> 17 
17 --> 18 
18 --> 19 
19 --> 20 
20 --> 21 
21 --> 22 
22 --> 23 
23 --> 24 
24 --> 25 
25 --> 26 
26 --> 27 
27 --> 28 
28 --> 29 
29 --> 30 
30 --> 31 
31 --> 32 
32 --> 33 
33 --> 

* FSM state operations: 

State 1 <SV = 0> <Delay = 0.42>
ST_1 : Operation 34 [1/1] (0.00ns)   --->   "%tile = alloca i32 1" [../gen/Hls_Layers_UpConv.tpp:135]   --->   Operation 34 'alloca' 'tile' <Predicate = true> <Delay = 0.00>
ST_1 : Operation 35 [1/1] (0.00ns)   --->   "%w_local = alloca i64 1" [../gen/Hls_Layers_UpConv.tpp:128]   --->   Operation 35 'alloca' 'w_local' <Predicate = true> <Delay = 0.00> <CoreInst = "RAM_T2P_BRAM">   --->   Core 98 'RAM_T2P_BRAM' <Latency = 1> <II = 1> <Delay = 1.23> <Storage> <Opcode : 'load' 'store'> <Ports = 2> <Width = 256> <Depth = 9> <RAM>
ST_1 : Operation 36 [1/1] (0.00ns)   --->   "%w_local_1 = alloca i64 1" [../gen/Hls_Layers_UpConv.tpp:128]   --->   Operation 36 'alloca' 'w_local_1' <Predicate = true> <Delay = 0.00> <CoreInst = "RAM_T2P_BRAM">   --->   Core 98 'RAM_T2P_BRAM' <Latency = 1> <II = 1> <Delay = 1.23> <Storage> <Opcode : 'load' 'store'> <Ports = 2> <Width = 256> <Depth = 9> <RAM>
ST_1 : Operation 37 [1/1] (0.00ns)   --->   "%w_local_2 = alloca i64 1" [../gen/Hls_Layers_UpConv.tpp:128]   --->   Operation 37 'alloca' 'w_local_2' <Predicate = true> <Delay = 0.00> <CoreInst = "RAM_T2P_BRAM">   --->   Core 98 'RAM_T2P_BRAM' <Latency = 1> <II = 1> <Delay = 1.23> <Storage> <Opcode : 'load' 'store'> <Ports = 2> <Width = 256> <Depth = 9> <RAM>
ST_1 : Operation 38 [1/1] (0.00ns)   --->   "%w_local_3 = alloca i64 1" [../gen/Hls_Layers_UpConv.tpp:128]   --->   Operation 38 'alloca' 'w_local_3' <Predicate = true> <Delay = 0.00> <CoreInst = "RAM_T2P_BRAM">   --->   Core 98 'RAM_T2P_BRAM' <Latency = 1> <II = 1> <Delay = 1.23> <Storage> <Opcode : 'load' 'store'> <Ports = 2> <Width = 256> <Depth = 9> <RAM>
ST_1 : Operation 39 [1/1] (0.00ns)   --->   "%w_local_4 = alloca i64 1" [../gen/Hls_Layers_UpConv.tpp:128]   --->   Operation 39 'alloca' 'w_local_4' <Predicate = true> <Delay = 0.00> <CoreInst = "RAM_T2P_BRAM">   --->   Core 98 'RAM_T2P_BRAM' <Latency = 1> <II = 1> <Delay = 1.23> <Storage> <Opcode : 'load' 'store'> <Ports = 2> <Width = 256> <Depth = 9> <RAM>
ST_1 : Operation 40 [1/1] (0.00ns)   --->   "%w_local_5 = alloca i64 1" [../gen/Hls_Layers_UpConv.tpp:128]   --->   Operation 40 'alloca' 'w_local_5' <Predicate = true> <Delay = 0.00> <CoreInst = "RAM_T2P_BRAM">   --->   Core 98 'RAM_T2P_BRAM' <Latency = 1> <II = 1> <Delay = 1.23> <Storage> <Opcode : 'load' 'store'> <Ports = 2> <Width = 256> <Depth = 9> <RAM>
ST_1 : Operation 41 [1/1] (0.00ns)   --->   "%w_local_6 = alloca i64 1" [../gen/Hls_Layers_UpConv.tpp:128]   --->   Operation 41 'alloca' 'w_local_6' <Predicate = true> <Delay = 0.00> <CoreInst = "RAM_T2P_BRAM">   --->   Core 98 'RAM_T2P_BRAM' <Latency = 1> <II = 1> <Delay = 1.23> <Storage> <Opcode : 'load' 'store'> <Ports = 2> <Width = 256> <Depth = 9> <RAM>
ST_1 : Operation 42 [1/1] (0.00ns)   --->   "%w_local_7 = alloca i64 1" [../gen/Hls_Layers_UpConv.tpp:128]   --->   Operation 42 'alloca' 'w_local_7' <Predicate = true> <Delay = 0.00> <CoreInst = "RAM_T2P_BRAM">   --->   Core 98 'RAM_T2P_BRAM' <Latency = 1> <II = 1> <Delay = 1.23> <Storage> <Opcode : 'load' 'store'> <Ports = 2> <Width = 256> <Depth = 9> <RAM>
ST_1 : Operation 43 [1/1] (0.00ns)   --->   "%b_buf = alloca i64 1" [../gen/Hls_Layers_UpConv.tpp:214]   --->   Operation 43 'alloca' 'b_buf' <Predicate = true> <Delay = 0.00> <CoreInst = "RAM_T2P_BRAM">   --->   Core 98 'RAM_T2P_BRAM' <Latency = 1> <II = 1> <Delay = 1.23> <Storage> <Opcode : 'load' 'store'> <Ports = 2> <Width = 256> <Depth = 1> <RAM>
ST_1 : Operation 44 [2/2] (0.00ns)   --->   "%call_ln0 = call void @UpConv_Fused_Row<8, 16, 16, 16, 16>_Pipeline_RESET_ROW_ACC, i16 %void_UpConv_Fused_Row_ap_uint_ap_uint_const_ap_uint_const_ap_uint_const_ap_u_39, i16 %void_UpConv_Fused_Row_ap_uint_ap_uint_const_ap_uint_const_ap_uint_const_ap_u_38, i16 %void_UpConv_Fused_Row_ap_uint_ap_uint_const_ap_uint_const_ap_uint_const_ap_u_37, i16 %void_UpConv_Fused_Row_ap_uint_ap_uint_const_ap_uint_const_ap_uint_const_ap_u_36, i16 %void_UpConv_Fused_Row_ap_uint_ap_uint_const_ap_uint_const_ap_uint_const_ap_u_35, i16 %void_UpConv_Fused_Row_ap_uint_ap_uint_const_ap_uint_const_ap_uint_const_ap_u_34, i16 %void_UpConv_Fused_Row_ap_uint_ap_uint_const_ap_uint_const_ap_uint_const_ap_u_33, i16 %void_UpConv_Fused_Row_ap_uint_ap_uint_const_ap_uint_const_ap_uint_const_ap_u_32, i16 %void_UpConv_Fused_Row_ap_uint_ap_uint_const_ap_uint_const_ap_uint_const_ap_u_31, i16 %void_UpConv_Fused_Row_ap_uint_ap_uint_const_ap_uint_const_ap_uint_const_ap_u_30, i16 %p_ZZ16UpConv_Fused_RowILi8ELi16ELi16ELi16ELi16EEvP7ap_uintILi256EEPKS1_S4_S4_S4_S_5, i16 %p_ZZ16UpConv_Fused_RowILi8ELi16ELi16ELi16ELi16EEvP7ap_uintILi256EEPKS1_S4_S4_S4_S_4, i16 %p_ZZ16UpConv_Fused_RowILi8ELi16ELi16ELi16ELi16EEvP7ap_uintILi256EEPKS1_S4_S4_S4_S_3, i16 %p_ZZ16UpConv_Fused_RowILi8ELi16ELi16ELi16ELi16EEvP7ap_uintILi256EEPKS1_S4_S4_S4_S_2, i16 %p_ZZ16UpConv_Fused_RowILi8ELi16ELi16ELi16ELi16EEvP7ap_uintILi256EEPKS1_S4_S4_S4_S_1, i16 %p_ZZ16UpConv_Fused_RowILi8ELi16ELi16ELi16ELi16EEvP7ap_uintILi256EEPKS1_S4_S4_S4_S"   --->   Operation 44 'call' 'call_ln0' <Predicate = true> <Delay = 0.00> <CoreType = "Generic">   --->   Generic Core
ST_1 : Operation 45 [1/1] (0.42ns)   --->   "%store_ln135 = store i2 0, i2 %tile" [../gen/Hls_Layers_UpConv.tpp:135]   --->   Operation 45 'store' 'store_ln135' <Predicate = true> <Delay = 0.42>

State 2 <SV = 1> <Delay = 1.63>
ST_2 : Operation 46 [1/2] (1.63ns)   --->   "%call_ln0 = call void @UpConv_Fused_Row<8, 16, 16, 16, 16>_Pipeline_RESET_ROW_ACC, i16 %void_UpConv_Fused_Row_ap_uint_ap_uint_const_ap_uint_const_ap_uint_const_ap_u_39, i16 %void_UpConv_Fused_Row_ap_uint_ap_uint_const_ap_uint_const_ap_uint_const_ap_u_38, i16 %void_UpConv_Fused_Row_ap_uint_ap_uint_const_ap_uint_const_ap_uint_const_ap_u_37, i16 %void_UpConv_Fused_Row_ap_uint_ap_uint_const_ap_uint_const_ap_uint_const_ap_u_36, i16 %void_UpConv_Fused_Row_ap_uint_ap_uint_const_ap_uint_const_ap_uint_const_ap_u_35, i16 %void_UpConv_Fused_Row_ap_uint_ap_uint_const_ap_uint_const_ap_uint_const_ap_u_34, i16 %void_UpConv_Fused_Row_ap_uint_ap_uint_const_ap_uint_const_ap_uint_const_ap_u_33, i16 %void_UpConv_Fused_Row_ap_uint_ap_uint_const_ap_uint_const_ap_uint_const_ap_u_32, i16 %void_UpConv_Fused_Row_ap_uint_ap_uint_const_ap_uint_const_ap_uint_const_ap_u_31, i16 %void_UpConv_Fused_Row_ap_uint_ap_uint_const_ap_uint_const_ap_uint_const_ap_u_30, i16 %p_ZZ16UpConv_Fused_RowILi8ELi16ELi16ELi16ELi16EEvP7ap_uintILi256EEPKS1_S4_S4_S4_S_5, i16 %p_ZZ16UpConv_Fused_RowILi8ELi16ELi16ELi16ELi16EEvP7ap_uintILi256EEPKS1_S4_S4_S4_S_4, i16 %p_ZZ16UpConv_Fused_RowILi8ELi16ELi16ELi16ELi16EEvP7ap_uintILi256EEPKS1_S4_S4_S4_S_3, i16 %p_ZZ16UpConv_Fused_RowILi8ELi16ELi16ELi16ELi16EEvP7ap_uintILi256EEPKS1_S4_S4_S4_S_2, i16 %p_ZZ16UpConv_Fused_RowILi8ELi16ELi16ELi16ELi16EEvP7ap_uintILi256EEPKS1_S4_S4_S4_S_1, i16 %p_ZZ16UpConv_Fused_RowILi8ELi16ELi16ELi16ELi16EEvP7ap_uintILi256EEPKS1_S4_S4_S4_S"   --->   Operation 46 'call' 'call_ln0' <Predicate = true> <Delay = 1.63> <CoreType = "Generic">   --->   Generic Core

State 3 <SV = 2> <Delay = 2.43>
ST_3 : Operation 47 [1/1] (0.00ns)   --->   "%W_ptr_read = read i64 @_ssdm_op_Read.ap_auto.i64, i64 %W_ptr"   --->   Operation 47 'read' 'W_ptr_read' <Predicate = true> <Delay = 0.00>
ST_3 : Operation 48 [1/1] (0.00ns)   --->   "%trunc_ln = partselect i59 @_ssdm_op_PartSelect.i59.i64.i32.i32, i64 %W_ptr_read, i32 5, i32 63" [../gen/Hls_Layers_UpConv.tpp:135]   --->   Operation 48 'partselect' 'trunc_ln' <Predicate = true> <Delay = 0.00>
ST_3 : Operation 49 [1/1] (0.00ns)   --->   "%sext_ln135 = sext i59 %trunc_ln" [../gen/Hls_Layers_UpConv.tpp:135]   --->   Operation 49 'sext' 'sext_ln135' <Predicate = true> <Delay = 0.00>
ST_3 : Operation 50 [1/1] (0.00ns)   --->   "%gmem_weight_addr = getelementptr i256 %gmem_weight, i64 %sext_ln135" [../gen/Hls_Layers_UpConv.tpp:135]   --->   Operation 50 'getelementptr' 'gmem_weight_addr' <Predicate = true> <Delay = 0.00>
ST_3 : Operation 51 [8/8] (2.43ns)   --->   "%empty = readreq i1 @_ssdm_op_ReadReq.m_axi.p1i256, i256 %gmem_weight_addr, i64 144" [../gen/Hls_Layers_UpConv.tpp:135]   --->   Operation 51 'readreq' 'empty' <Predicate = true> <Delay = 2.43> <CoreInst = "m_axi">   --->   Core 119 'm_axi' <Latency = 6> <II = 1> <Delay = 1.00> <Adapter> <Opcode : 'read' 'write' 'readreq' 'writereq' 'writeresp'>

State 4 <SV = 3> <Delay = 2.43>
ST_4 : Operation 52 [7/8] (2.43ns)   --->   "%empty = readreq i1 @_ssdm_op_ReadReq.m_axi.p1i256, i256 %gmem_weight_addr, i64 144" [../gen/Hls_Layers_UpConv.tpp:135]   --->   Operation 52 'readreq' 'empty' <Predicate = true> <Delay = 2.43> <CoreInst = "m_axi">   --->   Core 119 'm_axi' <Latency = 6> <II = 1> <Delay = 1.00> <Adapter> <Opcode : 'read' 'write' 'readreq' 'writereq' 'writeresp'>

State 5 <SV = 4> <Delay = 2.43>
ST_5 : Operation 53 [6/8] (2.43ns)   --->   "%empty = readreq i1 @_ssdm_op_ReadReq.m_axi.p1i256, i256 %gmem_weight_addr, i64 144" [../gen/Hls_Layers_UpConv.tpp:135]   --->   Operation 53 'readreq' 'empty' <Predicate = true> <Delay = 2.43> <CoreInst = "m_axi">   --->   Core 119 'm_axi' <Latency = 6> <II = 1> <Delay = 1.00> <Adapter> <Opcode : 'read' 'write' 'readreq' 'writereq' 'writeresp'>

State 6 <SV = 5> <Delay = 2.43>
ST_6 : Operation 54 [5/8] (2.43ns)   --->   "%empty = readreq i1 @_ssdm_op_ReadReq.m_axi.p1i256, i256 %gmem_weight_addr, i64 144" [../gen/Hls_Layers_UpConv.tpp:135]   --->   Operation 54 'readreq' 'empty' <Predicate = true> <Delay = 2.43> <CoreInst = "m_axi">   --->   Core 119 'm_axi' <Latency = 6> <II = 1> <Delay = 1.00> <Adapter> <Opcode : 'read' 'write' 'readreq' 'writereq' 'writeresp'>

State 7 <SV = 6> <Delay = 2.43>
ST_7 : Operation 55 [4/8] (2.43ns)   --->   "%empty = readreq i1 @_ssdm_op_ReadReq.m_axi.p1i256, i256 %gmem_weight_addr, i64 144" [../gen/Hls_Layers_UpConv.tpp:135]   --->   Operation 55 'readreq' 'empty' <Predicate = true> <Delay = 2.43> <CoreInst = "m_axi">   --->   Core 119 'm_axi' <Latency = 6> <II = 1> <Delay = 1.00> <Adapter> <Opcode : 'read' 'write' 'readreq' 'writereq' 'writeresp'>

State 8 <SV = 7> <Delay = 2.43>
ST_8 : Operation 56 [3/8] (2.43ns)   --->   "%empty = readreq i1 @_ssdm_op_ReadReq.m_axi.p1i256, i256 %gmem_weight_addr, i64 144" [../gen/Hls_Layers_UpConv.tpp:135]   --->   Operation 56 'readreq' 'empty' <Predicate = true> <Delay = 2.43> <CoreInst = "m_axi">   --->   Core 119 'm_axi' <Latency = 6> <II = 1> <Delay = 1.00> <Adapter> <Opcode : 'read' 'write' 'readreq' 'writereq' 'writeresp'>

State 9 <SV = 8> <Delay = 2.43>
ST_9 : Operation 57 [2/8] (2.43ns)   --->   "%empty = readreq i1 @_ssdm_op_ReadReq.m_axi.p1i256, i256 %gmem_weight_addr, i64 144" [../gen/Hls_Layers_UpConv.tpp:135]   --->   Operation 57 'readreq' 'empty' <Predicate = true> <Delay = 2.43> <CoreInst = "m_axi">   --->   Core 119 'm_axi' <Latency = 6> <II = 1> <Delay = 1.00> <Adapter> <Opcode : 'read' 'write' 'readreq' 'writereq' 'writeresp'>

State 10 <SV = 9> <Delay = 2.43>
ST_10 : Operation 58 [1/1] (0.00ns)   --->   "%ho_read = read i5 @_ssdm_op_Read.ap_auto.i5, i5 %ho"   --->   Operation 58 'read' 'ho_read' <Predicate = true> <Delay = 0.00>
ST_10 : Operation 59 [1/1] (0.00ns)   --->   "%epsilon_read = read i16 @_ssdm_op_Read.ap_auto.half, i16 %epsilon"   --->   Operation 59 'read' 'epsilon_read' <Predicate = true> <Delay = 0.00>
ST_10 : Operation 60 [1/1] (0.00ns)   --->   "%Y_read = read i64 @_ssdm_op_Read.ap_auto.i64, i64 %Y"   --->   Operation 60 'read' 'Y_read' <Predicate = true> <Delay = 0.00>
ST_10 : Operation 61 [1/1] (0.00ns)   --->   "%BE_ptr_read = read i64 @_ssdm_op_Read.ap_auto.i64, i64 %BE_ptr"   --->   Operation 61 'read' 'BE_ptr_read' <Predicate = true> <Delay = 0.00>
ST_10 : Operation 62 [1/1] (0.00ns)   --->   "%G_ptr_read = read i64 @_ssdm_op_Read.ap_auto.i64, i64 %G_ptr"   --->   Operation 62 'read' 'G_ptr_read' <Predicate = true> <Delay = 0.00>
ST_10 : Operation 63 [1/1] (0.00ns)   --->   "%B_ptr_read = read i64 @_ssdm_op_Read.ap_auto.i64, i64 %B_ptr"   --->   Operation 63 'read' 'B_ptr_read' <Predicate = true> <Delay = 0.00>
ST_10 : Operation 64 [1/1] (0.00ns)   --->   "%ho_cast = zext i5 %ho_read"   --->   Operation 64 'zext' 'ho_cast' <Predicate = true> <Delay = 0.00>
ST_10 : Operation 65 [1/1] (0.00ns)   --->   "%specmemcore_ln0 = specmemcore void @_ssdm_op_SpecMemCore, i256 %x_buf, i64 666, i64 31, i64 18446744073709551615"   --->   Operation 65 'specmemcore' 'specmemcore_ln0' <Predicate = true> <Delay = 0.00>
ST_10 : Operation 66 [1/1] (0.00ns)   --->   "%specinterface_ln0 = specinterface void @_ssdm_op_SpecInterface, i256 %gmem_out, void @empty_3, i32 0, i32 0, void @empty_15, i32 0, i32 0, void @empty_22, void @empty_14, void @empty_15, i32 16, i32 16, i32 16, i32 64, void @empty_15, void @empty_15, i32 4294967295, i32 0, i32 0"   --->   Operation 66 'specinterface' 'specinterface_ln0' <Predicate = true> <Delay = 0.00>
ST_10 : Operation 67 [1/1] (0.00ns)   --->   "%specinterface_ln0 = specinterface void @_ssdm_op_SpecInterface, i256 %gmem_param, void @empty_3, i32 0, i32 0, void @empty_15, i32 0, i32 0, void @empty_23, void @empty_14, void @empty_15, i32 16, i32 16, i32 64, i32 16, void @empty_15, void @empty_15, i32 4294967295, i32 0, i32 0"   --->   Operation 67 'specinterface' 'specinterface_ln0' <Predicate = true> <Delay = 0.00>
ST_10 : Operation 68 [1/1] (0.00ns)   --->   "%specinterface_ln0 = specinterface void @_ssdm_op_SpecInterface, i256 %gmem_weight, void @empty_3, i32 0, i32 0, void @empty_15, i32 0, i32 0, void @empty_26, void @empty_14, void @empty_15, i32 16, i32 16, i32 64, i32 16, void @empty_15, void @empty_15, i32 4294967295, i32 0, i32 0"   --->   Operation 68 'specinterface' 'specinterface_ln0' <Predicate = true> <Delay = 0.00>
ST_10 : Operation 69 [1/1] (0.00ns)   --->   "%specmemcore_ln107 = specmemcore void @_ssdm_op_SpecMemCore, i16 %p_ZZ16UpConv_Fused_RowILi8ELi16ELi16ELi16ELi16EEvP7ap_uintILi256EEPKS1_S4_S4_S4_S, i64 666, i64 31, i64 18446744073709551615" [../gen/Hls_Layers_UpConv.tpp:107]   --->   Operation 69 'specmemcore' 'specmemcore_ln107' <Predicate = true> <Delay = 0.00>
ST_10 : Operation 70 [1/1] (0.00ns)   --->   "%specmemcore_ln107 = specmemcore void @_ssdm_op_SpecMemCore, i16 %p_ZZ16UpConv_Fused_RowILi8ELi16ELi16ELi16ELi16EEvP7ap_uintILi256EEPKS1_S4_S4_S4_S_1, i64 666, i64 31, i64 18446744073709551615" [../gen/Hls_Layers_UpConv.tpp:107]   --->   Operation 70 'specmemcore' 'specmemcore_ln107' <Predicate = true> <Delay = 0.00>
ST_10 : Operation 71 [1/1] (0.00ns)   --->   "%specmemcore_ln107 = specmemcore void @_ssdm_op_SpecMemCore, i16 %p_ZZ16UpConv_Fused_RowILi8ELi16ELi16ELi16ELi16EEvP7ap_uintILi256EEPKS1_S4_S4_S4_S_2, i64 666, i64 31, i64 18446744073709551615" [../gen/Hls_Layers_UpConv.tpp:107]   --->   Operation 71 'specmemcore' 'specmemcore_ln107' <Predicate = true> <Delay = 0.00>
ST_10 : Operation 72 [1/1] (0.00ns)   --->   "%specmemcore_ln107 = specmemcore void @_ssdm_op_SpecMemCore, i16 %p_ZZ16UpConv_Fused_RowILi8ELi16ELi16ELi16ELi16EEvP7ap_uintILi256EEPKS1_S4_S4_S4_S_3, i64 666, i64 31, i64 18446744073709551615" [../gen/Hls_Layers_UpConv.tpp:107]   --->   Operation 72 'specmemcore' 'specmemcore_ln107' <Predicate = true> <Delay = 0.00>
ST_10 : Operation 73 [1/1] (0.00ns)   --->   "%specmemcore_ln107 = specmemcore void @_ssdm_op_SpecMemCore, i16 %p_ZZ16UpConv_Fused_RowILi8ELi16ELi16ELi16ELi16EEvP7ap_uintILi256EEPKS1_S4_S4_S4_S_4, i64 666, i64 31, i64 18446744073709551615" [../gen/Hls_Layers_UpConv.tpp:107]   --->   Operation 73 'specmemcore' 'specmemcore_ln107' <Predicate = true> <Delay = 0.00>
ST_10 : Operation 74 [1/1] (0.00ns)   --->   "%specmemcore_ln107 = specmemcore void @_ssdm_op_SpecMemCore, i16 %p_ZZ16UpConv_Fused_RowILi8ELi16ELi16ELi16ELi16EEvP7ap_uintILi256EEPKS1_S4_S4_S4_S_5, i64 666, i64 31, i64 18446744073709551615" [../gen/Hls_Layers_UpConv.tpp:107]   --->   Operation 74 'specmemcore' 'specmemcore_ln107' <Predicate = true> <Delay = 0.00>
ST_10 : Operation 75 [1/1] (0.00ns)   --->   "%specmemcore_ln107 = specmemcore void @_ssdm_op_SpecMemCore, i16 %void_UpConv_Fused_Row_ap_uint_ap_uint_const_ap_uint_const_ap_uint_const_ap_u_30, i64 666, i64 31, i64 18446744073709551615" [../gen/Hls_Layers_UpConv.tpp:107]   --->   Operation 75 'specmemcore' 'specmemcore_ln107' <Predicate = true> <Delay = 0.00>
ST_10 : Operation 76 [1/1] (0.00ns)   --->   "%specmemcore_ln107 = specmemcore void @_ssdm_op_SpecMemCore, i16 %void_UpConv_Fused_Row_ap_uint_ap_uint_const_ap_uint_const_ap_uint_const_ap_u_31, i64 666, i64 31, i64 18446744073709551615" [../gen/Hls_Layers_UpConv.tpp:107]   --->   Operation 76 'specmemcore' 'specmemcore_ln107' <Predicate = true> <Delay = 0.00>
ST_10 : Operation 77 [1/1] (0.00ns)   --->   "%specmemcore_ln107 = specmemcore void @_ssdm_op_SpecMemCore, i16 %void_UpConv_Fused_Row_ap_uint_ap_uint_const_ap_uint_const_ap_uint_const_ap_u_32, i64 666, i64 31, i64 18446744073709551615" [../gen/Hls_Layers_UpConv.tpp:107]   --->   Operation 77 'specmemcore' 'specmemcore_ln107' <Predicate = true> <Delay = 0.00>
ST_10 : Operation 78 [1/1] (0.00ns)   --->   "%specmemcore_ln107 = specmemcore void @_ssdm_op_SpecMemCore, i16 %void_UpConv_Fused_Row_ap_uint_ap_uint_const_ap_uint_const_ap_uint_const_ap_u_33, i64 666, i64 31, i64 18446744073709551615" [../gen/Hls_Layers_UpConv.tpp:107]   --->   Operation 78 'specmemcore' 'specmemcore_ln107' <Predicate = true> <Delay = 0.00>
ST_10 : Operation 79 [1/1] (0.00ns)   --->   "%specmemcore_ln107 = specmemcore void @_ssdm_op_SpecMemCore, i16 %void_UpConv_Fused_Row_ap_uint_ap_uint_const_ap_uint_const_ap_uint_const_ap_u_34, i64 666, i64 31, i64 18446744073709551615" [../gen/Hls_Layers_UpConv.tpp:107]   --->   Operation 79 'specmemcore' 'specmemcore_ln107' <Predicate = true> <Delay = 0.00>
ST_10 : Operation 80 [1/1] (0.00ns)   --->   "%specmemcore_ln107 = specmemcore void @_ssdm_op_SpecMemCore, i16 %void_UpConv_Fused_Row_ap_uint_ap_uint_const_ap_uint_const_ap_uint_const_ap_u_35, i64 666, i64 31, i64 18446744073709551615" [../gen/Hls_Layers_UpConv.tpp:107]   --->   Operation 80 'specmemcore' 'specmemcore_ln107' <Predicate = true> <Delay = 0.00>
ST_10 : Operation 81 [1/1] (0.00ns)   --->   "%specmemcore_ln107 = specmemcore void @_ssdm_op_SpecMemCore, i16 %void_UpConv_Fused_Row_ap_uint_ap_uint_const_ap_uint_const_ap_uint_const_ap_u_36, i64 666, i64 31, i64 18446744073709551615" [../gen/Hls_Layers_UpConv.tpp:107]   --->   Operation 81 'specmemcore' 'specmemcore_ln107' <Predicate = true> <Delay = 0.00>
ST_10 : Operation 82 [1/1] (0.00ns)   --->   "%specmemcore_ln107 = specmemcore void @_ssdm_op_SpecMemCore, i16 %void_UpConv_Fused_Row_ap_uint_ap_uint_const_ap_uint_const_ap_uint_const_ap_u_37, i64 666, i64 31, i64 18446744073709551615" [../gen/Hls_Layers_UpConv.tpp:107]   --->   Operation 82 'specmemcore' 'specmemcore_ln107' <Predicate = true> <Delay = 0.00>
ST_10 : Operation 83 [1/1] (0.00ns)   --->   "%specmemcore_ln107 = specmemcore void @_ssdm_op_SpecMemCore, i16 %void_UpConv_Fused_Row_ap_uint_ap_uint_const_ap_uint_const_ap_uint_const_ap_u_38, i64 666, i64 31, i64 18446744073709551615" [../gen/Hls_Layers_UpConv.tpp:107]   --->   Operation 83 'specmemcore' 'specmemcore_ln107' <Predicate = true> <Delay = 0.00>
ST_10 : Operation 84 [1/1] (0.00ns)   --->   "%specmemcore_ln107 = specmemcore void @_ssdm_op_SpecMemCore, i16 %void_UpConv_Fused_Row_ap_uint_ap_uint_const_ap_uint_const_ap_uint_const_ap_u_39, i64 666, i64 31, i64 18446744073709551615" [../gen/Hls_Layers_UpConv.tpp:107]   --->   Operation 84 'specmemcore' 'specmemcore_ln107' <Predicate = true> <Delay = 0.00>
ST_10 : Operation 85 [1/1] (0.00ns)   --->   "%specmemcore_ln129 = specmemcore void @_ssdm_op_SpecMemCore, i256 %w_local_7, i64 666, i64 30, i64 18446744073709551615" [../gen/Hls_Layers_UpConv.tpp:129]   --->   Operation 85 'specmemcore' 'specmemcore_ln129' <Predicate = true> <Delay = 0.00>
ST_10 : Operation 86 [1/1] (0.00ns)   --->   "%specmemcore_ln129 = specmemcore void @_ssdm_op_SpecMemCore, i256 %w_local_6, i64 666, i64 30, i64 18446744073709551615" [../gen/Hls_Layers_UpConv.tpp:129]   --->   Operation 86 'specmemcore' 'specmemcore_ln129' <Predicate = true> <Delay = 0.00>
ST_10 : Operation 87 [1/1] (0.00ns)   --->   "%specmemcore_ln129 = specmemcore void @_ssdm_op_SpecMemCore, i256 %w_local_5, i64 666, i64 30, i64 18446744073709551615" [../gen/Hls_Layers_UpConv.tpp:129]   --->   Operation 87 'specmemcore' 'specmemcore_ln129' <Predicate = true> <Delay = 0.00>
ST_10 : Operation 88 [1/1] (0.00ns)   --->   "%specmemcore_ln129 = specmemcore void @_ssdm_op_SpecMemCore, i256 %w_local_4, i64 666, i64 30, i64 18446744073709551615" [../gen/Hls_Layers_UpConv.tpp:129]   --->   Operation 88 'specmemcore' 'specmemcore_ln129' <Predicate = true> <Delay = 0.00>
ST_10 : Operation 89 [1/1] (0.00ns)   --->   "%specmemcore_ln129 = specmemcore void @_ssdm_op_SpecMemCore, i256 %w_local_3, i64 666, i64 30, i64 18446744073709551615" [../gen/Hls_Layers_UpConv.tpp:129]   --->   Operation 89 'specmemcore' 'specmemcore_ln129' <Predicate = true> <Delay = 0.00>
ST_10 : Operation 90 [1/1] (0.00ns)   --->   "%specmemcore_ln129 = specmemcore void @_ssdm_op_SpecMemCore, i256 %w_local_2, i64 666, i64 30, i64 18446744073709551615" [../gen/Hls_Layers_UpConv.tpp:129]   --->   Operation 90 'specmemcore' 'specmemcore_ln129' <Predicate = true> <Delay = 0.00>
ST_10 : Operation 91 [1/1] (0.00ns)   --->   "%specmemcore_ln129 = specmemcore void @_ssdm_op_SpecMemCore, i256 %w_local_1, i64 666, i64 30, i64 18446744073709551615" [../gen/Hls_Layers_UpConv.tpp:129]   --->   Operation 91 'specmemcore' 'specmemcore_ln129' <Predicate = true> <Delay = 0.00>
ST_10 : Operation 92 [1/1] (0.00ns)   --->   "%specmemcore_ln129 = specmemcore void @_ssdm_op_SpecMemCore, i256 %w_local, i64 666, i64 30, i64 18446744073709551615" [../gen/Hls_Layers_UpConv.tpp:129]   --->   Operation 92 'specmemcore' 'specmemcore_ln129' <Predicate = true> <Delay = 0.00>
ST_10 : Operation 93 [1/1] (0.78ns)   --->   "%add57 = add i6 %ho_cast, i6 1"   --->   Operation 93 'add' 'add57' <Predicate = true> <Delay = 0.78> <CoreInst = "Adder">   --->   Core 1 'Adder' <Latency = 0> <II = 1> <Delay = 0.78> <FuncUnit> <Opcode : 'add' 'sub'> <InPorts = 2> <OutPorts = 1>
ST_10 : Operation 94 [1/1] (0.00ns)   --->   "%zext_ln135 = zext i6 %add57" [../gen/Hls_Layers_UpConv.tpp:135]   --->   Operation 94 'zext' 'zext_ln135' <Predicate = true> <Delay = 0.00>
ST_10 : Operation 95 [1/8] (2.43ns)   --->   "%empty = readreq i1 @_ssdm_op_ReadReq.m_axi.p1i256, i256 %gmem_weight_addr, i64 144" [../gen/Hls_Layers_UpConv.tpp:135]   --->   Operation 95 'readreq' 'empty' <Predicate = true> <Delay = 2.43> <CoreInst = "m_axi">   --->   Core 119 'm_axi' <Latency = 6> <II = 1> <Delay = 1.00> <Adapter> <Opcode : 'read' 'write' 'readreq' 'writereq' 'writeresp'>
ST_10 : Operation 96 [1/1] (0.00ns)   --->   "%br_ln135 = br void %PRELOAD_W" [../gen/Hls_Layers_UpConv.tpp:135]   --->   Operation 96 'br' 'br_ln135' <Predicate = true> <Delay = 0.00>

State 11 <SV = 10> <Delay = 1.08>
ST_11 : Operation 97 [1/1] (0.00ns)   --->   "%tile_4 = load i2 %tile" [../gen/Hls_Layers_UpConv.tpp:135]   --->   Operation 97 'load' 'tile_4' <Predicate = true> <Delay = 0.00>
ST_11 : Operation 98 [1/1] (0.54ns)   --->   "%icmp_ln135 = icmp_eq  i2 %tile_4, i2 2" [../gen/Hls_Layers_UpConv.tpp:135]   --->   Operation 98 'icmp' 'icmp_ln135' <Predicate = true> <Delay = 0.54> <CoreInst = "Cmp">   --->   Core 9 'Cmp' <Latency = 0> <II = 1> <Delay = 0.54> <FuncUnit> <Opcode : 'seteq' 'setne' 'setle' 'setge' 'setlt' 'setgt'> <InPorts = 2> <OutPorts = 1>
ST_11 : Operation 99 [1/1] (0.00ns)   --->   "%speclooptripcount_ln0 = speclooptripcount void @_ssdm_op_SpecLoopTripCount, i64 2, i64 2, i64 2"   --->   Operation 99 'speclooptripcount' 'speclooptripcount_ln0' <Predicate = true> <Delay = 0.00>
ST_11 : Operation 100 [1/1] (0.54ns)   --->   "%add_ln135 = add i2 %tile_4, i2 1" [../gen/Hls_Layers_UpConv.tpp:135]   --->   Operation 100 'add' 'add_ln135' <Predicate = true> <Delay = 0.54> <CoreInst = "Adder">   --->   Core 1 'Adder' <Latency = 0> <II = 1> <Delay = 0.54> <FuncUnit> <Opcode : 'add' 'sub'> <InPorts = 2> <OutPorts = 1>
ST_11 : Operation 101 [1/1] (0.00ns)   --->   "%br_ln135 = br i1 %icmp_ln135, void %PRELOAD_W.split, void %for.end190" [../gen/Hls_Layers_UpConv.tpp:135]   --->   Operation 101 'br' 'br_ln135' <Predicate = true> <Delay = 0.00>
ST_11 : Operation 102 [1/1] (0.00ns)   --->   "%trunc_ln135 = trunc i2 %tile_4" [../gen/Hls_Layers_UpConv.tpp:135]   --->   Operation 102 'trunc' 'trunc_ln135' <Predicate = (!icmp_ln135)> <Delay = 0.00>
ST_11 : Operation 103 [2/2] (0.00ns)   --->   "%call_ln135 = call void @UpConv_Fused_Row<8, 16, 16, 16, 16>_Pipeline_PRELOAD_W_W_FLAT, i256 %gmem_weight, i59 %trunc_ln, i256 %w_local_7, i256 %w_local_6, i256 %w_local_5, i256 %w_local_4, i256 %w_local_3, i256 %w_local_2, i256 %w_local_1, i256 %w_local" [../gen/Hls_Layers_UpConv.tpp:135]   --->   Operation 103 'call' 'call_ln135' <Predicate = (!icmp_ln135)> <Delay = 0.00> <CoreType = "Generic">   --->   Generic Core
ST_11 : Operation 104 [1/1] (0.00ns)   --->   "%trunc_ln1 = partselect i59 @_ssdm_op_PartSelect.i59.i64.i32.i32, i64 %B_ptr_read, i32 5, i32 63" [../gen/Hls_Layers_UpConv.tpp:223]   --->   Operation 104 'partselect' 'trunc_ln1' <Predicate = (icmp_ln135)> <Delay = 0.00>
ST_11 : Operation 105 [1/1] (0.00ns)   --->   "%trunc_ln2 = partselect i59 @_ssdm_op_PartSelect.i59.i64.i32.i32, i64 %G_ptr_read, i32 5, i32 63" [../gen/Hls_Layers_UpConv.tpp:224]   --->   Operation 105 'partselect' 'trunc_ln2' <Predicate = (icmp_ln135)> <Delay = 0.00>
ST_11 : Operation 106 [1/1] (0.00ns)   --->   "%trunc_ln3 = partselect i59 @_ssdm_op_PartSelect.i59.i64.i32.i32, i64 %BE_ptr_read, i32 5, i32 63" [../gen/Hls_Layers_UpConv.tpp:225]   --->   Operation 106 'partselect' 'trunc_ln3' <Predicate = (icmp_ln135)> <Delay = 0.00>
ST_11 : Operation 107 [1/1] (0.00ns)   --->   "%shl_ln = bitconcatenate i15 @_ssdm_op_BitConcatenate.i15.i5.i10, i5 %ho_read, i10 0" [../gen/Hls_Layers_UpConv.tpp:278]   --->   Operation 107 'bitconcatenate' 'shl_ln' <Predicate = (icmp_ln135)> <Delay = 0.00>
ST_11 : Operation 108 [1/1] (0.00ns)   --->   "%zext_ln278 = zext i15 %shl_ln" [../gen/Hls_Layers_UpConv.tpp:278]   --->   Operation 108 'zext' 'zext_ln278' <Predicate = (icmp_ln135)> <Delay = 0.00>
ST_11 : Operation 109 [1/1] (1.08ns)   --->   "%add_ln278 = add i64 %zext_ln278, i64 %Y_read" [../gen/Hls_Layers_UpConv.tpp:278]   --->   Operation 109 'add' 'add_ln278' <Predicate = (icmp_ln135)> <Delay = 1.08> <CoreInst = "Adder">   --->   Core 1 'Adder' <Latency = 0> <II = 1> <Delay = 1.08> <FuncUnit> <Opcode : 'add' 'sub'> <InPorts = 2> <OutPorts = 1>
ST_11 : Operation 110 [1/1] (0.00ns)   --->   "%trunc_ln4 = partselect i59 @_ssdm_op_PartSelect.i59.i64.i32.i32, i64 %add_ln278, i32 5, i32 63" [../gen/Hls_Layers_UpConv.tpp:278]   --->   Operation 110 'partselect' 'trunc_ln4' <Predicate = (icmp_ln135)> <Delay = 0.00>

State 12 <SV = 11> <Delay = 0.42>
ST_12 : Operation 111 [1/1] (0.00ns)   --->   "%specloopname_ln135 = specloopname void @_ssdm_op_SpecLoopName, void @empty_10" [../gen/Hls_Layers_UpConv.tpp:135]   --->   Operation 111 'specloopname' 'specloopname_ln135' <Predicate = true> <Delay = 0.00>
ST_12 : Operation 112 [1/2] (0.00ns)   --->   "%call_ln135 = call void @UpConv_Fused_Row<8, 16, 16, 16, 16>_Pipeline_PRELOAD_W_W_FLAT, i256 %gmem_weight, i59 %trunc_ln, i256 %w_local_7, i256 %w_local_6, i256 %w_local_5, i256 %w_local_4, i256 %w_local_3, i256 %w_local_2, i256 %w_local_1, i256 %w_local" [../gen/Hls_Layers_UpConv.tpp:135]   --->   Operation 112 'call' 'call_ln135' <Predicate = true> <Delay = 0.00> <CoreType = "Generic">   --->   Generic Core
ST_12 : Operation 113 [1/1] (0.42ns)   --->   "%br_ln151 = br void %for.body56" [../gen/Hls_Layers_UpConv.tpp:151]   --->   Operation 113 'br' 'br_ln151' <Predicate = true> <Delay = 0.42>

State 13 <SV = 12> <Delay = 1.61>
ST_13 : Operation 114 [1/1] (0.00ns)   --->   "%kh = phi i2 0, void %PRELOAD_W.split, i2 %add_ln151, void %cleanup182" [../gen/Hls_Layers_UpConv.tpp:151]   --->   Operation 114 'phi' 'kh' <Predicate = true> <Delay = 0.00>
ST_13 : Operation 115 [1/1] (0.54ns)   --->   "%icmp_ln151 = icmp_eq  i2 %kh, i2 3" [../gen/Hls_Layers_UpConv.tpp:151]   --->   Operation 115 'icmp' 'icmp_ln151' <Predicate = true> <Delay = 0.54> <CoreInst = "Cmp">   --->   Core 9 'Cmp' <Latency = 0> <II = 1> <Delay = 0.54> <FuncUnit> <Opcode : 'seteq' 'setne' 'setle' 'setge' 'setlt' 'setgt'> <InPorts = 2> <OutPorts = 1>
ST_13 : Operation 116 [1/1] (0.00ns)   --->   "%speclooptripcount_ln0 = speclooptripcount void @_ssdm_op_SpecLoopTripCount, i64 3, i64 3, i64 3"   --->   Operation 116 'speclooptripcount' 'speclooptripcount_ln0' <Predicate = true> <Delay = 0.00>
ST_13 : Operation 117 [1/1] (0.54ns)   --->   "%add_ln151 = add i2 %kh, i2 1" [../gen/Hls_Layers_UpConv.tpp:151]   --->   Operation 117 'add' 'add_ln151' <Predicate = true> <Delay = 0.54> <CoreInst = "Adder">   --->   Core 1 'Adder' <Latency = 0> <II = 1> <Delay = 0.54> <FuncUnit> <Opcode : 'add' 'sub'> <InPorts = 2> <OutPorts = 1>
ST_13 : Operation 118 [1/1] (0.00ns)   --->   "%br_ln151 = br i1 %icmp_ln151, void %for.body56.split, void %for.inc187" [../gen/Hls_Layers_UpConv.tpp:151]   --->   Operation 118 'br' 'br_ln151' <Predicate = true> <Delay = 0.00>
ST_13 : Operation 119 [1/1] (0.00ns)   --->   "%zext_ln151 = zext i2 %kh" [../gen/Hls_Layers_UpConv.tpp:151]   --->   Operation 119 'zext' 'zext_ln151' <Predicate = (!icmp_ln151)> <Delay = 0.00>
ST_13 : Operation 120 [1/1] (0.00ns)   --->   "%specloopname_ln151 = specloopname void @_ssdm_op_SpecLoopName, void @empty_20" [../gen/Hls_Layers_UpConv.tpp:151]   --->   Operation 120 'specloopname' 'specloopname_ln151' <Predicate = (!icmp_ln151)> <Delay = 0.00>
ST_13 : Operation 121 [1/1] (0.78ns)   --->   "%sub_ln152 = sub i7 %zext_ln135, i7 %zext_ln151" [../gen/Hls_Layers_UpConv.tpp:152]   --->   Operation 121 'sub' 'sub_ln152' <Predicate = (!icmp_ln151)> <Delay = 0.78> <CoreInst = "Adder">   --->   Core 1 'Adder' <Latency = 0> <II = 1> <Delay = 0.78> <FuncUnit> <Opcode : 'add' 'sub'> <InPorts = 2> <OutPorts = 1>
ST_13 : Operation 122 [1/1] (0.00ns) (grouped into LUT with out node or_ln155)   --->   "%tmp = bitselect i1 @_ssdm_op_BitSelect.i1.i7.i32, i7 %sub_ln152, i32 6" [../gen/Hls_Layers_UpConv.tpp:153]   --->   Operation 122 'bitselect' 'tmp' <Predicate = (!icmp_ln151)> <Delay = 0.00>
ST_13 : Operation 123 [1/1] (0.00ns) (grouped into LUT with out node or_ln155)   --->   "%empty_361 = trunc i7 %sub_ln152" [../gen/Hls_Layers_UpConv.tpp:152]   --->   Operation 123 'trunc' 'empty_361' <Predicate = (!icmp_ln151)> <Delay = 0.00>
ST_13 : Operation 124 [1/1] (0.00ns)   --->   "%tmp_37 = partselect i2 @_ssdm_op_PartSelect.i2.i7.i32.i32, i7 %sub_ln152, i32 5, i32 6" [../gen/Hls_Layers_UpConv.tpp:155]   --->   Operation 124 'partselect' 'tmp_37' <Predicate = (!icmp_ln151)> <Delay = 0.00>
ST_13 : Operation 125 [1/1] (0.54ns)   --->   "%icmp_ln155 = icmp_ne  i2 %tmp_37, i2 0" [../gen/Hls_Layers_UpConv.tpp:155]   --->   Operation 125 'icmp' 'icmp_ln155' <Predicate = (!icmp_ln151)> <Delay = 0.54> <CoreInst = "Cmp">   --->   Core 9 'Cmp' <Latency = 0> <II = 1> <Delay = 0.54> <FuncUnit> <Opcode : 'seteq' 'setne' 'setle' 'setge' 'setlt' 'setgt'> <InPorts = 2> <OutPorts = 1>
ST_13 : Operation 126 [1/1] (0.00ns) (grouped into LUT with out node or_ln155)   --->   "%or_ln155_1 = or i1 %empty_361, i1 %icmp_ln155" [../gen/Hls_Layers_UpConv.tpp:155]   --->   Operation 126 'or' 'or_ln155_1' <Predicate = (!icmp_ln151)> <Delay = 0.00> <CoreInst = "LogicGate">   --->   Core 74 'LogicGate' <Latency = 0> <II = 1> <Delay = 0.28> <FuncUnit> <Opcode : 'and' 'or' 'xor'> <InPorts = 2> <OutPorts = 1>
ST_13 : Operation 127 [1/1] (0.28ns) (out node of the LUT)   --->   "%or_ln155 = or i1 %or_ln155_1, i1 %tmp" [../gen/Hls_Layers_UpConv.tpp:155]   --->   Operation 127 'or' 'or_ln155' <Predicate = (!icmp_ln151)> <Delay = 0.28> <CoreInst = "LogicGate">   --->   Core 74 'LogicGate' <Latency = 0> <II = 1> <Delay = 0.28> <FuncUnit> <Opcode : 'and' 'or' 'xor'> <InPorts = 2> <OutPorts = 1>
ST_13 : Operation 128 [1/1] (0.00ns)   --->   "%br_ln153 = br i1 %or_ln155, void %KW_LOOP, void %cleanup182" [../gen/Hls_Layers_UpConv.tpp:153]   --->   Operation 128 'br' 'br_ln153' <Predicate = (!icmp_ln151)> <Delay = 0.00>
ST_13 : Operation 129 [1/1] (0.00ns)   --->   "%empty_362 = trunc i2 %kh" [../gen/Hls_Layers_UpConv.tpp:151]   --->   Operation 129 'trunc' 'empty_362' <Predicate = (!icmp_ln151 & !or_ln155)> <Delay = 0.00>
ST_13 : Operation 130 [1/1] (0.00ns)   --->   "%tmp_38 = bitconcatenate i3 @_ssdm_op_BitConcatenate.i3.i1.i2, i1 %empty_362, i2 0" [../gen/Hls_Layers_UpConv.tpp:151]   --->   Operation 130 'bitconcatenate' 'tmp_38' <Predicate = (!icmp_ln151 & !or_ln155)> <Delay = 0.00>
ST_13 : Operation 131 [1/1] (0.00ns)   --->   "%empty_363 = zext i2 %kh" [../gen/Hls_Layers_UpConv.tpp:151]   --->   Operation 131 'zext' 'empty_363' <Predicate = (!icmp_ln151 & !or_ln155)> <Delay = 0.00>
ST_13 : Operation 132 [1/1] (0.67ns)   --->   "%empty_364 = sub i3 %tmp_38, i3 %empty_363" [../gen/Hls_Layers_UpConv.tpp:151]   --->   Operation 132 'sub' 'empty_364' <Predicate = (!icmp_ln151 & !or_ln155)> <Delay = 0.67> <CoreInst = "Adder">   --->   Core 1 'Adder' <Latency = 0> <II = 1> <Delay = 0.67> <FuncUnit> <Opcode : 'add' 'sub'> <InPorts = 2> <OutPorts = 1>
ST_13 : Operation 133 [1/1] (0.00ns)   --->   "%tmp_39 = bitselect i1 @_ssdm_op_BitSelect.i1.i7.i32, i7 %sub_ln152, i32 1" [../gen/Hls_Layers_UpConv.tpp:152]   --->   Operation 133 'bitselect' 'tmp_39' <Predicate = (!icmp_ln151 & !or_ln155)> <Delay = 0.00>
ST_13 : Operation 134 [1/1] (0.00ns)   --->   "%x_base = bitconcatenate i5 @_ssdm_op_BitConcatenate.i5.i1.i4, i1 %tmp_39, i4 0" [../gen/Hls_Layers_UpConv.tpp:152]   --->   Operation 134 'bitconcatenate' 'x_base' <Predicate = (!icmp_ln151 & !or_ln155)> <Delay = 0.00>
ST_13 : Operation 135 [2/2] (0.00ns)   --->   "%call_ln151 = call void @UpConv_Fused_Row<8, 16, 16, 16, 16>_Pipeline_KW_LOOP_FLAT_LOOP, i3 %empty_364, i256 %w_local, i256 %w_local_1, i256 %w_local_2, i256 %w_local_3, i256 %w_local_4, i256 %w_local_5, i256 %w_local_6, i256 %w_local_7, i5 %x_base, i1 %trunc_ln135, i16 %void_UpConv_Fused_Row_ap_uint_ap_uint_const_ap_uint_const_ap_uint_const_ap_u_39, i16 %void_UpConv_Fused_Row_ap_uint_ap_uint_const_ap_uint_const_ap_uint_const_ap_u_38, i16 %void_UpConv_Fused_Row_ap_uint_ap_uint_const_ap_uint_const_ap_uint_const_ap_u_37, i16 %void_UpConv_Fused_Row_ap_uint_ap_uint_const_ap_uint_const_ap_uint_const_ap_u_36, i16 %void_UpConv_Fused_Row_ap_uint_ap_uint_const_ap_uint_const_ap_uint_const_ap_u_35, i16 %void_UpConv_Fused_Row_ap_uint_ap_uint_const_ap_uint_const_ap_uint_const_ap_u_34, i16 %void_UpConv_Fused_Row_ap_uint_ap_uint_const_ap_uint_const_ap_uint_const_ap_u_33, i16 %void_UpConv_Fused_Row_ap_uint_ap_uint_const_ap_uint_const_ap_uint_const_ap_u_32, i16 %void_UpConv_Fused_Row_ap_uint_ap_uint_const_ap_uint_const_ap_uint_const_ap_u_31, i16 %void_UpConv_Fused_Row_ap_uint_ap_uint_const_ap_uint_const_ap_uint_const_ap_u_30, i16 %p_ZZ16UpConv_Fused_RowILi8ELi16ELi16ELi16ELi16EEvP7ap_uintILi256EEPKS1_S4_S4_S4_S_5, i16 %p_ZZ16UpConv_Fused_RowILi8ELi16ELi16ELi16ELi16EEvP7ap_uintILi256EEPKS1_S4_S4_S4_S_4, i16 %p_ZZ16UpConv_Fused_RowILi8ELi16ELi16ELi16ELi16EEvP7ap_uintILi256EEPKS1_S4_S4_S4_S_3, i16 %p_ZZ16UpConv_Fused_RowILi8ELi16ELi16ELi16ELi16EEvP7ap_uintILi256EEPKS1_S4_S4_S4_S_2, i16 %p_ZZ16UpConv_Fused_RowILi8ELi16ELi16ELi16ELi16EEvP7ap_uintILi256EEPKS1_S4_S4_S4_S_1, i16 %p_ZZ16UpConv_Fused_RowILi8ELi16ELi16ELi16ELi16EEvP7ap_uintILi256EEPKS1_S4_S4_S4_S, i256 %x_buf" [../gen/Hls_Layers_UpConv.tpp:151]   --->   Operation 135 'call' 'call_ln151' <Predicate = (!icmp_ln151 & !or_ln155)> <Delay = 0.00> <CoreType = "Generic">   --->   Generic Core
ST_13 : Operation 136 [1/1] (0.42ns)   --->   "%store_ln135 = store i2 %add_ln135, i2 %tile" [../gen/Hls_Layers_UpConv.tpp:135]   --->   Operation 136 'store' 'store_ln135' <Predicate = (icmp_ln151)> <Delay = 0.42>
ST_13 : Operation 137 [1/1] (0.00ns)   --->   "%br_ln135 = br void %PRELOAD_W" [../gen/Hls_Layers_UpConv.tpp:135]   --->   Operation 137 'br' 'br_ln135' <Predicate = (icmp_ln151)> <Delay = 0.00>

State 14 <SV = 13> <Delay = 0.00>
ST_14 : Operation 138 [1/2] (0.00ns)   --->   "%call_ln151 = call void @UpConv_Fused_Row<8, 16, 16, 16, 16>_Pipeline_KW_LOOP_FLAT_LOOP, i3 %empty_364, i256 %w_local, i256 %w_local_1, i256 %w_local_2, i256 %w_local_3, i256 %w_local_4, i256 %w_local_5, i256 %w_local_6, i256 %w_local_7, i5 %x_base, i1 %trunc_ln135, i16 %void_UpConv_Fused_Row_ap_uint_ap_uint_const_ap_uint_const_ap_uint_const_ap_u_39, i16 %void_UpConv_Fused_Row_ap_uint_ap_uint_const_ap_uint_const_ap_uint_const_ap_u_38, i16 %void_UpConv_Fused_Row_ap_uint_ap_uint_const_ap_uint_const_ap_uint_const_ap_u_37, i16 %void_UpConv_Fused_Row_ap_uint_ap_uint_const_ap_uint_const_ap_uint_const_ap_u_36, i16 %void_UpConv_Fused_Row_ap_uint_ap_uint_const_ap_uint_const_ap_uint_const_ap_u_35, i16 %void_UpConv_Fused_Row_ap_uint_ap_uint_const_ap_uint_const_ap_uint_const_ap_u_34, i16 %void_UpConv_Fused_Row_ap_uint_ap_uint_const_ap_uint_const_ap_uint_const_ap_u_33, i16 %void_UpConv_Fused_Row_ap_uint_ap_uint_const_ap_uint_const_ap_uint_const_ap_u_32, i16 %void_UpConv_Fused_Row_ap_uint_ap_uint_const_ap_uint_const_ap_uint_const_ap_u_31, i16 %void_UpConv_Fused_Row_ap_uint_ap_uint_const_ap_uint_const_ap_uint_const_ap_u_30, i16 %p_ZZ16UpConv_Fused_RowILi8ELi16ELi16ELi16ELi16EEvP7ap_uintILi256EEPKS1_S4_S4_S4_S_5, i16 %p_ZZ16UpConv_Fused_RowILi8ELi16ELi16ELi16ELi16EEvP7ap_uintILi256EEPKS1_S4_S4_S4_S_4, i16 %p_ZZ16UpConv_Fused_RowILi8ELi16ELi16ELi16ELi16EEvP7ap_uintILi256EEPKS1_S4_S4_S4_S_3, i16 %p_ZZ16UpConv_Fused_RowILi8ELi16ELi16ELi16ELi16EEvP7ap_uintILi256EEPKS1_S4_S4_S4_S_2, i16 %p_ZZ16UpConv_Fused_RowILi8ELi16ELi16ELi16ELi16EEvP7ap_uintILi256EEPKS1_S4_S4_S4_S_1, i16 %p_ZZ16UpConv_Fused_RowILi8ELi16ELi16ELi16ELi16EEvP7ap_uintILi256EEPKS1_S4_S4_S4_S, i256 %x_buf" [../gen/Hls_Layers_UpConv.tpp:151]   --->   Operation 138 'call' 'call_ln151' <Predicate = (!or_ln155)> <Delay = 0.00> <CoreType = "Generic">   --->   Generic Core
ST_14 : Operation 139 [1/1] (0.00ns)   --->   "%br_ln0 = br void %cleanup182"   --->   Operation 139 'br' 'br_ln0' <Predicate = (!or_ln155)> <Delay = 0.00>
ST_14 : Operation 140 [1/1] (0.00ns)   --->   "%br_ln151 = br void %for.body56" [../gen/Hls_Layers_UpConv.tpp:151]   --->   Operation 140 'br' 'br_ln151' <Predicate = true> <Delay = 0.00>

State 15 <SV = 11> <Delay = 2.43>
ST_15 : Operation 141 [1/1] (0.00ns)   --->   "%sext_ln223 = sext i59 %trunc_ln1" [../gen/Hls_Layers_UpConv.tpp:223]   --->   Operation 141 'sext' 'sext_ln223' <Predicate = true> <Delay = 0.00>
ST_15 : Operation 142 [1/1] (0.00ns)   --->   "%gmem_param_addr = getelementptr i256 %gmem_param, i64 %sext_ln223" [../gen/Hls_Layers_UpConv.tpp:223]   --->   Operation 142 'getelementptr' 'gmem_param_addr' <Predicate = true> <Delay = 0.00>
ST_15 : Operation 143 [8/8] (2.43ns)   --->   "%gmem_param_load_req = readreq i1 @_ssdm_op_ReadReq.m_axi.i256P1A, i256 %gmem_param_addr, i64 1" [../gen/Hls_Layers_UpConv.tpp:223]   --->   Operation 143 'readreq' 'gmem_param_load_req' <Predicate = true> <Delay = 2.43> <CoreInst = "m_axi">   --->   Core 119 'm_axi' <Latency = 6> <II = 1> <Delay = 1.00> <Adapter> <Opcode : 'read' 'write' 'readreq' 'writereq' 'writeresp'>

State 16 <SV = 12> <Delay = 2.43>
ST_16 : Operation 144 [7/8] (2.43ns)   --->   "%gmem_param_load_req = readreq i1 @_ssdm_op_ReadReq.m_axi.i256P1A, i256 %gmem_param_addr, i64 1" [../gen/Hls_Layers_UpConv.tpp:223]   --->   Operation 144 'readreq' 'gmem_param_load_req' <Predicate = true> <Delay = 2.43> <CoreInst = "m_axi">   --->   Core 119 'm_axi' <Latency = 6> <II = 1> <Delay = 1.00> <Adapter> <Opcode : 'read' 'write' 'readreq' 'writereq' 'writeresp'>

State 17 <SV = 13> <Delay = 2.43>
ST_17 : Operation 145 [6/8] (2.43ns)   --->   "%gmem_param_load_req = readreq i1 @_ssdm_op_ReadReq.m_axi.i256P1A, i256 %gmem_param_addr, i64 1" [../gen/Hls_Layers_UpConv.tpp:223]   --->   Operation 145 'readreq' 'gmem_param_load_req' <Predicate = true> <Delay = 2.43> <CoreInst = "m_axi">   --->   Core 119 'm_axi' <Latency = 6> <II = 1> <Delay = 1.00> <Adapter> <Opcode : 'read' 'write' 'readreq' 'writereq' 'writeresp'>

State 18 <SV = 14> <Delay = 2.43>
ST_18 : Operation 146 [5/8] (2.43ns)   --->   "%gmem_param_load_req = readreq i1 @_ssdm_op_ReadReq.m_axi.i256P1A, i256 %gmem_param_addr, i64 1" [../gen/Hls_Layers_UpConv.tpp:223]   --->   Operation 146 'readreq' 'gmem_param_load_req' <Predicate = true> <Delay = 2.43> <CoreInst = "m_axi">   --->   Core 119 'm_axi' <Latency = 6> <II = 1> <Delay = 1.00> <Adapter> <Opcode : 'read' 'write' 'readreq' 'writereq' 'writeresp'>
ST_18 : Operation 147 [1/1] (0.00ns)   --->   "%sext_ln224 = sext i59 %trunc_ln2" [../gen/Hls_Layers_UpConv.tpp:224]   --->   Operation 147 'sext' 'sext_ln224' <Predicate = true> <Delay = 0.00>
ST_18 : Operation 148 [1/1] (0.00ns)   --->   "%gmem_param_addr_7 = getelementptr i256 %gmem_param, i64 %sext_ln224" [../gen/Hls_Layers_UpConv.tpp:224]   --->   Operation 148 'getelementptr' 'gmem_param_addr_7' <Predicate = true> <Delay = 0.00>
ST_18 : Operation 149 [8/8] (2.43ns)   --->   "%gmem_param_load_7_req = readreq i1 @_ssdm_op_ReadReq.m_axi.i256P1A, i256 %gmem_param_addr_7, i64 1" [../gen/Hls_Layers_UpConv.tpp:224]   --->   Operation 149 'readreq' 'gmem_param_load_7_req' <Predicate = true> <Delay = 2.43> <CoreInst = "m_axi">   --->   Core 119 'm_axi' <Latency = 6> <II = 1> <Delay = 1.00> <Adapter> <Opcode : 'read' 'write' 'readreq' 'writereq' 'writeresp'>

State 19 <SV = 15> <Delay = 2.43>
ST_19 : Operation 150 [4/8] (2.43ns)   --->   "%gmem_param_load_req = readreq i1 @_ssdm_op_ReadReq.m_axi.i256P1A, i256 %gmem_param_addr, i64 1" [../gen/Hls_Layers_UpConv.tpp:223]   --->   Operation 150 'readreq' 'gmem_param_load_req' <Predicate = true> <Delay = 2.43> <CoreInst = "m_axi">   --->   Core 119 'm_axi' <Latency = 6> <II = 1> <Delay = 1.00> <Adapter> <Opcode : 'read' 'write' 'readreq' 'writereq' 'writeresp'>
ST_19 : Operation 151 [7/8] (2.43ns)   --->   "%gmem_param_load_7_req = readreq i1 @_ssdm_op_ReadReq.m_axi.i256P1A, i256 %gmem_param_addr_7, i64 1" [../gen/Hls_Layers_UpConv.tpp:224]   --->   Operation 151 'readreq' 'gmem_param_load_7_req' <Predicate = true> <Delay = 2.43> <CoreInst = "m_axi">   --->   Core 119 'm_axi' <Latency = 6> <II = 1> <Delay = 1.00> <Adapter> <Opcode : 'read' 'write' 'readreq' 'writereq' 'writeresp'>
ST_19 : Operation 152 [1/1] (0.00ns)   --->   "%sext_ln225 = sext i59 %trunc_ln3" [../gen/Hls_Layers_UpConv.tpp:225]   --->   Operation 152 'sext' 'sext_ln225' <Predicate = true> <Delay = 0.00>
ST_19 : Operation 153 [1/1] (0.00ns)   --->   "%gmem_param_addr_8 = getelementptr i256 %gmem_param, i64 %sext_ln225" [../gen/Hls_Layers_UpConv.tpp:225]   --->   Operation 153 'getelementptr' 'gmem_param_addr_8' <Predicate = true> <Delay = 0.00>
ST_19 : Operation 154 [8/8] (2.43ns)   --->   "%gmem_param_load_8_req = readreq i1 @_ssdm_op_ReadReq.m_axi.i256P1A, i256 %gmem_param_addr_8, i64 1" [../gen/Hls_Layers_UpConv.tpp:225]   --->   Operation 154 'readreq' 'gmem_param_load_8_req' <Predicate = true> <Delay = 2.43> <CoreInst = "m_axi">   --->   Core 119 'm_axi' <Latency = 6> <II = 1> <Delay = 1.00> <Adapter> <Opcode : 'read' 'write' 'readreq' 'writereq' 'writeresp'>

State 20 <SV = 16> <Delay = 2.43>
ST_20 : Operation 155 [3/8] (2.43ns)   --->   "%gmem_param_load_req = readreq i1 @_ssdm_op_ReadReq.m_axi.i256P1A, i256 %gmem_param_addr, i64 1" [../gen/Hls_Layers_UpConv.tpp:223]   --->   Operation 155 'readreq' 'gmem_param_load_req' <Predicate = true> <Delay = 2.43> <CoreInst = "m_axi">   --->   Core 119 'm_axi' <Latency = 6> <II = 1> <Delay = 1.00> <Adapter> <Opcode : 'read' 'write' 'readreq' 'writereq' 'writeresp'>
ST_20 : Operation 156 [6/8] (2.43ns)   --->   "%gmem_param_load_7_req = readreq i1 @_ssdm_op_ReadReq.m_axi.i256P1A, i256 %gmem_param_addr_7, i64 1" [../gen/Hls_Layers_UpConv.tpp:224]   --->   Operation 156 'readreq' 'gmem_param_load_7_req' <Predicate = true> <Delay = 2.43> <CoreInst = "m_axi">   --->   Core 119 'm_axi' <Latency = 6> <II = 1> <Delay = 1.00> <Adapter> <Opcode : 'read' 'write' 'readreq' 'writereq' 'writeresp'>
ST_20 : Operation 157 [7/8] (2.43ns)   --->   "%gmem_param_load_8_req = readreq i1 @_ssdm_op_ReadReq.m_axi.i256P1A, i256 %gmem_param_addr_8, i64 1" [../gen/Hls_Layers_UpConv.tpp:225]   --->   Operation 157 'readreq' 'gmem_param_load_8_req' <Predicate = true> <Delay = 2.43> <CoreInst = "m_axi">   --->   Core 119 'm_axi' <Latency = 6> <II = 1> <Delay = 1.00> <Adapter> <Opcode : 'read' 'write' 'readreq' 'writereq' 'writeresp'>

State 21 <SV = 17> <Delay = 2.43>
ST_21 : Operation 158 [2/8] (2.43ns)   --->   "%gmem_param_load_req = readreq i1 @_ssdm_op_ReadReq.m_axi.i256P1A, i256 %gmem_param_addr, i64 1" [../gen/Hls_Layers_UpConv.tpp:223]   --->   Operation 158 'readreq' 'gmem_param_load_req' <Predicate = true> <Delay = 2.43> <CoreInst = "m_axi">   --->   Core 119 'm_axi' <Latency = 6> <II = 1> <Delay = 1.00> <Adapter> <Opcode : 'read' 'write' 'readreq' 'writereq' 'writeresp'>
ST_21 : Operation 159 [5/8] (2.43ns)   --->   "%gmem_param_load_7_req = readreq i1 @_ssdm_op_ReadReq.m_axi.i256P1A, i256 %gmem_param_addr_7, i64 1" [../gen/Hls_Layers_UpConv.tpp:224]   --->   Operation 159 'readreq' 'gmem_param_load_7_req' <Predicate = true> <Delay = 2.43> <CoreInst = "m_axi">   --->   Core 119 'm_axi' <Latency = 6> <II = 1> <Delay = 1.00> <Adapter> <Opcode : 'read' 'write' 'readreq' 'writereq' 'writeresp'>
ST_21 : Operation 160 [6/8] (2.43ns)   --->   "%gmem_param_load_8_req = readreq i1 @_ssdm_op_ReadReq.m_axi.i256P1A, i256 %gmem_param_addr_8, i64 1" [../gen/Hls_Layers_UpConv.tpp:225]   --->   Operation 160 'readreq' 'gmem_param_load_8_req' <Predicate = true> <Delay = 2.43> <CoreInst = "m_axi">   --->   Core 119 'm_axi' <Latency = 6> <II = 1> <Delay = 1.00> <Adapter> <Opcode : 'read' 'write' 'readreq' 'writereq' 'writeresp'>

State 22 <SV = 18> <Delay = 2.43>
ST_22 : Operation 161 [1/8] (2.43ns)   --->   "%gmem_param_load_req = readreq i1 @_ssdm_op_ReadReq.m_axi.i256P1A, i256 %gmem_param_addr, i64 1" [../gen/Hls_Layers_UpConv.tpp:223]   --->   Operation 161 'readreq' 'gmem_param_load_req' <Predicate = true> <Delay = 2.43> <CoreInst = "m_axi">   --->   Core 119 'm_axi' <Latency = 6> <II = 1> <Delay = 1.00> <Adapter> <Opcode : 'read' 'write' 'readreq' 'writereq' 'writeresp'>
ST_22 : Operation 162 [4/8] (2.43ns)   --->   "%gmem_param_load_7_req = readreq i1 @_ssdm_op_ReadReq.m_axi.i256P1A, i256 %gmem_param_addr_7, i64 1" [../gen/Hls_Layers_UpConv.tpp:224]   --->   Operation 162 'readreq' 'gmem_param_load_7_req' <Predicate = true> <Delay = 2.43> <CoreInst = "m_axi">   --->   Core 119 'm_axi' <Latency = 6> <II = 1> <Delay = 1.00> <Adapter> <Opcode : 'read' 'write' 'readreq' 'writereq' 'writeresp'>
ST_22 : Operation 163 [5/8] (2.43ns)   --->   "%gmem_param_load_8_req = readreq i1 @_ssdm_op_ReadReq.m_axi.i256P1A, i256 %gmem_param_addr_8, i64 1" [../gen/Hls_Layers_UpConv.tpp:225]   --->   Operation 163 'readreq' 'gmem_param_load_8_req' <Predicate = true> <Delay = 2.43> <CoreInst = "m_axi">   --->   Core 119 'm_axi' <Latency = 6> <II = 1> <Delay = 1.00> <Adapter> <Opcode : 'read' 'write' 'readreq' 'writereq' 'writeresp'>

State 23 <SV = 19> <Delay = 2.43>
ST_23 : Operation 164 [1/1] (2.43ns)   --->   "%gmem_param_addr_read = read i256 @_ssdm_op_Read.m_axi.i256P1A, i256 %gmem_param_addr" [../gen/Hls_Layers_UpConv.tpp:223]   --->   Operation 164 'read' 'gmem_param_addr_read' <Predicate = true> <Delay = 2.43> <CoreInst = "m_axi">   --->   Core 119 'm_axi' <Latency = 3> <II = 1> <Delay = 1.00> <Adapter> <Opcode : 'read' 'write' 'readreq' 'writereq' 'writeresp'>
ST_23 : Operation 165 [3/8] (2.43ns)   --->   "%gmem_param_load_7_req = readreq i1 @_ssdm_op_ReadReq.m_axi.i256P1A, i256 %gmem_param_addr_7, i64 1" [../gen/Hls_Layers_UpConv.tpp:224]   --->   Operation 165 'readreq' 'gmem_param_load_7_req' <Predicate = true> <Delay = 2.43> <CoreInst = "m_axi">   --->   Core 119 'm_axi' <Latency = 6> <II = 1> <Delay = 1.00> <Adapter> <Opcode : 'read' 'write' 'readreq' 'writereq' 'writeresp'>
ST_23 : Operation 166 [4/8] (2.43ns)   --->   "%gmem_param_load_8_req = readreq i1 @_ssdm_op_ReadReq.m_axi.i256P1A, i256 %gmem_param_addr_8, i64 1" [../gen/Hls_Layers_UpConv.tpp:225]   --->   Operation 166 'readreq' 'gmem_param_load_8_req' <Predicate = true> <Delay = 2.43> <CoreInst = "m_axi">   --->   Core 119 'm_axi' <Latency = 6> <II = 1> <Delay = 1.00> <Adapter> <Opcode : 'read' 'write' 'readreq' 'writereq' 'writeresp'>
ST_23 : Operation 167 [2/2] (1.53ns)   --->   "%conv7 = hptosp i16 %epsilon_read"   --->   Operation 167 'hptosp' 'conv7' <Predicate = true> <Delay = 1.53> <CoreInst = "Half2Float">   --->   Core 68 'Half2Float' <Latency = 1> <II = 1> <Delay = 1.53> <FuncUnit> <Opcode : 'hptosp'> <InPorts = 1> <OutPorts = 1>

State 24 <SV = 20> <Delay = 2.43>
ST_24 : Operation 168 [1/1] (0.00ns)   --->   "%b_buf_addr = getelementptr i256 %b_buf, i64 0, i64 0"   --->   Operation 168 'getelementptr' 'b_buf_addr' <Predicate = true> <Delay = 0.00>
ST_24 : Operation 169 [2/8] (2.43ns)   --->   "%gmem_param_load_7_req = readreq i1 @_ssdm_op_ReadReq.m_axi.i256P1A, i256 %gmem_param_addr_7, i64 1" [../gen/Hls_Layers_UpConv.tpp:224]   --->   Operation 169 'readreq' 'gmem_param_load_7_req' <Predicate = true> <Delay = 2.43> <CoreInst = "m_axi">   --->   Core 119 'm_axi' <Latency = 6> <II = 1> <Delay = 1.00> <Adapter> <Opcode : 'read' 'write' 'readreq' 'writereq' 'writeresp'>
ST_24 : Operation 170 [3/8] (2.43ns)   --->   "%gmem_param_load_8_req = readreq i1 @_ssdm_op_ReadReq.m_axi.i256P1A, i256 %gmem_param_addr_8, i64 1" [../gen/Hls_Layers_UpConv.tpp:225]   --->   Operation 170 'readreq' 'gmem_param_load_8_req' <Predicate = true> <Delay = 2.43> <CoreInst = "m_axi">   --->   Core 119 'm_axi' <Latency = 6> <II = 1> <Delay = 1.00> <Adapter> <Opcode : 'read' 'write' 'readreq' 'writereq' 'writeresp'>
ST_24 : Operation 171 [1/1] ( I:1.23ns O:1.23ns )   --->   "%store_ln223 = store i256 %gmem_param_addr_read, i1 %b_buf_addr" [../gen/Hls_Layers_UpConv.tpp:223]   --->   Operation 171 'store' 'store_ln223' <Predicate = true> <Delay = 1.23> <CoreInst = "RAM_T2P_BRAM">   --->   Core 98 'RAM_T2P_BRAM' <Latency = 1> <II = 1> <Delay = 1.23> <Storage> <Opcode : 'load' 'store'> <Ports = 2> <Width = 256> <Depth = 1> <RAM>
ST_24 : Operation 172 [1/2] (1.53ns)   --->   "%conv7 = hptosp i16 %epsilon_read"   --->   Operation 172 'hptosp' 'conv7' <Predicate = true> <Delay = 1.53> <CoreInst = "Half2Float">   --->   Core 68 'Half2Float' <Latency = 1> <II = 1> <Delay = 1.53> <FuncUnit> <Opcode : 'hptosp'> <InPorts = 1> <OutPorts = 1>

State 25 <SV = 21> <Delay = 2.43>
ST_25 : Operation 173 [1/8] (2.43ns)   --->   "%gmem_param_load_7_req = readreq i1 @_ssdm_op_ReadReq.m_axi.i256P1A, i256 %gmem_param_addr_7, i64 1" [../gen/Hls_Layers_UpConv.tpp:224]   --->   Operation 173 'readreq' 'gmem_param_load_7_req' <Predicate = true> <Delay = 2.43> <CoreInst = "m_axi">   --->   Core 119 'm_axi' <Latency = 6> <II = 1> <Delay = 1.00> <Adapter> <Opcode : 'read' 'write' 'readreq' 'writereq' 'writeresp'>
ST_25 : Operation 174 [2/8] (2.43ns)   --->   "%gmem_param_load_8_req = readreq i1 @_ssdm_op_ReadReq.m_axi.i256P1A, i256 %gmem_param_addr_8, i64 1" [../gen/Hls_Layers_UpConv.tpp:225]   --->   Operation 174 'readreq' 'gmem_param_load_8_req' <Predicate = true> <Delay = 2.43> <CoreInst = "m_axi">   --->   Core 119 'm_axi' <Latency = 6> <II = 1> <Delay = 1.00> <Adapter> <Opcode : 'read' 'write' 'readreq' 'writereq' 'writeresp'>
ST_25 : Operation 175 [2/2] (0.00ns)   --->   "%call_ln0 = call void @UpConv_Fused_Row<8, 16, 16, 16, 16>_Pipeline_PIXEL_STATS, i32 %conv7, i256 %b_buf, i32 %mean_buf_3, i16 %inv_buf_3, i16 %void_UpConv_Fused_Row_ap_uint_ap_uint_const_ap_uint_const_ap_uint_const_ap_u_39, i16 %void_UpConv_Fused_Row_ap_uint_ap_uint_const_ap_uint_const_ap_uint_const_ap_u_38, i16 %void_UpConv_Fused_Row_ap_uint_ap_uint_const_ap_uint_const_ap_uint_const_ap_u_37, i16 %void_UpConv_Fused_Row_ap_uint_ap_uint_const_ap_uint_const_ap_uint_const_ap_u_36, i16 %void_UpConv_Fused_Row_ap_uint_ap_uint_const_ap_uint_const_ap_uint_const_ap_u_35, i16 %void_UpConv_Fused_Row_ap_uint_ap_uint_const_ap_uint_const_ap_uint_const_ap_u_34, i16 %void_UpConv_Fused_Row_ap_uint_ap_uint_const_ap_uint_const_ap_uint_const_ap_u_33, i16 %void_UpConv_Fused_Row_ap_uint_ap_uint_const_ap_uint_const_ap_uint_const_ap_u_32, i16 %void_UpConv_Fused_Row_ap_uint_ap_uint_const_ap_uint_const_ap_uint_const_ap_u_31, i16 %void_UpConv_Fused_Row_ap_uint_ap_uint_const_ap_uint_const_ap_uint_const_ap_u_30, i16 %p_ZZ16UpConv_Fused_RowILi8ELi16ELi16ELi16ELi16EEvP7ap_uintILi256EEPKS1_S4_S4_S4_S_5, i16 %p_ZZ16UpConv_Fused_RowILi8ELi16ELi16ELi16ELi16EEvP7ap_uintILi256EEPKS1_S4_S4_S4_S_4, i16 %p_ZZ16UpConv_Fused_RowILi8ELi16ELi16ELi16ELi16EEvP7ap_uintILi256EEPKS1_S4_S4_S4_S_3, i16 %p_ZZ16UpConv_Fused_RowILi8ELi16ELi16ELi16ELi16EEvP7ap_uintILi256EEPKS1_S4_S4_S4_S_2, i16 %p_ZZ16UpConv_Fused_RowILi8ELi16ELi16ELi16ELi16EEvP7ap_uintILi256EEPKS1_S4_S4_S4_S_1, i16 %p_ZZ16UpConv_Fused_RowILi8ELi16ELi16ELi16ELi16EEvP7ap_uintILi256EEPKS1_S4_S4_S4_S"   --->   Operation 175 'call' 'call_ln0' <Predicate = true> <Delay = 0.00> <CoreType = "Generic">   --->   Generic Core

State 26 <SV = 22> <Delay = 2.43>
ST_26 : Operation 176 [1/1] (2.43ns)   --->   "%gmem_param_addr_7_read = read i256 @_ssdm_op_Read.m_axi.i256P1A, i256 %gmem_param_addr_7" [../gen/Hls_Layers_UpConv.tpp:224]   --->   Operation 176 'read' 'gmem_param_addr_7_read' <Predicate = true> <Delay = 2.43> <CoreInst = "m_axi">   --->   Core 119 'm_axi' <Latency = 3> <II = 1> <Delay = 1.00> <Adapter> <Opcode : 'read' 'write' 'readreq' 'writereq' 'writeresp'>
ST_26 : Operation 177 [1/8] (2.43ns)   --->   "%gmem_param_load_8_req = readreq i1 @_ssdm_op_ReadReq.m_axi.i256P1A, i256 %gmem_param_addr_8, i64 1" [../gen/Hls_Layers_UpConv.tpp:225]   --->   Operation 177 'readreq' 'gmem_param_load_8_req' <Predicate = true> <Delay = 2.43> <CoreInst = "m_axi">   --->   Core 119 'm_axi' <Latency = 6> <II = 1> <Delay = 1.00> <Adapter> <Opcode : 'read' 'write' 'readreq' 'writereq' 'writeresp'>
ST_26 : Operation 178 [1/2] (0.00ns)   --->   "%call_ln0 = call void @UpConv_Fused_Row<8, 16, 16, 16, 16>_Pipeline_PIXEL_STATS, i32 %conv7, i256 %b_buf, i32 %mean_buf_3, i16 %inv_buf_3, i16 %void_UpConv_Fused_Row_ap_uint_ap_uint_const_ap_uint_const_ap_uint_const_ap_u_39, i16 %void_UpConv_Fused_Row_ap_uint_ap_uint_const_ap_uint_const_ap_uint_const_ap_u_38, i16 %void_UpConv_Fused_Row_ap_uint_ap_uint_const_ap_uint_const_ap_uint_const_ap_u_37, i16 %void_UpConv_Fused_Row_ap_uint_ap_uint_const_ap_uint_const_ap_uint_const_ap_u_36, i16 %void_UpConv_Fused_Row_ap_uint_ap_uint_const_ap_uint_const_ap_uint_const_ap_u_35, i16 %void_UpConv_Fused_Row_ap_uint_ap_uint_const_ap_uint_const_ap_uint_const_ap_u_34, i16 %void_UpConv_Fused_Row_ap_uint_ap_uint_const_ap_uint_const_ap_uint_const_ap_u_33, i16 %void_UpConv_Fused_Row_ap_uint_ap_uint_const_ap_uint_const_ap_uint_const_ap_u_32, i16 %void_UpConv_Fused_Row_ap_uint_ap_uint_const_ap_uint_const_ap_uint_const_ap_u_31, i16 %void_UpConv_Fused_Row_ap_uint_ap_uint_const_ap_uint_const_ap_uint_const_ap_u_30, i16 %p_ZZ16UpConv_Fused_RowILi8ELi16ELi16ELi16ELi16EEvP7ap_uintILi256EEPKS1_S4_S4_S4_S_5, i16 %p_ZZ16UpConv_Fused_RowILi8ELi16ELi16ELi16ELi16EEvP7ap_uintILi256EEPKS1_S4_S4_S4_S_4, i16 %p_ZZ16UpConv_Fused_RowILi8ELi16ELi16ELi16ELi16EEvP7ap_uintILi256EEPKS1_S4_S4_S4_S_3, i16 %p_ZZ16UpConv_Fused_RowILi8ELi16ELi16ELi16ELi16EEvP7ap_uintILi256EEPKS1_S4_S4_S4_S_2, i16 %p_ZZ16UpConv_Fused_RowILi8ELi16ELi16ELi16ELi16EEvP7ap_uintILi256EEPKS1_S4_S4_S4_S_1, i16 %p_ZZ16UpConv_Fused_RowILi8ELi16ELi16ELi16ELi16EEvP7ap_uintILi256EEPKS1_S4_S4_S4_S"   --->   Operation 178 'call' 'call_ln0' <Predicate = true> <Delay = 0.00> <CoreType = "Generic">   --->   Generic Core
ST_26 : Operation 179 [1/1] (0.00ns)   --->   "%trunc_ln287 = trunc i256 %gmem_param_addr_7_read" [../gen/Hls_Layers_UpConv.tpp:287]   --->   Operation 179 'trunc' 'trunc_ln287' <Predicate = true> <Delay = 0.00>
ST_26 : Operation 180 [1/1] (0.00ns)   --->   "%u_s = partselect i16 @_ssdm_op_PartSelect.i16.i256.i32, i256 %gmem_param_addr_7_read, i32 16" [../gen/Hls_Layers_UpConv.tpp:287]   --->   Operation 180 'partselect' 'u_s' <Predicate = true> <Delay = 0.00>
ST_26 : Operation 181 [1/1] (0.00ns)   --->   "%u_497 = partselect i16 @_ssdm_op_PartSelect.i16.i256.i32, i256 %gmem_param_addr_7_read, i32 32" [../gen/Hls_Layers_UpConv.tpp:287]   --->   Operation 181 'partselect' 'u_497' <Predicate = true> <Delay = 0.00>
ST_26 : Operation 182 [1/1] (0.00ns)   --->   "%u_499 = partselect i16 @_ssdm_op_PartSelect.i16.i256.i32, i256 %gmem_param_addr_7_read, i32 48" [../gen/Hls_Layers_UpConv.tpp:287]   --->   Operation 182 'partselect' 'u_499' <Predicate = true> <Delay = 0.00>
ST_26 : Operation 183 [1/1] (0.00ns)   --->   "%u_501 = partselect i16 @_ssdm_op_PartSelect.i16.i256.i32, i256 %gmem_param_addr_7_read, i32 64" [../gen/Hls_Layers_UpConv.tpp:287]   --->   Operation 183 'partselect' 'u_501' <Predicate = true> <Delay = 0.00>
ST_26 : Operation 184 [1/1] (0.00ns)   --->   "%u_503 = partselect i16 @_ssdm_op_PartSelect.i16.i256.i32, i256 %gmem_param_addr_7_read, i32 80" [../gen/Hls_Layers_UpConv.tpp:287]   --->   Operation 184 'partselect' 'u_503' <Predicate = true> <Delay = 0.00>
ST_26 : Operation 185 [1/1] (0.00ns)   --->   "%u_505 = partselect i16 @_ssdm_op_PartSelect.i16.i256.i32, i256 %gmem_param_addr_7_read, i32 96" [../gen/Hls_Layers_UpConv.tpp:287]   --->   Operation 185 'partselect' 'u_505' <Predicate = true> <Delay = 0.00>
ST_26 : Operation 186 [1/1] (0.00ns)   --->   "%u_507 = partselect i16 @_ssdm_op_PartSelect.i16.i256.i32, i256 %gmem_param_addr_7_read, i32 112" [../gen/Hls_Layers_UpConv.tpp:287]   --->   Operation 186 'partselect' 'u_507' <Predicate = true> <Delay = 0.00>
ST_26 : Operation 187 [1/1] (0.00ns)   --->   "%u_509 = partselect i16 @_ssdm_op_PartSelect.i16.i256.i32, i256 %gmem_param_addr_7_read, i32 128" [../gen/Hls_Layers_UpConv.tpp:287]   --->   Operation 187 'partselect' 'u_509' <Predicate = true> <Delay = 0.00>
ST_26 : Operation 188 [1/1] (0.00ns)   --->   "%u_511 = partselect i16 @_ssdm_op_PartSelect.i16.i256.i32, i256 %gmem_param_addr_7_read, i32 144" [../gen/Hls_Layers_UpConv.tpp:287]   --->   Operation 188 'partselect' 'u_511' <Predicate = true> <Delay = 0.00>
ST_26 : Operation 189 [1/1] (0.00ns)   --->   "%u_513 = partselect i16 @_ssdm_op_PartSelect.i16.i256.i32, i256 %gmem_param_addr_7_read, i32 160" [../gen/Hls_Layers_UpConv.tpp:287]   --->   Operation 189 'partselect' 'u_513' <Predicate = true> <Delay = 0.00>
ST_26 : Operation 190 [1/1] (0.00ns)   --->   "%u_515 = partselect i16 @_ssdm_op_PartSelect.i16.i256.i32, i256 %gmem_param_addr_7_read, i32 176" [../gen/Hls_Layers_UpConv.tpp:287]   --->   Operation 190 'partselect' 'u_515' <Predicate = true> <Delay = 0.00>
ST_26 : Operation 191 [1/1] (0.00ns)   --->   "%u_517 = partselect i16 @_ssdm_op_PartSelect.i16.i256.i32, i256 %gmem_param_addr_7_read, i32 192" [../gen/Hls_Layers_UpConv.tpp:287]   --->   Operation 191 'partselect' 'u_517' <Predicate = true> <Delay = 0.00>
ST_26 : Operation 192 [1/1] (0.00ns)   --->   "%u_519 = partselect i16 @_ssdm_op_PartSelect.i16.i256.i32, i256 %gmem_param_addr_7_read, i32 208" [../gen/Hls_Layers_UpConv.tpp:287]   --->   Operation 192 'partselect' 'u_519' <Predicate = true> <Delay = 0.00>
ST_26 : Operation 193 [1/1] (0.00ns)   --->   "%u_521 = partselect i16 @_ssdm_op_PartSelect.i16.i256.i32, i256 %gmem_param_addr_7_read, i32 224" [../gen/Hls_Layers_UpConv.tpp:287]   --->   Operation 193 'partselect' 'u_521' <Predicate = true> <Delay = 0.00>
ST_26 : Operation 194 [1/1] (0.00ns)   --->   "%u_523 = partselect i16 @_ssdm_op_PartSelect.i16.i256.i32, i256 %gmem_param_addr_7_read, i32 240" [../gen/Hls_Layers_UpConv.tpp:287]   --->   Operation 194 'partselect' 'u_523' <Predicate = true> <Delay = 0.00>
ST_26 : Operation 195 [1/1] (0.00ns)   --->   "%sext_ln278 = sext i59 %trunc_ln4" [../gen/Hls_Layers_UpConv.tpp:278]   --->   Operation 195 'sext' 'sext_ln278' <Predicate = true> <Delay = 0.00>
ST_26 : Operation 196 [1/1] (0.00ns)   --->   "%gmem_out_addr = getelementptr i256 %gmem_out, i64 %sext_ln278" [../gen/Hls_Layers_UpConv.tpp:278]   --->   Operation 196 'getelementptr' 'gmem_out_addr' <Predicate = true> <Delay = 0.00>
ST_26 : Operation 197 [1/1] (2.43ns)   --->   "%empty_365 = writereq i1 @_ssdm_op_WriteReq.m_axi.p1i256, i256 %gmem_out_addr, i64 32" [../gen/Hls_Layers_UpConv.tpp:278]   --->   Operation 197 'writereq' 'empty_365' <Predicate = true> <Delay = 2.43> <CoreInst = "m_axi">   --->   Core 119 'm_axi' <Latency = 9> <II = 1> <Delay = 1.00> <Adapter> <Opcode : 'read' 'write' 'readreq' 'writereq' 'writeresp'>

State 27 <SV = 23> <Delay = 2.43>
ST_27 : Operation 198 [1/1] (2.43ns)   --->   "%gmem_param_addr_8_read = read i256 @_ssdm_op_Read.m_axi.i256P1A, i256 %gmem_param_addr_8" [../gen/Hls_Layers_UpConv.tpp:225]   --->   Operation 198 'read' 'gmem_param_addr_8_read' <Predicate = true> <Delay = 2.43> <CoreInst = "m_axi">   --->   Core 119 'm_axi' <Latency = 3> <II = 1> <Delay = 1.00> <Adapter> <Opcode : 'read' 'write' 'readreq' 'writereq' 'writeresp'>
ST_27 : Operation 199 [1/1] (0.00ns)   --->   "%g = bitcast i16 %trunc_ln287" [../gen/Hls_Layers_UpConv.tpp:287]   --->   Operation 199 'bitcast' 'g' <Predicate = true> <Delay = 0.00>
ST_27 : Operation 200 [1/1] (0.00ns)   --->   "%trunc_ln288 = trunc i256 %gmem_param_addr_8_read" [../gen/Hls_Layers_UpConv.tpp:288]   --->   Operation 200 'trunc' 'trunc_ln288' <Predicate = true> <Delay = 0.00>
ST_27 : Operation 201 [1/1] (0.00ns)   --->   "%be = bitcast i16 %trunc_ln288" [../gen/Hls_Layers_UpConv.tpp:288]   --->   Operation 201 'bitcast' 'be' <Predicate = true> <Delay = 0.00>
ST_27 : Operation 202 [1/1] (0.00ns)   --->   "%g_46 = bitcast i16 %u_s" [../gen/Hls_Layers_UpConv.tpp:287]   --->   Operation 202 'bitcast' 'g_46' <Predicate = true> <Delay = 0.00>
ST_27 : Operation 203 [1/1] (0.00ns)   --->   "%u_496 = partselect i16 @_ssdm_op_PartSelect.i16.i256.i32, i256 %gmem_param_addr_8_read, i32 16" [../gen/Hls_Layers_UpConv.tpp:288]   --->   Operation 203 'partselect' 'u_496' <Predicate = true> <Delay = 0.00>
ST_27 : Operation 204 [1/1] (0.00ns)   --->   "%be_46 = bitcast i16 %u_496" [../gen/Hls_Layers_UpConv.tpp:288]   --->   Operation 204 'bitcast' 'be_46' <Predicate = true> <Delay = 0.00>
ST_27 : Operation 205 [1/1] (0.00ns)   --->   "%g_47 = bitcast i16 %u_497" [../gen/Hls_Layers_UpConv.tpp:287]   --->   Operation 205 'bitcast' 'g_47' <Predicate = true> <Delay = 0.00>
ST_27 : Operation 206 [1/1] (0.00ns)   --->   "%u_498 = partselect i16 @_ssdm_op_PartSelect.i16.i256.i32, i256 %gmem_param_addr_8_read, i32 32" [../gen/Hls_Layers_UpConv.tpp:288]   --->   Operation 206 'partselect' 'u_498' <Predicate = true> <Delay = 0.00>
ST_27 : Operation 207 [1/1] (0.00ns)   --->   "%be_47 = bitcast i16 %u_498" [../gen/Hls_Layers_UpConv.tpp:288]   --->   Operation 207 'bitcast' 'be_47' <Predicate = true> <Delay = 0.00>
ST_27 : Operation 208 [1/1] (0.00ns)   --->   "%g_48 = bitcast i16 %u_499" [../gen/Hls_Layers_UpConv.tpp:287]   --->   Operation 208 'bitcast' 'g_48' <Predicate = true> <Delay = 0.00>
ST_27 : Operation 209 [1/1] (0.00ns)   --->   "%u_500 = partselect i16 @_ssdm_op_PartSelect.i16.i256.i32, i256 %gmem_param_addr_8_read, i32 48" [../gen/Hls_Layers_UpConv.tpp:288]   --->   Operation 209 'partselect' 'u_500' <Predicate = true> <Delay = 0.00>
ST_27 : Operation 210 [1/1] (0.00ns)   --->   "%be_48 = bitcast i16 %u_500" [../gen/Hls_Layers_UpConv.tpp:288]   --->   Operation 210 'bitcast' 'be_48' <Predicate = true> <Delay = 0.00>
ST_27 : Operation 211 [1/1] (0.00ns)   --->   "%g_49 = bitcast i16 %u_501" [../gen/Hls_Layers_UpConv.tpp:287]   --->   Operation 211 'bitcast' 'g_49' <Predicate = true> <Delay = 0.00>
ST_27 : Operation 212 [1/1] (0.00ns)   --->   "%u_502 = partselect i16 @_ssdm_op_PartSelect.i16.i256.i32, i256 %gmem_param_addr_8_read, i32 64" [../gen/Hls_Layers_UpConv.tpp:288]   --->   Operation 212 'partselect' 'u_502' <Predicate = true> <Delay = 0.00>
ST_27 : Operation 213 [1/1] (0.00ns)   --->   "%be_49 = bitcast i16 %u_502" [../gen/Hls_Layers_UpConv.tpp:288]   --->   Operation 213 'bitcast' 'be_49' <Predicate = true> <Delay = 0.00>
ST_27 : Operation 214 [1/1] (0.00ns)   --->   "%g_50 = bitcast i16 %u_503" [../gen/Hls_Layers_UpConv.tpp:287]   --->   Operation 214 'bitcast' 'g_50' <Predicate = true> <Delay = 0.00>
ST_27 : Operation 215 [1/1] (0.00ns)   --->   "%u_504 = partselect i16 @_ssdm_op_PartSelect.i16.i256.i32, i256 %gmem_param_addr_8_read, i32 80" [../gen/Hls_Layers_UpConv.tpp:288]   --->   Operation 215 'partselect' 'u_504' <Predicate = true> <Delay = 0.00>
ST_27 : Operation 216 [1/1] (0.00ns)   --->   "%be_50 = bitcast i16 %u_504" [../gen/Hls_Layers_UpConv.tpp:288]   --->   Operation 216 'bitcast' 'be_50' <Predicate = true> <Delay = 0.00>
ST_27 : Operation 217 [1/1] (0.00ns)   --->   "%g_51 = bitcast i16 %u_505" [../gen/Hls_Layers_UpConv.tpp:287]   --->   Operation 217 'bitcast' 'g_51' <Predicate = true> <Delay = 0.00>
ST_27 : Operation 218 [1/1] (0.00ns)   --->   "%u_506 = partselect i16 @_ssdm_op_PartSelect.i16.i256.i32, i256 %gmem_param_addr_8_read, i32 96" [../gen/Hls_Layers_UpConv.tpp:288]   --->   Operation 218 'partselect' 'u_506' <Predicate = true> <Delay = 0.00>
ST_27 : Operation 219 [1/1] (0.00ns)   --->   "%be_51 = bitcast i16 %u_506" [../gen/Hls_Layers_UpConv.tpp:288]   --->   Operation 219 'bitcast' 'be_51' <Predicate = true> <Delay = 0.00>
ST_27 : Operation 220 [1/1] (0.00ns)   --->   "%g_52 = bitcast i16 %u_507" [../gen/Hls_Layers_UpConv.tpp:287]   --->   Operation 220 'bitcast' 'g_52' <Predicate = true> <Delay = 0.00>
ST_27 : Operation 221 [1/1] (0.00ns)   --->   "%u_508 = partselect i16 @_ssdm_op_PartSelect.i16.i256.i32, i256 %gmem_param_addr_8_read, i32 112" [../gen/Hls_Layers_UpConv.tpp:288]   --->   Operation 221 'partselect' 'u_508' <Predicate = true> <Delay = 0.00>
ST_27 : Operation 222 [1/1] (0.00ns)   --->   "%be_52 = bitcast i16 %u_508" [../gen/Hls_Layers_UpConv.tpp:288]   --->   Operation 222 'bitcast' 'be_52' <Predicate = true> <Delay = 0.00>
ST_27 : Operation 223 [1/1] (0.00ns)   --->   "%g_53 = bitcast i16 %u_509" [../gen/Hls_Layers_UpConv.tpp:287]   --->   Operation 223 'bitcast' 'g_53' <Predicate = true> <Delay = 0.00>
ST_27 : Operation 224 [1/1] (0.00ns)   --->   "%u_510 = partselect i16 @_ssdm_op_PartSelect.i16.i256.i32, i256 %gmem_param_addr_8_read, i32 128" [../gen/Hls_Layers_UpConv.tpp:288]   --->   Operation 224 'partselect' 'u_510' <Predicate = true> <Delay = 0.00>
ST_27 : Operation 225 [1/1] (0.00ns)   --->   "%be_53 = bitcast i16 %u_510" [../gen/Hls_Layers_UpConv.tpp:288]   --->   Operation 225 'bitcast' 'be_53' <Predicate = true> <Delay = 0.00>
ST_27 : Operation 226 [1/1] (0.00ns)   --->   "%g_54 = bitcast i16 %u_511" [../gen/Hls_Layers_UpConv.tpp:287]   --->   Operation 226 'bitcast' 'g_54' <Predicate = true> <Delay = 0.00>
ST_27 : Operation 227 [1/1] (0.00ns)   --->   "%u_512 = partselect i16 @_ssdm_op_PartSelect.i16.i256.i32, i256 %gmem_param_addr_8_read, i32 144" [../gen/Hls_Layers_UpConv.tpp:288]   --->   Operation 227 'partselect' 'u_512' <Predicate = true> <Delay = 0.00>
ST_27 : Operation 228 [1/1] (0.00ns)   --->   "%be_54 = bitcast i16 %u_512" [../gen/Hls_Layers_UpConv.tpp:288]   --->   Operation 228 'bitcast' 'be_54' <Predicate = true> <Delay = 0.00>
ST_27 : Operation 229 [1/1] (0.00ns)   --->   "%g_55 = bitcast i16 %u_513" [../gen/Hls_Layers_UpConv.tpp:287]   --->   Operation 229 'bitcast' 'g_55' <Predicate = true> <Delay = 0.00>
ST_27 : Operation 230 [1/1] (0.00ns)   --->   "%u_514 = partselect i16 @_ssdm_op_PartSelect.i16.i256.i32, i256 %gmem_param_addr_8_read, i32 160" [../gen/Hls_Layers_UpConv.tpp:288]   --->   Operation 230 'partselect' 'u_514' <Predicate = true> <Delay = 0.00>
ST_27 : Operation 231 [1/1] (0.00ns)   --->   "%be_55 = bitcast i16 %u_514" [../gen/Hls_Layers_UpConv.tpp:288]   --->   Operation 231 'bitcast' 'be_55' <Predicate = true> <Delay = 0.00>
ST_27 : Operation 232 [1/1] (0.00ns)   --->   "%g_56 = bitcast i16 %u_515" [../gen/Hls_Layers_UpConv.tpp:287]   --->   Operation 232 'bitcast' 'g_56' <Predicate = true> <Delay = 0.00>
ST_27 : Operation 233 [1/1] (0.00ns)   --->   "%u_516 = partselect i16 @_ssdm_op_PartSelect.i16.i256.i32, i256 %gmem_param_addr_8_read, i32 176" [../gen/Hls_Layers_UpConv.tpp:288]   --->   Operation 233 'partselect' 'u_516' <Predicate = true> <Delay = 0.00>
ST_27 : Operation 234 [1/1] (0.00ns)   --->   "%be_56 = bitcast i16 %u_516" [../gen/Hls_Layers_UpConv.tpp:288]   --->   Operation 234 'bitcast' 'be_56' <Predicate = true> <Delay = 0.00>
ST_27 : Operation 235 [1/1] (0.00ns)   --->   "%g_57 = bitcast i16 %u_517" [../gen/Hls_Layers_UpConv.tpp:287]   --->   Operation 235 'bitcast' 'g_57' <Predicate = true> <Delay = 0.00>
ST_27 : Operation 236 [1/1] (0.00ns)   --->   "%u_518 = partselect i16 @_ssdm_op_PartSelect.i16.i256.i32, i256 %gmem_param_addr_8_read, i32 192" [../gen/Hls_Layers_UpConv.tpp:288]   --->   Operation 236 'partselect' 'u_518' <Predicate = true> <Delay = 0.00>
ST_27 : Operation 237 [1/1] (0.00ns)   --->   "%be_57 = bitcast i16 %u_518" [../gen/Hls_Layers_UpConv.tpp:288]   --->   Operation 237 'bitcast' 'be_57' <Predicate = true> <Delay = 0.00>
ST_27 : Operation 238 [1/1] (0.00ns)   --->   "%g_58 = bitcast i16 %u_519" [../gen/Hls_Layers_UpConv.tpp:287]   --->   Operation 238 'bitcast' 'g_58' <Predicate = true> <Delay = 0.00>
ST_27 : Operation 239 [1/1] (0.00ns)   --->   "%u_520 = partselect i16 @_ssdm_op_PartSelect.i16.i256.i32, i256 %gmem_param_addr_8_read, i32 208" [../gen/Hls_Layers_UpConv.tpp:288]   --->   Operation 239 'partselect' 'u_520' <Predicate = true> <Delay = 0.00>
ST_27 : Operation 240 [1/1] (0.00ns)   --->   "%be_58 = bitcast i16 %u_520" [../gen/Hls_Layers_UpConv.tpp:288]   --->   Operation 240 'bitcast' 'be_58' <Predicate = true> <Delay = 0.00>
ST_27 : Operation 241 [1/1] (0.00ns)   --->   "%g_59 = bitcast i16 %u_521" [../gen/Hls_Layers_UpConv.tpp:287]   --->   Operation 241 'bitcast' 'g_59' <Predicate = true> <Delay = 0.00>
ST_27 : Operation 242 [1/1] (0.00ns)   --->   "%u_522 = partselect i16 @_ssdm_op_PartSelect.i16.i256.i32, i256 %gmem_param_addr_8_read, i32 224" [../gen/Hls_Layers_UpConv.tpp:288]   --->   Operation 242 'partselect' 'u_522' <Predicate = true> <Delay = 0.00>
ST_27 : Operation 243 [1/1] (0.00ns)   --->   "%be_59 = bitcast i16 %u_522" [../gen/Hls_Layers_UpConv.tpp:288]   --->   Operation 243 'bitcast' 'be_59' <Predicate = true> <Delay = 0.00>
ST_27 : Operation 244 [1/1] (0.00ns)   --->   "%g_60 = bitcast i16 %u_523" [../gen/Hls_Layers_UpConv.tpp:287]   --->   Operation 244 'bitcast' 'g_60' <Predicate = true> <Delay = 0.00>
ST_27 : Operation 245 [1/1] (0.00ns)   --->   "%u_524 = partselect i16 @_ssdm_op_PartSelect.i16.i256.i32, i256 %gmem_param_addr_8_read, i32 240" [../gen/Hls_Layers_UpConv.tpp:288]   --->   Operation 245 'partselect' 'u_524' <Predicate = true> <Delay = 0.00>
ST_27 : Operation 246 [1/1] (0.00ns)   --->   "%be_60 = bitcast i16 %u_524" [../gen/Hls_Layers_UpConv.tpp:288]   --->   Operation 246 'bitcast' 'be_60' <Predicate = true> <Delay = 0.00>
ST_27 : Operation 247 [2/2] (0.00ns)   --->   "%call_ln278 = call void @UpConv_Fused_Row<8, 16, 16, 16, 16>_Pipeline_PIXEL_NORM, i256 %gmem_out, i59 %trunc_ln4, i16 %g, i16 %be, i16 %g_46, i16 %be_46, i16 %g_47, i16 %be_47, i16 %g_48, i16 %be_48, i16 %g_49, i16 %be_49, i16 %g_50, i16 %be_50, i16 %g_51, i16 %be_51, i16 %g_52, i16 %be_52, i16 %g_53, i16 %be_53, i16 %g_54, i16 %be_54, i16 %g_55, i16 %be_55, i16 %g_56, i16 %be_56, i16 %g_57, i16 %be_57, i16 %g_58, i16 %be_58, i16 %g_59, i16 %be_59, i16 %g_60, i16 %be_60, i32 %mean_buf_3, i16 %inv_buf_3, i16 %void_UpConv_Fused_Row_ap_uint_ap_uint_const_ap_uint_const_ap_uint_const_ap_u_39, i16 %void_UpConv_Fused_Row_ap_uint_ap_uint_const_ap_uint_const_ap_uint_const_ap_u_38, i16 %void_UpConv_Fused_Row_ap_uint_ap_uint_const_ap_uint_const_ap_uint_const_ap_u_37, i16 %void_UpConv_Fused_Row_ap_uint_ap_uint_const_ap_uint_const_ap_uint_const_ap_u_36, i16 %void_UpConv_Fused_Row_ap_uint_ap_uint_const_ap_uint_const_ap_uint_const_ap_u_35, i16 %void_UpConv_Fused_Row_ap_uint_ap_uint_const_ap_uint_const_ap_uint_const_ap_u_34, i16 %void_UpConv_Fused_Row_ap_uint_ap_uint_const_ap_uint_const_ap_uint_const_ap_u_33, i16 %void_UpConv_Fused_Row_ap_uint_ap_uint_const_ap_uint_const_ap_uint_const_ap_u_32, i16 %void_UpConv_Fused_Row_ap_uint_ap_uint_const_ap_uint_const_ap_uint_const_ap_u_31, i16 %void_UpConv_Fused_Row_ap_uint_ap_uint_const_ap_uint_const_ap_uint_const_ap_u_30, i16 %p_ZZ16UpConv_Fused_RowILi8ELi16ELi16ELi16ELi16EEvP7ap_uintILi256EEPKS1_S4_S4_S4_S_5, i16 %p_ZZ16UpConv_Fused_RowILi8ELi16ELi16ELi16ELi16EEvP7ap_uintILi256EEPKS1_S4_S4_S4_S_4, i16 %p_ZZ16UpConv_Fused_RowILi8ELi16ELi16ELi16ELi16EEvP7ap_uintILi256EEPKS1_S4_S4_S4_S_3, i16 %p_ZZ16UpConv_Fused_RowILi8ELi16ELi16ELi16ELi16EEvP7ap_uintILi256EEPKS1_S4_S4_S4_S_2, i16 %p_ZZ16UpConv_Fused_RowILi8ELi16ELi16ELi16ELi16EEvP7ap_uintILi256EEPKS1_S4_S4_S4_S_1, i16 %p_ZZ16UpConv_Fused_RowILi8ELi16ELi16ELi16ELi16EEvP7ap_uintILi256EEPKS1_S4_S4_S4_S" [../gen/Hls_Layers_UpConv.tpp:278]   --->   Operation 247 'call' 'call_ln278' <Predicate = true> <Delay = 0.00> <CoreType = "Generic">   --->   Generic Core

State 28 <SV = 24> <Delay = 0.00>
ST_28 : Operation 248 [1/2] (0.00ns)   --->   "%call_ln278 = call void @UpConv_Fused_Row<8, 16, 16, 16, 16>_Pipeline_PIXEL_NORM, i256 %gmem_out, i59 %trunc_ln4, i16 %g, i16 %be, i16 %g_46, i16 %be_46, i16 %g_47, i16 %be_47, i16 %g_48, i16 %be_48, i16 %g_49, i16 %be_49, i16 %g_50, i16 %be_50, i16 %g_51, i16 %be_51, i16 %g_52, i16 %be_52, i16 %g_53, i16 %be_53, i16 %g_54, i16 %be_54, i16 %g_55, i16 %be_55, i16 %g_56, i16 %be_56, i16 %g_57, i16 %be_57, i16 %g_58, i16 %be_58, i16 %g_59, i16 %be_59, i16 %g_60, i16 %be_60, i32 %mean_buf_3, i16 %inv_buf_3, i16 %void_UpConv_Fused_Row_ap_uint_ap_uint_const_ap_uint_const_ap_uint_const_ap_u_39, i16 %void_UpConv_Fused_Row_ap_uint_ap_uint_const_ap_uint_const_ap_uint_const_ap_u_38, i16 %void_UpConv_Fused_Row_ap_uint_ap_uint_const_ap_uint_const_ap_uint_const_ap_u_37, i16 %void_UpConv_Fused_Row_ap_uint_ap_uint_const_ap_uint_const_ap_uint_const_ap_u_36, i16 %void_UpConv_Fused_Row_ap_uint_ap_uint_const_ap_uint_const_ap_uint_const_ap_u_35, i16 %void_UpConv_Fused_Row_ap_uint_ap_uint_const_ap_uint_const_ap_uint_const_ap_u_34, i16 %void_UpConv_Fused_Row_ap_uint_ap_uint_const_ap_uint_const_ap_uint_const_ap_u_33, i16 %void_UpConv_Fused_Row_ap_uint_ap_uint_const_ap_uint_const_ap_uint_const_ap_u_32, i16 %void_UpConv_Fused_Row_ap_uint_ap_uint_const_ap_uint_const_ap_uint_const_ap_u_31, i16 %void_UpConv_Fused_Row_ap_uint_ap_uint_const_ap_uint_const_ap_uint_const_ap_u_30, i16 %p_ZZ16UpConv_Fused_RowILi8ELi16ELi16ELi16ELi16EEvP7ap_uintILi256EEPKS1_S4_S4_S4_S_5, i16 %p_ZZ16UpConv_Fused_RowILi8ELi16ELi16ELi16ELi16EEvP7ap_uintILi256EEPKS1_S4_S4_S4_S_4, i16 %p_ZZ16UpConv_Fused_RowILi8ELi16ELi16ELi16ELi16EEvP7ap_uintILi256EEPKS1_S4_S4_S4_S_3, i16 %p_ZZ16UpConv_Fused_RowILi8ELi16ELi16ELi16ELi16EEvP7ap_uintILi256EEPKS1_S4_S4_S4_S_2, i16 %p_ZZ16UpConv_Fused_RowILi8ELi16ELi16ELi16ELi16EEvP7ap_uintILi256EEPKS1_S4_S4_S4_S_1, i16 %p_ZZ16UpConv_Fused_RowILi8ELi16ELi16ELi16ELi16EEvP7ap_uintILi256EEPKS1_S4_S4_S4_S" [../gen/Hls_Layers_UpConv.tpp:278]   --->   Operation 248 'call' 'call_ln278' <Predicate = true> <Delay = 0.00> <CoreType = "Generic">   --->   Generic Core

State 29 <SV = 25> <Delay = 2.43>
ST_29 : Operation 249 [5/5] (2.43ns)   --->   "%empty_366 = writeresp i1 @_ssdm_op_WriteResp.m_axi.p1i256, i256 %gmem_out_addr" [../gen/Hls_Layers_UpConv.tpp:296]   --->   Operation 249 'writeresp' 'empty_366' <Predicate = true> <Delay = 2.43> <CoreInst = "m_axi">   --->   Core 119 'm_axi' <Latency = 3> <II = 1> <Delay = 1.00> <Adapter> <Opcode : 'read' 'write' 'readreq' 'writereq' 'writeresp'>

State 30 <SV = 26> <Delay = 2.43>
ST_30 : Operation 250 [4/5] (2.43ns)   --->   "%empty_366 = writeresp i1 @_ssdm_op_WriteResp.m_axi.p1i256, i256 %gmem_out_addr" [../gen/Hls_Layers_UpConv.tpp:296]   --->   Operation 250 'writeresp' 'empty_366' <Predicate = true> <Delay = 2.43> <CoreInst = "m_axi">   --->   Core 119 'm_axi' <Latency = 3> <II = 1> <Delay = 1.00> <Adapter> <Opcode : 'read' 'write' 'readreq' 'writereq' 'writeresp'>

State 31 <SV = 27> <Delay = 2.43>
ST_31 : Operation 251 [3/5] (2.43ns)   --->   "%empty_366 = writeresp i1 @_ssdm_op_WriteResp.m_axi.p1i256, i256 %gmem_out_addr" [../gen/Hls_Layers_UpConv.tpp:296]   --->   Operation 251 'writeresp' 'empty_366' <Predicate = true> <Delay = 2.43> <CoreInst = "m_axi">   --->   Core 119 'm_axi' <Latency = 3> <II = 1> <Delay = 1.00> <Adapter> <Opcode : 'read' 'write' 'readreq' 'writereq' 'writeresp'>

State 32 <SV = 28> <Delay = 2.43>
ST_32 : Operation 252 [2/5] (2.43ns)   --->   "%empty_366 = writeresp i1 @_ssdm_op_WriteResp.m_axi.p1i256, i256 %gmem_out_addr" [../gen/Hls_Layers_UpConv.tpp:296]   --->   Operation 252 'writeresp' 'empty_366' <Predicate = true> <Delay = 2.43> <CoreInst = "m_axi">   --->   Core 119 'm_axi' <Latency = 3> <II = 1> <Delay = 1.00> <Adapter> <Opcode : 'read' 'write' 'readreq' 'writereq' 'writeresp'>

State 33 <SV = 29> <Delay = 2.43>
ST_33 : Operation 253 [1/1] (0.00ns)   --->   "%specmemcore_ln217 = specmemcore void @_ssdm_op_SpecMemCore, i256 %b_buf, i64 666, i64 30, i64 18446744073709551615" [../gen/Hls_Layers_UpConv.tpp:217]   --->   Operation 253 'specmemcore' 'specmemcore_ln217' <Predicate = true> <Delay = 0.00>
ST_33 : Operation 254 [1/1] (0.00ns)   --->   "%specmemcore_ln233 = specmemcore void @_ssdm_op_SpecMemCore, i32 %mean_buf_3, i64 666, i64 23, i64 18446744073709551615" [../gen/Hls_Layers_UpConv.tpp:233]   --->   Operation 254 'specmemcore' 'specmemcore_ln233' <Predicate = true> <Delay = 0.00>
ST_33 : Operation 255 [1/1] (0.00ns)   --->   "%specmemcore_ln234 = specmemcore void @_ssdm_op_SpecMemCore, i16 %inv_buf_3, i64 666, i64 23, i64 18446744073709551615" [../gen/Hls_Layers_UpConv.tpp:234]   --->   Operation 255 'specmemcore' 'specmemcore_ln234' <Predicate = true> <Delay = 0.00>
ST_33 : Operation 256 [1/5] (2.43ns)   --->   "%empty_366 = writeresp i1 @_ssdm_op_WriteResp.m_axi.p1i256, i256 %gmem_out_addr" [../gen/Hls_Layers_UpConv.tpp:296]   --->   Operation 256 'writeresp' 'empty_366' <Predicate = true> <Delay = 2.43> <CoreInst = "m_axi">   --->   Core 119 'm_axi' <Latency = 3> <II = 1> <Delay = 1.00> <Adapter> <Opcode : 'read' 'write' 'readreq' 'writereq' 'writeresp'>
ST_33 : Operation 257 [1/1] (0.00ns)   --->   "%ret_ln296 = ret" [../gen/Hls_Layers_UpConv.tpp:296]   --->   Operation 257 'ret' 'ret_ln296' <Predicate = true> <Delay = 0.00>


============================================================
+ Verbose Summary: Timing violations
============================================================
Target clock period: 3.333ns, clock uncertainty: 0.900ns.

 <State 1>: 0.427ns
The critical path consists of the following:
	'alloca' operation 2 bit ('tile', ../gen/Hls_Layers_UpConv.tpp:135) [30]  (0.000 ns)
	'store' operation 0 bit ('store_ln135', ../gen/Hls_Layers_UpConv.tpp:135) of constant 0 on local variable 'tile', ../gen/Hls_Layers_UpConv.tpp:135 [83]  (0.427 ns)

 <State 2>: 1.635ns
The critical path consists of the following:
	'call' operation 0 bit ('call_ln0') to 'UpConv_Fused_Row<8, 16, 16, 16, 16>_Pipeline_RESET_ROW_ACC' [68]  (1.635 ns)

 <State 3>: 2.433ns
The critical path consists of the following:
	wire read operation ('W_ptr_read') on port 'W_ptr' [37]  (0.000 ns)
	'getelementptr' operation 256 bit ('gmem_weight_addr', ../gen/Hls_Layers_UpConv.tpp:135) [81]  (0.000 ns)
	bus request operation ('empty', ../gen/Hls_Layers_UpConv.tpp:135) on port 'gmem_weight' (../gen/Hls_Layers_UpConv.tpp:135) [82]  (2.433 ns)

 <State 4>: 2.433ns
The critical path consists of the following:
	bus request operation ('empty', ../gen/Hls_Layers_UpConv.tpp:135) on port 'gmem_weight' (../gen/Hls_Layers_UpConv.tpp:135) [82]  (2.433 ns)

 <State 5>: 2.433ns
The critical path consists of the following:
	bus request operation ('empty', ../gen/Hls_Layers_UpConv.tpp:135) on port 'gmem_weight' (../gen/Hls_Layers_UpConv.tpp:135) [82]  (2.433 ns)

 <State 6>: 2.433ns
The critical path consists of the following:
	bus request operation ('empty', ../gen/Hls_Layers_UpConv.tpp:135) on port 'gmem_weight' (../gen/Hls_Layers_UpConv.tpp:135) [82]  (2.433 ns)

 <State 7>: 2.433ns
The critical path consists of the following:
	bus request operation ('empty', ../gen/Hls_Layers_UpConv.tpp:135) on port 'gmem_weight' (../gen/Hls_Layers_UpConv.tpp:135) [82]  (2.433 ns)

 <State 8>: 2.433ns
The critical path consists of the following:
	bus request operation ('empty', ../gen/Hls_Layers_UpConv.tpp:135) on port 'gmem_weight' (../gen/Hls_Layers_UpConv.tpp:135) [82]  (2.433 ns)

 <State 9>: 2.433ns
The critical path consists of the following:
	bus request operation ('empty', ../gen/Hls_Layers_UpConv.tpp:135) on port 'gmem_weight' (../gen/Hls_Layers_UpConv.tpp:135) [82]  (2.433 ns)

 <State 10>: 2.433ns
The critical path consists of the following:
	bus request operation ('empty', ../gen/Hls_Layers_UpConv.tpp:135) on port 'gmem_weight' (../gen/Hls_Layers_UpConv.tpp:135) [82]  (2.433 ns)

 <State 11>: 1.085ns
The critical path consists of the following:
	'add' operation 64 bit ('add_ln278', ../gen/Hls_Layers_UpConv.tpp:278) [216]  (1.085 ns)

 <State 12>: 0.427ns
The critical path consists of the following:
	multiplexor before 'phi' operation 2 bit ('kh', ../gen/Hls_Layers_UpConv.tpp:151) with incoming values : ('add_ln151', ../gen/Hls_Layers_UpConv.tpp:151) [97]  (0.427 ns)

 <State 13>: 1.616ns
The critical path consists of the following:
	'phi' operation 2 bit ('kh', ../gen/Hls_Layers_UpConv.tpp:151) with incoming values : ('add_ln151', ../gen/Hls_Layers_UpConv.tpp:151) [97]  (0.000 ns)
	'sub' operation 7 bit ('sub_ln152', ../gen/Hls_Layers_UpConv.tpp:152) [105]  (0.781 ns)
	'icmp' operation 1 bit ('icmp_ln155', ../gen/Hls_Layers_UpConv.tpp:155) [109]  (0.548 ns)
	'or' operation 1 bit ('or_ln155_1', ../gen/Hls_Layers_UpConv.tpp:155) [110]  (0.000 ns)
	'or' operation 1 bit ('or_ln155', ../gen/Hls_Layers_UpConv.tpp:155) [111]  (0.287 ns)
	'call' operation 0 bit ('call_ln151', ../gen/Hls_Layers_UpConv.tpp:151) to 'UpConv_Fused_Row<8, 16, 16, 16, 16>_Pipeline_KW_LOOP_FLAT_LOOP' [120]  (0.000 ns)

 <State 14>: 0.000ns
The critical path consists of the following:

 <State 15>: 2.433ns
The critical path consists of the following:
	'getelementptr' operation 256 bit ('gmem_param_addr', ../gen/Hls_Layers_UpConv.tpp:223) [132]  (0.000 ns)
	bus request operation ('gmem_param_load_req', ../gen/Hls_Layers_UpConv.tpp:223) on port 'gmem_param' (../gen/Hls_Layers_UpConv.tpp:223) [133]  (2.433 ns)

 <State 16>: 2.433ns
The critical path consists of the following:
	bus request operation ('gmem_param_load_req', ../gen/Hls_Layers_UpConv.tpp:223) on port 'gmem_param' (../gen/Hls_Layers_UpConv.tpp:223) [133]  (2.433 ns)

 <State 17>: 2.433ns
The critical path consists of the following:
	bus request operation ('gmem_param_load_req', ../gen/Hls_Layers_UpConv.tpp:223) on port 'gmem_param' (../gen/Hls_Layers_UpConv.tpp:223) [133]  (2.433 ns)

 <State 18>: 2.433ns
The critical path consists of the following:
	bus request operation ('gmem_param_load_req', ../gen/Hls_Layers_UpConv.tpp:223) on port 'gmem_param' (../gen/Hls_Layers_UpConv.tpp:223) [133]  (2.433 ns)

 <State 19>: 2.433ns
The critical path consists of the following:
	bus request operation ('gmem_param_load_req', ../gen/Hls_Layers_UpConv.tpp:223) on port 'gmem_param' (../gen/Hls_Layers_UpConv.tpp:223) [133]  (2.433 ns)

 <State 20>: 2.433ns
The critical path consists of the following:
	bus request operation ('gmem_param_load_req', ../gen/Hls_Layers_UpConv.tpp:223) on port 'gmem_param' (../gen/Hls_Layers_UpConv.tpp:223) [133]  (2.433 ns)

 <State 21>: 2.433ns
The critical path consists of the following:
	bus request operation ('gmem_param_load_req', ../gen/Hls_Layers_UpConv.tpp:223) on port 'gmem_param' (../gen/Hls_Layers_UpConv.tpp:223) [133]  (2.433 ns)

 <State 22>: 2.433ns
The critical path consists of the following:
	bus request operation ('gmem_param_load_req', ../gen/Hls_Layers_UpConv.tpp:223) on port 'gmem_param' (../gen/Hls_Layers_UpConv.tpp:223) [133]  (2.433 ns)

 <State 23>: 2.433ns
The critical path consists of the following:
	bus read operation ('gmem_param_addr_read', ../gen/Hls_Layers_UpConv.tpp:223) on port 'gmem_param' (../gen/Hls_Layers_UpConv.tpp:223) [134]  (2.433 ns)

 <State 24>: 2.433ns
The critical path consists of the following:
	bus request operation ('gmem_param_load_7_req', ../gen/Hls_Layers_UpConv.tpp:224) on port 'gmem_param' (../gen/Hls_Layers_UpConv.tpp:224) [138]  (2.433 ns)

 <State 25>: 2.433ns
The critical path consists of the following:
	bus request operation ('gmem_param_load_7_req', ../gen/Hls_Layers_UpConv.tpp:224) on port 'gmem_param' (../gen/Hls_Layers_UpConv.tpp:224) [138]  (2.433 ns)

 <State 26>: 2.433ns
The critical path consists of the following:
	bus read operation ('gmem_param_addr_7_read', ../gen/Hls_Layers_UpConv.tpp:224) on port 'gmem_param' (../gen/Hls_Layers_UpConv.tpp:224) [139]  (2.433 ns)

 <State 27>: 2.433ns
The critical path consists of the following:
	bus read operation ('gmem_param_addr_8_read', ../gen/Hls_Layers_UpConv.tpp:225) on port 'gmem_param' (../gen/Hls_Layers_UpConv.tpp:225) [144]  (2.433 ns)

 <State 28>: 0.000ns
The critical path consists of the following:

 <State 29>: 2.433ns
The critical path consists of the following:
	bus response operation ('empty_366', ../gen/Hls_Layers_UpConv.tpp:296) on port 'gmem_out' (../gen/Hls_Layers_UpConv.tpp:296) [222]  (2.433 ns)

 <State 30>: 2.433ns
The critical path consists of the following:
	bus response operation ('empty_366', ../gen/Hls_Layers_UpConv.tpp:296) on port 'gmem_out' (../gen/Hls_Layers_UpConv.tpp:296) [222]  (2.433 ns)

 <State 31>: 2.433ns
The critical path consists of the following:
	bus response operation ('empty_366', ../gen/Hls_Layers_UpConv.tpp:296) on port 'gmem_out' (../gen/Hls_Layers_UpConv.tpp:296) [222]  (2.433 ns)

 <State 32>: 2.433ns
The critical path consists of the following:
	bus response operation ('empty_366', ../gen/Hls_Layers_UpConv.tpp:296) on port 'gmem_out' (../gen/Hls_Layers_UpConv.tpp:296) [222]  (2.433 ns)

 <State 33>: 2.433ns
The critical path consists of the following:
	bus response operation ('empty_366', ../gen/Hls_Layers_UpConv.tpp:296) on port 'gmem_out' (../gen/Hls_Layers_UpConv.tpp:296) [222]  (2.433 ns)


============================================================
+ Verbose Summary: Binding
============================================================
N/A
* FSMD analyzer results:
  - Output states:
 - Input state : 
  - Chain level:
	State 1
	State 2
	State 3
	State 4
	State 5
	State 6
	State 7
	State 8
	State 9
	State 10
	State 11
	State 12
	State 13
	State 14
	State 15
	State 16
	State 17
	State 18
	State 19
	State 20
	State 21
	State 22
	State 23
	State 24
	State 25
	State 26
	State 27
	State 28
	State 29
	State 30
	State 31
	State 32
	State 33


============================================================
+ Verbose Summary: Datapath Resource usage 
============================================================
N/A
