

================================================================
== Vitis HLS Report for 'UpConv_Fused_Row_8_Pipeline_RESET_ROW_ACC'
================================================================
* Date:           Wed Jun  3 12:32:18 2026

* Version:        2024.2 (Build 5238294 on Nov  8 2024)
* Project:        upconv_core_top
* Solution:       hls (Vivado IP Flow Target)
* Product family: zynquplus
* Target device:  xczu7ev-ffvc1156-2-e


================================================================
== Performance Estimates
================================================================
+ Timing: 
    * Summary: 
    +--------+---------+----------+------------+
    |  Clock |  Target | Estimated| Uncertainty|
    +--------+---------+----------+------------+
    |ap_clk  |  3.33 ns|  2.061 ns|     0.90 ns|
    +--------+---------+----------+------------+

+ Latency: 
    * Summary: 
    +---------+---------+----------+-----------+-----+------+------------------------------------------------+
    |  Latency (cycles) |  Latency (absolute)  |  Interval  |                    Pipeline                    |
    |   min   |   max   |    min   |    max    | min |  max |                      Type                      |
    +---------+---------+----------+-----------+-----+------+------------------------------------------------+
    |      130|     7682|  0.433 us|  25.604 us|  129|  7681|  loop auto-rewind stp (delay=0 clock cycles(s))|
    +---------+---------+----------+-----------+-----+------+------------------------------------------------+

    + Detail: 
        * Instance: 
        N/A

        * Loop: 
        +-----------------+---------+---------+----------+-----------+-----------+------------+----------+
        |                 |  Latency (cycles) | Iteration|  Initiation Interval  |    Trip    |          |
        |    Loop Name    |   min   |   max   |  Latency |  achieved |   target  |    Count   | Pipelined|
        +-----------------+---------+---------+----------+-----------+-----------+------------+----------+
        |- RESET_ROW_ACC  |      128|     7680|         2|          1|          1|  128 ~ 7680|       yes|
        +-----------------+---------+---------+----------+-----------+-----------+------------+----------+

============================================================
+ Verbose Summary: Synthesis Manager
============================================================
InlineROM: 1
ExposeGlobal: 0
============================================================
+ Verbose Summary: CDFG Model
============================================================
IsTopModel: 0
ResetActiveHigh: 1
IsCombinational: 0
IsDatapathOnly: 0
HasWiredReturn: 1
HasMFsm: 2
HasVarLatency: 1
IsPipeline: 0
IsRtlPipelined: 0
IsInstanceOverlapped: 0
IsDontTouch: 0
HasImplIP: 0
IsGatedGlobalClock: 0

+ Individual pipeline summary: 
  * Pipeline-0: initiation interval (II) = 1, depth = 2


============================================================
+ Verbose Summary: Schedule
============================================================
* Number of FSM states : 2
* Pipeline : 1
  Pipeline-0 : II = 1, D = 2, States = { 1 2 }
* Dataflow Pipeline: 0

* FSM state transitions: 
1 --> 2 
2 --> 

* FSM state operations: 

State 1 <SV = 0> <Delay = 1.67>
ST_1 : Operation 5 [1/1] (0.00ns)   --->   "%rcw = alloca i32 1" [../gen/UpConv_Unified.tpp:69->../gen/UpConv_Unified.tpp:344]   --->   Operation 5 'alloca' 'rcw' <Predicate = true> <Delay = 0.00>
ST_1 : Operation 6 [1/1] (0.00ns)   --->   "%rw = alloca i32 1" [../gen/UpConv_Unified.tpp:69->../gen/UpConv_Unified.tpp:344]   --->   Operation 6 'alloca' 'rw' <Predicate = true> <Delay = 0.00>
ST_1 : Operation 7 [1/1] (0.00ns)   --->   "%m = alloca i32 1" [../gen/UpConv_Unified.tpp:71->../gen/UpConv_Unified.tpp:344]   --->   Operation 7 'alloca' 'm' <Predicate = true> <Delay = 0.00>
ST_1 : Operation 8 [1/1] (0.00ns)   --->   "%sub_i_cast_read = read i5 @_ssdm_op_Read.ap_auto.i5, i5 %sub_i_cast"   --->   Operation 8 'read' 'sub_i_cast_read' <Predicate = true> <Delay = 0.00>
ST_1 : Operation 9 [1/1] (0.00ns)   --->   "%shl_ln_read = read i13 @_ssdm_op_Read.ap_auto.i13, i13 %shl_ln"   --->   Operation 9 'read' 'shl_ln_read' <Predicate = true> <Delay = 0.00>
ST_1 : Operation 10 [1/1] (0.00ns)   --->   "%sub_i_cast_cast = zext i5 %sub_i_cast_read"   --->   Operation 10 'zext' 'sub_i_cast_cast' <Predicate = true> <Delay = 0.00>
ST_1 : Operation 11 [1/1] (0.00ns)   --->   "%specmemcore_ln0 = specmemcore void @_ssdm_op_SpecMemCore, i16 %void_UpConv_Fused_Row_ap_uint_ap_uint_const_ap_uint_const_30_ap_uint_cons_9, i64 666, i64 31, i64 18446744073709551615"   --->   Operation 11 'specmemcore' 'specmemcore_ln0' <Predicate = true> <Delay = 0.00>
ST_1 : Operation 12 [1/1] (0.00ns)   --->   "%specmemcore_ln0 = specmemcore void @_ssdm_op_SpecMemCore, i16 %void_UpConv_Fused_Row_ap_uint_ap_uint_const_ap_uint_const_30_ap_uint_cons_8, i64 666, i64 31, i64 18446744073709551615"   --->   Operation 12 'specmemcore' 'specmemcore_ln0' <Predicate = true> <Delay = 0.00>
ST_1 : Operation 13 [1/1] (0.00ns)   --->   "%specmemcore_ln0 = specmemcore void @_ssdm_op_SpecMemCore, i16 %void_UpConv_Fused_Row_ap_uint_ap_uint_const_ap_uint_const_30_ap_uint_cons_7, i64 666, i64 31, i64 18446744073709551615"   --->   Operation 13 'specmemcore' 'specmemcore_ln0' <Predicate = true> <Delay = 0.00>
ST_1 : Operation 14 [1/1] (0.00ns)   --->   "%specmemcore_ln0 = specmemcore void @_ssdm_op_SpecMemCore, i16 %void_UpConv_Fused_Row_ap_uint_ap_uint_const_ap_uint_const_30_ap_uint_cons_6, i64 666, i64 31, i64 18446744073709551615"   --->   Operation 14 'specmemcore' 'specmemcore_ln0' <Predicate = true> <Delay = 0.00>
ST_1 : Operation 15 [1/1] (0.00ns)   --->   "%specmemcore_ln0 = specmemcore void @_ssdm_op_SpecMemCore, i16 %void_UpConv_Fused_Row_ap_uint_ap_uint_const_ap_uint_const_30_ap_uint_cons_5, i64 666, i64 31, i64 18446744073709551615"   --->   Operation 15 'specmemcore' 'specmemcore_ln0' <Predicate = true> <Delay = 0.00>
ST_1 : Operation 16 [1/1] (0.00ns)   --->   "%specmemcore_ln0 = specmemcore void @_ssdm_op_SpecMemCore, i16 %void_UpConv_Fused_Row_ap_uint_ap_uint_const_ap_uint_const_30_ap_uint_cons_4, i64 666, i64 31, i64 18446744073709551615"   --->   Operation 16 'specmemcore' 'specmemcore_ln0' <Predicate = true> <Delay = 0.00>
ST_1 : Operation 17 [1/1] (0.00ns)   --->   "%specmemcore_ln0 = specmemcore void @_ssdm_op_SpecMemCore, i16 %void_UpConv_Fused_Row_ap_uint_ap_uint_const_ap_uint_const_30_ap_uint_cons_3, i64 666, i64 31, i64 18446744073709551615"   --->   Operation 17 'specmemcore' 'specmemcore_ln0' <Predicate = true> <Delay = 0.00>
ST_1 : Operation 18 [1/1] (0.00ns)   --->   "%specmemcore_ln0 = specmemcore void @_ssdm_op_SpecMemCore, i16 %void_UpConv_Fused_Row_ap_uint_ap_uint_const_ap_uint_const_30_ap_uint_cons_2, i64 666, i64 31, i64 18446744073709551615"   --->   Operation 18 'specmemcore' 'specmemcore_ln0' <Predicate = true> <Delay = 0.00>
ST_1 : Operation 19 [1/1] (0.00ns)   --->   "%specmemcore_ln0 = specmemcore void @_ssdm_op_SpecMemCore, i16 %void_UpConv_Fused_Row_ap_uint_ap_uint_const_ap_uint_const_30_ap_uint_cons_1, i64 666, i64 31, i64 18446744073709551615"   --->   Operation 19 'specmemcore' 'specmemcore_ln0' <Predicate = true> <Delay = 0.00>
ST_1 : Operation 20 [1/1] (0.00ns)   --->   "%specmemcore_ln0 = specmemcore void @_ssdm_op_SpecMemCore, i16 %void_UpConv_Fused_Row_ap_uint_ap_uint_const_ap_uint_const_30_ap_uint_cons, i64 666, i64 31, i64 18446744073709551615"   --->   Operation 20 'specmemcore' 'specmemcore_ln0' <Predicate = true> <Delay = 0.00>
ST_1 : Operation 21 [1/1] (0.00ns)   --->   "%specmemcore_ln0 = specmemcore void @_ssdm_op_SpecMemCore, i16 %p_ZZ16UpConv_Fused_RowILi8EEvP7ap_uintILi256EEPKS1_RA30_S3_S6_S6_S2_DhfiiiiiE7row_5, i64 666, i64 31, i64 18446744073709551615"   --->   Operation 21 'specmemcore' 'specmemcore_ln0' <Predicate = true> <Delay = 0.00>
ST_1 : Operation 22 [1/1] (0.00ns)   --->   "%specmemcore_ln0 = specmemcore void @_ssdm_op_SpecMemCore, i16 %p_ZZ16UpConv_Fused_RowILi8EEvP7ap_uintILi256EEPKS1_RA30_S3_S6_S6_S2_DhfiiiiiE7row_4, i64 666, i64 31, i64 18446744073709551615"   --->   Operation 22 'specmemcore' 'specmemcore_ln0' <Predicate = true> <Delay = 0.00>
ST_1 : Operation 23 [1/1] (0.00ns)   --->   "%specmemcore_ln0 = specmemcore void @_ssdm_op_SpecMemCore, i16 %p_ZZ16UpConv_Fused_RowILi8EEvP7ap_uintILi256EEPKS1_RA30_S3_S6_S6_S2_DhfiiiiiE7row_3, i64 666, i64 31, i64 18446744073709551615"   --->   Operation 23 'specmemcore' 'specmemcore_ln0' <Predicate = true> <Delay = 0.00>
ST_1 : Operation 24 [1/1] (0.00ns)   --->   "%specmemcore_ln0 = specmemcore void @_ssdm_op_SpecMemCore, i16 %p_ZZ16UpConv_Fused_RowILi8EEvP7ap_uintILi256EEPKS1_RA30_S3_S6_S6_S2_DhfiiiiiE7row_2, i64 666, i64 31, i64 18446744073709551615"   --->   Operation 24 'specmemcore' 'specmemcore_ln0' <Predicate = true> <Delay = 0.00>
ST_1 : Operation 25 [1/1] (0.00ns)   --->   "%specmemcore_ln0 = specmemcore void @_ssdm_op_SpecMemCore, i16 %p_ZZ16UpConv_Fused_RowILi8EEvP7ap_uintILi256EEPKS1_RA30_S3_S6_S6_S2_DhfiiiiiE7row_1, i64 666, i64 31, i64 18446744073709551615"   --->   Operation 25 'specmemcore' 'specmemcore_ln0' <Predicate = true> <Delay = 0.00>
ST_1 : Operation 26 [1/1] (0.00ns)   --->   "%specmemcore_ln0 = specmemcore void @_ssdm_op_SpecMemCore, i16 %p_ZZ16UpConv_Fused_RowILi8EEvP7ap_uintILi256EEPKS1_RA30_S3_S6_S6_S2_DhfiiiiiE7row, i64 666, i64 31, i64 18446744073709551615"   --->   Operation 26 'specmemcore' 'specmemcore_ln0' <Predicate = true> <Delay = 0.00>
ST_1 : Operation 27 [1/1] (0.42ns)   --->   "%store_ln71 = store i13 0, i13 %m" [../gen/UpConv_Unified.tpp:71->../gen/UpConv_Unified.tpp:344]   --->   Operation 27 'store' 'store_ln71' <Predicate = true> <Delay = 0.42>
ST_1 : Operation 28 [1/1] (0.42ns)   --->   "%store_ln69 = store i32 0, i32 %rw" [../gen/UpConv_Unified.tpp:69->../gen/UpConv_Unified.tpp:344]   --->   Operation 28 'store' 'store_ln69' <Predicate = true> <Delay = 0.42>
ST_1 : Operation 29 [1/1] (0.42ns)   --->   "%store_ln69 = store i32 0, i32 %rcw" [../gen/UpConv_Unified.tpp:69->../gen/UpConv_Unified.tpp:344]   --->   Operation 29 'store' 'store_ln69' <Predicate = true> <Delay = 0.42>
ST_1 : Operation 30 [1/1] (0.00ns)   --->   "%br_ln0 = br void %for.body.i"   --->   Operation 30 'br' 'br_ln0' <Predicate = true> <Delay = 0.00>
ST_1 : Operation 31 [1/1] (0.00ns)   --->   "%m_2 = load i13 %m" [../gen/UpConv_Unified.tpp:71->../gen/UpConv_Unified.tpp:344]   --->   Operation 31 'load' 'm_2' <Predicate = true> <Delay = 0.00>
ST_1 : Operation 32 [1/1] (0.82ns)   --->   "%icmp_ln71 = icmp_eq  i13 %m_2, i13 %shl_ln_read" [../gen/UpConv_Unified.tpp:71->../gen/UpConv_Unified.tpp:344]   --->   Operation 32 'icmp' 'icmp_ln71' <Predicate = true> <Delay = 0.82> <CoreInst = "Cmp">   --->   Core 9 'Cmp' <Latency = 0> <II = 1> <Delay = 0.82> <FuncUnit> <Opcode : 'seteq' 'setne' 'setle' 'setge' 'setlt' 'setgt'> <InPorts = 2> <OutPorts = 1>
ST_1 : Operation 33 [1/1] (0.82ns)   --->   "%m_3 = add i13 %m_2, i13 1" [../gen/UpConv_Unified.tpp:71->../gen/UpConv_Unified.tpp:344]   --->   Operation 33 'add' 'm_3' <Predicate = true> <Delay = 0.82> <CoreInst = "Adder">   --->   Core 1 'Adder' <Latency = 0> <II = 1> <Delay = 0.82> <FuncUnit> <Opcode : 'add' 'sub'> <InPorts = 2> <OutPorts = 1>
ST_1 : Operation 34 [1/1] (0.00ns)   --->   "%br_ln71 = br i1 %icmp_ln71, void %for.body.i.split, void %TILE_LOOP.loopexit.exitStub" [../gen/UpConv_Unified.tpp:71->../gen/UpConv_Unified.tpp:344]   --->   Operation 34 'br' 'br_ln71' <Predicate = true> <Delay = 0.00>
ST_1 : Operation 35 [1/1] (0.42ns)   --->   "%store_ln71 = store i13 %m_3, i13 %m" [../gen/UpConv_Unified.tpp:71->../gen/UpConv_Unified.tpp:344]   --->   Operation 35 'store' 'store_ln71' <Predicate = (!icmp_ln71)> <Delay = 0.42>
ST_1 : Operation 89 [1/1] (0.42ns)   --->   "%ret_ln0 = ret"   --->   Operation 89 'ret' 'ret_ln0' <Predicate = (icmp_ln71)> <Delay = 0.42>

State 2 <SV = 1> <Delay = 2.06>
ST_2 : Operation 36 [1/1] (0.00ns)   --->   "%rcw_load = load i32 %rcw" [../gen/UpConv_Unified.tpp:71->../gen/UpConv_Unified.tpp:344]   --->   Operation 36 'load' 'rcw_load' <Predicate = true> <Delay = 0.00>
ST_2 : Operation 37 [1/1] (0.00ns)   --->   "%rw_load = load i32 %rw" [../gen/UpConv_Unified.tpp:76->../gen/UpConv_Unified.tpp:344]   --->   Operation 37 'load' 'rw_load' <Predicate = true> <Delay = 0.00>
ST_2 : Operation 38 [1/1] (0.00ns)   --->   "%trunc_ln71 = trunc i32 %rcw_load" [../gen/UpConv_Unified.tpp:71->../gen/UpConv_Unified.tpp:344]   --->   Operation 38 'trunc' 'trunc_ln71' <Predicate = true> <Delay = 0.00>
ST_2 : Operation 39 [1/1] (0.00ns)   --->   "%specpipeline_ln72 = specpipeline void @_ssdm_op_SpecPipeline, i32 1, i32 0, i32 0, i32 0, void @empty_29" [../gen/UpConv_Unified.tpp:72->../gen/UpConv_Unified.tpp:344]   --->   Operation 39 'specpipeline' 'specpipeline_ln72' <Predicate = true> <Delay = 0.00>
ST_2 : Operation 40 [1/1] (0.00ns)   --->   "%speclooptripcount_ln73 = speclooptripcount void @_ssdm_op_SpecLoopTripCount, i64 128, i64 7680, i64 3840" [../gen/UpConv_Unified.tpp:73->../gen/UpConv_Unified.tpp:344]   --->   Operation 40 'speclooptripcount' 'speclooptripcount_ln73' <Predicate = true> <Delay = 0.00>
ST_2 : Operation 41 [1/1] (0.00ns)   --->   "%specloopname_ln71 = specloopname void @_ssdm_op_SpecLoopName, void @empty_21" [../gen/UpConv_Unified.tpp:71->../gen/UpConv_Unified.tpp:344]   --->   Operation 41 'specloopname' 'specloopname_ln71' <Predicate = true> <Delay = 0.00>
ST_2 : Operation 42 [1/1] (0.00ns)   --->   "%trunc_ln76 = trunc i32 %rw_load" [../gen/UpConv_Unified.tpp:76->../gen/UpConv_Unified.tpp:344]   --->   Operation 42 'trunc' 'trunc_ln76' <Predicate = true> <Delay = 0.00>
ST_2 : Operation 43 [1/1] (0.00ns)   --->   "%p_shl = bitconcatenate i13 @_ssdm_op_BitConcatenate.i13.i8.i5, i8 %trunc_ln76, i5 0" [../gen/UpConv_Unified.tpp:76->../gen/UpConv_Unified.tpp:344]   --->   Operation 43 'bitconcatenate' 'p_shl' <Predicate = true> <Delay = 0.00>
ST_2 : Operation 44 [1/1] (0.00ns)   --->   "%trunc_ln76_1 = trunc i32 %rw_load" [../gen/UpConv_Unified.tpp:76->../gen/UpConv_Unified.tpp:344]   --->   Operation 44 'trunc' 'trunc_ln76_1' <Predicate = true> <Delay = 0.00>
ST_2 : Operation 45 [1/1] (0.00ns)   --->   "%p_shl8 = bitconcatenate i13 @_ssdm_op_BitConcatenate.i13.i12.i1, i12 %trunc_ln76_1, i1 0" [../gen/UpConv_Unified.tpp:76->../gen/UpConv_Unified.tpp:344]   --->   Operation 45 'bitconcatenate' 'p_shl8' <Predicate = true> <Delay = 0.00>
ST_2 : Operation 46 [1/1] (0.00ns) (grouped into TernaryAdder)   --->   "%sub_ln76 = sub i13 %p_shl, i13 %p_shl8" [../gen/UpConv_Unified.tpp:76->../gen/UpConv_Unified.tpp:344]   --->   Operation 46 'sub' 'sub_ln76' <Predicate = true> <Delay = 0.00> <CoreInst = "TAddSub">   --->   Core 10 'TAddSub' <Latency = 0> <II = 1> <Delay = 0.41> <IPBlock> <Opcode : '' 'add' 'sub'> <InPorts = 3> <OutPorts = 1> <Sync> <CReg>
ST_2 : Operation 47 [1/1] (0.82ns) (root node of TernaryAdder)   --->   "%add_ln76 = add i13 %sub_ln76, i13 %trunc_ln71" [../gen/UpConv_Unified.tpp:76->../gen/UpConv_Unified.tpp:344]   --->   Operation 47 'add' 'add_ln76' <Predicate = true> <Delay = 0.82> <CoreInst = "TAddSub">   --->   Core 10 'TAddSub' <Latency = 0> <II = 1> <Delay = 0.41> <IPBlock> <Opcode : '' 'add' 'sub'> <InPorts = 3> <OutPorts = 1> <Sync> <CReg>
ST_2 : Operation 48 [1/1] (0.00ns)   --->   "%zext_ln76 = zext i13 %add_ln76" [../gen/UpConv_Unified.tpp:76->../gen/UpConv_Unified.tpp:344]   --->   Operation 48 'zext' 'zext_ln76' <Predicate = true> <Delay = 0.00>
ST_2 : Operation 49 [1/1] (0.00ns)   --->   "%p_ZZ16UpConv_Fused_RowILi8EEvP7ap_uintILi256EEPKS1_RA30_S3_S6_S6_S2_DhfiiiiiE7row_6 = getelementptr i16 %p_ZZ16UpConv_Fused_RowILi8EEvP7ap_uintILi256EEPKS1_RA30_S3_S6_S6_S2_DhfiiiiiE7row_5, i64 0, i64 %zext_ln76" [../gen/UpConv_Unified.tpp:76->../gen/UpConv_Unified.tpp:344]   --->   Operation 49 'getelementptr' 'p_ZZ16UpConv_Fused_RowILi8EEvP7ap_uintILi256EEPKS1_RA30_S3_S6_S6_S2_DhfiiiiiE7row_6' <Predicate = true> <Delay = 0.00>
ST_2 : Operation 50 [1/1] (0.00ns)   --->   "%p_ZZ16UpConv_Fused_RowILi8EEvP7ap_uintILi256EEPKS1_RA30_S3_S6_S6_S2_DhfiiiiiE7row_7 = getelementptr i16 %p_ZZ16UpConv_Fused_RowILi8EEvP7ap_uintILi256EEPKS1_RA30_S3_S6_S6_S2_DhfiiiiiE7row_4, i64 0, i64 %zext_ln76" [../gen/UpConv_Unified.tpp:76->../gen/UpConv_Unified.tpp:344]   --->   Operation 50 'getelementptr' 'p_ZZ16UpConv_Fused_RowILi8EEvP7ap_uintILi256EEPKS1_RA30_S3_S6_S6_S2_DhfiiiiiE7row_7' <Predicate = true> <Delay = 0.00>
ST_2 : Operation 51 [1/1] (0.00ns)   --->   "%p_ZZ16UpConv_Fused_RowILi8EEvP7ap_uintILi256EEPKS1_RA30_S3_S6_S6_S2_DhfiiiiiE7row_8 = getelementptr i16 %p_ZZ16UpConv_Fused_RowILi8EEvP7ap_uintILi256EEPKS1_RA30_S3_S6_S6_S2_DhfiiiiiE7row_3, i64 0, i64 %zext_ln76" [../gen/UpConv_Unified.tpp:76->../gen/UpConv_Unified.tpp:344]   --->   Operation 51 'getelementptr' 'p_ZZ16UpConv_Fused_RowILi8EEvP7ap_uintILi256EEPKS1_RA30_S3_S6_S6_S2_DhfiiiiiE7row_8' <Predicate = true> <Delay = 0.00>
ST_2 : Operation 52 [1/1] (0.00ns)   --->   "%p_ZZ16UpConv_Fused_RowILi8EEvP7ap_uintILi256EEPKS1_RA30_S3_S6_S6_S2_DhfiiiiiE7row_9 = getelementptr i16 %p_ZZ16UpConv_Fused_RowILi8EEvP7ap_uintILi256EEPKS1_RA30_S3_S6_S6_S2_DhfiiiiiE7row_2, i64 0, i64 %zext_ln76" [../gen/UpConv_Unified.tpp:76->../gen/UpConv_Unified.tpp:344]   --->   Operation 52 'getelementptr' 'p_ZZ16UpConv_Fused_RowILi8EEvP7ap_uintILi256EEPKS1_RA30_S3_S6_S6_S2_DhfiiiiiE7row_9' <Predicate = true> <Delay = 0.00>
ST_2 : Operation 53 [1/1] (0.00ns)   --->   "%p_ZZ16UpConv_Fused_RowILi8EEvP7ap_uintILi256EEPKS1_RA30_S3_S6_S6_S2_DhfiiiiiE7row_10 = getelementptr i16 %p_ZZ16UpConv_Fused_RowILi8EEvP7ap_uintILi256EEPKS1_RA30_S3_S6_S6_S2_DhfiiiiiE7row_1, i64 0, i64 %zext_ln76" [../gen/UpConv_Unified.tpp:76->../gen/UpConv_Unified.tpp:344]   --->   Operation 53 'getelementptr' 'p_ZZ16UpConv_Fused_RowILi8EEvP7ap_uintILi256EEPKS1_RA30_S3_S6_S6_S2_DhfiiiiiE7row_10' <Predicate = true> <Delay = 0.00>
ST_2 : Operation 54 [1/1] (0.00ns)   --->   "%p_ZZ16UpConv_Fused_RowILi8EEvP7ap_uintILi256EEPKS1_RA30_S3_S6_S6_S2_DhfiiiiiE7row_11 = getelementptr i16 %p_ZZ16UpConv_Fused_RowILi8EEvP7ap_uintILi256EEPKS1_RA30_S3_S6_S6_S2_DhfiiiiiE7row, i64 0, i64 %zext_ln76" [../gen/UpConv_Unified.tpp:76->../gen/UpConv_Unified.tpp:344]   --->   Operation 54 'getelementptr' 'p_ZZ16UpConv_Fused_RowILi8EEvP7ap_uintILi256EEPKS1_RA30_S3_S6_S6_S2_DhfiiiiiE7row_11' <Predicate = true> <Delay = 0.00>
ST_2 : Operation 55 [1/1] (0.00ns)   --->   "%void_UpConv_Fused_Row_ap_uint_ap_uint_const_ap_uint_const_30_ap_uint_cons_10 = getelementptr i16 %void_UpConv_Fused_Row_ap_uint_ap_uint_const_ap_uint_const_30_ap_uint_cons_9, i64 0, i64 %zext_ln76" [../gen/UpConv_Unified.tpp:76->../gen/UpConv_Unified.tpp:344]   --->   Operation 55 'getelementptr' 'void_UpConv_Fused_Row_ap_uint_ap_uint_const_ap_uint_const_30_ap_uint_cons_10' <Predicate = true> <Delay = 0.00>
ST_2 : Operation 56 [1/1] (0.00ns)   --->   "%void_UpConv_Fused_Row_ap_uint_ap_uint_const_ap_uint_const_30_ap_uint_cons_11 = getelementptr i16 %void_UpConv_Fused_Row_ap_uint_ap_uint_const_ap_uint_const_30_ap_uint_cons_8, i64 0, i64 %zext_ln76" [../gen/UpConv_Unified.tpp:76->../gen/UpConv_Unified.tpp:344]   --->   Operation 56 'getelementptr' 'void_UpConv_Fused_Row_ap_uint_ap_uint_const_ap_uint_const_30_ap_uint_cons_11' <Predicate = true> <Delay = 0.00>
ST_2 : Operation 57 [1/1] (0.00ns)   --->   "%void_UpConv_Fused_Row_ap_uint_ap_uint_const_ap_uint_const_30_ap_uint_cons_12 = getelementptr i16 %void_UpConv_Fused_Row_ap_uint_ap_uint_const_ap_uint_const_30_ap_uint_cons_7, i64 0, i64 %zext_ln76" [../gen/UpConv_Unified.tpp:76->../gen/UpConv_Unified.tpp:344]   --->   Operation 57 'getelementptr' 'void_UpConv_Fused_Row_ap_uint_ap_uint_const_ap_uint_const_30_ap_uint_cons_12' <Predicate = true> <Delay = 0.00>
ST_2 : Operation 58 [1/1] (0.00ns)   --->   "%void_UpConv_Fused_Row_ap_uint_ap_uint_const_ap_uint_const_30_ap_uint_cons_13 = getelementptr i16 %void_UpConv_Fused_Row_ap_uint_ap_uint_const_ap_uint_const_30_ap_uint_cons_6, i64 0, i64 %zext_ln76" [../gen/UpConv_Unified.tpp:76->../gen/UpConv_Unified.tpp:344]   --->   Operation 58 'getelementptr' 'void_UpConv_Fused_Row_ap_uint_ap_uint_const_ap_uint_const_30_ap_uint_cons_13' <Predicate = true> <Delay = 0.00>
ST_2 : Operation 59 [1/1] (0.00ns)   --->   "%void_UpConv_Fused_Row_ap_uint_ap_uint_const_ap_uint_const_30_ap_uint_cons_14 = getelementptr i16 %void_UpConv_Fused_Row_ap_uint_ap_uint_const_ap_uint_const_30_ap_uint_cons_5, i64 0, i64 %zext_ln76" [../gen/UpConv_Unified.tpp:76->../gen/UpConv_Unified.tpp:344]   --->   Operation 59 'getelementptr' 'void_UpConv_Fused_Row_ap_uint_ap_uint_const_ap_uint_const_30_ap_uint_cons_14' <Predicate = true> <Delay = 0.00>
ST_2 : Operation 60 [1/1] (0.00ns)   --->   "%void_UpConv_Fused_Row_ap_uint_ap_uint_const_ap_uint_const_30_ap_uint_cons_15 = getelementptr i16 %void_UpConv_Fused_Row_ap_uint_ap_uint_const_ap_uint_const_30_ap_uint_cons_4, i64 0, i64 %zext_ln76" [../gen/UpConv_Unified.tpp:76->../gen/UpConv_Unified.tpp:344]   --->   Operation 60 'getelementptr' 'void_UpConv_Fused_Row_ap_uint_ap_uint_const_ap_uint_const_30_ap_uint_cons_15' <Predicate = true> <Delay = 0.00>
ST_2 : Operation 61 [1/1] (0.00ns)   --->   "%void_UpConv_Fused_Row_ap_uint_ap_uint_const_ap_uint_const_30_ap_uint_cons_16 = getelementptr i16 %void_UpConv_Fused_Row_ap_uint_ap_uint_const_ap_uint_const_30_ap_uint_cons_3, i64 0, i64 %zext_ln76" [../gen/UpConv_Unified.tpp:76->../gen/UpConv_Unified.tpp:344]   --->   Operation 61 'getelementptr' 'void_UpConv_Fused_Row_ap_uint_ap_uint_const_ap_uint_const_30_ap_uint_cons_16' <Predicate = true> <Delay = 0.00>
ST_2 : Operation 62 [1/1] (0.00ns)   --->   "%void_UpConv_Fused_Row_ap_uint_ap_uint_const_ap_uint_const_30_ap_uint_cons_17 = getelementptr i16 %void_UpConv_Fused_Row_ap_uint_ap_uint_const_ap_uint_const_30_ap_uint_cons_2, i64 0, i64 %zext_ln76" [../gen/UpConv_Unified.tpp:76->../gen/UpConv_Unified.tpp:344]   --->   Operation 62 'getelementptr' 'void_UpConv_Fused_Row_ap_uint_ap_uint_const_ap_uint_const_30_ap_uint_cons_17' <Predicate = true> <Delay = 0.00>
ST_2 : Operation 63 [1/1] (0.00ns)   --->   "%void_UpConv_Fused_Row_ap_uint_ap_uint_const_ap_uint_const_30_ap_uint_cons_18 = getelementptr i16 %void_UpConv_Fused_Row_ap_uint_ap_uint_const_ap_uint_const_30_ap_uint_cons_1, i64 0, i64 %zext_ln76" [../gen/UpConv_Unified.tpp:76->../gen/UpConv_Unified.tpp:344]   --->   Operation 63 'getelementptr' 'void_UpConv_Fused_Row_ap_uint_ap_uint_const_ap_uint_const_30_ap_uint_cons_18' <Predicate = true> <Delay = 0.00>
ST_2 : Operation 64 [1/1] (0.00ns)   --->   "%void_UpConv_Fused_Row_ap_uint_ap_uint_const_ap_uint_const_30_ap_uint_cons_19 = getelementptr i16 %void_UpConv_Fused_Row_ap_uint_ap_uint_const_ap_uint_const_30_ap_uint_cons, i64 0, i64 %zext_ln76" [../gen/UpConv_Unified.tpp:76->../gen/UpConv_Unified.tpp:344]   --->   Operation 64 'getelementptr' 'void_UpConv_Fused_Row_ap_uint_ap_uint_const_ap_uint_const_30_ap_uint_cons_19' <Predicate = true> <Delay = 0.00>
ST_2 : Operation 65 [1/1] ( I:1.23ns O:1.23ns )   --->   "%store_ln76 = store i16 0, i13 %void_UpConv_Fused_Row_ap_uint_ap_uint_const_ap_uint_const_30_ap_uint_cons_10" [../gen/UpConv_Unified.tpp:76->../gen/UpConv_Unified.tpp:344]   --->   Operation 65 'store' 'store_ln76' <Predicate = true> <Delay = 1.23> <CoreInst = "RAM_T2P_URAM">   --->   Core 99 'RAM_T2P_URAM' <Latency = 1> <II = 1> <Delay = 1.23> <Storage> <Opcode : 'load' 'store'> <Ports = 2> <Width = 16> <Depth = 7680> <RAM>
ST_2 : Operation 66 [1/1] ( I:1.23ns O:1.23ns )   --->   "%store_ln76 = store i16 0, i13 %void_UpConv_Fused_Row_ap_uint_ap_uint_const_ap_uint_const_30_ap_uint_cons_11" [../gen/UpConv_Unified.tpp:76->../gen/UpConv_Unified.tpp:344]   --->   Operation 66 'store' 'store_ln76' <Predicate = true> <Delay = 1.23> <CoreInst = "RAM_T2P_URAM">   --->   Core 99 'RAM_T2P_URAM' <Latency = 1> <II = 1> <Delay = 1.23> <Storage> <Opcode : 'load' 'store'> <Ports = 2> <Width = 16> <Depth = 7680> <RAM>
ST_2 : Operation 67 [1/1] ( I:1.23ns O:1.23ns )   --->   "%store_ln76 = store i16 0, i13 %void_UpConv_Fused_Row_ap_uint_ap_uint_const_ap_uint_const_30_ap_uint_cons_12" [../gen/UpConv_Unified.tpp:76->../gen/UpConv_Unified.tpp:344]   --->   Operation 67 'store' 'store_ln76' <Predicate = true> <Delay = 1.23> <CoreInst = "RAM_T2P_URAM">   --->   Core 99 'RAM_T2P_URAM' <Latency = 1> <II = 1> <Delay = 1.23> <Storage> <Opcode : 'load' 'store'> <Ports = 2> <Width = 16> <Depth = 7680> <RAM>
ST_2 : Operation 68 [1/1] ( I:1.23ns O:1.23ns )   --->   "%store_ln76 = store i16 0, i13 %void_UpConv_Fused_Row_ap_uint_ap_uint_const_ap_uint_const_30_ap_uint_cons_13" [../gen/UpConv_Unified.tpp:76->../gen/UpConv_Unified.tpp:344]   --->   Operation 68 'store' 'store_ln76' <Predicate = true> <Delay = 1.23> <CoreInst = "RAM_T2P_URAM">   --->   Core 99 'RAM_T2P_URAM' <Latency = 1> <II = 1> <Delay = 1.23> <Storage> <Opcode : 'load' 'store'> <Ports = 2> <Width = 16> <Depth = 7680> <RAM>
ST_2 : Operation 69 [1/1] ( I:1.23ns O:1.23ns )   --->   "%store_ln76 = store i16 0, i13 %void_UpConv_Fused_Row_ap_uint_ap_uint_const_ap_uint_const_30_ap_uint_cons_14" [../gen/UpConv_Unified.tpp:76->../gen/UpConv_Unified.tpp:344]   --->   Operation 69 'store' 'store_ln76' <Predicate = true> <Delay = 1.23> <CoreInst = "RAM_T2P_URAM">   --->   Core 99 'RAM_T2P_URAM' <Latency = 1> <II = 1> <Delay = 1.23> <Storage> <Opcode : 'load' 'store'> <Ports = 2> <Width = 16> <Depth = 7680> <RAM>
ST_2 : Operation 70 [1/1] ( I:1.23ns O:1.23ns )   --->   "%store_ln76 = store i16 0, i13 %void_UpConv_Fused_Row_ap_uint_ap_uint_const_ap_uint_const_30_ap_uint_cons_15" [../gen/UpConv_Unified.tpp:76->../gen/UpConv_Unified.tpp:344]   --->   Operation 70 'store' 'store_ln76' <Predicate = true> <Delay = 1.23> <CoreInst = "RAM_T2P_URAM">   --->   Core 99 'RAM_T2P_URAM' <Latency = 1> <II = 1> <Delay = 1.23> <Storage> <Opcode : 'load' 'store'> <Ports = 2> <Width = 16> <Depth = 7680> <RAM>
ST_2 : Operation 71 [1/1] ( I:1.23ns O:1.23ns )   --->   "%store_ln76 = store i16 0, i13 %void_UpConv_Fused_Row_ap_uint_ap_uint_const_ap_uint_const_30_ap_uint_cons_16" [../gen/UpConv_Unified.tpp:76->../gen/UpConv_Unified.tpp:344]   --->   Operation 71 'store' 'store_ln76' <Predicate = true> <Delay = 1.23> <CoreInst = "RAM_T2P_URAM">   --->   Core 99 'RAM_T2P_URAM' <Latency = 1> <II = 1> <Delay = 1.23> <Storage> <Opcode : 'load' 'store'> <Ports = 2> <Width = 16> <Depth = 7680> <RAM>
ST_2 : Operation 72 [1/1] ( I:1.23ns O:1.23ns )   --->   "%store_ln76 = store i16 0, i13 %void_UpConv_Fused_Row_ap_uint_ap_uint_const_ap_uint_const_30_ap_uint_cons_17" [../gen/UpConv_Unified.tpp:76->../gen/UpConv_Unified.tpp:344]   --->   Operation 72 'store' 'store_ln76' <Predicate = true> <Delay = 1.23> <CoreInst = "RAM_T2P_URAM">   --->   Core 99 'RAM_T2P_URAM' <Latency = 1> <II = 1> <Delay = 1.23> <Storage> <Opcode : 'load' 'store'> <Ports = 2> <Width = 16> <Depth = 7680> <RAM>
ST_2 : Operation 73 [1/1] ( I:1.23ns O:1.23ns )   --->   "%store_ln76 = store i16 0, i13 %void_UpConv_Fused_Row_ap_uint_ap_uint_const_ap_uint_const_30_ap_uint_cons_18" [../gen/UpConv_Unified.tpp:76->../gen/UpConv_Unified.tpp:344]   --->   Operation 73 'store' 'store_ln76' <Predicate = true> <Delay = 1.23> <CoreInst = "RAM_T2P_URAM">   --->   Core 99 'RAM_T2P_URAM' <Latency = 1> <II = 1> <Delay = 1.23> <Storage> <Opcode : 'load' 'store'> <Ports = 2> <Width = 16> <Depth = 7680> <RAM>
ST_2 : Operation 74 [1/1] ( I:1.23ns O:1.23ns )   --->   "%store_ln76 = store i16 0, i13 %void_UpConv_Fused_Row_ap_uint_ap_uint_const_ap_uint_const_30_ap_uint_cons_19" [../gen/UpConv_Unified.tpp:76->../gen/UpConv_Unified.tpp:344]   --->   Operation 74 'store' 'store_ln76' <Predicate = true> <Delay = 1.23> <CoreInst = "RAM_T2P_URAM">   --->   Core 99 'RAM_T2P_URAM' <Latency = 1> <II = 1> <Delay = 1.23> <Storage> <Opcode : 'load' 'store'> <Ports = 2> <Width = 16> <Depth = 7680> <RAM>
ST_2 : Operation 75 [1/1] ( I:1.23ns O:1.23ns )   --->   "%store_ln76 = store i16 0, i13 %p_ZZ16UpConv_Fused_RowILi8EEvP7ap_uintILi256EEPKS1_RA30_S3_S6_S6_S2_DhfiiiiiE7row_6" [../gen/UpConv_Unified.tpp:76->../gen/UpConv_Unified.tpp:344]   --->   Operation 75 'store' 'store_ln76' <Predicate = true> <Delay = 1.23> <CoreInst = "RAM_T2P_URAM">   --->   Core 99 'RAM_T2P_URAM' <Latency = 1> <II = 1> <Delay = 1.23> <Storage> <Opcode : 'load' 'store'> <Ports = 2> <Width = 16> <Depth = 7680> <RAM>
ST_2 : Operation 76 [1/1] ( I:1.23ns O:1.23ns )   --->   "%store_ln76 = store i16 0, i13 %p_ZZ16UpConv_Fused_RowILi8EEvP7ap_uintILi256EEPKS1_RA30_S3_S6_S6_S2_DhfiiiiiE7row_7" [../gen/UpConv_Unified.tpp:76->../gen/UpConv_Unified.tpp:344]   --->   Operation 76 'store' 'store_ln76' <Predicate = true> <Delay = 1.23> <CoreInst = "RAM_T2P_URAM">   --->   Core 99 'RAM_T2P_URAM' <Latency = 1> <II = 1> <Delay = 1.23> <Storage> <Opcode : 'load' 'store'> <Ports = 2> <Width = 16> <Depth = 7680> <RAM>
ST_2 : Operation 77 [1/1] ( I:1.23ns O:1.23ns )   --->   "%store_ln76 = store i16 0, i13 %p_ZZ16UpConv_Fused_RowILi8EEvP7ap_uintILi256EEPKS1_RA30_S3_S6_S6_S2_DhfiiiiiE7row_8" [../gen/UpConv_Unified.tpp:76->../gen/UpConv_Unified.tpp:344]   --->   Operation 77 'store' 'store_ln76' <Predicate = true> <Delay = 1.23> <CoreInst = "RAM_T2P_URAM">   --->   Core 99 'RAM_T2P_URAM' <Latency = 1> <II = 1> <Delay = 1.23> <Storage> <Opcode : 'load' 'store'> <Ports = 2> <Width = 16> <Depth = 7680> <RAM>
ST_2 : Operation 78 [1/1] ( I:1.23ns O:1.23ns )   --->   "%store_ln76 = store i16 0, i13 %p_ZZ16UpConv_Fused_RowILi8EEvP7ap_uintILi256EEPKS1_RA30_S3_S6_S6_S2_DhfiiiiiE7row_9" [../gen/UpConv_Unified.tpp:76->../gen/UpConv_Unified.tpp:344]   --->   Operation 78 'store' 'store_ln76' <Predicate = true> <Delay = 1.23> <CoreInst = "RAM_T2P_URAM">   --->   Core 99 'RAM_T2P_URAM' <Latency = 1> <II = 1> <Delay = 1.23> <Storage> <Opcode : 'load' 'store'> <Ports = 2> <Width = 16> <Depth = 7680> <RAM>
ST_2 : Operation 79 [1/1] ( I:1.23ns O:1.23ns )   --->   "%store_ln76 = store i16 0, i13 %p_ZZ16UpConv_Fused_RowILi8EEvP7ap_uintILi256EEPKS1_RA30_S3_S6_S6_S2_DhfiiiiiE7row_10" [../gen/UpConv_Unified.tpp:76->../gen/UpConv_Unified.tpp:344]   --->   Operation 79 'store' 'store_ln76' <Predicate = true> <Delay = 1.23> <CoreInst = "RAM_T2P_URAM">   --->   Core 99 'RAM_T2P_URAM' <Latency = 1> <II = 1> <Delay = 1.23> <Storage> <Opcode : 'load' 'store'> <Ports = 2> <Width = 16> <Depth = 7680> <RAM>
ST_2 : Operation 80 [1/1] ( I:1.23ns O:1.23ns )   --->   "%store_ln76 = store i16 0, i13 %p_ZZ16UpConv_Fused_RowILi8EEvP7ap_uintILi256EEPKS1_RA30_S3_S6_S6_S2_DhfiiiiiE7row_11" [../gen/UpConv_Unified.tpp:76->../gen/UpConv_Unified.tpp:344]   --->   Operation 80 'store' 'store_ln76' <Predicate = true> <Delay = 1.23> <CoreInst = "RAM_T2P_URAM">   --->   Core 99 'RAM_T2P_URAM' <Latency = 1> <II = 1> <Delay = 1.23> <Storage> <Opcode : 'load' 'store'> <Ports = 2> <Width = 16> <Depth = 7680> <RAM>
ST_2 : Operation 81 [1/1] (1.01ns)   --->   "%icmp_ln78 = icmp_eq  i32 %rcw_load, i32 %sub_i_cast_cast" [../gen/UpConv_Unified.tpp:78->../gen/UpConv_Unified.tpp:344]   --->   Operation 81 'icmp' 'icmp_ln78' <Predicate = true> <Delay = 1.01> <CoreInst = "Cmp">   --->   Core 9 'Cmp' <Latency = 0> <II = 1> <Delay = 1.01> <FuncUnit> <Opcode : 'seteq' 'setne' 'setle' 'setge' 'setlt' 'setgt'> <InPorts = 2> <OutPorts = 1>
ST_2 : Operation 82 [1/1] (1.01ns)   --->   "%rw_1 = add i32 %rw_load, i32 1" [../gen/UpConv_Unified.tpp:78->../gen/UpConv_Unified.tpp:344]   --->   Operation 82 'add' 'rw_1' <Predicate = true> <Delay = 1.01> <CoreInst = "Adder">   --->   Core 1 'Adder' <Latency = 0> <II = 1> <Delay = 1.01> <FuncUnit> <Opcode : 'add' 'sub'> <InPorts = 2> <OutPorts = 1>
ST_2 : Operation 83 [1/1] (1.01ns)   --->   "%rcw_1 = add i32 %rcw_load, i32 1" [../gen/UpConv_Unified.tpp:78->../gen/UpConv_Unified.tpp:344]   --->   Operation 83 'add' 'rcw_1' <Predicate = true> <Delay = 1.01> <CoreInst = "Adder">   --->   Core 1 'Adder' <Latency = 0> <II = 1> <Delay = 1.01> <FuncUnit> <Opcode : 'add' 'sub'> <InPorts = 2> <OutPorts = 1>
ST_2 : Operation 84 [1/1] (0.44ns)   --->   "%rcw_2 = select i1 %icmp_ln78, i32 0, i32 %rcw_1" [../gen/UpConv_Unified.tpp:78->../gen/UpConv_Unified.tpp:344]   --->   Operation 84 'select' 'rcw_2' <Predicate = true> <Delay = 0.44> <CoreInst = "Sel">   --->   Core 73 'Sel' <Latency = 0> <II = 1> <Delay = 0.44> <FuncUnit> <Opcode : 'select'> <InPorts = 3> <OutPorts = 1>
ST_2 : Operation 85 [1/1] (0.44ns)   --->   "%rw_2 = select i1 %icmp_ln78, i32 %rw_1, i32 %rw_load" [../gen/UpConv_Unified.tpp:78->../gen/UpConv_Unified.tpp:344]   --->   Operation 85 'select' 'rw_2' <Predicate = true> <Delay = 0.44> <CoreInst = "Sel">   --->   Core 73 'Sel' <Latency = 0> <II = 1> <Delay = 0.44> <FuncUnit> <Opcode : 'select'> <InPorts = 3> <OutPorts = 1>
ST_2 : Operation 86 [1/1] (0.42ns)   --->   "%store_ln69 = store i32 %rw_2, i32 %rw" [../gen/UpConv_Unified.tpp:69->../gen/UpConv_Unified.tpp:344]   --->   Operation 86 'store' 'store_ln69' <Predicate = true> <Delay = 0.42>
ST_2 : Operation 87 [1/1] (0.42ns)   --->   "%store_ln69 = store i32 %rcw_2, i32 %rcw" [../gen/UpConv_Unified.tpp:69->../gen/UpConv_Unified.tpp:344]   --->   Operation 87 'store' 'store_ln69' <Predicate = true> <Delay = 0.42>
ST_2 : Operation 88 [1/1] (0.00ns)   --->   "%br_ln71 = br void %for.body.i" [../gen/UpConv_Unified.tpp:71->../gen/UpConv_Unified.tpp:344]   --->   Operation 88 'br' 'br_ln71' <Predicate = true> <Delay = 0.00>


============================================================
+ Verbose Summary: Timing violations
============================================================
Target clock period: 3.333ns, clock uncertainty: 0.900ns.

 <State 1>: 1.674ns
The critical path consists of the following:
	'store' operation 0 bit ('store_ln71', ../gen/UpConv_Unified.tpp:71->../gen/UpConv_Unified.tpp:344) of constant 0 on local variable 'm', ../gen/UpConv_Unified.tpp:71->../gen/UpConv_Unified.tpp:344 [41]  (0.427 ns)
	'load' operation 13 bit ('m', ../gen/UpConv_Unified.tpp:71->../gen/UpConv_Unified.tpp:344) on local variable 'm', ../gen/UpConv_Unified.tpp:71->../gen/UpConv_Unified.tpp:344 [46]  (0.000 ns)
	'add' operation 13 bit ('m', ../gen/UpConv_Unified.tpp:71->../gen/UpConv_Unified.tpp:344) [48]  (0.820 ns)
	'store' operation 0 bit ('store_ln71', ../gen/UpConv_Unified.tpp:71->../gen/UpConv_Unified.tpp:344) of variable 'm', ../gen/UpConv_Unified.tpp:71->../gen/UpConv_Unified.tpp:344 on local variable 'm', ../gen/UpConv_Unified.tpp:71->../gen/UpConv_Unified.tpp:344 [101]  (0.427 ns)

 <State 2>: 2.061ns
The critical path consists of the following:
	'load' operation 32 bit ('rcw_load', ../gen/UpConv_Unified.tpp:71->../gen/UpConv_Unified.tpp:344) on local variable 'rcw', ../gen/UpConv_Unified.tpp:69->../gen/UpConv_Unified.tpp:344 [51]  (0.000 ns)
	'add' operation 13 bit ('add_ln76', ../gen/UpConv_Unified.tpp:76->../gen/UpConv_Unified.tpp:344) [62]  (0.824 ns)
	'getelementptr' operation 13 bit ('void_UpConv_Fused_Row_ap_uint_ap_uint_const_ap_uint_const_30_ap_uint_cons_10', ../gen/UpConv_Unified.tpp:76->../gen/UpConv_Unified.tpp:344) [70]  (0.000 ns)
	'store' operation 0 bit ('store_ln76', ../gen/UpConv_Unified.tpp:76->../gen/UpConv_Unified.tpp:344) of constant 0 on array 'void_UpConv_Fused_Row_ap_uint_ap_uint_const_ap_uint_const_30_ap_uint_cons_9' [80]  (1.237 ns)


============================================================
+ Verbose Summary: Binding
============================================================
N/A
* FSMD analyzer results:
  - Output states:
 - Input state : 
  - Chain level:
	State 1
	State 2


============================================================
+ Verbose Summary: Datapath Resource usage 
============================================================
N/A
