

================================================================
== Vitis HLS Report for 'UpConv_Fused_Row_8_128_128_120_60_Pipeline_LOAD_PARAMS'
================================================================
* Date:           Thu May  7 18:52:24 2026

* Version:        2024.2 (Build 5238294 on Nov  8 2024)
* Project:        upconv_core_top
* Solution:       hls (Vivado IP Flow Target)
* Product family: zynquplus
* Target device:  xczu7ev-ffvc1156-2-e


================================================================
== Performance Estimates
================================================================
+ Timing: 
    * Summary: 
    +--------+---------+----------+------------+
    |  Clock |  Target | Estimated| Uncertainty|
    +--------+---------+----------+------------+
    |ap_clk  |  3.33 ns|  2.433 ns|     0.90 ns|
    +--------+---------+----------+------------+

+ Latency: 
    * Summary: 
    +---------+---------+-----------+-----------+-----+-----+------------------------------------------------+
    |  Latency (cycles) |   Latency (absolute)  |  Interval |                    Pipeline                    |
    |   min   |   max   |    min    |    max    | min | max |                      Type                      |
    +---------+---------+-----------+-----------+-----+-----+------------------------------------------------+
    |       23|       23|  76.659 ns|  76.659 ns|   15|   15|  loop auto-rewind stp (delay=0 clock cycles(s))|
    +---------+---------+-----------+-----------+-----+-----+------------------------------------------------+

    + Detail: 
        * Instance: 
        N/A

        * Loop: 
        +---------------+---------+---------+----------+-----------+-----------+------+----------+
        |               |  Latency (cycles) | Iteration|  Initiation Interval  | Trip |          |
        |   Loop Name   |   min   |   max   |  Latency |  achieved |   target  | Count| Pipelined|
        +---------------+---------+---------+----------+-----------+-----------+------+----------+
        |- LOAD_PARAMS  |       21|       21|        13|          3|          1|     4|       yes|
        +---------------+---------+---------+----------+-----------+-----------+------+----------+



================================================================
== Utilization Estimates
================================================================
* Summary: 
+-----------------+---------+------+--------+--------+-----+
|       Name      | BRAM_18K|  DSP |   FF   |   LUT  | URAM|
+-----------------+---------+------+--------+--------+-----+
|DSP              |        -|     -|       -|       -|    -|
|Expression       |        -|     -|       0|     245|    -|
|FIFO             |        -|     -|       -|       -|    -|
|Instance         |        -|     -|       -|       -|    -|
|Memory           |        -|     -|       -|       -|    -|
|Multiplexer      |        -|     -|       0|     139|    -|
|Register         |        -|     -|    1230|      64|    -|
+-----------------+---------+------+--------+--------+-----+
|Total            |        0|     0|    1230|     448|    0|
+-----------------+---------+------+--------+--------+-----+
|Available        |      624|  1728|  460800|  230400|   96|
+-----------------+---------+------+--------+--------+-----+
|Utilization (%)  |        0|     0|      ~0|      ~0|    0|
+-----------------+---------+------+--------+--------+-----+

+ Detail: 
    * Instance: 
    N/A

    * DSP: 
    N/A

    * Memory: 
    N/A

    * FIFO: 
    N/A

    * Expression: 
    +--------------------------------+----------+----+---+----+------------+------------+
    |          Variable Name         | Operation| DSP| FF| LUT| Bitwidth P0| Bitwidth P1|
    +--------------------------------+----------+----+---+----+------------+------------+
    |add_ln228_fu_191_p2             |         +|   0|  0|  10|           3|           1|
    |add_ln230_fu_201_p2             |         +|   0|  0|  67|          60|          60|
    |add_ln231_fu_222_p2             |         +|   0|  0|  67|          60|          60|
    |add_ln232_fu_226_p2             |         +|   0|  0|  67|          60|          60|
    |ap_block_pp0_stage0_11001_grp3  |       and|   0|  0|   2|           1|           1|
    |ap_block_pp0_stage0_11001_grp4  |       and|   0|  0|   2|           1|           1|
    |ap_block_pp0_stage1_11001_grp1  |       and|   0|  0|   2|           1|           1|
    |ap_block_pp0_stage1_11001_grp5  |       and|   0|  0|   2|           1|           1|
    |ap_block_pp0_stage2_11001_grp2  |       and|   0|  0|   2|           1|           1|
    |ap_block_pp0_stage2_11001_grp6  |       and|   0|  0|   2|           1|           1|
    |ap_block_state2_io_grp1         |       and|   0|  0|   2|           1|           1|
    |icmp_ln228_fu_185_p2            |      icmp|   0|  0|  12|           3|           4|
    |ap_block_pp0_stage0_11001       |        or|   0|  0|   2|           1|           1|
    |ap_block_pp0_stage1_subdone     |        or|   0|  0|   2|           1|           1|
    |ap_block_pp0_stage2_11001       |        or|   0|  0|   2|           1|           1|
    |ap_enable_pp0                   |       xor|   0|  0|   2|           1|           2|
    +--------------------------------+----------+----+---+----+------------+------------+
    |Total                           |          |   0|  0| 245|         197|         197|
    +--------------------------------+----------+----+---+----+------------+------------+

    * Multiplexer: 
    +----------------------------------+----+-----------+-----+-----------+
    |               Name               | LUT| Input Size| Bits| Total Bits|
    +----------------------------------+----+-----------+-----+-----------+
    |ap_NS_fsm                         |  20|          4|    1|          4|
    |ap_done_int                       |   9|          2|    1|          2|
    |ap_enable_reg_pp0_iter0           |   9|          2|    1|          2|
    |ap_enable_reg_pp0_iter1           |   9|          2|    1|          2|
    |ap_enable_reg_pp0_iter4           |   9|          2|    1|          2|
    |ap_loop_exit_ready_pp0_iter1_reg  |   9|          2|    1|          2|
    |ap_loop_exit_ready_pp0_iter2_reg  |   9|          2|    1|          2|
    |ap_loop_exit_ready_pp0_iter3_reg  |   9|          2|    1|          2|
    |ap_sig_allocacmp_i_4              |   9|          2|    3|          6|
    |gmem_param_blk_n_AR               |   9|          2|    1|          2|
    |gmem_param_blk_n_R                |   9|          2|    1|          2|
    |i_fu_68                           |   9|          2|    3|          6|
    |m_axi_gmem_param_0_ARADDR         |  20|          4|   64|        256|
    +----------------------------------+----+-----------+-----+-----------+
    |Total                             | 139|         30|   80|        290|
    +----------------------------------+----+-----------+-----+-----------+

    * Register: 
    +-------------------------------------------+-----+----+-----+-----------+
    |                    Name                   |  FF | LUT| Bits| Const Bits|
    +-------------------------------------------+-----+----+-----+-----------+
    |add_ln230_reg_286                          |   60|   0|   60|          0|
    |add_ln231_reg_297                          |   60|   0|   60|          0|
    |add_ln232_reg_302                          |   60|   0|   60|          0|
    |ap_CS_fsm                                  |    3|   0|    3|          0|
    |ap_block_pp0_stage0_subdone_grp0_done_reg  |    1|   0|    1|          0|
    |ap_block_pp0_stage0_subdone_grp3_done_reg  |    1|   0|    1|          0|
    |ap_block_pp0_stage0_subdone_grp4_done_reg  |    1|   0|    1|          0|
    |ap_block_pp0_stage1_subdone_grp0_done_reg  |    1|   0|    1|          0|
    |ap_block_pp0_stage1_subdone_grp1_done_reg  |    1|   0|    1|          0|
    |ap_block_pp0_stage1_subdone_grp5_done_reg  |    1|   0|    1|          0|
    |ap_block_pp0_stage2_subdone_grp0_done_reg  |    1|   0|    1|          0|
    |ap_block_pp0_stage2_subdone_grp2_done_reg  |    1|   0|    1|          0|
    |ap_block_pp0_stage2_subdone_grp6_done_reg  |    1|   0|    1|          0|
    |ap_done_reg                                |    1|   0|    1|          0|
    |ap_enable_reg_pp0_iter0_reg                |    1|   0|    1|          0|
    |ap_enable_reg_pp0_iter1                    |    1|   0|    1|          0|
    |ap_enable_reg_pp0_iter2                    |    1|   0|    1|          0|
    |ap_enable_reg_pp0_iter3                    |    1|   0|    1|          0|
    |ap_enable_reg_pp0_iter4                    |    1|   0|    1|          0|
    |ap_loop_exit_ready_pp0_iter1_reg           |    1|   0|    1|          0|
    |ap_loop_exit_ready_pp0_iter2_reg           |    1|   0|    1|          0|
    |ap_loop_exit_ready_pp0_iter3_reg           |    1|   0|    1|          0|
    |gmem_param_addr_10_read_reg_335            |  256|   0|  256|          0|
    |gmem_param_addr_9_read_reg_330             |  256|   0|  256|          0|
    |gmem_param_addr_read_reg_319               |  256|   0|  256|          0|
    |i_4_reg_271                                |    3|   0|    3|          0|
    |i_fu_68                                    |    3|   0|    3|          0|
    |icmp_ln228_reg_276                         |    1|   0|    1|          0|
    |sext_ln228_7_cast_reg_266                  |   60|   0|   60|          0|
    |sext_ln228_8_cast_reg_261                  |   60|   0|   60|          0|
    |zext_ln228_4_reg_280                       |    3|   0|   60|         57|
    |zext_ln228_reg_324                         |    3|   0|   64|         61|
    |i_4_reg_271                                |   64|  32|    3|          0|
    |icmp_ln228_reg_276                         |   64|  32|    1|          0|
    +-------------------------------------------+-----+----+-----+-----------+
    |Total                                      | 1230|  64| 1224|        118|
    +-------------------------------------------+-----+----+-----+-----------+



================================================================
== Interface
================================================================
* Summary: 
+-----------------------------+-----+-----+------------+-------------------------------------------------------------+--------------+
|          RTL Ports          | Dir | Bits|  Protocol  |                        Source Object                        |    C Type    |
+-----------------------------+-----+-----+------------+-------------------------------------------------------------+--------------+
|ap_clk                       |   in|    1|  ap_ctrl_hs|  UpConv_Fused_Row<8, 128, 128, 120, 60>_Pipeline_LOAD_PARAMS|  return value|
|ap_rst                       |   in|    1|  ap_ctrl_hs|  UpConv_Fused_Row<8, 128, 128, 120, 60>_Pipeline_LOAD_PARAMS|  return value|
|ap_start                     |   in|    1|  ap_ctrl_hs|  UpConv_Fused_Row<8, 128, 128, 120, 60>_Pipeline_LOAD_PARAMS|  return value|
|ap_done                      |  out|    1|  ap_ctrl_hs|  UpConv_Fused_Row<8, 128, 128, 120, 60>_Pipeline_LOAD_PARAMS|  return value|
|ap_idle                      |  out|    1|  ap_ctrl_hs|  UpConv_Fused_Row<8, 128, 128, 120, 60>_Pipeline_LOAD_PARAMS|  return value|
|ap_ready                     |  out|    1|  ap_ctrl_hs|  UpConv_Fused_Row<8, 128, 128, 120, 60>_Pipeline_LOAD_PARAMS|  return value|
|m_axi_gmem_param_0_AWVALID   |  out|    1|       m_axi|                                                   gmem_param|       pointer|
|m_axi_gmem_param_0_AWREADY   |   in|    1|       m_axi|                                                   gmem_param|       pointer|
|m_axi_gmem_param_0_AWADDR    |  out|   64|       m_axi|                                                   gmem_param|       pointer|
|m_axi_gmem_param_0_AWID      |  out|    1|       m_axi|                                                   gmem_param|       pointer|
|m_axi_gmem_param_0_AWLEN     |  out|   32|       m_axi|                                                   gmem_param|       pointer|
|m_axi_gmem_param_0_AWSIZE    |  out|    3|       m_axi|                                                   gmem_param|       pointer|
|m_axi_gmem_param_0_AWBURST   |  out|    2|       m_axi|                                                   gmem_param|       pointer|
|m_axi_gmem_param_0_AWLOCK    |  out|    2|       m_axi|                                                   gmem_param|       pointer|
|m_axi_gmem_param_0_AWCACHE   |  out|    4|       m_axi|                                                   gmem_param|       pointer|
|m_axi_gmem_param_0_AWPROT    |  out|    3|       m_axi|                                                   gmem_param|       pointer|
|m_axi_gmem_param_0_AWQOS     |  out|    4|       m_axi|                                                   gmem_param|       pointer|
|m_axi_gmem_param_0_AWREGION  |  out|    4|       m_axi|                                                   gmem_param|       pointer|
|m_axi_gmem_param_0_AWUSER    |  out|    1|       m_axi|                                                   gmem_param|       pointer|
|m_axi_gmem_param_0_WVALID    |  out|    1|       m_axi|                                                   gmem_param|       pointer|
|m_axi_gmem_param_0_WREADY    |   in|    1|       m_axi|                                                   gmem_param|       pointer|
|m_axi_gmem_param_0_WDATA     |  out|  256|       m_axi|                                                   gmem_param|       pointer|
|m_axi_gmem_param_0_WSTRB     |  out|   32|       m_axi|                                                   gmem_param|       pointer|
|m_axi_gmem_param_0_WLAST     |  out|    1|       m_axi|                                                   gmem_param|       pointer|
|m_axi_gmem_param_0_WID       |  out|    1|       m_axi|                                                   gmem_param|       pointer|
|m_axi_gmem_param_0_WUSER     |  out|    1|       m_axi|                                                   gmem_param|       pointer|
|m_axi_gmem_param_0_ARVALID   |  out|    1|       m_axi|                                                   gmem_param|       pointer|
|m_axi_gmem_param_0_ARREADY   |   in|    1|       m_axi|                                                   gmem_param|       pointer|
|m_axi_gmem_param_0_ARADDR    |  out|   64|       m_axi|                                                   gmem_param|       pointer|
|m_axi_gmem_param_0_ARID      |  out|    1|       m_axi|                                                   gmem_param|       pointer|
|m_axi_gmem_param_0_ARLEN     |  out|   32|       m_axi|                                                   gmem_param|       pointer|
|m_axi_gmem_param_0_ARSIZE    |  out|    3|       m_axi|                                                   gmem_param|       pointer|
|m_axi_gmem_param_0_ARBURST   |  out|    2|       m_axi|                                                   gmem_param|       pointer|
|m_axi_gmem_param_0_ARLOCK    |  out|    2|       m_axi|                                                   gmem_param|       pointer|
|m_axi_gmem_param_0_ARCACHE   |  out|    4|       m_axi|                                                   gmem_param|       pointer|
|m_axi_gmem_param_0_ARPROT    |  out|    3|       m_axi|                                                   gmem_param|       pointer|
|m_axi_gmem_param_0_ARQOS     |  out|    4|       m_axi|                                                   gmem_param|       pointer|
|m_axi_gmem_param_0_ARREGION  |  out|    4|       m_axi|                                                   gmem_param|       pointer|
|m_axi_gmem_param_0_ARUSER    |  out|    1|       m_axi|                                                   gmem_param|       pointer|
|m_axi_gmem_param_0_RVALID    |   in|    1|       m_axi|                                                   gmem_param|       pointer|
|m_axi_gmem_param_0_RREADY    |  out|    1|       m_axi|                                                   gmem_param|       pointer|
|m_axi_gmem_param_0_RDATA     |   in|  256|       m_axi|                                                   gmem_param|       pointer|
|m_axi_gmem_param_0_RLAST     |   in|    1|       m_axi|                                                   gmem_param|       pointer|
|m_axi_gmem_param_0_RID       |   in|    1|       m_axi|                                                   gmem_param|       pointer|
|m_axi_gmem_param_0_RFIFONUM  |   in|   11|       m_axi|                                                   gmem_param|       pointer|
|m_axi_gmem_param_0_RUSER     |   in|    1|       m_axi|                                                   gmem_param|       pointer|
|m_axi_gmem_param_0_RRESP     |   in|    2|       m_axi|                                                   gmem_param|       pointer|
|m_axi_gmem_param_0_BVALID    |   in|    1|       m_axi|                                                   gmem_param|       pointer|
|m_axi_gmem_param_0_BREADY    |  out|    1|       m_axi|                                                   gmem_param|       pointer|
|m_axi_gmem_param_0_BRESP     |   in|    2|       m_axi|                                                   gmem_param|       pointer|
|m_axi_gmem_param_0_BID       |   in|    1|       m_axi|                                                   gmem_param|       pointer|
|m_axi_gmem_param_0_BUSER     |   in|    1|       m_axi|                                                   gmem_param|       pointer|
|b_buf_address0               |  out|    2|   ap_memory|                                                        b_buf|         array|
|b_buf_ce0                    |  out|    1|   ap_memory|                                                        b_buf|         array|
|b_buf_we0                    |  out|    1|   ap_memory|                                                        b_buf|         array|
|b_buf_d0                     |  out|  256|   ap_memory|                                                        b_buf|         array|
|sext_ln228                   |   in|   59|     ap_none|                                                   sext_ln228|        scalar|
|g_buf_address0               |  out|    2|   ap_memory|                                                        g_buf|         array|
|g_buf_ce0                    |  out|    1|   ap_memory|                                                        g_buf|         array|
|g_buf_we0                    |  out|    1|   ap_memory|                                                        g_buf|         array|
|g_buf_d0                     |  out|  256|   ap_memory|                                                        g_buf|         array|
|sext_ln228_7                 |   in|   59|     ap_none|                                                 sext_ln228_7|        scalar|
|be_buf_address0              |  out|    2|   ap_memory|                                                       be_buf|         array|
|be_buf_ce0                   |  out|    1|   ap_memory|                                                       be_buf|         array|
|be_buf_we0                   |  out|    1|   ap_memory|                                                       be_buf|         array|
|be_buf_d0                    |  out|  256|   ap_memory|                                                       be_buf|         array|
|sext_ln228_8                 |   in|   59|     ap_none|                                                 sext_ln228_8|        scalar|
+-----------------------------+-----+-----+------------+-------------------------------------------------------------+--------------+

============================================================
+ Verbose Summary: Synthesis Manager
============================================================
InlineROM: 1
ExposeGlobal: 0
============================================================
+ Verbose Summary: CDFG Model
============================================================
IsTopModel: 0
ResetActiveHigh: 1
IsCombinational: 2
IsDatapathOnly: 2
HasWiredReturn: 1
HasMFsm: 2
HasVarLatency: 1
IsPipeline: 0
IsRtlPipelined: 0
IsInstanceOverlapped: 0
IsDontTouch: 0
HasImplIP: 0
IsGatedGlobalClock: 0

+ Individual pipeline summary: 
  * Pipeline-0: initiation interval (II) = 3, depth = 13


============================================================
+ Verbose Summary: Schedule
============================================================
* Number of FSM states : 13
* Pipeline : 1
  Pipeline-0 : II = 3, D = 13, States = { 1 2 3 4 5 6 7 8 9 10 11 12 13 }
* Dataflow Pipeline: 0

* FSM state transitions: 
1 --> 2 
2 --> 3 
3 --> 4 
4 --> 5 
5 --> 6 
6 --> 7 
7 --> 8 
8 --> 9 
9 --> 10 
10 --> 11 
11 --> 12 
12 --> 13 
13 --> 

* FSM state operations: 

State 1 <SV = 0> <Delay = 1.52>
ST_1 : Operation 16 [1/1] (0.00ns)   --->   "%i = alloca i32 1" [../gen/Hls_Layers_UpConv.tpp:228]   --->   Operation 16 'alloca' 'i' <Predicate = true> <Delay = 0.00>
ST_1 : Operation 17 [1/1] (0.00ns)   --->   "%sext_ln228_8_read = read i59 @_ssdm_op_Read.ap_auto.i59, i59 %sext_ln228_8"   --->   Operation 17 'read' 'sext_ln228_8_read' <Predicate = true> <Delay = 0.00>
ST_1 : Operation 18 [1/1] (0.00ns)   --->   "%sext_ln228_7_read = read i59 @_ssdm_op_Read.ap_auto.i59, i59 %sext_ln228_7"   --->   Operation 18 'read' 'sext_ln228_7_read' <Predicate = true> <Delay = 0.00>
ST_1 : Operation 19 [1/1] (0.00ns)   --->   "%sext_ln228_read = read i59 @_ssdm_op_Read.ap_auto.i59, i59 %sext_ln228"   --->   Operation 19 'read' 'sext_ln228_read' <Predicate = true> <Delay = 0.00>
ST_1 : Operation 20 [1/1] (0.00ns)   --->   "%sext_ln228_8_cast = sext i59 %sext_ln228_8_read"   --->   Operation 20 'sext' 'sext_ln228_8_cast' <Predicate = true> <Delay = 0.00>
ST_1 : Operation 21 [1/1] (0.00ns)   --->   "%sext_ln228_7_cast = sext i59 %sext_ln228_7_read"   --->   Operation 21 'sext' 'sext_ln228_7_cast' <Predicate = true> <Delay = 0.00>
ST_1 : Operation 22 [1/1] (0.00ns)   --->   "%sext_ln228_cast = sext i59 %sext_ln228_read"   --->   Operation 22 'sext' 'sext_ln228_cast' <Predicate = true> <Delay = 0.00>
ST_1 : Operation 23 [1/1] (0.00ns)   --->   "%specmemcore_ln0 = specmemcore void @_ssdm_op_SpecMemCore, i256 %be_buf, i64 666, i64 30, i64 18446744073709551615"   --->   Operation 23 'specmemcore' 'specmemcore_ln0' <Predicate = true> <Delay = 0.00>
ST_1 : Operation 24 [1/1] (0.00ns)   --->   "%specmemcore_ln0 = specmemcore void @_ssdm_op_SpecMemCore, i256 %g_buf, i64 666, i64 30, i64 18446744073709551615"   --->   Operation 24 'specmemcore' 'specmemcore_ln0' <Predicate = true> <Delay = 0.00>
ST_1 : Operation 25 [1/1] (0.00ns)   --->   "%specmemcore_ln0 = specmemcore void @_ssdm_op_SpecMemCore, i256 %b_buf, i64 666, i64 30, i64 18446744073709551615"   --->   Operation 25 'specmemcore' 'specmemcore_ln0' <Predicate = true> <Delay = 0.00>
ST_1 : Operation 26 [1/1] (0.00ns)   --->   "%specinterface_ln0 = specinterface void @_ssdm_op_SpecInterface, i256 %gmem_param, void @empty, i32 0, i32 0, void @empty_0, i32 0, i32 0, void @empty_4, void @empty_23, void @empty_0, i32 16, i32 16, i32 64, i32 16, void @empty_0, void @empty_0, i32 4294967295, i32 0, i32 0"   --->   Operation 26 'specinterface' 'specinterface_ln0' <Predicate = true> <Delay = 0.00>
ST_1 : Operation 27 [1/1] (0.42ns)   --->   "%store_ln228 = store i3 0, i3 %i" [../gen/Hls_Layers_UpConv.tpp:228]   --->   Operation 27 'store' 'store_ln228' <Predicate = true> <Delay = 0.42>
ST_1 : Operation 28 [1/1] (0.00ns)   --->   "%br_ln0 = br void %for.inc229"   --->   Operation 28 'br' 'br_ln0' <Predicate = true> <Delay = 0.00>
ST_1 : Operation 29 [1/1] (0.00ns)   --->   "%i_4 = load i3 %i" [../gen/Hls_Layers_UpConv.tpp:228]   --->   Operation 29 'load' 'i_4' <Predicate = true> <Delay = 0.00>
ST_1 : Operation 30 [1/1] (0.67ns)   --->   "%icmp_ln228 = icmp_eq  i3 %i_4, i3 4" [../gen/Hls_Layers_UpConv.tpp:228]   --->   Operation 30 'icmp' 'icmp_ln228' <Predicate = true> <Delay = 0.67> <CoreInst = "Cmp">   --->   Core 9 'Cmp' <Latency = 0> <II = 1> <Delay = 0.79> <FuncUnit> <Opcode : 'seteq' 'setne' 'setle' 'setge' 'setlt' 'setgt'> <InPorts = 2> <OutPorts = 1>
ST_1 : Operation 31 [1/1] (0.67ns)   --->   "%add_ln228 = add i3 %i_4, i3 1" [../gen/Hls_Layers_UpConv.tpp:228]   --->   Operation 31 'add' 'add_ln228' <Predicate = true> <Delay = 0.67> <CoreInst = "Adder">   --->   Core 1 'Adder' <Latency = 0> <II = 1> <Delay = 0.67> <FuncUnit> <Opcode : 'add' 'sub'> <InPorts = 2> <OutPorts = 1>
ST_1 : Operation 32 [1/1] (0.00ns)   --->   "%br_ln228 = br i1 %icmp_ln228, void %for.inc229.split, void %PIXEL_NORM.exitStub" [../gen/Hls_Layers_UpConv.tpp:228]   --->   Operation 32 'br' 'br_ln228' <Predicate = true> <Delay = 0.00>
ST_1 : Operation 33 [1/1] (0.00ns)   --->   "%zext_ln228_4 = zext i3 %i_4" [../gen/Hls_Layers_UpConv.tpp:228]   --->   Operation 33 'zext' 'zext_ln228_4' <Predicate = (!icmp_ln228)> <Delay = 0.00>
ST_1 : Operation 34 [1/1] (1.09ns)   --->   "%add_ln230 = add i60 %zext_ln228_4, i60 %sext_ln228_cast" [../gen/Hls_Layers_UpConv.tpp:230]   --->   Operation 34 'add' 'add_ln230' <Predicate = (!icmp_ln228)> <Delay = 1.09> <CoreInst = "Adder">   --->   Core 1 'Adder' <Latency = 0> <II = 1> <Delay = 1.09> <FuncUnit> <Opcode : 'add' 'sub'> <InPorts = 2> <OutPorts = 1>
ST_1 : Operation 35 [1/1] (0.42ns)   --->   "%store_ln228 = store i3 %add_ln228, i3 %i" [../gen/Hls_Layers_UpConv.tpp:228]   --->   Operation 35 'store' 'store_ln228' <Predicate = (!icmp_ln228)> <Delay = 0.42>

State 2 <SV = 1> <Delay = 2.43>
ST_2 : Operation 36 [1/1] (0.00ns)   --->   "%sext_ln230 = sext i60 %add_ln230" [../gen/Hls_Layers_UpConv.tpp:230]   --->   Operation 36 'sext' 'sext_ln230' <Predicate = (!icmp_ln228)> <Delay = 0.00>
ST_2 : Operation 37 [1/1] (0.00ns)   --->   "%gmem_param_addr = getelementptr i256 %gmem_param, i64 %sext_ln230" [../gen/Hls_Layers_UpConv.tpp:230]   --->   Operation 37 'getelementptr' 'gmem_param_addr' <Predicate = (!icmp_ln228)> <Delay = 0.00>
ST_2 : Operation 38 [8/8] (2.43ns)   --->   "%gmem_param_load_req = readreq i1 @_ssdm_op_ReadReq.m_axi.i256P1A, i64 %gmem_param_addr, i64 1" [../gen/Hls_Layers_UpConv.tpp:230]   --->   Operation 38 'readreq' 'gmem_param_load_req' <Predicate = (!icmp_ln228)> <Delay = 2.43> <CoreInst = "m_axi">   --->   Core 119 'm_axi' <Latency = 6> <II = 1> <Delay = 1.00> <Adapter> <Opcode : 'read' 'write' 'readreq' 'writereq' 'writeresp'>
ST_2 : Operation 39 [1/1] (1.09ns)   --->   "%add_ln231 = add i60 %zext_ln228_4, i60 %sext_ln228_7_cast" [../gen/Hls_Layers_UpConv.tpp:231]   --->   Operation 39 'add' 'add_ln231' <Predicate = (!icmp_ln228)> <Delay = 1.09> <CoreInst = "Adder">   --->   Core 1 'Adder' <Latency = 0> <II = 1> <Delay = 1.09> <FuncUnit> <Opcode : 'add' 'sub'> <InPorts = 2> <OutPorts = 1>
ST_2 : Operation 40 [1/1] (1.09ns)   --->   "%add_ln232 = add i60 %zext_ln228_4, i60 %sext_ln228_8_cast" [../gen/Hls_Layers_UpConv.tpp:232]   --->   Operation 40 'add' 'add_ln232' <Predicate = (!icmp_ln228)> <Delay = 1.09> <CoreInst = "Adder">   --->   Core 1 'Adder' <Latency = 0> <II = 1> <Delay = 1.09> <FuncUnit> <Opcode : 'add' 'sub'> <InPorts = 2> <OutPorts = 1>

State 3 <SV = 2> <Delay = 2.43>
ST_3 : Operation 41 [7/8] (2.43ns)   --->   "%gmem_param_load_req = readreq i1 @_ssdm_op_ReadReq.m_axi.i256P1A, i64 %gmem_param_addr, i64 1" [../gen/Hls_Layers_UpConv.tpp:230]   --->   Operation 41 'readreq' 'gmem_param_load_req' <Predicate = (!icmp_ln228)> <Delay = 2.43> <CoreInst = "m_axi">   --->   Core 119 'm_axi' <Latency = 6> <II = 1> <Delay = 1.00> <Adapter> <Opcode : 'read' 'write' 'readreq' 'writereq' 'writeresp'>
ST_3 : Operation 42 [1/1] (0.00ns)   --->   "%sext_ln231 = sext i60 %add_ln231" [../gen/Hls_Layers_UpConv.tpp:231]   --->   Operation 42 'sext' 'sext_ln231' <Predicate = (!icmp_ln228)> <Delay = 0.00>
ST_3 : Operation 43 [1/1] (0.00ns)   --->   "%gmem_param_addr_9 = getelementptr i256 %gmem_param, i64 %sext_ln231" [../gen/Hls_Layers_UpConv.tpp:231]   --->   Operation 43 'getelementptr' 'gmem_param_addr_9' <Predicate = (!icmp_ln228)> <Delay = 0.00>
ST_3 : Operation 44 [8/8] (2.43ns)   --->   "%gmem_param_load_9_req = readreq i1 @_ssdm_op_ReadReq.m_axi.i256P1A, i64 %gmem_param_addr_9, i64 1" [../gen/Hls_Layers_UpConv.tpp:231]   --->   Operation 44 'readreq' 'gmem_param_load_9_req' <Predicate = (!icmp_ln228)> <Delay = 2.43> <CoreInst = "m_axi">   --->   Core 119 'm_axi' <Latency = 6> <II = 1> <Delay = 1.00> <Adapter> <Opcode : 'read' 'write' 'readreq' 'writereq' 'writeresp'>

State 4 <SV = 3> <Delay = 2.43>
ST_4 : Operation 45 [6/8] (2.43ns)   --->   "%gmem_param_load_req = readreq i1 @_ssdm_op_ReadReq.m_axi.i256P1A, i64 %gmem_param_addr, i64 1" [../gen/Hls_Layers_UpConv.tpp:230]   --->   Operation 45 'readreq' 'gmem_param_load_req' <Predicate = true> <Delay = 2.43> <CoreInst = "m_axi">   --->   Core 119 'm_axi' <Latency = 6> <II = 1> <Delay = 1.00> <Adapter> <Opcode : 'read' 'write' 'readreq' 'writereq' 'writeresp'>
ST_4 : Operation 46 [7/8] (2.43ns)   --->   "%gmem_param_load_9_req = readreq i1 @_ssdm_op_ReadReq.m_axi.i256P1A, i64 %gmem_param_addr_9, i64 1" [../gen/Hls_Layers_UpConv.tpp:231]   --->   Operation 46 'readreq' 'gmem_param_load_9_req' <Predicate = true> <Delay = 2.43> <CoreInst = "m_axi">   --->   Core 119 'm_axi' <Latency = 6> <II = 1> <Delay = 1.00> <Adapter> <Opcode : 'read' 'write' 'readreq' 'writereq' 'writeresp'>
ST_4 : Operation 47 [1/1] (0.00ns)   --->   "%sext_ln232 = sext i60 %add_ln232" [../gen/Hls_Layers_UpConv.tpp:232]   --->   Operation 47 'sext' 'sext_ln232' <Predicate = true> <Delay = 0.00>
ST_4 : Operation 48 [1/1] (0.00ns)   --->   "%gmem_param_addr_10 = getelementptr i256 %gmem_param, i64 %sext_ln232" [../gen/Hls_Layers_UpConv.tpp:232]   --->   Operation 48 'getelementptr' 'gmem_param_addr_10' <Predicate = true> <Delay = 0.00>
ST_4 : Operation 49 [8/8] (2.43ns)   --->   "%gmem_param_load_10_req = readreq i1 @_ssdm_op_ReadReq.m_axi.i256P1A, i64 %gmem_param_addr_10, i64 1" [../gen/Hls_Layers_UpConv.tpp:232]   --->   Operation 49 'readreq' 'gmem_param_load_10_req' <Predicate = true> <Delay = 2.43> <CoreInst = "m_axi">   --->   Core 119 'm_axi' <Latency = 6> <II = 1> <Delay = 1.00> <Adapter> <Opcode : 'read' 'write' 'readreq' 'writereq' 'writeresp'>

State 5 <SV = 4> <Delay = 2.43>
ST_5 : Operation 50 [5/8] (2.43ns)   --->   "%gmem_param_load_req = readreq i1 @_ssdm_op_ReadReq.m_axi.i256P1A, i64 %gmem_param_addr, i64 1" [../gen/Hls_Layers_UpConv.tpp:230]   --->   Operation 50 'readreq' 'gmem_param_load_req' <Predicate = true> <Delay = 2.43> <CoreInst = "m_axi">   --->   Core 119 'm_axi' <Latency = 6> <II = 1> <Delay = 1.00> <Adapter> <Opcode : 'read' 'write' 'readreq' 'writereq' 'writeresp'>
ST_5 : Operation 51 [6/8] (2.43ns)   --->   "%gmem_param_load_9_req = readreq i1 @_ssdm_op_ReadReq.m_axi.i256P1A, i64 %gmem_param_addr_9, i64 1" [../gen/Hls_Layers_UpConv.tpp:231]   --->   Operation 51 'readreq' 'gmem_param_load_9_req' <Predicate = true> <Delay = 2.43> <CoreInst = "m_axi">   --->   Core 119 'm_axi' <Latency = 6> <II = 1> <Delay = 1.00> <Adapter> <Opcode : 'read' 'write' 'readreq' 'writereq' 'writeresp'>
ST_5 : Operation 52 [7/8] (2.43ns)   --->   "%gmem_param_load_10_req = readreq i1 @_ssdm_op_ReadReq.m_axi.i256P1A, i64 %gmem_param_addr_10, i64 1" [../gen/Hls_Layers_UpConv.tpp:232]   --->   Operation 52 'readreq' 'gmem_param_load_10_req' <Predicate = true> <Delay = 2.43> <CoreInst = "m_axi">   --->   Core 119 'm_axi' <Latency = 6> <II = 1> <Delay = 1.00> <Adapter> <Opcode : 'read' 'write' 'readreq' 'writereq' 'writeresp'>

State 6 <SV = 5> <Delay = 2.43>
ST_6 : Operation 53 [4/8] (2.43ns)   --->   "%gmem_param_load_req = readreq i1 @_ssdm_op_ReadReq.m_axi.i256P1A, i64 %gmem_param_addr, i64 1" [../gen/Hls_Layers_UpConv.tpp:230]   --->   Operation 53 'readreq' 'gmem_param_load_req' <Predicate = true> <Delay = 2.43> <CoreInst = "m_axi">   --->   Core 119 'm_axi' <Latency = 6> <II = 1> <Delay = 1.00> <Adapter> <Opcode : 'read' 'write' 'readreq' 'writereq' 'writeresp'>
ST_6 : Operation 54 [5/8] (2.43ns)   --->   "%gmem_param_load_9_req = readreq i1 @_ssdm_op_ReadReq.m_axi.i256P1A, i64 %gmem_param_addr_9, i64 1" [../gen/Hls_Layers_UpConv.tpp:231]   --->   Operation 54 'readreq' 'gmem_param_load_9_req' <Predicate = true> <Delay = 2.43> <CoreInst = "m_axi">   --->   Core 119 'm_axi' <Latency = 6> <II = 1> <Delay = 1.00> <Adapter> <Opcode : 'read' 'write' 'readreq' 'writereq' 'writeresp'>
ST_6 : Operation 55 [6/8] (2.43ns)   --->   "%gmem_param_load_10_req = readreq i1 @_ssdm_op_ReadReq.m_axi.i256P1A, i64 %gmem_param_addr_10, i64 1" [../gen/Hls_Layers_UpConv.tpp:232]   --->   Operation 55 'readreq' 'gmem_param_load_10_req' <Predicate = true> <Delay = 2.43> <CoreInst = "m_axi">   --->   Core 119 'm_axi' <Latency = 6> <II = 1> <Delay = 1.00> <Adapter> <Opcode : 'read' 'write' 'readreq' 'writereq' 'writeresp'>

State 7 <SV = 6> <Delay = 2.43>
ST_7 : Operation 56 [3/8] (2.43ns)   --->   "%gmem_param_load_req = readreq i1 @_ssdm_op_ReadReq.m_axi.i256P1A, i64 %gmem_param_addr, i64 1" [../gen/Hls_Layers_UpConv.tpp:230]   --->   Operation 56 'readreq' 'gmem_param_load_req' <Predicate = true> <Delay = 2.43> <CoreInst = "m_axi">   --->   Core 119 'm_axi' <Latency = 6> <II = 1> <Delay = 1.00> <Adapter> <Opcode : 'read' 'write' 'readreq' 'writereq' 'writeresp'>
ST_7 : Operation 57 [4/8] (2.43ns)   --->   "%gmem_param_load_9_req = readreq i1 @_ssdm_op_ReadReq.m_axi.i256P1A, i64 %gmem_param_addr_9, i64 1" [../gen/Hls_Layers_UpConv.tpp:231]   --->   Operation 57 'readreq' 'gmem_param_load_9_req' <Predicate = true> <Delay = 2.43> <CoreInst = "m_axi">   --->   Core 119 'm_axi' <Latency = 6> <II = 1> <Delay = 1.00> <Adapter> <Opcode : 'read' 'write' 'readreq' 'writereq' 'writeresp'>
ST_7 : Operation 58 [5/8] (2.43ns)   --->   "%gmem_param_load_10_req = readreq i1 @_ssdm_op_ReadReq.m_axi.i256P1A, i64 %gmem_param_addr_10, i64 1" [../gen/Hls_Layers_UpConv.tpp:232]   --->   Operation 58 'readreq' 'gmem_param_load_10_req' <Predicate = true> <Delay = 2.43> <CoreInst = "m_axi">   --->   Core 119 'm_axi' <Latency = 6> <II = 1> <Delay = 1.00> <Adapter> <Opcode : 'read' 'write' 'readreq' 'writereq' 'writeresp'>

State 8 <SV = 7> <Delay = 2.43>
ST_8 : Operation 59 [2/8] (2.43ns)   --->   "%gmem_param_load_req = readreq i1 @_ssdm_op_ReadReq.m_axi.i256P1A, i64 %gmem_param_addr, i64 1" [../gen/Hls_Layers_UpConv.tpp:230]   --->   Operation 59 'readreq' 'gmem_param_load_req' <Predicate = true> <Delay = 2.43> <CoreInst = "m_axi">   --->   Core 119 'm_axi' <Latency = 6> <II = 1> <Delay = 1.00> <Adapter> <Opcode : 'read' 'write' 'readreq' 'writereq' 'writeresp'>
ST_8 : Operation 60 [3/8] (2.43ns)   --->   "%gmem_param_load_9_req = readreq i1 @_ssdm_op_ReadReq.m_axi.i256P1A, i64 %gmem_param_addr_9, i64 1" [../gen/Hls_Layers_UpConv.tpp:231]   --->   Operation 60 'readreq' 'gmem_param_load_9_req' <Predicate = true> <Delay = 2.43> <CoreInst = "m_axi">   --->   Core 119 'm_axi' <Latency = 6> <II = 1> <Delay = 1.00> <Adapter> <Opcode : 'read' 'write' 'readreq' 'writereq' 'writeresp'>
ST_8 : Operation 61 [4/8] (2.43ns)   --->   "%gmem_param_load_10_req = readreq i1 @_ssdm_op_ReadReq.m_axi.i256P1A, i64 %gmem_param_addr_10, i64 1" [../gen/Hls_Layers_UpConv.tpp:232]   --->   Operation 61 'readreq' 'gmem_param_load_10_req' <Predicate = true> <Delay = 2.43> <CoreInst = "m_axi">   --->   Core 119 'm_axi' <Latency = 6> <II = 1> <Delay = 1.00> <Adapter> <Opcode : 'read' 'write' 'readreq' 'writereq' 'writeresp'>

State 9 <SV = 8> <Delay = 2.43>
ST_9 : Operation 62 [1/8] (2.43ns)   --->   "%gmem_param_load_req = readreq i1 @_ssdm_op_ReadReq.m_axi.i256P1A, i64 %gmem_param_addr, i64 1" [../gen/Hls_Layers_UpConv.tpp:230]   --->   Operation 62 'readreq' 'gmem_param_load_req' <Predicate = true> <Delay = 2.43> <CoreInst = "m_axi">   --->   Core 119 'm_axi' <Latency = 6> <II = 1> <Delay = 1.00> <Adapter> <Opcode : 'read' 'write' 'readreq' 'writereq' 'writeresp'>
ST_9 : Operation 63 [2/8] (2.43ns)   --->   "%gmem_param_load_9_req = readreq i1 @_ssdm_op_ReadReq.m_axi.i256P1A, i64 %gmem_param_addr_9, i64 1" [../gen/Hls_Layers_UpConv.tpp:231]   --->   Operation 63 'readreq' 'gmem_param_load_9_req' <Predicate = true> <Delay = 2.43> <CoreInst = "m_axi">   --->   Core 119 'm_axi' <Latency = 6> <II = 1> <Delay = 1.00> <Adapter> <Opcode : 'read' 'write' 'readreq' 'writereq' 'writeresp'>
ST_9 : Operation 64 [3/8] (2.43ns)   --->   "%gmem_param_load_10_req = readreq i1 @_ssdm_op_ReadReq.m_axi.i256P1A, i64 %gmem_param_addr_10, i64 1" [../gen/Hls_Layers_UpConv.tpp:232]   --->   Operation 64 'readreq' 'gmem_param_load_10_req' <Predicate = true> <Delay = 2.43> <CoreInst = "m_axi">   --->   Core 119 'm_axi' <Latency = 6> <II = 1> <Delay = 1.00> <Adapter> <Opcode : 'read' 'write' 'readreq' 'writereq' 'writeresp'>

State 10 <SV = 9> <Delay = 2.43>
ST_10 : Operation 65 [1/1] (2.43ns)   --->   "%gmem_param_addr_read = read i256 @_ssdm_op_Read.m_axi.i256P1A, i64 %gmem_param_addr" [../gen/Hls_Layers_UpConv.tpp:230]   --->   Operation 65 'read' 'gmem_param_addr_read' <Predicate = true> <Delay = 2.43> <CoreInst = "m_axi">   --->   Core 119 'm_axi' <Latency = 3> <II = 1> <Delay = 1.00> <Adapter> <Opcode : 'read' 'write' 'readreq' 'writereq' 'writeresp'>
ST_10 : Operation 66 [1/8] (2.43ns)   --->   "%gmem_param_load_9_req = readreq i1 @_ssdm_op_ReadReq.m_axi.i256P1A, i64 %gmem_param_addr_9, i64 1" [../gen/Hls_Layers_UpConv.tpp:231]   --->   Operation 66 'readreq' 'gmem_param_load_9_req' <Predicate = true> <Delay = 2.43> <CoreInst = "m_axi">   --->   Core 119 'm_axi' <Latency = 6> <II = 1> <Delay = 1.00> <Adapter> <Opcode : 'read' 'write' 'readreq' 'writereq' 'writeresp'>
ST_10 : Operation 67 [2/8] (2.43ns)   --->   "%gmem_param_load_10_req = readreq i1 @_ssdm_op_ReadReq.m_axi.i256P1A, i64 %gmem_param_addr_10, i64 1" [../gen/Hls_Layers_UpConv.tpp:232]   --->   Operation 67 'readreq' 'gmem_param_load_10_req' <Predicate = true> <Delay = 2.43> <CoreInst = "m_axi">   --->   Core 119 'm_axi' <Latency = 6> <II = 1> <Delay = 1.00> <Adapter> <Opcode : 'read' 'write' 'readreq' 'writereq' 'writeresp'>
ST_10 : Operation 82 [1/1] (0.42ns)   --->   "%ret_ln0 = ret"   --->   Operation 82 'ret' 'ret_ln0' <Predicate = (icmp_ln228)> <Delay = 0.42>

State 11 <SV = 10> <Delay = 2.43>
ST_11 : Operation 68 [1/1] (0.00ns)   --->   "%zext_ln228 = zext i3 %i_4" [../gen/Hls_Layers_UpConv.tpp:228]   --->   Operation 68 'zext' 'zext_ln228' <Predicate = true> <Delay = 0.00>
ST_11 : Operation 69 [1/1] (0.00ns)   --->   "%b_buf_addr = getelementptr i256 %b_buf, i64 0, i64 %zext_ln228" [../gen/Hls_Layers_UpConv.tpp:230]   --->   Operation 69 'getelementptr' 'b_buf_addr' <Predicate = true> <Delay = 0.00>
ST_11 : Operation 70 [1/1] ( I:1.23ns O:1.23ns )   --->   "%store_ln230 = store i256 %gmem_param_addr_read, i2 %b_buf_addr" [../gen/Hls_Layers_UpConv.tpp:230]   --->   Operation 70 'store' 'store_ln230' <Predicate = true> <Delay = 1.23> <CoreInst = "RAM_T2P_BRAM">   --->   Core 98 'RAM_T2P_BRAM' <Latency = 1> <II = 1> <Delay = 1.23> <Storage> <Opcode : 'load' 'store'> <Ports = 2> <Width = 256> <Depth = 4> <RAM>
ST_11 : Operation 71 [1/1] (2.43ns)   --->   "%gmem_param_addr_9_read = read i256 @_ssdm_op_Read.m_axi.i256P1A, i64 %gmem_param_addr_9" [../gen/Hls_Layers_UpConv.tpp:231]   --->   Operation 71 'read' 'gmem_param_addr_9_read' <Predicate = true> <Delay = 2.43> <CoreInst = "m_axi">   --->   Core 119 'm_axi' <Latency = 3> <II = 1> <Delay = 1.00> <Adapter> <Opcode : 'read' 'write' 'readreq' 'writereq' 'writeresp'>
ST_11 : Operation 72 [1/8] (2.43ns)   --->   "%gmem_param_load_10_req = readreq i1 @_ssdm_op_ReadReq.m_axi.i256P1A, i64 %gmem_param_addr_10, i64 1" [../gen/Hls_Layers_UpConv.tpp:232]   --->   Operation 72 'readreq' 'gmem_param_load_10_req' <Predicate = true> <Delay = 2.43> <CoreInst = "m_axi">   --->   Core 119 'm_axi' <Latency = 6> <II = 1> <Delay = 1.00> <Adapter> <Opcode : 'read' 'write' 'readreq' 'writereq' 'writeresp'>

State 12 <SV = 11> <Delay = 2.43>
ST_12 : Operation 73 [1/1] (0.00ns)   --->   "%g_buf_addr = getelementptr i256 %g_buf, i64 0, i64 %zext_ln228" [../gen/Hls_Layers_UpConv.tpp:231]   --->   Operation 73 'getelementptr' 'g_buf_addr' <Predicate = true> <Delay = 0.00>
ST_12 : Operation 74 [1/1] ( I:1.23ns O:1.23ns )   --->   "%store_ln231 = store i256 %gmem_param_addr_9_read, i2 %g_buf_addr" [../gen/Hls_Layers_UpConv.tpp:231]   --->   Operation 74 'store' 'store_ln231' <Predicate = true> <Delay = 1.23> <CoreInst = "RAM_T2P_BRAM">   --->   Core 98 'RAM_T2P_BRAM' <Latency = 1> <II = 1> <Delay = 1.23> <Storage> <Opcode : 'load' 'store'> <Ports = 2> <Width = 256> <Depth = 4> <RAM>
ST_12 : Operation 75 [1/1] (2.43ns)   --->   "%gmem_param_addr_10_read = read i256 @_ssdm_op_Read.m_axi.i256P1A, i64 %gmem_param_addr_10" [../gen/Hls_Layers_UpConv.tpp:232]   --->   Operation 75 'read' 'gmem_param_addr_10_read' <Predicate = true> <Delay = 2.43> <CoreInst = "m_axi">   --->   Core 119 'm_axi' <Latency = 3> <II = 1> <Delay = 1.00> <Adapter> <Opcode : 'read' 'write' 'readreq' 'writereq' 'writeresp'>

State 13 <SV = 12> <Delay = 1.23>
ST_13 : Operation 76 [1/1] (0.00ns)   --->   "%specpipeline_ln229 = specpipeline void @_ssdm_op_SpecPipeline, i32 1, i32 0, i32 0, i32 0, void @empty_0" [../gen/Hls_Layers_UpConv.tpp:229]   --->   Operation 76 'specpipeline' 'specpipeline_ln229' <Predicate = true> <Delay = 0.00>
ST_13 : Operation 77 [1/1] (0.00ns)   --->   "%speclooptripcount_ln228 = speclooptripcount void @_ssdm_op_SpecLoopTripCount, i64 4, i64 4, i64 4" [../gen/Hls_Layers_UpConv.tpp:228]   --->   Operation 77 'speclooptripcount' 'speclooptripcount_ln228' <Predicate = true> <Delay = 0.00>
ST_13 : Operation 78 [1/1] (0.00ns)   --->   "%specloopname_ln228 = specloopname void @_ssdm_op_SpecLoopName, void @empty_26" [../gen/Hls_Layers_UpConv.tpp:228]   --->   Operation 78 'specloopname' 'specloopname_ln228' <Predicate = true> <Delay = 0.00>
ST_13 : Operation 79 [1/1] (0.00ns)   --->   "%be_buf_addr = getelementptr i256 %be_buf, i64 0, i64 %zext_ln228" [../gen/Hls_Layers_UpConv.tpp:232]   --->   Operation 79 'getelementptr' 'be_buf_addr' <Predicate = true> <Delay = 0.00>
ST_13 : Operation 80 [1/1] ( I:1.23ns O:1.23ns )   --->   "%store_ln232 = store i256 %gmem_param_addr_10_read, i2 %be_buf_addr" [../gen/Hls_Layers_UpConv.tpp:232]   --->   Operation 80 'store' 'store_ln232' <Predicate = true> <Delay = 1.23> <CoreInst = "RAM_T2P_BRAM">   --->   Core 98 'RAM_T2P_BRAM' <Latency = 1> <II = 1> <Delay = 1.23> <Storage> <Opcode : 'load' 'store'> <Ports = 2> <Width = 256> <Depth = 4> <RAM>
ST_13 : Operation 81 [1/1] (0.00ns)   --->   "%br_ln228 = br void %for.inc229" [../gen/Hls_Layers_UpConv.tpp:228]   --->   Operation 81 'br' 'br_ln228' <Predicate = true> <Delay = 0.00>


============================================================
+ Verbose Summary: Binding
============================================================
STG Binding: 
---------------- STG Properties BEGIN ----------------
- Is combinational: 0
- Is one-state seq: 0
- Is datapath-only: 0
- Is pipelined: 0
- Is top level: 0
Port [ Return ] is wired: 1; IO mode=ap_ctrl_hs:ce=0
Port [ b_buf]:  wired=1; compound=1; hidden=0; nouse=0; global=0; static=0; extern=0; dir=1; type=1; pingpong=0; private_global=0; MemPort=[03]; IO mode=ap_memory:ce=0
Port [ sext_ln228]:  wired=1; compound=0; hidden=0; nouse=0; global=0; static=0; extern=0; dir=0; type=0; pingpong=0; private_global=0; IO mode=ap_none:ce=0
Port [ gmem_param]:  wired=1; compound=1; hidden=0; nouse=0; global=0; static=0; extern=0; dir=0; type=4; pingpong=0; private_global=0; IO mode=m_axi:ce=0
Port [ g_buf]:  wired=1; compound=1; hidden=0; nouse=0; global=0; static=0; extern=0; dir=1; type=1; pingpong=0; private_global=0; MemPort=[03]; IO mode=ap_memory:ce=0
Port [ sext_ln228_7]:  wired=1; compound=0; hidden=0; nouse=0; global=0; static=0; extern=0; dir=0; type=0; pingpong=0; private_global=0; IO mode=ap_none:ce=0
Port [ be_buf]:  wired=1; compound=1; hidden=0; nouse=0; global=0; static=0; extern=0; dir=1; type=1; pingpong=0; private_global=0; MemPort=[03]; IO mode=ap_memory:ce=0
Port [ sext_ln228_8]:  wired=1; compound=0; hidden=0; nouse=0; global=0; static=0; extern=0; dir=0; type=0; pingpong=0; private_global=0; IO mode=ap_none:ce=0
---------------- STG Properties END ------------------

---------------- Datapath Model BEGIN ----------------

<LifeTime>
<method=bitvector/>
i                       (alloca           ) [ 01000000000000]
sext_ln228_8_read       (read             ) [ 00000000000000]
sext_ln228_7_read       (read             ) [ 00000000000000]
sext_ln228_read         (read             ) [ 00000000000000]
sext_ln228_8_cast       (sext             ) [ 00100000000000]
sext_ln228_7_cast       (sext             ) [ 00100000000000]
sext_ln228_cast         (sext             ) [ 00000000000000]
specmemcore_ln0         (specmemcore      ) [ 00000000000000]
specmemcore_ln0         (specmemcore      ) [ 00000000000000]
specmemcore_ln0         (specmemcore      ) [ 00000000000000]
specinterface_ln0       (specinterface    ) [ 00000000000000]
store_ln228             (store            ) [ 00000000000000]
br_ln0                  (br               ) [ 00000000000000]
i_4                     (load             ) [ 01111111111100]
icmp_ln228              (icmp             ) [ 01111111111000]
add_ln228               (add              ) [ 00000000000000]
br_ln228                (br               ) [ 00000000000000]
zext_ln228_4            (zext             ) [ 00100000000000]
add_ln230               (add              ) [ 00100000000000]
store_ln228             (store            ) [ 00000000000000]
sext_ln230              (sext             ) [ 00000000000000]
gmem_param_addr         (getelementptr    ) [ 01111111111000]
add_ln231               (add              ) [ 00010000000000]
add_ln232               (add              ) [ 01011000000000]
sext_ln231              (sext             ) [ 00000000000000]
gmem_param_addr_9       (getelementptr    ) [ 01111111111100]
sext_ln232              (sext             ) [ 00000000000000]
gmem_param_addr_10      (getelementptr    ) [ 01110111111110]
gmem_param_load_req     (readreq          ) [ 00000000000000]
gmem_param_addr_read    (read             ) [ 00100000000100]
gmem_param_load_9_req   (readreq          ) [ 00000000000000]
zext_ln228              (zext             ) [ 01010000000011]
b_buf_addr              (getelementptr    ) [ 00000000000000]
store_ln230             (store            ) [ 00000000000000]
gmem_param_addr_9_read  (read             ) [ 00010000000010]
gmem_param_load_10_req  (readreq          ) [ 00000000000000]
g_buf_addr              (getelementptr    ) [ 00000000000000]
store_ln231             (store            ) [ 00000000000000]
gmem_param_addr_10_read (read             ) [ 01000000000001]
specpipeline_ln229      (specpipeline     ) [ 00000000000000]
speclooptripcount_ln228 (speclooptripcount) [ 00000000000000]
specloopname_ln228      (specloopname     ) [ 00000000000000]
be_buf_addr             (getelementptr    ) [ 00000000000000]
store_ln232             (store            ) [ 00000000000000]
br_ln228                (br               ) [ 00000000000000]
ret_ln0                 (ret              ) [ 00000000000000]
</LifeTime>

<model>

<comp_list>
<comp id="0" class="1000" name="b_buf">
<pin_list>
<pin id="1" dir="1" index="0" bw="1" slack="0"/>
</pin_list>
<bind>
<StgValue><ssdm name="b_buf"/><MemPortTyVec>0 3 </MemPortTyVec>
</StgValue>
</bind>
</comp>

<comp id="2" class="1000" name="sext_ln228">
<pin_list>
<pin id="3" dir="1" index="0" bw="1" slack="0"/>
</pin_list>
<bind>
<StgValue><ssdm name="sext_ln228"/></StgValue>
</bind>
</comp>

<comp id="4" class="1000" name="gmem_param">
<pin_list>
<pin id="5" dir="1" index="0" bw="1" slack="0"/>
</pin_list>
<bind>
<StgValue><ssdm name="gmem_param"/><MemPortTyVec>0 </MemPortTyVec>
</StgValue>
</bind>
</comp>

<comp id="6" class="1000" name="g_buf">
<pin_list>
<pin id="7" dir="1" index="0" bw="1" slack="0"/>
</pin_list>
<bind>
<StgValue><ssdm name="g_buf"/><MemPortTyVec>0 3 </MemPortTyVec>
</StgValue>
</bind>
</comp>

<comp id="8" class="1000" name="sext_ln228_7">
<pin_list>
<pin id="9" dir="1" index="0" bw="1" slack="0"/>
</pin_list>
<bind>
<StgValue><ssdm name="sext_ln228_7"/></StgValue>
</bind>
</comp>

<comp id="10" class="1000" name="be_buf">
<pin_list>
<pin id="11" dir="1" index="0" bw="1" slack="0"/>
</pin_list>
<bind>
<StgValue><ssdm name="be_buf"/><MemPortTyVec>0 3 </MemPortTyVec>
</StgValue>
</bind>
</comp>

<comp id="12" class="1000" name="sext_ln228_8">
<pin_list>
<pin id="13" dir="1" index="0" bw="1" slack="0"/>
</pin_list>
<bind>
<StgValue><ssdm name="sext_ln228_8"/></StgValue>
</bind>
</comp>

<comp id="14" class="1001" name="const_14">
<pin_list>
<pin id="15" dir="1" index="0" bw="1" slack="0"/>
</pin_list>
<bind>
<StgValue><ssdm name=""/></StgValue>
</bind>
</comp>

<comp id="16" class="1001" name="const_16">
<pin_list>
<pin id="17" dir="1" index="0" bw="1" slack="0"/>
</pin_list>
<bind>
<StgValue><ssdm name="_ssdm_op_Read.ap_auto.i59"/></StgValue>
</bind>
</comp>

<comp id="18" class="1001" name="const_18">
<pin_list>
<pin id="19" dir="1" index="0" bw="1" slack="2147483647"/>
</pin_list>
<bind>
<StgValue><ssdm name="_ssdm_op_SpecMemCore"/></StgValue>
</bind>
</comp>

<comp id="20" class="1001" name="const_20">
<pin_list>
<pin id="21" dir="1" index="0" bw="1" slack="2147483647"/>
</pin_list>
<bind>
<StgValue><ssdm name=""/></StgValue>
</bind>
</comp>

<comp id="22" class="1001" name="const_22">
<pin_list>
<pin id="23" dir="1" index="0" bw="1" slack="2147483647"/>
</pin_list>
<bind>
<StgValue><ssdm name=""/></StgValue>
</bind>
</comp>

<comp id="24" class="1001" name="const_24">
<pin_list>
<pin id="25" dir="1" index="0" bw="1" slack="2147483647"/>
</pin_list>
<bind>
<StgValue><ssdm name=""/></StgValue>
</bind>
</comp>

<comp id="26" class="1001" name="const_26">
<pin_list>
<pin id="27" dir="1" index="0" bw="1" slack="2147483647"/>
</pin_list>
<bind>
<StgValue><ssdm name="_ssdm_op_SpecInterface"/></StgValue>
</bind>
</comp>

<comp id="28" class="1001" name="const_28">
<pin_list>
<pin id="29" dir="1" index="0" bw="1" slack="2147483647"/>
</pin_list>
<bind>
<StgValue><ssdm name="empty"/></StgValue>
</bind>
</comp>

<comp id="30" class="1001" name="const_30">
<pin_list>
<pin id="31" dir="1" index="0" bw="1" slack="2147483647"/>
</pin_list>
<bind>
<StgValue><ssdm name=""/></StgValue>
</bind>
</comp>

<comp id="32" class="1001" name="const_32">
<pin_list>
<pin id="33" dir="1" index="0" bw="1" slack="2147483647"/>
</pin_list>
<bind>
<StgValue><ssdm name="empty_0"/></StgValue>
</bind>
</comp>

<comp id="34" class="1001" name="const_34">
<pin_list>
<pin id="35" dir="1" index="0" bw="1" slack="2147483647"/>
</pin_list>
<bind>
<StgValue><ssdm name="empty_4"/></StgValue>
</bind>
</comp>

<comp id="36" class="1001" name="const_36">
<pin_list>
<pin id="37" dir="1" index="0" bw="1" slack="2147483647"/>
</pin_list>
<bind>
<StgValue><ssdm name="empty_23"/></StgValue>
</bind>
</comp>

<comp id="38" class="1001" name="const_38">
<pin_list>
<pin id="39" dir="1" index="0" bw="1" slack="2147483647"/>
</pin_list>
<bind>
<StgValue><ssdm name=""/></StgValue>
</bind>
</comp>

<comp id="40" class="1001" name="const_40">
<pin_list>
<pin id="41" dir="1" index="0" bw="1" slack="2147483647"/>
</pin_list>
<bind>
<StgValue><ssdm name=""/></StgValue>
</bind>
</comp>

<comp id="42" class="1001" name="const_42">
<pin_list>
<pin id="43" dir="1" index="0" bw="1" slack="2147483647"/>
</pin_list>
<bind>
<StgValue><ssdm name=""/></StgValue>
</bind>
</comp>

<comp id="44" class="1001" name="const_44">
<pin_list>
<pin id="45" dir="1" index="0" bw="1" slack="0"/>
</pin_list>
<bind>
<StgValue><ssdm name=""/></StgValue>
</bind>
</comp>

<comp id="46" class="1001" name="const_46">
<pin_list>
<pin id="47" dir="1" index="0" bw="1" slack="0"/>
</pin_list>
<bind>
<StgValue><ssdm name=""/></StgValue>
</bind>
</comp>

<comp id="48" class="1001" name="const_48">
<pin_list>
<pin id="49" dir="1" index="0" bw="1" slack="0"/>
</pin_list>
<bind>
<StgValue><ssdm name=""/></StgValue>
</bind>
</comp>

<comp id="50" class="1001" name="const_50">
<pin_list>
<pin id="51" dir="1" index="0" bw="1" slack="0"/>
</pin_list>
<bind>
<StgValue><ssdm name="_ssdm_op_ReadReq.m_axi.i256P1A"/></StgValue>
</bind>
</comp>

<comp id="52" class="1001" name="const_52">
<pin_list>
<pin id="53" dir="1" index="0" bw="1" slack="0"/>
</pin_list>
<bind>
<StgValue><ssdm name=""/></StgValue>
</bind>
</comp>

<comp id="54" class="1001" name="const_54">
<pin_list>
<pin id="55" dir="1" index="0" bw="1" slack="0"/>
</pin_list>
<bind>
<StgValue><ssdm name="_ssdm_op_Read.m_axi.i256P1A"/></StgValue>
</bind>
</comp>

<comp id="56" class="1001" name="const_56">
<pin_list>
<pin id="57" dir="1" index="0" bw="1" slack="0"/>
</pin_list>
<bind>
<StgValue><ssdm name=""/></StgValue>
</bind>
</comp>

<comp id="58" class="1001" name="const_58">
<pin_list>
<pin id="59" dir="1" index="0" bw="1" slack="2147483647"/>
</pin_list>
<bind>
<StgValue><ssdm name="_ssdm_op_SpecPipeline"/></StgValue>
</bind>
</comp>

<comp id="60" class="1001" name="const_60">
<pin_list>
<pin id="61" dir="1" index="0" bw="1" slack="2147483647"/>
</pin_list>
<bind>
<StgValue><ssdm name="_ssdm_op_SpecLoopTripCount"/></StgValue>
</bind>
</comp>

<comp id="62" class="1001" name="const_62">
<pin_list>
<pin id="63" dir="1" index="0" bw="1" slack="2147483647"/>
</pin_list>
<bind>
<StgValue><ssdm name=""/></StgValue>
</bind>
</comp>

<comp id="64" class="1001" name="const_64">
<pin_list>
<pin id="65" dir="1" index="0" bw="1" slack="2147483647"/>
</pin_list>
<bind>
<StgValue><ssdm name="_ssdm_op_SpecLoopName"/></StgValue>
</bind>
</comp>

<comp id="66" class="1001" name="const_66">
<pin_list>
<pin id="67" dir="1" index="0" bw="1" slack="2147483647"/>
</pin_list>
<bind>
<StgValue><ssdm name="empty_26"/></StgValue>
</bind>
</comp>

<comp id="68" class="1004" name="i_fu_68">
<pin_list>
<pin id="69" dir="0" index="0" bw="1" slack="0"/>
<pin id="70" dir="1" index="1" bw="3" slack="0"/>
</pin_list>
<bind>
<opcode="alloca(26) " fcode="alloca"/>
<opset="i/1 "/>
</bind>
</comp>

<comp id="72" class="1004" name="sext_ln228_8_read_read_fu_72">
<pin_list>
<pin id="73" dir="0" index="0" bw="59" slack="0"/>
<pin id="74" dir="0" index="1" bw="59" slack="0"/>
<pin id="75" dir="1" index="2" bw="59" slack="0"/>
</pin_list>
<bind>
<opcode="read(1150) " fcode="read"/>
<opset="sext_ln228_8_read/1 "/>
</bind>
</comp>

<comp id="78" class="1004" name="sext_ln228_7_read_read_fu_78">
<pin_list>
<pin id="79" dir="0" index="0" bw="59" slack="0"/>
<pin id="80" dir="0" index="1" bw="59" slack="0"/>
<pin id="81" dir="1" index="2" bw="59" slack="0"/>
</pin_list>
<bind>
<opcode="read(1150) " fcode="read"/>
<opset="sext_ln228_7_read/1 "/>
</bind>
</comp>

<comp id="84" class="1004" name="sext_ln228_read_read_fu_84">
<pin_list>
<pin id="85" dir="0" index="0" bw="59" slack="0"/>
<pin id="86" dir="0" index="1" bw="59" slack="0"/>
<pin id="87" dir="1" index="2" bw="59" slack="0"/>
</pin_list>
<bind>
<opcode="read(1150) " fcode="read"/>
<opset="sext_ln228_read/1 "/>
</bind>
</comp>

<comp id="90" class="1004" name="grp_readreq_fu_90">
<pin_list>
<pin id="91" dir="0" index="0" bw="1" slack="0"/>
<pin id="92" dir="0" index="1" bw="256" slack="0"/>
<pin id="93" dir="0" index="2" bw="1" slack="0"/>
<pin id="94" dir="1" index="3" bw="1" slack="2147483647"/>
</pin_list>
<bind>
<opcode="readreq(1154) " fcode="readreq"/>
<opset="gmem_param_load_req/2 "/>
</bind>
</comp>

<comp id="97" class="1004" name="grp_readreq_fu_97">
<pin_list>
<pin id="98" dir="0" index="0" bw="1" slack="0"/>
<pin id="99" dir="0" index="1" bw="256" slack="0"/>
<pin id="100" dir="0" index="2" bw="1" slack="0"/>
<pin id="101" dir="1" index="3" bw="1" slack="2147483647"/>
</pin_list>
<bind>
<opcode="readreq(1154) " fcode="readreq"/>
<opset="gmem_param_load_9_req/3 "/>
</bind>
</comp>

<comp id="104" class="1004" name="grp_readreq_fu_104">
<pin_list>
<pin id="105" dir="0" index="0" bw="1" slack="0"/>
<pin id="106" dir="0" index="1" bw="256" slack="0"/>
<pin id="107" dir="0" index="2" bw="1" slack="0"/>
<pin id="108" dir="1" index="3" bw="1" slack="2147483647"/>
</pin_list>
<bind>
<opcode="readreq(1154) " fcode="readreq"/>
<opset="gmem_param_load_10_req/4 "/>
</bind>
</comp>

<comp id="111" class="1004" name="gmem_param_addr_read_read_fu_111">
<pin_list>
<pin id="112" dir="0" index="0" bw="256" slack="0"/>
<pin id="113" dir="0" index="1" bw="256" slack="8"/>
<pin id="114" dir="1" index="2" bw="256" slack="1"/>
</pin_list>
<bind>
<opcode="read(1150) " fcode="read"/>
<opset="gmem_param_addr_read/10 "/>
</bind>
</comp>

<comp id="116" class="1004" name="gmem_param_addr_9_read_read_fu_116">
<pin_list>
<pin id="117" dir="0" index="0" bw="256" slack="0"/>
<pin id="118" dir="0" index="1" bw="256" slack="8"/>
<pin id="119" dir="1" index="2" bw="256" slack="1"/>
</pin_list>
<bind>
<opcode="read(1150) " fcode="read"/>
<opset="gmem_param_addr_9_read/11 "/>
</bind>
</comp>

<comp id="121" class="1004" name="gmem_param_addr_10_read_read_fu_121">
<pin_list>
<pin id="122" dir="0" index="0" bw="256" slack="0"/>
<pin id="123" dir="0" index="1" bw="256" slack="8"/>
<pin id="124" dir="1" index="2" bw="256" slack="1"/>
</pin_list>
<bind>
<opcode="read(1150) " fcode="read"/>
<opset="gmem_param_addr_10_read/12 "/>
</bind>
</comp>

<comp id="126" class="1004" name="b_buf_addr_gep_fu_126">
<pin_list>
<pin id="127" dir="0" index="0" bw="256" slack="0"/>
<pin id="128" dir="0" index="1" bw="1" slack="0"/>
<pin id="129" dir="0" index="2" bw="3" slack="0"/>
<pin id="130" dir="1" index="3" bw="2" slack="0"/>
</pin_list>
<bind>
<opcode="getelementptr(29) " fcode="getelementptr"/>
<opset="b_buf_addr/11 "/>
</bind>
</comp>

<comp id="133" class="1004" name="store_ln230_access_fu_133">
<pin_list>
<pin id="134" dir="0" index="0" bw="2" slack="0"/>
<pin id="135" dir="0" index="1" bw="256" slack="1"/>
<pin id="136" dir="0" index="2" bw="0" slack="2147483647"/>
<pin id="137" dir="1" index="3" bw="256" slack="2147483647"/>
</pin_list>
<bind>
<opcode="store(28) " fcode="store"/>
<opset="store_ln230/11 "/>
</bind>
</comp>

<comp id="139" class="1004" name="g_buf_addr_gep_fu_139">
<pin_list>
<pin id="140" dir="0" index="0" bw="256" slack="0"/>
<pin id="141" dir="0" index="1" bw="1" slack="0"/>
<pin id="142" dir="0" index="2" bw="3" slack="1"/>
<pin id="143" dir="1" index="3" bw="2" slack="0"/>
</pin_list>
<bind>
<opcode="getelementptr(29) " fcode="getelementptr"/>
<opset="g_buf_addr/12 "/>
</bind>
</comp>

<comp id="146" class="1004" name="store_ln231_access_fu_146">
<pin_list>
<pin id="147" dir="0" index="0" bw="2" slack="0"/>
<pin id="148" dir="0" index="1" bw="256" slack="1"/>
<pin id="149" dir="0" index="2" bw="0" slack="2147483647"/>
<pin id="150" dir="1" index="3" bw="256" slack="2147483647"/>
</pin_list>
<bind>
<opcode="store(28) " fcode="store"/>
<opset="store_ln231/12 "/>
</bind>
</comp>

<comp id="152" class="1004" name="be_buf_addr_gep_fu_152">
<pin_list>
<pin id="153" dir="0" index="0" bw="256" slack="0"/>
<pin id="154" dir="0" index="1" bw="1" slack="0"/>
<pin id="155" dir="0" index="2" bw="3" slack="2"/>
<pin id="156" dir="1" index="3" bw="2" slack="0"/>
</pin_list>
<bind>
<opcode="getelementptr(29) " fcode="getelementptr"/>
<opset="be_buf_addr/13 "/>
</bind>
</comp>

<comp id="159" class="1004" name="store_ln232_access_fu_159">
<pin_list>
<pin id="160" dir="0" index="0" bw="2" slack="0"/>
<pin id="161" dir="0" index="1" bw="256" slack="1"/>
<pin id="162" dir="0" index="2" bw="0" slack="2147483647"/>
<pin id="163" dir="1" index="3" bw="256" slack="2147483647"/>
</pin_list>
<bind>
<opcode="store(28) " fcode="store"/>
<opset="store_ln232/13 "/>
</bind>
</comp>

<comp id="165" class="1004" name="sext_ln228_8_cast_fu_165">
<pin_list>
<pin id="166" dir="0" index="0" bw="59" slack="0"/>
<pin id="167" dir="1" index="1" bw="60" slack="1"/>
</pin_list>
<bind>
<opcode="sext(35) " fcode="sext"/>
<opset="sext_ln228_8_cast/1 "/>
</bind>
</comp>

<comp id="169" class="1004" name="sext_ln228_7_cast_fu_169">
<pin_list>
<pin id="170" dir="0" index="0" bw="59" slack="0"/>
<pin id="171" dir="1" index="1" bw="60" slack="1"/>
</pin_list>
<bind>
<opcode="sext(35) " fcode="sext"/>
<opset="sext_ln228_7_cast/1 "/>
</bind>
</comp>

<comp id="173" class="1004" name="sext_ln228_cast_fu_173">
<pin_list>
<pin id="174" dir="0" index="0" bw="59" slack="0"/>
<pin id="175" dir="1" index="1" bw="60" slack="0"/>
</pin_list>
<bind>
<opcode="sext(35) " fcode="sext"/>
<opset="sext_ln228_cast/1 "/>
</bind>
</comp>

<comp id="177" class="1004" name="store_ln228_store_fu_177">
<pin_list>
<pin id="178" dir="0" index="0" bw="1" slack="0"/>
<pin id="179" dir="0" index="1" bw="3" slack="0"/>
<pin id="180" dir="1" index="2" bw="0" slack="2147483647"/>
</pin_list>
<bind>
<opcode="store(28) " fcode="store"/>
<opset="store_ln228/1 "/>
</bind>
</comp>

<comp id="182" class="1004" name="i_4_load_fu_182">
<pin_list>
<pin id="183" dir="0" index="0" bw="3" slack="0"/>
<pin id="184" dir="1" index="1" bw="3" slack="0"/>
</pin_list>
<bind>
<opcode="load(27) " fcode="load"/>
<opset="i_4/1 "/>
</bind>
</comp>

<comp id="185" class="1004" name="icmp_ln228_fu_185">
<pin_list>
<pin id="186" dir="0" index="0" bw="3" slack="0"/>
<pin id="187" dir="0" index="1" bw="3" slack="0"/>
<pin id="188" dir="1" index="2" bw="1" slack="1"/>
</pin_list>
<bind>
<opcode="icmp(45) " fcode="icmp"/>
<opset="icmp_ln228/1 "/>
</bind>
</comp>

<comp id="191" class="1004" name="add_ln228_fu_191">
<pin_list>
<pin id="192" dir="0" index="0" bw="3" slack="0"/>
<pin id="193" dir="0" index="1" bw="1" slack="0"/>
<pin id="194" dir="1" index="2" bw="3" slack="0"/>
</pin_list>
<bind>
<opcode="add(8) " fcode="add"/>
<opset="add_ln228/1 "/>
</bind>
</comp>

<comp id="197" class="1004" name="zext_ln228_4_fu_197">
<pin_list>
<pin id="198" dir="0" index="0" bw="3" slack="0"/>
<pin id="199" dir="1" index="1" bw="60" slack="0"/>
</pin_list>
<bind>
<opcode="zext(34) " fcode="zext"/>
<opset="zext_ln228_4/1 "/>
</bind>
</comp>

<comp id="201" class="1004" name="add_ln230_fu_201">
<pin_list>
<pin id="202" dir="0" index="0" bw="3" slack="0"/>
<pin id="203" dir="0" index="1" bw="59" slack="0"/>
<pin id="204" dir="1" index="2" bw="60" slack="1"/>
</pin_list>
<bind>
<opcode="add(8) " fcode="add"/>
<opset="add_ln230/1 "/>
</bind>
</comp>

<comp id="207" class="1004" name="store_ln228_store_fu_207">
<pin_list>
<pin id="208" dir="0" index="0" bw="3" slack="0"/>
<pin id="209" dir="0" index="1" bw="3" slack="0"/>
<pin id="210" dir="1" index="2" bw="0" slack="2147483647"/>
</pin_list>
<bind>
<opcode="store(28) " fcode="store"/>
<opset="store_ln228/1 "/>
</bind>
</comp>

<comp id="212" class="1004" name="sext_ln230_fu_212">
<pin_list>
<pin id="213" dir="0" index="0" bw="60" slack="1"/>
<pin id="214" dir="1" index="1" bw="64" slack="0"/>
</pin_list>
<bind>
<opcode="sext(35) " fcode="sext"/>
<opset="sext_ln230/2 "/>
</bind>
</comp>

<comp id="215" class="1004" name="gmem_param_addr_fu_215">
<pin_list>
<pin id="216" dir="0" index="0" bw="64" slack="0"/>
<pin id="217" dir="0" index="1" bw="64" slack="0"/>
<pin id="218" dir="1" index="2" bw="64" slack="0"/>
</pin_list>
<bind>
<opcode="getelementptr(29) " fcode="getelementptr"/>
<opset="gmem_param_addr/2 "/>
</bind>
</comp>

<comp id="222" class="1004" name="add_ln231_fu_222">
<pin_list>
<pin id="223" dir="0" index="0" bw="3" slack="1"/>
<pin id="224" dir="0" index="1" bw="59" slack="1"/>
<pin id="225" dir="1" index="2" bw="60" slack="1"/>
</pin_list>
<bind>
<opcode="add(8) " fcode="add"/>
<opset="add_ln231/2 "/>
</bind>
</comp>

<comp id="226" class="1004" name="add_ln232_fu_226">
<pin_list>
<pin id="227" dir="0" index="0" bw="3" slack="1"/>
<pin id="228" dir="0" index="1" bw="59" slack="1"/>
<pin id="229" dir="1" index="2" bw="60" slack="2"/>
</pin_list>
<bind>
<opcode="add(8) " fcode="add"/>
<opset="add_ln232/2 "/>
</bind>
</comp>

<comp id="230" class="1004" name="sext_ln231_fu_230">
<pin_list>
<pin id="231" dir="0" index="0" bw="60" slack="1"/>
<pin id="232" dir="1" index="1" bw="64" slack="0"/>
</pin_list>
<bind>
<opcode="sext(35) " fcode="sext"/>
<opset="sext_ln231/3 "/>
</bind>
</comp>

<comp id="233" class="1004" name="gmem_param_addr_9_fu_233">
<pin_list>
<pin id="234" dir="0" index="0" bw="64" slack="0"/>
<pin id="235" dir="0" index="1" bw="64" slack="0"/>
<pin id="236" dir="1" index="2" bw="64" slack="0"/>
</pin_list>
<bind>
<opcode="getelementptr(29) " fcode="getelementptr"/>
<opset="gmem_param_addr_9/3 "/>
</bind>
</comp>

<comp id="240" class="1004" name="sext_ln232_fu_240">
<pin_list>
<pin id="241" dir="0" index="0" bw="60" slack="2"/>
<pin id="242" dir="1" index="1" bw="64" slack="0"/>
</pin_list>
<bind>
<opcode="sext(35) " fcode="sext"/>
<opset="sext_ln232/4 "/>
</bind>
</comp>

<comp id="243" class="1004" name="gmem_param_addr_10_fu_243">
<pin_list>
<pin id="244" dir="0" index="0" bw="64" slack="0"/>
<pin id="245" dir="0" index="1" bw="64" slack="0"/>
<pin id="246" dir="1" index="2" bw="64" slack="0"/>
</pin_list>
<bind>
<opcode="getelementptr(29) " fcode="getelementptr"/>
<opset="gmem_param_addr_10/4 "/>
</bind>
</comp>

<comp id="250" class="1004" name="zext_ln228_fu_250">
<pin_list>
<pin id="251" dir="0" index="0" bw="3" slack="10"/>
<pin id="252" dir="1" index="1" bw="64" slack="0"/>
</pin_list>
<bind>
<opcode="zext(34) " fcode="zext"/>
<opset="zext_ln228/11 "/>
</bind>
</comp>

<comp id="254" class="1005" name="i_reg_254">
<pin_list>
<pin id="255" dir="0" index="0" bw="3" slack="0"/>
<pin id="256" dir="1" index="1" bw="3" slack="0"/>
</pin_list>
<bind>
<opset="i "/>
</bind>
</comp>

<comp id="261" class="1005" name="sext_ln228_8_cast_reg_261">
<pin_list>
<pin id="262" dir="0" index="0" bw="60" slack="1"/>
<pin id="263" dir="1" index="1" bw="60" slack="1"/>
</pin_list>
<bind>
<opset="sext_ln228_8_cast "/>
</bind>
</comp>

<comp id="266" class="1005" name="sext_ln228_7_cast_reg_266">
<pin_list>
<pin id="267" dir="0" index="0" bw="60" slack="1"/>
<pin id="268" dir="1" index="1" bw="60" slack="1"/>
</pin_list>
<bind>
<opset="sext_ln228_7_cast "/>
</bind>
</comp>

<comp id="271" class="1005" name="i_4_reg_271">
<pin_list>
<pin id="272" dir="0" index="0" bw="3" slack="10"/>
<pin id="273" dir="1" index="1" bw="3" slack="10"/>
</pin_list>
<bind>
<opset="i_4 "/>
</bind>
</comp>

<comp id="276" class="1005" name="icmp_ln228_reg_276">
<pin_list>
<pin id="277" dir="0" index="0" bw="1" slack="1"/>
<pin id="278" dir="1" index="1" bw="1" slack="2147483647"/>
</pin_list>
<bind>
<opset="icmp_ln228 "/>
</bind>
</comp>

<comp id="280" class="1005" name="zext_ln228_4_reg_280">
<pin_list>
<pin id="281" dir="0" index="0" bw="60" slack="1"/>
<pin id="282" dir="1" index="1" bw="60" slack="1"/>
</pin_list>
<bind>
<opset="zext_ln228_4 "/>
</bind>
</comp>

<comp id="286" class="1005" name="add_ln230_reg_286">
<pin_list>
<pin id="287" dir="0" index="0" bw="60" slack="1"/>
<pin id="288" dir="1" index="1" bw="60" slack="1"/>
</pin_list>
<bind>
<opset="add_ln230 "/>
</bind>
</comp>

<comp id="291" class="1005" name="gmem_param_addr_reg_291">
<pin_list>
<pin id="292" dir="0" index="0" bw="256" slack="1"/>
<pin id="293" dir="1" index="1" bw="256" slack="1"/>
</pin_list>
<bind>
<opset="gmem_param_addr "/>
</bind>
</comp>

<comp id="297" class="1005" name="add_ln231_reg_297">
<pin_list>
<pin id="298" dir="0" index="0" bw="60" slack="1"/>
<pin id="299" dir="1" index="1" bw="60" slack="1"/>
</pin_list>
<bind>
<opset="add_ln231 "/>
</bind>
</comp>

<comp id="302" class="1005" name="add_ln232_reg_302">
<pin_list>
<pin id="303" dir="0" index="0" bw="60" slack="2"/>
<pin id="304" dir="1" index="1" bw="60" slack="2"/>
</pin_list>
<bind>
<opset="add_ln232 "/>
</bind>
</comp>

<comp id="307" class="1005" name="gmem_param_addr_9_reg_307">
<pin_list>
<pin id="308" dir="0" index="0" bw="256" slack="1"/>
<pin id="309" dir="1" index="1" bw="256" slack="1"/>
</pin_list>
<bind>
<opset="gmem_param_addr_9 "/>
</bind>
</comp>

<comp id="313" class="1005" name="gmem_param_addr_10_reg_313">
<pin_list>
<pin id="314" dir="0" index="0" bw="256" slack="1"/>
<pin id="315" dir="1" index="1" bw="256" slack="1"/>
</pin_list>
<bind>
<opset="gmem_param_addr_10 "/>
</bind>
</comp>

<comp id="319" class="1005" name="gmem_param_addr_read_reg_319">
<pin_list>
<pin id="320" dir="0" index="0" bw="256" slack="1"/>
<pin id="321" dir="1" index="1" bw="256" slack="1"/>
</pin_list>
<bind>
<opset="gmem_param_addr_read "/>
</bind>
</comp>

<comp id="324" class="1005" name="zext_ln228_reg_324">
<pin_list>
<pin id="325" dir="0" index="0" bw="64" slack="1"/>
<pin id="326" dir="1" index="1" bw="64" slack="1"/>
</pin_list>
<bind>
<opset="zext_ln228 "/>
</bind>
</comp>

<comp id="330" class="1005" name="gmem_param_addr_9_read_reg_330">
<pin_list>
<pin id="331" dir="0" index="0" bw="256" slack="1"/>
<pin id="332" dir="1" index="1" bw="256" slack="1"/>
</pin_list>
<bind>
<opset="gmem_param_addr_9_read "/>
</bind>
</comp>

<comp id="335" class="1005" name="gmem_param_addr_10_read_reg_335">
<pin_list>
<pin id="336" dir="0" index="0" bw="256" slack="1"/>
<pin id="337" dir="1" index="1" bw="256" slack="1"/>
</pin_list>
<bind>
<opset="gmem_param_addr_10_read "/>
</bind>
</comp>

</comp_list>

<net_list>
<net id="71"><net_src comp="14" pin="0"/><net_sink comp="68" pin=0"/></net>

<net id="76"><net_src comp="16" pin="0"/><net_sink comp="72" pin=0"/></net>

<net id="77"><net_src comp="12" pin="0"/><net_sink comp="72" pin=1"/></net>

<net id="82"><net_src comp="16" pin="0"/><net_sink comp="78" pin=0"/></net>

<net id="83"><net_src comp="8" pin="0"/><net_sink comp="78" pin=1"/></net>

<net id="88"><net_src comp="16" pin="0"/><net_sink comp="84" pin=0"/></net>

<net id="89"><net_src comp="2" pin="0"/><net_sink comp="84" pin=1"/></net>

<net id="95"><net_src comp="50" pin="0"/><net_sink comp="90" pin=0"/></net>

<net id="96"><net_src comp="52" pin="0"/><net_sink comp="90" pin=2"/></net>

<net id="102"><net_src comp="50" pin="0"/><net_sink comp="97" pin=0"/></net>

<net id="103"><net_src comp="52" pin="0"/><net_sink comp="97" pin=2"/></net>

<net id="109"><net_src comp="50" pin="0"/><net_sink comp="104" pin=0"/></net>

<net id="110"><net_src comp="52" pin="0"/><net_sink comp="104" pin=2"/></net>

<net id="115"><net_src comp="54" pin="0"/><net_sink comp="111" pin=0"/></net>

<net id="120"><net_src comp="54" pin="0"/><net_sink comp="116" pin=0"/></net>

<net id="125"><net_src comp="54" pin="0"/><net_sink comp="121" pin=0"/></net>

<net id="131"><net_src comp="0" pin="0"/><net_sink comp="126" pin=0"/></net>

<net id="132"><net_src comp="56" pin="0"/><net_sink comp="126" pin=1"/></net>

<net id="138"><net_src comp="126" pin="3"/><net_sink comp="133" pin=0"/></net>

<net id="144"><net_src comp="6" pin="0"/><net_sink comp="139" pin=0"/></net>

<net id="145"><net_src comp="56" pin="0"/><net_sink comp="139" pin=1"/></net>

<net id="151"><net_src comp="139" pin="3"/><net_sink comp="146" pin=0"/></net>

<net id="157"><net_src comp="10" pin="0"/><net_sink comp="152" pin=0"/></net>

<net id="158"><net_src comp="56" pin="0"/><net_sink comp="152" pin=1"/></net>

<net id="164"><net_src comp="152" pin="3"/><net_sink comp="159" pin=0"/></net>

<net id="168"><net_src comp="72" pin="2"/><net_sink comp="165" pin=0"/></net>

<net id="172"><net_src comp="78" pin="2"/><net_sink comp="169" pin=0"/></net>

<net id="176"><net_src comp="84" pin="2"/><net_sink comp="173" pin=0"/></net>

<net id="181"><net_src comp="44" pin="0"/><net_sink comp="177" pin=0"/></net>

<net id="189"><net_src comp="182" pin="1"/><net_sink comp="185" pin=0"/></net>

<net id="190"><net_src comp="46" pin="0"/><net_sink comp="185" pin=1"/></net>

<net id="195"><net_src comp="182" pin="1"/><net_sink comp="191" pin=0"/></net>

<net id="196"><net_src comp="48" pin="0"/><net_sink comp="191" pin=1"/></net>

<net id="200"><net_src comp="182" pin="1"/><net_sink comp="197" pin=0"/></net>

<net id="205"><net_src comp="197" pin="1"/><net_sink comp="201" pin=0"/></net>

<net id="206"><net_src comp="173" pin="1"/><net_sink comp="201" pin=1"/></net>

<net id="211"><net_src comp="191" pin="2"/><net_sink comp="207" pin=0"/></net>

<net id="219"><net_src comp="4" pin="0"/><net_sink comp="215" pin=0"/></net>

<net id="220"><net_src comp="212" pin="1"/><net_sink comp="215" pin=1"/></net>

<net id="221"><net_src comp="215" pin="2"/><net_sink comp="90" pin=1"/></net>

<net id="237"><net_src comp="4" pin="0"/><net_sink comp="233" pin=0"/></net>

<net id="238"><net_src comp="230" pin="1"/><net_sink comp="233" pin=1"/></net>

<net id="239"><net_src comp="233" pin="2"/><net_sink comp="97" pin=1"/></net>

<net id="247"><net_src comp="4" pin="0"/><net_sink comp="243" pin=0"/></net>

<net id="248"><net_src comp="240" pin="1"/><net_sink comp="243" pin=1"/></net>

<net id="249"><net_src comp="243" pin="2"/><net_sink comp="104" pin=1"/></net>

<net id="253"><net_src comp="250" pin="1"/><net_sink comp="126" pin=2"/></net>

<net id="257"><net_src comp="68" pin="1"/><net_sink comp="254" pin=0"/></net>

<net id="258"><net_src comp="254" pin="1"/><net_sink comp="177" pin=1"/></net>

<net id="259"><net_src comp="254" pin="1"/><net_sink comp="182" pin=0"/></net>

<net id="260"><net_src comp="254" pin="1"/><net_sink comp="207" pin=1"/></net>

<net id="264"><net_src comp="165" pin="1"/><net_sink comp="261" pin=0"/></net>

<net id="265"><net_src comp="261" pin="1"/><net_sink comp="226" pin=1"/></net>

<net id="269"><net_src comp="169" pin="1"/><net_sink comp="266" pin=0"/></net>

<net id="270"><net_src comp="266" pin="1"/><net_sink comp="222" pin=1"/></net>

<net id="274"><net_src comp="182" pin="1"/><net_sink comp="271" pin=0"/></net>

<net id="275"><net_src comp="271" pin="1"/><net_sink comp="250" pin=0"/></net>

<net id="279"><net_src comp="185" pin="2"/><net_sink comp="276" pin=0"/></net>

<net id="283"><net_src comp="197" pin="1"/><net_sink comp="280" pin=0"/></net>

<net id="284"><net_src comp="280" pin="1"/><net_sink comp="222" pin=0"/></net>

<net id="285"><net_src comp="280" pin="1"/><net_sink comp="226" pin=0"/></net>

<net id="289"><net_src comp="201" pin="2"/><net_sink comp="286" pin=0"/></net>

<net id="290"><net_src comp="286" pin="1"/><net_sink comp="212" pin=0"/></net>

<net id="294"><net_src comp="215" pin="2"/><net_sink comp="291" pin=0"/></net>

<net id="295"><net_src comp="291" pin="1"/><net_sink comp="90" pin=1"/></net>

<net id="296"><net_src comp="291" pin="1"/><net_sink comp="111" pin=1"/></net>

<net id="300"><net_src comp="222" pin="2"/><net_sink comp="297" pin=0"/></net>

<net id="301"><net_src comp="297" pin="1"/><net_sink comp="230" pin=0"/></net>

<net id="305"><net_src comp="226" pin="2"/><net_sink comp="302" pin=0"/></net>

<net id="306"><net_src comp="302" pin="1"/><net_sink comp="240" pin=0"/></net>

<net id="310"><net_src comp="233" pin="2"/><net_sink comp="307" pin=0"/></net>

<net id="311"><net_src comp="307" pin="1"/><net_sink comp="97" pin=1"/></net>

<net id="312"><net_src comp="307" pin="1"/><net_sink comp="116" pin=1"/></net>

<net id="316"><net_src comp="243" pin="2"/><net_sink comp="313" pin=0"/></net>

<net id="317"><net_src comp="313" pin="1"/><net_sink comp="104" pin=1"/></net>

<net id="318"><net_src comp="313" pin="1"/><net_sink comp="121" pin=1"/></net>

<net id="322"><net_src comp="111" pin="2"/><net_sink comp="319" pin=0"/></net>

<net id="323"><net_src comp="319" pin="1"/><net_sink comp="133" pin=1"/></net>

<net id="327"><net_src comp="250" pin="1"/><net_sink comp="324" pin=0"/></net>

<net id="328"><net_src comp="324" pin="1"/><net_sink comp="139" pin=2"/></net>

<net id="329"><net_src comp="324" pin="1"/><net_sink comp="152" pin=2"/></net>

<net id="333"><net_src comp="116" pin="2"/><net_sink comp="330" pin=0"/></net>

<net id="334"><net_src comp="330" pin="1"/><net_sink comp="146" pin=1"/></net>

<net id="338"><net_src comp="121" pin="2"/><net_sink comp="335" pin=0"/></net>

<net id="339"><net_src comp="335" pin="1"/><net_sink comp="159" pin=1"/></net>

</net_list>

</model> 
---------------- Datapath Model END ------------------

* FSMD analyzer results:
  - Output states:
	Port: b_buf | {11 }
	Port: gmem_param | {}
	Port: g_buf | {12 }
	Port: be_buf | {13 }
 - Input state : 
	Port: UpConv_Fused_Row<8, 128, 128, 120, 60>_Pipeline_LOAD_PARAMS : sext_ln228 | {1 }
	Port: UpConv_Fused_Row<8, 128, 128, 120, 60>_Pipeline_LOAD_PARAMS : gmem_param | {2 3 4 5 6 7 8 9 10 11 12 }
	Port: UpConv_Fused_Row<8, 128, 128, 120, 60>_Pipeline_LOAD_PARAMS : sext_ln228_7 | {1 }
	Port: UpConv_Fused_Row<8, 128, 128, 120, 60>_Pipeline_LOAD_PARAMS : sext_ln228_8 | {1 }
  - Chain level:
	State 1
		store_ln228 : 1
		i_4 : 1
		icmp_ln228 : 2
		add_ln228 : 2
		br_ln228 : 3
		zext_ln228_4 : 2
		add_ln230 : 3
		store_ln228 : 3
	State 2
		gmem_param_addr : 1
		gmem_param_load_req : 2
	State 3
		gmem_param_addr_9 : 1
		gmem_param_load_9_req : 2
	State 4
		gmem_param_addr_10 : 1
		gmem_param_load_10_req : 2
	State 5
	State 6
	State 7
	State 8
	State 9
	State 10
	State 11
		b_buf_addr : 1
		store_ln230 : 2
	State 12
		store_ln231 : 1
	State 13
		store_ln232 : 1


============================================================
+ Verbose Summary: Datapath Resource usage 
============================================================

* Functional unit list:
|----------|-------------------------------------|---------|---------|
| Operation|           Functional Unit           |    FF   |   LUT   |
|----------|-------------------------------------|---------|---------|
|          |           add_ln228_fu_191          |    0    |    10   |
|    add   |           add_ln230_fu_201          |    0    |    66   |
|          |           add_ln231_fu_222          |    0    |    66   |
|          |           add_ln232_fu_226          |    0    |    66   |
|----------|-------------------------------------|---------|---------|
|   icmp   |          icmp_ln228_fu_185          |    0    |    10   |
|----------|-------------------------------------|---------|---------|
|          |     sext_ln228_8_read_read_fu_72    |    0    |    0    |
|          |     sext_ln228_7_read_read_fu_78    |    0    |    0    |
|   read   |      sext_ln228_read_read_fu_84     |    0    |    0    |
|          |   gmem_param_addr_read_read_fu_111  |    0    |    0    |
|          |  gmem_param_addr_9_read_read_fu_116 |    0    |    0    |
|          | gmem_param_addr_10_read_read_fu_121 |    0    |    0    |
|----------|-------------------------------------|---------|---------|
|          |          grp_readreq_fu_90          |    0    |    0    |
|  readreq |          grp_readreq_fu_97          |    0    |    0    |
|          |          grp_readreq_fu_104         |    0    |    0    |
|----------|-------------------------------------|---------|---------|
|          |       sext_ln228_8_cast_fu_165      |    0    |    0    |
|          |       sext_ln228_7_cast_fu_169      |    0    |    0    |
|   sext   |        sext_ln228_cast_fu_173       |    0    |    0    |
|          |          sext_ln230_fu_212          |    0    |    0    |
|          |          sext_ln231_fu_230          |    0    |    0    |
|          |          sext_ln232_fu_240          |    0    |    0    |
|----------|-------------------------------------|---------|---------|
|   zext   |         zext_ln228_4_fu_197         |    0    |    0    |
|          |          zext_ln228_fu_250          |    0    |    0    |
|----------|-------------------------------------|---------|---------|
|   Total  |                                     |    0    |   218   |
|----------|-------------------------------------|---------|---------|

Memories:
N/A

* Register list:
+-------------------------------+--------+
|                               |   FF   |
+-------------------------------+--------+
|       add_ln230_reg_286       |   60   |
|       add_ln231_reg_297       |   60   |
|       add_ln232_reg_302       |   60   |
|gmem_param_addr_10_read_reg_335|   256  |
|   gmem_param_addr_10_reg_313  |   256  |
| gmem_param_addr_9_read_reg_330|   256  |
|   gmem_param_addr_9_reg_307   |   256  |
|  gmem_param_addr_read_reg_319 |   256  |
|    gmem_param_addr_reg_291    |   256  |
|          i_4_reg_271          |    3   |
|           i_reg_254           |    3   |
|       icmp_ln228_reg_276      |    1   |
|   sext_ln228_7_cast_reg_266   |   60   |
|   sext_ln228_8_cast_reg_261   |   60   |
|      zext_ln228_4_reg_280     |   60   |
|       zext_ln228_reg_324      |   64   |
+-------------------------------+--------+
|             Total             |  1967  |
+-------------------------------+--------+

* Multiplexer (MUX) list: 
|--------------------|------|------|------|--------||---------||---------||---------|
|        Comp        |  Pin | Size |  BW  | S x BW ||  Delay  ||    FF   ||   LUT   |
|--------------------|------|------|------|--------||---------||---------||---------|
|  grp_readreq_fu_90 |  p1  |   2  |  256 |   512  ||    0    ||    9    |
|  grp_readreq_fu_97 |  p1  |   2  |  256 |   512  ||    0    ||    9    |
| grp_readreq_fu_104 |  p1  |   2  |  256 |   512  ||    0    ||    9    |
|--------------------|------|------|------|--------||---------||---------||---------|
|        Total       |      |      |      |  1536  ||  1.281  ||    0    ||    27   |
|--------------------|------|------|------|--------||---------||---------||---------|



* Summary:
+-----------+--------+--------+--------+
|           |  Delay |   FF   |   LUT  |
+-----------+--------+--------+--------+
|  Function |    -   |    0   |   218  |
|   Memory  |    -   |    -   |    -   |
|Multiplexer|    1   |    0   |   27   |
|  Register |    -   |  1967  |    -   |
+-----------+--------+--------+--------+
|   Total   |    1   |  1967  |   245  |
+-----------+--------+--------+--------+
