

================================================================
== Vitis HLS Report for 'UpConv_Fused_Row_8_16_16_16_16_Pipeline_RESET_ROW_ACC'
================================================================
* Date:           Thu May  7 18:52:38 2026

* Version:        2024.2 (Build 5238294 on Nov  8 2024)
* Project:        upconv_core_top
* Solution:       hls (Vivado IP Flow Target)
* Product family: zynquplus
* Target device:  xczu7ev-ffvc1156-2-e


================================================================
== Performance Estimates
================================================================
+ Timing: 
    * Summary: 
    +--------+---------+----------+------------+
    |  Clock |  Target | Estimated| Uncertainty|
    +--------+---------+----------+------------+
    |ap_clk  |  3.33 ns|  1.635 ns|     0.90 ns|
    +--------+---------+----------+------------+

+ Latency: 
    * Summary: 
    +---------+---------+----------+----------+-----+-----+------------------------------------------------+
    |  Latency (cycles) |  Latency (absolute) |  Interval |                    Pipeline                    |
    |   min   |   max   |    min   |    max   | min | max |                      Type                      |
    +---------+---------+----------+----------+-----+-----+------------------------------------------------+
    |       34|       34|  0.113 us|  0.113 us|   33|   33|  loop auto-rewind stp (delay=0 clock cycles(s))|
    +---------+---------+----------+----------+-----+-----+------------------------------------------------+

    + Detail: 
        * Instance: 
        N/A

        * Loop: 
        +-----------------+---------+---------+----------+-----------+-----------+------+----------+
        |                 |  Latency (cycles) | Iteration|  Initiation Interval  | Trip |          |
        |    Loop Name    |   min   |   max   |  Latency |  achieved |   target  | Count| Pipelined|
        +-----------------+---------+---------+----------+-----------+-----------+------+----------+
        |- RESET_ROW_ACC  |       32|       32|         2|          1|          1|    32|       yes|
        +-----------------+---------+---------+----------+-----------+-----------+------+----------+



================================================================
== Utilization Estimates
================================================================
* Summary: 
+-----------------+---------+------+--------+--------+-----+
|       Name      | BRAM_18K|  DSP |   FF   |   LUT  | URAM|
+-----------------+---------+------+--------+--------+-----+
|DSP              |        -|     -|       -|       -|    -|
|Expression       |        -|     -|       0|      29|    -|
|FIFO             |        -|     -|       -|       -|    -|
|Instance         |        -|     -|       -|       -|    -|
|Memory           |        -|     -|       -|       -|    -|
|Multiplexer      |        -|     -|       0|      36|    -|
|Register         |        -|     -|      15|       -|    -|
+-----------------+---------+------+--------+--------+-----+
|Total            |        0|     0|      15|      65|    0|
+-----------------+---------+------+--------+--------+-----+
|Available        |      624|  1728|  460800|  230400|   96|
+-----------------+---------+------+--------+--------+-----+
|Utilization (%)  |        0|     0|      ~0|      ~0|    0|
+-----------------+---------+------+--------+--------+-----+

+ Detail: 
    * Instance: 
    N/A

    * DSP: 
    N/A

    * Memory: 
    N/A

    * FIFO: 
    N/A

    * Expression: 
    +----------------------+----------+----+---+----+------------+------------+
    |     Variable Name    | Operation| DSP| FF| LUT| Bitwidth P0| Bitwidth P1|
    +----------------------+----------+----+---+----+------------+------------+
    |add_ln117_fu_308_p2   |         +|   0|  0|  13|           6|           1|
    |icmp_ln117_fu_302_p2  |      icmp|   0|  0|  14|           6|           7|
    |ap_enable_pp0         |       xor|   0|  0|   2|           1|           2|
    +----------------------+----------+----+---+----+------------+------------+
    |Total                 |          |   0|  0|  29|          13|          10|
    +----------------------+----------+----+---+----+------------+------------+

    * Multiplexer: 
    +-------------------------+----+-----------+-----+-----------+
    |           Name          | LUT| Input Size| Bits| Total Bits|
    +-------------------------+----+-----------+-----+-----------+
    |ap_done_int              |   9|          2|    1|          2|
    |ap_enable_reg_pp0_iter1  |   9|          2|    1|          2|
    |ap_sig_allocacmp_wo_6    |   9|          2|    6|         12|
    |wo_fu_66                 |   9|          2|    6|         12|
    +-------------------------+----+-----------+-----+-----------+
    |Total                    |  36|          8|   14|         28|
    +-------------------------+----+-----------+-----+-----------+

    * Register: 
    +-------------------------+---+----+-----+-----------+
    |           Name          | FF| LUT| Bits| Const Bits|
    +-------------------------+---+----+-----+-----------+
    |ap_CS_fsm                |  1|   0|    1|          0|
    |ap_done_reg              |  1|   0|    1|          0|
    |ap_enable_reg_pp0_iter1  |  1|   0|    1|          0|
    |wo_6_reg_345             |  6|   0|    6|          0|
    |wo_fu_66                 |  6|   0|    6|          0|
    +-------------------------+---+----+-----+-----------+
    |Total                    | 15|   0|   15|          0|
    +-------------------------+---+----+-----+-----------+



================================================================
== Interface
================================================================
* Summary: 
+----------------------------------------------------------------------------------------------+-----+-----+------------+-------------------------------------------------------------------------------------+--------------+
|                                           RTL Ports                                          | Dir | Bits|  Protocol  |                                    Source Object                                    |    C Type    |
+----------------------------------------------------------------------------------------------+-----+-----+------------+-------------------------------------------------------------------------------------+--------------+
|ap_clk                                                                                        |   in|    1|  ap_ctrl_hs|                           UpConv_Fused_Row<8, 16, 16, 16, 16>_Pipeline_RESET_ROW_ACC|  return value|
|ap_rst                                                                                        |   in|    1|  ap_ctrl_hs|                           UpConv_Fused_Row<8, 16, 16, 16, 16>_Pipeline_RESET_ROW_ACC|  return value|
|ap_start                                                                                      |   in|    1|  ap_ctrl_hs|                           UpConv_Fused_Row<8, 16, 16, 16, 16>_Pipeline_RESET_ROW_ACC|  return value|
|ap_done                                                                                       |  out|    1|  ap_ctrl_hs|                           UpConv_Fused_Row<8, 16, 16, 16, 16>_Pipeline_RESET_ROW_ACC|  return value|
|ap_idle                                                                                       |  out|    1|  ap_ctrl_hs|                           UpConv_Fused_Row<8, 16, 16, 16, 16>_Pipeline_RESET_ROW_ACC|  return value|
|ap_ready                                                                                      |  out|    1|  ap_ctrl_hs|                           UpConv_Fused_Row<8, 16, 16, 16, 16>_Pipeline_RESET_ROW_ACC|  return value|
|void_UpConv_Fused_Row_ap_uint_ap_uint_const_ap_uint_const_ap_uint_const_ap_u_39_address0      |  out|    5|   ap_memory|      void_UpConv_Fused_Row_ap_uint_ap_uint_const_ap_uint_const_ap_uint_const_ap_u_39|         array|
|void_UpConv_Fused_Row_ap_uint_ap_uint_const_ap_uint_const_ap_uint_const_ap_u_39_ce0           |  out|    1|   ap_memory|      void_UpConv_Fused_Row_ap_uint_ap_uint_const_ap_uint_const_ap_uint_const_ap_u_39|         array|
|void_UpConv_Fused_Row_ap_uint_ap_uint_const_ap_uint_const_ap_uint_const_ap_u_39_we0           |  out|    1|   ap_memory|      void_UpConv_Fused_Row_ap_uint_ap_uint_const_ap_uint_const_ap_uint_const_ap_u_39|         array|
|void_UpConv_Fused_Row_ap_uint_ap_uint_const_ap_uint_const_ap_uint_const_ap_u_39_d0            |  out|   16|   ap_memory|      void_UpConv_Fused_Row_ap_uint_ap_uint_const_ap_uint_const_ap_uint_const_ap_u_39|         array|
|void_UpConv_Fused_Row_ap_uint_ap_uint_const_ap_uint_const_ap_uint_const_ap_u_38_address0      |  out|    5|   ap_memory|      void_UpConv_Fused_Row_ap_uint_ap_uint_const_ap_uint_const_ap_uint_const_ap_u_38|         array|
|void_UpConv_Fused_Row_ap_uint_ap_uint_const_ap_uint_const_ap_uint_const_ap_u_38_ce0           |  out|    1|   ap_memory|      void_UpConv_Fused_Row_ap_uint_ap_uint_const_ap_uint_const_ap_uint_const_ap_u_38|         array|
|void_UpConv_Fused_Row_ap_uint_ap_uint_const_ap_uint_const_ap_uint_const_ap_u_38_we0           |  out|    1|   ap_memory|      void_UpConv_Fused_Row_ap_uint_ap_uint_const_ap_uint_const_ap_uint_const_ap_u_38|         array|
|void_UpConv_Fused_Row_ap_uint_ap_uint_const_ap_uint_const_ap_uint_const_ap_u_38_d0            |  out|   16|   ap_memory|      void_UpConv_Fused_Row_ap_uint_ap_uint_const_ap_uint_const_ap_uint_const_ap_u_38|         array|
|void_UpConv_Fused_Row_ap_uint_ap_uint_const_ap_uint_const_ap_uint_const_ap_u_37_address0      |  out|    5|   ap_memory|      void_UpConv_Fused_Row_ap_uint_ap_uint_const_ap_uint_const_ap_uint_const_ap_u_37|         array|
|void_UpConv_Fused_Row_ap_uint_ap_uint_const_ap_uint_const_ap_uint_const_ap_u_37_ce0           |  out|    1|   ap_memory|      void_UpConv_Fused_Row_ap_uint_ap_uint_const_ap_uint_const_ap_uint_const_ap_u_37|         array|
|void_UpConv_Fused_Row_ap_uint_ap_uint_const_ap_uint_const_ap_uint_const_ap_u_37_we0           |  out|    1|   ap_memory|      void_UpConv_Fused_Row_ap_uint_ap_uint_const_ap_uint_const_ap_uint_const_ap_u_37|         array|
|void_UpConv_Fused_Row_ap_uint_ap_uint_const_ap_uint_const_ap_uint_const_ap_u_37_d0            |  out|   16|   ap_memory|      void_UpConv_Fused_Row_ap_uint_ap_uint_const_ap_uint_const_ap_uint_const_ap_u_37|         array|
|void_UpConv_Fused_Row_ap_uint_ap_uint_const_ap_uint_const_ap_uint_const_ap_u_36_address0      |  out|    5|   ap_memory|      void_UpConv_Fused_Row_ap_uint_ap_uint_const_ap_uint_const_ap_uint_const_ap_u_36|         array|
|void_UpConv_Fused_Row_ap_uint_ap_uint_const_ap_uint_const_ap_uint_const_ap_u_36_ce0           |  out|    1|   ap_memory|      void_UpConv_Fused_Row_ap_uint_ap_uint_const_ap_uint_const_ap_uint_const_ap_u_36|         array|
|void_UpConv_Fused_Row_ap_uint_ap_uint_const_ap_uint_const_ap_uint_const_ap_u_36_we0           |  out|    1|   ap_memory|      void_UpConv_Fused_Row_ap_uint_ap_uint_const_ap_uint_const_ap_uint_const_ap_u_36|         array|
|void_UpConv_Fused_Row_ap_uint_ap_uint_const_ap_uint_const_ap_uint_const_ap_u_36_d0            |  out|   16|   ap_memory|      void_UpConv_Fused_Row_ap_uint_ap_uint_const_ap_uint_const_ap_uint_const_ap_u_36|         array|
|void_UpConv_Fused_Row_ap_uint_ap_uint_const_ap_uint_const_ap_uint_const_ap_u_35_address0      |  out|    5|   ap_memory|      void_UpConv_Fused_Row_ap_uint_ap_uint_const_ap_uint_const_ap_uint_const_ap_u_35|         array|
|void_UpConv_Fused_Row_ap_uint_ap_uint_const_ap_uint_const_ap_uint_const_ap_u_35_ce0           |  out|    1|   ap_memory|      void_UpConv_Fused_Row_ap_uint_ap_uint_const_ap_uint_const_ap_uint_const_ap_u_35|         array|
|void_UpConv_Fused_Row_ap_uint_ap_uint_const_ap_uint_const_ap_uint_const_ap_u_35_we0           |  out|    1|   ap_memory|      void_UpConv_Fused_Row_ap_uint_ap_uint_const_ap_uint_const_ap_uint_const_ap_u_35|         array|
|void_UpConv_Fused_Row_ap_uint_ap_uint_const_ap_uint_const_ap_uint_const_ap_u_35_d0            |  out|   16|   ap_memory|      void_UpConv_Fused_Row_ap_uint_ap_uint_const_ap_uint_const_ap_uint_const_ap_u_35|         array|
|void_UpConv_Fused_Row_ap_uint_ap_uint_const_ap_uint_const_ap_uint_const_ap_u_34_address0      |  out|    5|   ap_memory|      void_UpConv_Fused_Row_ap_uint_ap_uint_const_ap_uint_const_ap_uint_const_ap_u_34|         array|
|void_UpConv_Fused_Row_ap_uint_ap_uint_const_ap_uint_const_ap_uint_const_ap_u_34_ce0           |  out|    1|   ap_memory|      void_UpConv_Fused_Row_ap_uint_ap_uint_const_ap_uint_const_ap_uint_const_ap_u_34|         array|
|void_UpConv_Fused_Row_ap_uint_ap_uint_const_ap_uint_const_ap_uint_const_ap_u_34_we0           |  out|    1|   ap_memory|      void_UpConv_Fused_Row_ap_uint_ap_uint_const_ap_uint_const_ap_uint_const_ap_u_34|         array|
|void_UpConv_Fused_Row_ap_uint_ap_uint_const_ap_uint_const_ap_uint_const_ap_u_34_d0            |  out|   16|   ap_memory|      void_UpConv_Fused_Row_ap_uint_ap_uint_const_ap_uint_const_ap_uint_const_ap_u_34|         array|
|void_UpConv_Fused_Row_ap_uint_ap_uint_const_ap_uint_const_ap_uint_const_ap_u_33_address0      |  out|    5|   ap_memory|      void_UpConv_Fused_Row_ap_uint_ap_uint_const_ap_uint_const_ap_uint_const_ap_u_33|         array|
|void_UpConv_Fused_Row_ap_uint_ap_uint_const_ap_uint_const_ap_uint_const_ap_u_33_ce0           |  out|    1|   ap_memory|      void_UpConv_Fused_Row_ap_uint_ap_uint_const_ap_uint_const_ap_uint_const_ap_u_33|         array|
|void_UpConv_Fused_Row_ap_uint_ap_uint_const_ap_uint_const_ap_uint_const_ap_u_33_we0           |  out|    1|   ap_memory|      void_UpConv_Fused_Row_ap_uint_ap_uint_const_ap_uint_const_ap_uint_const_ap_u_33|         array|
|void_UpConv_Fused_Row_ap_uint_ap_uint_const_ap_uint_const_ap_uint_const_ap_u_33_d0            |  out|   16|   ap_memory|      void_UpConv_Fused_Row_ap_uint_ap_uint_const_ap_uint_const_ap_uint_const_ap_u_33|         array|
|void_UpConv_Fused_Row_ap_uint_ap_uint_const_ap_uint_const_ap_uint_const_ap_u_32_address0      |  out|    5|   ap_memory|      void_UpConv_Fused_Row_ap_uint_ap_uint_const_ap_uint_const_ap_uint_const_ap_u_32|         array|
|void_UpConv_Fused_Row_ap_uint_ap_uint_const_ap_uint_const_ap_uint_const_ap_u_32_ce0           |  out|    1|   ap_memory|      void_UpConv_Fused_Row_ap_uint_ap_uint_const_ap_uint_const_ap_uint_const_ap_u_32|         array|
|void_UpConv_Fused_Row_ap_uint_ap_uint_const_ap_uint_const_ap_uint_const_ap_u_32_we0           |  out|    1|   ap_memory|      void_UpConv_Fused_Row_ap_uint_ap_uint_const_ap_uint_const_ap_uint_const_ap_u_32|         array|
|void_UpConv_Fused_Row_ap_uint_ap_uint_const_ap_uint_const_ap_uint_const_ap_u_32_d0            |  out|   16|   ap_memory|      void_UpConv_Fused_Row_ap_uint_ap_uint_const_ap_uint_const_ap_uint_const_ap_u_32|         array|
|void_UpConv_Fused_Row_ap_uint_ap_uint_const_ap_uint_const_ap_uint_const_ap_u_31_address0      |  out|    5|   ap_memory|      void_UpConv_Fused_Row_ap_uint_ap_uint_const_ap_uint_const_ap_uint_const_ap_u_31|         array|
|void_UpConv_Fused_Row_ap_uint_ap_uint_const_ap_uint_const_ap_uint_const_ap_u_31_ce0           |  out|    1|   ap_memory|      void_UpConv_Fused_Row_ap_uint_ap_uint_const_ap_uint_const_ap_uint_const_ap_u_31|         array|
|void_UpConv_Fused_Row_ap_uint_ap_uint_const_ap_uint_const_ap_uint_const_ap_u_31_we0           |  out|    1|   ap_memory|      void_UpConv_Fused_Row_ap_uint_ap_uint_const_ap_uint_const_ap_uint_const_ap_u_31|         array|
|void_UpConv_Fused_Row_ap_uint_ap_uint_const_ap_uint_const_ap_uint_const_ap_u_31_d0            |  out|   16|   ap_memory|      void_UpConv_Fused_Row_ap_uint_ap_uint_const_ap_uint_const_ap_uint_const_ap_u_31|         array|
|void_UpConv_Fused_Row_ap_uint_ap_uint_const_ap_uint_const_ap_uint_const_ap_u_30_address0      |  out|    5|   ap_memory|      void_UpConv_Fused_Row_ap_uint_ap_uint_const_ap_uint_const_ap_uint_const_ap_u_30|         array|
|void_UpConv_Fused_Row_ap_uint_ap_uint_const_ap_uint_const_ap_uint_const_ap_u_30_ce0           |  out|    1|   ap_memory|      void_UpConv_Fused_Row_ap_uint_ap_uint_const_ap_uint_const_ap_uint_const_ap_u_30|         array|
|void_UpConv_Fused_Row_ap_uint_ap_uint_const_ap_uint_const_ap_uint_const_ap_u_30_we0           |  out|    1|   ap_memory|      void_UpConv_Fused_Row_ap_uint_ap_uint_const_ap_uint_const_ap_uint_const_ap_u_30|         array|
|void_UpConv_Fused_Row_ap_uint_ap_uint_const_ap_uint_const_ap_uint_const_ap_u_30_d0            |  out|   16|   ap_memory|      void_UpConv_Fused_Row_ap_uint_ap_uint_const_ap_uint_const_ap_uint_const_ap_u_30|         array|
|p_ZZ16UpConv_Fused_RowILi8ELi16ELi16ELi16ELi16EEvP7ap_uintILi256EEPKS1_S4_S4_S4_S_5_address0  |  out|    5|   ap_memory|  p_ZZ16UpConv_Fused_RowILi8ELi16ELi16ELi16ELi16EEvP7ap_uintILi256EEPKS1_S4_S4_S4_S_5|         array|
|p_ZZ16UpConv_Fused_RowILi8ELi16ELi16ELi16ELi16EEvP7ap_uintILi256EEPKS1_S4_S4_S4_S_5_ce0       |  out|    1|   ap_memory|  p_ZZ16UpConv_Fused_RowILi8ELi16ELi16ELi16ELi16EEvP7ap_uintILi256EEPKS1_S4_S4_S4_S_5|         array|
|p_ZZ16UpConv_Fused_RowILi8ELi16ELi16ELi16ELi16EEvP7ap_uintILi256EEPKS1_S4_S4_S4_S_5_we0       |  out|    1|   ap_memory|  p_ZZ16UpConv_Fused_RowILi8ELi16ELi16ELi16ELi16EEvP7ap_uintILi256EEPKS1_S4_S4_S4_S_5|         array|
|p_ZZ16UpConv_Fused_RowILi8ELi16ELi16ELi16ELi16EEvP7ap_uintILi256EEPKS1_S4_S4_S4_S_5_d0        |  out|   16|   ap_memory|  p_ZZ16UpConv_Fused_RowILi8ELi16ELi16ELi16ELi16EEvP7ap_uintILi256EEPKS1_S4_S4_S4_S_5|         array|
|p_ZZ16UpConv_Fused_RowILi8ELi16ELi16ELi16ELi16EEvP7ap_uintILi256EEPKS1_S4_S4_S4_S_4_address0  |  out|    5|   ap_memory|  p_ZZ16UpConv_Fused_RowILi8ELi16ELi16ELi16ELi16EEvP7ap_uintILi256EEPKS1_S4_S4_S4_S_4|         array|
|p_ZZ16UpConv_Fused_RowILi8ELi16ELi16ELi16ELi16EEvP7ap_uintILi256EEPKS1_S4_S4_S4_S_4_ce0       |  out|    1|   ap_memory|  p_ZZ16UpConv_Fused_RowILi8ELi16ELi16ELi16ELi16EEvP7ap_uintILi256EEPKS1_S4_S4_S4_S_4|         array|
|p_ZZ16UpConv_Fused_RowILi8ELi16ELi16ELi16ELi16EEvP7ap_uintILi256EEPKS1_S4_S4_S4_S_4_we0       |  out|    1|   ap_memory|  p_ZZ16UpConv_Fused_RowILi8ELi16ELi16ELi16ELi16EEvP7ap_uintILi256EEPKS1_S4_S4_S4_S_4|         array|
|p_ZZ16UpConv_Fused_RowILi8ELi16ELi16ELi16ELi16EEvP7ap_uintILi256EEPKS1_S4_S4_S4_S_4_d0        |  out|   16|   ap_memory|  p_ZZ16UpConv_Fused_RowILi8ELi16ELi16ELi16ELi16EEvP7ap_uintILi256EEPKS1_S4_S4_S4_S_4|         array|
|p_ZZ16UpConv_Fused_RowILi8ELi16ELi16ELi16ELi16EEvP7ap_uintILi256EEPKS1_S4_S4_S4_S_3_address0  |  out|    5|   ap_memory|  p_ZZ16UpConv_Fused_RowILi8ELi16ELi16ELi16ELi16EEvP7ap_uintILi256EEPKS1_S4_S4_S4_S_3|         array|
|p_ZZ16UpConv_Fused_RowILi8ELi16ELi16ELi16ELi16EEvP7ap_uintILi256EEPKS1_S4_S4_S4_S_3_ce0       |  out|    1|   ap_memory|  p_ZZ16UpConv_Fused_RowILi8ELi16ELi16ELi16ELi16EEvP7ap_uintILi256EEPKS1_S4_S4_S4_S_3|         array|
|p_ZZ16UpConv_Fused_RowILi8ELi16ELi16ELi16ELi16EEvP7ap_uintILi256EEPKS1_S4_S4_S4_S_3_we0       |  out|    1|   ap_memory|  p_ZZ16UpConv_Fused_RowILi8ELi16ELi16ELi16ELi16EEvP7ap_uintILi256EEPKS1_S4_S4_S4_S_3|         array|
|p_ZZ16UpConv_Fused_RowILi8ELi16ELi16ELi16ELi16EEvP7ap_uintILi256EEPKS1_S4_S4_S4_S_3_d0        |  out|   16|   ap_memory|  p_ZZ16UpConv_Fused_RowILi8ELi16ELi16ELi16ELi16EEvP7ap_uintILi256EEPKS1_S4_S4_S4_S_3|         array|
|p_ZZ16UpConv_Fused_RowILi8ELi16ELi16ELi16ELi16EEvP7ap_uintILi256EEPKS1_S4_S4_S4_S_2_address0  |  out|    5|   ap_memory|  p_ZZ16UpConv_Fused_RowILi8ELi16ELi16ELi16ELi16EEvP7ap_uintILi256EEPKS1_S4_S4_S4_S_2|         array|
|p_ZZ16UpConv_Fused_RowILi8ELi16ELi16ELi16ELi16EEvP7ap_uintILi256EEPKS1_S4_S4_S4_S_2_ce0       |  out|    1|   ap_memory|  p_ZZ16UpConv_Fused_RowILi8ELi16ELi16ELi16ELi16EEvP7ap_uintILi256EEPKS1_S4_S4_S4_S_2|         array|
|p_ZZ16UpConv_Fused_RowILi8ELi16ELi16ELi16ELi16EEvP7ap_uintILi256EEPKS1_S4_S4_S4_S_2_we0       |  out|    1|   ap_memory|  p_ZZ16UpConv_Fused_RowILi8ELi16ELi16ELi16ELi16EEvP7ap_uintILi256EEPKS1_S4_S4_S4_S_2|         array|
|p_ZZ16UpConv_Fused_RowILi8ELi16ELi16ELi16ELi16EEvP7ap_uintILi256EEPKS1_S4_S4_S4_S_2_d0        |  out|   16|   ap_memory|  p_ZZ16UpConv_Fused_RowILi8ELi16ELi16ELi16ELi16EEvP7ap_uintILi256EEPKS1_S4_S4_S4_S_2|         array|
|p_ZZ16UpConv_Fused_RowILi8ELi16ELi16ELi16ELi16EEvP7ap_uintILi256EEPKS1_S4_S4_S4_S_1_address0  |  out|    5|   ap_memory|  p_ZZ16UpConv_Fused_RowILi8ELi16ELi16ELi16ELi16EEvP7ap_uintILi256EEPKS1_S4_S4_S4_S_1|         array|
|p_ZZ16UpConv_Fused_RowILi8ELi16ELi16ELi16ELi16EEvP7ap_uintILi256EEPKS1_S4_S4_S4_S_1_ce0       |  out|    1|   ap_memory|  p_ZZ16UpConv_Fused_RowILi8ELi16ELi16ELi16ELi16EEvP7ap_uintILi256EEPKS1_S4_S4_S4_S_1|         array|
|p_ZZ16UpConv_Fused_RowILi8ELi16ELi16ELi16ELi16EEvP7ap_uintILi256EEPKS1_S4_S4_S4_S_1_we0       |  out|    1|   ap_memory|  p_ZZ16UpConv_Fused_RowILi8ELi16ELi16ELi16ELi16EEvP7ap_uintILi256EEPKS1_S4_S4_S4_S_1|         array|
|p_ZZ16UpConv_Fused_RowILi8ELi16ELi16ELi16ELi16EEvP7ap_uintILi256EEPKS1_S4_S4_S4_S_1_d0        |  out|   16|   ap_memory|  p_ZZ16UpConv_Fused_RowILi8ELi16ELi16ELi16ELi16EEvP7ap_uintILi256EEPKS1_S4_S4_S4_S_1|         array|
|p_ZZ16UpConv_Fused_RowILi8ELi16ELi16ELi16ELi16EEvP7ap_uintILi256EEPKS1_S4_S4_S4_S_address0    |  out|    5|   ap_memory|    p_ZZ16UpConv_Fused_RowILi8ELi16ELi16ELi16ELi16EEvP7ap_uintILi256EEPKS1_S4_S4_S4_S|         array|
|p_ZZ16UpConv_Fused_RowILi8ELi16ELi16ELi16ELi16EEvP7ap_uintILi256EEPKS1_S4_S4_S4_S_ce0         |  out|    1|   ap_memory|    p_ZZ16UpConv_Fused_RowILi8ELi16ELi16ELi16ELi16EEvP7ap_uintILi256EEPKS1_S4_S4_S4_S|         array|
|p_ZZ16UpConv_Fused_RowILi8ELi16ELi16ELi16ELi16EEvP7ap_uintILi256EEPKS1_S4_S4_S4_S_we0         |  out|    1|   ap_memory|    p_ZZ16UpConv_Fused_RowILi8ELi16ELi16ELi16ELi16EEvP7ap_uintILi256EEPKS1_S4_S4_S4_S|         array|
|p_ZZ16UpConv_Fused_RowILi8ELi16ELi16ELi16ELi16EEvP7ap_uintILi256EEPKS1_S4_S4_S4_S_d0          |  out|   16|   ap_memory|    p_ZZ16UpConv_Fused_RowILi8ELi16ELi16ELi16ELi16EEvP7ap_uintILi256EEPKS1_S4_S4_S4_S|         array|
+----------------------------------------------------------------------------------------------+-----+-----+------------+-------------------------------------------------------------------------------------+--------------+

============================================================
+ Verbose Summary: Synthesis Manager
============================================================
InlineROM: 1
ExposeGlobal: 0
============================================================
+ Verbose Summary: CDFG Model
============================================================
IsTopModel: 0
ResetActiveHigh: 1
IsCombinational: 2
IsDatapathOnly: 2
HasWiredReturn: 1
HasMFsm: 2
HasVarLatency: 1
IsPipeline: 0
IsRtlPipelined: 0
IsInstanceOverlapped: 0
IsDontTouch: 0
HasImplIP: 0
IsGatedGlobalClock: 0

+ Individual pipeline summary: 
  * Pipeline-0: initiation interval (II) = 1, depth = 2


============================================================
+ Verbose Summary: Schedule
============================================================
* Number of FSM states : 2
* Pipeline : 1
  Pipeline-0 : II = 1, D = 2, States = { 1 2 }
* Dataflow Pipeline: 0

* FSM state transitions: 
1 --> 2 
2 --> 

* FSM state operations: 

State 1 <SV = 0> <Delay = 1.63>
ST_1 : Operation 5 [1/1] (0.00ns)   --->   "%wo = alloca i32 1" [../gen/Hls_Layers_UpConv.tpp:117]   --->   Operation 5 'alloca' 'wo' <Predicate = true> <Delay = 0.00>
ST_1 : Operation 6 [1/1] (0.00ns)   --->   "%specmemcore_ln0 = specmemcore void @_ssdm_op_SpecMemCore, i16 %void_UpConv_Fused_Row_ap_uint_ap_uint_const_ap_uint_const_ap_uint_const_ap_u_39, i64 666, i64 31, i64 18446744073709551615"   --->   Operation 6 'specmemcore' 'specmemcore_ln0' <Predicate = true> <Delay = 0.00>
ST_1 : Operation 7 [1/1] (0.00ns)   --->   "%specmemcore_ln0 = specmemcore void @_ssdm_op_SpecMemCore, i16 %void_UpConv_Fused_Row_ap_uint_ap_uint_const_ap_uint_const_ap_uint_const_ap_u_38, i64 666, i64 31, i64 18446744073709551615"   --->   Operation 7 'specmemcore' 'specmemcore_ln0' <Predicate = true> <Delay = 0.00>
ST_1 : Operation 8 [1/1] (0.00ns)   --->   "%specmemcore_ln0 = specmemcore void @_ssdm_op_SpecMemCore, i16 %void_UpConv_Fused_Row_ap_uint_ap_uint_const_ap_uint_const_ap_uint_const_ap_u_37, i64 666, i64 31, i64 18446744073709551615"   --->   Operation 8 'specmemcore' 'specmemcore_ln0' <Predicate = true> <Delay = 0.00>
ST_1 : Operation 9 [1/1] (0.00ns)   --->   "%specmemcore_ln0 = specmemcore void @_ssdm_op_SpecMemCore, i16 %void_UpConv_Fused_Row_ap_uint_ap_uint_const_ap_uint_const_ap_uint_const_ap_u_36, i64 666, i64 31, i64 18446744073709551615"   --->   Operation 9 'specmemcore' 'specmemcore_ln0' <Predicate = true> <Delay = 0.00>
ST_1 : Operation 10 [1/1] (0.00ns)   --->   "%specmemcore_ln0 = specmemcore void @_ssdm_op_SpecMemCore, i16 %void_UpConv_Fused_Row_ap_uint_ap_uint_const_ap_uint_const_ap_uint_const_ap_u_35, i64 666, i64 31, i64 18446744073709551615"   --->   Operation 10 'specmemcore' 'specmemcore_ln0' <Predicate = true> <Delay = 0.00>
ST_1 : Operation 11 [1/1] (0.00ns)   --->   "%specmemcore_ln0 = specmemcore void @_ssdm_op_SpecMemCore, i16 %void_UpConv_Fused_Row_ap_uint_ap_uint_const_ap_uint_const_ap_uint_const_ap_u_34, i64 666, i64 31, i64 18446744073709551615"   --->   Operation 11 'specmemcore' 'specmemcore_ln0' <Predicate = true> <Delay = 0.00>
ST_1 : Operation 12 [1/1] (0.00ns)   --->   "%specmemcore_ln0 = specmemcore void @_ssdm_op_SpecMemCore, i16 %void_UpConv_Fused_Row_ap_uint_ap_uint_const_ap_uint_const_ap_uint_const_ap_u_33, i64 666, i64 31, i64 18446744073709551615"   --->   Operation 12 'specmemcore' 'specmemcore_ln0' <Predicate = true> <Delay = 0.00>
ST_1 : Operation 13 [1/1] (0.00ns)   --->   "%specmemcore_ln0 = specmemcore void @_ssdm_op_SpecMemCore, i16 %void_UpConv_Fused_Row_ap_uint_ap_uint_const_ap_uint_const_ap_uint_const_ap_u_32, i64 666, i64 31, i64 18446744073709551615"   --->   Operation 13 'specmemcore' 'specmemcore_ln0' <Predicate = true> <Delay = 0.00>
ST_1 : Operation 14 [1/1] (0.00ns)   --->   "%specmemcore_ln0 = specmemcore void @_ssdm_op_SpecMemCore, i16 %void_UpConv_Fused_Row_ap_uint_ap_uint_const_ap_uint_const_ap_uint_const_ap_u_31, i64 666, i64 31, i64 18446744073709551615"   --->   Operation 14 'specmemcore' 'specmemcore_ln0' <Predicate = true> <Delay = 0.00>
ST_1 : Operation 15 [1/1] (0.00ns)   --->   "%specmemcore_ln0 = specmemcore void @_ssdm_op_SpecMemCore, i16 %void_UpConv_Fused_Row_ap_uint_ap_uint_const_ap_uint_const_ap_uint_const_ap_u_30, i64 666, i64 31, i64 18446744073709551615"   --->   Operation 15 'specmemcore' 'specmemcore_ln0' <Predicate = true> <Delay = 0.00>
ST_1 : Operation 16 [1/1] (0.00ns)   --->   "%specmemcore_ln0 = specmemcore void @_ssdm_op_SpecMemCore, i16 %p_ZZ16UpConv_Fused_RowILi8ELi16ELi16ELi16ELi16EEvP7ap_uintILi256EEPKS1_S4_S4_S4_S_5, i64 666, i64 31, i64 18446744073709551615"   --->   Operation 16 'specmemcore' 'specmemcore_ln0' <Predicate = true> <Delay = 0.00>
ST_1 : Operation 17 [1/1] (0.00ns)   --->   "%specmemcore_ln0 = specmemcore void @_ssdm_op_SpecMemCore, i16 %p_ZZ16UpConv_Fused_RowILi8ELi16ELi16ELi16ELi16EEvP7ap_uintILi256EEPKS1_S4_S4_S4_S_4, i64 666, i64 31, i64 18446744073709551615"   --->   Operation 17 'specmemcore' 'specmemcore_ln0' <Predicate = true> <Delay = 0.00>
ST_1 : Operation 18 [1/1] (0.00ns)   --->   "%specmemcore_ln0 = specmemcore void @_ssdm_op_SpecMemCore, i16 %p_ZZ16UpConv_Fused_RowILi8ELi16ELi16ELi16ELi16EEvP7ap_uintILi256EEPKS1_S4_S4_S4_S_3, i64 666, i64 31, i64 18446744073709551615"   --->   Operation 18 'specmemcore' 'specmemcore_ln0' <Predicate = true> <Delay = 0.00>
ST_1 : Operation 19 [1/1] (0.00ns)   --->   "%specmemcore_ln0 = specmemcore void @_ssdm_op_SpecMemCore, i16 %p_ZZ16UpConv_Fused_RowILi8ELi16ELi16ELi16ELi16EEvP7ap_uintILi256EEPKS1_S4_S4_S4_S_2, i64 666, i64 31, i64 18446744073709551615"   --->   Operation 19 'specmemcore' 'specmemcore_ln0' <Predicate = true> <Delay = 0.00>
ST_1 : Operation 20 [1/1] (0.00ns)   --->   "%specmemcore_ln0 = specmemcore void @_ssdm_op_SpecMemCore, i16 %p_ZZ16UpConv_Fused_RowILi8ELi16ELi16ELi16ELi16EEvP7ap_uintILi256EEPKS1_S4_S4_S4_S_1, i64 666, i64 31, i64 18446744073709551615"   --->   Operation 20 'specmemcore' 'specmemcore_ln0' <Predicate = true> <Delay = 0.00>
ST_1 : Operation 21 [1/1] (0.00ns)   --->   "%specmemcore_ln0 = specmemcore void @_ssdm_op_SpecMemCore, i16 %p_ZZ16UpConv_Fused_RowILi8ELi16ELi16ELi16ELi16EEvP7ap_uintILi256EEPKS1_S4_S4_S4_S, i64 666, i64 31, i64 18446744073709551615"   --->   Operation 21 'specmemcore' 'specmemcore_ln0' <Predicate = true> <Delay = 0.00>
ST_1 : Operation 22 [1/1] (0.42ns)   --->   "%store_ln117 = store i6 0, i6 %wo" [../gen/Hls_Layers_UpConv.tpp:117]   --->   Operation 22 'store' 'store_ln117' <Predicate = true> <Delay = 0.42>
ST_1 : Operation 23 [1/1] (0.00ns)   --->   "%br_ln0 = br void %VITIS_LOOP_119_1"   --->   Operation 23 'br' 'br_ln0' <Predicate = true> <Delay = 0.00>
ST_1 : Operation 24 [1/1] (0.00ns)   --->   "%wo_6 = load i6 %wo" [../gen/Hls_Layers_UpConv.tpp:117]   --->   Operation 24 'load' 'wo_6' <Predicate = true> <Delay = 0.00>
ST_1 : Operation 25 [1/1] (0.78ns)   --->   "%icmp_ln117 = icmp_eq  i6 %wo_6, i6 32" [../gen/Hls_Layers_UpConv.tpp:117]   --->   Operation 25 'icmp' 'icmp_ln117' <Predicate = true> <Delay = 0.78> <CoreInst = "Cmp">   --->   Core 9 'Cmp' <Latency = 0> <II = 1> <Delay = 0.77> <FuncUnit> <Opcode : 'seteq' 'setne' 'setle' 'setge' 'setlt' 'setgt'> <InPorts = 2> <OutPorts = 1>
ST_1 : Operation 26 [1/1] (0.78ns)   --->   "%add_ln117 = add i6 %wo_6, i6 1" [../gen/Hls_Layers_UpConv.tpp:117]   --->   Operation 26 'add' 'add_ln117' <Predicate = true> <Delay = 0.78> <CoreInst = "Adder">   --->   Core 1 'Adder' <Latency = 0> <II = 1> <Delay = 0.78> <FuncUnit> <Opcode : 'add' 'sub'> <InPorts = 2> <OutPorts = 1>
ST_1 : Operation 27 [1/1] (0.00ns)   --->   "%br_ln117 = br i1 %icmp_ln117, void %VITIS_LOOP_119_1.split, void %for.end9.exitStub" [../gen/Hls_Layers_UpConv.tpp:117]   --->   Operation 27 'br' 'br_ln117' <Predicate = true> <Delay = 0.00>
ST_1 : Operation 28 [1/1] (0.42ns)   --->   "%store_ln117 = store i6 %add_ln117, i6 %wo" [../gen/Hls_Layers_UpConv.tpp:117]   --->   Operation 28 'store' 'store_ln117' <Predicate = (!icmp_ln117)> <Delay = 0.42>
ST_1 : Operation 66 [1/1] (0.42ns)   --->   "%ret_ln0 = ret"   --->   Operation 66 'ret' 'ret_ln0' <Predicate = (icmp_ln117)> <Delay = 0.42>

State 2 <SV = 1> <Delay = 1.23>
ST_2 : Operation 29 [1/1] (0.00ns)   --->   "%zext_ln117 = zext i6 %wo_6" [../gen/Hls_Layers_UpConv.tpp:117]   --->   Operation 29 'zext' 'zext_ln117' <Predicate = true> <Delay = 0.00>
ST_2 : Operation 30 [1/1] (0.00ns)   --->   "%specpipeline_ln118 = specpipeline void @_ssdm_op_SpecPipeline, i32 1, i32 0, i32 0, i32 0, void @empty_0" [../gen/Hls_Layers_UpConv.tpp:118]   --->   Operation 30 'specpipeline' 'specpipeline_ln118' <Predicate = true> <Delay = 0.00>
ST_2 : Operation 31 [1/1] (0.00ns)   --->   "%speclooptripcount_ln117 = speclooptripcount void @_ssdm_op_SpecLoopTripCount, i64 32, i64 32, i64 32" [../gen/Hls_Layers_UpConv.tpp:117]   --->   Operation 31 'speclooptripcount' 'speclooptripcount_ln117' <Predicate = true> <Delay = 0.00>
ST_2 : Operation 32 [1/1] (0.00ns)   --->   "%specloopname_ln117 = specloopname void @_ssdm_op_SpecLoopName, void @empty_33" [../gen/Hls_Layers_UpConv.tpp:117]   --->   Operation 32 'specloopname' 'specloopname_ln117' <Predicate = true> <Delay = 0.00>
ST_2 : Operation 33 [1/1] (0.00ns)   --->   "%void_UpConv_Fused_Row_ap_uint_ap_uint_const_ap_uint_const_ap_uint_const_ap_u_732 = getelementptr i16 %void_UpConv_Fused_Row_ap_uint_ap_uint_const_ap_uint_const_ap_uint_const_ap_u_39, i64 0, i64 %zext_ln117" [../gen/Hls_Layers_UpConv.tpp:121]   --->   Operation 33 'getelementptr' 'void_UpConv_Fused_Row_ap_uint_ap_uint_const_ap_uint_const_ap_uint_const_ap_u_732' <Predicate = true> <Delay = 0.00>
ST_2 : Operation 34 [1/1] (0.00ns)   --->   "%void_UpConv_Fused_Row_ap_uint_ap_uint_const_ap_uint_const_ap_uint_const_ap_u_733 = getelementptr i16 %void_UpConv_Fused_Row_ap_uint_ap_uint_const_ap_uint_const_ap_uint_const_ap_u_38, i64 0, i64 %zext_ln117" [../gen/Hls_Layers_UpConv.tpp:121]   --->   Operation 34 'getelementptr' 'void_UpConv_Fused_Row_ap_uint_ap_uint_const_ap_uint_const_ap_uint_const_ap_u_733' <Predicate = true> <Delay = 0.00>
ST_2 : Operation 35 [1/1] (0.00ns)   --->   "%void_UpConv_Fused_Row_ap_uint_ap_uint_const_ap_uint_const_ap_uint_const_ap_u_734 = getelementptr i16 %void_UpConv_Fused_Row_ap_uint_ap_uint_const_ap_uint_const_ap_uint_const_ap_u_37, i64 0, i64 %zext_ln117" [../gen/Hls_Layers_UpConv.tpp:121]   --->   Operation 35 'getelementptr' 'void_UpConv_Fused_Row_ap_uint_ap_uint_const_ap_uint_const_ap_uint_const_ap_u_734' <Predicate = true> <Delay = 0.00>
ST_2 : Operation 36 [1/1] (0.00ns)   --->   "%void_UpConv_Fused_Row_ap_uint_ap_uint_const_ap_uint_const_ap_uint_const_ap_u_735 = getelementptr i16 %void_UpConv_Fused_Row_ap_uint_ap_uint_const_ap_uint_const_ap_uint_const_ap_u_36, i64 0, i64 %zext_ln117" [../gen/Hls_Layers_UpConv.tpp:121]   --->   Operation 36 'getelementptr' 'void_UpConv_Fused_Row_ap_uint_ap_uint_const_ap_uint_const_ap_uint_const_ap_u_735' <Predicate = true> <Delay = 0.00>
ST_2 : Operation 37 [1/1] (0.00ns)   --->   "%void_UpConv_Fused_Row_ap_uint_ap_uint_const_ap_uint_const_ap_uint_const_ap_u_736 = getelementptr i16 %void_UpConv_Fused_Row_ap_uint_ap_uint_const_ap_uint_const_ap_uint_const_ap_u_35, i64 0, i64 %zext_ln117" [../gen/Hls_Layers_UpConv.tpp:121]   --->   Operation 37 'getelementptr' 'void_UpConv_Fused_Row_ap_uint_ap_uint_const_ap_uint_const_ap_uint_const_ap_u_736' <Predicate = true> <Delay = 0.00>
ST_2 : Operation 38 [1/1] (0.00ns)   --->   "%void_UpConv_Fused_Row_ap_uint_ap_uint_const_ap_uint_const_ap_uint_const_ap_u_737 = getelementptr i16 %void_UpConv_Fused_Row_ap_uint_ap_uint_const_ap_uint_const_ap_uint_const_ap_u_34, i64 0, i64 %zext_ln117" [../gen/Hls_Layers_UpConv.tpp:121]   --->   Operation 38 'getelementptr' 'void_UpConv_Fused_Row_ap_uint_ap_uint_const_ap_uint_const_ap_uint_const_ap_u_737' <Predicate = true> <Delay = 0.00>
ST_2 : Operation 39 [1/1] (0.00ns)   --->   "%void_UpConv_Fused_Row_ap_uint_ap_uint_const_ap_uint_const_ap_uint_const_ap_u_738 = getelementptr i16 %void_UpConv_Fused_Row_ap_uint_ap_uint_const_ap_uint_const_ap_uint_const_ap_u_33, i64 0, i64 %zext_ln117" [../gen/Hls_Layers_UpConv.tpp:121]   --->   Operation 39 'getelementptr' 'void_UpConv_Fused_Row_ap_uint_ap_uint_const_ap_uint_const_ap_uint_const_ap_u_738' <Predicate = true> <Delay = 0.00>
ST_2 : Operation 40 [1/1] (0.00ns)   --->   "%void_UpConv_Fused_Row_ap_uint_ap_uint_const_ap_uint_const_ap_uint_const_ap_u_739 = getelementptr i16 %void_UpConv_Fused_Row_ap_uint_ap_uint_const_ap_uint_const_ap_uint_const_ap_u_32, i64 0, i64 %zext_ln117" [../gen/Hls_Layers_UpConv.tpp:121]   --->   Operation 40 'getelementptr' 'void_UpConv_Fused_Row_ap_uint_ap_uint_const_ap_uint_const_ap_uint_const_ap_u_739' <Predicate = true> <Delay = 0.00>
ST_2 : Operation 41 [1/1] (0.00ns)   --->   "%void_UpConv_Fused_Row_ap_uint_ap_uint_const_ap_uint_const_ap_uint_const_ap_u_740 = getelementptr i16 %void_UpConv_Fused_Row_ap_uint_ap_uint_const_ap_uint_const_ap_uint_const_ap_u_31, i64 0, i64 %zext_ln117" [../gen/Hls_Layers_UpConv.tpp:121]   --->   Operation 41 'getelementptr' 'void_UpConv_Fused_Row_ap_uint_ap_uint_const_ap_uint_const_ap_uint_const_ap_u_740' <Predicate = true> <Delay = 0.00>
ST_2 : Operation 42 [1/1] (0.00ns)   --->   "%void_UpConv_Fused_Row_ap_uint_ap_uint_const_ap_uint_const_ap_uint_const_ap_u_741 = getelementptr i16 %void_UpConv_Fused_Row_ap_uint_ap_uint_const_ap_uint_const_ap_uint_const_ap_u_30, i64 0, i64 %zext_ln117" [../gen/Hls_Layers_UpConv.tpp:121]   --->   Operation 42 'getelementptr' 'void_UpConv_Fused_Row_ap_uint_ap_uint_const_ap_uint_const_ap_uint_const_ap_u_741' <Predicate = true> <Delay = 0.00>
ST_2 : Operation 43 [1/1] (0.00ns)   --->   "%p_ZZ16UpConv_Fused_RowILi8ELi16ELi16ELi16ELi16EEvP7ap_uintILi256EEPKS1_S4_S4_S4_S_6 = getelementptr i16 %p_ZZ16UpConv_Fused_RowILi8ELi16ELi16ELi16ELi16EEvP7ap_uintILi256EEPKS1_S4_S4_S4_S_5, i64 0, i64 %zext_ln117" [../gen/Hls_Layers_UpConv.tpp:121]   --->   Operation 43 'getelementptr' 'p_ZZ16UpConv_Fused_RowILi8ELi16ELi16ELi16ELi16EEvP7ap_uintILi256EEPKS1_S4_S4_S4_S_6' <Predicate = true> <Delay = 0.00>
ST_2 : Operation 44 [1/1] (0.00ns)   --->   "%p_ZZ16UpConv_Fused_RowILi8ELi16ELi16ELi16ELi16EEvP7ap_uintILi256EEPKS1_S4_S4_S4_S_7 = getelementptr i16 %p_ZZ16UpConv_Fused_RowILi8ELi16ELi16ELi16ELi16EEvP7ap_uintILi256EEPKS1_S4_S4_S4_S_4, i64 0, i64 %zext_ln117" [../gen/Hls_Layers_UpConv.tpp:121]   --->   Operation 44 'getelementptr' 'p_ZZ16UpConv_Fused_RowILi8ELi16ELi16ELi16ELi16EEvP7ap_uintILi256EEPKS1_S4_S4_S4_S_7' <Predicate = true> <Delay = 0.00>
ST_2 : Operation 45 [1/1] (0.00ns)   --->   "%p_ZZ16UpConv_Fused_RowILi8ELi16ELi16ELi16ELi16EEvP7ap_uintILi256EEPKS1_S4_S4_S4_S_8 = getelementptr i16 %p_ZZ16UpConv_Fused_RowILi8ELi16ELi16ELi16ELi16EEvP7ap_uintILi256EEPKS1_S4_S4_S4_S_3, i64 0, i64 %zext_ln117" [../gen/Hls_Layers_UpConv.tpp:121]   --->   Operation 45 'getelementptr' 'p_ZZ16UpConv_Fused_RowILi8ELi16ELi16ELi16ELi16EEvP7ap_uintILi256EEPKS1_S4_S4_S4_S_8' <Predicate = true> <Delay = 0.00>
ST_2 : Operation 46 [1/1] (0.00ns)   --->   "%p_ZZ16UpConv_Fused_RowILi8ELi16ELi16ELi16ELi16EEvP7ap_uintILi256EEPKS1_S4_S4_S4_S_9 = getelementptr i16 %p_ZZ16UpConv_Fused_RowILi8ELi16ELi16ELi16ELi16EEvP7ap_uintILi256EEPKS1_S4_S4_S4_S_2, i64 0, i64 %zext_ln117" [../gen/Hls_Layers_UpConv.tpp:121]   --->   Operation 46 'getelementptr' 'p_ZZ16UpConv_Fused_RowILi8ELi16ELi16ELi16ELi16EEvP7ap_uintILi256EEPKS1_S4_S4_S4_S_9' <Predicate = true> <Delay = 0.00>
ST_2 : Operation 47 [1/1] (0.00ns)   --->   "%p_ZZ16UpConv_Fused_RowILi8ELi16ELi16ELi16ELi16EEvP7ap_uintILi256EEPKS1_S4_S4_S4_S_10 = getelementptr i16 %p_ZZ16UpConv_Fused_RowILi8ELi16ELi16ELi16ELi16EEvP7ap_uintILi256EEPKS1_S4_S4_S4_S_1, i64 0, i64 %zext_ln117" [../gen/Hls_Layers_UpConv.tpp:121]   --->   Operation 47 'getelementptr' 'p_ZZ16UpConv_Fused_RowILi8ELi16ELi16ELi16ELi16EEvP7ap_uintILi256EEPKS1_S4_S4_S4_S_10' <Predicate = true> <Delay = 0.00>
ST_2 : Operation 48 [1/1] (0.00ns)   --->   "%p_ZZ16UpConv_Fused_RowILi8ELi16ELi16ELi16ELi16EEvP7ap_uintILi256EEPKS1_S4_S4_S4_S_11 = getelementptr i16 %p_ZZ16UpConv_Fused_RowILi8ELi16ELi16ELi16ELi16EEvP7ap_uintILi256EEPKS1_S4_S4_S4_S, i64 0, i64 %zext_ln117" [../gen/Hls_Layers_UpConv.tpp:121]   --->   Operation 48 'getelementptr' 'p_ZZ16UpConv_Fused_RowILi8ELi16ELi16ELi16ELi16EEvP7ap_uintILi256EEPKS1_S4_S4_S4_S_11' <Predicate = true> <Delay = 0.00>
ST_2 : Operation 49 [1/1] ( I:1.23ns O:1.23ns )   --->   "%store_ln121 = store i16 0, i5 %void_UpConv_Fused_Row_ap_uint_ap_uint_const_ap_uint_const_ap_uint_const_ap_u_732" [../gen/Hls_Layers_UpConv.tpp:121]   --->   Operation 49 'store' 'store_ln121' <Predicate = true> <Delay = 1.23> <CoreInst = "RAM_T2P_URAM">   --->   Core 99 'RAM_T2P_URAM' <Latency = 1> <II = 1> <Delay = 1.23> <Storage> <Opcode : 'load' 'store'> <Ports = 2> <Width = 16> <Depth = 32> <RAM>
ST_2 : Operation 50 [1/1] ( I:1.23ns O:1.23ns )   --->   "%store_ln121 = store i16 0, i5 %void_UpConv_Fused_Row_ap_uint_ap_uint_const_ap_uint_const_ap_uint_const_ap_u_733" [../gen/Hls_Layers_UpConv.tpp:121]   --->   Operation 50 'store' 'store_ln121' <Predicate = true> <Delay = 1.23> <CoreInst = "RAM_T2P_URAM">   --->   Core 99 'RAM_T2P_URAM' <Latency = 1> <II = 1> <Delay = 1.23> <Storage> <Opcode : 'load' 'store'> <Ports = 2> <Width = 16> <Depth = 32> <RAM>
ST_2 : Operation 51 [1/1] ( I:1.23ns O:1.23ns )   --->   "%store_ln121 = store i16 0, i5 %void_UpConv_Fused_Row_ap_uint_ap_uint_const_ap_uint_const_ap_uint_const_ap_u_734" [../gen/Hls_Layers_UpConv.tpp:121]   --->   Operation 51 'store' 'store_ln121' <Predicate = true> <Delay = 1.23> <CoreInst = "RAM_T2P_URAM">   --->   Core 99 'RAM_T2P_URAM' <Latency = 1> <II = 1> <Delay = 1.23> <Storage> <Opcode : 'load' 'store'> <Ports = 2> <Width = 16> <Depth = 32> <RAM>
ST_2 : Operation 52 [1/1] ( I:1.23ns O:1.23ns )   --->   "%store_ln121 = store i16 0, i5 %void_UpConv_Fused_Row_ap_uint_ap_uint_const_ap_uint_const_ap_uint_const_ap_u_735" [../gen/Hls_Layers_UpConv.tpp:121]   --->   Operation 52 'store' 'store_ln121' <Predicate = true> <Delay = 1.23> <CoreInst = "RAM_T2P_URAM">   --->   Core 99 'RAM_T2P_URAM' <Latency = 1> <II = 1> <Delay = 1.23> <Storage> <Opcode : 'load' 'store'> <Ports = 2> <Width = 16> <Depth = 32> <RAM>
ST_2 : Operation 53 [1/1] ( I:1.23ns O:1.23ns )   --->   "%store_ln121 = store i16 0, i5 %void_UpConv_Fused_Row_ap_uint_ap_uint_const_ap_uint_const_ap_uint_const_ap_u_736" [../gen/Hls_Layers_UpConv.tpp:121]   --->   Operation 53 'store' 'store_ln121' <Predicate = true> <Delay = 1.23> <CoreInst = "RAM_T2P_URAM">   --->   Core 99 'RAM_T2P_URAM' <Latency = 1> <II = 1> <Delay = 1.23> <Storage> <Opcode : 'load' 'store'> <Ports = 2> <Width = 16> <Depth = 32> <RAM>
ST_2 : Operation 54 [1/1] ( I:1.23ns O:1.23ns )   --->   "%store_ln121 = store i16 0, i5 %void_UpConv_Fused_Row_ap_uint_ap_uint_const_ap_uint_const_ap_uint_const_ap_u_737" [../gen/Hls_Layers_UpConv.tpp:121]   --->   Operation 54 'store' 'store_ln121' <Predicate = true> <Delay = 1.23> <CoreInst = "RAM_T2P_URAM">   --->   Core 99 'RAM_T2P_URAM' <Latency = 1> <II = 1> <Delay = 1.23> <Storage> <Opcode : 'load' 'store'> <Ports = 2> <Width = 16> <Depth = 32> <RAM>
ST_2 : Operation 55 [1/1] ( I:1.23ns O:1.23ns )   --->   "%store_ln121 = store i16 0, i5 %void_UpConv_Fused_Row_ap_uint_ap_uint_const_ap_uint_const_ap_uint_const_ap_u_738" [../gen/Hls_Layers_UpConv.tpp:121]   --->   Operation 55 'store' 'store_ln121' <Predicate = true> <Delay = 1.23> <CoreInst = "RAM_T2P_URAM">   --->   Core 99 'RAM_T2P_URAM' <Latency = 1> <II = 1> <Delay = 1.23> <Storage> <Opcode : 'load' 'store'> <Ports = 2> <Width = 16> <Depth = 32> <RAM>
ST_2 : Operation 56 [1/1] ( I:1.23ns O:1.23ns )   --->   "%store_ln121 = store i16 0, i5 %void_UpConv_Fused_Row_ap_uint_ap_uint_const_ap_uint_const_ap_uint_const_ap_u_739" [../gen/Hls_Layers_UpConv.tpp:121]   --->   Operation 56 'store' 'store_ln121' <Predicate = true> <Delay = 1.23> <CoreInst = "RAM_T2P_URAM">   --->   Core 99 'RAM_T2P_URAM' <Latency = 1> <II = 1> <Delay = 1.23> <Storage> <Opcode : 'load' 'store'> <Ports = 2> <Width = 16> <Depth = 32> <RAM>
ST_2 : Operation 57 [1/1] ( I:1.23ns O:1.23ns )   --->   "%store_ln121 = store i16 0, i5 %void_UpConv_Fused_Row_ap_uint_ap_uint_const_ap_uint_const_ap_uint_const_ap_u_740" [../gen/Hls_Layers_UpConv.tpp:121]   --->   Operation 57 'store' 'store_ln121' <Predicate = true> <Delay = 1.23> <CoreInst = "RAM_T2P_URAM">   --->   Core 99 'RAM_T2P_URAM' <Latency = 1> <II = 1> <Delay = 1.23> <Storage> <Opcode : 'load' 'store'> <Ports = 2> <Width = 16> <Depth = 32> <RAM>
ST_2 : Operation 58 [1/1] ( I:1.23ns O:1.23ns )   --->   "%store_ln121 = store i16 0, i5 %void_UpConv_Fused_Row_ap_uint_ap_uint_const_ap_uint_const_ap_uint_const_ap_u_741" [../gen/Hls_Layers_UpConv.tpp:121]   --->   Operation 58 'store' 'store_ln121' <Predicate = true> <Delay = 1.23> <CoreInst = "RAM_T2P_URAM">   --->   Core 99 'RAM_T2P_URAM' <Latency = 1> <II = 1> <Delay = 1.23> <Storage> <Opcode : 'load' 'store'> <Ports = 2> <Width = 16> <Depth = 32> <RAM>
ST_2 : Operation 59 [1/1] ( I:1.23ns O:1.23ns )   --->   "%store_ln121 = store i16 0, i5 %p_ZZ16UpConv_Fused_RowILi8ELi16ELi16ELi16ELi16EEvP7ap_uintILi256EEPKS1_S4_S4_S4_S_6" [../gen/Hls_Layers_UpConv.tpp:121]   --->   Operation 59 'store' 'store_ln121' <Predicate = true> <Delay = 1.23> <CoreInst = "RAM_T2P_URAM">   --->   Core 99 'RAM_T2P_URAM' <Latency = 1> <II = 1> <Delay = 1.23> <Storage> <Opcode : 'load' 'store'> <Ports = 2> <Width = 16> <Depth = 32> <RAM>
ST_2 : Operation 60 [1/1] ( I:1.23ns O:1.23ns )   --->   "%store_ln121 = store i16 0, i5 %p_ZZ16UpConv_Fused_RowILi8ELi16ELi16ELi16ELi16EEvP7ap_uintILi256EEPKS1_S4_S4_S4_S_7" [../gen/Hls_Layers_UpConv.tpp:121]   --->   Operation 60 'store' 'store_ln121' <Predicate = true> <Delay = 1.23> <CoreInst = "RAM_T2P_URAM">   --->   Core 99 'RAM_T2P_URAM' <Latency = 1> <II = 1> <Delay = 1.23> <Storage> <Opcode : 'load' 'store'> <Ports = 2> <Width = 16> <Depth = 32> <RAM>
ST_2 : Operation 61 [1/1] ( I:1.23ns O:1.23ns )   --->   "%store_ln121 = store i16 0, i5 %p_ZZ16UpConv_Fused_RowILi8ELi16ELi16ELi16ELi16EEvP7ap_uintILi256EEPKS1_S4_S4_S4_S_8" [../gen/Hls_Layers_UpConv.tpp:121]   --->   Operation 61 'store' 'store_ln121' <Predicate = true> <Delay = 1.23> <CoreInst = "RAM_T2P_URAM">   --->   Core 99 'RAM_T2P_URAM' <Latency = 1> <II = 1> <Delay = 1.23> <Storage> <Opcode : 'load' 'store'> <Ports = 2> <Width = 16> <Depth = 32> <RAM>
ST_2 : Operation 62 [1/1] ( I:1.23ns O:1.23ns )   --->   "%store_ln121 = store i16 0, i5 %p_ZZ16UpConv_Fused_RowILi8ELi16ELi16ELi16ELi16EEvP7ap_uintILi256EEPKS1_S4_S4_S4_S_9" [../gen/Hls_Layers_UpConv.tpp:121]   --->   Operation 62 'store' 'store_ln121' <Predicate = true> <Delay = 1.23> <CoreInst = "RAM_T2P_URAM">   --->   Core 99 'RAM_T2P_URAM' <Latency = 1> <II = 1> <Delay = 1.23> <Storage> <Opcode : 'load' 'store'> <Ports = 2> <Width = 16> <Depth = 32> <RAM>
ST_2 : Operation 63 [1/1] ( I:1.23ns O:1.23ns )   --->   "%store_ln121 = store i16 0, i5 %p_ZZ16UpConv_Fused_RowILi8ELi16ELi16ELi16ELi16EEvP7ap_uintILi256EEPKS1_S4_S4_S4_S_10" [../gen/Hls_Layers_UpConv.tpp:121]   --->   Operation 63 'store' 'store_ln121' <Predicate = true> <Delay = 1.23> <CoreInst = "RAM_T2P_URAM">   --->   Core 99 'RAM_T2P_URAM' <Latency = 1> <II = 1> <Delay = 1.23> <Storage> <Opcode : 'load' 'store'> <Ports = 2> <Width = 16> <Depth = 32> <RAM>
ST_2 : Operation 64 [1/1] ( I:1.23ns O:1.23ns )   --->   "%store_ln121 = store i16 0, i5 %p_ZZ16UpConv_Fused_RowILi8ELi16ELi16ELi16ELi16EEvP7ap_uintILi256EEPKS1_S4_S4_S4_S_11" [../gen/Hls_Layers_UpConv.tpp:121]   --->   Operation 64 'store' 'store_ln121' <Predicate = true> <Delay = 1.23> <CoreInst = "RAM_T2P_URAM">   --->   Core 99 'RAM_T2P_URAM' <Latency = 1> <II = 1> <Delay = 1.23> <Storage> <Opcode : 'load' 'store'> <Ports = 2> <Width = 16> <Depth = 32> <RAM>
ST_2 : Operation 65 [1/1] (0.00ns)   --->   "%br_ln117 = br void %VITIS_LOOP_119_1" [../gen/Hls_Layers_UpConv.tpp:117]   --->   Operation 65 'br' 'br_ln117' <Predicate = true> <Delay = 0.00>


============================================================
+ Verbose Summary: Binding
============================================================
STG Binding: 
---------------- STG Properties BEGIN ----------------
- Is combinational: 0
- Is one-state seq: 0
- Is datapath-only: 0
- Is pipelined: 0
- Is top level: 0
Port [ Return ] is wired: 1; IO mode=ap_ctrl_hs:ce=0
Port [ void_UpConv_Fused_Row_ap_uint_ap_uint_const_ap_uint_const_ap_uint_const_ap_u_39]:  wired=1; compound=1; hidden=0; nouse=0; global=1; static=1; extern=0; dir=1; type=1; pingpong=0; private_global=0; MemPort=[03]; IO mode=ap_memory:ce=0
Port [ void_UpConv_Fused_Row_ap_uint_ap_uint_const_ap_uint_const_ap_uint_const_ap_u_38]:  wired=1; compound=1; hidden=0; nouse=0; global=1; static=1; extern=0; dir=1; type=1; pingpong=0; private_global=0; MemPort=[03]; IO mode=ap_memory:ce=0
Port [ void_UpConv_Fused_Row_ap_uint_ap_uint_const_ap_uint_const_ap_uint_const_ap_u_37]:  wired=1; compound=1; hidden=0; nouse=0; global=1; static=1; extern=0; dir=1; type=1; pingpong=0; private_global=0; MemPort=[03]; IO mode=ap_memory:ce=0
Port [ void_UpConv_Fused_Row_ap_uint_ap_uint_const_ap_uint_const_ap_uint_const_ap_u_36]:  wired=1; compound=1; hidden=0; nouse=0; global=1; static=1; extern=0; dir=1; type=1; pingpong=0; private_global=0; MemPort=[03]; IO mode=ap_memory:ce=0
Port [ void_UpConv_Fused_Row_ap_uint_ap_uint_const_ap_uint_const_ap_uint_const_ap_u_35]:  wired=1; compound=1; hidden=0; nouse=0; global=1; static=1; extern=0; dir=1; type=1; pingpong=0; private_global=0; MemPort=[03]; IO mode=ap_memory:ce=0
Port [ void_UpConv_Fused_Row_ap_uint_ap_uint_const_ap_uint_const_ap_uint_const_ap_u_34]:  wired=1; compound=1; hidden=0; nouse=0; global=1; static=1; extern=0; dir=1; type=1; pingpong=0; private_global=0; MemPort=[03]; IO mode=ap_memory:ce=0
Port [ void_UpConv_Fused_Row_ap_uint_ap_uint_const_ap_uint_const_ap_uint_const_ap_u_33]:  wired=1; compound=1; hidden=0; nouse=0; global=1; static=1; extern=0; dir=1; type=1; pingpong=0; private_global=0; MemPort=[03]; IO mode=ap_memory:ce=0
Port [ void_UpConv_Fused_Row_ap_uint_ap_uint_const_ap_uint_const_ap_uint_const_ap_u_32]:  wired=1; compound=1; hidden=0; nouse=0; global=1; static=1; extern=0; dir=1; type=1; pingpong=0; private_global=0; MemPort=[03]; IO mode=ap_memory:ce=0
Port [ void_UpConv_Fused_Row_ap_uint_ap_uint_const_ap_uint_const_ap_uint_const_ap_u_31]:  wired=1; compound=1; hidden=0; nouse=0; global=1; static=1; extern=0; dir=1; type=1; pingpong=0; private_global=0; MemPort=[03]; IO mode=ap_memory:ce=0
Port [ void_UpConv_Fused_Row_ap_uint_ap_uint_const_ap_uint_const_ap_uint_const_ap_u_30]:  wired=1; compound=1; hidden=0; nouse=0; global=1; static=1; extern=0; dir=1; type=1; pingpong=0; private_global=0; MemPort=[03]; IO mode=ap_memory:ce=0
Port [ p_ZZ16UpConv_Fused_RowILi8ELi16ELi16ELi16ELi16EEvP7ap_uintILi256EEPKS1_S4_S4_S4_S_5]:  wired=1; compound=1; hidden=0; nouse=0; global=1; static=1; extern=0; dir=1; type=1; pingpong=0; private_global=0; MemPort=[03]; IO mode=ap_memory:ce=0
Port [ p_ZZ16UpConv_Fused_RowILi8ELi16ELi16ELi16ELi16EEvP7ap_uintILi256EEPKS1_S4_S4_S4_S_4]:  wired=1; compound=1; hidden=0; nouse=0; global=1; static=1; extern=0; dir=1; type=1; pingpong=0; private_global=0; MemPort=[03]; IO mode=ap_memory:ce=0
Port [ p_ZZ16UpConv_Fused_RowILi8ELi16ELi16ELi16ELi16EEvP7ap_uintILi256EEPKS1_S4_S4_S4_S_3]:  wired=1; compound=1; hidden=0; nouse=0; global=1; static=1; extern=0; dir=1; type=1; pingpong=0; private_global=0; MemPort=[03]; IO mode=ap_memory:ce=0
Port [ p_ZZ16UpConv_Fused_RowILi8ELi16ELi16ELi16ELi16EEvP7ap_uintILi256EEPKS1_S4_S4_S4_S_2]:  wired=1; compound=1; hidden=0; nouse=0; global=1; static=1; extern=0; dir=1; type=1; pingpong=0; private_global=0; MemPort=[03]; IO mode=ap_memory:ce=0
Port [ p_ZZ16UpConv_Fused_RowILi8ELi16ELi16ELi16ELi16EEvP7ap_uintILi256EEPKS1_S4_S4_S4_S_1]:  wired=1; compound=1; hidden=0; nouse=0; global=1; static=1; extern=0; dir=1; type=1; pingpong=0; private_global=0; MemPort=[03]; IO mode=ap_memory:ce=0
Port [ p_ZZ16UpConv_Fused_RowILi8ELi16ELi16ELi16ELi16EEvP7ap_uintILi256EEPKS1_S4_S4_S4_S]:  wired=1; compound=1; hidden=0; nouse=0; global=1; static=1; extern=0; dir=1; type=1; pingpong=0; private_global=0; MemPort=[03]; IO mode=ap_memory:ce=0
---------------- STG Properties END ------------------

---------------- Datapath Model BEGIN ----------------

<LifeTime>
<method=bitvector/>
wo                                                                                   (alloca           ) [ 010]
specmemcore_ln0                                                                      (specmemcore      ) [ 000]
specmemcore_ln0                                                                      (specmemcore      ) [ 000]
specmemcore_ln0                                                                      (specmemcore      ) [ 000]
specmemcore_ln0                                                                      (specmemcore      ) [ 000]
specmemcore_ln0                                                                      (specmemcore      ) [ 000]
specmemcore_ln0                                                                      (specmemcore      ) [ 000]
specmemcore_ln0                                                                      (specmemcore      ) [ 000]
specmemcore_ln0                                                                      (specmemcore      ) [ 000]
specmemcore_ln0                                                                      (specmemcore      ) [ 000]
specmemcore_ln0                                                                      (specmemcore      ) [ 000]
specmemcore_ln0                                                                      (specmemcore      ) [ 000]
specmemcore_ln0                                                                      (specmemcore      ) [ 000]
specmemcore_ln0                                                                      (specmemcore      ) [ 000]
specmemcore_ln0                                                                      (specmemcore      ) [ 000]
specmemcore_ln0                                                                      (specmemcore      ) [ 000]
specmemcore_ln0                                                                      (specmemcore      ) [ 000]
store_ln117                                                                          (store            ) [ 000]
br_ln0                                                                               (br               ) [ 000]
wo_6                                                                                 (load             ) [ 011]
icmp_ln117                                                                           (icmp             ) [ 010]
add_ln117                                                                            (add              ) [ 000]
br_ln117                                                                             (br               ) [ 000]
store_ln117                                                                          (store            ) [ 000]
zext_ln117                                                                           (zext             ) [ 000]
specpipeline_ln118                                                                   (specpipeline     ) [ 000]
speclooptripcount_ln117                                                              (speclooptripcount) [ 000]
specloopname_ln117                                                                   (specloopname     ) [ 000]
void_UpConv_Fused_Row_ap_uint_ap_uint_const_ap_uint_const_ap_uint_const_ap_u_732     (getelementptr    ) [ 000]
void_UpConv_Fused_Row_ap_uint_ap_uint_const_ap_uint_const_ap_uint_const_ap_u_733     (getelementptr    ) [ 000]
void_UpConv_Fused_Row_ap_uint_ap_uint_const_ap_uint_const_ap_uint_const_ap_u_734     (getelementptr    ) [ 000]
void_UpConv_Fused_Row_ap_uint_ap_uint_const_ap_uint_const_ap_uint_const_ap_u_735     (getelementptr    ) [ 000]
void_UpConv_Fused_Row_ap_uint_ap_uint_const_ap_uint_const_ap_uint_const_ap_u_736     (getelementptr    ) [ 000]
void_UpConv_Fused_Row_ap_uint_ap_uint_const_ap_uint_const_ap_uint_const_ap_u_737     (getelementptr    ) [ 000]
void_UpConv_Fused_Row_ap_uint_ap_uint_const_ap_uint_const_ap_uint_const_ap_u_738     (getelementptr    ) [ 000]
void_UpConv_Fused_Row_ap_uint_ap_uint_const_ap_uint_const_ap_uint_const_ap_u_739     (getelementptr    ) [ 000]
void_UpConv_Fused_Row_ap_uint_ap_uint_const_ap_uint_const_ap_uint_const_ap_u_740     (getelementptr    ) [ 000]
void_UpConv_Fused_Row_ap_uint_ap_uint_const_ap_uint_const_ap_uint_const_ap_u_741     (getelementptr    ) [ 000]
p_ZZ16UpConv_Fused_RowILi8ELi16ELi16ELi16ELi16EEvP7ap_uintILi256EEPKS1_S4_S4_S4_S_6  (getelementptr    ) [ 000]
p_ZZ16UpConv_Fused_RowILi8ELi16ELi16ELi16ELi16EEvP7ap_uintILi256EEPKS1_S4_S4_S4_S_7  (getelementptr    ) [ 000]
p_ZZ16UpConv_Fused_RowILi8ELi16ELi16ELi16ELi16EEvP7ap_uintILi256EEPKS1_S4_S4_S4_S_8  (getelementptr    ) [ 000]
p_ZZ16UpConv_Fused_RowILi8ELi16ELi16ELi16ELi16EEvP7ap_uintILi256EEPKS1_S4_S4_S4_S_9  (getelementptr    ) [ 000]
p_ZZ16UpConv_Fused_RowILi8ELi16ELi16ELi16ELi16EEvP7ap_uintILi256EEPKS1_S4_S4_S4_S_10 (getelementptr    ) [ 000]
p_ZZ16UpConv_Fused_RowILi8ELi16ELi16ELi16ELi16EEvP7ap_uintILi256EEPKS1_S4_S4_S4_S_11 (getelementptr    ) [ 000]
store_ln121                                                                          (store            ) [ 000]
store_ln121                                                                          (store            ) [ 000]
store_ln121                                                                          (store            ) [ 000]
store_ln121                                                                          (store            ) [ 000]
store_ln121                                                                          (store            ) [ 000]
store_ln121                                                                          (store            ) [ 000]
store_ln121                                                                          (store            ) [ 000]
store_ln121                                                                          (store            ) [ 000]
store_ln121                                                                          (store            ) [ 000]
store_ln121                                                                          (store            ) [ 000]
store_ln121                                                                          (store            ) [ 000]
store_ln121                                                                          (store            ) [ 000]
store_ln121                                                                          (store            ) [ 000]
store_ln121                                                                          (store            ) [ 000]
store_ln121                                                                          (store            ) [ 000]
store_ln121                                                                          (store            ) [ 000]
br_ln117                                                                             (br               ) [ 000]
ret_ln0                                                                              (ret              ) [ 000]
</LifeTime>

<model>

<comp_list>
<comp id="0" class="1000" name="void_UpConv_Fused_Row_ap_uint_ap_uint_const_ap_uint_const_ap_uint_const_ap_u_39">
<pin_list>
<pin id="1" dir="1" index="0" bw="1" slack="0"/>
</pin_list>
<bind>
<StgValue><ssdm name="void_UpConv_Fused_Row_ap_uint_ap_uint_const_ap_uint_const_ap_uint_const_ap_u_39"/><MemPortTyVec>0 3 </MemPortTyVec>
</StgValue>
</bind>
</comp>

<comp id="2" class="1000" name="void_UpConv_Fused_Row_ap_uint_ap_uint_const_ap_uint_const_ap_uint_const_ap_u_38">
<pin_list>
<pin id="3" dir="1" index="0" bw="1" slack="0"/>
</pin_list>
<bind>
<StgValue><ssdm name="void_UpConv_Fused_Row_ap_uint_ap_uint_const_ap_uint_const_ap_uint_const_ap_u_38"/><MemPortTyVec>0 3 </MemPortTyVec>
</StgValue>
</bind>
</comp>

<comp id="4" class="1000" name="void_UpConv_Fused_Row_ap_uint_ap_uint_const_ap_uint_const_ap_uint_const_ap_u_37">
<pin_list>
<pin id="5" dir="1" index="0" bw="1" slack="0"/>
</pin_list>
<bind>
<StgValue><ssdm name="void_UpConv_Fused_Row_ap_uint_ap_uint_const_ap_uint_const_ap_uint_const_ap_u_37"/><MemPortTyVec>0 3 </MemPortTyVec>
</StgValue>
</bind>
</comp>

<comp id="6" class="1000" name="void_UpConv_Fused_Row_ap_uint_ap_uint_const_ap_uint_const_ap_uint_const_ap_u_36">
<pin_list>
<pin id="7" dir="1" index="0" bw="1" slack="0"/>
</pin_list>
<bind>
<StgValue><ssdm name="void_UpConv_Fused_Row_ap_uint_ap_uint_const_ap_uint_const_ap_uint_const_ap_u_36"/><MemPortTyVec>0 3 </MemPortTyVec>
</StgValue>
</bind>
</comp>

<comp id="8" class="1000" name="void_UpConv_Fused_Row_ap_uint_ap_uint_const_ap_uint_const_ap_uint_const_ap_u_35">
<pin_list>
<pin id="9" dir="1" index="0" bw="1" slack="0"/>
</pin_list>
<bind>
<StgValue><ssdm name="void_UpConv_Fused_Row_ap_uint_ap_uint_const_ap_uint_const_ap_uint_const_ap_u_35"/><MemPortTyVec>0 3 </MemPortTyVec>
</StgValue>
</bind>
</comp>

<comp id="10" class="1000" name="void_UpConv_Fused_Row_ap_uint_ap_uint_const_ap_uint_const_ap_uint_const_ap_u_34">
<pin_list>
<pin id="11" dir="1" index="0" bw="1" slack="0"/>
</pin_list>
<bind>
<StgValue><ssdm name="void_UpConv_Fused_Row_ap_uint_ap_uint_const_ap_uint_const_ap_uint_const_ap_u_34"/><MemPortTyVec>0 3 </MemPortTyVec>
</StgValue>
</bind>
</comp>

<comp id="12" class="1000" name="void_UpConv_Fused_Row_ap_uint_ap_uint_const_ap_uint_const_ap_uint_const_ap_u_33">
<pin_list>
<pin id="13" dir="1" index="0" bw="1" slack="0"/>
</pin_list>
<bind>
<StgValue><ssdm name="void_UpConv_Fused_Row_ap_uint_ap_uint_const_ap_uint_const_ap_uint_const_ap_u_33"/><MemPortTyVec>0 3 </MemPortTyVec>
</StgValue>
</bind>
</comp>

<comp id="14" class="1000" name="void_UpConv_Fused_Row_ap_uint_ap_uint_const_ap_uint_const_ap_uint_const_ap_u_32">
<pin_list>
<pin id="15" dir="1" index="0" bw="1" slack="0"/>
</pin_list>
<bind>
<StgValue><ssdm name="void_UpConv_Fused_Row_ap_uint_ap_uint_const_ap_uint_const_ap_uint_const_ap_u_32"/><MemPortTyVec>0 3 </MemPortTyVec>
</StgValue>
</bind>
</comp>

<comp id="16" class="1000" name="void_UpConv_Fused_Row_ap_uint_ap_uint_const_ap_uint_const_ap_uint_const_ap_u_31">
<pin_list>
<pin id="17" dir="1" index="0" bw="1" slack="0"/>
</pin_list>
<bind>
<StgValue><ssdm name="void_UpConv_Fused_Row_ap_uint_ap_uint_const_ap_uint_const_ap_uint_const_ap_u_31"/><MemPortTyVec>0 3 </MemPortTyVec>
</StgValue>
</bind>
</comp>

<comp id="18" class="1000" name="void_UpConv_Fused_Row_ap_uint_ap_uint_const_ap_uint_const_ap_uint_const_ap_u_30">
<pin_list>
<pin id="19" dir="1" index="0" bw="1" slack="0"/>
</pin_list>
<bind>
<StgValue><ssdm name="void_UpConv_Fused_Row_ap_uint_ap_uint_const_ap_uint_const_ap_uint_const_ap_u_30"/><MemPortTyVec>0 3 </MemPortTyVec>
</StgValue>
</bind>
</comp>

<comp id="20" class="1000" name="p_ZZ16UpConv_Fused_RowILi8ELi16ELi16ELi16ELi16EEvP7ap_uintILi256EEPKS1_S4_S4_S4_S_5">
<pin_list>
<pin id="21" dir="1" index="0" bw="1" slack="0"/>
</pin_list>
<bind>
<StgValue><ssdm name="p_ZZ16UpConv_Fused_RowILi8ELi16ELi16ELi16ELi16EEvP7ap_uintILi256EEPKS1_S4_S4_S4_S_5"/><MemPortTyVec>0 3 </MemPortTyVec>
</StgValue>
</bind>
</comp>

<comp id="22" class="1000" name="p_ZZ16UpConv_Fused_RowILi8ELi16ELi16ELi16ELi16EEvP7ap_uintILi256EEPKS1_S4_S4_S4_S_4">
<pin_list>
<pin id="23" dir="1" index="0" bw="1" slack="0"/>
</pin_list>
<bind>
<StgValue><ssdm name="p_ZZ16UpConv_Fused_RowILi8ELi16ELi16ELi16ELi16EEvP7ap_uintILi256EEPKS1_S4_S4_S4_S_4"/><MemPortTyVec>0 3 </MemPortTyVec>
</StgValue>
</bind>
</comp>

<comp id="24" class="1000" name="p_ZZ16UpConv_Fused_RowILi8ELi16ELi16ELi16ELi16EEvP7ap_uintILi256EEPKS1_S4_S4_S4_S_3">
<pin_list>
<pin id="25" dir="1" index="0" bw="1" slack="0"/>
</pin_list>
<bind>
<StgValue><ssdm name="p_ZZ16UpConv_Fused_RowILi8ELi16ELi16ELi16ELi16EEvP7ap_uintILi256EEPKS1_S4_S4_S4_S_3"/><MemPortTyVec>0 3 </MemPortTyVec>
</StgValue>
</bind>
</comp>

<comp id="26" class="1000" name="p_ZZ16UpConv_Fused_RowILi8ELi16ELi16ELi16ELi16EEvP7ap_uintILi256EEPKS1_S4_S4_S4_S_2">
<pin_list>
<pin id="27" dir="1" index="0" bw="1" slack="0"/>
</pin_list>
<bind>
<StgValue><ssdm name="p_ZZ16UpConv_Fused_RowILi8ELi16ELi16ELi16ELi16EEvP7ap_uintILi256EEPKS1_S4_S4_S4_S_2"/><MemPortTyVec>0 3 </MemPortTyVec>
</StgValue>
</bind>
</comp>

<comp id="28" class="1000" name="p_ZZ16UpConv_Fused_RowILi8ELi16ELi16ELi16ELi16EEvP7ap_uintILi256EEPKS1_S4_S4_S4_S_1">
<pin_list>
<pin id="29" dir="1" index="0" bw="1" slack="0"/>
</pin_list>
<bind>
<StgValue><ssdm name="p_ZZ16UpConv_Fused_RowILi8ELi16ELi16ELi16ELi16EEvP7ap_uintILi256EEPKS1_S4_S4_S4_S_1"/><MemPortTyVec>0 3 </MemPortTyVec>
</StgValue>
</bind>
</comp>

<comp id="30" class="1000" name="p_ZZ16UpConv_Fused_RowILi8ELi16ELi16ELi16ELi16EEvP7ap_uintILi256EEPKS1_S4_S4_S4_S">
<pin_list>
<pin id="31" dir="1" index="0" bw="1" slack="0"/>
</pin_list>
<bind>
<StgValue><ssdm name="p_ZZ16UpConv_Fused_RowILi8ELi16ELi16ELi16ELi16EEvP7ap_uintILi256EEPKS1_S4_S4_S4_S"/><MemPortTyVec>0 3 </MemPortTyVec>
</StgValue>
</bind>
</comp>

<comp id="32" class="1001" name="const_32">
<pin_list>
<pin id="33" dir="1" index="0" bw="1" slack="0"/>
</pin_list>
<bind>
<StgValue><ssdm name=""/></StgValue>
</bind>
</comp>

<comp id="34" class="1001" name="const_34">
<pin_list>
<pin id="35" dir="1" index="0" bw="1" slack="2147483647"/>
</pin_list>
<bind>
<StgValue><ssdm name="_ssdm_op_SpecMemCore"/></StgValue>
</bind>
</comp>

<comp id="36" class="1001" name="const_36">
<pin_list>
<pin id="37" dir="1" index="0" bw="1" slack="2147483647"/>
</pin_list>
<bind>
<StgValue><ssdm name=""/></StgValue>
</bind>
</comp>

<comp id="38" class="1001" name="const_38">
<pin_list>
<pin id="39" dir="1" index="0" bw="1" slack="2147483647"/>
</pin_list>
<bind>
<StgValue><ssdm name=""/></StgValue>
</bind>
</comp>

<comp id="40" class="1001" name="const_40">
<pin_list>
<pin id="41" dir="1" index="0" bw="1" slack="2147483647"/>
</pin_list>
<bind>
<StgValue><ssdm name=""/></StgValue>
</bind>
</comp>

<comp id="42" class="1001" name="const_42">
<pin_list>
<pin id="43" dir="1" index="0" bw="1" slack="0"/>
</pin_list>
<bind>
<StgValue><ssdm name=""/></StgValue>
</bind>
</comp>

<comp id="44" class="1001" name="const_44">
<pin_list>
<pin id="45" dir="1" index="0" bw="1" slack="0"/>
</pin_list>
<bind>
<StgValue><ssdm name=""/></StgValue>
</bind>
</comp>

<comp id="46" class="1001" name="const_46">
<pin_list>
<pin id="47" dir="1" index="0" bw="1" slack="0"/>
</pin_list>
<bind>
<StgValue><ssdm name=""/></StgValue>
</bind>
</comp>

<comp id="48" class="1001" name="const_48">
<pin_list>
<pin id="49" dir="1" index="0" bw="1" slack="2147483647"/>
</pin_list>
<bind>
<StgValue><ssdm name="_ssdm_op_SpecPipeline"/></StgValue>
</bind>
</comp>

<comp id="50" class="1001" name="const_50">
<pin_list>
<pin id="51" dir="1" index="0" bw="1" slack="2147483647"/>
</pin_list>
<bind>
<StgValue><ssdm name=""/></StgValue>
</bind>
</comp>

<comp id="52" class="1001" name="const_52">
<pin_list>
<pin id="53" dir="1" index="0" bw="1" slack="2147483647"/>
</pin_list>
<bind>
<StgValue><ssdm name="empty_0"/></StgValue>
</bind>
</comp>

<comp id="54" class="1001" name="const_54">
<pin_list>
<pin id="55" dir="1" index="0" bw="1" slack="2147483647"/>
</pin_list>
<bind>
<StgValue><ssdm name="_ssdm_op_SpecLoopTripCount"/></StgValue>
</bind>
</comp>

<comp id="56" class="1001" name="const_56">
<pin_list>
<pin id="57" dir="1" index="0" bw="1" slack="2147483647"/>
</pin_list>
<bind>
<StgValue><ssdm name=""/></StgValue>
</bind>
</comp>

<comp id="58" class="1001" name="const_58">
<pin_list>
<pin id="59" dir="1" index="0" bw="1" slack="2147483647"/>
</pin_list>
<bind>
<StgValue><ssdm name="_ssdm_op_SpecLoopName"/></StgValue>
</bind>
</comp>

<comp id="60" class="1001" name="const_60">
<pin_list>
<pin id="61" dir="1" index="0" bw="1" slack="2147483647"/>
</pin_list>
<bind>
<StgValue><ssdm name="empty_33"/></StgValue>
</bind>
</comp>

<comp id="62" class="1001" name="const_62">
<pin_list>
<pin id="63" dir="1" index="0" bw="1" slack="0"/>
</pin_list>
<bind>
<StgValue><ssdm name=""/></StgValue>
</bind>
</comp>

<comp id="64" class="1001" name="const_64">
<pin_list>
<pin id="65" dir="1" index="0" bw="1" slack="0"/>
</pin_list>
<bind>
<StgValue><ssdm name=""/></StgValue>
</bind>
</comp>

<comp id="66" class="1004" name="wo_fu_66">
<pin_list>
<pin id="67" dir="0" index="0" bw="1" slack="0"/>
<pin id="68" dir="1" index="1" bw="6" slack="0"/>
</pin_list>
<bind>
<opcode="alloca(26) " fcode="alloca"/>
<opset="wo/1 "/>
</bind>
</comp>

<comp id="70" class="1004" name="void_UpConv_Fused_Row_ap_uint_ap_uint_const_ap_uint_const_ap_uint_const_ap_u_732_gep_fu_70">
<pin_list>
<pin id="71" dir="0" index="0" bw="16" slack="0"/>
<pin id="72" dir="0" index="1" bw="1" slack="0"/>
<pin id="73" dir="0" index="2" bw="6" slack="0"/>
<pin id="74" dir="1" index="3" bw="5" slack="0"/>
</pin_list>
<bind>
<opcode="getelementptr(29) " fcode="getelementptr"/>
<opset="void_UpConv_Fused_Row_ap_uint_ap_uint_const_ap_uint_const_ap_uint_const_ap_u_732/2 "/>
</bind>
</comp>

<comp id="77" class="1004" name="void_UpConv_Fused_Row_ap_uint_ap_uint_const_ap_uint_const_ap_uint_const_ap_u_733_gep_fu_77">
<pin_list>
<pin id="78" dir="0" index="0" bw="16" slack="0"/>
<pin id="79" dir="0" index="1" bw="1" slack="0"/>
<pin id="80" dir="0" index="2" bw="6" slack="0"/>
<pin id="81" dir="1" index="3" bw="5" slack="0"/>
</pin_list>
<bind>
<opcode="getelementptr(29) " fcode="getelementptr"/>
<opset="void_UpConv_Fused_Row_ap_uint_ap_uint_const_ap_uint_const_ap_uint_const_ap_u_733/2 "/>
</bind>
</comp>

<comp id="84" class="1004" name="void_UpConv_Fused_Row_ap_uint_ap_uint_const_ap_uint_const_ap_uint_const_ap_u_734_gep_fu_84">
<pin_list>
<pin id="85" dir="0" index="0" bw="16" slack="0"/>
<pin id="86" dir="0" index="1" bw="1" slack="0"/>
<pin id="87" dir="0" index="2" bw="6" slack="0"/>
<pin id="88" dir="1" index="3" bw="5" slack="0"/>
</pin_list>
<bind>
<opcode="getelementptr(29) " fcode="getelementptr"/>
<opset="void_UpConv_Fused_Row_ap_uint_ap_uint_const_ap_uint_const_ap_uint_const_ap_u_734/2 "/>
</bind>
</comp>

<comp id="91" class="1004" name="void_UpConv_Fused_Row_ap_uint_ap_uint_const_ap_uint_const_ap_uint_const_ap_u_735_gep_fu_91">
<pin_list>
<pin id="92" dir="0" index="0" bw="16" slack="0"/>
<pin id="93" dir="0" index="1" bw="1" slack="0"/>
<pin id="94" dir="0" index="2" bw="6" slack="0"/>
<pin id="95" dir="1" index="3" bw="5" slack="0"/>
</pin_list>
<bind>
<opcode="getelementptr(29) " fcode="getelementptr"/>
<opset="void_UpConv_Fused_Row_ap_uint_ap_uint_const_ap_uint_const_ap_uint_const_ap_u_735/2 "/>
</bind>
</comp>

<comp id="98" class="1004" name="void_UpConv_Fused_Row_ap_uint_ap_uint_const_ap_uint_const_ap_uint_const_ap_u_736_gep_fu_98">
<pin_list>
<pin id="99" dir="0" index="0" bw="16" slack="0"/>
<pin id="100" dir="0" index="1" bw="1" slack="0"/>
<pin id="101" dir="0" index="2" bw="6" slack="0"/>
<pin id="102" dir="1" index="3" bw="5" slack="0"/>
</pin_list>
<bind>
<opcode="getelementptr(29) " fcode="getelementptr"/>
<opset="void_UpConv_Fused_Row_ap_uint_ap_uint_const_ap_uint_const_ap_uint_const_ap_u_736/2 "/>
</bind>
</comp>

<comp id="105" class="1004" name="void_UpConv_Fused_Row_ap_uint_ap_uint_const_ap_uint_const_ap_uint_const_ap_u_737_gep_fu_105">
<pin_list>
<pin id="106" dir="0" index="0" bw="16" slack="0"/>
<pin id="107" dir="0" index="1" bw="1" slack="0"/>
<pin id="108" dir="0" index="2" bw="6" slack="0"/>
<pin id="109" dir="1" index="3" bw="5" slack="0"/>
</pin_list>
<bind>
<opcode="getelementptr(29) " fcode="getelementptr"/>
<opset="void_UpConv_Fused_Row_ap_uint_ap_uint_const_ap_uint_const_ap_uint_const_ap_u_737/2 "/>
</bind>
</comp>

<comp id="112" class="1004" name="void_UpConv_Fused_Row_ap_uint_ap_uint_const_ap_uint_const_ap_uint_const_ap_u_738_gep_fu_112">
<pin_list>
<pin id="113" dir="0" index="0" bw="16" slack="0"/>
<pin id="114" dir="0" index="1" bw="1" slack="0"/>
<pin id="115" dir="0" index="2" bw="6" slack="0"/>
<pin id="116" dir="1" index="3" bw="5" slack="0"/>
</pin_list>
<bind>
<opcode="getelementptr(29) " fcode="getelementptr"/>
<opset="void_UpConv_Fused_Row_ap_uint_ap_uint_const_ap_uint_const_ap_uint_const_ap_u_738/2 "/>
</bind>
</comp>

<comp id="119" class="1004" name="void_UpConv_Fused_Row_ap_uint_ap_uint_const_ap_uint_const_ap_uint_const_ap_u_739_gep_fu_119">
<pin_list>
<pin id="120" dir="0" index="0" bw="16" slack="0"/>
<pin id="121" dir="0" index="1" bw="1" slack="0"/>
<pin id="122" dir="0" index="2" bw="6" slack="0"/>
<pin id="123" dir="1" index="3" bw="5" slack="0"/>
</pin_list>
<bind>
<opcode="getelementptr(29) " fcode="getelementptr"/>
<opset="void_UpConv_Fused_Row_ap_uint_ap_uint_const_ap_uint_const_ap_uint_const_ap_u_739/2 "/>
</bind>
</comp>

<comp id="126" class="1004" name="void_UpConv_Fused_Row_ap_uint_ap_uint_const_ap_uint_const_ap_uint_const_ap_u_740_gep_fu_126">
<pin_list>
<pin id="127" dir="0" index="0" bw="16" slack="0"/>
<pin id="128" dir="0" index="1" bw="1" slack="0"/>
<pin id="129" dir="0" index="2" bw="6" slack="0"/>
<pin id="130" dir="1" index="3" bw="5" slack="0"/>
</pin_list>
<bind>
<opcode="getelementptr(29) " fcode="getelementptr"/>
<opset="void_UpConv_Fused_Row_ap_uint_ap_uint_const_ap_uint_const_ap_uint_const_ap_u_740/2 "/>
</bind>
</comp>

<comp id="133" class="1004" name="void_UpConv_Fused_Row_ap_uint_ap_uint_const_ap_uint_const_ap_uint_const_ap_u_741_gep_fu_133">
<pin_list>
<pin id="134" dir="0" index="0" bw="16" slack="0"/>
<pin id="135" dir="0" index="1" bw="1" slack="0"/>
<pin id="136" dir="0" index="2" bw="6" slack="0"/>
<pin id="137" dir="1" index="3" bw="5" slack="0"/>
</pin_list>
<bind>
<opcode="getelementptr(29) " fcode="getelementptr"/>
<opset="void_UpConv_Fused_Row_ap_uint_ap_uint_const_ap_uint_const_ap_uint_const_ap_u_741/2 "/>
</bind>
</comp>

<comp id="140" class="1004" name="p_ZZ16UpConv_Fused_RowILi8ELi16ELi16ELi16ELi16EEvP7ap_uintILi256EEPKS1_S4_S4_S4_S_6_gep_fu_140">
<pin_list>
<pin id="141" dir="0" index="0" bw="16" slack="0"/>
<pin id="142" dir="0" index="1" bw="1" slack="0"/>
<pin id="143" dir="0" index="2" bw="6" slack="0"/>
<pin id="144" dir="1" index="3" bw="5" slack="0"/>
</pin_list>
<bind>
<opcode="getelementptr(29) " fcode="getelementptr"/>
<opset="p_ZZ16UpConv_Fused_RowILi8ELi16ELi16ELi16ELi16EEvP7ap_uintILi256EEPKS1_S4_S4_S4_S_6/2 "/>
</bind>
</comp>

<comp id="147" class="1004" name="p_ZZ16UpConv_Fused_RowILi8ELi16ELi16ELi16ELi16EEvP7ap_uintILi256EEPKS1_S4_S4_S4_S_7_gep_fu_147">
<pin_list>
<pin id="148" dir="0" index="0" bw="16" slack="0"/>
<pin id="149" dir="0" index="1" bw="1" slack="0"/>
<pin id="150" dir="0" index="2" bw="6" slack="0"/>
<pin id="151" dir="1" index="3" bw="5" slack="0"/>
</pin_list>
<bind>
<opcode="getelementptr(29) " fcode="getelementptr"/>
<opset="p_ZZ16UpConv_Fused_RowILi8ELi16ELi16ELi16ELi16EEvP7ap_uintILi256EEPKS1_S4_S4_S4_S_7/2 "/>
</bind>
</comp>

<comp id="154" class="1004" name="p_ZZ16UpConv_Fused_RowILi8ELi16ELi16ELi16ELi16EEvP7ap_uintILi256EEPKS1_S4_S4_S4_S_8_gep_fu_154">
<pin_list>
<pin id="155" dir="0" index="0" bw="16" slack="0"/>
<pin id="156" dir="0" index="1" bw="1" slack="0"/>
<pin id="157" dir="0" index="2" bw="6" slack="0"/>
<pin id="158" dir="1" index="3" bw="5" slack="0"/>
</pin_list>
<bind>
<opcode="getelementptr(29) " fcode="getelementptr"/>
<opset="p_ZZ16UpConv_Fused_RowILi8ELi16ELi16ELi16ELi16EEvP7ap_uintILi256EEPKS1_S4_S4_S4_S_8/2 "/>
</bind>
</comp>

<comp id="161" class="1004" name="p_ZZ16UpConv_Fused_RowILi8ELi16ELi16ELi16ELi16EEvP7ap_uintILi256EEPKS1_S4_S4_S4_S_9_gep_fu_161">
<pin_list>
<pin id="162" dir="0" index="0" bw="16" slack="0"/>
<pin id="163" dir="0" index="1" bw="1" slack="0"/>
<pin id="164" dir="0" index="2" bw="6" slack="0"/>
<pin id="165" dir="1" index="3" bw="5" slack="0"/>
</pin_list>
<bind>
<opcode="getelementptr(29) " fcode="getelementptr"/>
<opset="p_ZZ16UpConv_Fused_RowILi8ELi16ELi16ELi16ELi16EEvP7ap_uintILi256EEPKS1_S4_S4_S4_S_9/2 "/>
</bind>
</comp>

<comp id="168" class="1004" name="p_ZZ16UpConv_Fused_RowILi8ELi16ELi16ELi16ELi16EEvP7ap_uintILi256EEPKS1_S4_S4_S4_S_10_gep_fu_168">
<pin_list>
<pin id="169" dir="0" index="0" bw="16" slack="0"/>
<pin id="170" dir="0" index="1" bw="1" slack="0"/>
<pin id="171" dir="0" index="2" bw="6" slack="0"/>
<pin id="172" dir="1" index="3" bw="5" slack="0"/>
</pin_list>
<bind>
<opcode="getelementptr(29) " fcode="getelementptr"/>
<opset="p_ZZ16UpConv_Fused_RowILi8ELi16ELi16ELi16ELi16EEvP7ap_uintILi256EEPKS1_S4_S4_S4_S_10/2 "/>
</bind>
</comp>

<comp id="175" class="1004" name="p_ZZ16UpConv_Fused_RowILi8ELi16ELi16ELi16ELi16EEvP7ap_uintILi256EEPKS1_S4_S4_S4_S_11_gep_fu_175">
<pin_list>
<pin id="176" dir="0" index="0" bw="16" slack="0"/>
<pin id="177" dir="0" index="1" bw="1" slack="0"/>
<pin id="178" dir="0" index="2" bw="6" slack="0"/>
<pin id="179" dir="1" index="3" bw="5" slack="0"/>
</pin_list>
<bind>
<opcode="getelementptr(29) " fcode="getelementptr"/>
<opset="p_ZZ16UpConv_Fused_RowILi8ELi16ELi16ELi16ELi16EEvP7ap_uintILi256EEPKS1_S4_S4_S4_S_11/2 "/>
</bind>
</comp>

<comp id="182" class="1004" name="store_ln121_access_fu_182">
<pin_list>
<pin id="183" dir="0" index="0" bw="5" slack="0"/>
<pin id="184" dir="0" index="1" bw="16" slack="0"/>
<pin id="185" dir="0" index="2" bw="0" slack="2147483647"/>
<pin id="186" dir="1" index="3" bw="16" slack="2147483647"/>
</pin_list>
<bind>
<opcode="store(28) " fcode="store"/>
<opset="store_ln121/2 "/>
</bind>
</comp>

<comp id="189" class="1004" name="store_ln121_access_fu_189">
<pin_list>
<pin id="190" dir="0" index="0" bw="5" slack="0"/>
<pin id="191" dir="0" index="1" bw="16" slack="0"/>
<pin id="192" dir="0" index="2" bw="0" slack="2147483647"/>
<pin id="193" dir="1" index="3" bw="16" slack="2147483647"/>
</pin_list>
<bind>
<opcode="store(28) " fcode="store"/>
<opset="store_ln121/2 "/>
</bind>
</comp>

<comp id="196" class="1004" name="store_ln121_access_fu_196">
<pin_list>
<pin id="197" dir="0" index="0" bw="5" slack="0"/>
<pin id="198" dir="0" index="1" bw="16" slack="0"/>
<pin id="199" dir="0" index="2" bw="0" slack="2147483647"/>
<pin id="200" dir="1" index="3" bw="16" slack="2147483647"/>
</pin_list>
<bind>
<opcode="store(28) " fcode="store"/>
<opset="store_ln121/2 "/>
</bind>
</comp>

<comp id="203" class="1004" name="store_ln121_access_fu_203">
<pin_list>
<pin id="204" dir="0" index="0" bw="5" slack="0"/>
<pin id="205" dir="0" index="1" bw="16" slack="0"/>
<pin id="206" dir="0" index="2" bw="0" slack="2147483647"/>
<pin id="207" dir="1" index="3" bw="16" slack="2147483647"/>
</pin_list>
<bind>
<opcode="store(28) " fcode="store"/>
<opset="store_ln121/2 "/>
</bind>
</comp>

<comp id="210" class="1004" name="store_ln121_access_fu_210">
<pin_list>
<pin id="211" dir="0" index="0" bw="5" slack="0"/>
<pin id="212" dir="0" index="1" bw="16" slack="0"/>
<pin id="213" dir="0" index="2" bw="0" slack="2147483647"/>
<pin id="214" dir="1" index="3" bw="16" slack="2147483647"/>
</pin_list>
<bind>
<opcode="store(28) " fcode="store"/>
<opset="store_ln121/2 "/>
</bind>
</comp>

<comp id="217" class="1004" name="store_ln121_access_fu_217">
<pin_list>
<pin id="218" dir="0" index="0" bw="5" slack="0"/>
<pin id="219" dir="0" index="1" bw="16" slack="0"/>
<pin id="220" dir="0" index="2" bw="0" slack="2147483647"/>
<pin id="221" dir="1" index="3" bw="16" slack="2147483647"/>
</pin_list>
<bind>
<opcode="store(28) " fcode="store"/>
<opset="store_ln121/2 "/>
</bind>
</comp>

<comp id="224" class="1004" name="store_ln121_access_fu_224">
<pin_list>
<pin id="225" dir="0" index="0" bw="5" slack="0"/>
<pin id="226" dir="0" index="1" bw="16" slack="0"/>
<pin id="227" dir="0" index="2" bw="0" slack="2147483647"/>
<pin id="228" dir="1" index="3" bw="16" slack="2147483647"/>
</pin_list>
<bind>
<opcode="store(28) " fcode="store"/>
<opset="store_ln121/2 "/>
</bind>
</comp>

<comp id="231" class="1004" name="store_ln121_access_fu_231">
<pin_list>
<pin id="232" dir="0" index="0" bw="5" slack="0"/>
<pin id="233" dir="0" index="1" bw="16" slack="0"/>
<pin id="234" dir="0" index="2" bw="0" slack="2147483647"/>
<pin id="235" dir="1" index="3" bw="16" slack="2147483647"/>
</pin_list>
<bind>
<opcode="store(28) " fcode="store"/>
<opset="store_ln121/2 "/>
</bind>
</comp>

<comp id="238" class="1004" name="store_ln121_access_fu_238">
<pin_list>
<pin id="239" dir="0" index="0" bw="5" slack="0"/>
<pin id="240" dir="0" index="1" bw="16" slack="0"/>
<pin id="241" dir="0" index="2" bw="0" slack="2147483647"/>
<pin id="242" dir="1" index="3" bw="16" slack="2147483647"/>
</pin_list>
<bind>
<opcode="store(28) " fcode="store"/>
<opset="store_ln121/2 "/>
</bind>
</comp>

<comp id="245" class="1004" name="store_ln121_access_fu_245">
<pin_list>
<pin id="246" dir="0" index="0" bw="5" slack="0"/>
<pin id="247" dir="0" index="1" bw="16" slack="0"/>
<pin id="248" dir="0" index="2" bw="0" slack="2147483647"/>
<pin id="249" dir="1" index="3" bw="16" slack="2147483647"/>
</pin_list>
<bind>
<opcode="store(28) " fcode="store"/>
<opset="store_ln121/2 "/>
</bind>
</comp>

<comp id="252" class="1004" name="store_ln121_access_fu_252">
<pin_list>
<pin id="253" dir="0" index="0" bw="5" slack="0"/>
<pin id="254" dir="0" index="1" bw="16" slack="0"/>
<pin id="255" dir="0" index="2" bw="0" slack="2147483647"/>
<pin id="256" dir="1" index="3" bw="16" slack="2147483647"/>
</pin_list>
<bind>
<opcode="store(28) " fcode="store"/>
<opset="store_ln121/2 "/>
</bind>
</comp>

<comp id="259" class="1004" name="store_ln121_access_fu_259">
<pin_list>
<pin id="260" dir="0" index="0" bw="5" slack="0"/>
<pin id="261" dir="0" index="1" bw="16" slack="0"/>
<pin id="262" dir="0" index="2" bw="0" slack="2147483647"/>
<pin id="263" dir="1" index="3" bw="16" slack="2147483647"/>
</pin_list>
<bind>
<opcode="store(28) " fcode="store"/>
<opset="store_ln121/2 "/>
</bind>
</comp>

<comp id="266" class="1004" name="store_ln121_access_fu_266">
<pin_list>
<pin id="267" dir="0" index="0" bw="5" slack="0"/>
<pin id="268" dir="0" index="1" bw="16" slack="0"/>
<pin id="269" dir="0" index="2" bw="0" slack="2147483647"/>
<pin id="270" dir="1" index="3" bw="16" slack="2147483647"/>
</pin_list>
<bind>
<opcode="store(28) " fcode="store"/>
<opset="store_ln121/2 "/>
</bind>
</comp>

<comp id="273" class="1004" name="store_ln121_access_fu_273">
<pin_list>
<pin id="274" dir="0" index="0" bw="5" slack="0"/>
<pin id="275" dir="0" index="1" bw="16" slack="0"/>
<pin id="276" dir="0" index="2" bw="0" slack="2147483647"/>
<pin id="277" dir="1" index="3" bw="16" slack="2147483647"/>
</pin_list>
<bind>
<opcode="store(28) " fcode="store"/>
<opset="store_ln121/2 "/>
</bind>
</comp>

<comp id="280" class="1004" name="store_ln121_access_fu_280">
<pin_list>
<pin id="281" dir="0" index="0" bw="5" slack="0"/>
<pin id="282" dir="0" index="1" bw="16" slack="0"/>
<pin id="283" dir="0" index="2" bw="0" slack="2147483647"/>
<pin id="284" dir="1" index="3" bw="16" slack="2147483647"/>
</pin_list>
<bind>
<opcode="store(28) " fcode="store"/>
<opset="store_ln121/2 "/>
</bind>
</comp>

<comp id="287" class="1004" name="store_ln121_access_fu_287">
<pin_list>
<pin id="288" dir="0" index="0" bw="5" slack="0"/>
<pin id="289" dir="0" index="1" bw="16" slack="0"/>
<pin id="290" dir="0" index="2" bw="0" slack="2147483647"/>
<pin id="291" dir="1" index="3" bw="16" slack="2147483647"/>
</pin_list>
<bind>
<opcode="store(28) " fcode="store"/>
<opset="store_ln121/2 "/>
</bind>
</comp>

<comp id="294" class="1004" name="store_ln117_store_fu_294">
<pin_list>
<pin id="295" dir="0" index="0" bw="1" slack="0"/>
<pin id="296" dir="0" index="1" bw="6" slack="0"/>
<pin id="297" dir="1" index="2" bw="0" slack="2147483647"/>
</pin_list>
<bind>
<opcode="store(28) " fcode="store"/>
<opset="store_ln117/1 "/>
</bind>
</comp>

<comp id="299" class="1004" name="wo_6_load_fu_299">
<pin_list>
<pin id="300" dir="0" index="0" bw="6" slack="0"/>
<pin id="301" dir="1" index="1" bw="6" slack="0"/>
</pin_list>
<bind>
<opcode="load(27) " fcode="load"/>
<opset="wo_6/1 "/>
</bind>
</comp>

<comp id="302" class="1004" name="icmp_ln117_fu_302">
<pin_list>
<pin id="303" dir="0" index="0" bw="6" slack="0"/>
<pin id="304" dir="0" index="1" bw="6" slack="0"/>
<pin id="305" dir="1" index="2" bw="1" slack="2147483647"/>
</pin_list>
<bind>
<opcode="icmp(45) " fcode="icmp"/>
<opset="icmp_ln117/1 "/>
</bind>
</comp>

<comp id="308" class="1004" name="add_ln117_fu_308">
<pin_list>
<pin id="309" dir="0" index="0" bw="6" slack="0"/>
<pin id="310" dir="0" index="1" bw="1" slack="0"/>
<pin id="311" dir="1" index="2" bw="6" slack="0"/>
</pin_list>
<bind>
<opcode="add(8) " fcode="add"/>
<opset="add_ln117/1 "/>
</bind>
</comp>

<comp id="314" class="1004" name="store_ln117_store_fu_314">
<pin_list>
<pin id="315" dir="0" index="0" bw="6" slack="0"/>
<pin id="316" dir="0" index="1" bw="6" slack="0"/>
<pin id="317" dir="1" index="2" bw="0" slack="2147483647"/>
</pin_list>
<bind>
<opcode="store(28) " fcode="store"/>
<opset="store_ln117/1 "/>
</bind>
</comp>

<comp id="319" class="1004" name="zext_ln117_fu_319">
<pin_list>
<pin id="320" dir="0" index="0" bw="6" slack="1"/>
<pin id="321" dir="1" index="1" bw="64" slack="0"/>
</pin_list>
<bind>
<opcode="zext(34) " fcode="zext"/>
<opset="zext_ln117/2 "/>
</bind>
</comp>

<comp id="338" class="1005" name="wo_reg_338">
<pin_list>
<pin id="339" dir="0" index="0" bw="6" slack="0"/>
<pin id="340" dir="1" index="1" bw="6" slack="0"/>
</pin_list>
<bind>
<opset="wo "/>
</bind>
</comp>

<comp id="345" class="1005" name="wo_6_reg_345">
<pin_list>
<pin id="346" dir="0" index="0" bw="6" slack="1"/>
<pin id="347" dir="1" index="1" bw="6" slack="1"/>
</pin_list>
<bind>
<opset="wo_6 "/>
</bind>
</comp>

</comp_list>

<net_list>
<net id="69"><net_src comp="32" pin="0"/><net_sink comp="66" pin=0"/></net>

<net id="75"><net_src comp="0" pin="0"/><net_sink comp="70" pin=0"/></net>

<net id="76"><net_src comp="62" pin="0"/><net_sink comp="70" pin=1"/></net>

<net id="82"><net_src comp="2" pin="0"/><net_sink comp="77" pin=0"/></net>

<net id="83"><net_src comp="62" pin="0"/><net_sink comp="77" pin=1"/></net>

<net id="89"><net_src comp="4" pin="0"/><net_sink comp="84" pin=0"/></net>

<net id="90"><net_src comp="62" pin="0"/><net_sink comp="84" pin=1"/></net>

<net id="96"><net_src comp="6" pin="0"/><net_sink comp="91" pin=0"/></net>

<net id="97"><net_src comp="62" pin="0"/><net_sink comp="91" pin=1"/></net>

<net id="103"><net_src comp="8" pin="0"/><net_sink comp="98" pin=0"/></net>

<net id="104"><net_src comp="62" pin="0"/><net_sink comp="98" pin=1"/></net>

<net id="110"><net_src comp="10" pin="0"/><net_sink comp="105" pin=0"/></net>

<net id="111"><net_src comp="62" pin="0"/><net_sink comp="105" pin=1"/></net>

<net id="117"><net_src comp="12" pin="0"/><net_sink comp="112" pin=0"/></net>

<net id="118"><net_src comp="62" pin="0"/><net_sink comp="112" pin=1"/></net>

<net id="124"><net_src comp="14" pin="0"/><net_sink comp="119" pin=0"/></net>

<net id="125"><net_src comp="62" pin="0"/><net_sink comp="119" pin=1"/></net>

<net id="131"><net_src comp="16" pin="0"/><net_sink comp="126" pin=0"/></net>

<net id="132"><net_src comp="62" pin="0"/><net_sink comp="126" pin=1"/></net>

<net id="138"><net_src comp="18" pin="0"/><net_sink comp="133" pin=0"/></net>

<net id="139"><net_src comp="62" pin="0"/><net_sink comp="133" pin=1"/></net>

<net id="145"><net_src comp="20" pin="0"/><net_sink comp="140" pin=0"/></net>

<net id="146"><net_src comp="62" pin="0"/><net_sink comp="140" pin=1"/></net>

<net id="152"><net_src comp="22" pin="0"/><net_sink comp="147" pin=0"/></net>

<net id="153"><net_src comp="62" pin="0"/><net_sink comp="147" pin=1"/></net>

<net id="159"><net_src comp="24" pin="0"/><net_sink comp="154" pin=0"/></net>

<net id="160"><net_src comp="62" pin="0"/><net_sink comp="154" pin=1"/></net>

<net id="166"><net_src comp="26" pin="0"/><net_sink comp="161" pin=0"/></net>

<net id="167"><net_src comp="62" pin="0"/><net_sink comp="161" pin=1"/></net>

<net id="173"><net_src comp="28" pin="0"/><net_sink comp="168" pin=0"/></net>

<net id="174"><net_src comp="62" pin="0"/><net_sink comp="168" pin=1"/></net>

<net id="180"><net_src comp="30" pin="0"/><net_sink comp="175" pin=0"/></net>

<net id="181"><net_src comp="62" pin="0"/><net_sink comp="175" pin=1"/></net>

<net id="187"><net_src comp="64" pin="0"/><net_sink comp="182" pin=1"/></net>

<net id="188"><net_src comp="70" pin="3"/><net_sink comp="182" pin=0"/></net>

<net id="194"><net_src comp="64" pin="0"/><net_sink comp="189" pin=1"/></net>

<net id="195"><net_src comp="77" pin="3"/><net_sink comp="189" pin=0"/></net>

<net id="201"><net_src comp="64" pin="0"/><net_sink comp="196" pin=1"/></net>

<net id="202"><net_src comp="84" pin="3"/><net_sink comp="196" pin=0"/></net>

<net id="208"><net_src comp="64" pin="0"/><net_sink comp="203" pin=1"/></net>

<net id="209"><net_src comp="91" pin="3"/><net_sink comp="203" pin=0"/></net>

<net id="215"><net_src comp="64" pin="0"/><net_sink comp="210" pin=1"/></net>

<net id="216"><net_src comp="98" pin="3"/><net_sink comp="210" pin=0"/></net>

<net id="222"><net_src comp="64" pin="0"/><net_sink comp="217" pin=1"/></net>

<net id="223"><net_src comp="105" pin="3"/><net_sink comp="217" pin=0"/></net>

<net id="229"><net_src comp="64" pin="0"/><net_sink comp="224" pin=1"/></net>

<net id="230"><net_src comp="112" pin="3"/><net_sink comp="224" pin=0"/></net>

<net id="236"><net_src comp="64" pin="0"/><net_sink comp="231" pin=1"/></net>

<net id="237"><net_src comp="119" pin="3"/><net_sink comp="231" pin=0"/></net>

<net id="243"><net_src comp="64" pin="0"/><net_sink comp="238" pin=1"/></net>

<net id="244"><net_src comp="126" pin="3"/><net_sink comp="238" pin=0"/></net>

<net id="250"><net_src comp="64" pin="0"/><net_sink comp="245" pin=1"/></net>

<net id="251"><net_src comp="133" pin="3"/><net_sink comp="245" pin=0"/></net>

<net id="257"><net_src comp="64" pin="0"/><net_sink comp="252" pin=1"/></net>

<net id="258"><net_src comp="140" pin="3"/><net_sink comp="252" pin=0"/></net>

<net id="264"><net_src comp="64" pin="0"/><net_sink comp="259" pin=1"/></net>

<net id="265"><net_src comp="147" pin="3"/><net_sink comp="259" pin=0"/></net>

<net id="271"><net_src comp="64" pin="0"/><net_sink comp="266" pin=1"/></net>

<net id="272"><net_src comp="154" pin="3"/><net_sink comp="266" pin=0"/></net>

<net id="278"><net_src comp="64" pin="0"/><net_sink comp="273" pin=1"/></net>

<net id="279"><net_src comp="161" pin="3"/><net_sink comp="273" pin=0"/></net>

<net id="285"><net_src comp="64" pin="0"/><net_sink comp="280" pin=1"/></net>

<net id="286"><net_src comp="168" pin="3"/><net_sink comp="280" pin=0"/></net>

<net id="292"><net_src comp="64" pin="0"/><net_sink comp="287" pin=1"/></net>

<net id="293"><net_src comp="175" pin="3"/><net_sink comp="287" pin=0"/></net>

<net id="298"><net_src comp="42" pin="0"/><net_sink comp="294" pin=0"/></net>

<net id="306"><net_src comp="299" pin="1"/><net_sink comp="302" pin=0"/></net>

<net id="307"><net_src comp="44" pin="0"/><net_sink comp="302" pin=1"/></net>

<net id="312"><net_src comp="299" pin="1"/><net_sink comp="308" pin=0"/></net>

<net id="313"><net_src comp="46" pin="0"/><net_sink comp="308" pin=1"/></net>

<net id="318"><net_src comp="308" pin="2"/><net_sink comp="314" pin=0"/></net>

<net id="322"><net_src comp="319" pin="1"/><net_sink comp="70" pin=2"/></net>

<net id="323"><net_src comp="319" pin="1"/><net_sink comp="77" pin=2"/></net>

<net id="324"><net_src comp="319" pin="1"/><net_sink comp="84" pin=2"/></net>

<net id="325"><net_src comp="319" pin="1"/><net_sink comp="91" pin=2"/></net>

<net id="326"><net_src comp="319" pin="1"/><net_sink comp="98" pin=2"/></net>

<net id="327"><net_src comp="319" pin="1"/><net_sink comp="105" pin=2"/></net>

<net id="328"><net_src comp="319" pin="1"/><net_sink comp="112" pin=2"/></net>

<net id="329"><net_src comp="319" pin="1"/><net_sink comp="119" pin=2"/></net>

<net id="330"><net_src comp="319" pin="1"/><net_sink comp="126" pin=2"/></net>

<net id="331"><net_src comp="319" pin="1"/><net_sink comp="133" pin=2"/></net>

<net id="332"><net_src comp="319" pin="1"/><net_sink comp="140" pin=2"/></net>

<net id="333"><net_src comp="319" pin="1"/><net_sink comp="147" pin=2"/></net>

<net id="334"><net_src comp="319" pin="1"/><net_sink comp="154" pin=2"/></net>

<net id="335"><net_src comp="319" pin="1"/><net_sink comp="161" pin=2"/></net>

<net id="336"><net_src comp="319" pin="1"/><net_sink comp="168" pin=2"/></net>

<net id="337"><net_src comp="319" pin="1"/><net_sink comp="175" pin=2"/></net>

<net id="341"><net_src comp="66" pin="1"/><net_sink comp="338" pin=0"/></net>

<net id="342"><net_src comp="338" pin="1"/><net_sink comp="294" pin=1"/></net>

<net id="343"><net_src comp="338" pin="1"/><net_sink comp="299" pin=0"/></net>

<net id="344"><net_src comp="338" pin="1"/><net_sink comp="314" pin=1"/></net>

<net id="348"><net_src comp="299" pin="1"/><net_sink comp="345" pin=0"/></net>

<net id="349"><net_src comp="345" pin="1"/><net_sink comp="319" pin=0"/></net>

</net_list>

</model> 
---------------- Datapath Model END ------------------

* FSMD analyzer results:
  - Output states:
	Port: void_UpConv_Fused_Row_ap_uint_ap_uint_const_ap_uint_const_ap_uint_const_ap_u_39 | {2 }
	Port: void_UpConv_Fused_Row_ap_uint_ap_uint_const_ap_uint_const_ap_uint_const_ap_u_38 | {2 }
	Port: void_UpConv_Fused_Row_ap_uint_ap_uint_const_ap_uint_const_ap_uint_const_ap_u_37 | {2 }
	Port: void_UpConv_Fused_Row_ap_uint_ap_uint_const_ap_uint_const_ap_uint_const_ap_u_36 | {2 }
	Port: void_UpConv_Fused_Row_ap_uint_ap_uint_const_ap_uint_const_ap_uint_const_ap_u_35 | {2 }
	Port: void_UpConv_Fused_Row_ap_uint_ap_uint_const_ap_uint_const_ap_uint_const_ap_u_34 | {2 }
	Port: void_UpConv_Fused_Row_ap_uint_ap_uint_const_ap_uint_const_ap_uint_const_ap_u_33 | {2 }
	Port: void_UpConv_Fused_Row_ap_uint_ap_uint_const_ap_uint_const_ap_uint_const_ap_u_32 | {2 }
	Port: void_UpConv_Fused_Row_ap_uint_ap_uint_const_ap_uint_const_ap_uint_const_ap_u_31 | {2 }
	Port: void_UpConv_Fused_Row_ap_uint_ap_uint_const_ap_uint_const_ap_uint_const_ap_u_30 | {2 }
	Port: p_ZZ16UpConv_Fused_RowILi8ELi16ELi16ELi16ELi16EEvP7ap_uintILi256EEPKS1_S4_S4_S4_S_5 | {2 }
	Port: p_ZZ16UpConv_Fused_RowILi8ELi16ELi16ELi16ELi16EEvP7ap_uintILi256EEPKS1_S4_S4_S4_S_4 | {2 }
	Port: p_ZZ16UpConv_Fused_RowILi8ELi16ELi16ELi16ELi16EEvP7ap_uintILi256EEPKS1_S4_S4_S4_S_3 | {2 }
	Port: p_ZZ16UpConv_Fused_RowILi8ELi16ELi16ELi16ELi16EEvP7ap_uintILi256EEPKS1_S4_S4_S4_S_2 | {2 }
	Port: p_ZZ16UpConv_Fused_RowILi8ELi16ELi16ELi16ELi16EEvP7ap_uintILi256EEPKS1_S4_S4_S4_S_1 | {2 }
	Port: p_ZZ16UpConv_Fused_RowILi8ELi16ELi16ELi16ELi16EEvP7ap_uintILi256EEPKS1_S4_S4_S4_S | {2 }
 - Input state : 
	Port: UpConv_Fused_Row<8, 16, 16, 16, 16>_Pipeline_RESET_ROW_ACC : void_UpConv_Fused_Row_ap_uint_ap_uint_const_ap_uint_const_ap_uint_const_ap_u_39 | {}
	Port: UpConv_Fused_Row<8, 16, 16, 16, 16>_Pipeline_RESET_ROW_ACC : void_UpConv_Fused_Row_ap_uint_ap_uint_const_ap_uint_const_ap_uint_const_ap_u_38 | {}
	Port: UpConv_Fused_Row<8, 16, 16, 16, 16>_Pipeline_RESET_ROW_ACC : void_UpConv_Fused_Row_ap_uint_ap_uint_const_ap_uint_const_ap_uint_const_ap_u_37 | {}
	Port: UpConv_Fused_Row<8, 16, 16, 16, 16>_Pipeline_RESET_ROW_ACC : void_UpConv_Fused_Row_ap_uint_ap_uint_const_ap_uint_const_ap_uint_const_ap_u_36 | {}
	Port: UpConv_Fused_Row<8, 16, 16, 16, 16>_Pipeline_RESET_ROW_ACC : void_UpConv_Fused_Row_ap_uint_ap_uint_const_ap_uint_const_ap_uint_const_ap_u_35 | {}
	Port: UpConv_Fused_Row<8, 16, 16, 16, 16>_Pipeline_RESET_ROW_ACC : void_UpConv_Fused_Row_ap_uint_ap_uint_const_ap_uint_const_ap_uint_const_ap_u_34 | {}
	Port: UpConv_Fused_Row<8, 16, 16, 16, 16>_Pipeline_RESET_ROW_ACC : void_UpConv_Fused_Row_ap_uint_ap_uint_const_ap_uint_const_ap_uint_const_ap_u_33 | {}
	Port: UpConv_Fused_Row<8, 16, 16, 16, 16>_Pipeline_RESET_ROW_ACC : void_UpConv_Fused_Row_ap_uint_ap_uint_const_ap_uint_const_ap_uint_const_ap_u_32 | {}
	Port: UpConv_Fused_Row<8, 16, 16, 16, 16>_Pipeline_RESET_ROW_ACC : void_UpConv_Fused_Row_ap_uint_ap_uint_const_ap_uint_const_ap_uint_const_ap_u_31 | {}
	Port: UpConv_Fused_Row<8, 16, 16, 16, 16>_Pipeline_RESET_ROW_ACC : void_UpConv_Fused_Row_ap_uint_ap_uint_const_ap_uint_const_ap_uint_const_ap_u_30 | {}
	Port: UpConv_Fused_Row<8, 16, 16, 16, 16>_Pipeline_RESET_ROW_ACC : p_ZZ16UpConv_Fused_RowILi8ELi16ELi16ELi16ELi16EEvP7ap_uintILi256EEPKS1_S4_S4_S4_S_5 | {}
	Port: UpConv_Fused_Row<8, 16, 16, 16, 16>_Pipeline_RESET_ROW_ACC : p_ZZ16UpConv_Fused_RowILi8ELi16ELi16ELi16ELi16EEvP7ap_uintILi256EEPKS1_S4_S4_S4_S_4 | {}
	Port: UpConv_Fused_Row<8, 16, 16, 16, 16>_Pipeline_RESET_ROW_ACC : p_ZZ16UpConv_Fused_RowILi8ELi16ELi16ELi16ELi16EEvP7ap_uintILi256EEPKS1_S4_S4_S4_S_3 | {}
	Port: UpConv_Fused_Row<8, 16, 16, 16, 16>_Pipeline_RESET_ROW_ACC : p_ZZ16UpConv_Fused_RowILi8ELi16ELi16ELi16ELi16EEvP7ap_uintILi256EEPKS1_S4_S4_S4_S_2 | {}
	Port: UpConv_Fused_Row<8, 16, 16, 16, 16>_Pipeline_RESET_ROW_ACC : p_ZZ16UpConv_Fused_RowILi8ELi16ELi16ELi16ELi16EEvP7ap_uintILi256EEPKS1_S4_S4_S4_S_1 | {}
	Port: UpConv_Fused_Row<8, 16, 16, 16, 16>_Pipeline_RESET_ROW_ACC : p_ZZ16UpConv_Fused_RowILi8ELi16ELi16ELi16ELi16EEvP7ap_uintILi256EEPKS1_S4_S4_S4_S | {}
  - Chain level:
	State 1
		store_ln117 : 1
		wo_6 : 1
		icmp_ln117 : 2
		add_ln117 : 2
		br_ln117 : 3
		store_ln117 : 3
	State 2
		void_UpConv_Fused_Row_ap_uint_ap_uint_const_ap_uint_const_ap_uint_const_ap_u_732 : 1
		void_UpConv_Fused_Row_ap_uint_ap_uint_const_ap_uint_const_ap_uint_const_ap_u_733 : 1
		void_UpConv_Fused_Row_ap_uint_ap_uint_const_ap_uint_const_ap_uint_const_ap_u_734 : 1
		void_UpConv_Fused_Row_ap_uint_ap_uint_const_ap_uint_const_ap_uint_const_ap_u_735 : 1
		void_UpConv_Fused_Row_ap_uint_ap_uint_const_ap_uint_const_ap_uint_const_ap_u_736 : 1
		void_UpConv_Fused_Row_ap_uint_ap_uint_const_ap_uint_const_ap_uint_const_ap_u_737 : 1
		void_UpConv_Fused_Row_ap_uint_ap_uint_const_ap_uint_const_ap_uint_const_ap_u_738 : 1
		void_UpConv_Fused_Row_ap_uint_ap_uint_const_ap_uint_const_ap_uint_const_ap_u_739 : 1
		void_UpConv_Fused_Row_ap_uint_ap_uint_const_ap_uint_const_ap_uint_const_ap_u_740 : 1
		void_UpConv_Fused_Row_ap_uint_ap_uint_const_ap_uint_const_ap_uint_const_ap_u_741 : 1
		p_ZZ16UpConv_Fused_RowILi8ELi16ELi16ELi16ELi16EEvP7ap_uintILi256EEPKS1_S4_S4_S4_S_6 : 1
		p_ZZ16UpConv_Fused_RowILi8ELi16ELi16ELi16ELi16EEvP7ap_uintILi256EEPKS1_S4_S4_S4_S_7 : 1
		p_ZZ16UpConv_Fused_RowILi8ELi16ELi16ELi16ELi16EEvP7ap_uintILi256EEPKS1_S4_S4_S4_S_8 : 1
		p_ZZ16UpConv_Fused_RowILi8ELi16ELi16ELi16ELi16EEvP7ap_uintILi256EEPKS1_S4_S4_S4_S_9 : 1
		p_ZZ16UpConv_Fused_RowILi8ELi16ELi16ELi16ELi16EEvP7ap_uintILi256EEPKS1_S4_S4_S4_S_10 : 1
		p_ZZ16UpConv_Fused_RowILi8ELi16ELi16ELi16ELi16EEvP7ap_uintILi256EEPKS1_S4_S4_S4_S_11 : 1
		store_ln121 : 2
		store_ln121 : 2
		store_ln121 : 2
		store_ln121 : 2
		store_ln121 : 2
		store_ln121 : 2
		store_ln121 : 2
		store_ln121 : 2
		store_ln121 : 2
		store_ln121 : 2
		store_ln121 : 2
		store_ln121 : 2
		store_ln121 : 2
		store_ln121 : 2
		store_ln121 : 2
		store_ln121 : 2


============================================================
+ Verbose Summary: Datapath Resource usage 
============================================================

* Functional unit list:
|----------|-------------------|---------|---------|
| Operation|  Functional Unit  |    FF   |   LUT   |
|----------|-------------------|---------|---------|
|   icmp   | icmp_ln117_fu_302 |    0    |    13   |
|----------|-------------------|---------|---------|
|    add   |  add_ln117_fu_308 |    0    |    13   |
|----------|-------------------|---------|---------|
|   zext   | zext_ln117_fu_319 |    0    |    0    |
|----------|-------------------|---------|---------|
|   Total  |                   |    0    |    26   |
|----------|-------------------|---------|---------|

Memories:
N/A

* Register list:
+------------+--------+
|            |   FF   |
+------------+--------+
|wo_6_reg_345|    6   |
| wo_reg_338 |    6   |
+------------+--------+
|    Total   |   12   |
+------------+--------+

* Multiplexer (MUX) list: 
|--------|------|------|------|--------|
|  Comp  |  Pin | Size |  BW  | S x BW |
|--------|------|------|------|--------|
|  Total |      |      |      |    0   |
|--------|------|------|------|--------|



* Summary:
+-----------+--------+--------+
|           |   FF   |   LUT  |
+-----------+--------+--------+
|  Function |    0   |   26   |
|   Memory  |    -   |    -   |
|Multiplexer|    -   |    -   |
|  Register |   12   |    -   |
+-----------+--------+--------+
|   Total   |   12   |   26   |
+-----------+--------+--------+
