/home/hoinguyen/Documents/Vitis/UpConv_HLS/upconv_core/upconv_core_top/hls/.autopilot/db/upconv_core_top.pp.0.cpp:2265:5: warning: Added loop label VITIS_LOOP_676_1:   [xilinx-label-all-loops]
    for (unsigned i = low; i != high+1; ++i) {
    ^~~
    VITIS_LOOP_676_1: 
/home/hoinguyen/Documents/Vitis/UpConv_HLS/upconv_core/upconv_core_top/hls/.autopilot/db/upconv_core_top.pp.0.cpp:2265:5: note: FIX-IT applied suggested code changes
/home/hoinguyen/Documents/Vitis/UpConv_HLS/upconv_core/upconv_core_top/hls/.autopilot/db/upconv_core_top.pp.0.cpp:2279:5: warning: Added loop label VITIS_LOOP_690_1:   [xilinx-label-all-loops]
    for (unsigned i = low; i != high+1; ++i) {
    ^~~
    VITIS_LOOP_690_1: 
/home/hoinguyen/Documents/Vitis/UpConv_HLS/upconv_core/upconv_core_top/hls/.autopilot/db/upconv_core_top.pp.0.cpp:2279:5: note: FIX-IT applied suggested code changes
/home/hoinguyen/Documents/Vitis/UpConv_HLS/upconv_core/upconv_core_top/hls/.autopilot/db/upconv_core_top.pp.0.cpp:2293:5: warning: Added loop label VITIS_LOOP_704_1:   [xilinx-label-all-loops]
    for (unsigned i = low; i != high+1; ++i) {
    ^~~
    VITIS_LOOP_704_1: 
/home/hoinguyen/Documents/Vitis/UpConv_HLS/upconv_core/upconv_core_top/hls/.autopilot/db/upconv_core_top.pp.0.cpp:2293:5: note: FIX-IT applied suggested code changes
/home/hoinguyen/Documents/Vitis/UpConv_HLS/upconv_core/upconv_core_top/hls/.autopilot/db/upconv_core_top.pp.0.cpp:3927:7: warning: Added loop label VITIS_LOOP_1248_1:   [xilinx-label-all-loops]
      for (i = 0; i < __N - 1; ++i) {
      ^~~
      VITIS_LOOP_1248_1: 
/home/hoinguyen/Documents/Vitis/UpConv_HLS/upconv_core/upconv_core_top/hls/.autopilot/db/upconv_core_top.pp.0.cpp:3927:7: note: FIX-IT applied suggested code changes
/home/hoinguyen/Documents/Vitis/UpConv_HLS/upconv_core/upconv_core_top/hls/.autopilot/db/upconv_core_top.pp.0.cpp:15780:72: error: Invalid Directive: for current device, ROM_1P + LUTRAM is invalid combination for BIND_STORAGE's option 'type + impl' [clang-diagnostic-error]
#pragma HLS BIND_STORAGE variable=fourth_order_double::sin_cos_K0 type=ROM_1P impl=LUTRAM
                                                                       ^
/home/hoinguyen/Documents/Vitis/UpConv_HLS/upconv_core/upconv_core_top/hls/.autopilot/db/upconv_core_top.pp.0.cpp:15781:72: error: Invalid Directive: for current device, ROM_1P + LUTRAM is invalid combination for BIND_STORAGE's option 'type + impl' [clang-diagnostic-error]
#pragma HLS BIND_STORAGE variable=fourth_order_double::sin_cos_K1 type=ROM_1P impl=LUTRAM
                                                                       ^
/home/hoinguyen/Documents/Vitis/UpConv_HLS/upconv_core/upconv_core_top/hls/.autopilot/db/upconv_core_top.pp.0.cpp:15782:72: error: Invalid Directive: for current device, ROM_1P + LUTRAM is invalid combination for BIND_STORAGE's option 'type + impl' [clang-diagnostic-error]
#pragma HLS BIND_STORAGE variable=fourth_order_double::sin_cos_K2 type=ROM_1P impl=LUTRAM
                                                                       ^
/home/hoinguyen/Documents/Vitis/UpConv_HLS/upconv_core/upconv_core_top/hls/.autopilot/db/upconv_core_top.pp.0.cpp:15783:72: error: Invalid Directive: for current device, ROM_1P + LUTRAM is invalid combination for BIND_STORAGE's option 'type + impl' [clang-diagnostic-error]
#pragma HLS BIND_STORAGE variable=fourth_order_double::sin_cos_K3 type=ROM_1P impl=LUTRAM
                                                                       ^
/home/hoinguyen/Documents/Vitis/UpConv_HLS/upconv_core/upconv_core_top/hls/.autopilot/db/upconv_core_top.pp.0.cpp:15784:72: error: Invalid Directive: for current device, ROM_1P + LUTRAM is invalid combination for BIND_STORAGE's option 'type + impl' [clang-diagnostic-error]
#pragma HLS BIND_STORAGE variable=fourth_order_double::sin_cos_K4 type=ROM_1P impl=LUTRAM
                                                                       ^
/home/hoinguyen/Documents/Vitis/UpConv_HLS/upconv_core/upconv_core_top/hls/.autopilot/db/upconv_core_top.pp.0.cpp:15814:68: error: Invalid Directive: for current device, ROM_1P + LUTRAM is invalid combination for BIND_STORAGE's option 'type + impl' [clang-diagnostic-error]
#pragma HLS BIND_STORAGE variable=fourth_order_double::cos_K0 type=ROM_1P impl=LUTRAM
                                                                   ^
/home/hoinguyen/Documents/Vitis/UpConv_HLS/upconv_core/upconv_core_top/hls/.autopilot/db/upconv_core_top.pp.0.cpp:15815:68: error: Invalid Directive: for current device, ROM_1P + LUTRAM is invalid combination for BIND_STORAGE's option 'type + impl' [clang-diagnostic-error]
#pragma HLS BIND_STORAGE variable=fourth_order_double::cos_K1 type=ROM_1P impl=LUTRAM
                                                                   ^
/home/hoinguyen/Documents/Vitis/UpConv_HLS/upconv_core/upconv_core_top/hls/.autopilot/db/upconv_core_top.pp.0.cpp:15816:68: error: Invalid Directive: for current device, ROM_1P + LUTRAM is invalid combination for BIND_STORAGE's option 'type + impl' [clang-diagnostic-error]
#pragma HLS BIND_STORAGE variable=fourth_order_double::cos_K2 type=ROM_1P impl=LUTRAM
                                                                   ^
/home/hoinguyen/Documents/Vitis/UpConv_HLS/upconv_core/upconv_core_top/hls/.autopilot/db/upconv_core_top.pp.0.cpp:15817:68: error: Invalid Directive: for current device, ROM_1P + LUTRAM is invalid combination for BIND_STORAGE's option 'type + impl' [clang-diagnostic-error]
#pragma HLS BIND_STORAGE variable=fourth_order_double::cos_K3 type=ROM_1P impl=LUTRAM
                                                                   ^
/home/hoinguyen/Documents/Vitis/UpConv_HLS/upconv_core/upconv_core_top/hls/.autopilot/db/upconv_core_top.pp.0.cpp:15818:68: error: Invalid Directive: for current device, ROM_1P + LUTRAM is invalid combination for BIND_STORAGE's option 'type + impl' [clang-diagnostic-error]
#pragma HLS BIND_STORAGE variable=fourth_order_double::cos_K4 type=ROM_1P impl=LUTRAM
                                                                   ^
/home/hoinguyen/Documents/Vitis/UpConv_HLS/upconv_core/upconv_core_top/hls/.autopilot/db/upconv_core_top.pp.0.cpp:15819:68: error: Invalid Directive: for current device, ROM_1P + LUTRAM is invalid combination for BIND_STORAGE's option 'type + impl' [clang-diagnostic-error]
#pragma HLS BIND_STORAGE variable=fourth_order_double::sin_K0 type=ROM_1P impl=LUTRAM
                                                                   ^
/home/hoinguyen/Documents/Vitis/UpConv_HLS/upconv_core/upconv_core_top/hls/.autopilot/db/upconv_core_top.pp.0.cpp:15820:68: error: Invalid Directive: for current device, ROM_1P + LUTRAM is invalid combination for BIND_STORAGE's option 'type + impl' [clang-diagnostic-error]
#pragma HLS BIND_STORAGE variable=fourth_order_double::sin_K1 type=ROM_1P impl=LUTRAM
                                                                   ^
/home/hoinguyen/Documents/Vitis/UpConv_HLS/upconv_core/upconv_core_top/hls/.autopilot/db/upconv_core_top.pp.0.cpp:15821:68: error: Invalid Directive: for current device, ROM_1P + LUTRAM is invalid combination for BIND_STORAGE's option 'type + impl' [clang-diagnostic-error]
#pragma HLS BIND_STORAGE variable=fourth_order_double::sin_K2 type=ROM_1P impl=LUTRAM
                                                                   ^
/home/hoinguyen/Documents/Vitis/UpConv_HLS/upconv_core/upconv_core_top/hls/.autopilot/db/upconv_core_top.pp.0.cpp:15822:68: error: Invalid Directive: for current device, ROM_1P + LUTRAM is invalid combination for BIND_STORAGE's option 'type + impl' [clang-diagnostic-error]
#pragma HLS BIND_STORAGE variable=fourth_order_double::sin_K3 type=ROM_1P impl=LUTRAM
                                                                   ^
/home/hoinguyen/Documents/Vitis/UpConv_HLS/upconv_core/upconv_core_top/hls/.autopilot/db/upconv_core_top.pp.0.cpp:15823:68: error: Invalid Directive: for current device, ROM_1P + LUTRAM is invalid combination for BIND_STORAGE's option 'type + impl' [clang-diagnostic-error]
#pragma HLS BIND_STORAGE variable=fourth_order_double::sin_K4 type=ROM_1P impl=LUTRAM
                                                                   ^
/home/hoinguyen/Documents/Vitis/UpConv_HLS/upconv_core/upconv_core_top/hls/.autopilot/db/upconv_core_top.pp.0.cpp:15873:71: error: Invalid Directive: for current device, ROM_1P + LUTRAM is invalid combination for BIND_STORAGE's option 'type + impl' [clang-diagnostic-error]
#pragma HLS BIND_STORAGE variable=second_order_float::sin_cos_K0 type=ROM_1P impl=LUTRAM
                                                                      ^
/home/hoinguyen/Documents/Vitis/UpConv_HLS/upconv_core/upconv_core_top/hls/.autopilot/db/upconv_core_top.pp.0.cpp:15874:71: error: Invalid Directive: for current device, ROM_1P + LUTRAM is invalid combination for BIND_STORAGE's option 'type + impl' [clang-diagnostic-error]
#pragma HLS BIND_STORAGE variable=second_order_float::sin_cos_K1 type=ROM_1P impl=LUTRAM
                                                                      ^
/home/hoinguyen/Documents/Vitis/UpConv_HLS/upconv_core/upconv_core_top/hls/.autopilot/db/upconv_core_top.pp.0.cpp:15875:71: error: Invalid Directive: for current device, ROM_1P + LUTRAM is invalid combination for BIND_STORAGE's option 'type + impl' [clang-diagnostic-error]
#pragma HLS BIND_STORAGE variable=second_order_float::sin_cos_K2 type=ROM_1P impl=LUTRAM
                                                                      ^
/home/hoinguyen/Documents/Vitis/UpConv_HLS/upconv_core/upconv_core_top/hls/.autopilot/db/upconv_core_top.pp.0.cpp:15902:67: error: Invalid Directive: for current device, ROM_1P + LUTRAM is invalid combination for BIND_STORAGE's option 'type + impl' [clang-diagnostic-error]
#pragma HLS BIND_STORAGE variable=second_order_float::cos_K0 type=ROM_1P impl=LUTRAM
                                                                  ^
/home/hoinguyen/Documents/Vitis/UpConv_HLS/upconv_core/upconv_core_top/hls/.autopilot/db/upconv_core_top.pp.0.cpp:15903:67: error: Invalid Directive: for current device, ROM_1P + LUTRAM is invalid combination for BIND_STORAGE's option 'type + impl' [clang-diagnostic-error]
#pragma HLS BIND_STORAGE variable=second_order_float::cos_K1 type=ROM_1P impl=LUTRAM
                                                                  ^
/home/hoinguyen/Documents/Vitis/UpConv_HLS/upconv_core/upconv_core_top/hls/.autopilot/db/upconv_core_top.pp.0.cpp:15904:67: error: Invalid Directive: for current device, ROM_1P + LUTRAM is invalid combination for BIND_STORAGE's option 'type + impl' [clang-diagnostic-error]
#pragma HLS BIND_STORAGE variable=second_order_float::cos_K2 type=ROM_1P impl=LUTRAM
                                                                  ^
/home/hoinguyen/Documents/Vitis/UpConv_HLS/upconv_core/upconv_core_top/hls/.autopilot/db/upconv_core_top.pp.0.cpp:15905:67: error: Invalid Directive: for current device, ROM_1P + LUTRAM is invalid combination for BIND_STORAGE's option 'type + impl' [clang-diagnostic-error]
#pragma HLS BIND_STORAGE variable=second_order_float::sin_K0 type=ROM_1P impl=LUTRAM
                                                                  ^
/home/hoinguyen/Documents/Vitis/UpConv_HLS/upconv_core/upconv_core_top/hls/.autopilot/db/upconv_core_top.pp.0.cpp:15906:67: error: Invalid Directive: for current device, ROM_1P + LUTRAM is invalid combination for BIND_STORAGE's option 'type + impl' [clang-diagnostic-error]
#pragma HLS BIND_STORAGE variable=second_order_float::sin_K1 type=ROM_1P impl=LUTRAM
                                                                  ^
/home/hoinguyen/Documents/Vitis/UpConv_HLS/upconv_core/upconv_core_top/hls/.autopilot/db/upconv_core_top.pp.0.cpp:15907:67: error: Invalid Directive: for current device, ROM_1P + LUTRAM is invalid combination for BIND_STORAGE's option 'type + impl' [clang-diagnostic-error]
#pragma HLS BIND_STORAGE variable=second_order_float::sin_K2 type=ROM_1P impl=LUTRAM
                                                                  ^
/home/hoinguyen/Documents/Vitis/UpConv_HLS/upconv_core/upconv_core_top/hls/.autopilot/db/upconv_core_top.pp.0.cpp:15943:73: error: Invalid Directive: for current device, ROM_1P + LUTRAM is invalid combination for BIND_STORAGE's option 'type + impl' [clang-diagnostic-error]
#pragma HLS BIND_STORAGE variable=first_order_fixed_16::sin_cos_K0 type=ROM_1P impl=LUTRAM
                                                                        ^
/home/hoinguyen/Documents/Vitis/UpConv_HLS/upconv_core/upconv_core_top/hls/.autopilot/db/upconv_core_top.pp.0.cpp:15944:73: error: Invalid Directive: for current device, ROM_1P + LUTRAM is invalid combination for BIND_STORAGE's option 'type + impl' [clang-diagnostic-error]
#pragma HLS BIND_STORAGE variable=first_order_fixed_16::sin_cos_K1 type=ROM_1P impl=LUTRAM
                                                                        ^
/home/hoinguyen/Documents/Vitis/UpConv_HLS/upconv_core/upconv_core_top/hls/.autopilot/db/upconv_core_top.pp.0.cpp:16218:5: warning: Added loop label VITIS_LOOP_61_1:   [xilinx-label-all-loops]
    for (int n=0; n<Nmax; n++){
    ^~~
    VITIS_LOOP_61_1: 
/home/hoinguyen/Documents/Vitis/UpConv_HLS/upconv_core/upconv_core_top/hls/.autopilot/db/upconv_core_top.pp.0.cpp:16218:5: note: FIX-IT applied suggested code changes
/home/hoinguyen/Documents/Vitis/UpConv_HLS/upconv_core/upconv_core_top/hls/.autopilot/db/upconv_core_top.pp.0.cpp:16264:5: warning: Added loop label VITIS_LOOP_117_1:   [xilinx-label-all-loops]
    for (int n=0; n<Nmax; n++){
    ^~~
    VITIS_LOOP_117_1: 
/home/hoinguyen/Documents/Vitis/UpConv_HLS/upconv_core/upconv_core_top/hls/.autopilot/db/upconv_core_top.pp.0.cpp:16264:5: note: FIX-IT applied suggested code changes
/home/hoinguyen/Documents/Vitis/UpConv_HLS/upconv_core/upconv_core_top/hls/.autopilot/db/upconv_core_top.pp.0.cpp:16427:9: warning: Added loop label VITIS_LOOP_289_1:   [xilinx-label-all-loops]
        for(int i=0;i<W-1;i++){
        ^~~
        VITIS_LOOP_289_1: 
/home/hoinguyen/Documents/Vitis/UpConv_HLS/upconv_core/upconv_core_top/hls/.autopilot/db/upconv_core_top.pp.0.cpp:16427:9: note: FIX-IT applied suggested code changes
/home/hoinguyen/Documents/Vitis/UpConv_HLS/upconv_core/upconv_core_top/hls/.autopilot/db/upconv_core_top.pp.0.cpp:16579:9: warning: Added loop label VITIS_LOOP_449_1:   [xilinx-label-all-loops]
        for(int i=0;i<W-1;i++){
        ^~~
        VITIS_LOOP_449_1: 
/home/hoinguyen/Documents/Vitis/UpConv_HLS/upconv_core/upconv_core_top/hls/.autopilot/db/upconv_core_top.pp.0.cpp:16579:9: note: FIX-IT applied suggested code changes
/home/hoinguyen/Documents/Vitis/UpConv_HLS/upconv_core/upconv_core_top/hls/.autopilot/db/upconv_core_top.pp.0.cpp:16759:5: warning: Added loop label VITIS_LOOP_629_1:   [xilinx-label-all-loops]
    for(int i=0;i<W+1;i++){
    ^~~
    VITIS_LOOP_629_1: 
/home/hoinguyen/Documents/Vitis/UpConv_HLS/upconv_core/upconv_core_top/hls/.autopilot/db/upconv_core_top.pp.0.cpp:16759:5: note: FIX-IT applied suggested code changes
/home/hoinguyen/Documents/Vitis/UpConv_HLS/upconv_core/upconv_core_top/hls/.autopilot/db/upconv_core_top.pp.0.cpp:16763:5: warning: Added loop label VITIS_LOOP_633_2:   [xilinx-label-all-loops]
    for(int i=0;i<W+1;i++){
    ^~~
    VITIS_LOOP_633_2: 
/home/hoinguyen/Documents/Vitis/UpConv_HLS/upconv_core/upconv_core_top/hls/.autopilot/db/upconv_core_top.pp.0.cpp:16763:5: note: FIX-IT applied suggested code changes
/home/hoinguyen/Documents/Vitis/UpConv_HLS/upconv_core/upconv_core_top/hls/.autopilot/db/upconv_core_top.pp.0.cpp:16873:5: warning: Added loop label VITIS_LOOP_743_1:   [xilinx-label-all-loops]
    for (int n=0; n<Nmax; n++){
    ^~~
    VITIS_LOOP_743_1: 
/home/hoinguyen/Documents/Vitis/UpConv_HLS/upconv_core/upconv_core_top/hls/.autopilot/db/upconv_core_top.pp.0.cpp:16873:5: note: FIX-IT applied suggested code changes
/home/hoinguyen/Documents/Vitis/UpConv_HLS/upconv_core/upconv_core_top/hls/.autopilot/db/upconv_core_top.pp.0.cpp:16963:7: warning: Added loop label VITIS_LOOP_840_1:   [xilinx-label-all-loops]
      for(int i=0;i<W-1;i++){
      ^~~
      VITIS_LOOP_840_1: 
/home/hoinguyen/Documents/Vitis/UpConv_HLS/upconv_core/upconv_core_top/hls/.autopilot/db/upconv_core_top.pp.0.cpp:16963:7: note: FIX-IT applied suggested code changes
/home/hoinguyen/Documents/Vitis/UpConv_HLS/upconv_core/upconv_core_top/hls/.autopilot/db/upconv_core_top.pp.0.cpp:16982:7: warning: Added loop label VITIS_LOOP_859_2:   [xilinx-label-all-loops]
      for(int i=0;i<W-1;i++){
      ^~~
      VITIS_LOOP_859_2: 
/home/hoinguyen/Documents/Vitis/UpConv_HLS/upconv_core/upconv_core_top/hls/.autopilot/db/upconv_core_top.pp.0.cpp:16982:7: note: FIX-IT applied suggested code changes
/home/hoinguyen/Documents/Vitis/UpConv_HLS/upconv_core/upconv_core_top/hls/.autopilot/db/upconv_core_top.pp.0.cpp:17272:5: warning: Added loop label VITIS_LOOP_1173_1:   [xilinx-label-all-loops]
    for(int i=0; i<Nmax; i++) {
    ^~~
    VITIS_LOOP_1173_1: 
/home/hoinguyen/Documents/Vitis/UpConv_HLS/upconv_core/upconv_core_top/hls/.autopilot/db/upconv_core_top.pp.0.cpp:17272:5: note: FIX-IT applied suggested code changes
/home/hoinguyen/Documents/Vitis/UpConv_HLS/upconv_core/upconv_core_top/hls/.autopilot/db/upconv_core_top.pp.0.cpp:17355:5: warning: Added loop label VITIS_LOOP_1256_1:   [xilinx-label-all-loops]
    for(int i=0; i<Nmax; i++) {
    ^~~
    VITIS_LOOP_1256_1: 
/home/hoinguyen/Documents/Vitis/UpConv_HLS/upconv_core/upconv_core_top/hls/.autopilot/db/upconv_core_top.pp.0.cpp:17355:5: note: FIX-IT applied suggested code changes
/home/hoinguyen/Documents/Vitis/UpConv_HLS/upconv_core/upconv_core_top/hls/.autopilot/db/upconv_core_top.pp.0.cpp:17761:13: warning: Added loop label VITIS_LOOP_68_1:   [xilinx-label-all-loops]
            for (int j = 3; j >= I_+1; j--) {
            ^~~
            VITIS_LOOP_68_1: 
/home/hoinguyen/Documents/Vitis/UpConv_HLS/upconv_core/upconv_core_top/hls/.autopilot/db/upconv_core_top.pp.0.cpp:17761:13: note: FIX-IT applied suggested code changes
/home/hoinguyen/Documents/Vitis/UpConv_HLS/upconv_core/upconv_core_top/hls/.autopilot/db/upconv_core_top.pp.0.cpp:17767:17: warning: Added loop label VITIS_LOOP_74_2:   [xilinx-label-all-loops]
                for (int j = 3; j >= I_+1; j--){
                ^~~
                VITIS_LOOP_74_2: 
/home/hoinguyen/Documents/Vitis/UpConv_HLS/upconv_core/upconv_core_top/hls/.autopilot/db/upconv_core_top.pp.0.cpp:17767:17: note: FIX-IT applied suggested code changes
/home/hoinguyen/Documents/Vitis/UpConv_HLS/upconv_core/upconv_core_top/hls/.autopilot/db/upconv_core_top.pp.0.cpp:17771:17: warning: Added loop label VITIS_LOOP_78_3:   [xilinx-label-all-loops]
                for (int j = I_; j >= 0; j--){
                ^~~
                VITIS_LOOP_78_3: 
/home/hoinguyen/Documents/Vitis/UpConv_HLS/upconv_core/upconv_core_top/hls/.autopilot/db/upconv_core_top.pp.0.cpp:17771:17: note: FIX-IT applied suggested code changes
/home/hoinguyen/Documents/Vitis/UpConv_HLS/upconv_core/upconv_core_top/hls/.autopilot/db/upconv_core_top.pp.0.cpp:17819:13: warning: Added loop label VITIS_LOOP_145_4:   [xilinx-label-all-loops]
            for (int j = 9; j >= I_+4; j--) {
            ^~~
            VITIS_LOOP_145_4: 
/home/hoinguyen/Documents/Vitis/UpConv_HLS/upconv_core/upconv_core_top/hls/.autopilot/db/upconv_core_top.pp.0.cpp:17819:13: note: FIX-IT applied suggested code changes
/home/hoinguyen/Documents/Vitis/UpConv_HLS/upconv_core/upconv_core_top/hls/.autopilot/db/upconv_core_top.pp.0.cpp:17825:17: warning: Added loop label VITIS_LOOP_151_5:   [xilinx-label-all-loops]
                for (int j = 9; j >= I_+4; j--){
                ^~~
                VITIS_LOOP_151_5: 
/home/hoinguyen/Documents/Vitis/UpConv_HLS/upconv_core/upconv_core_top/hls/.autopilot/db/upconv_core_top.pp.0.cpp:17825:17: note: FIX-IT applied suggested code changes
/home/hoinguyen/Documents/Vitis/UpConv_HLS/upconv_core/upconv_core_top/hls/.autopilot/db/upconv_core_top.pp.0.cpp:17829:17: warning: Added loop label VITIS_LOOP_155_6:   [xilinx-label-all-loops]
                for (int j = I_+3; j >= 0; j--){
                ^~~
                VITIS_LOOP_155_6: 
/home/hoinguyen/Documents/Vitis/UpConv_HLS/upconv_core/upconv_core_top/hls/.autopilot/db/upconv_core_top.pp.0.cpp:17829:17: note: FIX-IT applied suggested code changes
/home/hoinguyen/Documents/Vitis/UpConv_HLS/upconv_core/upconv_core_top/hls/.autopilot/db/upconv_core_top.pp.0.cpp:17844:9: warning: Added loop label VITIS_LOOP_170_7:   [xilinx-label-all-loops]
        for (int j = 14; j < 22; j++){
        ^~~
        VITIS_LOOP_170_7: 
/home/hoinguyen/Documents/Vitis/UpConv_HLS/upconv_core/upconv_core_top/hls/.autopilot/db/upconv_core_top.pp.0.cpp:17844:9: note: FIX-IT applied suggested code changes
/home/hoinguyen/Documents/Vitis/UpConv_HLS/upconv_core/upconv_core_top/hls/.autopilot/db/upconv_core_top.pp.0.cpp:17852:17: warning: Added loop label VITIS_LOOP_178_8:   [xilinx-label-all-loops]
                for (int j = 0; j < 22; j++){
                ^~~
                VITIS_LOOP_178_8: 
/home/hoinguyen/Documents/Vitis/UpConv_HLS/upconv_core/upconv_core_top/hls/.autopilot/db/upconv_core_top.pp.0.cpp:17852:17: note: FIX-IT applied suggested code changes
/home/hoinguyen/Documents/Vitis/UpConv_HLS/upconv_core/upconv_core_top/hls/.autopilot/db/upconv_core_top.pp.0.cpp:17917:13: warning: Added loop label VITIS_LOOP_243_9:   [xilinx-label-all-loops]
            for (int j = 21; j >= I_+10; j--) {
            ^~~
            VITIS_LOOP_243_9: 
/home/hoinguyen/Documents/Vitis/UpConv_HLS/upconv_core/upconv_core_top/hls/.autopilot/db/upconv_core_top.pp.0.cpp:17917:13: note: FIX-IT applied suggested code changes
/home/hoinguyen/Documents/Vitis/UpConv_HLS/upconv_core/upconv_core_top/hls/.autopilot/db/upconv_core_top.pp.0.cpp:17923:17: warning: Added loop label VITIS_LOOP_249_10:   [xilinx-label-all-loops]
                for (int j = 21; j >= I_+10; j--) {
                ^~~
                VITIS_LOOP_249_10: 
/home/hoinguyen/Documents/Vitis/UpConv_HLS/upconv_core/upconv_core_top/hls/.autopilot/db/upconv_core_top.pp.0.cpp:17923:17: note: FIX-IT applied suggested code changes
/home/hoinguyen/Documents/Vitis/UpConv_HLS/upconv_core/upconv_core_top/hls/.autopilot/db/upconv_core_top.pp.0.cpp:17927:17: warning: Added loop label VITIS_LOOP_253_11:   [xilinx-label-all-loops]
                for (int j = I_+9; j >= 0; j--) {
                ^~~
                VITIS_LOOP_253_11: 
/home/hoinguyen/Documents/Vitis/UpConv_HLS/upconv_core/upconv_core_top/hls/.autopilot/db/upconv_core_top.pp.0.cpp:17927:17: note: FIX-IT applied suggested code changes
/home/hoinguyen/Documents/Vitis/UpConv_HLS/upconv_core/upconv_core_top/hls/.autopilot/db/upconv_core_top.pp.0.cpp:17942:9: warning: Added loop label VITIS_LOOP_268_12:   [xilinx-label-all-loops]
        for (int j = 27; j < 46; j++){
        ^~~
        VITIS_LOOP_268_12: 
/home/hoinguyen/Documents/Vitis/UpConv_HLS/upconv_core/upconv_core_top/hls/.autopilot/db/upconv_core_top.pp.0.cpp:17942:9: note: FIX-IT applied suggested code changes
/home/hoinguyen/Documents/Vitis/UpConv_HLS/upconv_core/upconv_core_top/hls/.autopilot/db/upconv_core_top.pp.0.cpp:17950:17: warning: Added loop label VITIS_LOOP_276_13:   [xilinx-label-all-loops]
                for (int j = 0; j < 46; j++) {
                ^~~
                VITIS_LOOP_276_13: 
/home/hoinguyen/Documents/Vitis/UpConv_HLS/upconv_core/upconv_core_top/hls/.autopilot/db/upconv_core_top.pp.0.cpp:17950:17: note: FIX-IT applied suggested code changes
/home/hoinguyen/Documents/Vitis/UpConv_HLS/upconv_core/upconv_core_top/hls/.autopilot/db/upconv_core_top.pp.0.cpp:18179:13: warning: Added loop label VITIS_LOOP_505_14:   [xilinx-label-all-loops]
            for (int j = 45; j >= I_+22; j--) {
            ^~~
            VITIS_LOOP_505_14: 
/home/hoinguyen/Documents/Vitis/UpConv_HLS/upconv_core/upconv_core_top/hls/.autopilot/db/upconv_core_top.pp.0.cpp:18179:13: note: FIX-IT applied suggested code changes
/home/hoinguyen/Documents/Vitis/UpConv_HLS/upconv_core/upconv_core_top/hls/.autopilot/db/upconv_core_top.pp.0.cpp:18185:17: warning: Added loop label VITIS_LOOP_511_15:   [xilinx-label-all-loops]
                for (int j = 45; j >= I_+22; j--){
                ^~~
                VITIS_LOOP_511_15: 
/home/hoinguyen/Documents/Vitis/UpConv_HLS/upconv_core/upconv_core_top/hls/.autopilot/db/upconv_core_top.pp.0.cpp:18185:17: note: FIX-IT applied suggested code changes
/home/hoinguyen/Documents/Vitis/UpConv_HLS/upconv_core/upconv_core_top/hls/.autopilot/db/upconv_core_top.pp.0.cpp:18189:17: warning: Added loop label VITIS_LOOP_515_16:   [xilinx-label-all-loops]
                for (int j = I_+21; j >= 0; j--) {
                ^~~
                VITIS_LOOP_515_16: 
/home/hoinguyen/Documents/Vitis/UpConv_HLS/upconv_core/upconv_core_top/hls/.autopilot/db/upconv_core_top.pp.0.cpp:18189:17: note: FIX-IT applied suggested code changes
/home/hoinguyen/Documents/Vitis/UpConv_HLS/upconv_core/upconv_core_top/hls/.autopilot/db/upconv_core_top.pp.0.cpp:18199:9: warning: Added loop label VITIS_LOOP_525_17:   [xilinx-label-all-loops]
        for (int j = 32-F_; j < 32+I_; j++){
        ^~~
        VITIS_LOOP_525_17: 
/home/hoinguyen/Documents/Vitis/UpConv_HLS/upconv_core/upconv_core_top/hls/.autopilot/db/upconv_core_top.pp.0.cpp:18199:9: note: FIX-IT applied suggested code changes
/home/hoinguyen/Documents/Vitis/UpConv_HLS/upconv_core/upconv_core_top/hls/.autopilot/db/upconv_core_top.pp.0.cpp:18203:9: warning: Added loop label VITIS_LOOP_529_18:   [xilinx-label-all-loops]
        for (int j = 32+I_; j <= 64; j++){
        ^~~
        VITIS_LOOP_529_18: 
/home/hoinguyen/Documents/Vitis/UpConv_HLS/upconv_core/upconv_core_top/hls/.autopilot/db/upconv_core_top.pp.0.cpp:18203:9: note: FIX-IT applied suggested code changes
/home/hoinguyen/Documents/Vitis/UpConv_HLS/upconv_core/upconv_core_top/hls/.autopilot/db/upconv_core_top.pp.0.cpp:18213:9: warning: Added loop label VITIS_LOOP_539_19:   [xilinx-label-all-loops]
        for (int j = 37; j < 64; j++) {
        ^~~
        VITIS_LOOP_539_19: 
/home/hoinguyen/Documents/Vitis/UpConv_HLS/upconv_core/upconv_core_top/hls/.autopilot/db/upconv_core_top.pp.0.cpp:18213:9: note: FIX-IT applied suggested code changes
/home/hoinguyen/Documents/Vitis/UpConv_HLS/upconv_core/upconv_core_top/hls/.autopilot/db/upconv_core_top.pp.0.cpp:18221:17: warning: Added loop label VITIS_LOOP_547_20:   [xilinx-label-all-loops]
                for (int j = 0; j < 64; j++){
                ^~~
                VITIS_LOOP_547_20: 
/home/hoinguyen/Documents/Vitis/UpConv_HLS/upconv_core/upconv_core_top/hls/.autopilot/db/upconv_core_top.pp.0.cpp:18221:17: note: FIX-IT applied suggested code changes
/home/hoinguyen/Documents/Vitis/UpConv_HLS/upconv_core/upconv_core_top/hls/.autopilot/db/upconv_core_top.pp.0.cpp:18582:13: warning: Added loop label VITIS_LOOP_908_21:   [xilinx-label-all-loops]
            for (int j = 63; j >= I_+31; j--) {
            ^~~
            VITIS_LOOP_908_21: 
/home/hoinguyen/Documents/Vitis/UpConv_HLS/upconv_core/upconv_core_top/hls/.autopilot/db/upconv_core_top.pp.0.cpp:18582:13: note: FIX-IT applied suggested code changes
/home/hoinguyen/Documents/Vitis/UpConv_HLS/upconv_core/upconv_core_top/hls/.autopilot/db/upconv_core_top.pp.0.cpp:18588:17: warning: Added loop label VITIS_LOOP_914_22:   [xilinx-label-all-loops]
                for (int j = 63; j >= I_+31; j--) {
                ^~~
                VITIS_LOOP_914_22: 
/home/hoinguyen/Documents/Vitis/UpConv_HLS/upconv_core/upconv_core_top/hls/.autopilot/db/upconv_core_top.pp.0.cpp:18588:17: note: FIX-IT applied suggested code changes
/home/hoinguyen/Documents/Vitis/UpConv_HLS/upconv_core/upconv_core_top/hls/.autopilot/db/upconv_core_top.pp.0.cpp:18592:17: warning: Added loop label VITIS_LOOP_918_23:   [xilinx-label-all-loops]
                for (int j = I_+30; j >= 0; j--) {
                ^~~
                VITIS_LOOP_918_23: 
/home/hoinguyen/Documents/Vitis/UpConv_HLS/upconv_core/upconv_core_top/hls/.autopilot/db/upconv_core_top.pp.0.cpp:18592:17: note: FIX-IT applied suggested code changes
/home/hoinguyen/Documents/Vitis/UpConv_HLS/upconv_core/upconv_core_top/hls/.autopilot/db/upconv_core_top.pp.0.cpp:18708:13: warning: Added loop label VITIS_LOOP_1034_1:   [xilinx-label-all-loops]
            for (int j = 4; j >= I_+1; j--) {
            ^~~
            VITIS_LOOP_1034_1: 
/home/hoinguyen/Documents/Vitis/UpConv_HLS/upconv_core/upconv_core_top/hls/.autopilot/db/upconv_core_top.pp.0.cpp:18708:13: note: FIX-IT applied suggested code changes
/home/hoinguyen/Documents/Vitis/UpConv_HLS/upconv_core/upconv_core_top/hls/.autopilot/db/upconv_core_top.pp.0.cpp:18714:17: warning: Added loop label VITIS_LOOP_1040_2:   [xilinx-label-all-loops]
                for (int j = 4; j >= I_+1; j--) {
                ^~~
                VITIS_LOOP_1040_2: 
/home/hoinguyen/Documents/Vitis/UpConv_HLS/upconv_core/upconv_core_top/hls/.autopilot/db/upconv_core_top.pp.0.cpp:18714:17: note: FIX-IT applied suggested code changes
/home/hoinguyen/Documents/Vitis/UpConv_HLS/upconv_core/upconv_core_top/hls/.autopilot/db/upconv_core_top.pp.0.cpp:18718:17: warning: Added loop label VITIS_LOOP_1044_3:   [xilinx-label-all-loops]
                for (int j = I_; j >= 0; j--) {
                ^~~
                VITIS_LOOP_1044_3: 
/home/hoinguyen/Documents/Vitis/UpConv_HLS/upconv_core/upconv_core_top/hls/.autopilot/db/upconv_core_top.pp.0.cpp:18718:17: note: FIX-IT applied suggested code changes
/home/hoinguyen/Documents/Vitis/UpConv_HLS/upconv_core/upconv_core_top/hls/.autopilot/db/upconv_core_top.pp.0.cpp:18805:13: warning: Added loop label VITIS_LOOP_1131_4:   [xilinx-label-all-loops]
            for (int j = 10; j >= I_+4; j--) {
            ^~~
            VITIS_LOOP_1131_4: 
/home/hoinguyen/Documents/Vitis/UpConv_HLS/upconv_core/upconv_core_top/hls/.autopilot/db/upconv_core_top.pp.0.cpp:18805:13: note: FIX-IT applied suggested code changes
/home/hoinguyen/Documents/Vitis/UpConv_HLS/upconv_core/upconv_core_top/hls/.autopilot/db/upconv_core_top.pp.0.cpp:18811:17: warning: Added loop label VITIS_LOOP_1137_5:   [xilinx-label-all-loops]
                for (int j = 10; j >= I_+4; j--) {
                ^~~
                VITIS_LOOP_1137_5: 
/home/hoinguyen/Documents/Vitis/UpConv_HLS/upconv_core/upconv_core_top/hls/.autopilot/db/upconv_core_top.pp.0.cpp:18811:17: note: FIX-IT applied suggested code changes
/home/hoinguyen/Documents/Vitis/UpConv_HLS/upconv_core/upconv_core_top/hls/.autopilot/db/upconv_core_top.pp.0.cpp:18815:17: warning: Added loop label VITIS_LOOP_1141_6:   [xilinx-label-all-loops]
                for (int j = I_+3; j >= 0; j--) {
                ^~~
                VITIS_LOOP_1141_6: 
/home/hoinguyen/Documents/Vitis/UpConv_HLS/upconv_core/upconv_core_top/hls/.autopilot/db/upconv_core_top.pp.0.cpp:18815:17: note: FIX-IT applied suggested code changes
/home/hoinguyen/Documents/Vitis/UpConv_HLS/upconv_core/upconv_core_top/hls/.autopilot/db/upconv_core_top.pp.0.cpp:18834:9: warning: Added loop label VITIS_LOOP_1160_7:   [xilinx-label-all-loops]
        for (int j = wf+3; j < w-1; j++) {
        ^~~
        VITIS_LOOP_1160_7: 
/home/hoinguyen/Documents/Vitis/UpConv_HLS/upconv_core/upconv_core_top/hls/.autopilot/db/upconv_core_top.pp.0.cpp:18834:9: note: FIX-IT applied suggested code changes
/home/hoinguyen/Documents/Vitis/UpConv_HLS/upconv_core/upconv_core_top/hls/.autopilot/db/upconv_core_top.pp.0.cpp:18841:17: warning: Added loop label VITIS_LOOP_1167_8:   [xilinx-label-all-loops]
                for (int j = 0; j < 22; j++) {
                ^~~
                VITIS_LOOP_1167_8: 
/home/hoinguyen/Documents/Vitis/UpConv_HLS/upconv_core/upconv_core_top/hls/.autopilot/db/upconv_core_top.pp.0.cpp:18841:17: note: FIX-IT applied suggested code changes
/home/hoinguyen/Documents/Vitis/UpConv_HLS/upconv_core/upconv_core_top/hls/.autopilot/db/upconv_core_top.pp.0.cpp:18957:13: warning: Added loop label VITIS_LOOP_1283_9:   [xilinx-label-all-loops]
            for (int j = 22; j >= I_+10; j--) {
            ^~~
            VITIS_LOOP_1283_9: 
/home/hoinguyen/Documents/Vitis/UpConv_HLS/upconv_core/upconv_core_top/hls/.autopilot/db/upconv_core_top.pp.0.cpp:18957:13: note: FIX-IT applied suggested code changes
/home/hoinguyen/Documents/Vitis/UpConv_HLS/upconv_core/upconv_core_top/hls/.autopilot/db/upconv_core_top.pp.0.cpp:18963:17: warning: Added loop label VITIS_LOOP_1289_10:   [xilinx-label-all-loops]
                for (int j = 22; j >= I_+10; j--){
                ^~~
                VITIS_LOOP_1289_10: 
/home/hoinguyen/Documents/Vitis/UpConv_HLS/upconv_core/upconv_core_top/hls/.autopilot/db/upconv_core_top.pp.0.cpp:18963:17: note: FIX-IT applied suggested code changes
/home/hoinguyen/Documents/Vitis/UpConv_HLS/upconv_core/upconv_core_top/hls/.autopilot/db/upconv_core_top.pp.0.cpp:18967:17: warning: Added loop label VITIS_LOOP_1293_11:   [xilinx-label-all-loops]
                for (int j = I_+9; j >= 0; j--) {
                ^~~
                VITIS_LOOP_1293_11: 
/home/hoinguyen/Documents/Vitis/UpConv_HLS/upconv_core/upconv_core_top/hls/.autopilot/db/upconv_core_top.pp.0.cpp:18967:17: note: FIX-IT applied suggested code changes
/home/hoinguyen/Documents/Vitis/UpConv_HLS/upconv_core/upconv_core_top/hls/.autopilot/db/upconv_core_top.pp.0.cpp:18987:9: warning: Added loop label VITIS_LOOP_1313_12:   [xilinx-label-all-loops]
        for (int j = wf+4; j < w-1; j++){
        ^~~
        VITIS_LOOP_1313_12: 
/home/hoinguyen/Documents/Vitis/UpConv_HLS/upconv_core/upconv_core_top/hls/.autopilot/db/upconv_core_top.pp.0.cpp:18987:9: note: FIX-IT applied suggested code changes
/home/hoinguyen/Documents/Vitis/UpConv_HLS/upconv_core/upconv_core_top/hls/.autopilot/db/upconv_core_top.pp.0.cpp:18994:17: warning: Added loop label VITIS_LOOP_1320_13:   [xilinx-label-all-loops]
                for (int j = 0; j < 46; j++) {
                ^~~
                VITIS_LOOP_1320_13: 
/home/hoinguyen/Documents/Vitis/UpConv_HLS/upconv_core/upconv_core_top/hls/.autopilot/db/upconv_core_top.pp.0.cpp:18994:17: note: FIX-IT applied suggested code changes
/home/hoinguyen/Documents/Vitis/UpConv_HLS/upconv_core/upconv_core_top/hls/.autopilot/db/upconv_core_top.pp.0.cpp:19256:13: warning: Added loop label VITIS_LOOP_1582_14:   [xilinx-label-all-loops]
            for (int j = 46; j >= I_+22; j--) {
            ^~~
            VITIS_LOOP_1582_14: 
/home/hoinguyen/Documents/Vitis/UpConv_HLS/upconv_core/upconv_core_top/hls/.autopilot/db/upconv_core_top.pp.0.cpp:19256:13: note: FIX-IT applied suggested code changes
/home/hoinguyen/Documents/Vitis/UpConv_HLS/upconv_core/upconv_core_top/hls/.autopilot/db/upconv_core_top.pp.0.cpp:19262:17: warning: Added loop label VITIS_LOOP_1588_15:   [xilinx-label-all-loops]
                for (int j = 46; j >= I_+22; j--) {
                ^~~
                VITIS_LOOP_1588_15: 
/home/hoinguyen/Documents/Vitis/UpConv_HLS/upconv_core/upconv_core_top/hls/.autopilot/db/upconv_core_top.pp.0.cpp:19262:17: note: FIX-IT applied suggested code changes
/home/hoinguyen/Documents/Vitis/UpConv_HLS/upconv_core/upconv_core_top/hls/.autopilot/db/upconv_core_top.pp.0.cpp:19266:17: warning: Added loop label VITIS_LOOP_1592_16:   [xilinx-label-all-loops]
                for (int j = I_+21; j >= 0; j--) {
                ^~~
                VITIS_LOOP_1592_16: 
/home/hoinguyen/Documents/Vitis/UpConv_HLS/upconv_core/upconv_core_top/hls/.autopilot/db/upconv_core_top.pp.0.cpp:19266:17: note: FIX-IT applied suggested code changes
/home/hoinguyen/Documents/Vitis/UpConv_HLS/upconv_core/upconv_core_top/hls/.autopilot/db/upconv_core_top.pp.0.cpp:19290:9: warning: Added loop label VITIS_LOOP_1616_17:   [xilinx-label-all-loops]
        for (int j = wf+5; j < w-1; j++){
        ^~~
        VITIS_LOOP_1616_17: 
/home/hoinguyen/Documents/Vitis/UpConv_HLS/upconv_core/upconv_core_top/hls/.autopilot/db/upconv_core_top.pp.0.cpp:19290:9: note: FIX-IT applied suggested code changes
/home/hoinguyen/Documents/Vitis/UpConv_HLS/upconv_core/upconv_core_top/hls/.autopilot/db/upconv_core_top.pp.0.cpp:19297:17: warning: Added loop label VITIS_LOOP_1623_18:   [xilinx-label-all-loops]
                for (int j = 0; j < 64; j++) {
                ^~~
                VITIS_LOOP_1623_18: 
/home/hoinguyen/Documents/Vitis/UpConv_HLS/upconv_core/upconv_core_top/hls/.autopilot/db/upconv_core_top.pp.0.cpp:19297:17: note: FIX-IT applied suggested code changes
/home/hoinguyen/Documents/Vitis/UpConv_HLS/upconv_core/upconv_core_top/hls/.autopilot/db/upconv_core_top.pp.0.cpp:19727:13: warning: Added loop label VITIS_LOOP_2053_19:   [xilinx-label-all-loops]
            for (int j = 64; j >= I_+31; j--) {
            ^~~
            VITIS_LOOP_2053_19: 
/home/hoinguyen/Documents/Vitis/UpConv_HLS/upconv_core/upconv_core_top/hls/.autopilot/db/upconv_core_top.pp.0.cpp:19727:13: note: FIX-IT applied suggested code changes
/home/hoinguyen/Documents/Vitis/UpConv_HLS/upconv_core/upconv_core_top/hls/.autopilot/db/upconv_core_top.pp.0.cpp:19733:17: warning: Added loop label VITIS_LOOP_2059_20:   [xilinx-label-all-loops]
                for (int j = 64; j >= I_+31; j--) {
                ^~~
                VITIS_LOOP_2059_20: 
/home/hoinguyen/Documents/Vitis/UpConv_HLS/upconv_core/upconv_core_top/hls/.autopilot/db/upconv_core_top.pp.0.cpp:19733:17: note: FIX-IT applied suggested code changes
/home/hoinguyen/Documents/Vitis/UpConv_HLS/upconv_core/upconv_core_top/hls/.autopilot/db/upconv_core_top.pp.0.cpp:19737:17: warning: Added loop label VITIS_LOOP_2063_21:   [xilinx-label-all-loops]
                for (int j = I_+30; j >= 0; j--) {
                ^~~
                VITIS_LOOP_2063_21: 
/home/hoinguyen/Documents/Vitis/UpConv_HLS/upconv_core/upconv_core_top/hls/.autopilot/db/upconv_core_top.pp.0.cpp:19737:17: note: FIX-IT applied suggested code changes
/home/hoinguyen/Documents/Vitis/UpConv_HLS/upconv_core/upconv_core_top/hls/.autopilot/db/upconv_core_top.pp.0.cpp:19867:13: warning: Added loop label VITIS_LOOP_2193_1:   [xilinx-label-all-loops]
            for(int j=3; j>=I+1; j--) {
            ^~~
            VITIS_LOOP_2193_1: 
/home/hoinguyen/Documents/Vitis/UpConv_HLS/upconv_core/upconv_core_top/hls/.autopilot/db/upconv_core_top.pp.0.cpp:19867:13: note: FIX-IT applied suggested code changes
/home/hoinguyen/Documents/Vitis/UpConv_HLS/upconv_core/upconv_core_top/hls/.autopilot/db/upconv_core_top.pp.0.cpp:19874:17: warning: Added loop label VITIS_LOOP_2200_2:   [xilinx-label-all-loops]
                for(int j=3; j>=I+1; j--) {
                ^~~
                VITIS_LOOP_2200_2: 
/home/hoinguyen/Documents/Vitis/UpConv_HLS/upconv_core/upconv_core_top/hls/.autopilot/db/upconv_core_top.pp.0.cpp:19874:17: note: FIX-IT applied suggested code changes
/home/hoinguyen/Documents/Vitis/UpConv_HLS/upconv_core/upconv_core_top/hls/.autopilot/db/upconv_core_top.pp.0.cpp:19878:17: warning: Added loop label VITIS_LOOP_2204_3:   [xilinx-label-all-loops]
                for(int j=I; j>=0; j--) {
                ^~~
                VITIS_LOOP_2204_3: 
/home/hoinguyen/Documents/Vitis/UpConv_HLS/upconv_core/upconv_core_top/hls/.autopilot/db/upconv_core_top.pp.0.cpp:19878:17: note: FIX-IT applied suggested code changes
/home/hoinguyen/Documents/Vitis/UpConv_HLS/upconv_core/upconv_core_top/hls/.autopilot/db/upconv_core_top.pp.0.cpp:19925:13: warning: Added loop label VITIS_LOOP_2251_4:   [xilinx-label-all-loops]
            for(int j=7; j>=3+I; j--) {
            ^~~
            VITIS_LOOP_2251_4: 
/home/hoinguyen/Documents/Vitis/UpConv_HLS/upconv_core/upconv_core_top/hls/.autopilot/db/upconv_core_top.pp.0.cpp:19925:13: note: FIX-IT applied suggested code changes
/home/hoinguyen/Documents/Vitis/UpConv_HLS/upconv_core/upconv_core_top/hls/.autopilot/db/upconv_core_top.pp.0.cpp:19932:17: warning: Added loop label VITIS_LOOP_2258_5:   [xilinx-label-all-loops]
                for(int j=7; j>=3+I; j--) {
                ^~~
                VITIS_LOOP_2258_5: 
/home/hoinguyen/Documents/Vitis/UpConv_HLS/upconv_core/upconv_core_top/hls/.autopilot/db/upconv_core_top.pp.0.cpp:19932:17: note: FIX-IT applied suggested code changes
/home/hoinguyen/Documents/Vitis/UpConv_HLS/upconv_core/upconv_core_top/hls/.autopilot/db/upconv_core_top.pp.0.cpp:19936:17: warning: Added loop label VITIS_LOOP_2262_6:   [xilinx-label-all-loops]
                for(int j=I+2; j>=0; j--) {
                ^~~
                VITIS_LOOP_2262_6: 
/home/hoinguyen/Documents/Vitis/UpConv_HLS/upconv_core/upconv_core_top/hls/.autopilot/db/upconv_core_top.pp.0.cpp:19936:17: note: FIX-IT applied suggested code changes
/home/hoinguyen/Documents/Vitis/UpConv_HLS/upconv_core/upconv_core_top/hls/.autopilot/db/upconv_core_top.pp.0.cpp:19954:9: warning: Added loop label VITIS_LOOP_2280_7:   [xilinx-label-all-loops]
        for(int j=11; j<16; j++) {
        ^~~
        VITIS_LOOP_2280_7: 
/home/hoinguyen/Documents/Vitis/UpConv_HLS/upconv_core/upconv_core_top/hls/.autopilot/db/upconv_core_top.pp.0.cpp:19954:9: note: FIX-IT applied suggested code changes
/home/hoinguyen/Documents/Vitis/UpConv_HLS/upconv_core/upconv_core_top/hls/.autopilot/db/upconv_core_top.pp.0.cpp:20009:13: warning: Added loop label VITIS_LOOP_2335_8:   [xilinx-label-all-loops]
            for(int j=15; j>=7+I; j--) {
            ^~~
            VITIS_LOOP_2335_8: 
/home/hoinguyen/Documents/Vitis/UpConv_HLS/upconv_core/upconv_core_top/hls/.autopilot/db/upconv_core_top.pp.0.cpp:20009:13: note: FIX-IT applied suggested code changes
/home/hoinguyen/Documents/Vitis/UpConv_HLS/upconv_core/upconv_core_top/hls/.autopilot/db/upconv_core_top.pp.0.cpp:20016:17: warning: Added loop label VITIS_LOOP_2342_9:   [xilinx-label-all-loops]
                for(int j=15; j>=7+I; j--) {
                ^~~
                VITIS_LOOP_2342_9: 
/home/hoinguyen/Documents/Vitis/UpConv_HLS/upconv_core/upconv_core_top/hls/.autopilot/db/upconv_core_top.pp.0.cpp:20016:17: note: FIX-IT applied suggested code changes
/home/hoinguyen/Documents/Vitis/UpConv_HLS/upconv_core/upconv_core_top/hls/.autopilot/db/upconv_core_top.pp.0.cpp:20020:17: warning: Added loop label VITIS_LOOP_2346_10:   [xilinx-label-all-loops]
                for(int j=6+I; j>=0; j--) {
                ^~~
                VITIS_LOOP_2346_10: 
/home/hoinguyen/Documents/Vitis/UpConv_HLS/upconv_core/upconv_core_top/hls/.autopilot/db/upconv_core_top.pp.0.cpp:20020:17: note: FIX-IT applied suggested code changes
/home/hoinguyen/Documents/Vitis/UpConv_HLS/upconv_core/upconv_core_top/hls/.autopilot/db/upconv_core_top.pp.0.cpp:20038:9: warning: Added loop label VITIS_LOOP_2364_11:   [xilinx-label-all-loops]
        for(int j=20; j<32; j++) {
        ^~~
        VITIS_LOOP_2364_11: 
/home/hoinguyen/Documents/Vitis/UpConv_HLS/upconv_core/upconv_core_top/hls/.autopilot/db/upconv_core_top.pp.0.cpp:20038:9: note: FIX-IT applied suggested code changes
/home/hoinguyen/Documents/Vitis/UpConv_HLS/upconv_core/upconv_core_top/hls/.autopilot/db/upconv_core_top.pp.0.cpp:20127:13: warning: Added loop label VITIS_LOOP_2453_12:   [xilinx-label-all-loops]
            for(int j=31; j>=I+15; j--) {
            ^~~
            VITIS_LOOP_2453_12: 
/home/hoinguyen/Documents/Vitis/UpConv_HLS/upconv_core/upconv_core_top/hls/.autopilot/db/upconv_core_top.pp.0.cpp:20127:13: note: FIX-IT applied suggested code changes
/home/hoinguyen/Documents/Vitis/UpConv_HLS/upconv_core/upconv_core_top/hls/.autopilot/db/upconv_core_top.pp.0.cpp:20134:17: warning: Added loop label VITIS_LOOP_2460_13:   [xilinx-label-all-loops]
                for(int j=31; j>=I+15; j--) {
                ^~~
                VITIS_LOOP_2460_13: 
/home/hoinguyen/Documents/Vitis/UpConv_HLS/upconv_core/upconv_core_top/hls/.autopilot/db/upconv_core_top.pp.0.cpp:20134:17: note: FIX-IT applied suggested code changes
/home/hoinguyen/Documents/Vitis/UpConv_HLS/upconv_core/upconv_core_top/hls/.autopilot/db/upconv_core_top.pp.0.cpp:20138:17: warning: Added loop label VITIS_LOOP_2464_14:   [xilinx-label-all-loops]
                for(int j=I+14; j>=0; j--) {
                ^~~
                VITIS_LOOP_2464_14: 
/home/hoinguyen/Documents/Vitis/UpConv_HLS/upconv_core/upconv_core_top/hls/.autopilot/db/upconv_core_top.pp.0.cpp:20138:17: note: FIX-IT applied suggested code changes
/home/hoinguyen/Documents/Vitis/UpConv_HLS/upconv_core/upconv_core_top/hls/.autopilot/db/upconv_core_top.pp.0.cpp:20148:9: warning: Added loop label VITIS_LOOP_2474_15:   [xilinx-label-all-loops]
        for(int j=32-F; j<32+I; j++) {
        ^~~
        VITIS_LOOP_2474_15: 
/home/hoinguyen/Documents/Vitis/UpConv_HLS/upconv_core/upconv_core_top/hls/.autopilot/db/upconv_core_top.pp.0.cpp:20148:9: note: FIX-IT applied suggested code changes
/home/hoinguyen/Documents/Vitis/UpConv_HLS/upconv_core/upconv_core_top/hls/.autopilot/db/upconv_core_top.pp.0.cpp:20152:9: warning: Added loop label VITIS_LOOP_2478_16:   [xilinx-label-all-loops]
        for(int j=32+I; j<=64; j++) {
        ^~~
        VITIS_LOOP_2478_16: 
/home/hoinguyen/Documents/Vitis/UpConv_HLS/upconv_core/upconv_core_top/hls/.autopilot/db/upconv_core_top.pp.0.cpp:20152:9: note: FIX-IT applied suggested code changes
/home/hoinguyen/Documents/Vitis/UpConv_HLS/upconv_core/upconv_core_top/hls/.autopilot/db/upconv_core_top.pp.0.cpp:20163:9: warning: Added loop label VITIS_LOOP_2489_17:   [xilinx-label-all-loops]
        for(int j=37; j<64; j++) {
        ^~~
        VITIS_LOOP_2489_17: 
/home/hoinguyen/Documents/Vitis/UpConv_HLS/upconv_core/upconv_core_top/hls/.autopilot/db/upconv_core_top.pp.0.cpp:20163:9: note: FIX-IT applied suggested code changes
/home/hoinguyen/Documents/Vitis/UpConv_HLS/upconv_core/upconv_core_top/hls/.autopilot/db/upconv_core_top.pp.0.cpp:20171:17: warning: Added loop label VITIS_LOOP_2497_18:   [xilinx-label-all-loops]
                for(int j=0; j<64; j++) {
                ^~~
                VITIS_LOOP_2497_18: 
/home/hoinguyen/Documents/Vitis/UpConv_HLS/upconv_core/upconv_core_top/hls/.autopilot/db/upconv_core_top.pp.0.cpp:20171:17: note: FIX-IT applied suggested code changes
/home/hoinguyen/Documents/Vitis/UpConv_HLS/upconv_core/upconv_core_top/hls/.autopilot/db/upconv_core_top.pp.0.cpp:20496:13: warning: Added loop label VITIS_LOOP_2822_19:   [xilinx-label-all-loops]
            for(int j=63; j>=I+31; j--) {
            ^~~
            VITIS_LOOP_2822_19: 
/home/hoinguyen/Documents/Vitis/UpConv_HLS/upconv_core/upconv_core_top/hls/.autopilot/db/upconv_core_top.pp.0.cpp:20496:13: note: FIX-IT applied suggested code changes
/home/hoinguyen/Documents/Vitis/UpConv_HLS/upconv_core/upconv_core_top/hls/.autopilot/db/upconv_core_top.pp.0.cpp:20503:17: warning: Added loop label VITIS_LOOP_2829_20:   [xilinx-label-all-loops]
                for(int j=63; j>=I+31; j--) {
                ^~~
                VITIS_LOOP_2829_20: 
/home/hoinguyen/Documents/Vitis/UpConv_HLS/upconv_core/upconv_core_top/hls/.autopilot/db/upconv_core_top.pp.0.cpp:20503:17: note: FIX-IT applied suggested code changes
/home/hoinguyen/Documents/Vitis/UpConv_HLS/upconv_core/upconv_core_top/hls/.autopilot/db/upconv_core_top.pp.0.cpp:20507:17: warning: Added loop label VITIS_LOOP_2833_21:   [xilinx-label-all-loops]
                for(int j=I+30; j>=0; j--) {
                ^~~
                VITIS_LOOP_2833_21: 
/home/hoinguyen/Documents/Vitis/UpConv_HLS/upconv_core/upconv_core_top/hls/.autopilot/db/upconv_core_top.pp.0.cpp:20507:17: note: FIX-IT applied suggested code changes
/home/hoinguyen/Documents/Vitis/UpConv_HLS/upconv_core/upconv_core_top/hls/.autopilot/db/upconv_core_top.pp.0.cpp:20595:4: warning: Added loop label VITIS_LOOP_2921_1:   [xilinx-label-all-loops]
   for(int j = 5; j>=I_+2; j--) {
   ^~~
   VITIS_LOOP_2921_1: 
/home/hoinguyen/Documents/Vitis/UpConv_HLS/upconv_core/upconv_core_top/hls/.autopilot/db/upconv_core_top.pp.0.cpp:20595:4: note: FIX-IT applied suggested code changes
/home/hoinguyen/Documents/Vitis/UpConv_HLS/upconv_core/upconv_core_top/hls/.autopilot/db/upconv_core_top.pp.0.cpp:20602:5: warning: Added loop label VITIS_LOOP_2928_2:   [xilinx-label-all-loops]
    for(int j = 5; j>=I_+2; j--) {
    ^~~
    VITIS_LOOP_2928_2: 
/home/hoinguyen/Documents/Vitis/UpConv_HLS/upconv_core/upconv_core_top/hls/.autopilot/db/upconv_core_top.pp.0.cpp:20602:5: note: FIX-IT applied suggested code changes
/home/hoinguyen/Documents/Vitis/UpConv_HLS/upconv_core/upconv_core_top/hls/.autopilot/db/upconv_core_top.pp.0.cpp:20606:5: warning: Added loop label VITIS_LOOP_2932_3:   [xilinx-label-all-loops]
    for(int j = I_+1; j>=0; j--) {
    ^~~
    VITIS_LOOP_2932_3: 
/home/hoinguyen/Documents/Vitis/UpConv_HLS/upconv_core/upconv_core_top/hls/.autopilot/db/upconv_core_top.pp.0.cpp:20606:5: note: FIX-IT applied suggested code changes
/home/hoinguyen/Documents/Vitis/UpConv_HLS/upconv_core/upconv_core_top/hls/.autopilot/db/upconv_core_top.pp.0.cpp:20621:3: warning: Added loop label VITIS_LOOP_2947_4:   [xilinx-label-all-loops]
  for(int j = 11; j >=7; j--) {
  ^~~
  VITIS_LOOP_2947_4: 
/home/hoinguyen/Documents/Vitis/UpConv_HLS/upconv_core/upconv_core_top/hls/.autopilot/db/upconv_core_top.pp.0.cpp:20621:3: note: FIX-IT applied suggested code changes
/home/hoinguyen/Documents/Vitis/UpConv_HLS/upconv_core/upconv_core_top/hls/.autopilot/db/upconv_core_top.pp.0.cpp:20653:4: warning: Added loop label VITIS_LOOP_2979_5:   [xilinx-label-all-loops]
   for(int j = 11; j >= I_+5; j--) {
   ^~~
   VITIS_LOOP_2979_5: 
/home/hoinguyen/Documents/Vitis/UpConv_HLS/upconv_core/upconv_core_top/hls/.autopilot/db/upconv_core_top.pp.0.cpp:20653:4: note: FIX-IT applied suggested code changes
/home/hoinguyen/Documents/Vitis/UpConv_HLS/upconv_core/upconv_core_top/hls/.autopilot/db/upconv_core_top.pp.0.cpp:20660:5: warning: Added loop label VITIS_LOOP_2986_6:   [xilinx-label-all-loops]
    for(int j = 11; j>= I_+5; j--) {
    ^~~
    VITIS_LOOP_2986_6: 
/home/hoinguyen/Documents/Vitis/UpConv_HLS/upconv_core/upconv_core_top/hls/.autopilot/db/upconv_core_top.pp.0.cpp:20660:5: note: FIX-IT applied suggested code changes
/home/hoinguyen/Documents/Vitis/UpConv_HLS/upconv_core/upconv_core_top/hls/.autopilot/db/upconv_core_top.pp.0.cpp:20664:5: warning: Added loop label VITIS_LOOP_2990_7:   [xilinx-label-all-loops]
    for(int j = I_+4; j>=0; j--) {
    ^~~
    VITIS_LOOP_2990_7: 
/home/hoinguyen/Documents/Vitis/UpConv_HLS/upconv_core/upconv_core_top/hls/.autopilot/db/upconv_core_top.pp.0.cpp:20664:5: note: FIX-IT applied suggested code changes
/home/hoinguyen/Documents/Vitis/UpConv_HLS/upconv_core/upconv_core_top/hls/.autopilot/db/upconv_core_top.pp.0.cpp:20679:3: warning: Added loop label VITIS_LOOP_3005_8:   [xilinx-label-all-loops]
  for(int j = 25; j>=15; j--) {
  ^~~
  VITIS_LOOP_3005_8: 
/home/hoinguyen/Documents/Vitis/UpConv_HLS/upconv_core/upconv_core_top/hls/.autopilot/db/upconv_core_top.pp.0.cpp:20679:3: note: FIX-IT applied suggested code changes
/home/hoinguyen/Documents/Vitis/UpConv_HLS/upconv_core/upconv_core_top/hls/.autopilot/db/upconv_core_top.pp.0.cpp:20729:4: warning: Added loop label VITIS_LOOP_3055_9:   [xilinx-label-all-loops]
   for(int j = 25; j>= I_+12; j--) {
   ^~~
   VITIS_LOOP_3055_9: 
/home/hoinguyen/Documents/Vitis/UpConv_HLS/upconv_core/upconv_core_top/hls/.autopilot/db/upconv_core_top.pp.0.cpp:20729:4: note: FIX-IT applied suggested code changes
/home/hoinguyen/Documents/Vitis/UpConv_HLS/upconv_core/upconv_core_top/hls/.autopilot/db/upconv_core_top.pp.0.cpp:20736:5: warning: Added loop label VITIS_LOOP_3062_10:   [xilinx-label-all-loops]
    for(int j = 25; j>=I_+12; j--) {
    ^~~
    VITIS_LOOP_3062_10: 
/home/hoinguyen/Documents/Vitis/UpConv_HLS/upconv_core/upconv_core_top/hls/.autopilot/db/upconv_core_top.pp.0.cpp:20736:5: note: FIX-IT applied suggested code changes
/home/hoinguyen/Documents/Vitis/UpConv_HLS/upconv_core/upconv_core_top/hls/.autopilot/db/upconv_core_top.pp.0.cpp:20740:5: warning: Added loop label VITIS_LOOP_3066_11:   [xilinx-label-all-loops]
    for(int j = I_+11; j>=0; j--) {
    ^~~
    VITIS_LOOP_3066_11: 
/home/hoinguyen/Documents/Vitis/UpConv_HLS/upconv_core/upconv_core_top/hls/.autopilot/db/upconv_core_top.pp.0.cpp:20740:5: note: FIX-IT applied suggested code changes
/home/hoinguyen/Documents/Vitis/UpConv_HLS/upconv_core/upconv_core_top/hls/.autopilot/db/upconv_core_top.pp.0.cpp:20755:3: warning: Added loop label VITIS_LOOP_3081_12:   [xilinx-label-all-loops]
  for(int j = 51; j >= 29; j--) {
  ^~~
  VITIS_LOOP_3081_12: 
/home/hoinguyen/Documents/Vitis/UpConv_HLS/upconv_core/upconv_core_top/hls/.autopilot/db/upconv_core_top.pp.0.cpp:20755:3: note: FIX-IT applied suggested code changes
/home/hoinguyen/Documents/Vitis/UpConv_HLS/upconv_core/upconv_core_top/hls/.autopilot/db/upconv_core_top.pp.0.cpp:20892:4: warning: Added loop label VITIS_LOOP_3218_13:   [xilinx-label-all-loops]
   for(int j = 51; j >= 25 + I_; j--) {
   ^~~
   VITIS_LOOP_3218_13: 
/home/hoinguyen/Documents/Vitis/UpConv_HLS/upconv_core/upconv_core_top/hls/.autopilot/db/upconv_core_top.pp.0.cpp:20892:4: note: FIX-IT applied suggested code changes
/home/hoinguyen/Documents/Vitis/UpConv_HLS/upconv_core/upconv_core_top/hls/.autopilot/db/upconv_core_top.pp.0.cpp:20899:5: warning: Added loop label VITIS_LOOP_3225_14:   [xilinx-label-all-loops]
    for(int j = 51; j>=25 + I_; j--) {
    ^~~
    VITIS_LOOP_3225_14: 
/home/hoinguyen/Documents/Vitis/UpConv_HLS/upconv_core/upconv_core_top/hls/.autopilot/db/upconv_core_top.pp.0.cpp:20899:5: note: FIX-IT applied suggested code changes
/home/hoinguyen/Documents/Vitis/UpConv_HLS/upconv_core/upconv_core_top/hls/.autopilot/db/upconv_core_top.pp.0.cpp:20903:5: warning: Added loop label VITIS_LOOP_3229_15:   [xilinx-label-all-loops]
    for(int j = 24 + I_; j >= 0; j--) {
    ^~~
    VITIS_LOOP_3229_15: 
/home/hoinguyen/Documents/Vitis/UpConv_HLS/upconv_core/upconv_core_top/hls/.autopilot/db/upconv_core_top.pp.0.cpp:20903:5: note: FIX-IT applied suggested code changes
/home/hoinguyen/Documents/Vitis/UpConv_HLS/upconv_core/upconv_core_top/hls/.autopilot/db/upconv_core_top.pp.0.cpp:20918:3: warning: Added loop label VITIS_LOOP_3244_16:   [xilinx-label-all-loops]
  for(int j = 63; j >= 36; j--) {
  ^~~
  VITIS_LOOP_3244_16: 
/home/hoinguyen/Documents/Vitis/UpConv_HLS/upconv_core/upconv_core_top/hls/.autopilot/db/upconv_core_top.pp.0.cpp:20918:3: note: FIX-IT applied suggested code changes
/home/hoinguyen/Documents/Vitis/UpConv_HLS/upconv_core/upconv_core_top/hls/.autopilot/db/upconv_core_top.pp.0.cpp:21078:4: warning: Added loop label VITIS_LOOP_3404_17:   [xilinx-label-all-loops]
   for(int j = 63; j >= 31 + I_; j--) {
   ^~~
   VITIS_LOOP_3404_17: 
/home/hoinguyen/Documents/Vitis/UpConv_HLS/upconv_core/upconv_core_top/hls/.autopilot/db/upconv_core_top.pp.0.cpp:21078:4: note: FIX-IT applied suggested code changes
/home/hoinguyen/Documents/Vitis/UpConv_HLS/upconv_core/upconv_core_top/hls/.autopilot/db/upconv_core_top.pp.0.cpp:21085:5: warning: Added loop label VITIS_LOOP_3411_18:   [xilinx-label-all-loops]
    for(int j = 63; j >= 31 + I_; j--) {
    ^~~
    VITIS_LOOP_3411_18: 
/home/hoinguyen/Documents/Vitis/UpConv_HLS/upconv_core/upconv_core_top/hls/.autopilot/db/upconv_core_top.pp.0.cpp:21085:5: note: FIX-IT applied suggested code changes
/home/hoinguyen/Documents/Vitis/UpConv_HLS/upconv_core/upconv_core_top/hls/.autopilot/db/upconv_core_top.pp.0.cpp:21089:5: warning: Added loop label VITIS_LOOP_3415_19:   [xilinx-label-all-loops]
    for(int j = 30 + I_; j >= 0; j--) {
    ^~~
    VITIS_LOOP_3415_19: 
/home/hoinguyen/Documents/Vitis/UpConv_HLS/upconv_core/upconv_core_top/hls/.autopilot/db/upconv_core_top.pp.0.cpp:21089:5: note: FIX-IT applied suggested code changes
/home/hoinguyen/Documents/Vitis/UpConv_HLS/upconv_core/upconv_core_top/hls/.autopilot/db/upconv_core_top.pp.0.cpp:21804:13: warning: Added loop label VITIS_LOOP_703_1:   [xilinx-label-all-loops]
            for (b_exp = I_-1; b_exp >= -F_; b_exp--) {
            ^~~
            VITIS_LOOP_703_1: 
/home/hoinguyen/Documents/Vitis/UpConv_HLS/upconv_core/upconv_core_top/hls/.autopilot/db/upconv_core_top.pp.0.cpp:21804:13: note: FIX-IT applied suggested code changes
/home/hoinguyen/Documents/Vitis/UpConv_HLS/upconv_core/upconv_core_top/hls/.autopilot/db/upconv_core_top.pp.0.cpp:22022:13: warning: Added loop label VITIS_LOOP_921_1:   [xilinx-label-all-loops]
            for (b_exp = I_-1; b_exp >= -F_; b_exp--) {
            ^~~
            VITIS_LOOP_921_1: 
/home/hoinguyen/Documents/Vitis/UpConv_HLS/upconv_core/upconv_core_top/hls/.autopilot/db/upconv_core_top.pp.0.cpp:22022:13: note: FIX-IT applied suggested code changes
/home/hoinguyen/Documents/Vitis/UpConv_HLS/upconv_core/upconv_core_top/hls/.autopilot/db/upconv_core_top.pp.0.cpp:22439:13: warning: Added loop label VITIS_LOOP_1345_1:   [xilinx-label-all-loops]
            for (b_exp = I_-1; b_exp >= -F_; b_exp--) {
            ^~~
            VITIS_LOOP_1345_1: 
/home/hoinguyen/Documents/Vitis/UpConv_HLS/upconv_core/upconv_core_top/hls/.autopilot/db/upconv_core_top.pp.0.cpp:22439:13: note: FIX-IT applied suggested code changes
/home/hoinguyen/Documents/Vitis/UpConv_HLS/upconv_core/upconv_core_top/hls/.autopilot/db/upconv_core_top.pp.0.cpp:22759:9: warning: Added loop label VITIS_LOOP_240_1:   [xilinx-label-all-loops]
        for ( int pos = msbr-1; pos >= 0; pos-- ) {
        ^~~
        VITIS_LOOP_240_1: 
/home/hoinguyen/Documents/Vitis/UpConv_HLS/upconv_core/upconv_core_top/hls/.autopilot/db/upconv_core_top.pp.0.cpp:22759:9: note: FIX-IT applied suggested code changes
/home/hoinguyen/Documents/Vitis/UpConv_HLS/upconv_core/upconv_core_top/hls/.autopilot/db/upconv_core_top.pp.0.cpp:22787:9: warning: Added loop label VITIS_LOOP_268_2:   [xilinx-label-all-loops]
        for ( int pos = -1; pos >= -F_-1; pos-- ) {
        ^~~
        VITIS_LOOP_268_2: 
/home/hoinguyen/Documents/Vitis/UpConv_HLS/upconv_core/upconv_core_top/hls/.autopilot/db/upconv_core_top.pp.0.cpp:22787:9: note: FIX-IT applied suggested code changes
/home/hoinguyen/Documents/Vitis/UpConv_HLS/upconv_core/upconv_core_top/hls/.autopilot/db/upconv_core_top.pp.0.cpp:23489:13: warning: Added loop label VITIS_LOOP_48_1:   [xilinx-label-all-loops]
            for (int j = 0; j < W_-1; j++){
            ^~~
            VITIS_LOOP_48_1: 
/home/hoinguyen/Documents/Vitis/UpConv_HLS/upconv_core/upconv_core_top/hls/.autopilot/db/upconv_core_top.pp.0.cpp:23489:13: note: FIX-IT applied suggested code changes
/home/hoinguyen/Documents/Vitis/UpConv_HLS/upconv_core/upconv_core_top/hls/.autopilot/db/upconv_core_top.pp.0.cpp:23542:5: warning: Added loop label VITIS_LOOP_109_2:   [xilinx-label-all-loops]
    for (int j = F_l+F_+I_m-1; j < F_l+W_+5; j++){
    ^~~
    VITIS_LOOP_109_2: 
/home/hoinguyen/Documents/Vitis/UpConv_HLS/upconv_core/upconv_core_top/hls/.autopilot/db/upconv_core_top.pp.0.cpp:23542:5: note: FIX-IT applied suggested code changes
/home/hoinguyen/Documents/Vitis/UpConv_HLS/upconv_core/upconv_core_top/hls/.autopilot/db/upconv_core_top.pp.0.cpp:23556:13: warning: Added loop label VITIS_LOOP_123_3:   [xilinx-label-all-loops]
            for (int j = WO_m-1; j >= W_-1; j--) {
            ^~~
            VITIS_LOOP_123_3: 
/home/hoinguyen/Documents/Vitis/UpConv_HLS/upconv_core/upconv_core_top/hls/.autopilot/db/upconv_core_top.pp.0.cpp:23556:13: note: FIX-IT applied suggested code changes
/home/hoinguyen/Documents/Vitis/UpConv_HLS/upconv_core/upconv_core_top/hls/.autopilot/db/upconv_core_top.pp.0.cpp:23586:13: warning: Added loop label VITIS_LOOP_153_4:   [xilinx-label-all-loops]
            for (int j = W_-2; j >= 0; j--){
            ^~~
            VITIS_LOOP_153_4: 
/home/hoinguyen/Documents/Vitis/UpConv_HLS/upconv_core/upconv_core_top/hls/.autopilot/db/upconv_core_top.pp.0.cpp:23586:13: note: FIX-IT applied suggested code changes
/home/hoinguyen/Documents/Vitis/UpConv_HLS/upconv_core/upconv_core_top/hls/.autopilot/db/upconv_core_top.pp.0.cpp:23671:12: warning: Added loop label VITIS_LOOP_281_1:   [xilinx-label-all-loops]
           for(int i = wf_log+we_log-2; i > WI_e - 2; --i) {
           ^~~
           VITIS_LOOP_281_1: 
/home/hoinguyen/Documents/Vitis/UpConv_HLS/upconv_core/upconv_core_top/hls/.autopilot/db/upconv_core_top.pp.0.cpp:23671:12: note: FIX-IT applied suggested code changes
/home/hoinguyen/Documents/Vitis/UpConv_HLS/upconv_core/upconv_core_top/hls/.autopilot/db/upconv_core_top.pp.0.cpp:23691:16: warning: Added loop label VITIS_LOOP_301_2:   [xilinx-label-all-loops]
               for (int j = WO_e-1; j >= W_-1; j--) {
               ^~~
               VITIS_LOOP_301_2: 
/home/hoinguyen/Documents/Vitis/UpConv_HLS/upconv_core/upconv_core_top/hls/.autopilot/db/upconv_core_top.pp.0.cpp:23691:16: note: FIX-IT applied suggested code changes
/home/hoinguyen/Documents/Vitis/UpConv_HLS/upconv_core/upconv_core_top/hls/.autopilot/db/upconv_core_top.pp.0.cpp:23705:20: warning: Added loop label VITIS_LOOP_315_3:   [xilinx-label-all-loops]
                   for(int i = 0; i < W_-1; ++i) {
                   ^~~
                   VITIS_LOOP_315_3: 
/home/hoinguyen/Documents/Vitis/UpConv_HLS/upconv_core/upconv_core_top/hls/.autopilot/db/upconv_core_top.pp.0.cpp:23705:20: note: FIX-IT applied suggested code changes
/home/hoinguyen/Documents/Vitis/UpConv_HLS/upconv_core/upconv_core_top/hls/.autopilot/db/upconv_core_top.pp.0.cpp:23798:12: warning: Added loop label VITIS_LOOP_433_1:   [xilinx-label-all-loops]
           for (int j =WO_d-1; j >= W_-1; j--) {
           ^~~
           VITIS_LOOP_433_1: 
/home/hoinguyen/Documents/Vitis/UpConv_HLS/upconv_core/upconv_core_top/hls/.autopilot/db/upconv_core_top.pp.0.cpp:23798:12: note: FIX-IT applied suggested code changes
/home/hoinguyen/Documents/Vitis/UpConv_HLS/upconv_core/upconv_core_top/hls/.autopilot/db/upconv_core_top.pp.0.cpp:23812:15: warning: Added loop label VITIS_LOOP_447_2:   [xilinx-label-all-loops]
              for(int i = 0; i < W_-1; ++i) {
              ^~~
              VITIS_LOOP_447_2: 
/home/hoinguyen/Documents/Vitis/UpConv_HLS/upconv_core/upconv_core_top/hls/.autopilot/db/upconv_core_top.pp.0.cpp:23812:15: note: FIX-IT applied suggested code changes
/home/hoinguyen/Documents/Vitis/UpConv_HLS/upconv_core/upconv_core_top/hls/.autopilot/db/upconv_core_top.pp.0.cpp:23932:13: warning: Added loop label VITIS_LOOP_33_1:   [xilinx-label-all-loops]
            for (int i = 0; i < W_-1; i++){
            ^~~
            VITIS_LOOP_33_1: 
/home/hoinguyen/Documents/Vitis/UpConv_HLS/upconv_core/upconv_core_top/hls/.autopilot/db/upconv_core_top.pp.0.cpp:23932:13: note: FIX-IT applied suggested code changes
/home/hoinguyen/Documents/Vitis/UpConv_HLS/upconv_core/upconv_core_top/hls/.autopilot/db/upconv_core_top.pp.0.cpp:24056:13: warning: Added loop label VITIS_LOOP_183_1:   [xilinx-label-all-loops]
            for (int i = 0; i < W_-1; i++){
            ^~~
            VITIS_LOOP_183_1: 
/home/hoinguyen/Documents/Vitis/UpConv_HLS/upconv_core/upconv_core_top/hls/.autopilot/db/upconv_core_top.pp.0.cpp:24056:13: note: FIX-IT applied suggested code changes
/home/hoinguyen/Documents/Vitis/UpConv_HLS/upconv_core/upconv_core_top/hls/.autopilot/db/upconv_core_top.pp.0.cpp:24111:13: warning: Added loop label VITIS_LOOP_248_1:   [xilinx-label-all-loops]
            for (int i = 0; i < W_-1; i++){
            ^~~
            VITIS_LOOP_248_1: 
/home/hoinguyen/Documents/Vitis/UpConv_HLS/upconv_core/upconv_core_top/hls/.autopilot/db/upconv_core_top.pp.0.cpp:24111:13: note: FIX-IT applied suggested code changes
/home/hoinguyen/Documents/Vitis/UpConv_HLS/upconv_core/upconv_core_top/hls/.autopilot/db/upconv_core_top.pp.0.cpp:24630:2: warning: Added loop label VITIS_LOOP_16_1:   [xilinx-label-all-loops]
 for (int i=0; i<W_;i++)
 ^~~
 VITIS_LOOP_16_1: 
/home/hoinguyen/Documents/Vitis/UpConv_HLS/upconv_core/upconv_core_top/hls/.autopilot/db/upconv_core_top.pp.0.cpp:24630:2: note: FIX-IT applied suggested code changes
/home/hoinguyen/Documents/Vitis/UpConv_HLS/upconv_core/upconv_core_top/hls/.autopilot/db/upconv_core_top.pp.0.cpp:24641:2: warning: Added loop label VITIS_LOOP_27_1:   [xilinx-label-all-loops]
 for (int i=0; i<W_;i++)
 ^~~
 VITIS_LOOP_27_1: 
/home/hoinguyen/Documents/Vitis/UpConv_HLS/upconv_core/upconv_core_top/hls/.autopilot/db/upconv_core_top.pp.0.cpp:24641:2: note: FIX-IT applied suggested code changes
/home/hoinguyen/Documents/Vitis/UpConv_HLS/upconv_core/upconv_core_top/hls/.autopilot/db/upconv_core_top.pp.0.cpp:24652:2: warning: Added loop label VITIS_LOOP_38_1:   [xilinx-label-all-loops]
 for (int i=0; i<I_;i++)
 ^~~
 VITIS_LOOP_38_1: 
/home/hoinguyen/Documents/Vitis/UpConv_HLS/upconv_core/upconv_core_top/hls/.autopilot/db/upconv_core_top.pp.0.cpp:24652:2: note: FIX-IT applied suggested code changes
/home/hoinguyen/Documents/Vitis/UpConv_HLS/upconv_core/upconv_core_top/hls/.autopilot/db/upconv_core_top.pp.0.cpp:24663:2: warning: Added loop label VITIS_LOOP_49_1:   [xilinx-label-all-loops]
 for (int i=0; i<I_;i++)
 ^~~
 VITIS_LOOP_49_1: 
/home/hoinguyen/Documents/Vitis/UpConv_HLS/upconv_core/upconv_core_top/hls/.autopilot/db/upconv_core_top.pp.0.cpp:24663:2: note: FIX-IT applied suggested code changes
/home/hoinguyen/Documents/Vitis/UpConv_HLS/upconv_core/upconv_core_top/hls/.autopilot/db/upconv_core_top.pp.0.cpp:24674:2: warning: Added loop label VITIS_LOOP_60_1:   [xilinx-label-all-loops]
 for (int i=0; i<W_;i++)
 ^~~
 VITIS_LOOP_60_1: 
/home/hoinguyen/Documents/Vitis/UpConv_HLS/upconv_core/upconv_core_top/hls/.autopilot/db/upconv_core_top.pp.0.cpp:24674:2: note: FIX-IT applied suggested code changes
/home/hoinguyen/Documents/Vitis/UpConv_HLS/upconv_core/upconv_core_top/hls/.autopilot/db/upconv_core_top.pp.0.cpp:24685:2: warning: Added loop label VITIS_LOOP_71_1:   [xilinx-label-all-loops]
 for (int i=0; i<W_;i++)
 ^~~
 VITIS_LOOP_71_1: 
/home/hoinguyen/Documents/Vitis/UpConv_HLS/upconv_core/upconv_core_top/hls/.autopilot/db/upconv_core_top.pp.0.cpp:24685:2: note: FIX-IT applied suggested code changes
/home/hoinguyen/Documents/Vitis/UpConv_HLS/upconv_core/upconv_core_top/hls/.autopilot/db/upconv_core_top.pp.0.cpp:24696:2: warning: Added loop label VITIS_LOOP_82_1:   [xilinx-label-all-loops]
 for (int i=0; i<I_;i++)
 ^~~
 VITIS_LOOP_82_1: 
/home/hoinguyen/Documents/Vitis/UpConv_HLS/upconv_core/upconv_core_top/hls/.autopilot/db/upconv_core_top.pp.0.cpp:24696:2: note: FIX-IT applied suggested code changes
/home/hoinguyen/Documents/Vitis/UpConv_HLS/upconv_core/upconv_core_top/hls/.autopilot/db/upconv_core_top.pp.0.cpp:24707:2: warning: Added loop label VITIS_LOOP_93_1:   [xilinx-label-all-loops]
 for (int i=0; i<I_;i++)
 ^~~
 VITIS_LOOP_93_1: 
/home/hoinguyen/Documents/Vitis/UpConv_HLS/upconv_core/upconv_core_top/hls/.autopilot/db/upconv_core_top.pp.0.cpp:24707:2: note: FIX-IT applied suggested code changes
/home/hoinguyen/Documents/Vitis/UpConv_HLS/upconv_core/upconv_core_top/hls/.autopilot/db/upconv_core_top.pp.0.cpp:27067:12: warning: Added loop label VITIS_LOOP_26_1:   [xilinx-label-all-loops]
           for(int i = 0; i < W_-1; ++i) {
           ^~~
           VITIS_LOOP_26_1: 
/home/hoinguyen/Documents/Vitis/UpConv_HLS/upconv_core/upconv_core_top/hls/.autopilot/db/upconv_core_top.pp.0.cpp:27067:12: note: FIX-IT applied suggested code changes
/home/hoinguyen/Documents/Vitis/UpConv_HLS/upconv_core/upconv_core_top/hls/.autopilot/db/upconv_core_top.pp.0.cpp:27131:7: warning: Added loop label VITIS_LOOP_40_1:   [xilinx-label-all-loops]
      for(int pos = msbr - 1 ; pos >= -F-1; pos--) {
      ^~~
      VITIS_LOOP_40_1: 
/home/hoinguyen/Documents/Vitis/UpConv_HLS/upconv_core/upconv_core_top/hls/.autopilot/db/upconv_core_top.pp.0.cpp:27131:7: note: FIX-IT applied suggested code changes
/home/hoinguyen/Documents/Vitis/UpConv_HLS/upconv_core/upconv_core_top/hls/.autopilot/db/upconv_core_top.pp.0.cpp:27248:9: warning: Added loop label VITIS_LOOP_49_1:   [xilinx-label-all-loops]
        for(int pos = msbr - 1; pos >= 0; pos--) {
        ^~~
        VITIS_LOOP_49_1: 
/home/hoinguyen/Documents/Vitis/UpConv_HLS/upconv_core/upconv_core_top/hls/.autopilot/db/upconv_core_top.pp.0.cpp:27248:9: note: FIX-IT applied suggested code changes
/home/hoinguyen/Documents/Vitis/UpConv_HLS/upconv_core/upconv_core_top/hls/.autopilot/db/upconv_core_top.pp.0.cpp:27273:5: warning: Added loop label VITIS_LOOP_81_2:   [xilinx-label-all-loops]
    for(int pos = -1; pos >= -F-1; pos--) {
    ^~~
    VITIS_LOOP_81_2: 
/home/hoinguyen/Documents/Vitis/UpConv_HLS/upconv_core/upconv_core_top/hls/.autopilot/db/upconv_core_top.pp.0.cpp:27273:5: note: FIX-IT applied suggested code changes
/home/hoinguyen/Documents/Vitis/UpConv_HLS/upconv_core/upconv_core_top/hls/.autopilot/db/upconv_core_top.pp.0.cpp:27343:8: warning: Added loop label VITIS_LOOP_169_3:   [xilinx-label-all-loops]
       for(int i = 0; i < W - 1; ++i) {
       ^~~
       VITIS_LOOP_169_3: 
/home/hoinguyen/Documents/Vitis/UpConv_HLS/upconv_core/upconv_core_top/hls/.autopilot/db/upconv_core_top.pp.0.cpp:27343:8: note: FIX-IT applied suggested code changes
/home/hoinguyen/Documents/Vitis/UpConv_HLS/upconv_core/upconv_core_top/hls/.autopilot/db/upconv_core_top.pp.0.cpp:30077:2: warning: Added loop label VITIS_LOOP_74_1:   [xilinx-label-all-loops]
 for (int l = 0; l < 16; l++) {
 ^~~
 VITIS_LOOP_74_1: 
/home/hoinguyen/Documents/Vitis/UpConv_HLS/upconv_core/upconv_core_top/hls/.autopilot/db/upconv_core_top.pp.0.cpp:30077:2: note: FIX-IT applied suggested code changes
/home/hoinguyen/Documents/Vitis/UpConv_HLS/upconv_core/upconv_core_top/hls/.autopilot/db/upconv_core_top.pp.0.cpp:30151:21: warning: Added loop label VITIS_LOOP_148_1:   [xilinx-label-all-loops]
                    for (int l = 0; l < 16; l++) {
                    ^~~
                    VITIS_LOOP_148_1: 
/home/hoinguyen/Documents/Vitis/UpConv_HLS/upconv_core/upconv_core_top/hls/.autopilot/db/upconv_core_top.pp.0.cpp:30151:21: note: FIX-IT applied suggested code changes
/home/hoinguyen/Documents/Vitis/UpConv_HLS/upconv_core/upconv_core_top/hls/.autopilot/db/upconv_core_top.pp.0.cpp:30246:13: warning: Added loop label VITIS_LOOP_243_1:   [xilinx-label-all-loops]
            for (int r = 0; r < 8; r++) {
            ^~~
            VITIS_LOOP_243_1: 
/home/hoinguyen/Documents/Vitis/UpConv_HLS/upconv_core/upconv_core_top/hls/.autopilot/db/upconv_core_top.pp.0.cpp:30246:13: note: FIX-IT applied suggested code changes
/home/hoinguyen/Documents/Vitis/UpConv_HLS/upconv_core/upconv_core_top/hls/.autopilot/db/upconv_core_top.pp.0.cpp:30280:9: warning: Added loop label VITIS_LOOP_277_1:   [xilinx-label-all-loops]
        for (int l = 0; l < 16; l++) {
        ^~~
        VITIS_LOOP_277_1: 
/home/hoinguyen/Documents/Vitis/UpConv_HLS/upconv_core/upconv_core_top/hls/.autopilot/db/upconv_core_top.pp.0.cpp:30280:9: note: FIX-IT applied suggested code changes
/home/hoinguyen/Documents/Vitis/UpConv_HLS/upconv_core/upconv_core_top/hls/.autopilot/db/upconv_core_top.pp.0.cpp:30327:48: error: Invalid Directive: for current device, ram_t2p + uram is invalid combination for BIND_STORAGE's option 'type + impl' [clang-diagnostic-error]
#pragma HLS BIND_STORAGE variable=row_acc type=ram_t2p impl=uram
                                               ^
/home/hoinguyen/Documents/Vitis/UpConv_HLS/upconv_core/upconv_core_top/hls/.autopilot/db/upconv_core_top.pp.0.cpp:30335:48: error: Invalid Directive: for current device, ram_t2p + bram is invalid combination for BIND_STORAGE's option 'type + impl' [clang-diagnostic-error]
#pragma HLS BIND_STORAGE variable=w_local type=ram_t2p impl=bram latency=2
                                               ^
/home/hoinguyen/Documents/Vitis/UpConv_HLS/upconv_core/upconv_core_top/hls/.autopilot/db/upconv_core_top.pp.0.cpp:30340:49: error: Invalid Directive: for current device, ram_2p + lutram is invalid combination for BIND_STORAGE's option 'type + impl' [clang-diagnostic-error]
#pragma HLS BIND_STORAGE variable=mean_buf type=ram_2p impl=lutram
                                                ^
/home/hoinguyen/Documents/Vitis/UpConv_HLS/upconv_core/upconv_core_top/hls/.autopilot/db/upconv_core_top.pp.0.cpp:30341:48: error: Invalid Directive: for current device, ram_2p + lutram is invalid combination for BIND_STORAGE's option 'type + impl' [clang-diagnostic-error]
#pragma HLS BIND_STORAGE variable=inv_buf type=ram_2p impl=lutram
                                               ^
/home/hoinguyen/Documents/Vitis/UpConv_HLS/upconv_core/upconv_core_top/hls/.autopilot/db/upconv_core_top.pp.0.cpp:30382:46: error: Invalid Directive: for current device, ram_t2p + bram is invalid combination for BIND_STORAGE's option 'type + impl' [clang-diagnostic-error]
#pragma HLS BIND_STORAGE variable=b_buf type=ram_t2p impl=bram
                                             ^
/home/hoinguyen/Documents/Vitis/UpConv_HLS/upconv_core/upconv_core_top/hls/.autopilot/db/upconv_core_top.pp.0.cpp:30383:46: error: Invalid Directive: for current device, ram_t2p + bram is invalid combination for BIND_STORAGE's option 'type + impl' [clang-diagnostic-error]
#pragma HLS BIND_STORAGE variable=g_buf type=ram_t2p impl=bram
                                             ^
/home/hoinguyen/Documents/Vitis/UpConv_HLS/upconv_core/upconv_core_top/hls/.autopilot/db/upconv_core_top.pp.0.cpp:30384:47: error: Invalid Directive: for current device, ram_t2p + bram is invalid combination for BIND_STORAGE's option 'type + impl' [clang-diagnostic-error]
#pragma HLS BIND_STORAGE variable=be_buf type=ram_t2p impl=bram
                                              ^
/home/hoinguyen/Documents/Vitis/UpConv_HLS/upconv_core/upconv_core_top/hls/.autopilot/db/upconv_core_top.pp.0.cpp:30456:46: error: Invalid Directive: for current device, ram_t2p + uram is invalid combination for BIND_STORAGE's option 'type + impl' [clang-diagnostic-error]
#pragma HLS BIND_STORAGE variable=x_buf type=ram_t2p impl=uram
                                             ^
