

================================================================
== Vitis HLS Report for 'upconv_core_top'
================================================================
* Date:           Wed Jun  3 12:32:20 2026

* Version:        2024.2 (Build 5238294 on Nov  8 2024)
* Project:        upconv_core_top
* Solution:       hls (Vivado IP Flow Target)
* Product family: zynquplus
* Target device:  xczu7ev-ffvc1156-2-e


================================================================
== Performance Estimates
================================================================
+ Timing: 
    * Summary: 
    +--------+---------+----------+------------+
    |  Clock |  Target | Estimated| Uncertainty|
    +--------+---------+----------+------------+
    |ap_clk  |  3.33 ns|  2.433 ns|     0.90 ns|
    +--------+---------+----------+------------+

+ Latency: 
    * Summary: 
    +---------+------------+----------+-----------+-------+------------+---------+
    |   Latency (cycles)   |  Latency (absolute)  |      Interval      | Pipeline|
    |   min   |     max    |    min   |    max    |  min  |     max    |   Type  |
    +---------+------------+----------+-----------+-------+------------+---------+
    |    64515|  1163580687|  0.215 ms|  3.878 sec|  64516|  1163580688|       no|
    +---------+------------+----------+-----------+-------+------------+---------+

    + Detail: 
        * Instance: 
        N/A

        * Loop: 
        +------------+---------+------------+----------------+-----------+-----------+----------+----------+
        |            |   Latency (cycles)   |    Iteration   |  Initiation Interval  |   Trip   |          |
        |  Loop Name |   min   |     max    |     Latency    |  achieved |   target  |   Count  | Pipelined|
        +------------+---------+------------+----------------+-----------+-----------+----------+----------+
        |- ROW_LOOP  |    60688|  1154555008|  3793 ~ 9019961|          -|          -|  16 ~ 128|        no|
        +------------+---------+------------+----------------+-----------+-----------+----------+----------+

============================================================
+ Verbose Summary: Synthesis Manager
============================================================
InlineROM: 1
ExposeGlobal: 0
============================================================
+ Verbose Summary: CDFG Model
============================================================
IsTopModel: 1
ResetActiveHigh: 1
IsCombinational: 0
IsDatapathOnly: 0
HasWiredReturn: 1
HasMFsm: 0
HasVarLatency: 1
IsPipeline: 0
IsRtlPipelined: 0
IsInstanceOverlapped: 0
IsDontTouch: 0
HasImplIP: 0
IsGatedGlobalClock: 0


============================================================
+ Verbose Summary: Schedule
============================================================
* Number of FSM states : 43
* Pipeline : 0
* Dataflow Pipeline: 0

* FSM state transitions: 
1 --> 2 
2 --> 3 
3 --> 4 
4 --> 5 
5 --> 6 
6 --> 7 
7 --> 8 
8 --> 9 
9 --> 10 
10 --> 11 
11 --> 12 
12 --> 13 
13 --> 14 
14 --> 15 
15 --> 16 
16 --> 17 
17 --> 18 
18 --> 19 
19 --> 20 
20 --> 21 
21 --> 22 
22 --> 23 
23 --> 24 
24 --> 25 
25 --> 26 
26 --> 27 
27 --> 28 
28 --> 29 
29 --> 30 
30 --> 31 
31 --> 32 
32 --> 33 
33 --> 34 
34 --> 35 
35 --> 36 42 
36 --> 37 
37 --> 38 
38 --> 39 
39 --> 40 
40 --> 41 
41 --> 35 
42 --> 43 
43 --> 

* FSM state operations: 

State 1 <SV = 0> <Delay = 2.31>
ST_1 : Operation 44 [1/1] (0.00ns)   --->   "%hi = alloca i32 1" [../gen/UpConv_Unified.tpp:395->../gen/upconv_core_top.cpp:59]   --->   Operation 44 'alloca' 'hi' <Predicate = true> <Delay = 0.00>
ST_1 : Operation 45 [1/1] (0.00ns)   --->   "%indvar = alloca i32 1"   --->   Operation 45 'alloca' 'indvar' <Predicate = true> <Delay = 0.00>
ST_1 : Operation 46 [1/1] (1.00ns)   --->   "%mode_read = read i32 @_ssdm_op_Read.s_axilite.i32, i32 %mode"   --->   Operation 46 'read' 'mode_read' <Predicate = true> <Delay = 1.00> <CoreInst = "s_axilite">   --->   Core 120 's_axilite' <Latency = 0> <II = 1> <Delay = 1.00> <Adapter> <Opcode : 'read' 'write'>
ST_1 : Operation 47 [1/1] (1.00ns)   --->   "%epsilon_read = read i16 @_ssdm_op_Read.s_axilite.half, i16 %epsilon"   --->   Operation 47 'read' 'epsilon_read' <Predicate = true> <Delay = 1.00> <CoreInst = "s_axilite">   --->   Core 120 's_axilite' <Latency = 0> <II = 1> <Delay = 1.00> <Adapter> <Opcode : 'read' 'write'>
ST_1 : Operation 48 [1/1] (1.00ns)   --->   "%Y_read = read i64 @_ssdm_op_Read.s_axilite.i64, i64 %Y"   --->   Operation 48 'read' 'Y_read' <Predicate = true> <Delay = 1.00> <CoreInst = "s_axilite">   --->   Core 120 's_axilite' <Latency = 0> <II = 1> <Delay = 1.00> <Adapter> <Opcode : 'read' 'write'>
ST_1 : Operation 49 [1/1] (1.00ns)   --->   "%BE_read = read i64 @_ssdm_op_Read.s_axilite.i64, i64 %BE"   --->   Operation 49 'read' 'BE_read' <Predicate = true> <Delay = 1.00> <CoreInst = "s_axilite">   --->   Core 120 's_axilite' <Latency = 0> <II = 1> <Delay = 1.00> <Adapter> <Opcode : 'read' 'write'>
ST_1 : Operation 50 [1/1] (1.00ns)   --->   "%G_read = read i64 @_ssdm_op_Read.s_axilite.i64, i64 %G"   --->   Operation 50 'read' 'G_read' <Predicate = true> <Delay = 1.00> <CoreInst = "s_axilite">   --->   Core 120 's_axilite' <Latency = 0> <II = 1> <Delay = 1.00> <Adapter> <Opcode : 'read' 'write'>
ST_1 : Operation 51 [1/1] (1.00ns)   --->   "%B_read = read i64 @_ssdm_op_Read.s_axilite.i64, i64 %B"   --->   Operation 51 'read' 'B_read' <Predicate = true> <Delay = 1.00> <CoreInst = "s_axilite">   --->   Core 120 's_axilite' <Latency = 0> <II = 1> <Delay = 1.00> <Adapter> <Opcode : 'read' 'write'>
ST_1 : Operation 52 [1/1] (1.00ns)   --->   "%W_read = read i64 @_ssdm_op_Read.s_axilite.i64, i64 %W"   --->   Operation 52 'read' 'W_read' <Predicate = true> <Delay = 1.00> <CoreInst = "s_axilite">   --->   Core 120 's_axilite' <Latency = 0> <II = 1> <Delay = 1.00> <Adapter> <Opcode : 'read' 'write'>
ST_1 : Operation 53 [1/1] (1.00ns)   --->   "%X_read = read i64 @_ssdm_op_Read.s_axilite.i64, i64 %X"   --->   Operation 53 'read' 'X_read' <Predicate = true> <Delay = 1.00> <CoreInst = "s_axilite">   --->   Core 120 's_axilite' <Latency = 0> <II = 1> <Delay = 1.00> <Adapter> <Opcode : 'read' 'write'>
ST_1 : Operation 54 [1/1] (0.00ns)   --->   "%b_buf = alloca i64 1" [../gen/UpConv_Unified.tpp:376->../gen/upconv_core_top.cpp:59]   --->   Operation 54 'alloca' 'b_buf' <Predicate = true> <Delay = 0.00> <CoreInst = "RAM_T2P_BRAM">   --->   Core 98 'RAM_T2P_BRAM' <Latency = 1> <II = 1> <Delay = 1.23> <Storage> <Opcode : 'load' 'store'> <Ports = 2> <Width = 256> <Depth = 30> <RAM>
ST_1 : Operation 55 [1/1] (0.00ns)   --->   "%g_buf = alloca i64 1" [../gen/UpConv_Unified.tpp:377->../gen/upconv_core_top.cpp:59]   --->   Operation 55 'alloca' 'g_buf' <Predicate = true> <Delay = 0.00> <CoreInst = "RAM_T2P_BRAM">   --->   Core 98 'RAM_T2P_BRAM' <Latency = 1> <II = 1> <Delay = 1.23> <Storage> <Opcode : 'load' 'store'> <Ports = 2> <Width = 256> <Depth = 30> <RAM>
ST_1 : Operation 56 [1/1] (0.00ns)   --->   "%be_buf = alloca i64 1" [../gen/UpConv_Unified.tpp:378->../gen/upconv_core_top.cpp:59]   --->   Operation 56 'alloca' 'be_buf' <Predicate = true> <Delay = 0.00> <CoreInst = "RAM_T2P_BRAM">   --->   Core 98 'RAM_T2P_BRAM' <Latency = 1> <II = 1> <Delay = 1.23> <Storage> <Opcode : 'load' 'store'> <Ports = 2> <Width = 256> <Depth = 30> <RAM>
ST_1 : Operation 57 [1/1] (1.01ns)   --->   "%icmp_ln46 = icmp_eq  i32 %mode_read, i32 0" [../gen/upconv_core_top.cpp:46]   --->   Operation 57 'icmp' 'icmp_ln46' <Predicate = true> <Delay = 1.01> <CoreInst = "Cmp">   --->   Core 9 'Cmp' <Latency = 0> <II = 1> <Delay = 1.01> <FuncUnit> <Opcode : 'seteq' 'setne' 'setle' 'setge' 'setlt' 'setgt'> <InPorts = 2> <OutPorts = 1>
ST_1 : Operation 58 [1/1] (1.01ns)   --->   "%icmp_ln46_1 = icmp_eq  i32 %mode_read, i32 1" [../gen/upconv_core_top.cpp:46]   --->   Operation 58 'icmp' 'icmp_ln46_1' <Predicate = true> <Delay = 1.01> <CoreInst = "Cmp">   --->   Core 9 'Cmp' <Latency = 0> <II = 1> <Delay = 1.01> <FuncUnit> <Opcode : 'seteq' 'setne' 'setle' 'setge' 'setlt' 'setgt'> <InPorts = 2> <OutPorts = 1>
ST_1 : Operation 59 [1/1] (1.01ns)   --->   "%icmp_ln46_2 = icmp_eq  i32 %mode_read, i32 2" [../gen/upconv_core_top.cpp:46]   --->   Operation 59 'icmp' 'icmp_ln46_2' <Predicate = true> <Delay = 1.01> <CoreInst = "Cmp">   --->   Core 9 'Cmp' <Latency = 0> <II = 1> <Delay = 1.01> <FuncUnit> <Opcode : 'seteq' 'setne' 'setle' 'setge' 'setlt' 'setgt'> <InPorts = 2> <OutPorts = 1>
ST_1 : Operation 60 [1/1] (1.01ns)   --->   "%icmp_ln46_3 = icmp_eq  i32 %mode_read, i32 3" [../gen/upconv_core_top.cpp:46]   --->   Operation 60 'icmp' 'icmp_ln46_3' <Predicate = true> <Delay = 1.01> <CoreInst = "Cmp">   --->   Core 9 'Cmp' <Latency = 0> <II = 1> <Delay = 1.01> <FuncUnit> <Opcode : 'seteq' 'setne' 'setle' 'setge' 'setlt' 'setgt'> <InPorts = 2> <OutPorts = 1>
ST_1 : Operation 61 [1/1] (0.52ns)   --->   "%C_OUT = sparsemux i9 @_ssdm_op_SparseMux.ap_auto.4i9.i9.i32, i32 0, i9 480, i32 1, i9 240, i32 2, i9 120, i32 3, i9 60, i9 32, i32 %mode_read"   --->   Operation 61 'sparsemux' 'C_OUT' <Predicate = true> <Delay = 0.52> <CoreInst = "BinarySparseMux_HasDef">   --->   Core 150 'BinarySparseMux_HasDef' <Latency = 0> <II = 1> <Delay = 0.52> <FuncUnit> <Opcode : 'sparsemux'> <InPorts = 2> <OutPorts = 1>
ST_1 : Operation 62 [1/1] (0.52ns)   --->   "%C_IN = sparsemux i10 @_ssdm_op_SparseMux.ap_auto.4i10.i10.i32, i32 0, i10 960, i32 1, i10 480, i32 2, i10 240, i32 3, i10 120, i10 64, i32 %mode_read"   --->   Operation 62 'sparsemux' 'C_IN' <Predicate = true> <Delay = 0.52> <CoreInst = "BinarySparseMux_HasDef">   --->   Core 150 'BinarySparseMux_HasDef' <Latency = 0> <II = 1> <Delay = 0.52> <FuncUnit> <Opcode : 'sparsemux'> <InPorts = 2> <OutPorts = 1>
ST_1 : Operation 63 [1/1] (0.52ns)   --->   "%W_IN = sparsemux i8 @_ssdm_op_SparseMux.ap_auto.4i8.i8.i32, i32 0, i8 16, i32 1, i8 32, i32 2, i8 64, i32 3, i8 128, i8 16, i32 %mode_read" [../gen/upconv_core_top.cpp:45]   --->   Operation 63 'sparsemux' 'W_IN' <Predicate = true> <Delay = 0.52> <CoreInst = "BinarySparseMux_HasDef">   --->   Core 150 'BinarySparseMux_HasDef' <Latency = 0> <II = 1> <Delay = 0.52> <FuncUnit> <Opcode : 'sparsemux'> <InPorts = 2> <OutPorts = 1>
ST_1 : Operation 64 [1/1] (0.00ns)   --->   "%trunc_ln = partselect i59 @_ssdm_op_PartSelect.i59.i64.i32.i32, i64 %B_read, i32 5, i32 63" [../gen/UpConv_Unified.tpp:188->../gen/UpConv_Unified.tpp:383->../gen/upconv_core_top.cpp:59]   --->   Operation 64 'partselect' 'trunc_ln' <Predicate = true> <Delay = 0.00>
ST_1 : Operation 65 [1/1] (0.00ns)   --->   "%trunc_ln1 = partselect i59 @_ssdm_op_PartSelect.i59.i64.i32.i32, i64 %G_read, i32 5, i32 63" [../gen/UpConv_Unified.tpp:193->../gen/UpConv_Unified.tpp:383->../gen/upconv_core_top.cpp:59]   --->   Operation 65 'partselect' 'trunc_ln1' <Predicate = true> <Delay = 0.00>
ST_1 : Operation 66 [1/1] (0.00ns)   --->   "%trunc_ln2 = partselect i59 @_ssdm_op_PartSelect.i59.i64.i32.i32, i64 %BE_read, i32 5, i32 63" [../gen/UpConv_Unified.tpp:198->../gen/UpConv_Unified.tpp:383->../gen/upconv_core_top.cpp:59]   --->   Operation 66 'partselect' 'trunc_ln2' <Predicate = true> <Delay = 0.00>
ST_1 : Operation 67 [1/1] (0.78ns)   --->   "%add_ln373 = add i10 %C_IN, i10 15" [../gen/UpConv_Unified.tpp:373->../gen/upconv_core_top.cpp:59]   --->   Operation 67 'add' 'add_ln373' <Predicate = true> <Delay = 0.78> <CoreInst = "Adder">   --->   Core 1 'Adder' <Latency = 0> <II = 1> <Delay = 0.78> <FuncUnit> <Opcode : 'add' 'sub'> <InPorts = 2> <OutPorts = 1>
ST_1 : Operation 68 [1/1] (0.00ns)   --->   "%CI_W = partselect i6 @_ssdm_op_PartSelect.i6.i10.i32.i32, i10 %add_ln373, i32 4, i32 9" [../gen/UpConv_Unified.tpp:373->../gen/upconv_core_top.cpp:59]   --->   Operation 68 'partselect' 'CI_W' <Predicate = true> <Delay = 0.00>
ST_1 : Operation 69 [1/1] (0.00ns)   --->   "%trunc_ln4 = partselect i59 @_ssdm_op_PartSelect.i59.i64.i32.i32, i64 %X_read, i32 5, i32 63" [../gen/UpConv_Unified.tpp:387->../gen/upconv_core_top.cpp:59]   --->   Operation 69 'partselect' 'trunc_ln4' <Predicate = true> <Delay = 0.00>
ST_1 : Operation 70 [1/1] (0.42ns)   --->   "%store_ln0 = store i7 0, i7 %indvar"   --->   Operation 70 'store' 'store_ln0' <Predicate = true> <Delay = 0.42>
ST_1 : Operation 71 [1/1] (0.42ns)   --->   "%store_ln395 = store i8 1, i8 %hi" [../gen/UpConv_Unified.tpp:395->../gen/upconv_core_top.cpp:59]   --->   Operation 71 'store' 'store_ln395' <Predicate = true> <Delay = 0.42>

State 2 <SV = 1> <Delay = 1.65>
ST_2 : Operation 72 [1/1] (0.00ns)   --->   "%zext_ln45 = zext i8 %W_IN" [../gen/upconv_core_top.cpp:45]   --->   Operation 72 'zext' 'zext_ln45' <Predicate = true> <Delay = 0.00>
ST_2 : Operation 73 [1/1] (0.77ns)   --->   "%add_ln374 = add i9 %C_OUT, i9 15" [../gen/UpConv_Unified.tpp:374->../gen/upconv_core_top.cpp:59]   --->   Operation 73 'add' 'add_ln374' <Predicate = true> <Delay = 0.77> <CoreInst = "Adder">   --->   Core 1 'Adder' <Latency = 0> <II = 1> <Delay = 0.77> <FuncUnit> <Opcode : 'add' 'sub'> <InPorts = 2> <OutPorts = 1>
ST_2 : Operation 74 [1/1] (0.00ns)   --->   "%C_WORDS_OUT = partselect i5 @_ssdm_op_PartSelect.i5.i9.i32.i32, i9 %add_ln374, i32 4, i32 8" [../gen/UpConv_Unified.tpp:374->../gen/upconv_core_top.cpp:59]   --->   Operation 74 'partselect' 'C_WORDS_OUT' <Predicate = true> <Delay = 0.00>
ST_2 : Operation 75 [1/1] (0.00ns)   --->   "%zext_ln386 = zext i6 %CI_W" [../gen/UpConv_Unified.tpp:386->../gen/upconv_core_top.cpp:59]   --->   Operation 75 'zext' 'zext_ln386' <Predicate = true> <Delay = 0.00>
ST_2 : Operation 76 [1/1] (1.65ns)   --->   "%total = mul i14 %zext_ln386, i14 %zext_ln45" [../gen/UpConv_Unified.tpp:386->../gen/upconv_core_top.cpp:59]   --->   Operation 76 'mul' 'total' <Predicate = true> <Delay = 1.65> <CoreInst = "Multiplier">   --->   Core 3 'Multiplier' <Latency = 0> <II = 1> <Delay = 1.65> <FuncUnit> <Opcode : 'mul'> <InPorts = 2> <OutPorts = 1>
ST_2 : Operation 77 [1/1] (0.00ns)   --->   "%trunc_ln386 = trunc i14 %total" [../gen/UpConv_Unified.tpp:386->../gen/upconv_core_top.cpp:59]   --->   Operation 77 'trunc' 'trunc_ln386' <Predicate = true> <Delay = 0.00>
ST_2 : Operation 78 [1/1] (0.00ns)   --->   "%trunc_ln387 = trunc i14 %total" [../gen/UpConv_Unified.tpp:387->../gen/upconv_core_top.cpp:59]   --->   Operation 78 'trunc' 'trunc_ln387' <Predicate = true> <Delay = 0.00>
ST_2 : Operation 79 [1/1] (0.00ns)   --->   "%trunc_ln395 = trunc i14 %total" [../gen/UpConv_Unified.tpp:395->../gen/upconv_core_top.cpp:59]   --->   Operation 79 'trunc' 'trunc_ln395' <Predicate = true> <Delay = 0.00>

State 3 <SV = 2> <Delay = 2.43>
ST_3 : Operation 80 [1/1] (0.00ns)   --->   "%wide_trip_count36 = zext i5 %C_WORDS_OUT" [../gen/UpConv_Unified.tpp:374->../gen/upconv_core_top.cpp:59]   --->   Operation 80 'zext' 'wide_trip_count36' <Predicate = true> <Delay = 0.00>
ST_3 : Operation 81 [1/1] (0.00ns)   --->   "%sext_ln188 = sext i59 %trunc_ln" [../gen/UpConv_Unified.tpp:188->../gen/UpConv_Unified.tpp:383->../gen/upconv_core_top.cpp:59]   --->   Operation 81 'sext' 'sext_ln188' <Predicate = true> <Delay = 0.00>
ST_3 : Operation 82 [1/1] (0.00ns)   --->   "%gmem_param_addr = getelementptr i256 %gmem_param, i64 %sext_ln188" [../gen/UpConv_Unified.tpp:188->../gen/UpConv_Unified.tpp:383->../gen/upconv_core_top.cpp:59]   --->   Operation 82 'getelementptr' 'gmem_param_addr' <Predicate = true> <Delay = 0.00>
ST_3 : Operation 83 [8/8] (2.43ns)   --->   "%empty_55 = readreq i1 @_ssdm_op_ReadReq.m_axi.p1i256, i256 %gmem_param_addr, i64 %wide_trip_count36" [../gen/UpConv_Unified.tpp:188->../gen/UpConv_Unified.tpp:383->../gen/upconv_core_top.cpp:59]   --->   Operation 83 'readreq' 'empty_55' <Predicate = true> <Delay = 2.43> <CoreInst = "m_axi">   --->   Core 119 'm_axi' <Latency = 6> <II = 1> <Delay = 1.00> <Adapter> <Opcode : 'read' 'write' 'readreq' 'writereq' 'writeresp'>
ST_3 : Operation 84 [1/1] (0.00ns)   --->   "%wide_trip_count24 = zext i14 %total" [../gen/UpConv_Unified.tpp:386->../gen/upconv_core_top.cpp:59]   --->   Operation 84 'zext' 'wide_trip_count24' <Predicate = true> <Delay = 0.00>
ST_3 : Operation 85 [1/1] (0.00ns)   --->   "%sext_ln387 = sext i59 %trunc_ln4" [../gen/UpConv_Unified.tpp:387->../gen/upconv_core_top.cpp:59]   --->   Operation 85 'sext' 'sext_ln387' <Predicate = true> <Delay = 0.00>
ST_3 : Operation 86 [1/1] (0.00ns)   --->   "%gmem_in_addr = getelementptr i256 %gmem_in, i64 %sext_ln387" [../gen/UpConv_Unified.tpp:387->../gen/upconv_core_top.cpp:59]   --->   Operation 86 'getelementptr' 'gmem_in_addr' <Predicate = true> <Delay = 0.00>
ST_3 : Operation 87 [8/8] (2.43ns)   --->   "%empty_58 = readreq i1 @_ssdm_op_ReadReq.m_axi.p1i256, i256 %gmem_in_addr, i64 %wide_trip_count24" [../gen/UpConv_Unified.tpp:387->../gen/upconv_core_top.cpp:59]   --->   Operation 87 'readreq' 'empty_58' <Predicate = true> <Delay = 2.43> <CoreInst = "m_axi">   --->   Core 119 'm_axi' <Latency = 6> <II = 1> <Delay = 1.00> <Adapter> <Opcode : 'read' 'write' 'readreq' 'writereq' 'writeresp'>
ST_3 : Operation 88 [1/1] (0.00ns)   --->   "%shl_ln = bitconcatenate i17 @_ssdm_op_BitConcatenate.i17.i12.i5, i12 %trunc_ln395, i5 0" [../gen/UpConv_Unified.tpp:395->../gen/upconv_core_top.cpp:59]   --->   Operation 88 'bitconcatenate' 'shl_ln' <Predicate = true> <Delay = 0.00>
ST_3 : Operation 89 [1/1] (0.00ns)   --->   "%zext_ln395 = zext i17 %shl_ln" [../gen/UpConv_Unified.tpp:395->../gen/upconv_core_top.cpp:59]   --->   Operation 89 'zext' 'zext_ln395' <Predicate = true> <Delay = 0.00>
ST_3 : Operation 90 [1/1] (1.08ns)   --->   "%add_ln395 = add i64 %zext_ln395, i64 %X_read" [../gen/UpConv_Unified.tpp:395->../gen/upconv_core_top.cpp:59]   --->   Operation 90 'add' 'add_ln395' <Predicate = true> <Delay = 1.08> <CoreInst = "Adder">   --->   Core 1 'Adder' <Latency = 0> <II = 1> <Delay = 1.08> <FuncUnit> <Opcode : 'add' 'sub'> <InPorts = 2> <OutPorts = 1>
ST_3 : Operation 91 [1/1] (0.00ns)   --->   "%trunc_ln5 = partselect i59 @_ssdm_op_PartSelect.i59.i64.i32.i32, i64 %add_ln395, i32 5, i32 63" [../gen/UpConv_Unified.tpp:395->../gen/upconv_core_top.cpp:59]   --->   Operation 91 'partselect' 'trunc_ln5' <Predicate = true> <Delay = 0.00>

State 4 <SV = 3> <Delay = 2.43>
ST_4 : Operation 92 [7/8] (2.43ns)   --->   "%empty_55 = readreq i1 @_ssdm_op_ReadReq.m_axi.p1i256, i256 %gmem_param_addr, i64 %wide_trip_count36" [../gen/UpConv_Unified.tpp:188->../gen/UpConv_Unified.tpp:383->../gen/upconv_core_top.cpp:59]   --->   Operation 92 'readreq' 'empty_55' <Predicate = true> <Delay = 2.43> <CoreInst = "m_axi">   --->   Core 119 'm_axi' <Latency = 6> <II = 1> <Delay = 1.00> <Adapter> <Opcode : 'read' 'write' 'readreq' 'writereq' 'writeresp'>
ST_4 : Operation 93 [7/8] (2.43ns)   --->   "%empty_58 = readreq i1 @_ssdm_op_ReadReq.m_axi.p1i256, i256 %gmem_in_addr, i64 %wide_trip_count24" [../gen/UpConv_Unified.tpp:387->../gen/upconv_core_top.cpp:59]   --->   Operation 93 'readreq' 'empty_58' <Predicate = true> <Delay = 2.43> <CoreInst = "m_axi">   --->   Core 119 'm_axi' <Latency = 6> <II = 1> <Delay = 1.00> <Adapter> <Opcode : 'read' 'write' 'readreq' 'writereq' 'writeresp'>

State 5 <SV = 4> <Delay = 2.43>
ST_5 : Operation 94 [6/8] (2.43ns)   --->   "%empty_55 = readreq i1 @_ssdm_op_ReadReq.m_axi.p1i256, i256 %gmem_param_addr, i64 %wide_trip_count36" [../gen/UpConv_Unified.tpp:188->../gen/UpConv_Unified.tpp:383->../gen/upconv_core_top.cpp:59]   --->   Operation 94 'readreq' 'empty_55' <Predicate = true> <Delay = 2.43> <CoreInst = "m_axi">   --->   Core 119 'm_axi' <Latency = 6> <II = 1> <Delay = 1.00> <Adapter> <Opcode : 'read' 'write' 'readreq' 'writereq' 'writeresp'>
ST_5 : Operation 95 [6/8] (2.43ns)   --->   "%empty_58 = readreq i1 @_ssdm_op_ReadReq.m_axi.p1i256, i256 %gmem_in_addr, i64 %wide_trip_count24" [../gen/UpConv_Unified.tpp:387->../gen/upconv_core_top.cpp:59]   --->   Operation 95 'readreq' 'empty_58' <Predicate = true> <Delay = 2.43> <CoreInst = "m_axi">   --->   Core 119 'm_axi' <Latency = 6> <II = 1> <Delay = 1.00> <Adapter> <Opcode : 'read' 'write' 'readreq' 'writereq' 'writeresp'>

State 6 <SV = 5> <Delay = 2.43>
ST_6 : Operation 96 [5/8] (2.43ns)   --->   "%empty_55 = readreq i1 @_ssdm_op_ReadReq.m_axi.p1i256, i256 %gmem_param_addr, i64 %wide_trip_count36" [../gen/UpConv_Unified.tpp:188->../gen/UpConv_Unified.tpp:383->../gen/upconv_core_top.cpp:59]   --->   Operation 96 'readreq' 'empty_55' <Predicate = true> <Delay = 2.43> <CoreInst = "m_axi">   --->   Core 119 'm_axi' <Latency = 6> <II = 1> <Delay = 1.00> <Adapter> <Opcode : 'read' 'write' 'readreq' 'writereq' 'writeresp'>
ST_6 : Operation 97 [5/8] (2.43ns)   --->   "%empty_58 = readreq i1 @_ssdm_op_ReadReq.m_axi.p1i256, i256 %gmem_in_addr, i64 %wide_trip_count24" [../gen/UpConv_Unified.tpp:387->../gen/upconv_core_top.cpp:59]   --->   Operation 97 'readreq' 'empty_58' <Predicate = true> <Delay = 2.43> <CoreInst = "m_axi">   --->   Core 119 'm_axi' <Latency = 6> <II = 1> <Delay = 1.00> <Adapter> <Opcode : 'read' 'write' 'readreq' 'writereq' 'writeresp'>

State 7 <SV = 6> <Delay = 2.43>
ST_7 : Operation 98 [4/8] (2.43ns)   --->   "%empty_55 = readreq i1 @_ssdm_op_ReadReq.m_axi.p1i256, i256 %gmem_param_addr, i64 %wide_trip_count36" [../gen/UpConv_Unified.tpp:188->../gen/UpConv_Unified.tpp:383->../gen/upconv_core_top.cpp:59]   --->   Operation 98 'readreq' 'empty_55' <Predicate = true> <Delay = 2.43> <CoreInst = "m_axi">   --->   Core 119 'm_axi' <Latency = 6> <II = 1> <Delay = 1.00> <Adapter> <Opcode : 'read' 'write' 'readreq' 'writereq' 'writeresp'>
ST_7 : Operation 99 [4/8] (2.43ns)   --->   "%empty_58 = readreq i1 @_ssdm_op_ReadReq.m_axi.p1i256, i256 %gmem_in_addr, i64 %wide_trip_count24" [../gen/UpConv_Unified.tpp:387->../gen/upconv_core_top.cpp:59]   --->   Operation 99 'readreq' 'empty_58' <Predicate = true> <Delay = 2.43> <CoreInst = "m_axi">   --->   Core 119 'm_axi' <Latency = 6> <II = 1> <Delay = 1.00> <Adapter> <Opcode : 'read' 'write' 'readreq' 'writereq' 'writeresp'>

State 8 <SV = 7> <Delay = 2.43>
ST_8 : Operation 100 [3/8] (2.43ns)   --->   "%empty_55 = readreq i1 @_ssdm_op_ReadReq.m_axi.p1i256, i256 %gmem_param_addr, i64 %wide_trip_count36" [../gen/UpConv_Unified.tpp:188->../gen/UpConv_Unified.tpp:383->../gen/upconv_core_top.cpp:59]   --->   Operation 100 'readreq' 'empty_55' <Predicate = true> <Delay = 2.43> <CoreInst = "m_axi">   --->   Core 119 'm_axi' <Latency = 6> <II = 1> <Delay = 1.00> <Adapter> <Opcode : 'read' 'write' 'readreq' 'writereq' 'writeresp'>
ST_8 : Operation 101 [3/8] (2.43ns)   --->   "%empty_58 = readreq i1 @_ssdm_op_ReadReq.m_axi.p1i256, i256 %gmem_in_addr, i64 %wide_trip_count24" [../gen/UpConv_Unified.tpp:387->../gen/upconv_core_top.cpp:59]   --->   Operation 101 'readreq' 'empty_58' <Predicate = true> <Delay = 2.43> <CoreInst = "m_axi">   --->   Core 119 'm_axi' <Latency = 6> <II = 1> <Delay = 1.00> <Adapter> <Opcode : 'read' 'write' 'readreq' 'writereq' 'writeresp'>

State 9 <SV = 8> <Delay = 2.43>
ST_9 : Operation 102 [2/8] (2.43ns)   --->   "%empty_55 = readreq i1 @_ssdm_op_ReadReq.m_axi.p1i256, i256 %gmem_param_addr, i64 %wide_trip_count36" [../gen/UpConv_Unified.tpp:188->../gen/UpConv_Unified.tpp:383->../gen/upconv_core_top.cpp:59]   --->   Operation 102 'readreq' 'empty_55' <Predicate = true> <Delay = 2.43> <CoreInst = "m_axi">   --->   Core 119 'm_axi' <Latency = 6> <II = 1> <Delay = 1.00> <Adapter> <Opcode : 'read' 'write' 'readreq' 'writereq' 'writeresp'>
ST_9 : Operation 103 [2/8] (2.43ns)   --->   "%empty_58 = readreq i1 @_ssdm_op_ReadReq.m_axi.p1i256, i256 %gmem_in_addr, i64 %wide_trip_count24" [../gen/UpConv_Unified.tpp:387->../gen/upconv_core_top.cpp:59]   --->   Operation 103 'readreq' 'empty_58' <Predicate = true> <Delay = 2.43> <CoreInst = "m_axi">   --->   Core 119 'm_axi' <Latency = 6> <II = 1> <Delay = 1.00> <Adapter> <Opcode : 'read' 'write' 'readreq' 'writereq' 'writeresp'>

State 10 <SV = 9> <Delay = 2.43>
ST_10 : Operation 104 [1/8] (2.43ns)   --->   "%empty_55 = readreq i1 @_ssdm_op_ReadReq.m_axi.p1i256, i256 %gmem_param_addr, i64 %wide_trip_count36" [../gen/UpConv_Unified.tpp:188->../gen/UpConv_Unified.tpp:383->../gen/upconv_core_top.cpp:59]   --->   Operation 104 'readreq' 'empty_55' <Predicate = true> <Delay = 2.43> <CoreInst = "m_axi">   --->   Core 119 'm_axi' <Latency = 6> <II = 1> <Delay = 1.00> <Adapter> <Opcode : 'read' 'write' 'readreq' 'writereq' 'writeresp'>
ST_10 : Operation 105 [1/8] (2.43ns)   --->   "%empty_58 = readreq i1 @_ssdm_op_ReadReq.m_axi.p1i256, i256 %gmem_in_addr, i64 %wide_trip_count24" [../gen/UpConv_Unified.tpp:387->../gen/upconv_core_top.cpp:59]   --->   Operation 105 'readreq' 'empty_58' <Predicate = true> <Delay = 2.43> <CoreInst = "m_axi">   --->   Core 119 'm_axi' <Latency = 6> <II = 1> <Delay = 1.00> <Adapter> <Opcode : 'read' 'write' 'readreq' 'writereq' 'writeresp'>

State 11 <SV = 10> <Delay = 1.24>
ST_11 : Operation 106 [2/2] (1.21ns)   --->   "%call_ln374 = call void @upconv_core_top_Pipeline_LOAD_B, i256 %gmem_param, i5 %C_WORDS_OUT, i59 %trunc_ln, i256 %b_buf" [../gen/UpConv_Unified.tpp:374->../gen/upconv_core_top.cpp:59]   --->   Operation 106 'call' 'call_ln374' <Predicate = true> <Delay = 1.21> <CoreType = "Generic">   --->   Generic Core
ST_11 : Operation 107 [2/2] (1.24ns)   --->   "%call_ln387 = call void @upconv_core_top_Pipeline_LOAD_ROW0, i256 %gmem_in, i13 %trunc_ln387, i59 %trunc_ln4, i256 %x_buf" [../gen/UpConv_Unified.tpp:387->../gen/upconv_core_top.cpp:59]   --->   Operation 107 'call' 'call_ln387' <Predicate = true> <Delay = 1.24> <CoreType = "Generic">   --->   Generic Core

State 12 <SV = 11> <Delay = 0.00>
ST_12 : Operation 108 [1/2] (0.00ns)   --->   "%call_ln374 = call void @upconv_core_top_Pipeline_LOAD_B, i256 %gmem_param, i5 %C_WORDS_OUT, i59 %trunc_ln, i256 %b_buf" [../gen/UpConv_Unified.tpp:374->../gen/upconv_core_top.cpp:59]   --->   Operation 108 'call' 'call_ln374' <Predicate = true> <Delay = 0.00> <CoreType = "Generic">   --->   Generic Core
ST_12 : Operation 109 [1/2] (0.00ns)   --->   "%call_ln387 = call void @upconv_core_top_Pipeline_LOAD_ROW0, i256 %gmem_in, i13 %trunc_ln387, i59 %trunc_ln4, i256 %x_buf" [../gen/UpConv_Unified.tpp:387->../gen/upconv_core_top.cpp:59]   --->   Operation 109 'call' 'call_ln387' <Predicate = true> <Delay = 0.00> <CoreType = "Generic">   --->   Generic Core

State 13 <SV = 12> <Delay = 2.43>
ST_13 : Operation 110 [1/1] (0.00ns)   --->   "%sext_ln193 = sext i59 %trunc_ln1" [../gen/UpConv_Unified.tpp:193->../gen/UpConv_Unified.tpp:383->../gen/upconv_core_top.cpp:59]   --->   Operation 110 'sext' 'sext_ln193' <Predicate = true> <Delay = 0.00>
ST_13 : Operation 111 [1/1] (0.00ns)   --->   "%gmem_param_addr_1 = getelementptr i256 %gmem_param, i64 %sext_ln193" [../gen/UpConv_Unified.tpp:193->../gen/UpConv_Unified.tpp:383->../gen/upconv_core_top.cpp:59]   --->   Operation 111 'getelementptr' 'gmem_param_addr_1' <Predicate = true> <Delay = 0.00>
ST_13 : Operation 112 [8/8] (2.43ns)   --->   "%empty_56 = readreq i1 @_ssdm_op_ReadReq.m_axi.p1i256, i256 %gmem_param_addr_1, i64 %wide_trip_count36" [../gen/UpConv_Unified.tpp:193->../gen/UpConv_Unified.tpp:383->../gen/upconv_core_top.cpp:59]   --->   Operation 112 'readreq' 'empty_56' <Predicate = true> <Delay = 2.43> <CoreInst = "m_axi">   --->   Core 119 'm_axi' <Latency = 6> <II = 1> <Delay = 1.00> <Adapter> <Opcode : 'read' 'write' 'readreq' 'writereq' 'writeresp'>

State 14 <SV = 13> <Delay = 2.43>
ST_14 : Operation 113 [7/8] (2.43ns)   --->   "%empty_56 = readreq i1 @_ssdm_op_ReadReq.m_axi.p1i256, i256 %gmem_param_addr_1, i64 %wide_trip_count36" [../gen/UpConv_Unified.tpp:193->../gen/UpConv_Unified.tpp:383->../gen/upconv_core_top.cpp:59]   --->   Operation 113 'readreq' 'empty_56' <Predicate = true> <Delay = 2.43> <CoreInst = "m_axi">   --->   Core 119 'm_axi' <Latency = 6> <II = 1> <Delay = 1.00> <Adapter> <Opcode : 'read' 'write' 'readreq' 'writereq' 'writeresp'>

State 15 <SV = 14> <Delay = 2.43>
ST_15 : Operation 114 [6/8] (2.43ns)   --->   "%empty_56 = readreq i1 @_ssdm_op_ReadReq.m_axi.p1i256, i256 %gmem_param_addr_1, i64 %wide_trip_count36" [../gen/UpConv_Unified.tpp:193->../gen/UpConv_Unified.tpp:383->../gen/upconv_core_top.cpp:59]   --->   Operation 114 'readreq' 'empty_56' <Predicate = true> <Delay = 2.43> <CoreInst = "m_axi">   --->   Core 119 'm_axi' <Latency = 6> <II = 1> <Delay = 1.00> <Adapter> <Opcode : 'read' 'write' 'readreq' 'writereq' 'writeresp'>

State 16 <SV = 15> <Delay = 2.43>
ST_16 : Operation 115 [5/8] (2.43ns)   --->   "%empty_56 = readreq i1 @_ssdm_op_ReadReq.m_axi.p1i256, i256 %gmem_param_addr_1, i64 %wide_trip_count36" [../gen/UpConv_Unified.tpp:193->../gen/UpConv_Unified.tpp:383->../gen/upconv_core_top.cpp:59]   --->   Operation 115 'readreq' 'empty_56' <Predicate = true> <Delay = 2.43> <CoreInst = "m_axi">   --->   Core 119 'm_axi' <Latency = 6> <II = 1> <Delay = 1.00> <Adapter> <Opcode : 'read' 'write' 'readreq' 'writereq' 'writeresp'>

State 17 <SV = 16> <Delay = 2.43>
ST_17 : Operation 116 [4/8] (2.43ns)   --->   "%empty_56 = readreq i1 @_ssdm_op_ReadReq.m_axi.p1i256, i256 %gmem_param_addr_1, i64 %wide_trip_count36" [../gen/UpConv_Unified.tpp:193->../gen/UpConv_Unified.tpp:383->../gen/upconv_core_top.cpp:59]   --->   Operation 116 'readreq' 'empty_56' <Predicate = true> <Delay = 2.43> <CoreInst = "m_axi">   --->   Core 119 'm_axi' <Latency = 6> <II = 1> <Delay = 1.00> <Adapter> <Opcode : 'read' 'write' 'readreq' 'writereq' 'writeresp'>

State 18 <SV = 17> <Delay = 2.43>
ST_18 : Operation 117 [3/8] (2.43ns)   --->   "%empty_56 = readreq i1 @_ssdm_op_ReadReq.m_axi.p1i256, i256 %gmem_param_addr_1, i64 %wide_trip_count36" [../gen/UpConv_Unified.tpp:193->../gen/UpConv_Unified.tpp:383->../gen/upconv_core_top.cpp:59]   --->   Operation 117 'readreq' 'empty_56' <Predicate = true> <Delay = 2.43> <CoreInst = "m_axi">   --->   Core 119 'm_axi' <Latency = 6> <II = 1> <Delay = 1.00> <Adapter> <Opcode : 'read' 'write' 'readreq' 'writereq' 'writeresp'>

State 19 <SV = 18> <Delay = 2.43>
ST_19 : Operation 118 [2/8] (2.43ns)   --->   "%empty_56 = readreq i1 @_ssdm_op_ReadReq.m_axi.p1i256, i256 %gmem_param_addr_1, i64 %wide_trip_count36" [../gen/UpConv_Unified.tpp:193->../gen/UpConv_Unified.tpp:383->../gen/upconv_core_top.cpp:59]   --->   Operation 118 'readreq' 'empty_56' <Predicate = true> <Delay = 2.43> <CoreInst = "m_axi">   --->   Core 119 'm_axi' <Latency = 6> <II = 1> <Delay = 1.00> <Adapter> <Opcode : 'read' 'write' 'readreq' 'writereq' 'writeresp'>

State 20 <SV = 19> <Delay = 2.43>
ST_20 : Operation 119 [1/8] (2.43ns)   --->   "%empty_56 = readreq i1 @_ssdm_op_ReadReq.m_axi.p1i256, i256 %gmem_param_addr_1, i64 %wide_trip_count36" [../gen/UpConv_Unified.tpp:193->../gen/UpConv_Unified.tpp:383->../gen/upconv_core_top.cpp:59]   --->   Operation 119 'readreq' 'empty_56' <Predicate = true> <Delay = 2.43> <CoreInst = "m_axi">   --->   Core 119 'm_axi' <Latency = 6> <II = 1> <Delay = 1.00> <Adapter> <Opcode : 'read' 'write' 'readreq' 'writereq' 'writeresp'>

State 21 <SV = 20> <Delay = 1.21>
ST_21 : Operation 120 [2/2] (1.21ns)   --->   "%call_ln374 = call void @upconv_core_top_Pipeline_LOAD_G, i256 %gmem_param, i5 %C_WORDS_OUT, i59 %trunc_ln1, i256 %g_buf" [../gen/UpConv_Unified.tpp:374->../gen/upconv_core_top.cpp:59]   --->   Operation 120 'call' 'call_ln374' <Predicate = true> <Delay = 1.21> <CoreType = "Generic">   --->   Generic Core

State 22 <SV = 21> <Delay = 0.00>
ST_22 : Operation 121 [1/2] (0.00ns)   --->   "%call_ln374 = call void @upconv_core_top_Pipeline_LOAD_G, i256 %gmem_param, i5 %C_WORDS_OUT, i59 %trunc_ln1, i256 %g_buf" [../gen/UpConv_Unified.tpp:374->../gen/upconv_core_top.cpp:59]   --->   Operation 121 'call' 'call_ln374' <Predicate = true> <Delay = 0.00> <CoreType = "Generic">   --->   Generic Core

State 23 <SV = 22> <Delay = 2.43>
ST_23 : Operation 122 [1/1] (0.00ns)   --->   "%sext_ln198 = sext i59 %trunc_ln2" [../gen/UpConv_Unified.tpp:198->../gen/UpConv_Unified.tpp:383->../gen/upconv_core_top.cpp:59]   --->   Operation 122 'sext' 'sext_ln198' <Predicate = true> <Delay = 0.00>
ST_23 : Operation 123 [1/1] (0.00ns)   --->   "%gmem_param_addr_2 = getelementptr i256 %gmem_param, i64 %sext_ln198" [../gen/UpConv_Unified.tpp:198->../gen/UpConv_Unified.tpp:383->../gen/upconv_core_top.cpp:59]   --->   Operation 123 'getelementptr' 'gmem_param_addr_2' <Predicate = true> <Delay = 0.00>
ST_23 : Operation 124 [8/8] (2.43ns)   --->   "%empty_57 = readreq i1 @_ssdm_op_ReadReq.m_axi.p1i256, i256 %gmem_param_addr_2, i64 %wide_trip_count36" [../gen/UpConv_Unified.tpp:198->../gen/UpConv_Unified.tpp:383->../gen/upconv_core_top.cpp:59]   --->   Operation 124 'readreq' 'empty_57' <Predicate = true> <Delay = 2.43> <CoreInst = "m_axi">   --->   Core 119 'm_axi' <Latency = 6> <II = 1> <Delay = 1.00> <Adapter> <Opcode : 'read' 'write' 'readreq' 'writereq' 'writeresp'>

State 24 <SV = 23> <Delay = 2.43>
ST_24 : Operation 125 [7/8] (2.43ns)   --->   "%empty_57 = readreq i1 @_ssdm_op_ReadReq.m_axi.p1i256, i256 %gmem_param_addr_2, i64 %wide_trip_count36" [../gen/UpConv_Unified.tpp:198->../gen/UpConv_Unified.tpp:383->../gen/upconv_core_top.cpp:59]   --->   Operation 125 'readreq' 'empty_57' <Predicate = true> <Delay = 2.43> <CoreInst = "m_axi">   --->   Core 119 'm_axi' <Latency = 6> <II = 1> <Delay = 1.00> <Adapter> <Opcode : 'read' 'write' 'readreq' 'writereq' 'writeresp'>

State 25 <SV = 24> <Delay = 2.43>
ST_25 : Operation 126 [6/8] (2.43ns)   --->   "%empty_57 = readreq i1 @_ssdm_op_ReadReq.m_axi.p1i256, i256 %gmem_param_addr_2, i64 %wide_trip_count36" [../gen/UpConv_Unified.tpp:198->../gen/UpConv_Unified.tpp:383->../gen/upconv_core_top.cpp:59]   --->   Operation 126 'readreq' 'empty_57' <Predicate = true> <Delay = 2.43> <CoreInst = "m_axi">   --->   Core 119 'm_axi' <Latency = 6> <II = 1> <Delay = 1.00> <Adapter> <Opcode : 'read' 'write' 'readreq' 'writereq' 'writeresp'>

State 26 <SV = 25> <Delay = 2.43>
ST_26 : Operation 127 [5/8] (2.43ns)   --->   "%empty_57 = readreq i1 @_ssdm_op_ReadReq.m_axi.p1i256, i256 %gmem_param_addr_2, i64 %wide_trip_count36" [../gen/UpConv_Unified.tpp:198->../gen/UpConv_Unified.tpp:383->../gen/upconv_core_top.cpp:59]   --->   Operation 127 'readreq' 'empty_57' <Predicate = true> <Delay = 2.43> <CoreInst = "m_axi">   --->   Core 119 'm_axi' <Latency = 6> <II = 1> <Delay = 1.00> <Adapter> <Opcode : 'read' 'write' 'readreq' 'writereq' 'writeresp'>

State 27 <SV = 26> <Delay = 2.43>
ST_27 : Operation 128 [4/8] (2.43ns)   --->   "%empty_57 = readreq i1 @_ssdm_op_ReadReq.m_axi.p1i256, i256 %gmem_param_addr_2, i64 %wide_trip_count36" [../gen/UpConv_Unified.tpp:198->../gen/UpConv_Unified.tpp:383->../gen/upconv_core_top.cpp:59]   --->   Operation 128 'readreq' 'empty_57' <Predicate = true> <Delay = 2.43> <CoreInst = "m_axi">   --->   Core 119 'm_axi' <Latency = 6> <II = 1> <Delay = 1.00> <Adapter> <Opcode : 'read' 'write' 'readreq' 'writereq' 'writeresp'>

State 28 <SV = 27> <Delay = 2.43>
ST_28 : Operation 129 [3/8] (2.43ns)   --->   "%empty_57 = readreq i1 @_ssdm_op_ReadReq.m_axi.p1i256, i256 %gmem_param_addr_2, i64 %wide_trip_count36" [../gen/UpConv_Unified.tpp:198->../gen/UpConv_Unified.tpp:383->../gen/upconv_core_top.cpp:59]   --->   Operation 129 'readreq' 'empty_57' <Predicate = true> <Delay = 2.43> <CoreInst = "m_axi">   --->   Core 119 'm_axi' <Latency = 6> <II = 1> <Delay = 1.00> <Adapter> <Opcode : 'read' 'write' 'readreq' 'writereq' 'writeresp'>

State 29 <SV = 28> <Delay = 2.43>
ST_29 : Operation 130 [2/8] (2.43ns)   --->   "%empty_57 = readreq i1 @_ssdm_op_ReadReq.m_axi.p1i256, i256 %gmem_param_addr_2, i64 %wide_trip_count36" [../gen/UpConv_Unified.tpp:198->../gen/UpConv_Unified.tpp:383->../gen/upconv_core_top.cpp:59]   --->   Operation 130 'readreq' 'empty_57' <Predicate = true> <Delay = 2.43> <CoreInst = "m_axi">   --->   Core 119 'm_axi' <Latency = 6> <II = 1> <Delay = 1.00> <Adapter> <Opcode : 'read' 'write' 'readreq' 'writereq' 'writeresp'>

State 30 <SV = 29> <Delay = 2.43>
ST_30 : Operation 131 [1/8] (2.43ns)   --->   "%empty_57 = readreq i1 @_ssdm_op_ReadReq.m_axi.p1i256, i256 %gmem_param_addr_2, i64 %wide_trip_count36" [../gen/UpConv_Unified.tpp:198->../gen/UpConv_Unified.tpp:383->../gen/upconv_core_top.cpp:59]   --->   Operation 131 'readreq' 'empty_57' <Predicate = true> <Delay = 2.43> <CoreInst = "m_axi">   --->   Core 119 'm_axi' <Latency = 6> <II = 1> <Delay = 1.00> <Adapter> <Opcode : 'read' 'write' 'readreq' 'writereq' 'writeresp'>

State 31 <SV = 30> <Delay = 1.21>
ST_31 : Operation 132 [2/2] (1.21ns)   --->   "%call_ln374 = call void @upconv_core_top_Pipeline_LOAD_BE, i256 %gmem_param, i5 %C_WORDS_OUT, i59 %trunc_ln2, i256 %be_buf" [../gen/UpConv_Unified.tpp:374->../gen/upconv_core_top.cpp:59]   --->   Operation 132 'call' 'call_ln374' <Predicate = true> <Delay = 1.21> <CoreType = "Generic">   --->   Generic Core

State 32 <SV = 31> <Delay = 0.44>
ST_32 : Operation 133 [1/1] (0.00ns) (grouped into LUT with out node inv_C_OUT)   --->   "%select_ln46 = select i1 %icmp_ln46_1, i32 0.00416667, i32 0.00208333" [../gen/upconv_core_top.cpp:46]   --->   Operation 133 'select' 'select_ln46' <Predicate = true> <Delay = 0.00> <CoreInst = "Sel">   --->   Core 73 'Sel' <Latency = 0> <II = 1> <Delay = 0.44> <FuncUnit> <Opcode : 'select'> <InPorts = 3> <OutPorts = 1>
ST_32 : Operation 134 [1/1] (0.00ns) (grouped into LUT with out node inv_C_OUT)   --->   "%or_ln46 = or i1 %icmp_ln46_1, i1 %icmp_ln46" [../gen/upconv_core_top.cpp:46]   --->   Operation 134 'or' 'or_ln46' <Predicate = true> <Delay = 0.00> <CoreInst = "LogicGate">   --->   Core 74 'LogicGate' <Latency = 0> <II = 1> <Delay = 0.28> <FuncUnit> <Opcode : 'and' 'or' 'xor'> <InPorts = 2> <OutPorts = 1>
ST_32 : Operation 135 [1/1] (0.00ns) (grouped into LUT with out node inv_C_OUT)   --->   "%select_ln46_1 = select i1 %or_ln46, i32 %select_ln46, i32 0.03125" [../gen/upconv_core_top.cpp:46]   --->   Operation 135 'select' 'select_ln46_1' <Predicate = true> <Delay = 0.00> <CoreInst = "Sel">   --->   Core 73 'Sel' <Latency = 0> <II = 1> <Delay = 0.44> <FuncUnit> <Opcode : 'select'> <InPorts = 3> <OutPorts = 1>
ST_32 : Operation 136 [1/1] (0.00ns) (grouped into LUT with out node inv_C_OUT)   --->   "%empty = select i1 %icmp_ln46_3, i32 0.0166667, i32 0.00833333" [../gen/upconv_core_top.cpp:46]   --->   Operation 136 'select' 'empty' <Predicate = true> <Delay = 0.00> <CoreInst = "Sel">   --->   Core 73 'Sel' <Latency = 0> <II = 1> <Delay = 0.44> <FuncUnit> <Opcode : 'select'> <InPorts = 3> <OutPorts = 1>
ST_32 : Operation 137 [1/1] (0.00ns) (grouped into LUT with out node inv_C_OUT)   --->   "%empty_54 = or i1 %icmp_ln46_3, i1 %icmp_ln46_2" [../gen/upconv_core_top.cpp:46]   --->   Operation 137 'or' 'empty_54' <Predicate = true> <Delay = 0.00> <CoreInst = "LogicGate">   --->   Core 74 'LogicGate' <Latency = 0> <II = 1> <Delay = 0.28> <FuncUnit> <Opcode : 'and' 'or' 'xor'> <InPorts = 2> <OutPorts = 1>
ST_32 : Operation 138 [1/1] (0.44ns) (out node of the LUT)   --->   "%inv_C_OUT = select i1 %empty_54, i32 %empty, i32 %select_ln46_1" [../gen/upconv_core_top.cpp:46]   --->   Operation 138 'select' 'inv_C_OUT' <Predicate = true> <Delay = 0.44> <CoreInst = "Sel">   --->   Core 73 'Sel' <Latency = 0> <II = 1> <Delay = 0.44> <FuncUnit> <Opcode : 'select'> <InPorts = 3> <OutPorts = 1>
ST_32 : Operation 139 [1/2] (0.00ns)   --->   "%call_ln374 = call void @upconv_core_top_Pipeline_LOAD_BE, i256 %gmem_param, i5 %C_WORDS_OUT, i59 %trunc_ln2, i256 %be_buf" [../gen/UpConv_Unified.tpp:374->../gen/upconv_core_top.cpp:59]   --->   Operation 139 'call' 'call_ln374' <Predicate = true> <Delay = 0.00> <CoreType = "Generic">   --->   Generic Core

State 33 <SV = 32> <Delay = 2.42>
ST_33 : Operation 140 [2/2] (2.42ns)   --->   "%call_ln392 = call void @UpConv_Fused_Row<8>, i256 %gmem_weight, i64 %W_read, i256 %b_buf, i256 %g_buf, i256 %be_buf, i256 %gmem_out, i64 %Y_read, i16 %epsilon_read, i32 %inv_C_OUT, i8 0, i8 %W_IN, i8 %W_IN, i10 %C_IN, i9 %C_OUT, i16 %void_UpConv_Fused_Row_ap_uint_ap_uint_const_ap_uint_const_30_ap_uint_cons_9, i16 %void_UpConv_Fused_Row_ap_uint_ap_uint_const_ap_uint_const_30_ap_uint_cons_8, i16 %void_UpConv_Fused_Row_ap_uint_ap_uint_const_ap_uint_const_30_ap_uint_cons_7, i16 %void_UpConv_Fused_Row_ap_uint_ap_uint_const_ap_uint_const_30_ap_uint_cons_6, i16 %void_UpConv_Fused_Row_ap_uint_ap_uint_const_ap_uint_const_30_ap_uint_cons_5, i16 %void_UpConv_Fused_Row_ap_uint_ap_uint_const_ap_uint_const_30_ap_uint_cons_4, i16 %void_UpConv_Fused_Row_ap_uint_ap_uint_const_ap_uint_const_30_ap_uint_cons_3, i16 %void_UpConv_Fused_Row_ap_uint_ap_uint_const_ap_uint_const_30_ap_uint_cons_2, i16 %void_UpConv_Fused_Row_ap_uint_ap_uint_const_ap_uint_const_30_ap_uint_cons_1, i16 %void_UpConv_Fused_Row_ap_uint_ap_uint_const_ap_uint_const_30_ap_uint_cons, i16 %p_ZZ16UpConv_Fused_RowILi8EEvP7ap_uintILi256EEPKS1_RA30_S3_S6_S6_S2_DhfiiiiiE7row_5, i16 %p_ZZ16UpConv_Fused_RowILi8EEvP7ap_uintILi256EEPKS1_RA30_S3_S6_S6_S2_DhfiiiiiE7row_4, i16 %p_ZZ16UpConv_Fused_RowILi8EEvP7ap_uintILi256EEPKS1_RA30_S3_S6_S6_S2_DhfiiiiiE7row_3, i16 %p_ZZ16UpConv_Fused_RowILi8EEvP7ap_uintILi256EEPKS1_RA30_S3_S6_S6_S2_DhfiiiiiE7row_2, i16 %p_ZZ16UpConv_Fused_RowILi8EEvP7ap_uintILi256EEPKS1_RA30_S3_S6_S6_S2_DhfiiiiiE7row_1, i16 %p_ZZ16UpConv_Fused_RowILi8EEvP7ap_uintILi256EEPKS1_RA30_S3_S6_S6_S2_DhfiiiiiE7row, i256 %x_buf, i32 %mean_buf, i16 %inv_buf" [../gen/UpConv_Unified.tpp:392->../gen/upconv_core_top.cpp:59]   --->   Operation 140 'call' 'call_ln392' <Predicate = true> <Delay = 2.42> <CoreType = "Generic">   --->   Generic Core

State 34 <SV = 33> <Delay = 0.00>
ST_34 : Operation 141 [1/1] (0.00ns)   --->   "%spectopmodule_ln10 = spectopmodule void @_ssdm_op_SpecTopModule, void @empty_16" [../gen/upconv_core_top.cpp:10]   --->   Operation 141 'spectopmodule' 'spectopmodule_ln10' <Predicate = true> <Delay = 0.00>
ST_34 : Operation 142 [1/1] (0.00ns)   --->   "%specinterface_ln0 = specinterface void @_ssdm_op_SpecInterface, i256 %gmem_in, void @empty_30, i32 0, i32 0, void @empty_29, i32 0, i32 0, void @empty_7, void @empty_10, void @empty_29, i32 16, i32 16, i32 64, i32 16, void @empty_29, void @empty_29, i32 4294967295, i32 0, i32 0"   --->   Operation 142 'specinterface' 'specinterface_ln0' <Predicate = true> <Delay = 0.00>
ST_34 : Operation 143 [1/1] (0.00ns)   --->   "%specbitsmap_ln0 = specbitsmap void @_ssdm_op_SpecBitsMap, i256 %gmem_in"   --->   Operation 143 'specbitsmap' 'specbitsmap_ln0' <Predicate = true> <Delay = 0.00>
ST_34 : Operation 144 [1/1] (0.00ns)   --->   "%specinterface_ln0 = specinterface void @_ssdm_op_SpecInterface, i256 %gmem_weight, void @empty_30, i32 0, i32 0, void @empty_29, i32 0, i32 0, void @empty_14, void @empty_10, void @empty_29, i32 16, i32 16, i32 64, i32 16, void @empty_29, void @empty_29, i32 4294967295, i32 0, i32 0"   --->   Operation 144 'specinterface' 'specinterface_ln0' <Predicate = true> <Delay = 0.00>
ST_34 : Operation 145 [1/1] (0.00ns)   --->   "%specbitsmap_ln0 = specbitsmap void @_ssdm_op_SpecBitsMap, i256 %gmem_weight"   --->   Operation 145 'specbitsmap' 'specbitsmap_ln0' <Predicate = true> <Delay = 0.00>
ST_34 : Operation 146 [1/1] (0.00ns)   --->   "%specinterface_ln0 = specinterface void @_ssdm_op_SpecInterface, i256 %gmem_param, void @empty_30, i32 0, i32 0, void @empty_29, i32 0, i32 0, void @empty_4, void @empty_10, void @empty_29, i32 16, i32 16, i32 64, i32 16, void @empty_29, void @empty_29, i32 4294967295, i32 0, i32 0"   --->   Operation 146 'specinterface' 'specinterface_ln0' <Predicate = true> <Delay = 0.00>
ST_34 : Operation 147 [1/1] (0.00ns)   --->   "%specbitsmap_ln0 = specbitsmap void @_ssdm_op_SpecBitsMap, i256 %gmem_param"   --->   Operation 147 'specbitsmap' 'specbitsmap_ln0' <Predicate = true> <Delay = 0.00>
ST_34 : Operation 148 [1/1] (0.00ns)   --->   "%specinterface_ln0 = specinterface void @_ssdm_op_SpecInterface, i256 %gmem_out, void @empty_30, i32 0, i32 0, void @empty_29, i32 0, i32 0, void @empty_3, void @empty_10, void @empty_29, i32 16, i32 16, i32 16, i32 64, void @empty_29, void @empty_29, i32 4294967295, i32 0, i32 0"   --->   Operation 148 'specinterface' 'specinterface_ln0' <Predicate = true> <Delay = 0.00>
ST_34 : Operation 149 [1/1] (0.00ns)   --->   "%specbitsmap_ln0 = specbitsmap void @_ssdm_op_SpecBitsMap, i256 %gmem_out"   --->   Operation 149 'specbitsmap' 'specbitsmap_ln0' <Predicate = true> <Delay = 0.00>
ST_34 : Operation 150 [1/1] (0.00ns)   --->   "%specinterface_ln0 = specinterface void @_ssdm_op_SpecInterface, i64 %X, void @empty_2, i32 4294967295, i32 4294967295, void @empty_18, i32 0, i32 0, void @empty_0, void @empty, void @empty_29, i32 0, i32 0, i32 0, i32 0, void @empty_29, void @empty_17, i32 4294967295, i32 0, i32 0"   --->   Operation 150 'specinterface' 'specinterface_ln0' <Predicate = true> <Delay = 0.00>
ST_34 : Operation 151 [1/1] (0.00ns)   --->   "%specinterface_ln0 = specinterface void @_ssdm_op_SpecInterface, i64 %X, void @empty_8, i32 4294967295, i32 4294967295, void @empty_29, i32 0, i32 0, void @empty_29, void @empty_29, void @empty_29, i32 0, i32 0, i32 0, i32 0, void @empty_29, void @empty_17, i32 4294967295, i32 0, i32 0"   --->   Operation 151 'specinterface' 'specinterface_ln0' <Predicate = true> <Delay = 0.00>
ST_34 : Operation 152 [1/1] (0.00ns)   --->   "%specinterface_ln0 = specinterface void @_ssdm_op_SpecInterface, i64 %W, void @empty_2, i32 4294967295, i32 4294967295, void @empty_18, i32 0, i32 0, void @empty_0, void @empty_9, void @empty_29, i32 0, i32 0, i32 0, i32 0, void @empty_29, void @empty_17, i32 4294967295, i32 0, i32 0"   --->   Operation 152 'specinterface' 'specinterface_ln0' <Predicate = true> <Delay = 0.00>
ST_34 : Operation 153 [1/1] (0.00ns)   --->   "%specinterface_ln0 = specinterface void @_ssdm_op_SpecInterface, i64 %W, void @empty_8, i32 4294967295, i32 4294967295, void @empty_29, i32 0, i32 0, void @empty_29, void @empty_29, void @empty_29, i32 0, i32 0, i32 0, i32 0, void @empty_29, void @empty_17, i32 4294967295, i32 0, i32 0"   --->   Operation 153 'specinterface' 'specinterface_ln0' <Predicate = true> <Delay = 0.00>
ST_34 : Operation 154 [1/1] (0.00ns)   --->   "%specinterface_ln0 = specinterface void @_ssdm_op_SpecInterface, i64 %B, void @empty_2, i32 4294967295, i32 4294967295, void @empty_18, i32 0, i32 0, void @empty_0, void @empty_6, void @empty_29, i32 0, i32 0, i32 0, i32 0, void @empty_29, void @empty_17, i32 4294967295, i32 0, i32 0"   --->   Operation 154 'specinterface' 'specinterface_ln0' <Predicate = true> <Delay = 0.00>
ST_34 : Operation 155 [1/1] (0.00ns)   --->   "%specinterface_ln0 = specinterface void @_ssdm_op_SpecInterface, i64 %B, void @empty_8, i32 4294967295, i32 4294967295, void @empty_29, i32 0, i32 0, void @empty_29, void @empty_29, void @empty_29, i32 0, i32 0, i32 0, i32 0, void @empty_29, void @empty_17, i32 4294967295, i32 0, i32 0"   --->   Operation 155 'specinterface' 'specinterface_ln0' <Predicate = true> <Delay = 0.00>
ST_34 : Operation 156 [1/1] (0.00ns)   --->   "%specinterface_ln0 = specinterface void @_ssdm_op_SpecInterface, i64 %G, void @empty_2, i32 4294967295, i32 4294967295, void @empty_18, i32 0, i32 0, void @empty_0, void @empty_11, void @empty_29, i32 0, i32 0, i32 0, i32 0, void @empty_29, void @empty_17, i32 4294967295, i32 0, i32 0"   --->   Operation 156 'specinterface' 'specinterface_ln0' <Predicate = true> <Delay = 0.00>
ST_34 : Operation 157 [1/1] (0.00ns)   --->   "%specinterface_ln0 = specinterface void @_ssdm_op_SpecInterface, i64 %G, void @empty_8, i32 4294967295, i32 4294967295, void @empty_29, i32 0, i32 0, void @empty_29, void @empty_29, void @empty_29, i32 0, i32 0, i32 0, i32 0, void @empty_29, void @empty_17, i32 4294967295, i32 0, i32 0"   --->   Operation 157 'specinterface' 'specinterface_ln0' <Predicate = true> <Delay = 0.00>
ST_34 : Operation 158 [1/1] (0.00ns)   --->   "%specinterface_ln0 = specinterface void @_ssdm_op_SpecInterface, i64 %BE, void @empty_2, i32 4294967295, i32 4294967295, void @empty_18, i32 0, i32 0, void @empty_0, void @empty_13, void @empty_29, i32 0, i32 0, i32 0, i32 0, void @empty_29, void @empty_17, i32 4294967295, i32 0, i32 0"   --->   Operation 158 'specinterface' 'specinterface_ln0' <Predicate = true> <Delay = 0.00>
ST_34 : Operation 159 [1/1] (0.00ns)   --->   "%specinterface_ln0 = specinterface void @_ssdm_op_SpecInterface, i64 %BE, void @empty_8, i32 4294967295, i32 4294967295, void @empty_29, i32 0, i32 0, void @empty_29, void @empty_29, void @empty_29, i32 0, i32 0, i32 0, i32 0, void @empty_29, void @empty_17, i32 4294967295, i32 0, i32 0"   --->   Operation 159 'specinterface' 'specinterface_ln0' <Predicate = true> <Delay = 0.00>
ST_34 : Operation 160 [1/1] (0.00ns)   --->   "%specinterface_ln0 = specinterface void @_ssdm_op_SpecInterface, i64 %Y, void @empty_2, i32 4294967295, i32 4294967295, void @empty_18, i32 0, i32 0, void @empty_0, void @empty_27, void @empty_29, i32 0, i32 0, i32 0, i32 0, void @empty_29, void @empty_17, i32 4294967295, i32 0, i32 0"   --->   Operation 160 'specinterface' 'specinterface_ln0' <Predicate = true> <Delay = 0.00>
ST_34 : Operation 161 [1/1] (0.00ns)   --->   "%specinterface_ln0 = specinterface void @_ssdm_op_SpecInterface, i64 %Y, void @empty_8, i32 4294967295, i32 4294967295, void @empty_29, i32 0, i32 0, void @empty_29, void @empty_29, void @empty_29, i32 0, i32 0, i32 0, i32 0, void @empty_29, void @empty_17, i32 4294967295, i32 0, i32 0"   --->   Operation 161 'specinterface' 'specinterface_ln0' <Predicate = true> <Delay = 0.00>
ST_34 : Operation 162 [1/1] (0.00ns)   --->   "%specbitsmap_ln0 = specbitsmap void @_ssdm_op_SpecBitsMap, i16 %epsilon"   --->   Operation 162 'specbitsmap' 'specbitsmap_ln0' <Predicate = true> <Delay = 0.00>
ST_34 : Operation 163 [1/1] (0.00ns)   --->   "%specinterface_ln0 = specinterface void @_ssdm_op_SpecInterface, i16 %epsilon, void @empty_2, i32 4294967295, i32 4294967295, void @empty_18, i32 0, i32 0, void @empty_0, void @empty_5, void @empty_29, i32 0, i32 0, i32 0, i32 0, void @empty_29, void @empty_29, i32 4294967295, i32 0, i32 0"   --->   Operation 163 'specinterface' 'specinterface_ln0' <Predicate = true> <Delay = 0.00>
ST_34 : Operation 164 [1/1] (0.00ns)   --->   "%specinterface_ln0 = specinterface void @_ssdm_op_SpecInterface, i16 %epsilon, void @empty_8, i32 4294967295, i32 4294967295, void @empty_29, i32 0, i32 0, void @empty_29, void @empty_29, void @empty_29, i32 0, i32 0, i32 0, i32 0, void @empty_29, void @empty_29, i32 4294967295, i32 0, i32 0"   --->   Operation 164 'specinterface' 'specinterface_ln0' <Predicate = true> <Delay = 0.00>
ST_34 : Operation 165 [1/1] (0.00ns)   --->   "%specbitsmap_ln0 = specbitsmap void @_ssdm_op_SpecBitsMap, i32 %mode"   --->   Operation 165 'specbitsmap' 'specbitsmap_ln0' <Predicate = true> <Delay = 0.00>
ST_34 : Operation 166 [1/1] (0.00ns)   --->   "%specinterface_ln0 = specinterface void @_ssdm_op_SpecInterface, i32 %mode, void @empty_2, i32 4294967295, i32 4294967295, void @empty_18, i32 0, i32 0, void @empty_0, void @empty_15, void @empty_29, i32 0, i32 0, i32 0, i32 0, void @empty_29, void @empty_29, i32 4294967295, i32 0, i32 0"   --->   Operation 166 'specinterface' 'specinterface_ln0' <Predicate = true> <Delay = 0.00>
ST_34 : Operation 167 [1/1] (0.00ns)   --->   "%specinterface_ln0 = specinterface void @_ssdm_op_SpecInterface, i32 %mode, void @empty_8, i32 4294967295, i32 4294967295, void @empty_29, i32 0, i32 0, void @empty_29, void @empty_29, void @empty_29, i32 0, i32 0, i32 0, i32 0, void @empty_29, void @empty_29, i32 4294967295, i32 0, i32 0"   --->   Operation 167 'specinterface' 'specinterface_ln0' <Predicate = true> <Delay = 0.00>
ST_34 : Operation 168 [1/1] (0.00ns)   --->   "%specinterface_ln0 = specinterface void @_ssdm_op_SpecInterface, i32 0, void @empty_2, i32 0, i32 0, void @empty_29, i32 0, i32 0, void @empty_0, void @empty_29, void @empty_29, i32 0, i32 0, i32 0, i32 0, void @empty_29, void @empty_29, i32 4294967295, i32 0, i32 0"   --->   Operation 168 'specinterface' 'specinterface_ln0' <Predicate = true> <Delay = 0.00>
ST_34 : Operation 169 [1/1] (0.00ns)   --->   "%specmemcore_ln41 = specmemcore void @_ssdm_op_SpecMemCore, i256 %x_buf, i64 666, i64 31, i64 18446744073709551615" [../gen/upconv_core_top.cpp:41]   --->   Operation 169 'specmemcore' 'specmemcore_ln41' <Predicate = true> <Delay = 0.00>
ST_34 : Operation 170 [1/1] (0.00ns)   --->   "%specmemcore_ln379 = specmemcore void @_ssdm_op_SpecMemCore, i256 %b_buf, i64 666, i64 30, i64 18446744073709551615" [../gen/UpConv_Unified.tpp:379->../gen/upconv_core_top.cpp:59]   --->   Operation 170 'specmemcore' 'specmemcore_ln379' <Predicate = true> <Delay = 0.00>
ST_34 : Operation 171 [1/1] (0.00ns)   --->   "%specmemcore_ln380 = specmemcore void @_ssdm_op_SpecMemCore, i256 %g_buf, i64 666, i64 30, i64 18446744073709551615" [../gen/UpConv_Unified.tpp:380->../gen/upconv_core_top.cpp:59]   --->   Operation 171 'specmemcore' 'specmemcore_ln380' <Predicate = true> <Delay = 0.00>
ST_34 : Operation 172 [1/1] (0.00ns)   --->   "%specmemcore_ln381 = specmemcore void @_ssdm_op_SpecMemCore, i256 %be_buf, i64 666, i64 30, i64 18446744073709551615" [../gen/UpConv_Unified.tpp:381->../gen/upconv_core_top.cpp:59]   --->   Operation 172 'specmemcore' 'specmemcore_ln381' <Predicate = true> <Delay = 0.00>
ST_34 : Operation 173 [1/2] (0.00ns)   --->   "%call_ln392 = call void @UpConv_Fused_Row<8>, i256 %gmem_weight, i64 %W_read, i256 %b_buf, i256 %g_buf, i256 %be_buf, i256 %gmem_out, i64 %Y_read, i16 %epsilon_read, i32 %inv_C_OUT, i8 0, i8 %W_IN, i8 %W_IN, i10 %C_IN, i9 %C_OUT, i16 %void_UpConv_Fused_Row_ap_uint_ap_uint_const_ap_uint_const_30_ap_uint_cons_9, i16 %void_UpConv_Fused_Row_ap_uint_ap_uint_const_ap_uint_const_30_ap_uint_cons_8, i16 %void_UpConv_Fused_Row_ap_uint_ap_uint_const_ap_uint_const_30_ap_uint_cons_7, i16 %void_UpConv_Fused_Row_ap_uint_ap_uint_const_ap_uint_const_30_ap_uint_cons_6, i16 %void_UpConv_Fused_Row_ap_uint_ap_uint_const_ap_uint_const_30_ap_uint_cons_5, i16 %void_UpConv_Fused_Row_ap_uint_ap_uint_const_ap_uint_const_30_ap_uint_cons_4, i16 %void_UpConv_Fused_Row_ap_uint_ap_uint_const_ap_uint_const_30_ap_uint_cons_3, i16 %void_UpConv_Fused_Row_ap_uint_ap_uint_const_ap_uint_const_30_ap_uint_cons_2, i16 %void_UpConv_Fused_Row_ap_uint_ap_uint_const_ap_uint_const_30_ap_uint_cons_1, i16 %void_UpConv_Fused_Row_ap_uint_ap_uint_const_ap_uint_const_30_ap_uint_cons, i16 %p_ZZ16UpConv_Fused_RowILi8EEvP7ap_uintILi256EEPKS1_RA30_S3_S6_S6_S2_DhfiiiiiE7row_5, i16 %p_ZZ16UpConv_Fused_RowILi8EEvP7ap_uintILi256EEPKS1_RA30_S3_S6_S6_S2_DhfiiiiiE7row_4, i16 %p_ZZ16UpConv_Fused_RowILi8EEvP7ap_uintILi256EEPKS1_RA30_S3_S6_S6_S2_DhfiiiiiE7row_3, i16 %p_ZZ16UpConv_Fused_RowILi8EEvP7ap_uintILi256EEPKS1_RA30_S3_S6_S6_S2_DhfiiiiiE7row_2, i16 %p_ZZ16UpConv_Fused_RowILi8EEvP7ap_uintILi256EEPKS1_RA30_S3_S6_S6_S2_DhfiiiiiE7row_1, i16 %p_ZZ16UpConv_Fused_RowILi8EEvP7ap_uintILi256EEPKS1_RA30_S3_S6_S6_S2_DhfiiiiiE7row, i256 %x_buf, i32 %mean_buf, i16 %inv_buf" [../gen/UpConv_Unified.tpp:392->../gen/upconv_core_top.cpp:59]   --->   Operation 173 'call' 'call_ln392' <Predicate = true> <Delay = 0.00> <CoreType = "Generic">   --->   Generic Core
ST_34 : Operation 174 [1/1] (0.00ns)   --->   "%zext_ln395_1 = zext i14 %total" [../gen/UpConv_Unified.tpp:395->../gen/upconv_core_top.cpp:59]   --->   Operation 174 'zext' 'zext_ln395_1' <Predicate = true> <Delay = 0.00>
ST_34 : Operation 175 [1/1] (0.00ns)   --->   "%br_ln395 = br void %for.body8.i" [../gen/UpConv_Unified.tpp:395->../gen/upconv_core_top.cpp:59]   --->   Operation 175 'br' 'br_ln395' <Predicate = true> <Delay = 0.00>

State 35 <SV = 34> <Delay = 2.28>
ST_35 : Operation 176 [1/1] (0.00ns)   --->   "%hi_1 = load i8 %hi" [../gen/UpConv_Unified.tpp:405->../gen/upconv_core_top.cpp:59]   --->   Operation 176 'load' 'hi_1' <Predicate = true> <Delay = 0.00>
ST_35 : Operation 177 [1/1] (0.00ns)   --->   "%indvar_load = load i7 %indvar" [../gen/UpConv_Unified.tpp:395->../gen/upconv_core_top.cpp:59]   --->   Operation 177 'load' 'indvar_load' <Predicate = true> <Delay = 0.00>
ST_35 : Operation 178 [1/1] (0.76ns)   --->   "%icmp_ln395 = icmp_ult  i8 %hi_1, i8 %W_IN" [../gen/UpConv_Unified.tpp:395->../gen/upconv_core_top.cpp:59]   --->   Operation 178 'icmp' 'icmp_ln395' <Predicate = true> <Delay = 0.76> <CoreInst = "Cmp">   --->   Core 9 'Cmp' <Latency = 0> <II = 1> <Delay = 0.76> <FuncUnit> <Opcode : 'seteq' 'setne' 'setle' 'setge' 'setlt' 'setgt'> <InPorts = 2> <OutPorts = 1>
ST_35 : Operation 179 [1/1] (0.77ns)   --->   "%add_ln395_2 = add i7 %indvar_load, i7 1" [../gen/UpConv_Unified.tpp:395->../gen/upconv_core_top.cpp:59]   --->   Operation 179 'add' 'add_ln395_2' <Predicate = true> <Delay = 0.77> <CoreInst = "Adder">   --->   Core 1 'Adder' <Latency = 0> <II = 1> <Delay = 0.77> <FuncUnit> <Opcode : 'add' 'sub'> <InPorts = 2> <OutPorts = 1>
ST_35 : Operation 180 [1/1] (0.00ns)   --->   "%br_ln395 = br i1 %icmp_ln395, void %_Z16UpConv_Fused_TopILi8EEvP7ap_uintILi256EEPKS1_S4_S4_S4_S4_S2_Dhfiiii.exit, void %for.body8.i.split" [../gen/UpConv_Unified.tpp:395->../gen/upconv_core_top.cpp:59]   --->   Operation 180 'br' 'br_ln395' <Predicate = true> <Delay = 0.00>
ST_35 : Operation 181 [1/1] (0.00ns)   --->   "%zext_ln397 = zext i7 %indvar_load" [../gen/UpConv_Unified.tpp:397->../gen/upconv_core_top.cpp:59]   --->   Operation 181 'zext' 'zext_ln397' <Predicate = (icmp_ln395)> <Delay = 0.00>
ST_35 : Operation 182 [1/1] (2.28ns)   --->   "%mul_ln397 = mul i20 %zext_ln397, i20 %zext_ln395_1" [../gen/UpConv_Unified.tpp:397->../gen/upconv_core_top.cpp:59]   --->   Operation 182 'mul' 'mul_ln397' <Predicate = (icmp_ln395)> <Delay = 2.28> <CoreInst = "Multiplier">   --->   Core 3 'Multiplier' <Latency = 0> <II = 1> <Delay = 2.28> <FuncUnit> <Opcode : 'mul'> <InPorts = 2> <OutPorts = 1>
ST_35 : Operation 183 [1/1] (0.76ns)   --->   "%add_ln395_1 = add i8 %hi_1, i8 1" [../gen/UpConv_Unified.tpp:395->../gen/upconv_core_top.cpp:59]   --->   Operation 183 'add' 'add_ln395_1' <Predicate = (icmp_ln395)> <Delay = 0.76> <CoreInst = "Adder">   --->   Core 1 'Adder' <Latency = 0> <II = 1> <Delay = 0.76> <FuncUnit> <Opcode : 'add' 'sub'> <InPorts = 2> <OutPorts = 1>
ST_35 : Operation 184 [1/1] (0.42ns)   --->   "%store_ln395 = store i7 %add_ln395_2, i7 %indvar" [../gen/UpConv_Unified.tpp:395->../gen/upconv_core_top.cpp:59]   --->   Operation 184 'store' 'store_ln395' <Predicate = (icmp_ln395)> <Delay = 0.42>
ST_35 : Operation 185 [1/1] (0.42ns)   --->   "%store_ln395 = store i8 %add_ln395_1, i8 %hi" [../gen/UpConv_Unified.tpp:395->../gen/upconv_core_top.cpp:59]   --->   Operation 185 'store' 'store_ln395' <Predicate = (icmp_ln395)> <Delay = 0.42>
ST_35 : Operation 186 [1/1] (0.00ns) (grouped into LUT with out node add_ln410)   --->   "%shl_ln410 = shl i8 %W_IN, i8 1" [../gen/UpConv_Unified.tpp:410->../gen/upconv_core_top.cpp:59]   --->   Operation 186 'shl' 'shl_ln410' <Predicate = (!icmp_ln395)> <Delay = 0.00>
ST_35 : Operation 187 [1/1] (0.76ns) (out node of the LUT)   --->   "%add_ln410 = add i8 %shl_ln410, i8 255" [../gen/UpConv_Unified.tpp:410->../gen/upconv_core_top.cpp:59]   --->   Operation 187 'add' 'add_ln410' <Predicate = (!icmp_ln395)> <Delay = 0.76> <CoreInst = "Adder">   --->   Core 1 'Adder' <Latency = 0> <II = 1> <Delay = 0.76> <FuncUnit> <Opcode : 'add' 'sub'> <InPorts = 2> <OutPorts = 1>

State 36 <SV = 35> <Delay = 1.58>
ST_36 : Operation 188 [1/1] (0.00ns)   --->   "%shl_ln1 = bitconcatenate i25 @_ssdm_op_BitConcatenate.i25.i20.i5, i20 %mul_ln397, i5 0" [../gen/UpConv_Unified.tpp:397->../gen/upconv_core_top.cpp:59]   --->   Operation 188 'bitconcatenate' 'shl_ln1' <Predicate = true> <Delay = 0.00>
ST_36 : Operation 189 [1/1] (0.00ns) (grouped into LUT with out node base_buf)   --->   "%slot = trunc i8 %hi_1" [../gen/UpConv_Unified.tpp:397->../gen/upconv_core_top.cpp:59]   --->   Operation 189 'trunc' 'slot' <Predicate = true> <Delay = 0.00>
ST_36 : Operation 190 [1/1] (0.00ns) (grouped into LUT with out node base_buf)   --->   "%select_ln399 = select i1 %slot, i11 2047, i11 0" [../gen/UpConv_Unified.tpp:399->../gen/upconv_core_top.cpp:59]   --->   Operation 190 'select' 'select_ln399' <Predicate = true> <Delay = 0.00> <CoreInst = "Sel">   --->   Core 73 'Sel' <Latency = 0> <II = 1> <Delay = 0.17> <FuncUnit> <Opcode : 'select'> <InPorts = 3> <OutPorts = 1>
ST_36 : Operation 191 [1/1] (0.33ns) (out node of the LUT)   --->   "%base_buf = and i11 %trunc_ln386, i11 %select_ln399" [../gen/UpConv_Unified.tpp:399->../gen/upconv_core_top.cpp:59]   --->   Operation 191 'and' 'base_buf' <Predicate = true> <Delay = 0.33> <CoreInst = "LogicGate">   --->   Core 74 'LogicGate' <Latency = 0> <II = 1> <Delay = 0.33> <FuncUnit> <Opcode : 'and' 'or' 'xor'> <InPorts = 2> <OutPorts = 1>
ST_36 : Operation 192 [2/2] (1.24ns)   --->   "%call_ln387 = call void @upconv_core_top_Pipeline_LOAD_ROW, i256 %gmem_in, i13 %trunc_ln387, i25 %shl_ln1, i11 %base_buf, i59 %trunc_ln5, i256 %x_buf" [../gen/UpConv_Unified.tpp:387->../gen/upconv_core_top.cpp:59]   --->   Operation 192 'call' 'call_ln387' <Predicate = true> <Delay = 1.24> <CoreType = "Generic">   --->   Generic Core

State 37 <SV = 36> <Delay = 0.76>
ST_37 : Operation 193 [1/2] (0.00ns)   --->   "%call_ln387 = call void @upconv_core_top_Pipeline_LOAD_ROW, i256 %gmem_in, i13 %trunc_ln387, i25 %shl_ln1, i11 %base_buf, i59 %trunc_ln5, i256 %x_buf" [../gen/UpConv_Unified.tpp:387->../gen/upconv_core_top.cpp:59]   --->   Operation 193 'call' 'call_ln387' <Predicate = true> <Delay = 0.00> <CoreType = "Generic">   --->   Generic Core
ST_37 : Operation 194 [1/1] (0.00ns)   --->   "%shl_ln405 = shl i8 %hi_1, i8 1" [../gen/UpConv_Unified.tpp:405->../gen/upconv_core_top.cpp:59]   --->   Operation 194 'shl' 'shl_ln405' <Predicate = true> <Delay = 0.00>
ST_37 : Operation 195 [1/1] (0.76ns)   --->   "%add_ln405 = add i8 %shl_ln405, i8 255" [../gen/UpConv_Unified.tpp:405->../gen/upconv_core_top.cpp:59]   --->   Operation 195 'add' 'add_ln405' <Predicate = true> <Delay = 0.76> <CoreInst = "Adder">   --->   Core 1 'Adder' <Latency = 0> <II = 1> <Delay = 0.76> <FuncUnit> <Opcode : 'add' 'sub'> <InPorts = 2> <OutPorts = 1>

State 38 <SV = 37> <Delay = 2.42>
ST_38 : Operation 196 [2/2] (2.42ns)   --->   "%call_ln405 = call void @UpConv_Fused_Row<8>, i256 %gmem_weight, i64 %W_read, i256 %b_buf, i256 %g_buf, i256 %be_buf, i256 %gmem_out, i64 %Y_read, i16 %epsilon_read, i32 %inv_C_OUT, i8 %add_ln405, i8 %W_IN, i8 %W_IN, i10 %C_IN, i9 %C_OUT, i16 %void_UpConv_Fused_Row_ap_uint_ap_uint_const_ap_uint_const_30_ap_uint_cons_9, i16 %void_UpConv_Fused_Row_ap_uint_ap_uint_const_ap_uint_const_30_ap_uint_cons_8, i16 %void_UpConv_Fused_Row_ap_uint_ap_uint_const_ap_uint_const_30_ap_uint_cons_7, i16 %void_UpConv_Fused_Row_ap_uint_ap_uint_const_ap_uint_const_30_ap_uint_cons_6, i16 %void_UpConv_Fused_Row_ap_uint_ap_uint_const_ap_uint_const_30_ap_uint_cons_5, i16 %void_UpConv_Fused_Row_ap_uint_ap_uint_const_ap_uint_const_30_ap_uint_cons_4, i16 %void_UpConv_Fused_Row_ap_uint_ap_uint_const_ap_uint_const_30_ap_uint_cons_3, i16 %void_UpConv_Fused_Row_ap_uint_ap_uint_const_ap_uint_const_30_ap_uint_cons_2, i16 %void_UpConv_Fused_Row_ap_uint_ap_uint_const_ap_uint_const_30_ap_uint_cons_1, i16 %void_UpConv_Fused_Row_ap_uint_ap_uint_const_ap_uint_const_30_ap_uint_cons, i16 %p_ZZ16UpConv_Fused_RowILi8EEvP7ap_uintILi256EEPKS1_RA30_S3_S6_S6_S2_DhfiiiiiE7row_5, i16 %p_ZZ16UpConv_Fused_RowILi8EEvP7ap_uintILi256EEPKS1_RA30_S3_S6_S6_S2_DhfiiiiiE7row_4, i16 %p_ZZ16UpConv_Fused_RowILi8EEvP7ap_uintILi256EEPKS1_RA30_S3_S6_S6_S2_DhfiiiiiE7row_3, i16 %p_ZZ16UpConv_Fused_RowILi8EEvP7ap_uintILi256EEPKS1_RA30_S3_S6_S6_S2_DhfiiiiiE7row_2, i16 %p_ZZ16UpConv_Fused_RowILi8EEvP7ap_uintILi256EEPKS1_RA30_S3_S6_S6_S2_DhfiiiiiE7row_1, i16 %p_ZZ16UpConv_Fused_RowILi8EEvP7ap_uintILi256EEPKS1_RA30_S3_S6_S6_S2_DhfiiiiiE7row, i256 %x_buf, i32 %mean_buf, i16 %inv_buf" [../gen/UpConv_Unified.tpp:405->../gen/upconv_core_top.cpp:59]   --->   Operation 196 'call' 'call_ln405' <Predicate = true> <Delay = 2.42> <CoreType = "Generic">   --->   Generic Core

State 39 <SV = 38> <Delay = 0.00>
ST_39 : Operation 197 [1/2] (0.00ns)   --->   "%call_ln405 = call void @UpConv_Fused_Row<8>, i256 %gmem_weight, i64 %W_read, i256 %b_buf, i256 %g_buf, i256 %be_buf, i256 %gmem_out, i64 %Y_read, i16 %epsilon_read, i32 %inv_C_OUT, i8 %add_ln405, i8 %W_IN, i8 %W_IN, i10 %C_IN, i9 %C_OUT, i16 %void_UpConv_Fused_Row_ap_uint_ap_uint_const_ap_uint_const_30_ap_uint_cons_9, i16 %void_UpConv_Fused_Row_ap_uint_ap_uint_const_ap_uint_const_30_ap_uint_cons_8, i16 %void_UpConv_Fused_Row_ap_uint_ap_uint_const_ap_uint_const_30_ap_uint_cons_7, i16 %void_UpConv_Fused_Row_ap_uint_ap_uint_const_ap_uint_const_30_ap_uint_cons_6, i16 %void_UpConv_Fused_Row_ap_uint_ap_uint_const_ap_uint_const_30_ap_uint_cons_5, i16 %void_UpConv_Fused_Row_ap_uint_ap_uint_const_ap_uint_const_30_ap_uint_cons_4, i16 %void_UpConv_Fused_Row_ap_uint_ap_uint_const_ap_uint_const_30_ap_uint_cons_3, i16 %void_UpConv_Fused_Row_ap_uint_ap_uint_const_ap_uint_const_30_ap_uint_cons_2, i16 %void_UpConv_Fused_Row_ap_uint_ap_uint_const_ap_uint_const_30_ap_uint_cons_1, i16 %void_UpConv_Fused_Row_ap_uint_ap_uint_const_ap_uint_const_30_ap_uint_cons, i16 %p_ZZ16UpConv_Fused_RowILi8EEvP7ap_uintILi256EEPKS1_RA30_S3_S6_S6_S2_DhfiiiiiE7row_5, i16 %p_ZZ16UpConv_Fused_RowILi8EEvP7ap_uintILi256EEPKS1_RA30_S3_S6_S6_S2_DhfiiiiiE7row_4, i16 %p_ZZ16UpConv_Fused_RowILi8EEvP7ap_uintILi256EEPKS1_RA30_S3_S6_S6_S2_DhfiiiiiE7row_3, i16 %p_ZZ16UpConv_Fused_RowILi8EEvP7ap_uintILi256EEPKS1_RA30_S3_S6_S6_S2_DhfiiiiiE7row_2, i16 %p_ZZ16UpConv_Fused_RowILi8EEvP7ap_uintILi256EEPKS1_RA30_S3_S6_S6_S2_DhfiiiiiE7row_1, i16 %p_ZZ16UpConv_Fused_RowILi8EEvP7ap_uintILi256EEPKS1_RA30_S3_S6_S6_S2_DhfiiiiiE7row, i256 %x_buf, i32 %mean_buf, i16 %inv_buf" [../gen/UpConv_Unified.tpp:405->../gen/upconv_core_top.cpp:59]   --->   Operation 197 'call' 'call_ln405' <Predicate = true> <Delay = 0.00> <CoreType = "Generic">   --->   Generic Core

State 40 <SV = 39> <Delay = 2.42>
ST_40 : Operation 198 [2/2] (2.42ns)   --->   "%call_ln406 = call void @UpConv_Fused_Row<8>, i256 %gmem_weight, i64 %W_read, i256 %b_buf, i256 %g_buf, i256 %be_buf, i256 %gmem_out, i64 %Y_read, i16 %epsilon_read, i32 %inv_C_OUT, i8 %shl_ln405, i8 %W_IN, i8 %W_IN, i10 %C_IN, i9 %C_OUT, i16 %void_UpConv_Fused_Row_ap_uint_ap_uint_const_ap_uint_const_30_ap_uint_cons_9, i16 %void_UpConv_Fused_Row_ap_uint_ap_uint_const_ap_uint_const_30_ap_uint_cons_8, i16 %void_UpConv_Fused_Row_ap_uint_ap_uint_const_ap_uint_const_30_ap_uint_cons_7, i16 %void_UpConv_Fused_Row_ap_uint_ap_uint_const_ap_uint_const_30_ap_uint_cons_6, i16 %void_UpConv_Fused_Row_ap_uint_ap_uint_const_ap_uint_const_30_ap_uint_cons_5, i16 %void_UpConv_Fused_Row_ap_uint_ap_uint_const_ap_uint_const_30_ap_uint_cons_4, i16 %void_UpConv_Fused_Row_ap_uint_ap_uint_const_ap_uint_const_30_ap_uint_cons_3, i16 %void_UpConv_Fused_Row_ap_uint_ap_uint_const_ap_uint_const_30_ap_uint_cons_2, i16 %void_UpConv_Fused_Row_ap_uint_ap_uint_const_ap_uint_const_30_ap_uint_cons_1, i16 %void_UpConv_Fused_Row_ap_uint_ap_uint_const_ap_uint_const_30_ap_uint_cons, i16 %p_ZZ16UpConv_Fused_RowILi8EEvP7ap_uintILi256EEPKS1_RA30_S3_S6_S6_S2_DhfiiiiiE7row_5, i16 %p_ZZ16UpConv_Fused_RowILi8EEvP7ap_uintILi256EEPKS1_RA30_S3_S6_S6_S2_DhfiiiiiE7row_4, i16 %p_ZZ16UpConv_Fused_RowILi8EEvP7ap_uintILi256EEPKS1_RA30_S3_S6_S6_S2_DhfiiiiiE7row_3, i16 %p_ZZ16UpConv_Fused_RowILi8EEvP7ap_uintILi256EEPKS1_RA30_S3_S6_S6_S2_DhfiiiiiE7row_2, i16 %p_ZZ16UpConv_Fused_RowILi8EEvP7ap_uintILi256EEPKS1_RA30_S3_S6_S6_S2_DhfiiiiiE7row_1, i16 %p_ZZ16UpConv_Fused_RowILi8EEvP7ap_uintILi256EEPKS1_RA30_S3_S6_S6_S2_DhfiiiiiE7row, i256 %x_buf, i32 %mean_buf, i16 %inv_buf" [../gen/UpConv_Unified.tpp:406->../gen/upconv_core_top.cpp:59]   --->   Operation 198 'call' 'call_ln406' <Predicate = true> <Delay = 2.42> <CoreType = "Generic">   --->   Generic Core

State 41 <SV = 40> <Delay = 0.00>
ST_41 : Operation 199 [1/1] (0.00ns)   --->   "%speclooptripcount_ln396 = speclooptripcount void @_ssdm_op_SpecLoopTripCount, i64 16, i64 128, i64 64" [../gen/UpConv_Unified.tpp:396->../gen/upconv_core_top.cpp:59]   --->   Operation 199 'speclooptripcount' 'speclooptripcount_ln396' <Predicate = true> <Delay = 0.00>
ST_41 : Operation 200 [1/1] (0.00ns)   --->   "%specloopname_ln395 = specloopname void @_ssdm_op_SpecLoopName, void @empty_1" [../gen/UpConv_Unified.tpp:395->../gen/upconv_core_top.cpp:59]   --->   Operation 200 'specloopname' 'specloopname_ln395' <Predicate = true> <Delay = 0.00>
ST_41 : Operation 201 [1/2] (0.00ns)   --->   "%call_ln406 = call void @UpConv_Fused_Row<8>, i256 %gmem_weight, i64 %W_read, i256 %b_buf, i256 %g_buf, i256 %be_buf, i256 %gmem_out, i64 %Y_read, i16 %epsilon_read, i32 %inv_C_OUT, i8 %shl_ln405, i8 %W_IN, i8 %W_IN, i10 %C_IN, i9 %C_OUT, i16 %void_UpConv_Fused_Row_ap_uint_ap_uint_const_ap_uint_const_30_ap_uint_cons_9, i16 %void_UpConv_Fused_Row_ap_uint_ap_uint_const_ap_uint_const_30_ap_uint_cons_8, i16 %void_UpConv_Fused_Row_ap_uint_ap_uint_const_ap_uint_const_30_ap_uint_cons_7, i16 %void_UpConv_Fused_Row_ap_uint_ap_uint_const_ap_uint_const_30_ap_uint_cons_6, i16 %void_UpConv_Fused_Row_ap_uint_ap_uint_const_ap_uint_const_30_ap_uint_cons_5, i16 %void_UpConv_Fused_Row_ap_uint_ap_uint_const_ap_uint_const_30_ap_uint_cons_4, i16 %void_UpConv_Fused_Row_ap_uint_ap_uint_const_ap_uint_const_30_ap_uint_cons_3, i16 %void_UpConv_Fused_Row_ap_uint_ap_uint_const_ap_uint_const_30_ap_uint_cons_2, i16 %void_UpConv_Fused_Row_ap_uint_ap_uint_const_ap_uint_const_30_ap_uint_cons_1, i16 %void_UpConv_Fused_Row_ap_uint_ap_uint_const_ap_uint_const_30_ap_uint_cons, i16 %p_ZZ16UpConv_Fused_RowILi8EEvP7ap_uintILi256EEPKS1_RA30_S3_S6_S6_S2_DhfiiiiiE7row_5, i16 %p_ZZ16UpConv_Fused_RowILi8EEvP7ap_uintILi256EEPKS1_RA30_S3_S6_S6_S2_DhfiiiiiE7row_4, i16 %p_ZZ16UpConv_Fused_RowILi8EEvP7ap_uintILi256EEPKS1_RA30_S3_S6_S6_S2_DhfiiiiiE7row_3, i16 %p_ZZ16UpConv_Fused_RowILi8EEvP7ap_uintILi256EEPKS1_RA30_S3_S6_S6_S2_DhfiiiiiE7row_2, i16 %p_ZZ16UpConv_Fused_RowILi8EEvP7ap_uintILi256EEPKS1_RA30_S3_S6_S6_S2_DhfiiiiiE7row_1, i16 %p_ZZ16UpConv_Fused_RowILi8EEvP7ap_uintILi256EEPKS1_RA30_S3_S6_S6_S2_DhfiiiiiE7row, i256 %x_buf, i32 %mean_buf, i16 %inv_buf" [../gen/UpConv_Unified.tpp:406->../gen/upconv_core_top.cpp:59]   --->   Operation 201 'call' 'call_ln406' <Predicate = true> <Delay = 0.00> <CoreType = "Generic">   --->   Generic Core
ST_41 : Operation 202 [1/1] (0.00ns)   --->   "%br_ln395 = br void %for.body8.i" [../gen/UpConv_Unified.tpp:395->../gen/upconv_core_top.cpp:59]   --->   Operation 202 'br' 'br_ln395' <Predicate = true> <Delay = 0.00>

State 42 <SV = 35> <Delay = 2.42>
ST_42 : Operation 203 [2/2] (2.42ns)   --->   "%call_ln410 = call void @UpConv_Fused_Row<8>, i256 %gmem_weight, i64 %W_read, i256 %b_buf, i256 %g_buf, i256 %be_buf, i256 %gmem_out, i64 %Y_read, i16 %epsilon_read, i32 %inv_C_OUT, i8 %add_ln410, i8 %W_IN, i8 %W_IN, i10 %C_IN, i9 %C_OUT, i16 %void_UpConv_Fused_Row_ap_uint_ap_uint_const_ap_uint_const_30_ap_uint_cons_9, i16 %void_UpConv_Fused_Row_ap_uint_ap_uint_const_ap_uint_const_30_ap_uint_cons_8, i16 %void_UpConv_Fused_Row_ap_uint_ap_uint_const_ap_uint_const_30_ap_uint_cons_7, i16 %void_UpConv_Fused_Row_ap_uint_ap_uint_const_ap_uint_const_30_ap_uint_cons_6, i16 %void_UpConv_Fused_Row_ap_uint_ap_uint_const_ap_uint_const_30_ap_uint_cons_5, i16 %void_UpConv_Fused_Row_ap_uint_ap_uint_const_ap_uint_const_30_ap_uint_cons_4, i16 %void_UpConv_Fused_Row_ap_uint_ap_uint_const_ap_uint_const_30_ap_uint_cons_3, i16 %void_UpConv_Fused_Row_ap_uint_ap_uint_const_ap_uint_const_30_ap_uint_cons_2, i16 %void_UpConv_Fused_Row_ap_uint_ap_uint_const_ap_uint_const_30_ap_uint_cons_1, i16 %void_UpConv_Fused_Row_ap_uint_ap_uint_const_ap_uint_const_30_ap_uint_cons, i16 %p_ZZ16UpConv_Fused_RowILi8EEvP7ap_uintILi256EEPKS1_RA30_S3_S6_S6_S2_DhfiiiiiE7row_5, i16 %p_ZZ16UpConv_Fused_RowILi8EEvP7ap_uintILi256EEPKS1_RA30_S3_S6_S6_S2_DhfiiiiiE7row_4, i16 %p_ZZ16UpConv_Fused_RowILi8EEvP7ap_uintILi256EEPKS1_RA30_S3_S6_S6_S2_DhfiiiiiE7row_3, i16 %p_ZZ16UpConv_Fused_RowILi8EEvP7ap_uintILi256EEPKS1_RA30_S3_S6_S6_S2_DhfiiiiiE7row_2, i16 %p_ZZ16UpConv_Fused_RowILi8EEvP7ap_uintILi256EEPKS1_RA30_S3_S6_S6_S2_DhfiiiiiE7row_1, i16 %p_ZZ16UpConv_Fused_RowILi8EEvP7ap_uintILi256EEPKS1_RA30_S3_S6_S6_S2_DhfiiiiiE7row, i256 %x_buf, i32 %mean_buf, i16 %inv_buf" [../gen/UpConv_Unified.tpp:410->../gen/upconv_core_top.cpp:59]   --->   Operation 203 'call' 'call_ln410' <Predicate = true> <Delay = 2.42> <CoreType = "Generic">   --->   Generic Core

State 43 <SV = 36> <Delay = 0.00>
ST_43 : Operation 204 [1/2] (0.00ns)   --->   "%call_ln410 = call void @UpConv_Fused_Row<8>, i256 %gmem_weight, i64 %W_read, i256 %b_buf, i256 %g_buf, i256 %be_buf, i256 %gmem_out, i64 %Y_read, i16 %epsilon_read, i32 %inv_C_OUT, i8 %add_ln410, i8 %W_IN, i8 %W_IN, i10 %C_IN, i9 %C_OUT, i16 %void_UpConv_Fused_Row_ap_uint_ap_uint_const_ap_uint_const_30_ap_uint_cons_9, i16 %void_UpConv_Fused_Row_ap_uint_ap_uint_const_ap_uint_const_30_ap_uint_cons_8, i16 %void_UpConv_Fused_Row_ap_uint_ap_uint_const_ap_uint_const_30_ap_uint_cons_7, i16 %void_UpConv_Fused_Row_ap_uint_ap_uint_const_ap_uint_const_30_ap_uint_cons_6, i16 %void_UpConv_Fused_Row_ap_uint_ap_uint_const_ap_uint_const_30_ap_uint_cons_5, i16 %void_UpConv_Fused_Row_ap_uint_ap_uint_const_ap_uint_const_30_ap_uint_cons_4, i16 %void_UpConv_Fused_Row_ap_uint_ap_uint_const_ap_uint_const_30_ap_uint_cons_3, i16 %void_UpConv_Fused_Row_ap_uint_ap_uint_const_ap_uint_const_30_ap_uint_cons_2, i16 %void_UpConv_Fused_Row_ap_uint_ap_uint_const_ap_uint_const_30_ap_uint_cons_1, i16 %void_UpConv_Fused_Row_ap_uint_ap_uint_const_ap_uint_const_30_ap_uint_cons, i16 %p_ZZ16UpConv_Fused_RowILi8EEvP7ap_uintILi256EEPKS1_RA30_S3_S6_S6_S2_DhfiiiiiE7row_5, i16 %p_ZZ16UpConv_Fused_RowILi8EEvP7ap_uintILi256EEPKS1_RA30_S3_S6_S6_S2_DhfiiiiiE7row_4, i16 %p_ZZ16UpConv_Fused_RowILi8EEvP7ap_uintILi256EEPKS1_RA30_S3_S6_S6_S2_DhfiiiiiE7row_3, i16 %p_ZZ16UpConv_Fused_RowILi8EEvP7ap_uintILi256EEPKS1_RA30_S3_S6_S6_S2_DhfiiiiiE7row_2, i16 %p_ZZ16UpConv_Fused_RowILi8EEvP7ap_uintILi256EEPKS1_RA30_S3_S6_S6_S2_DhfiiiiiE7row_1, i16 %p_ZZ16UpConv_Fused_RowILi8EEvP7ap_uintILi256EEPKS1_RA30_S3_S6_S6_S2_DhfiiiiiE7row, i256 %x_buf, i32 %mean_buf, i16 %inv_buf" [../gen/UpConv_Unified.tpp:410->../gen/upconv_core_top.cpp:59]   --->   Operation 204 'call' 'call_ln410' <Predicate = true> <Delay = 0.00> <CoreType = "Generic">   --->   Generic Core
ST_43 : Operation 205 [1/1] (0.00ns)   --->   "%ret_ln60 = ret" [../gen/upconv_core_top.cpp:60]   --->   Operation 205 'ret' 'ret_ln60' <Predicate = true> <Delay = 0.00>


============================================================
+ Verbose Summary: Timing violations
============================================================
Target clock period: 3.333ns, clock uncertainty: 0.900ns.

 <State 1>: 2.312ns
The critical path consists of the following:
	s_axi read operation ('mode_read') on port 'mode' [62]  (1.000 ns)
	'sparsemux' operation 10 bit ('C_IN') [88]  (0.525 ns)
	'add' operation 10 bit ('add_ln373', ../gen/UpConv_Unified.tpp:373->../gen/upconv_core_top.cpp:59) [109]  (0.787 ns)

 <State 2>: 1.650ns
The critical path consists of the following:
	'mul' operation 14 bit ('total', ../gen/UpConv_Unified.tpp:386->../gen/upconv_core_top.cpp:59) [112]  (1.650 ns)

 <State 3>: 2.433ns
The critical path consists of the following:
	bus request operation ('empty_55', ../gen/UpConv_Unified.tpp:188->../gen/UpConv_Unified.tpp:383->../gen/upconv_core_top.cpp:59) on port 'gmem_param' (../gen/UpConv_Unified.tpp:188->../gen/UpConv_Unified.tpp:383->../gen/upconv_core_top.cpp:59) [97]  (2.433 ns)

 <State 4>: 2.433ns
The critical path consists of the following:
	bus request operation ('empty_55', ../gen/UpConv_Unified.tpp:188->../gen/UpConv_Unified.tpp:383->../gen/upconv_core_top.cpp:59) on port 'gmem_param' (../gen/UpConv_Unified.tpp:188->../gen/UpConv_Unified.tpp:383->../gen/upconv_core_top.cpp:59) [97]  (2.433 ns)

 <State 5>: 2.433ns
The critical path consists of the following:
	bus request operation ('empty_55', ../gen/UpConv_Unified.tpp:188->../gen/UpConv_Unified.tpp:383->../gen/upconv_core_top.cpp:59) on port 'gmem_param' (../gen/UpConv_Unified.tpp:188->../gen/UpConv_Unified.tpp:383->../gen/upconv_core_top.cpp:59) [97]  (2.433 ns)

 <State 6>: 2.433ns
The critical path consists of the following:
	bus request operation ('empty_55', ../gen/UpConv_Unified.tpp:188->../gen/UpConv_Unified.tpp:383->../gen/upconv_core_top.cpp:59) on port 'gmem_param' (../gen/UpConv_Unified.tpp:188->../gen/UpConv_Unified.tpp:383->../gen/upconv_core_top.cpp:59) [97]  (2.433 ns)

 <State 7>: 2.433ns
The critical path consists of the following:
	bus request operation ('empty_55', ../gen/UpConv_Unified.tpp:188->../gen/UpConv_Unified.tpp:383->../gen/upconv_core_top.cpp:59) on port 'gmem_param' (../gen/UpConv_Unified.tpp:188->../gen/UpConv_Unified.tpp:383->../gen/upconv_core_top.cpp:59) [97]  (2.433 ns)

 <State 8>: 2.433ns
The critical path consists of the following:
	bus request operation ('empty_55', ../gen/UpConv_Unified.tpp:188->../gen/UpConv_Unified.tpp:383->../gen/upconv_core_top.cpp:59) on port 'gmem_param' (../gen/UpConv_Unified.tpp:188->../gen/UpConv_Unified.tpp:383->../gen/upconv_core_top.cpp:59) [97]  (2.433 ns)

 <State 9>: 2.433ns
The critical path consists of the following:
	bus request operation ('empty_55', ../gen/UpConv_Unified.tpp:188->../gen/UpConv_Unified.tpp:383->../gen/upconv_core_top.cpp:59) on port 'gmem_param' (../gen/UpConv_Unified.tpp:188->../gen/UpConv_Unified.tpp:383->../gen/upconv_core_top.cpp:59) [97]  (2.433 ns)

 <State 10>: 2.433ns
The critical path consists of the following:
	bus request operation ('empty_55', ../gen/UpConv_Unified.tpp:188->../gen/UpConv_Unified.tpp:383->../gen/upconv_core_top.cpp:59) on port 'gmem_param' (../gen/UpConv_Unified.tpp:188->../gen/UpConv_Unified.tpp:383->../gen/upconv_core_top.cpp:59) [97]  (2.433 ns)

 <State 11>: 1.247ns
The critical path consists of the following:
	'call' operation 0 bit ('call_ln387', ../gen/UpConv_Unified.tpp:387->../gen/upconv_core_top.cpp:59) to 'upconv_core_top_Pipeline_LOAD_ROW0' [120]  (1.247 ns)

 <State 12>: 0.000ns
The critical path consists of the following:

 <State 13>: 2.433ns
The critical path consists of the following:
	'getelementptr' operation 256 bit ('gmem_param_addr_1', ../gen/UpConv_Unified.tpp:193->../gen/UpConv_Unified.tpp:383->../gen/upconv_core_top.cpp:59) [101]  (0.000 ns)
	bus request operation ('empty_56', ../gen/UpConv_Unified.tpp:193->../gen/UpConv_Unified.tpp:383->../gen/upconv_core_top.cpp:59) on port 'gmem_param' (../gen/UpConv_Unified.tpp:193->../gen/UpConv_Unified.tpp:383->../gen/upconv_core_top.cpp:59) [102]  (2.433 ns)

 <State 14>: 2.433ns
The critical path consists of the following:
	bus request operation ('empty_56', ../gen/UpConv_Unified.tpp:193->../gen/UpConv_Unified.tpp:383->../gen/upconv_core_top.cpp:59) on port 'gmem_param' (../gen/UpConv_Unified.tpp:193->../gen/UpConv_Unified.tpp:383->../gen/upconv_core_top.cpp:59) [102]  (2.433 ns)

 <State 15>: 2.433ns
The critical path consists of the following:
	bus request operation ('empty_56', ../gen/UpConv_Unified.tpp:193->../gen/UpConv_Unified.tpp:383->../gen/upconv_core_top.cpp:59) on port 'gmem_param' (../gen/UpConv_Unified.tpp:193->../gen/UpConv_Unified.tpp:383->../gen/upconv_core_top.cpp:59) [102]  (2.433 ns)

 <State 16>: 2.433ns
The critical path consists of the following:
	bus request operation ('empty_56', ../gen/UpConv_Unified.tpp:193->../gen/UpConv_Unified.tpp:383->../gen/upconv_core_top.cpp:59) on port 'gmem_param' (../gen/UpConv_Unified.tpp:193->../gen/UpConv_Unified.tpp:383->../gen/upconv_core_top.cpp:59) [102]  (2.433 ns)

 <State 17>: 2.433ns
The critical path consists of the following:
	bus request operation ('empty_56', ../gen/UpConv_Unified.tpp:193->../gen/UpConv_Unified.tpp:383->../gen/upconv_core_top.cpp:59) on port 'gmem_param' (../gen/UpConv_Unified.tpp:193->../gen/UpConv_Unified.tpp:383->../gen/upconv_core_top.cpp:59) [102]  (2.433 ns)

 <State 18>: 2.433ns
The critical path consists of the following:
	bus request operation ('empty_56', ../gen/UpConv_Unified.tpp:193->../gen/UpConv_Unified.tpp:383->../gen/upconv_core_top.cpp:59) on port 'gmem_param' (../gen/UpConv_Unified.tpp:193->../gen/UpConv_Unified.tpp:383->../gen/upconv_core_top.cpp:59) [102]  (2.433 ns)

 <State 19>: 2.433ns
The critical path consists of the following:
	bus request operation ('empty_56', ../gen/UpConv_Unified.tpp:193->../gen/UpConv_Unified.tpp:383->../gen/upconv_core_top.cpp:59) on port 'gmem_param' (../gen/UpConv_Unified.tpp:193->../gen/UpConv_Unified.tpp:383->../gen/upconv_core_top.cpp:59) [102]  (2.433 ns)

 <State 20>: 2.433ns
The critical path consists of the following:
	bus request operation ('empty_56', ../gen/UpConv_Unified.tpp:193->../gen/UpConv_Unified.tpp:383->../gen/upconv_core_top.cpp:59) on port 'gmem_param' (../gen/UpConv_Unified.tpp:193->../gen/UpConv_Unified.tpp:383->../gen/upconv_core_top.cpp:59) [102]  (2.433 ns)

 <State 21>: 1.216ns
The critical path consists of the following:
	'call' operation 0 bit ('call_ln374', ../gen/UpConv_Unified.tpp:374->../gen/upconv_core_top.cpp:59) to 'upconv_core_top_Pipeline_LOAD_G' [103]  (1.216 ns)

 <State 22>: 0.000ns
The critical path consists of the following:

 <State 23>: 2.433ns
The critical path consists of the following:
	'getelementptr' operation 256 bit ('gmem_param_addr_2', ../gen/UpConv_Unified.tpp:198->../gen/UpConv_Unified.tpp:383->../gen/upconv_core_top.cpp:59) [106]  (0.000 ns)
	bus request operation ('empty_57', ../gen/UpConv_Unified.tpp:198->../gen/UpConv_Unified.tpp:383->../gen/upconv_core_top.cpp:59) on port 'gmem_param' (../gen/UpConv_Unified.tpp:198->../gen/UpConv_Unified.tpp:383->../gen/upconv_core_top.cpp:59) [107]  (2.433 ns)

 <State 24>: 2.433ns
The critical path consists of the following:
	bus request operation ('empty_57', ../gen/UpConv_Unified.tpp:198->../gen/UpConv_Unified.tpp:383->../gen/upconv_core_top.cpp:59) on port 'gmem_param' (../gen/UpConv_Unified.tpp:198->../gen/UpConv_Unified.tpp:383->../gen/upconv_core_top.cpp:59) [107]  (2.433 ns)

 <State 25>: 2.433ns
The critical path consists of the following:
	bus request operation ('empty_57', ../gen/UpConv_Unified.tpp:198->../gen/UpConv_Unified.tpp:383->../gen/upconv_core_top.cpp:59) on port 'gmem_param' (../gen/UpConv_Unified.tpp:198->../gen/UpConv_Unified.tpp:383->../gen/upconv_core_top.cpp:59) [107]  (2.433 ns)

 <State 26>: 2.433ns
The critical path consists of the following:
	bus request operation ('empty_57', ../gen/UpConv_Unified.tpp:198->../gen/UpConv_Unified.tpp:383->../gen/upconv_core_top.cpp:59) on port 'gmem_param' (../gen/UpConv_Unified.tpp:198->../gen/UpConv_Unified.tpp:383->../gen/upconv_core_top.cpp:59) [107]  (2.433 ns)

 <State 27>: 2.433ns
The critical path consists of the following:
	bus request operation ('empty_57', ../gen/UpConv_Unified.tpp:198->../gen/UpConv_Unified.tpp:383->../gen/upconv_core_top.cpp:59) on port 'gmem_param' (../gen/UpConv_Unified.tpp:198->../gen/UpConv_Unified.tpp:383->../gen/upconv_core_top.cpp:59) [107]  (2.433 ns)

 <State 28>: 2.433ns
The critical path consists of the following:
	bus request operation ('empty_57', ../gen/UpConv_Unified.tpp:198->../gen/UpConv_Unified.tpp:383->../gen/upconv_core_top.cpp:59) on port 'gmem_param' (../gen/UpConv_Unified.tpp:198->../gen/UpConv_Unified.tpp:383->../gen/upconv_core_top.cpp:59) [107]  (2.433 ns)

 <State 29>: 2.433ns
The critical path consists of the following:
	bus request operation ('empty_57', ../gen/UpConv_Unified.tpp:198->../gen/UpConv_Unified.tpp:383->../gen/upconv_core_top.cpp:59) on port 'gmem_param' (../gen/UpConv_Unified.tpp:198->../gen/UpConv_Unified.tpp:383->../gen/upconv_core_top.cpp:59) [107]  (2.433 ns)

 <State 30>: 2.433ns
The critical path consists of the following:
	bus request operation ('empty_57', ../gen/UpConv_Unified.tpp:198->../gen/UpConv_Unified.tpp:383->../gen/upconv_core_top.cpp:59) on port 'gmem_param' (../gen/UpConv_Unified.tpp:198->../gen/UpConv_Unified.tpp:383->../gen/upconv_core_top.cpp:59) [107]  (2.433 ns)

 <State 31>: 1.216ns
The critical path consists of the following:
	'call' operation 0 bit ('call_ln374', ../gen/UpConv_Unified.tpp:374->../gen/upconv_core_top.cpp:59) to 'upconv_core_top_Pipeline_LOAD_BE' [108]  (1.216 ns)

 <State 32>: 0.449ns
The critical path consists of the following:
	'select' operation 32 bit ('select_ln46', ../gen/upconv_core_top.cpp:46) [79]  (0.000 ns)
	'select' operation 32 bit ('select_ln46_1', ../gen/upconv_core_top.cpp:46) [81]  (0.000 ns)
	'select' operation 32 bit ('inv_C_OUT', ../gen/upconv_core_top.cpp:46) [86]  (0.449 ns)

 <State 33>: 2.426ns
The critical path consists of the following:
	'call' operation 0 bit ('call_ln392', ../gen/UpConv_Unified.tpp:392->../gen/upconv_core_top.cpp:59) to 'UpConv_Fused_Row<8>' [121]  (2.426 ns)

 <State 34>: 0.000ns
The critical path consists of the following:

 <State 35>: 2.284ns
The critical path consists of the following:
	'load' operation 7 bit ('indvar_load', ../gen/UpConv_Unified.tpp:395->../gen/upconv_core_top.cpp:59) on local variable 'indvar' [133]  (0.000 ns)
	'mul' operation 20 bit ('mul_ln397', ../gen/UpConv_Unified.tpp:397->../gen/upconv_core_top.cpp:59) [141]  (2.284 ns)

 <State 36>: 1.586ns
The critical path consists of the following:
	'select' operation 11 bit ('select_ln399', ../gen/UpConv_Unified.tpp:399->../gen/upconv_core_top.cpp:59) [144]  (0.000 ns)
	'and' operation 11 bit ('base_buf', ../gen/UpConv_Unified.tpp:399->../gen/upconv_core_top.cpp:59) [145]  (0.339 ns)
	'call' operation 0 bit ('call_ln387', ../gen/UpConv_Unified.tpp:387->../gen/upconv_core_top.cpp:59) to 'upconv_core_top_Pipeline_LOAD_ROW' [146]  (1.247 ns)

 <State 37>: 0.765ns
The critical path consists of the following:
	'shl' operation 8 bit ('shl_ln405', ../gen/UpConv_Unified.tpp:405->../gen/upconv_core_top.cpp:59) [147]  (0.000 ns)
	'add' operation 8 bit ('add_ln405', ../gen/UpConv_Unified.tpp:405->../gen/upconv_core_top.cpp:59) [148]  (0.765 ns)

 <State 38>: 2.426ns
The critical path consists of the following:
	'call' operation 0 bit ('call_ln405', ../gen/UpConv_Unified.tpp:405->../gen/upconv_core_top.cpp:59) to 'UpConv_Fused_Row<8>' [149]  (2.426 ns)

 <State 39>: 0.000ns
The critical path consists of the following:

 <State 40>: 2.426ns
The critical path consists of the following:
	'call' operation 0 bit ('call_ln406', ../gen/UpConv_Unified.tpp:406->../gen/upconv_core_top.cpp:59) to 'UpConv_Fused_Row<8>' [150]  (2.426 ns)

 <State 41>: 0.000ns
The critical path consists of the following:

 <State 42>: 2.426ns
The critical path consists of the following:
	'call' operation 0 bit ('call_ln410', ../gen/UpConv_Unified.tpp:410->../gen/upconv_core_top.cpp:59) to 'UpConv_Fused_Row<8>' [158]  (2.426 ns)

 <State 43>: 0.000ns
The critical path consists of the following:


============================================================
+ Verbose Summary: Binding
============================================================
N/A
* FSMD analyzer results:
  - Output states:
 - Input state : 
  - Chain level:
	State 1
	State 2
	State 3
	State 4
	State 5
	State 6
	State 7
	State 8
	State 9
	State 10
	State 11
	State 12
	State 13
	State 14
	State 15
	State 16
	State 17
	State 18
	State 19
	State 20
	State 21
	State 22
	State 23
	State 24
	State 25
	State 26
	State 27
	State 28
	State 29
	State 30
	State 31
	State 32
	State 33
	State 34
	State 35
	State 36
	State 37
	State 38
	State 39
	State 40
	State 41
	State 42
	State 43


============================================================
+ Verbose Summary: Datapath Resource usage 
============================================================
N/A
