

================================================================
== Vitis HLS Report for 'upconv_core_top_Pipeline_LOAD_ROW'
================================================================
* Date:           Wed Jun  3 12:32:24 2026

* Version:        2024.2 (Build 5238294 on Nov  8 2024)
* Project:        upconv_core_top
* Solution:       hls (Vivado IP Flow Target)
* Product family: zynquplus
* Target device:  xczu7ev-ffvc1156-2-e


================================================================
== Performance Estimates
================================================================
+ Timing: 
    * Summary: 
    +--------+---------+----------+------------+
    |  Clock |  Target | Estimated| Uncertainty|
    +--------+---------+----------+------------+
    |ap_clk  |  3.33 ns|  2.433 ns|     0.90 ns|
    +--------+---------+----------+------------+

+ Latency: 
    * Summary: 
    +---------+---------+----------+----------+-----+------+------------------------------------------------+
    |  Latency (cycles) |  Latency (absolute) |  Interval  |                    Pipeline                    |
    |   min   |   max   |    min   |    max   | min |  max |                      Type                      |
    +---------+---------+----------+----------+-----+------+------------------------------------------------+
    |       76|     2060|  0.253 us|  6.866 us|   65|  2049|  loop auto-rewind stp (delay=0 clock cycles(s))|
    +---------+---------+----------+----------+-----+------+------------------------------------------------+

    + Detail: 
        * Instance: 
        N/A

        * Loop: 
        +------------+---------+---------+----------+-----------+-----------+-----------+----------+
        |            |  Latency (cycles) | Iteration|  Initiation Interval  |    Trip   |          |
        |  Loop Name |   min   |   max   |  Latency |  achieved |   target  |   Count   | Pipelined|
        +------------+---------+---------+----------+-----------+-----------+-----------+----------+
        |- LOAD_ROW  |       74|     2058|        12|          1|          1|  64 ~ 2048|       yes|
        +------------+---------+---------+----------+-----------+-----------+-----------+----------+



================================================================
== Utilization Estimates
================================================================
* Summary: 
+-----------------+---------+------+--------+--------+-----+
|       Name      | BRAM_18K|  DSP |   FF   |   LUT  | URAM|
+-----------------+---------+------+--------+--------+-----+
|DSP              |        -|     -|       -|       -|    -|
|Expression       |        -|     -|       0|     160|    -|
|FIFO             |        -|     -|       -|       -|    -|
|Instance         |        -|     -|       -|       -|    -|
|Memory           |        -|     -|       -|       -|    -|
|Multiplexer      |        -|     -|       0|      54|    -|
|Register         |        -|     -|     499|      32|    -|
+-----------------+---------+------+--------+--------+-----+
|Total            |        0|     0|     499|     246|    0|
+-----------------+---------+------+--------+--------+-----+
|Available        |      624|  1728|  460800|  230400|   96|
+-----------------+---------+------+--------+--------+-----+
|Utilization (%)  |        0|     0|      ~0|      ~0|    0|
+-----------------+---------+------+--------+--------+-----+

+ Detail: 
    * Instance: 
    N/A

    * DSP: 
    N/A

    * Memory: 
    N/A

    * FIFO: 
    N/A

    * Expression: 
    +---------------------------+----------+----+---+----+------------+------------+
    |       Variable Name       | Operation| DSP| FF| LUT| Bitwidth P0| Bitwidth P1|
    +---------------------------+----------+----+---+----+------------+------------+
    |add_ln400_fu_161_p2        |         +|   0|  0|  19|          12|           1|
    |add_ln403_1_fu_205_p2      |         +|   0|  0|  18|          11|          11|
    |add_ln403_2_fu_210_p2      |         +|   0|  0|  67|          60|          60|
    |add_ln403_fu_186_p2        |         +|   0|  0|  32|          25|          25|
    |icmp_ln400_fu_155_p2       |      icmp|   0|  0|  20|          13|          13|
    |ap_block_pp0_stage0_11001  |        or|   0|  0|   2|           1|           1|
    |ap_enable_pp0              |       xor|   0|  0|   2|           1|           2|
    +---------------------------+----------+----+---+----+------------+------------+
    |Total                      |          |   0|  0| 160|         123|         113|
    +---------------------------+----------+----+---+----+------------+------------+

    * Multiplexer: 
    +-------------------------+----+-----------+-----+-----------+
    |           Name          | LUT| Input Size| Bits| Total Bits|
    +-------------------------+----+-----------+-----+-----------+
    |ap_done_int              |   9|          2|    1|          2|
    |ap_enable_reg_pp0_iter1  |   9|          2|    1|          2|
    |ap_sig_allocacmp_m       |   9|          2|   12|         24|
    |gmem_in_blk_n_AR         |   9|          2|    1|          2|
    |gmem_in_blk_n_R          |   9|          2|    1|          2|
    |m_1_fu_86                |   9|          2|   12|         24|
    +-------------------------+----+-----------+-----+-----------+
    |Total                    |  54|         12|   28|         56|
    +-------------------------+----+-----------+-----+-----------+

    * Register: 
    +-------------------------------------------+-----+----+-----+-----------+
    |                    Name                   |  FF | LUT| Bits| Const Bits|
    +-------------------------------------------+-----+----+-----+-----------+
    |add_ln403_1_reg_261                        |   11|   0|   11|          0|
    |add_ln403_2_reg_266                        |   60|   0|   60|          0|
    |ap_CS_fsm                                  |    1|   0|    1|          0|
    |ap_block_pp0_stage0_subdone_grp0_done_reg  |    1|   0|    1|          0|
    |ap_done_reg                                |    1|   0|    1|          0|
    |ap_enable_reg_pp0_iter1                    |    1|   0|    1|          0|
    |ap_enable_reg_pp0_iter10                   |    1|   0|    1|          0|
    |ap_enable_reg_pp0_iter11                   |    1|   0|    1|          0|
    |ap_enable_reg_pp0_iter2                    |    1|   0|    1|          0|
    |ap_enable_reg_pp0_iter3                    |    1|   0|    1|          0|
    |ap_enable_reg_pp0_iter4                    |    1|   0|    1|          0|
    |ap_enable_reg_pp0_iter5                    |    1|   0|    1|          0|
    |ap_enable_reg_pp0_iter6                    |    1|   0|    1|          0|
    |ap_enable_reg_pp0_iter7                    |    1|   0|    1|          0|
    |ap_enable_reg_pp0_iter8                    |    1|   0|    1|          0|
    |ap_enable_reg_pp0_iter9                    |    1|   0|    1|          0|
    |ap_loop_exit_ready_pp0_iter10_reg          |    1|   0|    1|          0|
    |ap_loop_exit_ready_pp0_iter1_reg           |    1|   0|    1|          0|
    |ap_loop_exit_ready_pp0_iter2_reg           |    1|   0|    1|          0|
    |ap_loop_exit_ready_pp0_iter3_reg           |    1|   0|    1|          0|
    |ap_loop_exit_ready_pp0_iter4_reg           |    1|   0|    1|          0|
    |ap_loop_exit_ready_pp0_iter5_reg           |    1|   0|    1|          0|
    |ap_loop_exit_ready_pp0_iter6_reg           |    1|   0|    1|          0|
    |ap_loop_exit_ready_pp0_iter7_reg           |    1|   0|    1|          0|
    |ap_loop_exit_ready_pp0_iter8_reg           |    1|   0|    1|          0|
    |ap_loop_exit_ready_pp0_iter9_reg           |    1|   0|    1|          0|
    |gmem_in_addr_read_reg_277                  |  256|   0|  256|          0|
    |m_1_fu_86                                  |   12|   0|   12|          0|
    |m_reg_251                                  |   12|   0|   12|          0|
    |sext_ln397_cast_reg_246                    |   60|   0|   60|          0|
    |add_ln403_1_reg_261                        |   64|  32|   11|          0|
    +-------------------------------------------+-----+----+-----+-----------+
    |Total                                      |  499|  32|  446|          0|
    +-------------------------------------------+-----+----+-----+-----------+



================================================================
== Interface
================================================================
* Summary: 
+--------------------------+-----+-----+------------+-----------------------------------+--------------+
|         RTL Ports        | Dir | Bits|  Protocol  |           Source Object           |    C Type    |
+--------------------------+-----+-----+------------+-----------------------------------+--------------+
|ap_clk                    |   in|    1|  ap_ctrl_hs|  upconv_core_top_Pipeline_LOAD_ROW|  return value|
|ap_rst                    |   in|    1|  ap_ctrl_hs|  upconv_core_top_Pipeline_LOAD_ROW|  return value|
|ap_start                  |   in|    1|  ap_ctrl_hs|  upconv_core_top_Pipeline_LOAD_ROW|  return value|
|ap_done                   |  out|    1|  ap_ctrl_hs|  upconv_core_top_Pipeline_LOAD_ROW|  return value|
|ap_idle                   |  out|    1|  ap_ctrl_hs|  upconv_core_top_Pipeline_LOAD_ROW|  return value|
|ap_ready                  |  out|    1|  ap_ctrl_hs|  upconv_core_top_Pipeline_LOAD_ROW|  return value|
|m_axi_gmem_in_0_AWVALID   |  out|    1|       m_axi|                            gmem_in|       pointer|
|m_axi_gmem_in_0_AWREADY   |   in|    1|       m_axi|                            gmem_in|       pointer|
|m_axi_gmem_in_0_AWADDR    |  out|   64|       m_axi|                            gmem_in|       pointer|
|m_axi_gmem_in_0_AWID      |  out|    1|       m_axi|                            gmem_in|       pointer|
|m_axi_gmem_in_0_AWLEN     |  out|   32|       m_axi|                            gmem_in|       pointer|
|m_axi_gmem_in_0_AWSIZE    |  out|    3|       m_axi|                            gmem_in|       pointer|
|m_axi_gmem_in_0_AWBURST   |  out|    2|       m_axi|                            gmem_in|       pointer|
|m_axi_gmem_in_0_AWLOCK    |  out|    2|       m_axi|                            gmem_in|       pointer|
|m_axi_gmem_in_0_AWCACHE   |  out|    4|       m_axi|                            gmem_in|       pointer|
|m_axi_gmem_in_0_AWPROT    |  out|    3|       m_axi|                            gmem_in|       pointer|
|m_axi_gmem_in_0_AWQOS     |  out|    4|       m_axi|                            gmem_in|       pointer|
|m_axi_gmem_in_0_AWREGION  |  out|    4|       m_axi|                            gmem_in|       pointer|
|m_axi_gmem_in_0_AWUSER    |  out|    1|       m_axi|                            gmem_in|       pointer|
|m_axi_gmem_in_0_WVALID    |  out|    1|       m_axi|                            gmem_in|       pointer|
|m_axi_gmem_in_0_WREADY    |   in|    1|       m_axi|                            gmem_in|       pointer|
|m_axi_gmem_in_0_WDATA     |  out|  256|       m_axi|                            gmem_in|       pointer|
|m_axi_gmem_in_0_WSTRB     |  out|   32|       m_axi|                            gmem_in|       pointer|
|m_axi_gmem_in_0_WLAST     |  out|    1|       m_axi|                            gmem_in|       pointer|
|m_axi_gmem_in_0_WID       |  out|    1|       m_axi|                            gmem_in|       pointer|
|m_axi_gmem_in_0_WUSER     |  out|    1|       m_axi|                            gmem_in|       pointer|
|m_axi_gmem_in_0_ARVALID   |  out|    1|       m_axi|                            gmem_in|       pointer|
|m_axi_gmem_in_0_ARREADY   |   in|    1|       m_axi|                            gmem_in|       pointer|
|m_axi_gmem_in_0_ARADDR    |  out|   64|       m_axi|                            gmem_in|       pointer|
|m_axi_gmem_in_0_ARID      |  out|    1|       m_axi|                            gmem_in|       pointer|
|m_axi_gmem_in_0_ARLEN     |  out|   32|       m_axi|                            gmem_in|       pointer|
|m_axi_gmem_in_0_ARSIZE    |  out|    3|       m_axi|                            gmem_in|       pointer|
|m_axi_gmem_in_0_ARBURST   |  out|    2|       m_axi|                            gmem_in|       pointer|
|m_axi_gmem_in_0_ARLOCK    |  out|    2|       m_axi|                            gmem_in|       pointer|
|m_axi_gmem_in_0_ARCACHE   |  out|    4|       m_axi|                            gmem_in|       pointer|
|m_axi_gmem_in_0_ARPROT    |  out|    3|       m_axi|                            gmem_in|       pointer|
|m_axi_gmem_in_0_ARQOS     |  out|    4|       m_axi|                            gmem_in|       pointer|
|m_axi_gmem_in_0_ARREGION  |  out|    4|       m_axi|                            gmem_in|       pointer|
|m_axi_gmem_in_0_ARUSER    |  out|    1|       m_axi|                            gmem_in|       pointer|
|m_axi_gmem_in_0_RVALID    |   in|    1|       m_axi|                            gmem_in|       pointer|
|m_axi_gmem_in_0_RREADY    |  out|    1|       m_axi|                            gmem_in|       pointer|
|m_axi_gmem_in_0_RDATA     |   in|  256|       m_axi|                            gmem_in|       pointer|
|m_axi_gmem_in_0_RLAST     |   in|    1|       m_axi|                            gmem_in|       pointer|
|m_axi_gmem_in_0_RID       |   in|    1|       m_axi|                            gmem_in|       pointer|
|m_axi_gmem_in_0_RFIFONUM  |   in|   11|       m_axi|                            gmem_in|       pointer|
|m_axi_gmem_in_0_RUSER     |   in|    1|       m_axi|                            gmem_in|       pointer|
|m_axi_gmem_in_0_RRESP     |   in|    2|       m_axi|                            gmem_in|       pointer|
|m_axi_gmem_in_0_BVALID    |   in|    1|       m_axi|                            gmem_in|       pointer|
|m_axi_gmem_in_0_BREADY    |  out|    1|       m_axi|                            gmem_in|       pointer|
|m_axi_gmem_in_0_BRESP     |   in|    2|       m_axi|                            gmem_in|       pointer|
|m_axi_gmem_in_0_BID       |   in|    1|       m_axi|                            gmem_in|       pointer|
|m_axi_gmem_in_0_BUSER     |   in|    1|       m_axi|                            gmem_in|       pointer|
|empty                     |   in|   13|     ap_none|                              empty|        scalar|
|shl_ln1                   |   in|   25|     ap_none|                            shl_ln1|        scalar|
|base_buf                  |   in|   11|     ap_none|                           base_buf|        scalar|
|sext_ln397                |   in|   59|     ap_none|                         sext_ln397|        scalar|
|x_buf_address0            |  out|   11|   ap_memory|                              x_buf|         array|
|x_buf_ce0                 |  out|    1|   ap_memory|                              x_buf|         array|
|x_buf_we0                 |  out|    1|   ap_memory|                              x_buf|         array|
|x_buf_d0                  |  out|  256|   ap_memory|                              x_buf|         array|
+--------------------------+-----+-----+------------+-----------------------------------+--------------+

============================================================
+ Verbose Summary: Synthesis Manager
============================================================
InlineROM: 1
ExposeGlobal: 0
============================================================
+ Verbose Summary: CDFG Model
============================================================
IsTopModel: 0
ResetActiveHigh: 1
IsCombinational: 2
IsDatapathOnly: 2
HasWiredReturn: 1
HasMFsm: 2
HasVarLatency: 1
IsPipeline: 0
IsRtlPipelined: 0
IsInstanceOverlapped: 0
IsDontTouch: 0
HasImplIP: 0
IsGatedGlobalClock: 0

+ Individual pipeline summary: 
  * Pipeline-0: initiation interval (II) = 1, depth = 12


============================================================
+ Verbose Summary: Schedule
============================================================
* Number of FSM states : 12
* Pipeline : 1
  Pipeline-0 : II = 1, D = 12, States = { 1 2 3 4 5 6 7 8 9 10 11 12 }
* Dataflow Pipeline: 0

* FSM state transitions: 
1 --> 2 
2 --> 3 
3 --> 4 
4 --> 5 
5 --> 6 
6 --> 7 
7 --> 8 
8 --> 9 
9 --> 10 
10 --> 11 
11 --> 12 
12 --> 

* FSM state operations: 

State 1 <SV = 0> <Delay = 1.67>
ST_1 : Operation 15 [1/1] (0.00ns)   --->   "%m_1 = alloca i32 1" [../gen/UpConv_Unified.tpp:400->../gen/upconv_core_top.cpp:59]   --->   Operation 15 'alloca' 'm_1' <Predicate = true> <Delay = 0.00>
ST_1 : Operation 16 [1/1] (0.00ns)   --->   "%sext_ln397_read = read i59 @_ssdm_op_Read.ap_auto.i59, i59 %sext_ln397"   --->   Operation 16 'read' 'sext_ln397_read' <Predicate = true> <Delay = 0.00>
ST_1 : Operation 17 [1/1] (0.00ns)   --->   "%base_buf_read = read i11 @_ssdm_op_Read.ap_auto.i11, i11 %base_buf"   --->   Operation 17 'read' 'base_buf_read' <Predicate = true> <Delay = 0.00>
ST_1 : Operation 18 [1/1] (0.00ns)   --->   "%shl_ln1_read = read i25 @_ssdm_op_Read.ap_auto.i25, i25 %shl_ln1"   --->   Operation 18 'read' 'shl_ln1_read' <Predicate = true> <Delay = 0.00>
ST_1 : Operation 19 [1/1] (0.00ns)   --->   "%tmp = read i13 @_ssdm_op_Read.ap_auto.i13, i13 %empty"   --->   Operation 19 'read' 'tmp' <Predicate = true> <Delay = 0.00>
ST_1 : Operation 20 [1/1] (0.00ns)   --->   "%sext_ln397_cast = sext i59 %sext_ln397_read"   --->   Operation 20 'sext' 'sext_ln397_cast' <Predicate = true> <Delay = 0.00>
ST_1 : Operation 21 [1/1] (0.00ns)   --->   "%specmemcore_ln0 = specmemcore void @_ssdm_op_SpecMemCore, i256 %x_buf, i64 666, i64 31, i64 18446744073709551615"   --->   Operation 21 'specmemcore' 'specmemcore_ln0' <Predicate = true> <Delay = 0.00>
ST_1 : Operation 22 [1/1] (0.00ns)   --->   "%specinterface_ln0 = specinterface void @_ssdm_op_SpecInterface, i256 %gmem_in, void @empty_30, i32 0, i32 0, void @empty_29, i32 0, i32 0, void @empty_7, void @empty_10, void @empty_29, i32 16, i32 16, i32 64, i32 16, void @empty_29, void @empty_29, i32 4294967295, i32 0, i32 0"   --->   Operation 22 'specinterface' 'specinterface_ln0' <Predicate = true> <Delay = 0.00>
ST_1 : Operation 23 [1/1] (0.42ns)   --->   "%store_ln400 = store i12 0, i12 %m_1" [../gen/UpConv_Unified.tpp:400->../gen/upconv_core_top.cpp:59]   --->   Operation 23 'store' 'store_ln400' <Predicate = true> <Delay = 0.42>
ST_1 : Operation 24 [1/1] (0.00ns)   --->   "%br_ln0 = br void %for.body15.i"   --->   Operation 24 'br' 'br_ln0' <Predicate = true> <Delay = 0.00>
ST_1 : Operation 25 [1/1] (0.00ns)   --->   "%m = load i12 %m_1" [../gen/UpConv_Unified.tpp:400->../gen/upconv_core_top.cpp:59]   --->   Operation 25 'load' 'm' <Predicate = true> <Delay = 0.00>
ST_1 : Operation 26 [1/1] (0.00ns)   --->   "%specbitsmap_ln0 = specbitsmap void @_ssdm_op_SpecBitsMap, i256 %gmem_in"   --->   Operation 26 'specbitsmap' 'specbitsmap_ln0' <Predicate = true> <Delay = 0.00>
ST_1 : Operation 27 [1/1] (0.00ns)   --->   "%zext_ln400 = zext i12 %m" [../gen/UpConv_Unified.tpp:400->../gen/upconv_core_top.cpp:59]   --->   Operation 27 'zext' 'zext_ln400' <Predicate = true> <Delay = 0.00>
ST_1 : Operation 28 [1/1] (0.82ns)   --->   "%icmp_ln400 = icmp_eq  i13 %zext_ln400, i13 %tmp" [../gen/UpConv_Unified.tpp:400->../gen/upconv_core_top.cpp:59]   --->   Operation 28 'icmp' 'icmp_ln400' <Predicate = true> <Delay = 0.82> <CoreInst = "Cmp">   --->   Core 9 'Cmp' <Latency = 0> <II = 1> <Delay = 0.82> <FuncUnit> <Opcode : 'seteq' 'setne' 'setle' 'setge' 'setlt' 'setgt'> <InPorts = 2> <OutPorts = 1>
ST_1 : Operation 29 [1/1] (0.00ns)   --->   "%speclooptripcount_ln0 = speclooptripcount void @_ssdm_op_SpecLoopTripCount, i64 64, i64 2048, i64 960"   --->   Operation 29 'speclooptripcount' 'speclooptripcount_ln0' <Predicate = true> <Delay = 0.00>
ST_1 : Operation 30 [1/1] (0.80ns)   --->   "%add_ln400 = add i12 %m, i12 1" [../gen/UpConv_Unified.tpp:400->../gen/upconv_core_top.cpp:59]   --->   Operation 30 'add' 'add_ln400' <Predicate = true> <Delay = 0.80> <CoreInst = "Adder">   --->   Core 1 'Adder' <Latency = 0> <II = 1> <Delay = 0.80> <FuncUnit> <Opcode : 'add' 'sub'> <InPorts = 2> <OutPorts = 1>
ST_1 : Operation 31 [1/1] (0.00ns)   --->   "%br_ln400 = br i1 %icmp_ln400, void %for.body15.i.split, void %for.cond.cleanup14.i.loopexit.exitStub" [../gen/UpConv_Unified.tpp:400->../gen/upconv_core_top.cpp:59]   --->   Operation 31 'br' 'br_ln400' <Predicate = true> <Delay = 0.00>
ST_1 : Operation 32 [1/1] (0.42ns)   --->   "%store_ln400 = store i12 %add_ln400, i12 %m_1" [../gen/UpConv_Unified.tpp:400->../gen/upconv_core_top.cpp:59]   --->   Operation 32 'store' 'store_ln400' <Predicate = (!icmp_ln400)> <Delay = 0.42>

State 2 <SV = 1> <Delay = 2.03>
ST_2 : Operation 33 [1/1] (0.00ns)   --->   "%trunc_ln400 = trunc i12 %m" [../gen/UpConv_Unified.tpp:400->../gen/upconv_core_top.cpp:59]   --->   Operation 33 'trunc' 'trunc_ln400' <Predicate = true> <Delay = 0.00>
ST_2 : Operation 34 [1/1] (0.00ns)   --->   "%shl_ln4 = bitconcatenate i17 @_ssdm_op_BitConcatenate.i17.i12.i5, i12 %m, i5 0" [../gen/UpConv_Unified.tpp:403->../gen/upconv_core_top.cpp:59]   --->   Operation 34 'bitconcatenate' 'shl_ln4' <Predicate = true> <Delay = 0.00>
ST_2 : Operation 35 [1/1] (0.00ns)   --->   "%zext_ln403 = zext i17 %shl_ln4" [../gen/UpConv_Unified.tpp:403->../gen/upconv_core_top.cpp:59]   --->   Operation 35 'zext' 'zext_ln403' <Predicate = true> <Delay = 0.00>
ST_2 : Operation 36 [1/1] (0.94ns)   --->   "%add_ln403 = add i25 %shl_ln1_read, i25 %zext_ln403" [../gen/UpConv_Unified.tpp:403->../gen/upconv_core_top.cpp:59]   --->   Operation 36 'add' 'add_ln403' <Predicate = true> <Delay = 0.94> <CoreInst = "Adder">   --->   Core 1 'Adder' <Latency = 0> <II = 1> <Delay = 0.94> <FuncUnit> <Opcode : 'add' 'sub'> <InPorts = 2> <OutPorts = 1>
ST_2 : Operation 37 [1/1] (0.00ns)   --->   "%lshr_ln = partselect i20 @_ssdm_op_PartSelect.i20.i25.i32.i32, i25 %add_ln403, i32 5, i32 24" [../gen/UpConv_Unified.tpp:403->../gen/upconv_core_top.cpp:59]   --->   Operation 37 'partselect' 'lshr_ln' <Predicate = true> <Delay = 0.00>
ST_2 : Operation 38 [1/1] (0.00ns)   --->   "%zext_ln403_1 = zext i20 %lshr_ln" [../gen/UpConv_Unified.tpp:403->../gen/upconv_core_top.cpp:59]   --->   Operation 38 'zext' 'zext_ln403_1' <Predicate = true> <Delay = 0.00>
ST_2 : Operation 39 [1/1] (0.79ns)   --->   "%add_ln403_1 = add i11 %trunc_ln400, i11 %base_buf_read" [../gen/UpConv_Unified.tpp:403->../gen/upconv_core_top.cpp:59]   --->   Operation 39 'add' 'add_ln403_1' <Predicate = true> <Delay = 0.79> <CoreInst = "Adder">   --->   Core 1 'Adder' <Latency = 0> <II = 1> <Delay = 0.79> <FuncUnit> <Opcode : 'add' 'sub'> <InPorts = 2> <OutPorts = 1>
ST_2 : Operation 40 [1/1] (1.09ns)   --->   "%add_ln403_2 = add i60 %zext_ln403_1, i60 %sext_ln397_cast" [../gen/UpConv_Unified.tpp:403->../gen/upconv_core_top.cpp:59]   --->   Operation 40 'add' 'add_ln403_2' <Predicate = true> <Delay = 1.09> <CoreInst = "Adder">   --->   Core 1 'Adder' <Latency = 0> <II = 1> <Delay = 1.09> <FuncUnit> <Opcode : 'add' 'sub'> <InPorts = 2> <OutPorts = 1>

State 3 <SV = 2> <Delay = 2.43>
ST_3 : Operation 41 [1/1] (0.00ns)   --->   "%sext_ln403 = sext i60 %add_ln403_2" [../gen/UpConv_Unified.tpp:403->../gen/upconv_core_top.cpp:59]   --->   Operation 41 'sext' 'sext_ln403' <Predicate = true> <Delay = 0.00>
ST_3 : Operation 42 [1/1] (0.00ns)   --->   "%gmem_in_addr = getelementptr i256 %gmem_in, i64 %sext_ln403" [../gen/UpConv_Unified.tpp:403->../gen/upconv_core_top.cpp:59]   --->   Operation 42 'getelementptr' 'gmem_in_addr' <Predicate = true> <Delay = 0.00>
ST_3 : Operation 43 [8/8] (2.43ns)   --->   "%gmem_in_load_req = readreq i1 @_ssdm_op_ReadReq.m_axi.i256P1A, i64 %gmem_in_addr, i64 1" [../gen/UpConv_Unified.tpp:403->../gen/upconv_core_top.cpp:59]   --->   Operation 43 'readreq' 'gmem_in_load_req' <Predicate = true> <Delay = 2.43> <CoreInst = "m_axi">   --->   Core 119 'm_axi' <Latency = 6> <II = 1> <Delay = 1.00> <Adapter> <Opcode : 'read' 'write' 'readreq' 'writereq' 'writeresp'>

State 4 <SV = 3> <Delay = 2.43>
ST_4 : Operation 44 [7/8] (2.43ns)   --->   "%gmem_in_load_req = readreq i1 @_ssdm_op_ReadReq.m_axi.i256P1A, i64 %gmem_in_addr, i64 1" [../gen/UpConv_Unified.tpp:403->../gen/upconv_core_top.cpp:59]   --->   Operation 44 'readreq' 'gmem_in_load_req' <Predicate = true> <Delay = 2.43> <CoreInst = "m_axi">   --->   Core 119 'm_axi' <Latency = 6> <II = 1> <Delay = 1.00> <Adapter> <Opcode : 'read' 'write' 'readreq' 'writereq' 'writeresp'>

State 5 <SV = 4> <Delay = 2.43>
ST_5 : Operation 45 [6/8] (2.43ns)   --->   "%gmem_in_load_req = readreq i1 @_ssdm_op_ReadReq.m_axi.i256P1A, i64 %gmem_in_addr, i64 1" [../gen/UpConv_Unified.tpp:403->../gen/upconv_core_top.cpp:59]   --->   Operation 45 'readreq' 'gmem_in_load_req' <Predicate = true> <Delay = 2.43> <CoreInst = "m_axi">   --->   Core 119 'm_axi' <Latency = 6> <II = 1> <Delay = 1.00> <Adapter> <Opcode : 'read' 'write' 'readreq' 'writereq' 'writeresp'>

State 6 <SV = 5> <Delay = 2.43>
ST_6 : Operation 46 [5/8] (2.43ns)   --->   "%gmem_in_load_req = readreq i1 @_ssdm_op_ReadReq.m_axi.i256P1A, i64 %gmem_in_addr, i64 1" [../gen/UpConv_Unified.tpp:403->../gen/upconv_core_top.cpp:59]   --->   Operation 46 'readreq' 'gmem_in_load_req' <Predicate = true> <Delay = 2.43> <CoreInst = "m_axi">   --->   Core 119 'm_axi' <Latency = 6> <II = 1> <Delay = 1.00> <Adapter> <Opcode : 'read' 'write' 'readreq' 'writereq' 'writeresp'>

State 7 <SV = 6> <Delay = 2.43>
ST_7 : Operation 47 [4/8] (2.43ns)   --->   "%gmem_in_load_req = readreq i1 @_ssdm_op_ReadReq.m_axi.i256P1A, i64 %gmem_in_addr, i64 1" [../gen/UpConv_Unified.tpp:403->../gen/upconv_core_top.cpp:59]   --->   Operation 47 'readreq' 'gmem_in_load_req' <Predicate = true> <Delay = 2.43> <CoreInst = "m_axi">   --->   Core 119 'm_axi' <Latency = 6> <II = 1> <Delay = 1.00> <Adapter> <Opcode : 'read' 'write' 'readreq' 'writereq' 'writeresp'>

State 8 <SV = 7> <Delay = 2.43>
ST_8 : Operation 48 [3/8] (2.43ns)   --->   "%gmem_in_load_req = readreq i1 @_ssdm_op_ReadReq.m_axi.i256P1A, i64 %gmem_in_addr, i64 1" [../gen/UpConv_Unified.tpp:403->../gen/upconv_core_top.cpp:59]   --->   Operation 48 'readreq' 'gmem_in_load_req' <Predicate = true> <Delay = 2.43> <CoreInst = "m_axi">   --->   Core 119 'm_axi' <Latency = 6> <II = 1> <Delay = 1.00> <Adapter> <Opcode : 'read' 'write' 'readreq' 'writereq' 'writeresp'>

State 9 <SV = 8> <Delay = 2.43>
ST_9 : Operation 49 [2/8] (2.43ns)   --->   "%gmem_in_load_req = readreq i1 @_ssdm_op_ReadReq.m_axi.i256P1A, i64 %gmem_in_addr, i64 1" [../gen/UpConv_Unified.tpp:403->../gen/upconv_core_top.cpp:59]   --->   Operation 49 'readreq' 'gmem_in_load_req' <Predicate = true> <Delay = 2.43> <CoreInst = "m_axi">   --->   Core 119 'm_axi' <Latency = 6> <II = 1> <Delay = 1.00> <Adapter> <Opcode : 'read' 'write' 'readreq' 'writereq' 'writeresp'>

State 10 <SV = 9> <Delay = 2.43>
ST_10 : Operation 50 [1/8] (2.43ns)   --->   "%gmem_in_load_req = readreq i1 @_ssdm_op_ReadReq.m_axi.i256P1A, i64 %gmem_in_addr, i64 1" [../gen/UpConv_Unified.tpp:403->../gen/upconv_core_top.cpp:59]   --->   Operation 50 'readreq' 'gmem_in_load_req' <Predicate = true> <Delay = 2.43> <CoreInst = "m_axi">   --->   Core 119 'm_axi' <Latency = 6> <II = 1> <Delay = 1.00> <Adapter> <Opcode : 'read' 'write' 'readreq' 'writereq' 'writeresp'>

State 11 <SV = 10> <Delay = 2.43>
ST_11 : Operation 51 [1/1] (2.43ns)   --->   "%gmem_in_addr_read = read i256 @_ssdm_op_Read.m_axi.i256P1A, i64 %gmem_in_addr" [../gen/UpConv_Unified.tpp:403->../gen/upconv_core_top.cpp:59]   --->   Operation 51 'read' 'gmem_in_addr_read' <Predicate = true> <Delay = 2.43> <CoreInst = "m_axi">   --->   Core 119 'm_axi' <Latency = 3> <II = 1> <Delay = 1.00> <Adapter> <Opcode : 'read' 'write' 'readreq' 'writereq' 'writeresp'>
ST_11 : Operation 58 [1/1] (0.42ns)   --->   "%ret_ln0 = ret"   --->   Operation 58 'ret' 'ret_ln0' <Predicate = (icmp_ln400)> <Delay = 0.42>

State 12 <SV = 11> <Delay = 1.23>
ST_12 : Operation 52 [1/1] (0.00ns)   --->   "%specpipeline_ln401 = specpipeline void @_ssdm_op_SpecPipeline, i32 1, i32 0, i32 0, i32 0, void @empty_29" [../gen/UpConv_Unified.tpp:401->../gen/upconv_core_top.cpp:59]   --->   Operation 52 'specpipeline' 'specpipeline_ln401' <Predicate = true> <Delay = 0.00>
ST_12 : Operation 53 [1/1] (0.00ns)   --->   "%specloopname_ln400 = specloopname void @_ssdm_op_SpecLoopName, void @empty_22" [../gen/UpConv_Unified.tpp:400->../gen/upconv_core_top.cpp:59]   --->   Operation 53 'specloopname' 'specloopname_ln400' <Predicate = true> <Delay = 0.00>
ST_12 : Operation 54 [1/1] (0.00ns)   --->   "%zext_ln403_2 = zext i11 %add_ln403_1" [../gen/UpConv_Unified.tpp:403->../gen/upconv_core_top.cpp:59]   --->   Operation 54 'zext' 'zext_ln403_2' <Predicate = true> <Delay = 0.00>
ST_12 : Operation 55 [1/1] (0.00ns)   --->   "%x_buf_addr = getelementptr i256 %x_buf, i64 0, i64 %zext_ln403_2" [../gen/UpConv_Unified.tpp:403->../gen/upconv_core_top.cpp:59]   --->   Operation 55 'getelementptr' 'x_buf_addr' <Predicate = true> <Delay = 0.00>
ST_12 : Operation 56 [1/1] ( I:1.23ns O:1.23ns )   --->   "%store_ln403 = store i256 %gmem_in_addr_read, i11 %x_buf_addr" [../gen/UpConv_Unified.tpp:403->../gen/upconv_core_top.cpp:59]   --->   Operation 56 'store' 'store_ln403' <Predicate = true> <Delay = 1.23> <CoreInst = "RAM_T2P_URAM">   --->   Core 99 'RAM_T2P_URAM' <Latency = 1> <II = 1> <Delay = 1.23> <Storage> <Opcode : 'load' 'store'> <Ports = 2> <Width = 256> <Depth = 2048> <RAM>
ST_12 : Operation 57 [1/1] (0.00ns)   --->   "%br_ln400 = br void %for.body15.i" [../gen/UpConv_Unified.tpp:400->../gen/upconv_core_top.cpp:59]   --->   Operation 57 'br' 'br_ln400' <Predicate = true> <Delay = 0.00>


============================================================
+ Verbose Summary: Binding
============================================================
STG Binding: 
---------------- STG Properties BEGIN ----------------
- Is combinational: 0
- Is one-state seq: 0
- Is datapath-only: 0
- Is pipelined: 0
- Is top level: 0
Port [ Return ] is wired: 1; IO mode=ap_ctrl_hs:ce=0
Port [ gmem_in]:  wired=1; compound=1; hidden=0; nouse=0; global=0; static=0; extern=0; dir=0; type=4; pingpong=0; private_global=0; IO mode=m_axi:ce=0
Port [ empty]:  wired=1; compound=0; hidden=0; nouse=0; global=0; static=0; extern=0; dir=0; type=0; pingpong=0; private_global=0; IO mode=ap_none:ce=0
Port [ shl_ln1]:  wired=1; compound=0; hidden=0; nouse=0; global=0; static=0; extern=0; dir=0; type=0; pingpong=0; private_global=0; IO mode=ap_none:ce=0
Port [ base_buf]:  wired=1; compound=0; hidden=0; nouse=0; global=0; static=0; extern=0; dir=0; type=0; pingpong=0; private_global=0; IO mode=ap_none:ce=0
Port [ sext_ln397]:  wired=1; compound=0; hidden=0; nouse=0; global=0; static=0; extern=0; dir=0; type=0; pingpong=0; private_global=0; IO mode=ap_none:ce=0
Port [ x_buf]:  wired=1; compound=1; hidden=0; nouse=0; global=1; static=1; extern=0; dir=1; type=1; pingpong=0; private_global=0; MemPort=[03]; IO mode=ap_memory:ce=0
---------------- STG Properties END ------------------

---------------- Datapath Model BEGIN ----------------

<LifeTime>
<method=bitvector/>
m_1                   (alloca           ) [ 0100000000000]
sext_ln397_read       (read             ) [ 0000000000000]
base_buf_read         (read             ) [ 0110000000000]
shl_ln1_read          (read             ) [ 0110000000000]
tmp                   (read             ) [ 0000000000000]
sext_ln397_cast       (sext             ) [ 0110000000000]
specmemcore_ln0       (specmemcore      ) [ 0000000000000]
specinterface_ln0     (specinterface    ) [ 0000000000000]
store_ln400           (store            ) [ 0000000000000]
br_ln0                (br               ) [ 0000000000000]
m                     (load             ) [ 0110000000000]
specbitsmap_ln0       (specbitsmap      ) [ 0000000000000]
zext_ln400            (zext             ) [ 0000000000000]
icmp_ln400            (icmp             ) [ 0111111111110]
speclooptripcount_ln0 (speclooptripcount) [ 0000000000000]
add_ln400             (add              ) [ 0000000000000]
br_ln400              (br               ) [ 0000000000000]
store_ln400           (store            ) [ 0000000000000]
trunc_ln400           (trunc            ) [ 0000000000000]
shl_ln4               (bitconcatenate   ) [ 0000000000000]
zext_ln403            (zext             ) [ 0000000000000]
add_ln403             (add              ) [ 0000000000000]
lshr_ln               (partselect       ) [ 0000000000000]
zext_ln403_1          (zext             ) [ 0000000000000]
add_ln403_1           (add              ) [ 0101111111111]
add_ln403_2           (add              ) [ 0101000000000]
sext_ln403            (sext             ) [ 0000000000000]
gmem_in_addr          (getelementptr    ) [ 0100111111110]
gmem_in_load_req      (readreq          ) [ 0000000000000]
gmem_in_addr_read     (read             ) [ 0100000000001]
specpipeline_ln401    (specpipeline     ) [ 0000000000000]
specloopname_ln400    (specloopname     ) [ 0000000000000]
zext_ln403_2          (zext             ) [ 0000000000000]
x_buf_addr            (getelementptr    ) [ 0000000000000]
store_ln403           (store            ) [ 0000000000000]
br_ln400              (br               ) [ 0000000000000]
ret_ln0               (ret              ) [ 0000000000000]
</LifeTime>

<model>

<comp_list>
<comp id="0" class="1000" name="gmem_in">
<pin_list>
<pin id="1" dir="1" index="0" bw="1" slack="0"/>
</pin_list>
<bind>
<StgValue><ssdm name="gmem_in"/><MemPortTyVec>0 </MemPortTyVec>
</StgValue>
</bind>
</comp>

<comp id="2" class="1000" name="empty">
<pin_list>
<pin id="3" dir="1" index="0" bw="1" slack="0"/>
</pin_list>
<bind>
<StgValue><ssdm name="empty"/></StgValue>
</bind>
</comp>

<comp id="4" class="1000" name="shl_ln1">
<pin_list>
<pin id="5" dir="1" index="0" bw="1" slack="0"/>
</pin_list>
<bind>
<StgValue><ssdm name="shl_ln1"/></StgValue>
</bind>
</comp>

<comp id="6" class="1000" name="base_buf">
<pin_list>
<pin id="7" dir="1" index="0" bw="1" slack="0"/>
</pin_list>
<bind>
<StgValue><ssdm name="base_buf"/></StgValue>
</bind>
</comp>

<comp id="8" class="1000" name="sext_ln397">
<pin_list>
<pin id="9" dir="1" index="0" bw="1" slack="0"/>
</pin_list>
<bind>
<StgValue><ssdm name="sext_ln397"/></StgValue>
</bind>
</comp>

<comp id="10" class="1000" name="x_buf">
<pin_list>
<pin id="11" dir="1" index="0" bw="1" slack="0"/>
</pin_list>
<bind>
<StgValue><ssdm name="x_buf"/><MemPortTyVec>0 3 </MemPortTyVec>
</StgValue>
</bind>
</comp>

<comp id="12" class="1001" name="const_12">
<pin_list>
<pin id="13" dir="1" index="0" bw="1" slack="0"/>
</pin_list>
<bind>
<StgValue><ssdm name=""/></StgValue>
</bind>
</comp>

<comp id="14" class="1001" name="const_14">
<pin_list>
<pin id="15" dir="1" index="0" bw="1" slack="0"/>
</pin_list>
<bind>
<StgValue><ssdm name="_ssdm_op_Read.ap_auto.i59"/></StgValue>
</bind>
</comp>

<comp id="16" class="1001" name="const_16">
<pin_list>
<pin id="17" dir="1" index="0" bw="1" slack="0"/>
</pin_list>
<bind>
<StgValue><ssdm name="_ssdm_op_Read.ap_auto.i11"/></StgValue>
</bind>
</comp>

<comp id="18" class="1001" name="const_18">
<pin_list>
<pin id="19" dir="1" index="0" bw="1" slack="0"/>
</pin_list>
<bind>
<StgValue><ssdm name="_ssdm_op_Read.ap_auto.i25"/></StgValue>
</bind>
</comp>

<comp id="20" class="1001" name="const_20">
<pin_list>
<pin id="21" dir="1" index="0" bw="1" slack="0"/>
</pin_list>
<bind>
<StgValue><ssdm name="_ssdm_op_Read.ap_auto.i13"/></StgValue>
</bind>
</comp>

<comp id="22" class="1001" name="const_22">
<pin_list>
<pin id="23" dir="1" index="0" bw="1" slack="2147483647"/>
</pin_list>
<bind>
<StgValue><ssdm name="_ssdm_op_SpecMemCore"/></StgValue>
</bind>
</comp>

<comp id="24" class="1001" name="const_24">
<pin_list>
<pin id="25" dir="1" index="0" bw="1" slack="2147483647"/>
</pin_list>
<bind>
<StgValue><ssdm name=""/></StgValue>
</bind>
</comp>

<comp id="26" class="1001" name="const_26">
<pin_list>
<pin id="27" dir="1" index="0" bw="1" slack="2147483647"/>
</pin_list>
<bind>
<StgValue><ssdm name=""/></StgValue>
</bind>
</comp>

<comp id="28" class="1001" name="const_28">
<pin_list>
<pin id="29" dir="1" index="0" bw="1" slack="2147483647"/>
</pin_list>
<bind>
<StgValue><ssdm name=""/></StgValue>
</bind>
</comp>

<comp id="30" class="1001" name="const_30">
<pin_list>
<pin id="31" dir="1" index="0" bw="1" slack="2147483647"/>
</pin_list>
<bind>
<StgValue><ssdm name="_ssdm_op_SpecInterface"/></StgValue>
</bind>
</comp>

<comp id="32" class="1001" name="const_32">
<pin_list>
<pin id="33" dir="1" index="0" bw="1" slack="2147483647"/>
</pin_list>
<bind>
<StgValue><ssdm name="empty_30"/></StgValue>
</bind>
</comp>

<comp id="34" class="1001" name="const_34">
<pin_list>
<pin id="35" dir="1" index="0" bw="1" slack="2147483647"/>
</pin_list>
<bind>
<StgValue><ssdm name=""/></StgValue>
</bind>
</comp>

<comp id="36" class="1001" name="const_36">
<pin_list>
<pin id="37" dir="1" index="0" bw="1" slack="2147483647"/>
</pin_list>
<bind>
<StgValue><ssdm name="empty_29"/></StgValue>
</bind>
</comp>

<comp id="38" class="1001" name="const_38">
<pin_list>
<pin id="39" dir="1" index="0" bw="1" slack="2147483647"/>
</pin_list>
<bind>
<StgValue><ssdm name="empty_7"/></StgValue>
</bind>
</comp>

<comp id="40" class="1001" name="const_40">
<pin_list>
<pin id="41" dir="1" index="0" bw="1" slack="2147483647"/>
</pin_list>
<bind>
<StgValue><ssdm name="empty_10"/></StgValue>
</bind>
</comp>

<comp id="42" class="1001" name="const_42">
<pin_list>
<pin id="43" dir="1" index="0" bw="1" slack="2147483647"/>
</pin_list>
<bind>
<StgValue><ssdm name=""/></StgValue>
</bind>
</comp>

<comp id="44" class="1001" name="const_44">
<pin_list>
<pin id="45" dir="1" index="0" bw="1" slack="2147483647"/>
</pin_list>
<bind>
<StgValue><ssdm name=""/></StgValue>
</bind>
</comp>

<comp id="46" class="1001" name="const_46">
<pin_list>
<pin id="47" dir="1" index="0" bw="1" slack="2147483647"/>
</pin_list>
<bind>
<StgValue><ssdm name=""/></StgValue>
</bind>
</comp>

<comp id="48" class="1001" name="const_48">
<pin_list>
<pin id="49" dir="1" index="0" bw="1" slack="0"/>
</pin_list>
<bind>
<StgValue><ssdm name=""/></StgValue>
</bind>
</comp>

<comp id="50" class="1001" name="const_50">
<pin_list>
<pin id="51" dir="1" index="0" bw="1" slack="2147483647"/>
</pin_list>
<bind>
<StgValue><ssdm name="_ssdm_op_SpecBitsMap"/></StgValue>
</bind>
</comp>

<comp id="52" class="1001" name="const_52">
<pin_list>
<pin id="53" dir="1" index="0" bw="1" slack="2147483647"/>
</pin_list>
<bind>
<StgValue><ssdm name="_ssdm_op_SpecLoopTripCount"/></StgValue>
</bind>
</comp>

<comp id="54" class="1001" name="const_54">
<pin_list>
<pin id="55" dir="1" index="0" bw="1" slack="2147483647"/>
</pin_list>
<bind>
<StgValue><ssdm name=""/></StgValue>
</bind>
</comp>

<comp id="56" class="1001" name="const_56">
<pin_list>
<pin id="57" dir="1" index="0" bw="1" slack="2147483647"/>
</pin_list>
<bind>
<StgValue><ssdm name=""/></StgValue>
</bind>
</comp>

<comp id="58" class="1001" name="const_58">
<pin_list>
<pin id="59" dir="1" index="0" bw="1" slack="2147483647"/>
</pin_list>
<bind>
<StgValue><ssdm name=""/></StgValue>
</bind>
</comp>

<comp id="60" class="1001" name="const_60">
<pin_list>
<pin id="61" dir="1" index="0" bw="1" slack="0"/>
</pin_list>
<bind>
<StgValue><ssdm name=""/></StgValue>
</bind>
</comp>

<comp id="62" class="1001" name="const_62">
<pin_list>
<pin id="63" dir="1" index="0" bw="1" slack="0"/>
</pin_list>
<bind>
<StgValue><ssdm name="_ssdm_op_BitConcatenate.i17.i12.i5"/></StgValue>
</bind>
</comp>

<comp id="64" class="1001" name="const_64">
<pin_list>
<pin id="65" dir="1" index="0" bw="1" slack="0"/>
</pin_list>
<bind>
<StgValue><ssdm name=""/></StgValue>
</bind>
</comp>

<comp id="66" class="1001" name="const_66">
<pin_list>
<pin id="67" dir="1" index="0" bw="1" slack="0"/>
</pin_list>
<bind>
<StgValue><ssdm name="_ssdm_op_PartSelect.i20.i25.i32.i32"/></StgValue>
</bind>
</comp>

<comp id="68" class="1001" name="const_68">
<pin_list>
<pin id="69" dir="1" index="0" bw="1" slack="0"/>
</pin_list>
<bind>
<StgValue><ssdm name=""/></StgValue>
</bind>
</comp>

<comp id="70" class="1001" name="const_70">
<pin_list>
<pin id="71" dir="1" index="0" bw="1" slack="0"/>
</pin_list>
<bind>
<StgValue><ssdm name=""/></StgValue>
</bind>
</comp>

<comp id="72" class="1001" name="const_72">
<pin_list>
<pin id="73" dir="1" index="0" bw="1" slack="0"/>
</pin_list>
<bind>
<StgValue><ssdm name="_ssdm_op_ReadReq.m_axi.i256P1A"/></StgValue>
</bind>
</comp>

<comp id="74" class="1001" name="const_74">
<pin_list>
<pin id="75" dir="1" index="0" bw="1" slack="0"/>
</pin_list>
<bind>
<StgValue><ssdm name=""/></StgValue>
</bind>
</comp>

<comp id="76" class="1001" name="const_76">
<pin_list>
<pin id="77" dir="1" index="0" bw="1" slack="0"/>
</pin_list>
<bind>
<StgValue><ssdm name="_ssdm_op_Read.m_axi.i256P1A"/></StgValue>
</bind>
</comp>

<comp id="78" class="1001" name="const_78">
<pin_list>
<pin id="79" dir="1" index="0" bw="1" slack="2147483647"/>
</pin_list>
<bind>
<StgValue><ssdm name="_ssdm_op_SpecPipeline"/></StgValue>
</bind>
</comp>

<comp id="80" class="1001" name="const_80">
<pin_list>
<pin id="81" dir="1" index="0" bw="1" slack="2147483647"/>
</pin_list>
<bind>
<StgValue><ssdm name="_ssdm_op_SpecLoopName"/></StgValue>
</bind>
</comp>

<comp id="82" class="1001" name="const_82">
<pin_list>
<pin id="83" dir="1" index="0" bw="1" slack="2147483647"/>
</pin_list>
<bind>
<StgValue><ssdm name="empty_22"/></StgValue>
</bind>
</comp>

<comp id="84" class="1001" name="const_84">
<pin_list>
<pin id="85" dir="1" index="0" bw="1" slack="0"/>
</pin_list>
<bind>
<StgValue><ssdm name=""/></StgValue>
</bind>
</comp>

<comp id="86" class="1004" name="m_1_fu_86">
<pin_list>
<pin id="87" dir="0" index="0" bw="1" slack="0"/>
<pin id="88" dir="1" index="1" bw="12" slack="0"/>
</pin_list>
<bind>
<opcode="alloca(26) " fcode="alloca"/>
<opset="m_1/1 "/>
</bind>
</comp>

<comp id="90" class="1004" name="sext_ln397_read_read_fu_90">
<pin_list>
<pin id="91" dir="0" index="0" bw="59" slack="0"/>
<pin id="92" dir="0" index="1" bw="59" slack="0"/>
<pin id="93" dir="1" index="2" bw="59" slack="0"/>
</pin_list>
<bind>
<opcode="read(1150) " fcode="read"/>
<opset="sext_ln397_read/1 "/>
</bind>
</comp>

<comp id="96" class="1004" name="base_buf_read_read_fu_96">
<pin_list>
<pin id="97" dir="0" index="0" bw="11" slack="0"/>
<pin id="98" dir="0" index="1" bw="11" slack="0"/>
<pin id="99" dir="1" index="2" bw="11" slack="1"/>
</pin_list>
<bind>
<opcode="read(1150) " fcode="read"/>
<opset="base_buf_read/1 "/>
</bind>
</comp>

<comp id="102" class="1004" name="shl_ln1_read_read_fu_102">
<pin_list>
<pin id="103" dir="0" index="0" bw="25" slack="0"/>
<pin id="104" dir="0" index="1" bw="25" slack="0"/>
<pin id="105" dir="1" index="2" bw="25" slack="1"/>
</pin_list>
<bind>
<opcode="read(1150) " fcode="read"/>
<opset="shl_ln1_read/1 "/>
</bind>
</comp>

<comp id="108" class="1004" name="tmp_read_fu_108">
<pin_list>
<pin id="109" dir="0" index="0" bw="13" slack="0"/>
<pin id="110" dir="0" index="1" bw="13" slack="0"/>
<pin id="111" dir="1" index="2" bw="13" slack="0"/>
</pin_list>
<bind>
<opcode="read(1150) " fcode="read"/>
<opset="tmp/1 "/>
</bind>
</comp>

<comp id="114" class="1004" name="grp_readreq_fu_114">
<pin_list>
<pin id="115" dir="0" index="0" bw="1" slack="0"/>
<pin id="116" dir="0" index="1" bw="256" slack="0"/>
<pin id="117" dir="0" index="2" bw="1" slack="0"/>
<pin id="118" dir="1" index="3" bw="1" slack="2147483647"/>
</pin_list>
<bind>
<opcode="readreq(1154) " fcode="readreq"/>
<opset="gmem_in_load_req/3 "/>
</bind>
</comp>

<comp id="121" class="1004" name="gmem_in_addr_read_read_fu_121">
<pin_list>
<pin id="122" dir="0" index="0" bw="256" slack="0"/>
<pin id="123" dir="0" index="1" bw="256" slack="8"/>
<pin id="124" dir="1" index="2" bw="256" slack="1"/>
</pin_list>
<bind>
<opcode="read(1150) " fcode="read"/>
<opset="gmem_in_addr_read/11 "/>
</bind>
</comp>

<comp id="126" class="1004" name="x_buf_addr_gep_fu_126">
<pin_list>
<pin id="127" dir="0" index="0" bw="256" slack="0"/>
<pin id="128" dir="0" index="1" bw="1" slack="0"/>
<pin id="129" dir="0" index="2" bw="11" slack="0"/>
<pin id="130" dir="1" index="3" bw="11" slack="0"/>
</pin_list>
<bind>
<opcode="getelementptr(29) " fcode="getelementptr"/>
<opset="x_buf_addr/12 "/>
</bind>
</comp>

<comp id="133" class="1004" name="store_ln403_access_fu_133">
<pin_list>
<pin id="134" dir="0" index="0" bw="11" slack="0"/>
<pin id="135" dir="0" index="1" bw="256" slack="1"/>
<pin id="136" dir="0" index="2" bw="0" slack="2147483647"/>
<pin id="137" dir="1" index="3" bw="256" slack="2147483647"/>
</pin_list>
<bind>
<opcode="store(28) " fcode="store"/>
<opset="store_ln403/12 "/>
</bind>
</comp>

<comp id="139" class="1004" name="sext_ln397_cast_fu_139">
<pin_list>
<pin id="140" dir="0" index="0" bw="59" slack="0"/>
<pin id="141" dir="1" index="1" bw="60" slack="1"/>
</pin_list>
<bind>
<opcode="sext(35) " fcode="sext"/>
<opset="sext_ln397_cast/1 "/>
</bind>
</comp>

<comp id="143" class="1004" name="store_ln400_store_fu_143">
<pin_list>
<pin id="144" dir="0" index="0" bw="1" slack="0"/>
<pin id="145" dir="0" index="1" bw="12" slack="0"/>
<pin id="146" dir="1" index="2" bw="0" slack="2147483647"/>
</pin_list>
<bind>
<opcode="store(28) " fcode="store"/>
<opset="store_ln400/1 "/>
</bind>
</comp>

<comp id="148" class="1004" name="m_load_fu_148">
<pin_list>
<pin id="149" dir="0" index="0" bw="12" slack="0"/>
<pin id="150" dir="1" index="1" bw="12" slack="0"/>
</pin_list>
<bind>
<opcode="load(27) " fcode="load"/>
<opset="m/1 "/>
</bind>
</comp>

<comp id="151" class="1004" name="zext_ln400_fu_151">
<pin_list>
<pin id="152" dir="0" index="0" bw="12" slack="0"/>
<pin id="153" dir="1" index="1" bw="13" slack="0"/>
</pin_list>
<bind>
<opcode="zext(34) " fcode="zext"/>
<opset="zext_ln400/1 "/>
</bind>
</comp>

<comp id="155" class="1004" name="icmp_ln400_fu_155">
<pin_list>
<pin id="156" dir="0" index="0" bw="13" slack="0"/>
<pin id="157" dir="0" index="1" bw="13" slack="0"/>
<pin id="158" dir="1" index="2" bw="1" slack="10"/>
</pin_list>
<bind>
<opcode="icmp(45) " fcode="icmp"/>
<opset="icmp_ln400/1 "/>
</bind>
</comp>

<comp id="161" class="1004" name="add_ln400_fu_161">
<pin_list>
<pin id="162" dir="0" index="0" bw="12" slack="0"/>
<pin id="163" dir="0" index="1" bw="1" slack="0"/>
<pin id="164" dir="1" index="2" bw="12" slack="0"/>
</pin_list>
<bind>
<opcode="add(8) " fcode="add"/>
<opset="add_ln400/1 "/>
</bind>
</comp>

<comp id="167" class="1004" name="store_ln400_store_fu_167">
<pin_list>
<pin id="168" dir="0" index="0" bw="12" slack="0"/>
<pin id="169" dir="0" index="1" bw="12" slack="0"/>
<pin id="170" dir="1" index="2" bw="0" slack="2147483647"/>
</pin_list>
<bind>
<opcode="store(28) " fcode="store"/>
<opset="store_ln400/1 "/>
</bind>
</comp>

<comp id="172" class="1004" name="trunc_ln400_fu_172">
<pin_list>
<pin id="173" dir="0" index="0" bw="12" slack="1"/>
<pin id="174" dir="1" index="1" bw="11" slack="0"/>
</pin_list>
<bind>
<opcode="trunc(33) " fcode="trunc"/>
<opset="trunc_ln400/2 "/>
</bind>
</comp>

<comp id="175" class="1004" name="shl_ln4_fu_175">
<pin_list>
<pin id="176" dir="0" index="0" bw="17" slack="0"/>
<pin id="177" dir="0" index="1" bw="12" slack="1"/>
<pin id="178" dir="0" index="2" bw="1" slack="0"/>
<pin id="179" dir="1" index="3" bw="17" slack="0"/>
</pin_list>
<bind>
<opcode="bitconcatenate(1004) " fcode="bitconcatenate"/>
<opset="shl_ln4/2 "/>
</bind>
</comp>

<comp id="182" class="1004" name="zext_ln403_fu_182">
<pin_list>
<pin id="183" dir="0" index="0" bw="17" slack="0"/>
<pin id="184" dir="1" index="1" bw="25" slack="0"/>
</pin_list>
<bind>
<opcode="zext(34) " fcode="zext"/>
<opset="zext_ln403/2 "/>
</bind>
</comp>

<comp id="186" class="1004" name="add_ln403_fu_186">
<pin_list>
<pin id="187" dir="0" index="0" bw="25" slack="1"/>
<pin id="188" dir="0" index="1" bw="17" slack="0"/>
<pin id="189" dir="1" index="2" bw="25" slack="0"/>
</pin_list>
<bind>
<opcode="add(8) " fcode="add"/>
<opset="add_ln403/2 "/>
</bind>
</comp>

<comp id="191" class="1004" name="lshr_ln_fu_191">
<pin_list>
<pin id="192" dir="0" index="0" bw="20" slack="0"/>
<pin id="193" dir="0" index="1" bw="25" slack="0"/>
<pin id="194" dir="0" index="2" bw="4" slack="0"/>
<pin id="195" dir="0" index="3" bw="6" slack="0"/>
<pin id="196" dir="1" index="4" bw="20" slack="0"/>
</pin_list>
<bind>
<opcode="partselect(1002) " fcode="partselect"/>
<opset="lshr_ln/2 "/>
</bind>
</comp>

<comp id="201" class="1004" name="zext_ln403_1_fu_201">
<pin_list>
<pin id="202" dir="0" index="0" bw="20" slack="0"/>
<pin id="203" dir="1" index="1" bw="60" slack="0"/>
</pin_list>
<bind>
<opcode="zext(34) " fcode="zext"/>
<opset="zext_ln403_1/2 "/>
</bind>
</comp>

<comp id="205" class="1004" name="add_ln403_1_fu_205">
<pin_list>
<pin id="206" dir="0" index="0" bw="11" slack="0"/>
<pin id="207" dir="0" index="1" bw="11" slack="1"/>
<pin id="208" dir="1" index="2" bw="11" slack="10"/>
</pin_list>
<bind>
<opcode="add(8) " fcode="add"/>
<opset="add_ln403_1/2 "/>
</bind>
</comp>

<comp id="210" class="1004" name="add_ln403_2_fu_210">
<pin_list>
<pin id="211" dir="0" index="0" bw="20" slack="0"/>
<pin id="212" dir="0" index="1" bw="59" slack="1"/>
<pin id="213" dir="1" index="2" bw="60" slack="1"/>
</pin_list>
<bind>
<opcode="add(8) " fcode="add"/>
<opset="add_ln403_2/2 "/>
</bind>
</comp>

<comp id="215" class="1004" name="sext_ln403_fu_215">
<pin_list>
<pin id="216" dir="0" index="0" bw="60" slack="1"/>
<pin id="217" dir="1" index="1" bw="64" slack="0"/>
</pin_list>
<bind>
<opcode="sext(35) " fcode="sext"/>
<opset="sext_ln403/3 "/>
</bind>
</comp>

<comp id="218" class="1004" name="gmem_in_addr_fu_218">
<pin_list>
<pin id="219" dir="0" index="0" bw="64" slack="0"/>
<pin id="220" dir="0" index="1" bw="64" slack="0"/>
<pin id="221" dir="1" index="2" bw="64" slack="0"/>
</pin_list>
<bind>
<opcode="getelementptr(29) " fcode="getelementptr"/>
<opset="gmem_in_addr/3 "/>
</bind>
</comp>

<comp id="225" class="1004" name="zext_ln403_2_fu_225">
<pin_list>
<pin id="226" dir="0" index="0" bw="11" slack="10"/>
<pin id="227" dir="1" index="1" bw="64" slack="0"/>
</pin_list>
<bind>
<opcode="zext(34) " fcode="zext"/>
<opset="zext_ln403_2/12 "/>
</bind>
</comp>

<comp id="229" class="1005" name="m_1_reg_229">
<pin_list>
<pin id="230" dir="0" index="0" bw="12" slack="0"/>
<pin id="231" dir="1" index="1" bw="12" slack="0"/>
</pin_list>
<bind>
<opset="m_1 "/>
</bind>
</comp>

<comp id="236" class="1005" name="base_buf_read_reg_236">
<pin_list>
<pin id="237" dir="0" index="0" bw="11" slack="1"/>
<pin id="238" dir="1" index="1" bw="11" slack="1"/>
</pin_list>
<bind>
<opset="base_buf_read "/>
</bind>
</comp>

<comp id="241" class="1005" name="shl_ln1_read_reg_241">
<pin_list>
<pin id="242" dir="0" index="0" bw="25" slack="1"/>
<pin id="243" dir="1" index="1" bw="25" slack="1"/>
</pin_list>
<bind>
<opset="shl_ln1_read "/>
</bind>
</comp>

<comp id="246" class="1005" name="sext_ln397_cast_reg_246">
<pin_list>
<pin id="247" dir="0" index="0" bw="60" slack="1"/>
<pin id="248" dir="1" index="1" bw="60" slack="1"/>
</pin_list>
<bind>
<opset="sext_ln397_cast "/>
</bind>
</comp>

<comp id="251" class="1005" name="m_reg_251">
<pin_list>
<pin id="252" dir="0" index="0" bw="12" slack="1"/>
<pin id="253" dir="1" index="1" bw="12" slack="1"/>
</pin_list>
<bind>
<opset="m "/>
</bind>
</comp>

<comp id="257" class="1005" name="icmp_ln400_reg_257">
<pin_list>
<pin id="258" dir="0" index="0" bw="1" slack="10"/>
<pin id="259" dir="1" index="1" bw="1" slack="2147483647"/>
</pin_list>
<bind>
<opset="icmp_ln400 "/>
</bind>
</comp>

<comp id="261" class="1005" name="add_ln403_1_reg_261">
<pin_list>
<pin id="262" dir="0" index="0" bw="11" slack="10"/>
<pin id="263" dir="1" index="1" bw="11" slack="10"/>
</pin_list>
<bind>
<opset="add_ln403_1 "/>
</bind>
</comp>

<comp id="266" class="1005" name="add_ln403_2_reg_266">
<pin_list>
<pin id="267" dir="0" index="0" bw="60" slack="1"/>
<pin id="268" dir="1" index="1" bw="60" slack="1"/>
</pin_list>
<bind>
<opset="add_ln403_2 "/>
</bind>
</comp>

<comp id="271" class="1005" name="gmem_in_addr_reg_271">
<pin_list>
<pin id="272" dir="0" index="0" bw="256" slack="1"/>
<pin id="273" dir="1" index="1" bw="256" slack="1"/>
</pin_list>
<bind>
<opset="gmem_in_addr "/>
</bind>
</comp>

<comp id="277" class="1005" name="gmem_in_addr_read_reg_277">
<pin_list>
<pin id="278" dir="0" index="0" bw="256" slack="1"/>
<pin id="279" dir="1" index="1" bw="256" slack="1"/>
</pin_list>
<bind>
<opset="gmem_in_addr_read "/>
</bind>
</comp>

</comp_list>

<net_list>
<net id="89"><net_src comp="12" pin="0"/><net_sink comp="86" pin=0"/></net>

<net id="94"><net_src comp="14" pin="0"/><net_sink comp="90" pin=0"/></net>

<net id="95"><net_src comp="8" pin="0"/><net_sink comp="90" pin=1"/></net>

<net id="100"><net_src comp="16" pin="0"/><net_sink comp="96" pin=0"/></net>

<net id="101"><net_src comp="6" pin="0"/><net_sink comp="96" pin=1"/></net>

<net id="106"><net_src comp="18" pin="0"/><net_sink comp="102" pin=0"/></net>

<net id="107"><net_src comp="4" pin="0"/><net_sink comp="102" pin=1"/></net>

<net id="112"><net_src comp="20" pin="0"/><net_sink comp="108" pin=0"/></net>

<net id="113"><net_src comp="2" pin="0"/><net_sink comp="108" pin=1"/></net>

<net id="119"><net_src comp="72" pin="0"/><net_sink comp="114" pin=0"/></net>

<net id="120"><net_src comp="74" pin="0"/><net_sink comp="114" pin=2"/></net>

<net id="125"><net_src comp="76" pin="0"/><net_sink comp="121" pin=0"/></net>

<net id="131"><net_src comp="10" pin="0"/><net_sink comp="126" pin=0"/></net>

<net id="132"><net_src comp="84" pin="0"/><net_sink comp="126" pin=1"/></net>

<net id="138"><net_src comp="126" pin="3"/><net_sink comp="133" pin=0"/></net>

<net id="142"><net_src comp="90" pin="2"/><net_sink comp="139" pin=0"/></net>

<net id="147"><net_src comp="48" pin="0"/><net_sink comp="143" pin=0"/></net>

<net id="154"><net_src comp="148" pin="1"/><net_sink comp="151" pin=0"/></net>

<net id="159"><net_src comp="151" pin="1"/><net_sink comp="155" pin=0"/></net>

<net id="160"><net_src comp="108" pin="2"/><net_sink comp="155" pin=1"/></net>

<net id="165"><net_src comp="148" pin="1"/><net_sink comp="161" pin=0"/></net>

<net id="166"><net_src comp="60" pin="0"/><net_sink comp="161" pin=1"/></net>

<net id="171"><net_src comp="161" pin="2"/><net_sink comp="167" pin=0"/></net>

<net id="180"><net_src comp="62" pin="0"/><net_sink comp="175" pin=0"/></net>

<net id="181"><net_src comp="64" pin="0"/><net_sink comp="175" pin=2"/></net>

<net id="185"><net_src comp="175" pin="3"/><net_sink comp="182" pin=0"/></net>

<net id="190"><net_src comp="182" pin="1"/><net_sink comp="186" pin=1"/></net>

<net id="197"><net_src comp="66" pin="0"/><net_sink comp="191" pin=0"/></net>

<net id="198"><net_src comp="186" pin="2"/><net_sink comp="191" pin=1"/></net>

<net id="199"><net_src comp="68" pin="0"/><net_sink comp="191" pin=2"/></net>

<net id="200"><net_src comp="70" pin="0"/><net_sink comp="191" pin=3"/></net>

<net id="204"><net_src comp="191" pin="4"/><net_sink comp="201" pin=0"/></net>

<net id="209"><net_src comp="172" pin="1"/><net_sink comp="205" pin=0"/></net>

<net id="214"><net_src comp="201" pin="1"/><net_sink comp="210" pin=0"/></net>

<net id="222"><net_src comp="0" pin="0"/><net_sink comp="218" pin=0"/></net>

<net id="223"><net_src comp="215" pin="1"/><net_sink comp="218" pin=1"/></net>

<net id="224"><net_src comp="218" pin="2"/><net_sink comp="114" pin=1"/></net>

<net id="228"><net_src comp="225" pin="1"/><net_sink comp="126" pin=2"/></net>

<net id="232"><net_src comp="86" pin="1"/><net_sink comp="229" pin=0"/></net>

<net id="233"><net_src comp="229" pin="1"/><net_sink comp="143" pin=1"/></net>

<net id="234"><net_src comp="229" pin="1"/><net_sink comp="148" pin=0"/></net>

<net id="235"><net_src comp="229" pin="1"/><net_sink comp="167" pin=1"/></net>

<net id="239"><net_src comp="96" pin="2"/><net_sink comp="236" pin=0"/></net>

<net id="240"><net_src comp="236" pin="1"/><net_sink comp="205" pin=1"/></net>

<net id="244"><net_src comp="102" pin="2"/><net_sink comp="241" pin=0"/></net>

<net id="245"><net_src comp="241" pin="1"/><net_sink comp="186" pin=0"/></net>

<net id="249"><net_src comp="139" pin="1"/><net_sink comp="246" pin=0"/></net>

<net id="250"><net_src comp="246" pin="1"/><net_sink comp="210" pin=1"/></net>

<net id="254"><net_src comp="148" pin="1"/><net_sink comp="251" pin=0"/></net>

<net id="255"><net_src comp="251" pin="1"/><net_sink comp="172" pin=0"/></net>

<net id="256"><net_src comp="251" pin="1"/><net_sink comp="175" pin=1"/></net>

<net id="260"><net_src comp="155" pin="2"/><net_sink comp="257" pin=0"/></net>

<net id="264"><net_src comp="205" pin="2"/><net_sink comp="261" pin=0"/></net>

<net id="265"><net_src comp="261" pin="1"/><net_sink comp="225" pin=0"/></net>

<net id="269"><net_src comp="210" pin="2"/><net_sink comp="266" pin=0"/></net>

<net id="270"><net_src comp="266" pin="1"/><net_sink comp="215" pin=0"/></net>

<net id="274"><net_src comp="218" pin="2"/><net_sink comp="271" pin=0"/></net>

<net id="275"><net_src comp="271" pin="1"/><net_sink comp="114" pin=1"/></net>

<net id="276"><net_src comp="271" pin="1"/><net_sink comp="121" pin=1"/></net>

<net id="280"><net_src comp="121" pin="2"/><net_sink comp="277" pin=0"/></net>

<net id="281"><net_src comp="277" pin="1"/><net_sink comp="133" pin=1"/></net>

</net_list>

</model> 
---------------- Datapath Model END ------------------

* FSMD analyzer results:
  - Output states:
	Port: gmem_in | {}
	Port: x_buf | {12 }
 - Input state : 
	Port: upconv_core_top_Pipeline_LOAD_ROW : gmem_in | {3 4 5 6 7 8 9 10 11 }
	Port: upconv_core_top_Pipeline_LOAD_ROW : empty | {1 }
	Port: upconv_core_top_Pipeline_LOAD_ROW : shl_ln1 | {1 }
	Port: upconv_core_top_Pipeline_LOAD_ROW : base_buf | {1 }
	Port: upconv_core_top_Pipeline_LOAD_ROW : sext_ln397 | {1 }
	Port: upconv_core_top_Pipeline_LOAD_ROW : x_buf | {}
  - Chain level:
	State 1
		store_ln400 : 1
		m : 1
		zext_ln400 : 2
		icmp_ln400 : 3
		add_ln400 : 2
		br_ln400 : 4
		store_ln400 : 3
	State 2
		zext_ln403 : 1
		add_ln403 : 2
		lshr_ln : 3
		zext_ln403_1 : 4
		add_ln403_1 : 1
		add_ln403_2 : 5
	State 3
		gmem_in_addr : 1
		gmem_in_load_req : 2
	State 4
	State 5
	State 6
	State 7
	State 8
	State 9
	State 10
	State 11
	State 12
		x_buf_addr : 1
		store_ln403 : 2


============================================================
+ Verbose Summary: Datapath Resource usage 
============================================================

* Functional unit list:
|----------|-------------------------------|---------|---------|
| Operation|        Functional Unit        |    FF   |   LUT   |
|----------|-------------------------------|---------|---------|
|          |        add_ln400_fu_161       |    0    |    19   |
|    add   |        add_ln403_fu_186       |    0    |    32   |
|          |       add_ln403_1_fu_205      |    0    |    18   |
|          |       add_ln403_2_fu_210      |    0    |    66   |
|----------|-------------------------------|---------|---------|
|   icmp   |       icmp_ln400_fu_155       |    0    |    20   |
|----------|-------------------------------|---------|---------|
|          |   sext_ln397_read_read_fu_90  |    0    |    0    |
|          |    base_buf_read_read_fu_96   |    0    |    0    |
|   read   |    shl_ln1_read_read_fu_102   |    0    |    0    |
|          |        tmp_read_fu_108        |    0    |    0    |
|          | gmem_in_addr_read_read_fu_121 |    0    |    0    |
|----------|-------------------------------|---------|---------|
|  readreq |       grp_readreq_fu_114      |    0    |    0    |
|----------|-------------------------------|---------|---------|
|   sext   |     sext_ln397_cast_fu_139    |    0    |    0    |
|          |       sext_ln403_fu_215       |    0    |    0    |
|----------|-------------------------------|---------|---------|
|          |       zext_ln400_fu_151       |    0    |    0    |
|   zext   |       zext_ln403_fu_182       |    0    |    0    |
|          |      zext_ln403_1_fu_201      |    0    |    0    |
|          |      zext_ln403_2_fu_225      |    0    |    0    |
|----------|-------------------------------|---------|---------|
|   trunc  |       trunc_ln400_fu_172      |    0    |    0    |
|----------|-------------------------------|---------|---------|
|bitconcatenate|         shl_ln4_fu_175        |    0    |    0    |
|----------|-------------------------------|---------|---------|
|partselect|         lshr_ln_fu_191        |    0    |    0    |
|----------|-------------------------------|---------|---------|
|   Total  |                               |    0    |   155   |
|----------|-------------------------------|---------|---------|

Memories:
N/A

* Register list:
+-------------------------+--------+
|                         |   FF   |
+-------------------------+--------+
|   add_ln403_1_reg_261   |   11   |
|   add_ln403_2_reg_266   |   60   |
|  base_buf_read_reg_236  |   11   |
|gmem_in_addr_read_reg_277|   256  |
|   gmem_in_addr_reg_271  |   256  |
|    icmp_ln400_reg_257   |    1   |
|       m_1_reg_229       |   12   |
|        m_reg_251        |   12   |
| sext_ln397_cast_reg_246 |   60   |
|   shl_ln1_read_reg_241  |   25   |
+-------------------------+--------+
|          Total          |   704  |
+-------------------------+--------+

* Multiplexer (MUX) list: 
|--------------------|------|------|------|--------||---------||---------||---------|
|        Comp        |  Pin | Size |  BW  | S x BW ||  Delay  ||    FF   ||   LUT   |
|--------------------|------|------|------|--------||---------||---------||---------|
| grp_readreq_fu_114 |  p1  |   2  |  256 |   512  ||    0    ||    9    |
|--------------------|------|------|------|--------||---------||---------||---------|
|        Total       |      |      |      |   512  ||  0.427  ||    0    ||    9    |
|--------------------|------|------|------|--------||---------||---------||---------|



* Summary:
+-----------+--------+--------+--------+
|           |  Delay |   FF   |   LUT  |
+-----------+--------+--------+--------+
|  Function |    -   |    0   |   155  |
|   Memory  |    -   |    -   |    -   |
|Multiplexer|    0   |    0   |    9   |
|  Register |    -   |   704  |    -   |
+-----------+--------+--------+--------+
|   Total   |    0   |   704  |   164  |
+-----------+--------+--------+--------+
