

================================================================
== Vitis HLS Report for 'upconv_core_top_Pipeline_LOAD_ROW_VITIS_LOOP_307_26'
================================================================
* Date:           Thu May  7 18:52:02 2026

* Version:        2024.2 (Build 5238294 on Nov  8 2024)
* Project:        upconv_core_top
* Solution:       hls (Vivado IP Flow Target)
* Product family: zynquplus
* Target device:  xczu7ev-ffvc1156-2-e


================================================================
== Performance Estimates
================================================================
+ Timing: 
    * Summary: 
    +--------+---------+----------+------------+
    |  Clock |  Target | Estimated| Uncertainty|
    +--------+---------+----------+------------+
    |ap_clk  |  3.33 ns|  2.433 ns|     0.90 ns|
    +--------+---------+----------+------------+

+ Latency: 
    * Summary: 
    +---------+---------+----------+----------+------+------+------------------------------------------------+
    |  Latency (cycles) |  Latency (absolute) |   Interval  |                    Pipeline                    |
    |   min   |   max   |    min   |    max   |  min |  max |                      Type                      |
    +---------+---------+----------+----------+------+------+------------------------------------------------+
    |     1036|     1036|  3.453 us|  3.453 us|  1025|  1025|  loop auto-rewind stp (delay=0 clock cycles(s))|
    +---------+---------+----------+----------+------+------+------------------------------------------------+

    + Detail: 
        * Instance: 
        N/A

        * Loop: 
        +-----------------------------+---------+---------+----------+-----------+-----------+------+----------+
        |                             |  Latency (cycles) | Iteration|  Initiation Interval  | Trip |          |
        |          Loop Name          |   min   |   max   |  Latency |  achieved |   target  | Count| Pipelined|
        +-----------------------------+---------+---------+----------+-----------+-----------+------+----------+
        |- LOAD_ROW_VITIS_LOOP_307_2  |     1034|     1034|        12|          1|          1|  1024|       yes|
        +-----------------------------+---------+---------+----------+-----------+-----------+------+----------+

============================================================
+ Verbose Summary: Synthesis Manager
============================================================
InlineROM: 1
ExposeGlobal: 0
============================================================
+ Verbose Summary: CDFG Model
============================================================
IsTopModel: 0
ResetActiveHigh: 1
IsCombinational: 0
IsDatapathOnly: 0
HasWiredReturn: 1
HasMFsm: 2
HasVarLatency: 1
IsPipeline: 0
IsRtlPipelined: 0
IsInstanceOverlapped: 0
IsDontTouch: 0
HasImplIP: 0
IsGatedGlobalClock: 0

+ Individual pipeline summary: 
  * Pipeline-0: initiation interval (II) = 1, depth = 12


============================================================
+ Verbose Summary: Schedule
============================================================
* Number of FSM states : 12
* Pipeline : 1
  Pipeline-0 : II = 1, D = 12, States = { 1 2 3 4 5 6 7 8 9 10 11 12 }
* Dataflow Pipeline: 0

* FSM state transitions: 
1 --> 2 
2 --> 3 
3 --> 4 
4 --> 5 
5 --> 6 
6 --> 7 
7 --> 8 
8 --> 9 
9 --> 10 
10 --> 11 
11 --> 12 
12 --> 

* FSM state operations: 

State 1 <SV = 0> <Delay = 1.65>
ST_1 : Operation 15 [1/1] (0.00ns)   --->   "%ciw = alloca i32 1" [../gen/Hls_Layers_UpConv.tpp:307->../gen/upconv_core_top.cpp:52]   --->   Operation 15 'alloca' 'ciw' <Predicate = true> <Delay = 0.00>
ST_1 : Operation 16 [1/1] (0.00ns)   --->   "%wi = alloca i32 1" [../gen/Hls_Layers_UpConv.tpp:306->../gen/upconv_core_top.cpp:52]   --->   Operation 16 'alloca' 'wi' <Predicate = true> <Delay = 0.00>
ST_1 : Operation 17 [1/1] (0.00ns)   --->   "%indvar_flatten48 = alloca i32 1"   --->   Operation 17 'alloca' 'indvar_flatten48' <Predicate = true> <Delay = 0.00>
ST_1 : Operation 18 [1/1] (0.00ns)   --->   "%sext_ln304_4_read = read i59 @_ssdm_op_Read.ap_auto.i59, i59 %sext_ln304_4"   --->   Operation 18 'read' 'sext_ln304_4_read' <Predicate = true> <Delay = 0.00>
ST_1 : Operation 19 [1/1] (0.00ns)   --->   "%indvar171_read = read i7 @_ssdm_op_Read.ap_auto.i7, i7 %indvar171"   --->   Operation 19 'read' 'indvar171_read' <Predicate = true> <Delay = 0.00>
ST_1 : Operation 20 [1/1] (0.00ns)   --->   "%tmp = read i1 @_ssdm_op_Read.ap_auto.i1, i1 %empty"   --->   Operation 20 'read' 'tmp' <Predicate = true> <Delay = 0.00>
ST_1 : Operation 21 [1/1] (0.00ns)   --->   "%sext_ln304_4_cast = sext i59 %sext_ln304_4_read"   --->   Operation 21 'sext' 'sext_ln304_4_cast' <Predicate = true> <Delay = 0.00>
ST_1 : Operation 22 [1/1] (0.00ns)   --->   "%specmemcore_ln0 = specmemcore void @_ssdm_op_SpecMemCore, i256 %x_buf, i64 666, i64 31, i64 18446744073709551615"   --->   Operation 22 'specmemcore' 'specmemcore_ln0' <Predicate = true> <Delay = 0.00>
ST_1 : Operation 23 [1/1] (0.00ns)   --->   "%specinterface_ln0 = specinterface void @_ssdm_op_SpecInterface, i256 %gmem_in, void @empty, i32 0, i32 0, void @empty_0, i32 0, i32 0, void @empty_25, void @empty_23, void @empty_0, i32 16, i32 16, i32 64, i32 16, void @empty_0, void @empty_0, i32 4294967295, i32 0, i32 0"   --->   Operation 23 'specinterface' 'specinterface_ln0' <Predicate = true> <Delay = 0.00>
ST_1 : Operation 24 [1/1] (0.42ns)   --->   "%store_ln0 = store i11 0, i11 %indvar_flatten48"   --->   Operation 24 'store' 'store_ln0' <Predicate = true> <Delay = 0.42>
ST_1 : Operation 25 [1/1] (0.42ns)   --->   "%store_ln306 = store i8 0, i8 %wi" [../gen/Hls_Layers_UpConv.tpp:306->../gen/upconv_core_top.cpp:52]   --->   Operation 25 'store' 'store_ln306' <Predicate = true> <Delay = 0.42>
ST_1 : Operation 26 [1/1] (0.42ns)   --->   "%store_ln307 = store i4 0, i4 %ciw" [../gen/Hls_Layers_UpConv.tpp:307->../gen/upconv_core_top.cpp:52]   --->   Operation 26 'store' 'store_ln307' <Predicate = true> <Delay = 0.42>
ST_1 : Operation 27 [1/1] (0.00ns)   --->   "%br_ln0 = br void %for.body27.i153"   --->   Operation 27 'br' 'br_ln0' <Predicate = true> <Delay = 0.00>
ST_1 : Operation 28 [1/1] (0.00ns)   --->   "%indvar_flatten48_load = load i11 %indvar_flatten48" [../gen/Hls_Layers_UpConv.tpp:306->../gen/upconv_core_top.cpp:52]   --->   Operation 28 'load' 'indvar_flatten48_load' <Predicate = true> <Delay = 0.00>
ST_1 : Operation 29 [1/1] (0.00ns)   --->   "%specbitsmap_ln0 = specbitsmap void @_ssdm_op_SpecBitsMap, i256 %gmem_in"   --->   Operation 29 'specbitsmap' 'specbitsmap_ln0' <Predicate = true> <Delay = 0.00>
ST_1 : Operation 30 [1/1] (0.79ns)   --->   "%icmp_ln306 = icmp_eq  i11 %indvar_flatten48_load, i11 1024" [../gen/Hls_Layers_UpConv.tpp:306->../gen/upconv_core_top.cpp:52]   --->   Operation 30 'icmp' 'icmp_ln306' <Predicate = true> <Delay = 0.79> <CoreInst = "Cmp">   --->   Core 9 'Cmp' <Latency = 0> <II = 1> <Delay = 0.79> <FuncUnit> <Opcode : 'seteq' 'setne' 'setle' 'setge' 'setlt' 'setgt'> <InPorts = 2> <OutPorts = 1>
ST_1 : Operation 31 [1/1] (0.79ns)   --->   "%add_ln306 = add i11 %indvar_flatten48_load, i11 1" [../gen/Hls_Layers_UpConv.tpp:306->../gen/upconv_core_top.cpp:52]   --->   Operation 31 'add' 'add_ln306' <Predicate = true> <Delay = 0.79> <CoreInst = "Adder">   --->   Core 1 'Adder' <Latency = 0> <II = 1> <Delay = 0.79> <FuncUnit> <Opcode : 'add' 'sub'> <InPorts = 2> <OutPorts = 1>
ST_1 : Operation 32 [1/1] (0.00ns)   --->   "%br_ln306 = br i1 %icmp_ln306, void %for.cond.cleanup26.i140, void %for.cond.cleanup21.i135.exitStub" [../gen/Hls_Layers_UpConv.tpp:306->../gen/upconv_core_top.cpp:52]   --->   Operation 32 'br' 'br_ln306' <Predicate = true> <Delay = 0.00>
ST_1 : Operation 33 [1/1] (0.42ns)   --->   "%store_ln306 = store i11 %add_ln306, i11 %indvar_flatten48" [../gen/Hls_Layers_UpConv.tpp:306->../gen/upconv_core_top.cpp:52]   --->   Operation 33 'store' 'store_ln306' <Predicate = (!icmp_ln306)> <Delay = 0.42>

State 2 <SV = 1> <Delay = 2.41>
ST_2 : Operation 34 [1/1] (0.00ns)   --->   "%ciw_load = load i4 %ciw" [../gen/Hls_Layers_UpConv.tpp:307->../gen/upconv_core_top.cpp:52]   --->   Operation 34 'load' 'ciw_load' <Predicate = true> <Delay = 0.00>
ST_2 : Operation 35 [1/1] (0.00ns)   --->   "%wi_load = load i8 %wi" [../gen/Hls_Layers_UpConv.tpp:306->../gen/upconv_core_top.cpp:52]   --->   Operation 35 'load' 'wi_load' <Predicate = true> <Delay = 0.00>
ST_2 : Operation 36 [1/1] (0.76ns)   --->   "%wi_2 = add i8 %wi_load, i8 1" [../gen/Hls_Layers_UpConv.tpp:306->../gen/upconv_core_top.cpp:52]   --->   Operation 36 'add' 'wi_2' <Predicate = true> <Delay = 0.76> <CoreInst = "Adder">   --->   Core 1 'Adder' <Latency = 0> <II = 1> <Delay = 0.76> <FuncUnit> <Opcode : 'add' 'sub'> <InPorts = 2> <OutPorts = 1>
ST_2 : Operation 37 [1/1] (0.79ns)   --->   "%icmp_ln307 = icmp_eq  i4 %ciw_load, i4 8" [../gen/Hls_Layers_UpConv.tpp:307->../gen/upconv_core_top.cpp:52]   --->   Operation 37 'icmp' 'icmp_ln307' <Predicate = true> <Delay = 0.79> <CoreInst = "Cmp">   --->   Core 9 'Cmp' <Latency = 0> <II = 1> <Delay = 0.79> <FuncUnit> <Opcode : 'seteq' 'setne' 'setle' 'setge' 'setlt' 'setgt'> <InPorts = 2> <OutPorts = 1>
ST_2 : Operation 38 [1/1] (0.39ns)   --->   "%select_ln306 = select i1 %icmp_ln307, i4 0, i4 %ciw_load" [../gen/Hls_Layers_UpConv.tpp:306->../gen/upconv_core_top.cpp:52]   --->   Operation 38 'select' 'select_ln306' <Predicate = true> <Delay = 0.39> <CoreInst = "Sel">   --->   Core 73 'Sel' <Latency = 0> <II = 1> <Delay = 0.39> <FuncUnit> <Opcode : 'select'> <InPorts = 3> <OutPorts = 1>
ST_2 : Operation 39 [1/1] (0.39ns)   --->   "%select_ln306_1 = select i1 %icmp_ln307, i8 %wi_2, i8 %wi_load" [../gen/Hls_Layers_UpConv.tpp:306->../gen/upconv_core_top.cpp:52]   --->   Operation 39 'select' 'select_ln306_1' <Predicate = true> <Delay = 0.39> <CoreInst = "Sel">   --->   Core 73 'Sel' <Latency = 0> <II = 1> <Delay = 0.39> <FuncUnit> <Opcode : 'select'> <InPorts = 3> <OutPorts = 1>
ST_2 : Operation 40 [1/1] (0.00ns)   --->   "%empty_55 = trunc i8 %select_ln306_1" [../gen/Hls_Layers_UpConv.tpp:306->../gen/upconv_core_top.cpp:52]   --->   Operation 40 'trunc' 'empty_55' <Predicate = true> <Delay = 0.00>
ST_2 : Operation 41 [1/1] (0.00ns)   --->   "%mul36_i = bitconcatenate i11 @_ssdm_op_BitConcatenate.i11.i1.i7.i3, i1 %tmp, i7 %empty_55, i3 0" [../gen/Hls_Layers_UpConv.tpp:306->../gen/upconv_core_top.cpp:52]   --->   Operation 41 'bitconcatenate' 'mul36_i' <Predicate = true> <Delay = 0.00>
ST_2 : Operation 42 [1/1] (0.00ns)   --->   "%zext_ln307 = zext i4 %select_ln306" [../gen/Hls_Layers_UpConv.tpp:307->../gen/upconv_core_top.cpp:52]   --->   Operation 42 'zext' 'zext_ln307' <Predicate = true> <Delay = 0.00>
ST_2 : Operation 43 [1/1] (0.00ns)   --->   "%zext_ln307_1 = zext i4 %select_ln306" [../gen/Hls_Layers_UpConv.tpp:307->../gen/upconv_core_top.cpp:52]   --->   Operation 43 'zext' 'zext_ln307_1' <Predicate = true> <Delay = 0.00>
ST_2 : Operation 44 [1/1] (0.79ns)   --->   "%add_ln309 = add i11 %zext_ln307_1, i11 %mul36_i" [../gen/Hls_Layers_UpConv.tpp:309->../gen/upconv_core_top.cpp:52]   --->   Operation 44 'add' 'add_ln309' <Predicate = true> <Delay = 0.79> <CoreInst = "Adder">   --->   Core 1 'Adder' <Latency = 0> <II = 1> <Delay = 0.79> <FuncUnit> <Opcode : 'add' 'sub'> <InPorts = 2> <OutPorts = 1>
ST_2 : Operation 45 [1/1] (0.00ns)   --->   "%tmp6 = bitconcatenate i17 @_ssdm_op_BitConcatenate.i17.i7.i7.i3, i7 %indvar171_read, i7 %empty_55, i3 0" [../gen/Hls_Layers_UpConv.tpp:309->../gen/upconv_core_top.cpp:52]   --->   Operation 45 'bitconcatenate' 'tmp6' <Predicate = true> <Delay = 0.00>
ST_2 : Operation 46 [1/1] (0.00ns)   --->   "%zext_ln309_1 = zext i17 %tmp6" [../gen/Hls_Layers_UpConv.tpp:309->../gen/upconv_core_top.cpp:52]   --->   Operation 46 'zext' 'zext_ln309_1' <Predicate = true> <Delay = 0.00>
ST_2 : Operation 47 [1/1] (0.00ns) (grouped into TernaryAdder)   --->   "%add_ln309_1 = add i60 %zext_ln307, i60 %sext_ln304_4_cast" [../gen/Hls_Layers_UpConv.tpp:309->../gen/upconv_core_top.cpp:52]   --->   Operation 47 'add' 'add_ln309_1' <Predicate = true> <Delay = 0.00> <CoreInst = "TAddSub">   --->   Core 10 'TAddSub' <Latency = 0> <II = 1> <Delay = 0.40> <IPBlock> <Opcode : '' 'add' 'sub'> <InPorts = 3> <OutPorts = 1> <Sync> <CReg>
ST_2 : Operation 48 [1/1] (0.80ns) (root node of TernaryAdder)   --->   "%add_ln309_2 = add i60 %add_ln309_1, i60 %zext_ln309_1" [../gen/Hls_Layers_UpConv.tpp:309->../gen/upconv_core_top.cpp:52]   --->   Operation 48 'add' 'add_ln309_2' <Predicate = true> <Delay = 0.80> <CoreInst = "TAddSub">   --->   Core 10 'TAddSub' <Latency = 0> <II = 1> <Delay = 0.40> <IPBlock> <Opcode : '' 'add' 'sub'> <InPorts = 3> <OutPorts = 1> <Sync> <CReg>
ST_2 : Operation 49 [1/1] (0.79ns)   --->   "%add_ln307 = add i4 %select_ln306, i4 1" [../gen/Hls_Layers_UpConv.tpp:307->../gen/upconv_core_top.cpp:52]   --->   Operation 49 'add' 'add_ln307' <Predicate = true> <Delay = 0.79> <CoreInst = "Adder">   --->   Core 1 'Adder' <Latency = 0> <II = 1> <Delay = 0.79> <FuncUnit> <Opcode : 'add' 'sub'> <InPorts = 2> <OutPorts = 1>
ST_2 : Operation 50 [1/1] (0.42ns)   --->   "%store_ln306 = store i8 %select_ln306_1, i8 %wi" [../gen/Hls_Layers_UpConv.tpp:306->../gen/upconv_core_top.cpp:52]   --->   Operation 50 'store' 'store_ln306' <Predicate = true> <Delay = 0.42>
ST_2 : Operation 51 [1/1] (0.42ns)   --->   "%store_ln307 = store i4 %add_ln307, i4 %ciw" [../gen/Hls_Layers_UpConv.tpp:307->../gen/upconv_core_top.cpp:52]   --->   Operation 51 'store' 'store_ln307' <Predicate = true> <Delay = 0.42>

State 3 <SV = 2> <Delay = 2.43>
ST_3 : Operation 52 [1/1] (0.00ns)   --->   "%sext_ln309 = sext i60 %add_ln309_2" [../gen/Hls_Layers_UpConv.tpp:309->../gen/upconv_core_top.cpp:52]   --->   Operation 52 'sext' 'sext_ln309' <Predicate = true> <Delay = 0.00>
ST_3 : Operation 53 [1/1] (0.00ns)   --->   "%gmem_in_addr = getelementptr i256 %gmem_in, i64 %sext_ln309" [../gen/Hls_Layers_UpConv.tpp:309->../gen/upconv_core_top.cpp:52]   --->   Operation 53 'getelementptr' 'gmem_in_addr' <Predicate = true> <Delay = 0.00>
ST_3 : Operation 54 [8/8] (2.43ns)   --->   "%gmem_in_load_4_req = readreq i1 @_ssdm_op_ReadReq.m_axi.i256P1A, i256 %gmem_in_addr, i64 1" [../gen/Hls_Layers_UpConv.tpp:309->../gen/upconv_core_top.cpp:52]   --->   Operation 54 'readreq' 'gmem_in_load_4_req' <Predicate = true> <Delay = 2.43> <CoreInst = "m_axi">   --->   Core 119 'm_axi' <Latency = 6> <II = 1> <Delay = 1.00> <Adapter> <Opcode : 'read' 'write' 'readreq' 'writereq' 'writeresp'>

State 4 <SV = 3> <Delay = 2.43>
ST_4 : Operation 55 [7/8] (2.43ns)   --->   "%gmem_in_load_4_req = readreq i1 @_ssdm_op_ReadReq.m_axi.i256P1A, i256 %gmem_in_addr, i64 1" [../gen/Hls_Layers_UpConv.tpp:309->../gen/upconv_core_top.cpp:52]   --->   Operation 55 'readreq' 'gmem_in_load_4_req' <Predicate = true> <Delay = 2.43> <CoreInst = "m_axi">   --->   Core 119 'm_axi' <Latency = 6> <II = 1> <Delay = 1.00> <Adapter> <Opcode : 'read' 'write' 'readreq' 'writereq' 'writeresp'>

State 5 <SV = 4> <Delay = 2.43>
ST_5 : Operation 56 [6/8] (2.43ns)   --->   "%gmem_in_load_4_req = readreq i1 @_ssdm_op_ReadReq.m_axi.i256P1A, i256 %gmem_in_addr, i64 1" [../gen/Hls_Layers_UpConv.tpp:309->../gen/upconv_core_top.cpp:52]   --->   Operation 56 'readreq' 'gmem_in_load_4_req' <Predicate = true> <Delay = 2.43> <CoreInst = "m_axi">   --->   Core 119 'm_axi' <Latency = 6> <II = 1> <Delay = 1.00> <Adapter> <Opcode : 'read' 'write' 'readreq' 'writereq' 'writeresp'>

State 6 <SV = 5> <Delay = 2.43>
ST_6 : Operation 57 [5/8] (2.43ns)   --->   "%gmem_in_load_4_req = readreq i1 @_ssdm_op_ReadReq.m_axi.i256P1A, i256 %gmem_in_addr, i64 1" [../gen/Hls_Layers_UpConv.tpp:309->../gen/upconv_core_top.cpp:52]   --->   Operation 57 'readreq' 'gmem_in_load_4_req' <Predicate = true> <Delay = 2.43> <CoreInst = "m_axi">   --->   Core 119 'm_axi' <Latency = 6> <II = 1> <Delay = 1.00> <Adapter> <Opcode : 'read' 'write' 'readreq' 'writereq' 'writeresp'>

State 7 <SV = 6> <Delay = 2.43>
ST_7 : Operation 58 [4/8] (2.43ns)   --->   "%gmem_in_load_4_req = readreq i1 @_ssdm_op_ReadReq.m_axi.i256P1A, i256 %gmem_in_addr, i64 1" [../gen/Hls_Layers_UpConv.tpp:309->../gen/upconv_core_top.cpp:52]   --->   Operation 58 'readreq' 'gmem_in_load_4_req' <Predicate = true> <Delay = 2.43> <CoreInst = "m_axi">   --->   Core 119 'm_axi' <Latency = 6> <II = 1> <Delay = 1.00> <Adapter> <Opcode : 'read' 'write' 'readreq' 'writereq' 'writeresp'>

State 8 <SV = 7> <Delay = 2.43>
ST_8 : Operation 59 [3/8] (2.43ns)   --->   "%gmem_in_load_4_req = readreq i1 @_ssdm_op_ReadReq.m_axi.i256P1A, i256 %gmem_in_addr, i64 1" [../gen/Hls_Layers_UpConv.tpp:309->../gen/upconv_core_top.cpp:52]   --->   Operation 59 'readreq' 'gmem_in_load_4_req' <Predicate = true> <Delay = 2.43> <CoreInst = "m_axi">   --->   Core 119 'm_axi' <Latency = 6> <II = 1> <Delay = 1.00> <Adapter> <Opcode : 'read' 'write' 'readreq' 'writereq' 'writeresp'>

State 9 <SV = 8> <Delay = 2.43>
ST_9 : Operation 60 [2/8] (2.43ns)   --->   "%gmem_in_load_4_req = readreq i1 @_ssdm_op_ReadReq.m_axi.i256P1A, i256 %gmem_in_addr, i64 1" [../gen/Hls_Layers_UpConv.tpp:309->../gen/upconv_core_top.cpp:52]   --->   Operation 60 'readreq' 'gmem_in_load_4_req' <Predicate = true> <Delay = 2.43> <CoreInst = "m_axi">   --->   Core 119 'm_axi' <Latency = 6> <II = 1> <Delay = 1.00> <Adapter> <Opcode : 'read' 'write' 'readreq' 'writereq' 'writeresp'>

State 10 <SV = 9> <Delay = 2.43>
ST_10 : Operation 61 [1/8] (2.43ns)   --->   "%gmem_in_load_4_req = readreq i1 @_ssdm_op_ReadReq.m_axi.i256P1A, i256 %gmem_in_addr, i64 1" [../gen/Hls_Layers_UpConv.tpp:309->../gen/upconv_core_top.cpp:52]   --->   Operation 61 'readreq' 'gmem_in_load_4_req' <Predicate = true> <Delay = 2.43> <CoreInst = "m_axi">   --->   Core 119 'm_axi' <Latency = 6> <II = 1> <Delay = 1.00> <Adapter> <Opcode : 'read' 'write' 'readreq' 'writereq' 'writeresp'>

State 11 <SV = 10> <Delay = 2.43>
ST_11 : Operation 62 [1/1] (2.43ns)   --->   "%gmem_in_addr_read = read i256 @_ssdm_op_Read.m_axi.i256P1A, i256 %gmem_in_addr" [../gen/Hls_Layers_UpConv.tpp:309->../gen/upconv_core_top.cpp:52]   --->   Operation 62 'read' 'gmem_in_addr_read' <Predicate = true> <Delay = 2.43> <CoreInst = "m_axi">   --->   Core 119 'm_axi' <Latency = 3> <II = 1> <Delay = 1.00> <Adapter> <Opcode : 'read' 'write' 'readreq' 'writereq' 'writeresp'>
ST_11 : Operation 70 [1/1] (0.42ns)   --->   "%ret_ln0 = ret"   --->   Operation 70 'ret' 'ret_ln0' <Predicate = (icmp_ln306)> <Delay = 0.42>

State 12 <SV = 11> <Delay = 1.23>
ST_12 : Operation 63 [1/1] (0.00ns)   --->   "%specloopname_ln0 = specloopname void @_ssdm_op_SpecLoopName, void @LOAD_ROW_VITIS_LOOP_307_2_str"   --->   Operation 63 'specloopname' 'specloopname_ln0' <Predicate = true> <Delay = 0.00>
ST_12 : Operation 64 [1/1] (0.00ns)   --->   "%speclooptripcount_ln0 = speclooptripcount void @_ssdm_op_SpecLoopTripCount, i64 1024, i64 1024, i64 1024"   --->   Operation 64 'speclooptripcount' 'speclooptripcount_ln0' <Predicate = true> <Delay = 0.00>
ST_12 : Operation 65 [1/1] (0.00ns)   --->   "%specpipeline_ln308 = specpipeline void @_ssdm_op_SpecPipeline, i32 1, i32 0, i32 0, i32 0, void @empty_0" [../gen/Hls_Layers_UpConv.tpp:308->../gen/upconv_core_top.cpp:52]   --->   Operation 65 'specpipeline' 'specpipeline_ln308' <Predicate = true> <Delay = 0.00>
ST_12 : Operation 66 [1/1] (0.00ns)   --->   "%zext_ln309 = zext i11 %add_ln309" [../gen/Hls_Layers_UpConv.tpp:309->../gen/upconv_core_top.cpp:52]   --->   Operation 66 'zext' 'zext_ln309' <Predicate = true> <Delay = 0.00>
ST_12 : Operation 67 [1/1] (0.00ns)   --->   "%x_buf_addr = getelementptr i256 %x_buf, i64 0, i64 %zext_ln309" [../gen/Hls_Layers_UpConv.tpp:309->../gen/upconv_core_top.cpp:52]   --->   Operation 67 'getelementptr' 'x_buf_addr' <Predicate = true> <Delay = 0.00>
ST_12 : Operation 68 [1/1] ( I:1.23ns O:1.23ns )   --->   "%store_ln309 = store i256 %gmem_in_addr_read, i11 %x_buf_addr" [../gen/Hls_Layers_UpConv.tpp:309->../gen/upconv_core_top.cpp:52]   --->   Operation 68 'store' 'store_ln309' <Predicate = true> <Delay = 1.23> <CoreInst = "RAM_T2P_URAM">   --->   Core 99 'RAM_T2P_URAM' <Latency = 1> <II = 1> <Delay = 1.23> <Storage> <Opcode : 'load' 'store'> <Ports = 2> <Width = 256> <Depth = 2048> <RAM>
ST_12 : Operation 69 [1/1] (0.00ns)   --->   "%br_ln307 = br void %for.body27.i153" [../gen/Hls_Layers_UpConv.tpp:307->../gen/upconv_core_top.cpp:52]   --->   Operation 69 'br' 'br_ln307' <Predicate = true> <Delay = 0.00>


============================================================
+ Verbose Summary: Binding
============================================================
STG Binding: 
---------------- STG Properties BEGIN ----------------
- Is combinational: 0
- Is one-state seq: 0
- Is datapath-only: 0
- Is pipelined: 0
- Is top level: 0
Port [ Return ] is wired: 1; IO mode=ap_ctrl_hs:ce=0
Port [ gmem_in]:  wired=1; compound=1; hidden=0; nouse=0; global=0; static=0; extern=0; dir=0; type=4; pingpong=0; private_global=0; IO mode=m_axi:ce=0
Port [ empty]:  wired=1; compound=0; hidden=0; nouse=0; global=0; static=0; extern=0; dir=0; type=0; pingpong=0; private_global=0; IO mode=ap_none:ce=0
Port [ indvar171]:  wired=1; compound=0; hidden=0; nouse=0; global=0; static=0; extern=0; dir=0; type=0; pingpong=0; private_global=0; IO mode=ap_none:ce=0
Port [ sext_ln304_4]:  wired=1; compound=0; hidden=0; nouse=0; global=0; static=0; extern=0; dir=0; type=0; pingpong=0; private_global=0; IO mode=ap_none:ce=0
Port [ x_buf]:  wired=1; compound=1; hidden=0; nouse=0; global=1; static=1; extern=0; dir=1; type=1; pingpong=0; private_global=0; MemPort=[03]; IO mode=ap_memory:ce=0
---------------- STG Properties END ------------------

---------------- Datapath Model BEGIN ----------------

<LifeTime>
<method=bitvector/>
ciw                   (alloca           ) [ 0110000000000]
wi                    (alloca           ) [ 0110000000000]
indvar_flatten48      (alloca           ) [ 0100000000000]
sext_ln304_4_read     (read             ) [ 0000000000000]
indvar171_read        (read             ) [ 0110000000000]
tmp                   (read             ) [ 0110000000000]
sext_ln304_4_cast     (sext             ) [ 0110000000000]
specmemcore_ln0       (specmemcore      ) [ 0000000000000]
specinterface_ln0     (specinterface    ) [ 0000000000000]
store_ln0             (store            ) [ 0000000000000]
store_ln306           (store            ) [ 0000000000000]
store_ln307           (store            ) [ 0000000000000]
br_ln0                (br               ) [ 0000000000000]
indvar_flatten48_load (load             ) [ 0000000000000]
specbitsmap_ln0       (specbitsmap      ) [ 0000000000000]
icmp_ln306            (icmp             ) [ 0111111111110]
add_ln306             (add              ) [ 0000000000000]
br_ln306              (br               ) [ 0000000000000]
store_ln306           (store            ) [ 0000000000000]
ciw_load              (load             ) [ 0000000000000]
wi_load               (load             ) [ 0000000000000]
wi_2                  (add              ) [ 0000000000000]
icmp_ln307            (icmp             ) [ 0000000000000]
select_ln306          (select           ) [ 0000000000000]
select_ln306_1        (select           ) [ 0000000000000]
empty_55              (trunc            ) [ 0000000000000]
mul36_i               (bitconcatenate   ) [ 0000000000000]
zext_ln307            (zext             ) [ 0000000000000]
zext_ln307_1          (zext             ) [ 0000000000000]
add_ln309             (add              ) [ 0101111111111]
tmp6                  (bitconcatenate   ) [ 0000000000000]
zext_ln309_1          (zext             ) [ 0000000000000]
add_ln309_1           (add              ) [ 0000000000000]
add_ln309_2           (add              ) [ 0101000000000]
add_ln307             (add              ) [ 0000000000000]
store_ln306           (store            ) [ 0000000000000]
store_ln307           (store            ) [ 0000000000000]
sext_ln309            (sext             ) [ 0000000000000]
gmem_in_addr          (getelementptr    ) [ 0100111111110]
gmem_in_load_4_req    (readreq          ) [ 0000000000000]
gmem_in_addr_read     (read             ) [ 0100000000001]
specloopname_ln0      (specloopname     ) [ 0000000000000]
speclooptripcount_ln0 (speclooptripcount) [ 0000000000000]
specpipeline_ln308    (specpipeline     ) [ 0000000000000]
zext_ln309            (zext             ) [ 0000000000000]
x_buf_addr            (getelementptr    ) [ 0000000000000]
store_ln309           (store            ) [ 0000000000000]
br_ln307              (br               ) [ 0000000000000]
ret_ln0               (ret              ) [ 0000000000000]
</LifeTime>

<model>

<comp_list>
<comp id="0" class="1000" name="gmem_in">
<pin_list>
<pin id="1" dir="1" index="0" bw="1" slack="0"/>
</pin_list>
<bind>
<StgValue><ssdm name="gmem_in"/><MemPortTyVec>0 </MemPortTyVec>
</StgValue>
</bind>
</comp>

<comp id="2" class="1000" name="empty">
<pin_list>
<pin id="3" dir="1" index="0" bw="1" slack="0"/>
</pin_list>
<bind>
<StgValue><ssdm name="empty"/></StgValue>
</bind>
</comp>

<comp id="4" class="1000" name="indvar171">
<pin_list>
<pin id="5" dir="1" index="0" bw="1" slack="0"/>
</pin_list>
<bind>
<StgValue><ssdm name="indvar171"/></StgValue>
</bind>
</comp>

<comp id="6" class="1000" name="sext_ln304_4">
<pin_list>
<pin id="7" dir="1" index="0" bw="1" slack="0"/>
</pin_list>
<bind>
<StgValue><ssdm name="sext_ln304_4"/></StgValue>
</bind>
</comp>

<comp id="8" class="1000" name="x_buf">
<pin_list>
<pin id="9" dir="1" index="0" bw="1" slack="0"/>
</pin_list>
<bind>
<StgValue><ssdm name="x_buf"/><MemPortTyVec>0 3 </MemPortTyVec>
</StgValue>
</bind>
</comp>

<comp id="10" class="1001" name="const_10">
<pin_list>
<pin id="11" dir="1" index="0" bw="1" slack="0"/>
</pin_list>
<bind>
<StgValue><ssdm name=""/></StgValue>
</bind>
</comp>

<comp id="12" class="1001" name="const_12">
<pin_list>
<pin id="13" dir="1" index="0" bw="1" slack="0"/>
</pin_list>
<bind>
<StgValue><ssdm name="_ssdm_op_Read.ap_auto.i59"/></StgValue>
</bind>
</comp>

<comp id="14" class="1001" name="const_14">
<pin_list>
<pin id="15" dir="1" index="0" bw="1" slack="0"/>
</pin_list>
<bind>
<StgValue><ssdm name="_ssdm_op_Read.ap_auto.i7"/></StgValue>
</bind>
</comp>

<comp id="16" class="1001" name="const_16">
<pin_list>
<pin id="17" dir="1" index="0" bw="1" slack="0"/>
</pin_list>
<bind>
<StgValue><ssdm name="_ssdm_op_Read.ap_auto.i1"/></StgValue>
</bind>
</comp>

<comp id="18" class="1001" name="const_18">
<pin_list>
<pin id="19" dir="1" index="0" bw="1" slack="2147483647"/>
</pin_list>
<bind>
<StgValue><ssdm name="_ssdm_op_SpecMemCore"/></StgValue>
</bind>
</comp>

<comp id="20" class="1001" name="const_20">
<pin_list>
<pin id="21" dir="1" index="0" bw="1" slack="2147483647"/>
</pin_list>
<bind>
<StgValue><ssdm name=""/></StgValue>
</bind>
</comp>

<comp id="22" class="1001" name="const_22">
<pin_list>
<pin id="23" dir="1" index="0" bw="1" slack="2147483647"/>
</pin_list>
<bind>
<StgValue><ssdm name=""/></StgValue>
</bind>
</comp>

<comp id="24" class="1001" name="const_24">
<pin_list>
<pin id="25" dir="1" index="0" bw="1" slack="2147483647"/>
</pin_list>
<bind>
<StgValue><ssdm name=""/></StgValue>
</bind>
</comp>

<comp id="26" class="1001" name="const_26">
<pin_list>
<pin id="27" dir="1" index="0" bw="1" slack="2147483647"/>
</pin_list>
<bind>
<StgValue><ssdm name="_ssdm_op_SpecInterface"/></StgValue>
</bind>
</comp>

<comp id="28" class="1001" name="const_28">
<pin_list>
<pin id="29" dir="1" index="0" bw="1" slack="2147483647"/>
</pin_list>
<bind>
<StgValue><ssdm name="empty"/></StgValue>
</bind>
</comp>

<comp id="30" class="1001" name="const_30">
<pin_list>
<pin id="31" dir="1" index="0" bw="1" slack="2147483647"/>
</pin_list>
<bind>
<StgValue><ssdm name=""/></StgValue>
</bind>
</comp>

<comp id="32" class="1001" name="const_32">
<pin_list>
<pin id="33" dir="1" index="0" bw="1" slack="2147483647"/>
</pin_list>
<bind>
<StgValue><ssdm name="empty_0"/></StgValue>
</bind>
</comp>

<comp id="34" class="1001" name="const_34">
<pin_list>
<pin id="35" dir="1" index="0" bw="1" slack="2147483647"/>
</pin_list>
<bind>
<StgValue><ssdm name="empty_25"/></StgValue>
</bind>
</comp>

<comp id="36" class="1001" name="const_36">
<pin_list>
<pin id="37" dir="1" index="0" bw="1" slack="2147483647"/>
</pin_list>
<bind>
<StgValue><ssdm name="empty_23"/></StgValue>
</bind>
</comp>

<comp id="38" class="1001" name="const_38">
<pin_list>
<pin id="39" dir="1" index="0" bw="1" slack="2147483647"/>
</pin_list>
<bind>
<StgValue><ssdm name=""/></StgValue>
</bind>
</comp>

<comp id="40" class="1001" name="const_40">
<pin_list>
<pin id="41" dir="1" index="0" bw="1" slack="2147483647"/>
</pin_list>
<bind>
<StgValue><ssdm name=""/></StgValue>
</bind>
</comp>

<comp id="42" class="1001" name="const_42">
<pin_list>
<pin id="43" dir="1" index="0" bw="1" slack="2147483647"/>
</pin_list>
<bind>
<StgValue><ssdm name=""/></StgValue>
</bind>
</comp>

<comp id="44" class="1001" name="const_44">
<pin_list>
<pin id="45" dir="1" index="0" bw="1" slack="0"/>
</pin_list>
<bind>
<StgValue><ssdm name=""/></StgValue>
</bind>
</comp>

<comp id="46" class="1001" name="const_46">
<pin_list>
<pin id="47" dir="1" index="0" bw="1" slack="0"/>
</pin_list>
<bind>
<StgValue><ssdm name=""/></StgValue>
</bind>
</comp>

<comp id="48" class="1001" name="const_48">
<pin_list>
<pin id="49" dir="1" index="0" bw="1" slack="0"/>
</pin_list>
<bind>
<StgValue><ssdm name=""/></StgValue>
</bind>
</comp>

<comp id="50" class="1001" name="const_50">
<pin_list>
<pin id="51" dir="1" index="0" bw="1" slack="2147483647"/>
</pin_list>
<bind>
<StgValue><ssdm name="_ssdm_op_SpecBitsMap"/></StgValue>
</bind>
</comp>

<comp id="52" class="1001" name="const_52">
<pin_list>
<pin id="53" dir="1" index="0" bw="1" slack="0"/>
</pin_list>
<bind>
<StgValue><ssdm name=""/></StgValue>
</bind>
</comp>

<comp id="54" class="1001" name="const_54">
<pin_list>
<pin id="55" dir="1" index="0" bw="1" slack="0"/>
</pin_list>
<bind>
<StgValue><ssdm name=""/></StgValue>
</bind>
</comp>

<comp id="56" class="1001" name="const_56">
<pin_list>
<pin id="57" dir="1" index="0" bw="1" slack="0"/>
</pin_list>
<bind>
<StgValue><ssdm name=""/></StgValue>
</bind>
</comp>

<comp id="58" class="1001" name="const_58">
<pin_list>
<pin id="59" dir="1" index="0" bw="1" slack="0"/>
</pin_list>
<bind>
<StgValue><ssdm name=""/></StgValue>
</bind>
</comp>

<comp id="60" class="1001" name="const_60">
<pin_list>
<pin id="61" dir="1" index="0" bw="1" slack="0"/>
</pin_list>
<bind>
<StgValue><ssdm name="_ssdm_op_BitConcatenate.i11.i1.i7.i3"/></StgValue>
</bind>
</comp>

<comp id="62" class="1001" name="const_62">
<pin_list>
<pin id="63" dir="1" index="0" bw="1" slack="0"/>
</pin_list>
<bind>
<StgValue><ssdm name=""/></StgValue>
</bind>
</comp>

<comp id="64" class="1001" name="const_64">
<pin_list>
<pin id="65" dir="1" index="0" bw="1" slack="0"/>
</pin_list>
<bind>
<StgValue><ssdm name="_ssdm_op_BitConcatenate.i17.i7.i7.i3"/></StgValue>
</bind>
</comp>

<comp id="66" class="1001" name="const_66">
<pin_list>
<pin id="67" dir="1" index="0" bw="1" slack="0"/>
</pin_list>
<bind>
<StgValue><ssdm name=""/></StgValue>
</bind>
</comp>

<comp id="68" class="1001" name="const_68">
<pin_list>
<pin id="69" dir="1" index="0" bw="1" slack="0"/>
</pin_list>
<bind>
<StgValue><ssdm name="_ssdm_op_ReadReq.m_axi.i256P1A"/></StgValue>
</bind>
</comp>

<comp id="70" class="1001" name="const_70">
<pin_list>
<pin id="71" dir="1" index="0" bw="1" slack="0"/>
</pin_list>
<bind>
<StgValue><ssdm name=""/></StgValue>
</bind>
</comp>

<comp id="72" class="1001" name="const_72">
<pin_list>
<pin id="73" dir="1" index="0" bw="1" slack="0"/>
</pin_list>
<bind>
<StgValue><ssdm name="_ssdm_op_Read.m_axi.i256P1A"/></StgValue>
</bind>
</comp>

<comp id="74" class="1001" name="const_74">
<pin_list>
<pin id="75" dir="1" index="0" bw="1" slack="2147483647"/>
</pin_list>
<bind>
<StgValue><ssdm name="_ssdm_op_SpecLoopName"/></StgValue>
</bind>
</comp>

<comp id="76" class="1001" name="const_76">
<pin_list>
<pin id="77" dir="1" index="0" bw="1" slack="2147483647"/>
</pin_list>
<bind>
<StgValue><ssdm name="LOAD_ROW_VITIS_LOOP_307_2_str"/></StgValue>
</bind>
</comp>

<comp id="78" class="1001" name="const_78">
<pin_list>
<pin id="79" dir="1" index="0" bw="1" slack="2147483647"/>
</pin_list>
<bind>
<StgValue><ssdm name="_ssdm_op_SpecLoopTripCount"/></StgValue>
</bind>
</comp>

<comp id="80" class="1001" name="const_80">
<pin_list>
<pin id="81" dir="1" index="0" bw="1" slack="2147483647"/>
</pin_list>
<bind>
<StgValue><ssdm name=""/></StgValue>
</bind>
</comp>

<comp id="82" class="1001" name="const_82">
<pin_list>
<pin id="83" dir="1" index="0" bw="1" slack="2147483647"/>
</pin_list>
<bind>
<StgValue><ssdm name="_ssdm_op_SpecPipeline"/></StgValue>
</bind>
</comp>

<comp id="84" class="1001" name="const_84">
<pin_list>
<pin id="85" dir="1" index="0" bw="1" slack="0"/>
</pin_list>
<bind>
<StgValue><ssdm name=""/></StgValue>
</bind>
</comp>

<comp id="86" class="1004" name="ciw_fu_86">
<pin_list>
<pin id="87" dir="0" index="0" bw="1" slack="0"/>
<pin id="88" dir="1" index="1" bw="4" slack="0"/>
</pin_list>
<bind>
<opcode="alloca(26) " fcode="alloca"/>
<opset="ciw/1 "/>
</bind>
</comp>

<comp id="90" class="1004" name="wi_fu_90">
<pin_list>
<pin id="91" dir="0" index="0" bw="1" slack="0"/>
<pin id="92" dir="1" index="1" bw="8" slack="0"/>
</pin_list>
<bind>
<opcode="alloca(26) " fcode="alloca"/>
<opset="wi/1 "/>
</bind>
</comp>

<comp id="94" class="1004" name="indvar_flatten48_fu_94">
<pin_list>
<pin id="95" dir="0" index="0" bw="1" slack="0"/>
<pin id="96" dir="1" index="1" bw="11" slack="0"/>
</pin_list>
<bind>
<opcode="alloca(26) " fcode="alloca"/>
<opset="indvar_flatten48/1 "/>
</bind>
</comp>

<comp id="98" class="1004" name="sext_ln304_4_read_read_fu_98">
<pin_list>
<pin id="99" dir="0" index="0" bw="59" slack="0"/>
<pin id="100" dir="0" index="1" bw="59" slack="0"/>
<pin id="101" dir="1" index="2" bw="59" slack="0"/>
</pin_list>
<bind>
<opcode="read(1150) " fcode="read"/>
<opset="sext_ln304_4_read/1 "/>
</bind>
</comp>

<comp id="104" class="1004" name="indvar171_read_read_fu_104">
<pin_list>
<pin id="105" dir="0" index="0" bw="7" slack="0"/>
<pin id="106" dir="0" index="1" bw="7" slack="0"/>
<pin id="107" dir="1" index="2" bw="7" slack="1"/>
</pin_list>
<bind>
<opcode="read(1150) " fcode="read"/>
<opset="indvar171_read/1 "/>
</bind>
</comp>

<comp id="110" class="1004" name="tmp_read_fu_110">
<pin_list>
<pin id="111" dir="0" index="0" bw="1" slack="0"/>
<pin id="112" dir="0" index="1" bw="1" slack="0"/>
<pin id="113" dir="1" index="2" bw="1" slack="1"/>
</pin_list>
<bind>
<opcode="read(1150) " fcode="read"/>
<opset="tmp/1 "/>
</bind>
</comp>

<comp id="116" class="1004" name="grp_readreq_fu_116">
<pin_list>
<pin id="117" dir="0" index="0" bw="1" slack="0"/>
<pin id="118" dir="0" index="1" bw="256" slack="0"/>
<pin id="119" dir="0" index="2" bw="1" slack="0"/>
<pin id="120" dir="1" index="3" bw="1" slack="2147483647"/>
</pin_list>
<bind>
<opcode="readreq(1154) " fcode="readreq"/>
<opset="gmem_in_load_4_req/3 "/>
</bind>
</comp>

<comp id="123" class="1004" name="gmem_in_addr_read_read_fu_123">
<pin_list>
<pin id="124" dir="0" index="0" bw="256" slack="0"/>
<pin id="125" dir="0" index="1" bw="256" slack="8"/>
<pin id="126" dir="1" index="2" bw="256" slack="1"/>
</pin_list>
<bind>
<opcode="read(1150) " fcode="read"/>
<opset="gmem_in_addr_read/11 "/>
</bind>
</comp>

<comp id="128" class="1004" name="x_buf_addr_gep_fu_128">
<pin_list>
<pin id="129" dir="0" index="0" bw="256" slack="0"/>
<pin id="130" dir="0" index="1" bw="1" slack="0"/>
<pin id="131" dir="0" index="2" bw="11" slack="0"/>
<pin id="132" dir="1" index="3" bw="11" slack="0"/>
</pin_list>
<bind>
<opcode="getelementptr(29) " fcode="getelementptr"/>
<opset="x_buf_addr/12 "/>
</bind>
</comp>

<comp id="135" class="1004" name="store_ln309_access_fu_135">
<pin_list>
<pin id="136" dir="0" index="0" bw="11" slack="0"/>
<pin id="137" dir="0" index="1" bw="256" slack="1"/>
<pin id="138" dir="0" index="2" bw="0" slack="2147483647"/>
<pin id="139" dir="1" index="3" bw="256" slack="2147483647"/>
</pin_list>
<bind>
<opcode="store(28) " fcode="store"/>
<opset="store_ln309/12 "/>
</bind>
</comp>

<comp id="141" class="1004" name="sext_ln304_4_cast_fu_141">
<pin_list>
<pin id="142" dir="0" index="0" bw="59" slack="0"/>
<pin id="143" dir="1" index="1" bw="60" slack="1"/>
</pin_list>
<bind>
<opcode="sext(35) " fcode="sext"/>
<opset="sext_ln304_4_cast/1 "/>
</bind>
</comp>

<comp id="145" class="1004" name="store_ln0_store_fu_145">
<pin_list>
<pin id="146" dir="0" index="0" bw="1" slack="0"/>
<pin id="147" dir="0" index="1" bw="11" slack="0"/>
<pin id="148" dir="1" index="2" bw="0" slack="2147483647"/>
</pin_list>
<bind>
<opcode="store(28) " fcode="store"/>
<opset="store_ln0/1 "/>
</bind>
</comp>

<comp id="150" class="1004" name="store_ln306_store_fu_150">
<pin_list>
<pin id="151" dir="0" index="0" bw="1" slack="0"/>
<pin id="152" dir="0" index="1" bw="8" slack="0"/>
<pin id="153" dir="1" index="2" bw="0" slack="2147483647"/>
</pin_list>
<bind>
<opcode="store(28) " fcode="store"/>
<opset="store_ln306/1 "/>
</bind>
</comp>

<comp id="155" class="1004" name="store_ln307_store_fu_155">
<pin_list>
<pin id="156" dir="0" index="0" bw="1" slack="0"/>
<pin id="157" dir="0" index="1" bw="4" slack="0"/>
<pin id="158" dir="1" index="2" bw="0" slack="2147483647"/>
</pin_list>
<bind>
<opcode="store(28) " fcode="store"/>
<opset="store_ln307/1 "/>
</bind>
</comp>

<comp id="160" class="1004" name="indvar_flatten48_load_load_fu_160">
<pin_list>
<pin id="161" dir="0" index="0" bw="11" slack="0"/>
<pin id="162" dir="1" index="1" bw="11" slack="0"/>
</pin_list>
<bind>
<opcode="load(27) " fcode="load"/>
<opset="indvar_flatten48_load/1 "/>
</bind>
</comp>

<comp id="163" class="1004" name="icmp_ln306_fu_163">
<pin_list>
<pin id="164" dir="0" index="0" bw="11" slack="0"/>
<pin id="165" dir="0" index="1" bw="11" slack="0"/>
<pin id="166" dir="1" index="2" bw="1" slack="10"/>
</pin_list>
<bind>
<opcode="icmp(45) " fcode="icmp"/>
<opset="icmp_ln306/1 "/>
</bind>
</comp>

<comp id="169" class="1004" name="add_ln306_fu_169">
<pin_list>
<pin id="170" dir="0" index="0" bw="11" slack="0"/>
<pin id="171" dir="0" index="1" bw="1" slack="0"/>
<pin id="172" dir="1" index="2" bw="11" slack="0"/>
</pin_list>
<bind>
<opcode="add(8) " fcode="add"/>
<opset="add_ln306/1 "/>
</bind>
</comp>

<comp id="175" class="1004" name="store_ln306_store_fu_175">
<pin_list>
<pin id="176" dir="0" index="0" bw="11" slack="0"/>
<pin id="177" dir="0" index="1" bw="11" slack="0"/>
<pin id="178" dir="1" index="2" bw="0" slack="2147483647"/>
</pin_list>
<bind>
<opcode="store(28) " fcode="store"/>
<opset="store_ln306/1 "/>
</bind>
</comp>

<comp id="180" class="1004" name="ciw_load_load_fu_180">
<pin_list>
<pin id="181" dir="0" index="0" bw="4" slack="1"/>
<pin id="182" dir="1" index="1" bw="4" slack="0"/>
</pin_list>
<bind>
<opcode="load(27) " fcode="load"/>
<opset="ciw_load/2 "/>
</bind>
</comp>

<comp id="183" class="1004" name="wi_load_load_fu_183">
<pin_list>
<pin id="184" dir="0" index="0" bw="8" slack="1"/>
<pin id="185" dir="1" index="1" bw="8" slack="0"/>
</pin_list>
<bind>
<opcode="load(27) " fcode="load"/>
<opset="wi_load/2 "/>
</bind>
</comp>

<comp id="186" class="1004" name="wi_2_fu_186">
<pin_list>
<pin id="187" dir="0" index="0" bw="8" slack="0"/>
<pin id="188" dir="0" index="1" bw="1" slack="0"/>
<pin id="189" dir="1" index="2" bw="8" slack="0"/>
</pin_list>
<bind>
<opcode="add(8) " fcode="add"/>
<opset="wi_2/2 "/>
</bind>
</comp>

<comp id="192" class="1004" name="icmp_ln307_fu_192">
<pin_list>
<pin id="193" dir="0" index="0" bw="4" slack="0"/>
<pin id="194" dir="0" index="1" bw="4" slack="0"/>
<pin id="195" dir="1" index="2" bw="1" slack="0"/>
</pin_list>
<bind>
<opcode="icmp(45) " fcode="icmp"/>
<opset="icmp_ln307/2 "/>
</bind>
</comp>

<comp id="198" class="1004" name="select_ln306_fu_198">
<pin_list>
<pin id="199" dir="0" index="0" bw="1" slack="0"/>
<pin id="200" dir="0" index="1" bw="1" slack="0"/>
<pin id="201" dir="0" index="2" bw="4" slack="0"/>
<pin id="202" dir="1" index="3" bw="4" slack="0"/>
</pin_list>
<bind>
<opcode="select(49) " fcode="select"/>
<opset="select_ln306/2 "/>
</bind>
</comp>

<comp id="206" class="1004" name="select_ln306_1_fu_206">
<pin_list>
<pin id="207" dir="0" index="0" bw="1" slack="0"/>
<pin id="208" dir="0" index="1" bw="8" slack="0"/>
<pin id="209" dir="0" index="2" bw="8" slack="0"/>
<pin id="210" dir="1" index="3" bw="8" slack="0"/>
</pin_list>
<bind>
<opcode="select(49) " fcode="select"/>
<opset="select_ln306_1/2 "/>
</bind>
</comp>

<comp id="214" class="1004" name="empty_55_fu_214">
<pin_list>
<pin id="215" dir="0" index="0" bw="8" slack="0"/>
<pin id="216" dir="1" index="1" bw="7" slack="0"/>
</pin_list>
<bind>
<opcode="trunc(33) " fcode="trunc"/>
<opset="empty_55/2 "/>
</bind>
</comp>

<comp id="218" class="1004" name="mul36_i_fu_218">
<pin_list>
<pin id="219" dir="0" index="0" bw="11" slack="0"/>
<pin id="220" dir="0" index="1" bw="1" slack="1"/>
<pin id="221" dir="0" index="2" bw="7" slack="0"/>
<pin id="222" dir="0" index="3" bw="1" slack="0"/>
<pin id="223" dir="1" index="4" bw="11" slack="0"/>
</pin_list>
<bind>
<opcode="bitconcatenate(1004) " fcode="bitconcatenate"/>
<opset="mul36_i/2 "/>
</bind>
</comp>

<comp id="227" class="1004" name="zext_ln307_fu_227">
<pin_list>
<pin id="228" dir="0" index="0" bw="4" slack="0"/>
<pin id="229" dir="1" index="1" bw="60" slack="0"/>
</pin_list>
<bind>
<opcode="zext(34) " fcode="zext"/>
<opset="zext_ln307/2 "/>
</bind>
</comp>

<comp id="231" class="1004" name="zext_ln307_1_fu_231">
<pin_list>
<pin id="232" dir="0" index="0" bw="4" slack="0"/>
<pin id="233" dir="1" index="1" bw="11" slack="0"/>
</pin_list>
<bind>
<opcode="zext(34) " fcode="zext"/>
<opset="zext_ln307_1/2 "/>
</bind>
</comp>

<comp id="235" class="1004" name="add_ln309_fu_235">
<pin_list>
<pin id="236" dir="0" index="0" bw="4" slack="0"/>
<pin id="237" dir="0" index="1" bw="11" slack="0"/>
<pin id="238" dir="1" index="2" bw="11" slack="10"/>
</pin_list>
<bind>
<opcode="add(8) " fcode="add"/>
<opset="add_ln309/2 "/>
</bind>
</comp>

<comp id="241" class="1004" name="tmp6_fu_241">
<pin_list>
<pin id="242" dir="0" index="0" bw="17" slack="0"/>
<pin id="243" dir="0" index="1" bw="7" slack="1"/>
<pin id="244" dir="0" index="2" bw="7" slack="0"/>
<pin id="245" dir="0" index="3" bw="1" slack="0"/>
<pin id="246" dir="1" index="4" bw="17" slack="0"/>
</pin_list>
<bind>
<opcode="bitconcatenate(1004) " fcode="bitconcatenate"/>
<opset="tmp6/2 "/>
</bind>
</comp>

<comp id="250" class="1004" name="zext_ln309_1_fu_250">
<pin_list>
<pin id="251" dir="0" index="0" bw="17" slack="0"/>
<pin id="252" dir="1" index="1" bw="60" slack="0"/>
</pin_list>
<bind>
<opcode="zext(34) " fcode="zext"/>
<opset="zext_ln309_1/2 "/>
</bind>
</comp>

<comp id="254" class="1004" name="add_ln309_1_fu_254">
<pin_list>
<pin id="255" dir="0" index="0" bw="4" slack="0"/>
<pin id="256" dir="0" index="1" bw="59" slack="1"/>
<pin id="257" dir="1" index="2" bw="60" slack="0"/>
</pin_list>
<bind>
<opcode="add(8) " fcode="add"/>
<opset="add_ln309_1/2 "/>
</bind>
</comp>

<comp id="259" class="1004" name="add_ln309_2_fu_259">
<pin_list>
<pin id="260" dir="0" index="0" bw="60" slack="0"/>
<pin id="261" dir="0" index="1" bw="17" slack="0"/>
<pin id="262" dir="1" index="2" bw="60" slack="1"/>
</pin_list>
<bind>
<opcode="add(8) " fcode="add"/>
<opset="add_ln309_2/2 "/>
</bind>
</comp>

<comp id="265" class="1004" name="add_ln307_fu_265">
<pin_list>
<pin id="266" dir="0" index="0" bw="4" slack="0"/>
<pin id="267" dir="0" index="1" bw="1" slack="0"/>
<pin id="268" dir="1" index="2" bw="4" slack="0"/>
</pin_list>
<bind>
<opcode="add(8) " fcode="add"/>
<opset="add_ln307/2 "/>
</bind>
</comp>

<comp id="271" class="1004" name="store_ln306_store_fu_271">
<pin_list>
<pin id="272" dir="0" index="0" bw="8" slack="0"/>
<pin id="273" dir="0" index="1" bw="8" slack="1"/>
<pin id="274" dir="1" index="2" bw="0" slack="2147483647"/>
</pin_list>
<bind>
<opcode="store(28) " fcode="store"/>
<opset="store_ln306/2 "/>
</bind>
</comp>

<comp id="276" class="1004" name="store_ln307_store_fu_276">
<pin_list>
<pin id="277" dir="0" index="0" bw="4" slack="0"/>
<pin id="278" dir="0" index="1" bw="4" slack="1"/>
<pin id="279" dir="1" index="2" bw="0" slack="2147483647"/>
</pin_list>
<bind>
<opcode="store(28) " fcode="store"/>
<opset="store_ln307/2 "/>
</bind>
</comp>

<comp id="281" class="1004" name="sext_ln309_fu_281">
<pin_list>
<pin id="282" dir="0" index="0" bw="60" slack="1"/>
<pin id="283" dir="1" index="1" bw="64" slack="0"/>
</pin_list>
<bind>
<opcode="sext(35) " fcode="sext"/>
<opset="sext_ln309/3 "/>
</bind>
</comp>

<comp id="284" class="1004" name="gmem_in_addr_fu_284">
<pin_list>
<pin id="285" dir="0" index="0" bw="256" slack="0"/>
<pin id="286" dir="0" index="1" bw="60" slack="0"/>
<pin id="287" dir="1" index="2" bw="256" slack="0"/>
</pin_list>
<bind>
<opcode="getelementptr(29) " fcode="getelementptr"/>
<opset="gmem_in_addr/3 "/>
</bind>
</comp>

<comp id="291" class="1004" name="zext_ln309_fu_291">
<pin_list>
<pin id="292" dir="0" index="0" bw="11" slack="10"/>
<pin id="293" dir="1" index="1" bw="64" slack="0"/>
</pin_list>
<bind>
<opcode="zext(34) " fcode="zext"/>
<opset="zext_ln309/12 "/>
</bind>
</comp>

<comp id="295" class="1005" name="ciw_reg_295">
<pin_list>
<pin id="296" dir="0" index="0" bw="4" slack="0"/>
<pin id="297" dir="1" index="1" bw="4" slack="0"/>
</pin_list>
<bind>
<opset="ciw "/>
</bind>
</comp>

<comp id="302" class="1005" name="wi_reg_302">
<pin_list>
<pin id="303" dir="0" index="0" bw="8" slack="0"/>
<pin id="304" dir="1" index="1" bw="8" slack="0"/>
</pin_list>
<bind>
<opset="wi "/>
</bind>
</comp>

<comp id="309" class="1005" name="indvar_flatten48_reg_309">
<pin_list>
<pin id="310" dir="0" index="0" bw="11" slack="0"/>
<pin id="311" dir="1" index="1" bw="11" slack="0"/>
</pin_list>
<bind>
<opset="indvar_flatten48 "/>
</bind>
</comp>

<comp id="316" class="1005" name="indvar171_read_reg_316">
<pin_list>
<pin id="317" dir="0" index="0" bw="7" slack="1"/>
<pin id="318" dir="1" index="1" bw="7" slack="1"/>
</pin_list>
<bind>
<opset="indvar171_read "/>
</bind>
</comp>

<comp id="321" class="1005" name="tmp_reg_321">
<pin_list>
<pin id="322" dir="0" index="0" bw="1" slack="1"/>
<pin id="323" dir="1" index="1" bw="1" slack="1"/>
</pin_list>
<bind>
<opset="tmp "/>
</bind>
</comp>

<comp id="326" class="1005" name="sext_ln304_4_cast_reg_326">
<pin_list>
<pin id="327" dir="0" index="0" bw="60" slack="1"/>
<pin id="328" dir="1" index="1" bw="60" slack="1"/>
</pin_list>
<bind>
<opset="sext_ln304_4_cast "/>
</bind>
</comp>

<comp id="331" class="1005" name="icmp_ln306_reg_331">
<pin_list>
<pin id="332" dir="0" index="0" bw="1" slack="10"/>
<pin id="333" dir="1" index="1" bw="1" slack="2147483647"/>
</pin_list>
<bind>
<opset="icmp_ln306 "/>
</bind>
</comp>

<comp id="335" class="1005" name="add_ln309_reg_335">
<pin_list>
<pin id="336" dir="0" index="0" bw="11" slack="10"/>
<pin id="337" dir="1" index="1" bw="11" slack="10"/>
</pin_list>
<bind>
<opset="add_ln309 "/>
</bind>
</comp>

<comp id="340" class="1005" name="add_ln309_2_reg_340">
<pin_list>
<pin id="341" dir="0" index="0" bw="60" slack="1"/>
<pin id="342" dir="1" index="1" bw="60" slack="1"/>
</pin_list>
<bind>
<opset="add_ln309_2 "/>
</bind>
</comp>

<comp id="345" class="1005" name="gmem_in_addr_reg_345">
<pin_list>
<pin id="346" dir="0" index="0" bw="256" slack="1"/>
<pin id="347" dir="1" index="1" bw="256" slack="1"/>
</pin_list>
<bind>
<opset="gmem_in_addr "/>
</bind>
</comp>

<comp id="351" class="1005" name="gmem_in_addr_read_reg_351">
<pin_list>
<pin id="352" dir="0" index="0" bw="256" slack="1"/>
<pin id="353" dir="1" index="1" bw="256" slack="1"/>
</pin_list>
<bind>
<opset="gmem_in_addr_read "/>
</bind>
</comp>

</comp_list>

<net_list>
<net id="89"><net_src comp="10" pin="0"/><net_sink comp="86" pin=0"/></net>

<net id="93"><net_src comp="10" pin="0"/><net_sink comp="90" pin=0"/></net>

<net id="97"><net_src comp="10" pin="0"/><net_sink comp="94" pin=0"/></net>

<net id="102"><net_src comp="12" pin="0"/><net_sink comp="98" pin=0"/></net>

<net id="103"><net_src comp="6" pin="0"/><net_sink comp="98" pin=1"/></net>

<net id="108"><net_src comp="14" pin="0"/><net_sink comp="104" pin=0"/></net>

<net id="109"><net_src comp="4" pin="0"/><net_sink comp="104" pin=1"/></net>

<net id="114"><net_src comp="16" pin="0"/><net_sink comp="110" pin=0"/></net>

<net id="115"><net_src comp="2" pin="0"/><net_sink comp="110" pin=1"/></net>

<net id="121"><net_src comp="68" pin="0"/><net_sink comp="116" pin=0"/></net>

<net id="122"><net_src comp="70" pin="0"/><net_sink comp="116" pin=2"/></net>

<net id="127"><net_src comp="72" pin="0"/><net_sink comp="123" pin=0"/></net>

<net id="133"><net_src comp="8" pin="0"/><net_sink comp="128" pin=0"/></net>

<net id="134"><net_src comp="84" pin="0"/><net_sink comp="128" pin=1"/></net>

<net id="140"><net_src comp="128" pin="3"/><net_sink comp="135" pin=0"/></net>

<net id="144"><net_src comp="98" pin="2"/><net_sink comp="141" pin=0"/></net>

<net id="149"><net_src comp="44" pin="0"/><net_sink comp="145" pin=0"/></net>

<net id="154"><net_src comp="46" pin="0"/><net_sink comp="150" pin=0"/></net>

<net id="159"><net_src comp="48" pin="0"/><net_sink comp="155" pin=0"/></net>

<net id="167"><net_src comp="160" pin="1"/><net_sink comp="163" pin=0"/></net>

<net id="168"><net_src comp="52" pin="0"/><net_sink comp="163" pin=1"/></net>

<net id="173"><net_src comp="160" pin="1"/><net_sink comp="169" pin=0"/></net>

<net id="174"><net_src comp="54" pin="0"/><net_sink comp="169" pin=1"/></net>

<net id="179"><net_src comp="169" pin="2"/><net_sink comp="175" pin=0"/></net>

<net id="190"><net_src comp="183" pin="1"/><net_sink comp="186" pin=0"/></net>

<net id="191"><net_src comp="56" pin="0"/><net_sink comp="186" pin=1"/></net>

<net id="196"><net_src comp="180" pin="1"/><net_sink comp="192" pin=0"/></net>

<net id="197"><net_src comp="58" pin="0"/><net_sink comp="192" pin=1"/></net>

<net id="203"><net_src comp="192" pin="2"/><net_sink comp="198" pin=0"/></net>

<net id="204"><net_src comp="48" pin="0"/><net_sink comp="198" pin=1"/></net>

<net id="205"><net_src comp="180" pin="1"/><net_sink comp="198" pin=2"/></net>

<net id="211"><net_src comp="192" pin="2"/><net_sink comp="206" pin=0"/></net>

<net id="212"><net_src comp="186" pin="2"/><net_sink comp="206" pin=1"/></net>

<net id="213"><net_src comp="183" pin="1"/><net_sink comp="206" pin=2"/></net>

<net id="217"><net_src comp="206" pin="3"/><net_sink comp="214" pin=0"/></net>

<net id="224"><net_src comp="60" pin="0"/><net_sink comp="218" pin=0"/></net>

<net id="225"><net_src comp="214" pin="1"/><net_sink comp="218" pin=2"/></net>

<net id="226"><net_src comp="62" pin="0"/><net_sink comp="218" pin=3"/></net>

<net id="230"><net_src comp="198" pin="3"/><net_sink comp="227" pin=0"/></net>

<net id="234"><net_src comp="198" pin="3"/><net_sink comp="231" pin=0"/></net>

<net id="239"><net_src comp="231" pin="1"/><net_sink comp="235" pin=0"/></net>

<net id="240"><net_src comp="218" pin="4"/><net_sink comp="235" pin=1"/></net>

<net id="247"><net_src comp="64" pin="0"/><net_sink comp="241" pin=0"/></net>

<net id="248"><net_src comp="214" pin="1"/><net_sink comp="241" pin=2"/></net>

<net id="249"><net_src comp="62" pin="0"/><net_sink comp="241" pin=3"/></net>

<net id="253"><net_src comp="241" pin="4"/><net_sink comp="250" pin=0"/></net>

<net id="258"><net_src comp="227" pin="1"/><net_sink comp="254" pin=0"/></net>

<net id="263"><net_src comp="254" pin="2"/><net_sink comp="259" pin=0"/></net>

<net id="264"><net_src comp="250" pin="1"/><net_sink comp="259" pin=1"/></net>

<net id="269"><net_src comp="198" pin="3"/><net_sink comp="265" pin=0"/></net>

<net id="270"><net_src comp="66" pin="0"/><net_sink comp="265" pin=1"/></net>

<net id="275"><net_src comp="206" pin="3"/><net_sink comp="271" pin=0"/></net>

<net id="280"><net_src comp="265" pin="2"/><net_sink comp="276" pin=0"/></net>

<net id="288"><net_src comp="0" pin="0"/><net_sink comp="284" pin=0"/></net>

<net id="289"><net_src comp="281" pin="1"/><net_sink comp="284" pin=1"/></net>

<net id="290"><net_src comp="284" pin="2"/><net_sink comp="116" pin=1"/></net>

<net id="294"><net_src comp="291" pin="1"/><net_sink comp="128" pin=2"/></net>

<net id="298"><net_src comp="86" pin="1"/><net_sink comp="295" pin=0"/></net>

<net id="299"><net_src comp="295" pin="1"/><net_sink comp="155" pin=1"/></net>

<net id="300"><net_src comp="295" pin="1"/><net_sink comp="180" pin=0"/></net>

<net id="301"><net_src comp="295" pin="1"/><net_sink comp="276" pin=1"/></net>

<net id="305"><net_src comp="90" pin="1"/><net_sink comp="302" pin=0"/></net>

<net id="306"><net_src comp="302" pin="1"/><net_sink comp="150" pin=1"/></net>

<net id="307"><net_src comp="302" pin="1"/><net_sink comp="183" pin=0"/></net>

<net id="308"><net_src comp="302" pin="1"/><net_sink comp="271" pin=1"/></net>

<net id="312"><net_src comp="94" pin="1"/><net_sink comp="309" pin=0"/></net>

<net id="313"><net_src comp="309" pin="1"/><net_sink comp="145" pin=1"/></net>

<net id="314"><net_src comp="309" pin="1"/><net_sink comp="160" pin=0"/></net>

<net id="315"><net_src comp="309" pin="1"/><net_sink comp="175" pin=1"/></net>

<net id="319"><net_src comp="104" pin="2"/><net_sink comp="316" pin=0"/></net>

<net id="320"><net_src comp="316" pin="1"/><net_sink comp="241" pin=1"/></net>

<net id="324"><net_src comp="110" pin="2"/><net_sink comp="321" pin=0"/></net>

<net id="325"><net_src comp="321" pin="1"/><net_sink comp="218" pin=1"/></net>

<net id="329"><net_src comp="141" pin="1"/><net_sink comp="326" pin=0"/></net>

<net id="330"><net_src comp="326" pin="1"/><net_sink comp="254" pin=1"/></net>

<net id="334"><net_src comp="163" pin="2"/><net_sink comp="331" pin=0"/></net>

<net id="338"><net_src comp="235" pin="2"/><net_sink comp="335" pin=0"/></net>

<net id="339"><net_src comp="335" pin="1"/><net_sink comp="291" pin=0"/></net>

<net id="343"><net_src comp="259" pin="2"/><net_sink comp="340" pin=0"/></net>

<net id="344"><net_src comp="340" pin="1"/><net_sink comp="281" pin=0"/></net>

<net id="348"><net_src comp="284" pin="2"/><net_sink comp="345" pin=0"/></net>

<net id="349"><net_src comp="345" pin="1"/><net_sink comp="116" pin=1"/></net>

<net id="350"><net_src comp="345" pin="1"/><net_sink comp="123" pin=1"/></net>

<net id="354"><net_src comp="123" pin="2"/><net_sink comp="351" pin=0"/></net>

<net id="355"><net_src comp="351" pin="1"/><net_sink comp="135" pin=1"/></net>

</net_list>

</model> 
---------------- Datapath Model END ------------------

* FSMD analyzer results:
  - Output states:
	Port: x_buf | {12 }
 - Input state : 
	Port: upconv_core_top_Pipeline_LOAD_ROW_VITIS_LOOP_307_26 : gmem_in | {3 4 5 6 7 8 9 10 11 }
	Port: upconv_core_top_Pipeline_LOAD_ROW_VITIS_LOOP_307_26 : empty | {1 }
	Port: upconv_core_top_Pipeline_LOAD_ROW_VITIS_LOOP_307_26 : indvar171 | {1 }
	Port: upconv_core_top_Pipeline_LOAD_ROW_VITIS_LOOP_307_26 : sext_ln304_4 | {1 }
  - Chain level:
	State 1
		store_ln0 : 1
		store_ln306 : 1
		store_ln307 : 1
		indvar_flatten48_load : 1
		icmp_ln306 : 2
		add_ln306 : 2
		br_ln306 : 3
		store_ln306 : 3
	State 2
		wi_2 : 1
		icmp_ln307 : 1
		select_ln306 : 2
		select_ln306_1 : 2
		empty_55 : 3
		mul36_i : 4
		zext_ln307 : 3
		zext_ln307_1 : 3
		add_ln309 : 5
		tmp6 : 4
		zext_ln309_1 : 5
		add_ln309_1 : 4
		add_ln309_2 : 6
		add_ln307 : 3
		store_ln306 : 3
		store_ln307 : 4
	State 3
		gmem_in_addr : 1
		gmem_in_load_4_req : 2
	State 4
	State 5
	State 6
	State 7
	State 8
	State 9
	State 10
	State 11
	State 12
		x_buf_addr : 1
		store_ln309 : 2


============================================================
+ Verbose Summary: Datapath Resource usage 
============================================================

* Functional unit list:
|----------|-------------------------------|---------|---------|
| Operation|        Functional Unit        |    FF   |   LUT   |
|----------|-------------------------------|---------|---------|
|          |        add_ln306_fu_169       |    0    |    18   |
|          |          wi_2_fu_186          |    0    |    15   |
|    add   |        add_ln309_fu_235       |    0    |    18   |
|          |       add_ln309_1_fu_254      |    0    |    59   |
|          |       add_ln309_2_fu_259      |    0    |    60   |
|          |        add_ln307_fu_265       |    0    |    12   |
|----------|-------------------------------|---------|---------|
|   icmp   |       icmp_ln306_fu_163       |    0    |    18   |
|          |       icmp_ln307_fu_192       |    0    |    12   |
|----------|-------------------------------|---------|---------|
|  select  |      select_ln306_fu_198      |    0    |    4    |
|          |     select_ln306_1_fu_206     |    0    |    8    |
|----------|-------------------------------|---------|---------|
|          |  sext_ln304_4_read_read_fu_98 |    0    |    0    |
|   read   |   indvar171_read_read_fu_104  |    0    |    0    |
|          |        tmp_read_fu_110        |    0    |    0    |
|          | gmem_in_addr_read_read_fu_123 |    0    |    0    |
|----------|-------------------------------|---------|---------|
|  readreq |       grp_readreq_fu_116      |    0    |    0    |
|----------|-------------------------------|---------|---------|
|   sext   |    sext_ln304_4_cast_fu_141   |    0    |    0    |
|          |       sext_ln309_fu_281       |    0    |    0    |
|----------|-------------------------------|---------|---------|
|   trunc  |        empty_55_fu_214        |    0    |    0    |
|----------|-------------------------------|---------|---------|
|bitconcatenate|         mul36_i_fu_218        |    0    |    0    |
|          |          tmp6_fu_241          |    0    |    0    |
|----------|-------------------------------|---------|---------|
|          |       zext_ln307_fu_227       |    0    |    0    |
|   zext   |      zext_ln307_1_fu_231      |    0    |    0    |
|          |      zext_ln309_1_fu_250      |    0    |    0    |
|          |       zext_ln309_fu_291       |    0    |    0    |
|----------|-------------------------------|---------|---------|
|   Total  |                               |    0    |   224   |
|----------|-------------------------------|---------|---------|

Memories:
N/A

* Register list:
+-------------------------+--------+
|                         |   FF   |
+-------------------------+--------+
|   add_ln309_2_reg_340   |   60   |
|    add_ln309_reg_335    |   11   |
|       ciw_reg_295       |    4   |
|gmem_in_addr_read_reg_351|   256  |
|   gmem_in_addr_reg_345  |   256  |
|    icmp_ln306_reg_331   |    1   |
|  indvar171_read_reg_316 |    7   |
| indvar_flatten48_reg_309|   11   |
|sext_ln304_4_cast_reg_326|   60   |
|       tmp_reg_321       |    1   |
|        wi_reg_302       |    8   |
+-------------------------+--------+
|          Total          |   675  |
+-------------------------+--------+

* Multiplexer (MUX) list: 
|--------------------|------|------|------|--------||---------||---------||---------|
|        Comp        |  Pin | Size |  BW  | S x BW ||  Delay  ||    FF   ||   LUT   |
|--------------------|------|------|------|--------||---------||---------||---------|
| grp_readreq_fu_116 |  p1  |   2  |  256 |   512  ||    0    ||    9    |
|--------------------|------|------|------|--------||---------||---------||---------|
|        Total       |      |      |      |   512  ||  0.427  ||    0    ||    9    |
|--------------------|------|------|------|--------||---------||---------||---------|



* Summary:
+-----------+--------+--------+--------+
|           |  Delay |   FF   |   LUT  |
+-----------+--------+--------+--------+
|  Function |    -   |    0   |   224  |
|   Memory  |    -   |    -   |    -   |
|Multiplexer|    0   |    0   |    9   |
|  Register |    -   |   675  |    -   |
+-----------+--------+--------+--------+
|   Total   |    0   |   675  |   233  |
+-----------+--------+--------+--------+
