

================================================================
== Vitis HLS Report for 'upconv_core_top_Pipeline_LOAD_ROW'
================================================================
* Date:           Wed Jun  3 12:32:20 2026

* Version:        2024.2 (Build 5238294 on Nov  8 2024)
* Project:        upconv_core_top
* Solution:       hls (Vivado IP Flow Target)
* Product family: zynquplus
* Target device:  xczu7ev-ffvc1156-2-e


================================================================
== Performance Estimates
================================================================
+ Timing: 
    * Summary: 
    +--------+---------+----------+------------+
    |  Clock |  Target | Estimated| Uncertainty|
    +--------+---------+----------+------------+
    |ap_clk  |  3.33 ns|  2.433 ns|     0.90 ns|
    +--------+---------+----------+------------+

+ Latency: 
    * Summary: 
    +---------+---------+----------+----------+-----+------+------------------------------------------------+
    |  Latency (cycles) |  Latency (absolute) |  Interval  |                    Pipeline                    |
    |   min   |   max   |    min   |    max   | min |  max |                      Type                      |
    +---------+---------+----------+----------+-----+------+------------------------------------------------+
    |       76|     2060|  0.253 us|  6.866 us|   65|  2049|  loop auto-rewind stp (delay=0 clock cycles(s))|
    +---------+---------+----------+----------+-----+------+------------------------------------------------+

    + Detail: 
        * Instance: 
        N/A

        * Loop: 
        +------------+---------+---------+----------+-----------+-----------+-----------+----------+
        |            |  Latency (cycles) | Iteration|  Initiation Interval  |    Trip   |          |
        |  Loop Name |   min   |   max   |  Latency |  achieved |   target  |   Count   | Pipelined|
        +------------+---------+---------+----------+-----------+-----------+-----------+----------+
        |- LOAD_ROW  |       74|     2058|        12|          1|          1|  64 ~ 2048|       yes|
        +------------+---------+---------+----------+-----------+-----------+-----------+----------+

============================================================
+ Verbose Summary: Synthesis Manager
============================================================
InlineROM: 1
ExposeGlobal: 0
============================================================
+ Verbose Summary: CDFG Model
============================================================
IsTopModel: 0
ResetActiveHigh: 1
IsCombinational: 0
IsDatapathOnly: 0
HasWiredReturn: 1
HasMFsm: 2
HasVarLatency: 1
IsPipeline: 0
IsRtlPipelined: 0
IsInstanceOverlapped: 0
IsDontTouch: 0
HasImplIP: 0
IsGatedGlobalClock: 0

+ Individual pipeline summary: 
  * Pipeline-0: initiation interval (II) = 1, depth = 12


============================================================
+ Verbose Summary: Schedule
============================================================
* Number of FSM states : 12
* Pipeline : 1
  Pipeline-0 : II = 1, D = 12, States = { 1 2 3 4 5 6 7 8 9 10 11 12 }
* Dataflow Pipeline: 0

* FSM state transitions: 
1 --> 2 
2 --> 3 
3 --> 4 
4 --> 5 
5 --> 6 
6 --> 7 
7 --> 8 
8 --> 9 
9 --> 10 
10 --> 11 
11 --> 12 
12 --> 

* FSM state operations: 

State 1 <SV = 0> <Delay = 1.67>
ST_1 : Operation 15 [1/1] (0.00ns)   --->   "%m_1 = alloca i32 1" [../gen/UpConv_Unified.tpp:400->../gen/upconv_core_top.cpp:59]   --->   Operation 15 'alloca' 'm_1' <Predicate = true> <Delay = 0.00>
ST_1 : Operation 16 [1/1] (0.00ns)   --->   "%sext_ln397_read = read i59 @_ssdm_op_Read.ap_auto.i59, i59 %sext_ln397"   --->   Operation 16 'read' 'sext_ln397_read' <Predicate = true> <Delay = 0.00>
ST_1 : Operation 17 [1/1] (0.00ns)   --->   "%base_buf_read = read i11 @_ssdm_op_Read.ap_auto.i11, i11 %base_buf"   --->   Operation 17 'read' 'base_buf_read' <Predicate = true> <Delay = 0.00>
ST_1 : Operation 18 [1/1] (0.00ns)   --->   "%shl_ln1_read = read i25 @_ssdm_op_Read.ap_auto.i25, i25 %shl_ln1"   --->   Operation 18 'read' 'shl_ln1_read' <Predicate = true> <Delay = 0.00>
ST_1 : Operation 19 [1/1] (0.00ns)   --->   "%tmp = read i13 @_ssdm_op_Read.ap_auto.i13, i13 %empty"   --->   Operation 19 'read' 'tmp' <Predicate = true> <Delay = 0.00>
ST_1 : Operation 20 [1/1] (0.00ns)   --->   "%sext_ln397_cast = sext i59 %sext_ln397_read"   --->   Operation 20 'sext' 'sext_ln397_cast' <Predicate = true> <Delay = 0.00>
ST_1 : Operation 21 [1/1] (0.00ns)   --->   "%specmemcore_ln0 = specmemcore void @_ssdm_op_SpecMemCore, i256 %x_buf, i64 666, i64 31, i64 18446744073709551615"   --->   Operation 21 'specmemcore' 'specmemcore_ln0' <Predicate = true> <Delay = 0.00>
ST_1 : Operation 22 [1/1] (0.00ns)   --->   "%specinterface_ln0 = specinterface void @_ssdm_op_SpecInterface, i256 %gmem_in, void @empty_30, i32 0, i32 0, void @empty_29, i32 0, i32 0, void @empty_7, void @empty_10, void @empty_29, i32 16, i32 16, i32 64, i32 16, void @empty_29, void @empty_29, i32 4294967295, i32 0, i32 0"   --->   Operation 22 'specinterface' 'specinterface_ln0' <Predicate = true> <Delay = 0.00>
ST_1 : Operation 23 [1/1] (0.42ns)   --->   "%store_ln400 = store i12 0, i12 %m_1" [../gen/UpConv_Unified.tpp:400->../gen/upconv_core_top.cpp:59]   --->   Operation 23 'store' 'store_ln400' <Predicate = true> <Delay = 0.42>
ST_1 : Operation 24 [1/1] (0.00ns)   --->   "%br_ln0 = br void %for.body15.i"   --->   Operation 24 'br' 'br_ln0' <Predicate = true> <Delay = 0.00>
ST_1 : Operation 25 [1/1] (0.00ns)   --->   "%m = load i12 %m_1" [../gen/UpConv_Unified.tpp:400->../gen/upconv_core_top.cpp:59]   --->   Operation 25 'load' 'm' <Predicate = true> <Delay = 0.00>
ST_1 : Operation 26 [1/1] (0.00ns)   --->   "%specbitsmap_ln0 = specbitsmap void @_ssdm_op_SpecBitsMap, i256 %gmem_in"   --->   Operation 26 'specbitsmap' 'specbitsmap_ln0' <Predicate = true> <Delay = 0.00>
ST_1 : Operation 27 [1/1] (0.00ns)   --->   "%zext_ln400 = zext i12 %m" [../gen/UpConv_Unified.tpp:400->../gen/upconv_core_top.cpp:59]   --->   Operation 27 'zext' 'zext_ln400' <Predicate = true> <Delay = 0.00>
ST_1 : Operation 28 [1/1] (0.82ns)   --->   "%icmp_ln400 = icmp_eq  i13 %zext_ln400, i13 %tmp" [../gen/UpConv_Unified.tpp:400->../gen/upconv_core_top.cpp:59]   --->   Operation 28 'icmp' 'icmp_ln400' <Predicate = true> <Delay = 0.82> <CoreInst = "Cmp">   --->   Core 9 'Cmp' <Latency = 0> <II = 1> <Delay = 0.82> <FuncUnit> <Opcode : 'seteq' 'setne' 'setle' 'setge' 'setlt' 'setgt'> <InPorts = 2> <OutPorts = 1>
ST_1 : Operation 29 [1/1] (0.00ns)   --->   "%speclooptripcount_ln0 = speclooptripcount void @_ssdm_op_SpecLoopTripCount, i64 64, i64 2048, i64 960"   --->   Operation 29 'speclooptripcount' 'speclooptripcount_ln0' <Predicate = true> <Delay = 0.00>
ST_1 : Operation 30 [1/1] (0.80ns)   --->   "%add_ln400 = add i12 %m, i12 1" [../gen/UpConv_Unified.tpp:400->../gen/upconv_core_top.cpp:59]   --->   Operation 30 'add' 'add_ln400' <Predicate = true> <Delay = 0.80> <CoreInst = "Adder">   --->   Core 1 'Adder' <Latency = 0> <II = 1> <Delay = 0.80> <FuncUnit> <Opcode : 'add' 'sub'> <InPorts = 2> <OutPorts = 1>
ST_1 : Operation 31 [1/1] (0.00ns)   --->   "%br_ln400 = br i1 %icmp_ln400, void %for.body15.i.split, void %for.cond.cleanup14.i.loopexit.exitStub" [../gen/UpConv_Unified.tpp:400->../gen/upconv_core_top.cpp:59]   --->   Operation 31 'br' 'br_ln400' <Predicate = true> <Delay = 0.00>
ST_1 : Operation 32 [1/1] (0.42ns)   --->   "%store_ln400 = store i12 %add_ln400, i12 %m_1" [../gen/UpConv_Unified.tpp:400->../gen/upconv_core_top.cpp:59]   --->   Operation 32 'store' 'store_ln400' <Predicate = (!icmp_ln400)> <Delay = 0.42>

State 2 <SV = 1> <Delay = 2.03>
ST_2 : Operation 33 [1/1] (0.00ns)   --->   "%trunc_ln400 = trunc i12 %m" [../gen/UpConv_Unified.tpp:400->../gen/upconv_core_top.cpp:59]   --->   Operation 33 'trunc' 'trunc_ln400' <Predicate = true> <Delay = 0.00>
ST_2 : Operation 34 [1/1] (0.00ns)   --->   "%shl_ln4 = bitconcatenate i17 @_ssdm_op_BitConcatenate.i17.i12.i5, i12 %m, i5 0" [../gen/UpConv_Unified.tpp:403->../gen/upconv_core_top.cpp:59]   --->   Operation 34 'bitconcatenate' 'shl_ln4' <Predicate = true> <Delay = 0.00>
ST_2 : Operation 35 [1/1] (0.00ns)   --->   "%zext_ln403 = zext i17 %shl_ln4" [../gen/UpConv_Unified.tpp:403->../gen/upconv_core_top.cpp:59]   --->   Operation 35 'zext' 'zext_ln403' <Predicate = true> <Delay = 0.00>
ST_2 : Operation 36 [1/1] (0.94ns)   --->   "%add_ln403 = add i25 %shl_ln1_read, i25 %zext_ln403" [../gen/UpConv_Unified.tpp:403->../gen/upconv_core_top.cpp:59]   --->   Operation 36 'add' 'add_ln403' <Predicate = true> <Delay = 0.94> <CoreInst = "Adder">   --->   Core 1 'Adder' <Latency = 0> <II = 1> <Delay = 0.94> <FuncUnit> <Opcode : 'add' 'sub'> <InPorts = 2> <OutPorts = 1>
ST_2 : Operation 37 [1/1] (0.00ns)   --->   "%lshr_ln = partselect i20 @_ssdm_op_PartSelect.i20.i25.i32.i32, i25 %add_ln403, i32 5, i32 24" [../gen/UpConv_Unified.tpp:403->../gen/upconv_core_top.cpp:59]   --->   Operation 37 'partselect' 'lshr_ln' <Predicate = true> <Delay = 0.00>
ST_2 : Operation 38 [1/1] (0.00ns)   --->   "%zext_ln403_1 = zext i20 %lshr_ln" [../gen/UpConv_Unified.tpp:403->../gen/upconv_core_top.cpp:59]   --->   Operation 38 'zext' 'zext_ln403_1' <Predicate = true> <Delay = 0.00>
ST_2 : Operation 39 [1/1] (0.79ns)   --->   "%add_ln403_1 = add i11 %trunc_ln400, i11 %base_buf_read" [../gen/UpConv_Unified.tpp:403->../gen/upconv_core_top.cpp:59]   --->   Operation 39 'add' 'add_ln403_1' <Predicate = true> <Delay = 0.79> <CoreInst = "Adder">   --->   Core 1 'Adder' <Latency = 0> <II = 1> <Delay = 0.79> <FuncUnit> <Opcode : 'add' 'sub'> <InPorts = 2> <OutPorts = 1>
ST_2 : Operation 40 [1/1] (1.09ns)   --->   "%add_ln403_2 = add i60 %zext_ln403_1, i60 %sext_ln397_cast" [../gen/UpConv_Unified.tpp:403->../gen/upconv_core_top.cpp:59]   --->   Operation 40 'add' 'add_ln403_2' <Predicate = true> <Delay = 1.09> <CoreInst = "Adder">   --->   Core 1 'Adder' <Latency = 0> <II = 1> <Delay = 1.09> <FuncUnit> <Opcode : 'add' 'sub'> <InPorts = 2> <OutPorts = 1>

State 3 <SV = 2> <Delay = 2.43>
ST_3 : Operation 41 [1/1] (0.00ns)   --->   "%sext_ln403 = sext i60 %add_ln403_2" [../gen/UpConv_Unified.tpp:403->../gen/upconv_core_top.cpp:59]   --->   Operation 41 'sext' 'sext_ln403' <Predicate = true> <Delay = 0.00>
ST_3 : Operation 42 [1/1] (0.00ns)   --->   "%gmem_in_addr = getelementptr i256 %gmem_in, i64 %sext_ln403" [../gen/UpConv_Unified.tpp:403->../gen/upconv_core_top.cpp:59]   --->   Operation 42 'getelementptr' 'gmem_in_addr' <Predicate = true> <Delay = 0.00>
ST_3 : Operation 43 [8/8] (2.43ns)   --->   "%gmem_in_load_req = readreq i1 @_ssdm_op_ReadReq.m_axi.i256P1A, i256 %gmem_in_addr, i64 1" [../gen/UpConv_Unified.tpp:403->../gen/upconv_core_top.cpp:59]   --->   Operation 43 'readreq' 'gmem_in_load_req' <Predicate = true> <Delay = 2.43> <CoreInst = "m_axi">   --->   Core 119 'm_axi' <Latency = 6> <II = 1> <Delay = 1.00> <Adapter> <Opcode : 'read' 'write' 'readreq' 'writereq' 'writeresp'>

State 4 <SV = 3> <Delay = 2.43>
ST_4 : Operation 44 [7/8] (2.43ns)   --->   "%gmem_in_load_req = readreq i1 @_ssdm_op_ReadReq.m_axi.i256P1A, i256 %gmem_in_addr, i64 1" [../gen/UpConv_Unified.tpp:403->../gen/upconv_core_top.cpp:59]   --->   Operation 44 'readreq' 'gmem_in_load_req' <Predicate = true> <Delay = 2.43> <CoreInst = "m_axi">   --->   Core 119 'm_axi' <Latency = 6> <II = 1> <Delay = 1.00> <Adapter> <Opcode : 'read' 'write' 'readreq' 'writereq' 'writeresp'>

State 5 <SV = 4> <Delay = 2.43>
ST_5 : Operation 45 [6/8] (2.43ns)   --->   "%gmem_in_load_req = readreq i1 @_ssdm_op_ReadReq.m_axi.i256P1A, i256 %gmem_in_addr, i64 1" [../gen/UpConv_Unified.tpp:403->../gen/upconv_core_top.cpp:59]   --->   Operation 45 'readreq' 'gmem_in_load_req' <Predicate = true> <Delay = 2.43> <CoreInst = "m_axi">   --->   Core 119 'm_axi' <Latency = 6> <II = 1> <Delay = 1.00> <Adapter> <Opcode : 'read' 'write' 'readreq' 'writereq' 'writeresp'>

State 6 <SV = 5> <Delay = 2.43>
ST_6 : Operation 46 [5/8] (2.43ns)   --->   "%gmem_in_load_req = readreq i1 @_ssdm_op_ReadReq.m_axi.i256P1A, i256 %gmem_in_addr, i64 1" [../gen/UpConv_Unified.tpp:403->../gen/upconv_core_top.cpp:59]   --->   Operation 46 'readreq' 'gmem_in_load_req' <Predicate = true> <Delay = 2.43> <CoreInst = "m_axi">   --->   Core 119 'm_axi' <Latency = 6> <II = 1> <Delay = 1.00> <Adapter> <Opcode : 'read' 'write' 'readreq' 'writereq' 'writeresp'>

State 7 <SV = 6> <Delay = 2.43>
ST_7 : Operation 47 [4/8] (2.43ns)   --->   "%gmem_in_load_req = readreq i1 @_ssdm_op_ReadReq.m_axi.i256P1A, i256 %gmem_in_addr, i64 1" [../gen/UpConv_Unified.tpp:403->../gen/upconv_core_top.cpp:59]   --->   Operation 47 'readreq' 'gmem_in_load_req' <Predicate = true> <Delay = 2.43> <CoreInst = "m_axi">   --->   Core 119 'm_axi' <Latency = 6> <II = 1> <Delay = 1.00> <Adapter> <Opcode : 'read' 'write' 'readreq' 'writereq' 'writeresp'>

State 8 <SV = 7> <Delay = 2.43>
ST_8 : Operation 48 [3/8] (2.43ns)   --->   "%gmem_in_load_req = readreq i1 @_ssdm_op_ReadReq.m_axi.i256P1A, i256 %gmem_in_addr, i64 1" [../gen/UpConv_Unified.tpp:403->../gen/upconv_core_top.cpp:59]   --->   Operation 48 'readreq' 'gmem_in_load_req' <Predicate = true> <Delay = 2.43> <CoreInst = "m_axi">   --->   Core 119 'm_axi' <Latency = 6> <II = 1> <Delay = 1.00> <Adapter> <Opcode : 'read' 'write' 'readreq' 'writereq' 'writeresp'>

State 9 <SV = 8> <Delay = 2.43>
ST_9 : Operation 49 [2/8] (2.43ns)   --->   "%gmem_in_load_req = readreq i1 @_ssdm_op_ReadReq.m_axi.i256P1A, i256 %gmem_in_addr, i64 1" [../gen/UpConv_Unified.tpp:403->../gen/upconv_core_top.cpp:59]   --->   Operation 49 'readreq' 'gmem_in_load_req' <Predicate = true> <Delay = 2.43> <CoreInst = "m_axi">   --->   Core 119 'm_axi' <Latency = 6> <II = 1> <Delay = 1.00> <Adapter> <Opcode : 'read' 'write' 'readreq' 'writereq' 'writeresp'>

State 10 <SV = 9> <Delay = 2.43>
ST_10 : Operation 50 [1/8] (2.43ns)   --->   "%gmem_in_load_req = readreq i1 @_ssdm_op_ReadReq.m_axi.i256P1A, i256 %gmem_in_addr, i64 1" [../gen/UpConv_Unified.tpp:403->../gen/upconv_core_top.cpp:59]   --->   Operation 50 'readreq' 'gmem_in_load_req' <Predicate = true> <Delay = 2.43> <CoreInst = "m_axi">   --->   Core 119 'm_axi' <Latency = 6> <II = 1> <Delay = 1.00> <Adapter> <Opcode : 'read' 'write' 'readreq' 'writereq' 'writeresp'>

State 11 <SV = 10> <Delay = 2.43>
ST_11 : Operation 51 [1/1] (2.43ns)   --->   "%gmem_in_addr_read = read i256 @_ssdm_op_Read.m_axi.i256P1A, i256 %gmem_in_addr" [../gen/UpConv_Unified.tpp:403->../gen/upconv_core_top.cpp:59]   --->   Operation 51 'read' 'gmem_in_addr_read' <Predicate = true> <Delay = 2.43> <CoreInst = "m_axi">   --->   Core 119 'm_axi' <Latency = 3> <II = 1> <Delay = 1.00> <Adapter> <Opcode : 'read' 'write' 'readreq' 'writereq' 'writeresp'>
ST_11 : Operation 58 [1/1] (0.42ns)   --->   "%ret_ln0 = ret"   --->   Operation 58 'ret' 'ret_ln0' <Predicate = (icmp_ln400)> <Delay = 0.42>

State 12 <SV = 11> <Delay = 1.23>
ST_12 : Operation 52 [1/1] (0.00ns)   --->   "%specpipeline_ln401 = specpipeline void @_ssdm_op_SpecPipeline, i32 1, i32 0, i32 0, i32 0, void @empty_29" [../gen/UpConv_Unified.tpp:401->../gen/upconv_core_top.cpp:59]   --->   Operation 52 'specpipeline' 'specpipeline_ln401' <Predicate = true> <Delay = 0.00>
ST_12 : Operation 53 [1/1] (0.00ns)   --->   "%specloopname_ln400 = specloopname void @_ssdm_op_SpecLoopName, void @empty_22" [../gen/UpConv_Unified.tpp:400->../gen/upconv_core_top.cpp:59]   --->   Operation 53 'specloopname' 'specloopname_ln400' <Predicate = true> <Delay = 0.00>
ST_12 : Operation 54 [1/1] (0.00ns)   --->   "%zext_ln403_2 = zext i11 %add_ln403_1" [../gen/UpConv_Unified.tpp:403->../gen/upconv_core_top.cpp:59]   --->   Operation 54 'zext' 'zext_ln403_2' <Predicate = true> <Delay = 0.00>
ST_12 : Operation 55 [1/1] (0.00ns)   --->   "%x_buf_addr = getelementptr i256 %x_buf, i64 0, i64 %zext_ln403_2" [../gen/UpConv_Unified.tpp:403->../gen/upconv_core_top.cpp:59]   --->   Operation 55 'getelementptr' 'x_buf_addr' <Predicate = true> <Delay = 0.00>
ST_12 : Operation 56 [1/1] ( I:1.23ns O:1.23ns )   --->   "%store_ln403 = store i256 %gmem_in_addr_read, i11 %x_buf_addr" [../gen/UpConv_Unified.tpp:403->../gen/upconv_core_top.cpp:59]   --->   Operation 56 'store' 'store_ln403' <Predicate = true> <Delay = 1.23> <CoreInst = "RAM_T2P_URAM">   --->   Core 99 'RAM_T2P_URAM' <Latency = 1> <II = 1> <Delay = 1.23> <Storage> <Opcode : 'load' 'store'> <Ports = 2> <Width = 256> <Depth = 2048> <RAM>
ST_12 : Operation 57 [1/1] (0.00ns)   --->   "%br_ln400 = br void %for.body15.i" [../gen/UpConv_Unified.tpp:400->../gen/upconv_core_top.cpp:59]   --->   Operation 57 'br' 'br_ln400' <Predicate = true> <Delay = 0.00>


============================================================
+ Verbose Summary: Timing violations
============================================================
Target clock period: 3.333ns, clock uncertainty: 0.900ns.

 <State 1>: 1.674ns
The critical path consists of the following:
	'store' operation 0 bit ('store_ln400', ../gen/UpConv_Unified.tpp:400->../gen/upconv_core_top.cpp:59) of constant 0 on local variable 'm', ../gen/UpConv_Unified.tpp:400->../gen/upconv_core_top.cpp:59 [15]  (0.427 ns)
	'load' operation 12 bit ('m', ../gen/UpConv_Unified.tpp:400->../gen/upconv_core_top.cpp:59) on local variable 'm', ../gen/UpConv_Unified.tpp:400->../gen/upconv_core_top.cpp:59 [18]  (0.000 ns)
	'icmp' operation 1 bit ('icmp_ln400', ../gen/UpConv_Unified.tpp:400->../gen/upconv_core_top.cpp:59) [21]  (0.820 ns)
	'store' operation 0 bit ('store_ln400', ../gen/UpConv_Unified.tpp:400->../gen/upconv_core_top.cpp:59) of variable 'add_ln400', ../gen/UpConv_Unified.tpp:400->../gen/upconv_core_top.cpp:59 on local variable 'm', ../gen/UpConv_Unified.tpp:400->../gen/upconv_core_top.cpp:59 [43]  (0.427 ns)

 <State 2>: 2.037ns
The critical path consists of the following:
	'add' operation 25 bit ('add_ln403', ../gen/UpConv_Unified.tpp:403->../gen/upconv_core_top.cpp:59) [31]  (0.945 ns)
	'add' operation 60 bit ('add_ln403_2', ../gen/UpConv_Unified.tpp:403->../gen/upconv_core_top.cpp:59) [37]  (1.092 ns)

 <State 3>: 2.433ns
The critical path consists of the following:
	'getelementptr' operation 256 bit ('gmem_in_addr', ../gen/UpConv_Unified.tpp:403->../gen/upconv_core_top.cpp:59) [39]  (0.000 ns)
	bus request operation ('gmem_in_load_req', ../gen/UpConv_Unified.tpp:403->../gen/upconv_core_top.cpp:59) on port 'gmem_in' (../gen/UpConv_Unified.tpp:403->../gen/upconv_core_top.cpp:59) [40]  (2.433 ns)

 <State 4>: 2.433ns
The critical path consists of the following:
	bus request operation ('gmem_in_load_req', ../gen/UpConv_Unified.tpp:403->../gen/upconv_core_top.cpp:59) on port 'gmem_in' (../gen/UpConv_Unified.tpp:403->../gen/upconv_core_top.cpp:59) [40]  (2.433 ns)

 <State 5>: 2.433ns
The critical path consists of the following:
	bus request operation ('gmem_in_load_req', ../gen/UpConv_Unified.tpp:403->../gen/upconv_core_top.cpp:59) on port 'gmem_in' (../gen/UpConv_Unified.tpp:403->../gen/upconv_core_top.cpp:59) [40]  (2.433 ns)

 <State 6>: 2.433ns
The critical path consists of the following:
	bus request operation ('gmem_in_load_req', ../gen/UpConv_Unified.tpp:403->../gen/upconv_core_top.cpp:59) on port 'gmem_in' (../gen/UpConv_Unified.tpp:403->../gen/upconv_core_top.cpp:59) [40]  (2.433 ns)

 <State 7>: 2.433ns
The critical path consists of the following:
	bus request operation ('gmem_in_load_req', ../gen/UpConv_Unified.tpp:403->../gen/upconv_core_top.cpp:59) on port 'gmem_in' (../gen/UpConv_Unified.tpp:403->../gen/upconv_core_top.cpp:59) [40]  (2.433 ns)

 <State 8>: 2.433ns
The critical path consists of the following:
	bus request operation ('gmem_in_load_req', ../gen/UpConv_Unified.tpp:403->../gen/upconv_core_top.cpp:59) on port 'gmem_in' (../gen/UpConv_Unified.tpp:403->../gen/upconv_core_top.cpp:59) [40]  (2.433 ns)

 <State 9>: 2.433ns
The critical path consists of the following:
	bus request operation ('gmem_in_load_req', ../gen/UpConv_Unified.tpp:403->../gen/upconv_core_top.cpp:59) on port 'gmem_in' (../gen/UpConv_Unified.tpp:403->../gen/upconv_core_top.cpp:59) [40]  (2.433 ns)

 <State 10>: 2.433ns
The critical path consists of the following:
	bus request operation ('gmem_in_load_req', ../gen/UpConv_Unified.tpp:403->../gen/upconv_core_top.cpp:59) on port 'gmem_in' (../gen/UpConv_Unified.tpp:403->../gen/upconv_core_top.cpp:59) [40]  (2.433 ns)

 <State 11>: 2.433ns
The critical path consists of the following:
	bus read operation ('gmem_in_addr_read', ../gen/UpConv_Unified.tpp:403->../gen/upconv_core_top.cpp:59) on port 'gmem_in' (../gen/UpConv_Unified.tpp:403->../gen/upconv_core_top.cpp:59) [41]  (2.433 ns)

 <State 12>: 1.237ns
The critical path consists of the following:
	'getelementptr' operation 11 bit ('x_buf_addr', ../gen/UpConv_Unified.tpp:403->../gen/upconv_core_top.cpp:59) [36]  (0.000 ns)
	'store' operation 0 bit ('store_ln403', ../gen/UpConv_Unified.tpp:403->../gen/upconv_core_top.cpp:59) of variable 'gmem_in_addr_read', ../gen/UpConv_Unified.tpp:403->../gen/upconv_core_top.cpp:59 on array 'x_buf' [42]  (1.237 ns)


============================================================
+ Verbose Summary: Binding
============================================================
N/A
* FSMD analyzer results:
  - Output states:
 - Input state : 
  - Chain level:
	State 1
	State 2
	State 3
	State 4
	State 5
	State 6
	State 7
	State 8
	State 9
	State 10
	State 11
	State 12


============================================================
+ Verbose Summary: Datapath Resource usage 
============================================================
N/A
