

================================================================
== Vitis HLS Report for 'UpConv_Fused_Row_8_16_16_960_480_s'
================================================================
* Date:           Mon Jun  1 23:46:45 2026

* Version:        2024.2 (Build 5238294 on Nov  8 2024)
* Project:        upconv_core_top
* Solution:       hls (Vivado IP Flow Target)
* Product family: zynquplus
* Target device:  xczu7ev-ffvc1156-2-e


================================================================
== Performance Estimates
================================================================
+ Timing: 
    * Summary: 
    +--------+---------+----------+------------+
    |  Clock |  Target | Estimated| Uncertainty|
    +--------+---------+----------+------------+
    |ap_clk  |  3.33 ns|  3.357 ns|     0.90 ns|
    +--------+---------+----------+------------+

+ Latency: 
    * Summary: 
    +---------+---------+----------+----------+--------+--------+---------+
    |  Latency (cycles) |  Latency (absolute) |     Interval    | Pipeline|
    |   min   |   max   |    min   |    max   |   min  |   max  |   Type  |
    +---------+---------+----------+----------+--------+--------+---------+
    |   278010|   817290|  0.933 ms|  2.744 ms|  278010|  817290|       no|
    +---------+---------+----------+----------+--------+--------+---------+

    + Detail: 
        * Instance: 
        +--------------------------------------------------------------------+---------------------------------------------------------+---------+---------+-----------+-----------+--------+--------+------------------------------------------------+
        |                                                                    |                                                         |  Latency (cycles) |   Latency (absolute)  |     Interval    |                    Pipeline                    |
        |                              Instance                              |                          Module                         |   min   |   max   |    min    |    max    |   min  |   max  |                      Type                      |
        +--------------------------------------------------------------------+---------------------------------------------------------+---------+---------+-----------+-----------+--------+--------+------------------------------------------------+
        |grp_UpConv_Fused_Row_8_16_16_960_480_Pipeline_RESET_ROW_ACC_fu_176  |UpConv_Fused_Row_8_16_16_960_480_Pipeline_RESET_ROW_ACC  |      962|      962|   3.206 us|   3.206 us|     961|     961|  loop auto-rewind stp (delay=0 clock cycles(s))|
        |grp_UpConv_Fused_Row_8_16_16_960_480_Pipeline_LOAD_PARAMS_fu_212    |UpConv_Fused_Row_8_16_16_960_480_Pipeline_LOAD_PARAMS    |      101|      101|   0.337 us|   0.337 us|      93|      93|  loop auto-rewind stp (delay=0 clock cycles(s))|
        |grp_UpConv_Fused_Row_8_16_16_960_480_Outline_TILE_LOOP_fu_227       |UpConv_Fused_Row_8_16_16_960_480_Outline_TILE_LOOP       |   260461|   799741|   0.874 ms|   2.685 ms|  260461|  799741|                                              no|
        |grp_UpConv_Fused_Row_8_16_16_960_480_Pipeline_PIXEL_STATS_fu_270    |UpConv_Fused_Row_8_16_16_960_480_Pipeline_PIXEL_STATS    |    15590|    15590|  51.961 us|  51.961 us|   15361|   15361|  loop auto-rewind stp (delay=0 clock cycles(s))|
        |grp_UpConv_Fused_Row_8_16_16_960_480_Pipeline_PIXEL_NORM_fu_312     |UpConv_Fused_Row_8_16_16_960_480_Pipeline_PIXEL_NORM     |      990|      990|   3.300 us|   3.300 us|     961|     961|  loop auto-rewind stp (delay=0 clock cycles(s))|
        +--------------------------------------------------------------------+---------------------------------------------------------+---------+---------+-----------+-----------+--------+--------+------------------------------------------------+

        * Loop: 
        N/A

============================================================
+ Verbose Summary: Synthesis Manager
============================================================
InlineROM: 1
ExposeGlobal: 0
============================================================
+ Verbose Summary: CDFG Model
============================================================
IsTopModel: 0
ResetActiveHigh: 1
IsCombinational: 0
IsDatapathOnly: 0
HasWiredReturn: 1
HasMFsm: 0
HasVarLatency: 1
IsPipeline: 0
IsRtlPipelined: 0
IsInstanceOverlapped: 0
IsDontTouch: 0
HasImplIP: 0
IsGatedGlobalClock: 0


============================================================
+ Verbose Summary: Schedule
============================================================
* Number of FSM states : 8
* Pipeline : 0
* Dataflow Pipeline: 0

* FSM state transitions: 
1 --> 2 
2 --> 3 
3 --> 4 
4 --> 5 
5 --> 6 
6 --> 7 
7 --> 8 
8 --> 

* FSM state operations: 

State 1 <SV = 0> <Delay = 2.32>
ST_1 : Operation 9 [1/1] (0.00ns)   --->   "%BE_ptr_read = read i64 @_ssdm_op_Read.ap_auto.i64, i64 %BE_ptr"   --->   Operation 9 'read' 'BE_ptr_read' <Predicate = true> <Delay = 0.00>
ST_1 : Operation 10 [1/1] (0.00ns)   --->   "%G_ptr_read = read i64 @_ssdm_op_Read.ap_auto.i64, i64 %G_ptr"   --->   Operation 10 'read' 'G_ptr_read' <Predicate = true> <Delay = 0.00>
ST_1 : Operation 11 [1/1] (0.00ns)   --->   "%B_ptr_read = read i64 @_ssdm_op_Read.ap_auto.i64, i64 %B_ptr"   --->   Operation 11 'read' 'B_ptr_read' <Predicate = true> <Delay = 0.00>
ST_1 : Operation 12 [1/1] (1.23ns)   --->   "%b_buf = alloca i64 1" [../gen/Hls_Layers_UpConv.tpp:214]   --->   Operation 12 'alloca' 'b_buf' <Predicate = true> <Delay = 1.23> <CoreInst = "RAM_T2P_BRAM">   --->   Core 98 'RAM_T2P_BRAM' <Latency = 1> <II = 1> <Delay = 1.23> <Storage> <Opcode : 'load' 'store'> <Ports = 2> <Width = 256> <Depth = 30> <RAM>
ST_1 : Operation 13 [1/1] (1.23ns)   --->   "%g_buf = alloca i64 1" [../gen/Hls_Layers_UpConv.tpp:215]   --->   Operation 13 'alloca' 'g_buf' <Predicate = true> <Delay = 1.23> <CoreInst = "RAM_T2P_BRAM">   --->   Core 98 'RAM_T2P_BRAM' <Latency = 1> <II = 1> <Delay = 1.23> <Storage> <Opcode : 'load' 'store'> <Ports = 2> <Width = 256> <Depth = 30> <RAM>
ST_1 : Operation 14 [1/1] (1.23ns)   --->   "%be_buf = alloca i64 1" [../gen/Hls_Layers_UpConv.tpp:216]   --->   Operation 14 'alloca' 'be_buf' <Predicate = true> <Delay = 1.23> <CoreInst = "RAM_T2P_BRAM">   --->   Core 98 'RAM_T2P_BRAM' <Latency = 1> <II = 1> <Delay = 1.23> <Storage> <Opcode : 'load' 'store'> <Ports = 2> <Width = 256> <Depth = 30> <RAM>
ST_1 : Operation 15 [2/2] (0.00ns)   --->   "%call_ln0 = call void @UpConv_Fused_Row<8, 16, 16, 960, 480>_Pipeline_RESET_ROW_ACC, i16 %void_UpConv_Fused_Row_ap_uint_ap_uint_const_ap_uint_const_ap_uint_const_ap_u_29, i16 %void_UpConv_Fused_Row_ap_uint_ap_uint_const_ap_uint_const_ap_uint_const_ap_u_28, i16 %void_UpConv_Fused_Row_ap_uint_ap_uint_const_ap_uint_const_ap_uint_const_ap_u_27, i16 %void_UpConv_Fused_Row_ap_uint_ap_uint_const_ap_uint_const_ap_uint_const_ap_u_26, i16 %void_UpConv_Fused_Row_ap_uint_ap_uint_const_ap_uint_const_ap_uint_const_ap_u_25, i16 %void_UpConv_Fused_Row_ap_uint_ap_uint_const_ap_uint_const_ap_uint_const_ap_u_24, i16 %void_UpConv_Fused_Row_ap_uint_ap_uint_const_ap_uint_const_ap_uint_const_ap_u_23, i16 %void_UpConv_Fused_Row_ap_uint_ap_uint_const_ap_uint_const_ap_uint_const_ap_u_22, i16 %void_UpConv_Fused_Row_ap_uint_ap_uint_const_ap_uint_const_ap_uint_const_ap_u_21, i16 %void_UpConv_Fused_Row_ap_uint_ap_uint_const_ap_uint_const_ap_uint_const_ap_u_20, i16 %p_ZZ16UpConv_Fused_RowILi8ELi16ELi16ELi960ELi480EEvP7ap_uintILi256EEPKS1_S4_S4_S4_5, i16 %p_ZZ16UpConv_Fused_RowILi8ELi16ELi16ELi960ELi480EEvP7ap_uintILi256EEPKS1_S4_S4_S4_4, i16 %p_ZZ16UpConv_Fused_RowILi8ELi16ELi16ELi960ELi480EEvP7ap_uintILi256EEPKS1_S4_S4_S4_3, i16 %p_ZZ16UpConv_Fused_RowILi8ELi16ELi16ELi960ELi480EEvP7ap_uintILi256EEPKS1_S4_S4_S4_2, i16 %p_ZZ16UpConv_Fused_RowILi8ELi16ELi16ELi960ELi480EEvP7ap_uintILi256EEPKS1_S4_S4_S4_1, i16 %p_ZZ16UpConv_Fused_RowILi8ELi16ELi16ELi960ELi480EEvP7ap_uintILi256EEPKS1_S4_S4_S4"   --->   Operation 15 'call' 'call_ln0' <Predicate = true> <Delay = 0.00> <CoreType = "Generic">   --->   Generic Core
ST_1 : Operation 16 [1/1] (0.00ns)   --->   "%trunc_ln = partselect i59 @_ssdm_op_PartSelect.i59.i64.i32.i32, i64 %B_ptr_read, i32 5, i32 63" [../gen/Hls_Layers_UpConv.tpp:221]   --->   Operation 16 'partselect' 'trunc_ln' <Predicate = true> <Delay = 0.00>
ST_1 : Operation 17 [1/1] (0.00ns)   --->   "%trunc_ln221_5 = partselect i59 @_ssdm_op_PartSelect.i59.i64.i32.i32, i64 %G_ptr_read, i32 5, i32 63" [../gen/Hls_Layers_UpConv.tpp:221]   --->   Operation 17 'partselect' 'trunc_ln221_5' <Predicate = true> <Delay = 0.00>
ST_1 : Operation 18 [1/1] (0.00ns)   --->   "%trunc_ln221_6 = partselect i59 @_ssdm_op_PartSelect.i59.i64.i32.i32, i64 %BE_ptr_read, i32 5, i32 63" [../gen/Hls_Layers_UpConv.tpp:221]   --->   Operation 18 'partselect' 'trunc_ln221_6' <Predicate = true> <Delay = 0.00>
ST_1 : Operation 19 [2/2] (1.09ns)   --->   "%call_ln221 = call void @UpConv_Fused_Row<8, 16, 16, 960, 480>_Pipeline_LOAD_PARAMS, i256 %b_buf, i59 %trunc_ln, i256 %gmem_param, i256 %g_buf, i59 %trunc_ln221_5, i256 %be_buf, i59 %trunc_ln221_6" [../gen/Hls_Layers_UpConv.tpp:221]   --->   Operation 19 'call' 'call_ln221' <Predicate = true> <Delay = 1.09> <CoreType = "Generic">   --->   Generic Core

State 2 <SV = 1> <Delay = 1.64>
ST_2 : Operation 20 [1/2] (1.64ns)   --->   "%call_ln0 = call void @UpConv_Fused_Row<8, 16, 16, 960, 480>_Pipeline_RESET_ROW_ACC, i16 %void_UpConv_Fused_Row_ap_uint_ap_uint_const_ap_uint_const_ap_uint_const_ap_u_29, i16 %void_UpConv_Fused_Row_ap_uint_ap_uint_const_ap_uint_const_ap_uint_const_ap_u_28, i16 %void_UpConv_Fused_Row_ap_uint_ap_uint_const_ap_uint_const_ap_uint_const_ap_u_27, i16 %void_UpConv_Fused_Row_ap_uint_ap_uint_const_ap_uint_const_ap_uint_const_ap_u_26, i16 %void_UpConv_Fused_Row_ap_uint_ap_uint_const_ap_uint_const_ap_uint_const_ap_u_25, i16 %void_UpConv_Fused_Row_ap_uint_ap_uint_const_ap_uint_const_ap_uint_const_ap_u_24, i16 %void_UpConv_Fused_Row_ap_uint_ap_uint_const_ap_uint_const_ap_uint_const_ap_u_23, i16 %void_UpConv_Fused_Row_ap_uint_ap_uint_const_ap_uint_const_ap_uint_const_ap_u_22, i16 %void_UpConv_Fused_Row_ap_uint_ap_uint_const_ap_uint_const_ap_uint_const_ap_u_21, i16 %void_UpConv_Fused_Row_ap_uint_ap_uint_const_ap_uint_const_ap_uint_const_ap_u_20, i16 %p_ZZ16UpConv_Fused_RowILi8ELi16ELi16ELi960ELi480EEvP7ap_uintILi256EEPKS1_S4_S4_S4_5, i16 %p_ZZ16UpConv_Fused_RowILi8ELi16ELi16ELi960ELi480EEvP7ap_uintILi256EEPKS1_S4_S4_S4_4, i16 %p_ZZ16UpConv_Fused_RowILi8ELi16ELi16ELi960ELi480EEvP7ap_uintILi256EEPKS1_S4_S4_S4_3, i16 %p_ZZ16UpConv_Fused_RowILi8ELi16ELi16ELi960ELi480EEvP7ap_uintILi256EEPKS1_S4_S4_S4_2, i16 %p_ZZ16UpConv_Fused_RowILi8ELi16ELi16ELi960ELi480EEvP7ap_uintILi256EEPKS1_S4_S4_S4_1, i16 %p_ZZ16UpConv_Fused_RowILi8ELi16ELi16ELi960ELi480EEvP7ap_uintILi256EEPKS1_S4_S4_S4"   --->   Operation 20 'call' 'call_ln0' <Predicate = true> <Delay = 1.64> <CoreType = "Generic">   --->   Generic Core
ST_2 : Operation 21 [1/2] (0.00ns)   --->   "%call_ln221 = call void @UpConv_Fused_Row<8, 16, 16, 960, 480>_Pipeline_LOAD_PARAMS, i256 %b_buf, i59 %trunc_ln, i256 %gmem_param, i256 %g_buf, i59 %trunc_ln221_5, i256 %be_buf, i59 %trunc_ln221_6" [../gen/Hls_Layers_UpConv.tpp:221]   --->   Operation 21 'call' 'call_ln221' <Predicate = true> <Delay = 0.00> <CoreType = "Generic">   --->   Generic Core

State 3 <SV = 2> <Delay = 1.53>
ST_3 : Operation 22 [1/1] (0.00ns)   --->   "%ho_read = read i5 @_ssdm_op_Read.ap_auto.i5, i5 %ho"   --->   Operation 22 'read' 'ho_read' <Predicate = true> <Delay = 0.00>
ST_3 : Operation 23 [1/1] (0.00ns)   --->   "%epsilon_read = read i16 @_ssdm_op_Read.ap_auto.half, i16 %epsilon"   --->   Operation 23 'read' 'epsilon_read' <Predicate = true> <Delay = 0.00>
ST_3 : Operation 24 [1/1] (0.00ns)   --->   "%W_ptr_read = read i64 @_ssdm_op_Read.ap_auto.i64, i64 %W_ptr"   --->   Operation 24 'read' 'W_ptr_read' <Predicate = true> <Delay = 0.00>
ST_3 : Operation 25 [1/1] (0.00ns)   --->   "%ho_cast = zext i5 %ho_read"   --->   Operation 25 'zext' 'ho_cast' <Predicate = true> <Delay = 0.00>
ST_3 : Operation 26 [1/1] (0.78ns)   --->   "%add57 = add i6 %ho_cast, i6 1"   --->   Operation 26 'add' 'add57' <Predicate = true> <Delay = 0.78> <CoreInst = "Adder">   --->   Core 1 'Adder' <Latency = 0> <II = 1> <Delay = 0.78> <FuncUnit> <Opcode : 'add' 'sub'> <InPorts = 2> <OutPorts = 1>
ST_3 : Operation 27 [2/2] (0.00ns)   --->   "%call_ln0 = call void @UpConv_Fused_Row<8, 16, 16, 960, 480>_Outline_TILE_LOOP, i64 %W_ptr_read, i256 %gmem_weight, i6 %add57, i256 %x_buf, i16 %void_UpConv_Fused_Row_ap_uint_ap_uint_const_ap_uint_const_ap_uint_const_ap_u_29, i16 %void_UpConv_Fused_Row_ap_uint_ap_uint_const_ap_uint_const_ap_uint_const_ap_u_28, i16 %void_UpConv_Fused_Row_ap_uint_ap_uint_const_ap_uint_const_ap_uint_const_ap_u_27, i16 %void_UpConv_Fused_Row_ap_uint_ap_uint_const_ap_uint_const_ap_uint_const_ap_u_26, i16 %void_UpConv_Fused_Row_ap_uint_ap_uint_const_ap_uint_const_ap_uint_const_ap_u_25, i16 %void_UpConv_Fused_Row_ap_uint_ap_uint_const_ap_uint_const_ap_uint_const_ap_u_24, i16 %void_UpConv_Fused_Row_ap_uint_ap_uint_const_ap_uint_const_ap_uint_const_ap_u_23, i16 %void_UpConv_Fused_Row_ap_uint_ap_uint_const_ap_uint_const_ap_uint_const_ap_u_22, i16 %void_UpConv_Fused_Row_ap_uint_ap_uint_const_ap_uint_const_ap_uint_const_ap_u_21, i16 %void_UpConv_Fused_Row_ap_uint_ap_uint_const_ap_uint_const_ap_uint_const_ap_u_20, i16 %p_ZZ16UpConv_Fused_RowILi8ELi16ELi16ELi960ELi480EEvP7ap_uintILi256EEPKS1_S4_S4_S4_5, i16 %p_ZZ16UpConv_Fused_RowILi8ELi16ELi16ELi960ELi480EEvP7ap_uintILi256EEPKS1_S4_S4_S4_4, i16 %p_ZZ16UpConv_Fused_RowILi8ELi16ELi16ELi960ELi480EEvP7ap_uintILi256EEPKS1_S4_S4_S4_3, i16 %p_ZZ16UpConv_Fused_RowILi8ELi16ELi16ELi960ELi480EEvP7ap_uintILi256EEPKS1_S4_S4_S4_2, i16 %p_ZZ16UpConv_Fused_RowILi8ELi16ELi16ELi960ELi480EEvP7ap_uintILi256EEPKS1_S4_S4_S4_1, i16 %p_ZZ16UpConv_Fused_RowILi8ELi16ELi16ELi960ELi480EEvP7ap_uintILi256EEPKS1_S4_S4_S4"   --->   Operation 27 'call' 'call_ln0' <Predicate = true> <Delay = 0.00> <CoreType = "Generic">   --->   Generic Core
ST_3 : Operation 28 [2/2] (1.53ns)   --->   "%conv5 = hptosp i16 %epsilon_read"   --->   Operation 28 'hptosp' 'conv5' <Predicate = true> <Delay = 1.53> <CoreInst = "Half2Float">   --->   Core 68 'Half2Float' <Latency = 1> <II = 1> <Delay = 1.53> <FuncUnit> <Opcode : 'hptosp'> <InPorts = 1> <OutPorts = 1>

State 4 <SV = 3> <Delay = 1.53>
ST_4 : Operation 29 [1/2] (0.78ns)   --->   "%call_ln0 = call void @UpConv_Fused_Row<8, 16, 16, 960, 480>_Outline_TILE_LOOP, i64 %W_ptr_read, i256 %gmem_weight, i6 %add57, i256 %x_buf, i16 %void_UpConv_Fused_Row_ap_uint_ap_uint_const_ap_uint_const_ap_uint_const_ap_u_29, i16 %void_UpConv_Fused_Row_ap_uint_ap_uint_const_ap_uint_const_ap_uint_const_ap_u_28, i16 %void_UpConv_Fused_Row_ap_uint_ap_uint_const_ap_uint_const_ap_uint_const_ap_u_27, i16 %void_UpConv_Fused_Row_ap_uint_ap_uint_const_ap_uint_const_ap_uint_const_ap_u_26, i16 %void_UpConv_Fused_Row_ap_uint_ap_uint_const_ap_uint_const_ap_uint_const_ap_u_25, i16 %void_UpConv_Fused_Row_ap_uint_ap_uint_const_ap_uint_const_ap_uint_const_ap_u_24, i16 %void_UpConv_Fused_Row_ap_uint_ap_uint_const_ap_uint_const_ap_uint_const_ap_u_23, i16 %void_UpConv_Fused_Row_ap_uint_ap_uint_const_ap_uint_const_ap_uint_const_ap_u_22, i16 %void_UpConv_Fused_Row_ap_uint_ap_uint_const_ap_uint_const_ap_uint_const_ap_u_21, i16 %void_UpConv_Fused_Row_ap_uint_ap_uint_const_ap_uint_const_ap_uint_const_ap_u_20, i16 %p_ZZ16UpConv_Fused_RowILi8ELi16ELi16ELi960ELi480EEvP7ap_uintILi256EEPKS1_S4_S4_S4_5, i16 %p_ZZ16UpConv_Fused_RowILi8ELi16ELi16ELi960ELi480EEvP7ap_uintILi256EEPKS1_S4_S4_S4_4, i16 %p_ZZ16UpConv_Fused_RowILi8ELi16ELi16ELi960ELi480EEvP7ap_uintILi256EEPKS1_S4_S4_S4_3, i16 %p_ZZ16UpConv_Fused_RowILi8ELi16ELi16ELi960ELi480EEvP7ap_uintILi256EEPKS1_S4_S4_S4_2, i16 %p_ZZ16UpConv_Fused_RowILi8ELi16ELi16ELi960ELi480EEvP7ap_uintILi256EEPKS1_S4_S4_S4_1, i16 %p_ZZ16UpConv_Fused_RowILi8ELi16ELi16ELi960ELi480EEvP7ap_uintILi256EEPKS1_S4_S4_S4"   --->   Operation 29 'call' 'call_ln0' <Predicate = true> <Delay = 0.78> <CoreType = "Generic">   --->   Generic Core
ST_4 : Operation 30 [1/2] (1.53ns)   --->   "%conv5 = hptosp i16 %epsilon_read"   --->   Operation 30 'hptosp' 'conv5' <Predicate = true> <Delay = 1.53> <CoreInst = "Half2Float">   --->   Core 68 'Half2Float' <Latency = 1> <II = 1> <Delay = 1.53> <FuncUnit> <Opcode : 'hptosp'> <InPorts = 1> <OutPorts = 1>

State 5 <SV = 4> <Delay = 0.00>
ST_5 : Operation 31 [2/2] (0.00ns)   --->   "%call_ln0 = call void @UpConv_Fused_Row<8, 16, 16, 960, 480>_Pipeline_PIXEL_STATS, i32 %conv5, i256 %b_buf, i32 %mean_buf_2, i16 %inv_buf_2, i16 %void_UpConv_Fused_Row_ap_uint_ap_uint_const_ap_uint_const_ap_uint_const_ap_u_29, i16 %void_UpConv_Fused_Row_ap_uint_ap_uint_const_ap_uint_const_ap_uint_const_ap_u_28, i16 %void_UpConv_Fused_Row_ap_uint_ap_uint_const_ap_uint_const_ap_uint_const_ap_u_27, i16 %void_UpConv_Fused_Row_ap_uint_ap_uint_const_ap_uint_const_ap_uint_const_ap_u_26, i16 %void_UpConv_Fused_Row_ap_uint_ap_uint_const_ap_uint_const_ap_uint_const_ap_u_25, i16 %void_UpConv_Fused_Row_ap_uint_ap_uint_const_ap_uint_const_ap_uint_const_ap_u_24, i16 %void_UpConv_Fused_Row_ap_uint_ap_uint_const_ap_uint_const_ap_uint_const_ap_u_23, i16 %void_UpConv_Fused_Row_ap_uint_ap_uint_const_ap_uint_const_ap_uint_const_ap_u_22, i16 %void_UpConv_Fused_Row_ap_uint_ap_uint_const_ap_uint_const_ap_uint_const_ap_u_21, i16 %void_UpConv_Fused_Row_ap_uint_ap_uint_const_ap_uint_const_ap_uint_const_ap_u_20, i16 %p_ZZ16UpConv_Fused_RowILi8ELi16ELi16ELi960ELi480EEvP7ap_uintILi256EEPKS1_S4_S4_S4_5, i16 %p_ZZ16UpConv_Fused_RowILi8ELi16ELi16ELi960ELi480EEvP7ap_uintILi256EEPKS1_S4_S4_S4_4, i16 %p_ZZ16UpConv_Fused_RowILi8ELi16ELi16ELi960ELi480EEvP7ap_uintILi256EEPKS1_S4_S4_S4_3, i16 %p_ZZ16UpConv_Fused_RowILi8ELi16ELi16ELi960ELi480EEvP7ap_uintILi256EEPKS1_S4_S4_S4_2, i16 %p_ZZ16UpConv_Fused_RowILi8ELi16ELi16ELi960ELi480EEvP7ap_uintILi256EEPKS1_S4_S4_S4_1, i16 %p_ZZ16UpConv_Fused_RowILi8ELi16ELi16ELi960ELi480EEvP7ap_uintILi256EEPKS1_S4_S4_S4"   --->   Operation 31 'call' 'call_ln0' <Predicate = true> <Delay = 0.00> <CoreType = "Generic">   --->   Generic Core

State 6 <SV = 5> <Delay = 0.00>
ST_6 : Operation 32 [1/2] (0.00ns)   --->   "%call_ln0 = call void @UpConv_Fused_Row<8, 16, 16, 960, 480>_Pipeline_PIXEL_STATS, i32 %conv5, i256 %b_buf, i32 %mean_buf_2, i16 %inv_buf_2, i16 %void_UpConv_Fused_Row_ap_uint_ap_uint_const_ap_uint_const_ap_uint_const_ap_u_29, i16 %void_UpConv_Fused_Row_ap_uint_ap_uint_const_ap_uint_const_ap_uint_const_ap_u_28, i16 %void_UpConv_Fused_Row_ap_uint_ap_uint_const_ap_uint_const_ap_uint_const_ap_u_27, i16 %void_UpConv_Fused_Row_ap_uint_ap_uint_const_ap_uint_const_ap_uint_const_ap_u_26, i16 %void_UpConv_Fused_Row_ap_uint_ap_uint_const_ap_uint_const_ap_uint_const_ap_u_25, i16 %void_UpConv_Fused_Row_ap_uint_ap_uint_const_ap_uint_const_ap_uint_const_ap_u_24, i16 %void_UpConv_Fused_Row_ap_uint_ap_uint_const_ap_uint_const_ap_uint_const_ap_u_23, i16 %void_UpConv_Fused_Row_ap_uint_ap_uint_const_ap_uint_const_ap_uint_const_ap_u_22, i16 %void_UpConv_Fused_Row_ap_uint_ap_uint_const_ap_uint_const_ap_uint_const_ap_u_21, i16 %void_UpConv_Fused_Row_ap_uint_ap_uint_const_ap_uint_const_ap_uint_const_ap_u_20, i16 %p_ZZ16UpConv_Fused_RowILi8ELi16ELi16ELi960ELi480EEvP7ap_uintILi256EEPKS1_S4_S4_S4_5, i16 %p_ZZ16UpConv_Fused_RowILi8ELi16ELi16ELi960ELi480EEvP7ap_uintILi256EEPKS1_S4_S4_S4_4, i16 %p_ZZ16UpConv_Fused_RowILi8ELi16ELi16ELi960ELi480EEvP7ap_uintILi256EEPKS1_S4_S4_S4_3, i16 %p_ZZ16UpConv_Fused_RowILi8ELi16ELi16ELi960ELi480EEvP7ap_uintILi256EEPKS1_S4_S4_S4_2, i16 %p_ZZ16UpConv_Fused_RowILi8ELi16ELi16ELi960ELi480EEvP7ap_uintILi256EEPKS1_S4_S4_S4_1, i16 %p_ZZ16UpConv_Fused_RowILi8ELi16ELi16ELi960ELi480EEvP7ap_uintILi256EEPKS1_S4_S4_S4"   --->   Operation 32 'call' 'call_ln0' <Predicate = true> <Delay = 0.00> <CoreType = "Generic">   --->   Generic Core

State 7 <SV = 6> <Delay = 0.00>
ST_7 : Operation 33 [1/1] (0.00ns)   --->   "%Y_read = read i64 @_ssdm_op_Read.ap_auto.i64, i64 %Y"   --->   Operation 33 'read' 'Y_read' <Predicate = true> <Delay = 0.00>
ST_7 : Operation 34 [1/1] (0.00ns)   --->   "%mul = bitconcatenate i10 @_ssdm_op_BitConcatenate.i10.i5.i5, i5 %ho_read, i5 0"   --->   Operation 34 'bitconcatenate' 'mul' <Predicate = true> <Delay = 0.00>
ST_7 : Operation 35 [2/2] (0.00ns)   --->   "%call_ln0 = call void @UpConv_Fused_Row<8, 16, 16, 960, 480>_Pipeline_PIXEL_NORM, i256 %g_buf, i256 %be_buf, i10 %mul, i64 %Y_read, i256 %gmem_out, i32 %mean_buf_2, i16 %inv_buf_2, i16 %void_UpConv_Fused_Row_ap_uint_ap_uint_const_ap_uint_const_ap_uint_const_ap_u_29, i16 %void_UpConv_Fused_Row_ap_uint_ap_uint_const_ap_uint_const_ap_uint_const_ap_u_28, i16 %void_UpConv_Fused_Row_ap_uint_ap_uint_const_ap_uint_const_ap_uint_const_ap_u_27, i16 %void_UpConv_Fused_Row_ap_uint_ap_uint_const_ap_uint_const_ap_uint_const_ap_u_26, i16 %void_UpConv_Fused_Row_ap_uint_ap_uint_const_ap_uint_const_ap_uint_const_ap_u_25, i16 %void_UpConv_Fused_Row_ap_uint_ap_uint_const_ap_uint_const_ap_uint_const_ap_u_24, i16 %void_UpConv_Fused_Row_ap_uint_ap_uint_const_ap_uint_const_ap_uint_const_ap_u_23, i16 %void_UpConv_Fused_Row_ap_uint_ap_uint_const_ap_uint_const_ap_uint_const_ap_u_22, i16 %void_UpConv_Fused_Row_ap_uint_ap_uint_const_ap_uint_const_ap_uint_const_ap_u_21, i16 %void_UpConv_Fused_Row_ap_uint_ap_uint_const_ap_uint_const_ap_uint_const_ap_u_20, i16 %p_ZZ16UpConv_Fused_RowILi8ELi16ELi16ELi960ELi480EEvP7ap_uintILi256EEPKS1_S4_S4_S4_5, i16 %p_ZZ16UpConv_Fused_RowILi8ELi16ELi16ELi960ELi480EEvP7ap_uintILi256EEPKS1_S4_S4_S4_4, i16 %p_ZZ16UpConv_Fused_RowILi8ELi16ELi16ELi960ELi480EEvP7ap_uintILi256EEPKS1_S4_S4_S4_3, i16 %p_ZZ16UpConv_Fused_RowILi8ELi16ELi16ELi960ELi480EEvP7ap_uintILi256EEPKS1_S4_S4_S4_2, i16 %p_ZZ16UpConv_Fused_RowILi8ELi16ELi16ELi960ELi480EEvP7ap_uintILi256EEPKS1_S4_S4_S4_1, i16 %p_ZZ16UpConv_Fused_RowILi8ELi16ELi16ELi960ELi480EEvP7ap_uintILi256EEPKS1_S4_S4_S4"   --->   Operation 35 'call' 'call_ln0' <Predicate = true> <Delay = 0.00> <CoreType = "Generic">   --->   Generic Core

State 8 <SV = 7> <Delay = 0.00>
ST_8 : Operation 36 [1/1] (0.00ns)   --->   "%specmemcore_ln0 = specmemcore void @_ssdm_op_SpecMemCore, i256 %x_buf, i64 666, i64 31, i64 18446744073709551615"   --->   Operation 36 'specmemcore' 'specmemcore_ln0' <Predicate = true> <Delay = 0.00>
ST_8 : Operation 37 [1/1] (0.00ns)   --->   "%specinterface_ln0 = specinterface void @_ssdm_op_SpecInterface, i256 %gmem_out, void @empty_3, i32 0, i32 0, void @empty_15, i32 0, i32 0, void @empty_22, void @empty_14, void @empty_15, i32 16, i32 16, i32 16, i32 64, void @empty_15, void @empty_15, i32 4294967295, i32 0, i32 0"   --->   Operation 37 'specinterface' 'specinterface_ln0' <Predicate = true> <Delay = 0.00>
ST_8 : Operation 38 [1/1] (0.00ns)   --->   "%specinterface_ln0 = specinterface void @_ssdm_op_SpecInterface, i256 %gmem_param, void @empty_3, i32 0, i32 0, void @empty_15, i32 0, i32 0, void @empty_23, void @empty_14, void @empty_15, i32 16, i32 16, i32 64, i32 16, void @empty_15, void @empty_15, i32 4294967295, i32 0, i32 0"   --->   Operation 38 'specinterface' 'specinterface_ln0' <Predicate = true> <Delay = 0.00>
ST_8 : Operation 39 [1/1] (0.00ns)   --->   "%specinterface_ln0 = specinterface void @_ssdm_op_SpecInterface, i256 %gmem_weight, void @empty_3, i32 0, i32 0, void @empty_15, i32 0, i32 0, void @empty_26, void @empty_14, void @empty_15, i32 16, i32 16, i32 64, i32 16, void @empty_15, void @empty_15, i32 4294967295, i32 0, i32 0"   --->   Operation 39 'specinterface' 'specinterface_ln0' <Predicate = true> <Delay = 0.00>
ST_8 : Operation 40 [1/1] (0.00ns)   --->   "%specmemcore_ln107 = specmemcore void @_ssdm_op_SpecMemCore, i16 %p_ZZ16UpConv_Fused_RowILi8ELi16ELi16ELi960ELi480EEvP7ap_uintILi256EEPKS1_S4_S4_S4, i64 666, i64 31, i64 18446744073709551615" [../gen/Hls_Layers_UpConv.tpp:107]   --->   Operation 40 'specmemcore' 'specmemcore_ln107' <Predicate = true> <Delay = 0.00>
ST_8 : Operation 41 [1/1] (0.00ns)   --->   "%specmemcore_ln107 = specmemcore void @_ssdm_op_SpecMemCore, i16 %p_ZZ16UpConv_Fused_RowILi8ELi16ELi16ELi960ELi480EEvP7ap_uintILi256EEPKS1_S4_S4_S4_1, i64 666, i64 31, i64 18446744073709551615" [../gen/Hls_Layers_UpConv.tpp:107]   --->   Operation 41 'specmemcore' 'specmemcore_ln107' <Predicate = true> <Delay = 0.00>
ST_8 : Operation 42 [1/1] (0.00ns)   --->   "%specmemcore_ln107 = specmemcore void @_ssdm_op_SpecMemCore, i16 %p_ZZ16UpConv_Fused_RowILi8ELi16ELi16ELi960ELi480EEvP7ap_uintILi256EEPKS1_S4_S4_S4_2, i64 666, i64 31, i64 18446744073709551615" [../gen/Hls_Layers_UpConv.tpp:107]   --->   Operation 42 'specmemcore' 'specmemcore_ln107' <Predicate = true> <Delay = 0.00>
ST_8 : Operation 43 [1/1] (0.00ns)   --->   "%specmemcore_ln107 = specmemcore void @_ssdm_op_SpecMemCore, i16 %p_ZZ16UpConv_Fused_RowILi8ELi16ELi16ELi960ELi480EEvP7ap_uintILi256EEPKS1_S4_S4_S4_3, i64 666, i64 31, i64 18446744073709551615" [../gen/Hls_Layers_UpConv.tpp:107]   --->   Operation 43 'specmemcore' 'specmemcore_ln107' <Predicate = true> <Delay = 0.00>
ST_8 : Operation 44 [1/1] (0.00ns)   --->   "%specmemcore_ln107 = specmemcore void @_ssdm_op_SpecMemCore, i16 %p_ZZ16UpConv_Fused_RowILi8ELi16ELi16ELi960ELi480EEvP7ap_uintILi256EEPKS1_S4_S4_S4_4, i64 666, i64 31, i64 18446744073709551615" [../gen/Hls_Layers_UpConv.tpp:107]   --->   Operation 44 'specmemcore' 'specmemcore_ln107' <Predicate = true> <Delay = 0.00>
ST_8 : Operation 45 [1/1] (0.00ns)   --->   "%specmemcore_ln107 = specmemcore void @_ssdm_op_SpecMemCore, i16 %p_ZZ16UpConv_Fused_RowILi8ELi16ELi16ELi960ELi480EEvP7ap_uintILi256EEPKS1_S4_S4_S4_5, i64 666, i64 31, i64 18446744073709551615" [../gen/Hls_Layers_UpConv.tpp:107]   --->   Operation 45 'specmemcore' 'specmemcore_ln107' <Predicate = true> <Delay = 0.00>
ST_8 : Operation 46 [1/1] (0.00ns)   --->   "%specmemcore_ln107 = specmemcore void @_ssdm_op_SpecMemCore, i16 %void_UpConv_Fused_Row_ap_uint_ap_uint_const_ap_uint_const_ap_uint_const_ap_u_20, i64 666, i64 31, i64 18446744073709551615" [../gen/Hls_Layers_UpConv.tpp:107]   --->   Operation 46 'specmemcore' 'specmemcore_ln107' <Predicate = true> <Delay = 0.00>
ST_8 : Operation 47 [1/1] (0.00ns)   --->   "%specmemcore_ln107 = specmemcore void @_ssdm_op_SpecMemCore, i16 %void_UpConv_Fused_Row_ap_uint_ap_uint_const_ap_uint_const_ap_uint_const_ap_u_21, i64 666, i64 31, i64 18446744073709551615" [../gen/Hls_Layers_UpConv.tpp:107]   --->   Operation 47 'specmemcore' 'specmemcore_ln107' <Predicate = true> <Delay = 0.00>
ST_8 : Operation 48 [1/1] (0.00ns)   --->   "%specmemcore_ln107 = specmemcore void @_ssdm_op_SpecMemCore, i16 %void_UpConv_Fused_Row_ap_uint_ap_uint_const_ap_uint_const_ap_uint_const_ap_u_22, i64 666, i64 31, i64 18446744073709551615" [../gen/Hls_Layers_UpConv.tpp:107]   --->   Operation 48 'specmemcore' 'specmemcore_ln107' <Predicate = true> <Delay = 0.00>
ST_8 : Operation 49 [1/1] (0.00ns)   --->   "%specmemcore_ln107 = specmemcore void @_ssdm_op_SpecMemCore, i16 %void_UpConv_Fused_Row_ap_uint_ap_uint_const_ap_uint_const_ap_uint_const_ap_u_23, i64 666, i64 31, i64 18446744073709551615" [../gen/Hls_Layers_UpConv.tpp:107]   --->   Operation 49 'specmemcore' 'specmemcore_ln107' <Predicate = true> <Delay = 0.00>
ST_8 : Operation 50 [1/1] (0.00ns)   --->   "%specmemcore_ln107 = specmemcore void @_ssdm_op_SpecMemCore, i16 %void_UpConv_Fused_Row_ap_uint_ap_uint_const_ap_uint_const_ap_uint_const_ap_u_24, i64 666, i64 31, i64 18446744073709551615" [../gen/Hls_Layers_UpConv.tpp:107]   --->   Operation 50 'specmemcore' 'specmemcore_ln107' <Predicate = true> <Delay = 0.00>
ST_8 : Operation 51 [1/1] (0.00ns)   --->   "%specmemcore_ln107 = specmemcore void @_ssdm_op_SpecMemCore, i16 %void_UpConv_Fused_Row_ap_uint_ap_uint_const_ap_uint_const_ap_uint_const_ap_u_25, i64 666, i64 31, i64 18446744073709551615" [../gen/Hls_Layers_UpConv.tpp:107]   --->   Operation 51 'specmemcore' 'specmemcore_ln107' <Predicate = true> <Delay = 0.00>
ST_8 : Operation 52 [1/1] (0.00ns)   --->   "%specmemcore_ln107 = specmemcore void @_ssdm_op_SpecMemCore, i16 %void_UpConv_Fused_Row_ap_uint_ap_uint_const_ap_uint_const_ap_uint_const_ap_u_26, i64 666, i64 31, i64 18446744073709551615" [../gen/Hls_Layers_UpConv.tpp:107]   --->   Operation 52 'specmemcore' 'specmemcore_ln107' <Predicate = true> <Delay = 0.00>
ST_8 : Operation 53 [1/1] (0.00ns)   --->   "%specmemcore_ln107 = specmemcore void @_ssdm_op_SpecMemCore, i16 %void_UpConv_Fused_Row_ap_uint_ap_uint_const_ap_uint_const_ap_uint_const_ap_u_27, i64 666, i64 31, i64 18446744073709551615" [../gen/Hls_Layers_UpConv.tpp:107]   --->   Operation 53 'specmemcore' 'specmemcore_ln107' <Predicate = true> <Delay = 0.00>
ST_8 : Operation 54 [1/1] (0.00ns)   --->   "%specmemcore_ln107 = specmemcore void @_ssdm_op_SpecMemCore, i16 %void_UpConv_Fused_Row_ap_uint_ap_uint_const_ap_uint_const_ap_uint_const_ap_u_28, i64 666, i64 31, i64 18446744073709551615" [../gen/Hls_Layers_UpConv.tpp:107]   --->   Operation 54 'specmemcore' 'specmemcore_ln107' <Predicate = true> <Delay = 0.00>
ST_8 : Operation 55 [1/1] (0.00ns)   --->   "%specmemcore_ln107 = specmemcore void @_ssdm_op_SpecMemCore, i16 %void_UpConv_Fused_Row_ap_uint_ap_uint_const_ap_uint_const_ap_uint_const_ap_u_29, i64 666, i64 31, i64 18446744073709551615" [../gen/Hls_Layers_UpConv.tpp:107]   --->   Operation 55 'specmemcore' 'specmemcore_ln107' <Predicate = true> <Delay = 0.00>
ST_8 : Operation 56 [1/1] (0.00ns)   --->   "%specmemcore_ln217 = specmemcore void @_ssdm_op_SpecMemCore, i256 %b_buf, i64 666, i64 30, i64 18446744073709551615" [../gen/Hls_Layers_UpConv.tpp:217]   --->   Operation 56 'specmemcore' 'specmemcore_ln217' <Predicate = true> <Delay = 0.00>
ST_8 : Operation 57 [1/1] (0.00ns)   --->   "%specmemcore_ln218 = specmemcore void @_ssdm_op_SpecMemCore, i256 %g_buf, i64 666, i64 30, i64 18446744073709551615" [../gen/Hls_Layers_UpConv.tpp:218]   --->   Operation 57 'specmemcore' 'specmemcore_ln218' <Predicate = true> <Delay = 0.00>
ST_8 : Operation 58 [1/1] (0.00ns)   --->   "%specmemcore_ln219 = specmemcore void @_ssdm_op_SpecMemCore, i256 %be_buf, i64 666, i64 30, i64 18446744073709551615" [../gen/Hls_Layers_UpConv.tpp:219]   --->   Operation 58 'specmemcore' 'specmemcore_ln219' <Predicate = true> <Delay = 0.00>
ST_8 : Operation 59 [1/1] (0.00ns)   --->   "%specmemcore_ln233 = specmemcore void @_ssdm_op_SpecMemCore, i32 %mean_buf_2, i64 666, i64 23, i64 18446744073709551615" [../gen/Hls_Layers_UpConv.tpp:233]   --->   Operation 59 'specmemcore' 'specmemcore_ln233' <Predicate = true> <Delay = 0.00>
ST_8 : Operation 60 [1/1] (0.00ns)   --->   "%specmemcore_ln234 = specmemcore void @_ssdm_op_SpecMemCore, i16 %inv_buf_2, i64 666, i64 23, i64 18446744073709551615" [../gen/Hls_Layers_UpConv.tpp:234]   --->   Operation 60 'specmemcore' 'specmemcore_ln234' <Predicate = true> <Delay = 0.00>
ST_8 : Operation 61 [1/2] (0.00ns)   --->   "%call_ln0 = call void @UpConv_Fused_Row<8, 16, 16, 960, 480>_Pipeline_PIXEL_NORM, i256 %g_buf, i256 %be_buf, i10 %mul, i64 %Y_read, i256 %gmem_out, i32 %mean_buf_2, i16 %inv_buf_2, i16 %void_UpConv_Fused_Row_ap_uint_ap_uint_const_ap_uint_const_ap_uint_const_ap_u_29, i16 %void_UpConv_Fused_Row_ap_uint_ap_uint_const_ap_uint_const_ap_uint_const_ap_u_28, i16 %void_UpConv_Fused_Row_ap_uint_ap_uint_const_ap_uint_const_ap_uint_const_ap_u_27, i16 %void_UpConv_Fused_Row_ap_uint_ap_uint_const_ap_uint_const_ap_uint_const_ap_u_26, i16 %void_UpConv_Fused_Row_ap_uint_ap_uint_const_ap_uint_const_ap_uint_const_ap_u_25, i16 %void_UpConv_Fused_Row_ap_uint_ap_uint_const_ap_uint_const_ap_uint_const_ap_u_24, i16 %void_UpConv_Fused_Row_ap_uint_ap_uint_const_ap_uint_const_ap_uint_const_ap_u_23, i16 %void_UpConv_Fused_Row_ap_uint_ap_uint_const_ap_uint_const_ap_uint_const_ap_u_22, i16 %void_UpConv_Fused_Row_ap_uint_ap_uint_const_ap_uint_const_ap_uint_const_ap_u_21, i16 %void_UpConv_Fused_Row_ap_uint_ap_uint_const_ap_uint_const_ap_uint_const_ap_u_20, i16 %p_ZZ16UpConv_Fused_RowILi8ELi16ELi16ELi960ELi480EEvP7ap_uintILi256EEPKS1_S4_S4_S4_5, i16 %p_ZZ16UpConv_Fused_RowILi8ELi16ELi16ELi960ELi480EEvP7ap_uintILi256EEPKS1_S4_S4_S4_4, i16 %p_ZZ16UpConv_Fused_RowILi8ELi16ELi16ELi960ELi480EEvP7ap_uintILi256EEPKS1_S4_S4_S4_3, i16 %p_ZZ16UpConv_Fused_RowILi8ELi16ELi16ELi960ELi480EEvP7ap_uintILi256EEPKS1_S4_S4_S4_2, i16 %p_ZZ16UpConv_Fused_RowILi8ELi16ELi16ELi960ELi480EEvP7ap_uintILi256EEPKS1_S4_S4_S4_1, i16 %p_ZZ16UpConv_Fused_RowILi8ELi16ELi16ELi960ELi480EEvP7ap_uintILi256EEPKS1_S4_S4_S4"   --->   Operation 61 'call' 'call_ln0' <Predicate = true> <Delay = 0.00> <CoreType = "Generic">   --->   Generic Core
ST_8 : Operation 62 [1/1] (0.00ns)   --->   "%ret_ln296 = ret" [../gen/Hls_Layers_UpConv.tpp:296]   --->   Operation 62 'ret' 'ret_ln296' <Predicate = true> <Delay = 0.00>


============================================================
+ Verbose Summary: Binding
============================================================
STG Binding: 
---------------- STG Properties BEGIN ----------------
- Is combinational: 0
- Is one-state seq: 0
- Is datapath-only: 0
- Is pipelined: 0
- Is top level: 0
Port [ Return ] is wired: 1; IO mode=ap_ctrl_hs:ce=0
Port [ gmem_weight]:  wired=1; compound=1; hidden=0; nouse=0; global=0; static=0; extern=0; dir=0; type=4; pingpong=0; private_global=0; IO mode=m_axi:ce=0
Port [ W_ptr]:  wired=1; compound=0; hidden=0; nouse=0; global=0; static=0; extern=0; dir=0; type=0; pingpong=0; private_global=0; IO mode=ap_none:ce=0
Port [ gmem_param]:  wired=1; compound=1; hidden=0; nouse=0; global=0; static=0; extern=0; dir=0; type=4; pingpong=0; private_global=0; IO mode=m_axi:ce=0
Port [ B_ptr]:  wired=1; compound=0; hidden=0; nouse=0; global=0; static=0; extern=0; dir=0; type=0; pingpong=0; private_global=0; IO mode=ap_none:ce=0
Port [ G_ptr]:  wired=1; compound=0; hidden=0; nouse=0; global=0; static=0; extern=0; dir=0; type=0; pingpong=0; private_global=0; IO mode=ap_none:ce=0
Port [ BE_ptr]:  wired=1; compound=0; hidden=0; nouse=0; global=0; static=0; extern=0; dir=0; type=0; pingpong=0; private_global=0; IO mode=ap_none:ce=0
Port [ gmem_out]:  wired=1; compound=1; hidden=0; nouse=0; global=0; static=0; extern=0; dir=1; type=4; pingpong=0; private_global=0; IO mode=m_axi:ce=0
Port [ Y]:  wired=1; compound=0; hidden=0; nouse=0; global=0; static=0; extern=0; dir=0; type=0; pingpong=0; private_global=0; IO mode=ap_none:ce=0
Port [ epsilon]:  wired=1; compound=0; hidden=0; nouse=0; global=0; static=0; extern=0; dir=0; type=0; pingpong=0; private_global=0; IO mode=ap_none:ce=0
Port [ ho]:  wired=1; compound=0; hidden=0; nouse=0; global=0; static=0; extern=0; dir=0; type=0; pingpong=0; private_global=0; IO mode=ap_none:ce=0
Port [ void_UpConv_Fused_Row_ap_uint_ap_uint_const_ap_uint_const_ap_uint_const_ap_u_29]:  wired=0; compound=1; hidden=1; nouse=0; global=1; static=1; extern=0; dir=2; type=1; pingpong=0; private_global=1; MemPort=[21]; IO mode=ap_memory:ce=0
Port [ void_UpConv_Fused_Row_ap_uint_ap_uint_const_ap_uint_const_ap_uint_const_ap_u_28]:  wired=0; compound=1; hidden=1; nouse=0; global=1; static=1; extern=0; dir=2; type=1; pingpong=0; private_global=1; MemPort=[21]; IO mode=ap_memory:ce=0
Port [ void_UpConv_Fused_Row_ap_uint_ap_uint_const_ap_uint_const_ap_uint_const_ap_u_27]:  wired=0; compound=1; hidden=1; nouse=0; global=1; static=1; extern=0; dir=2; type=1; pingpong=0; private_global=1; MemPort=[21]; IO mode=ap_memory:ce=0
Port [ void_UpConv_Fused_Row_ap_uint_ap_uint_const_ap_uint_const_ap_uint_const_ap_u_26]:  wired=0; compound=1; hidden=1; nouse=0; global=1; static=1; extern=0; dir=2; type=1; pingpong=0; private_global=1; MemPort=[21]; IO mode=ap_memory:ce=0
Port [ void_UpConv_Fused_Row_ap_uint_ap_uint_const_ap_uint_const_ap_uint_const_ap_u_25]:  wired=0; compound=1; hidden=1; nouse=0; global=1; static=1; extern=0; dir=2; type=1; pingpong=0; private_global=1; MemPort=[21]; IO mode=ap_memory:ce=0
Port [ void_UpConv_Fused_Row_ap_uint_ap_uint_const_ap_uint_const_ap_uint_const_ap_u_24]:  wired=0; compound=1; hidden=1; nouse=0; global=1; static=1; extern=0; dir=2; type=1; pingpong=0; private_global=1; MemPort=[21]; IO mode=ap_memory:ce=0
Port [ void_UpConv_Fused_Row_ap_uint_ap_uint_const_ap_uint_const_ap_uint_const_ap_u_23]:  wired=0; compound=1; hidden=1; nouse=0; global=1; static=1; extern=0; dir=2; type=1; pingpong=0; private_global=1; MemPort=[21]; IO mode=ap_memory:ce=0
Port [ void_UpConv_Fused_Row_ap_uint_ap_uint_const_ap_uint_const_ap_uint_const_ap_u_22]:  wired=0; compound=1; hidden=1; nouse=0; global=1; static=1; extern=0; dir=2; type=1; pingpong=0; private_global=1; MemPort=[21]; IO mode=ap_memory:ce=0
Port [ void_UpConv_Fused_Row_ap_uint_ap_uint_const_ap_uint_const_ap_uint_const_ap_u_21]:  wired=0; compound=1; hidden=1; nouse=0; global=1; static=1; extern=0; dir=2; type=1; pingpong=0; private_global=1; MemPort=[21]; IO mode=ap_memory:ce=0
Port [ void_UpConv_Fused_Row_ap_uint_ap_uint_const_ap_uint_const_ap_uint_const_ap_u_20]:  wired=0; compound=1; hidden=1; nouse=0; global=1; static=1; extern=0; dir=2; type=1; pingpong=0; private_global=1; MemPort=[21]; IO mode=ap_memory:ce=0
Port [ p_ZZ16UpConv_Fused_RowILi8ELi16ELi16ELi960ELi480EEvP7ap_uintILi256EEPKS1_S4_S4_S4_5]:  wired=0; compound=1; hidden=1; nouse=0; global=1; static=1; extern=0; dir=2; type=1; pingpong=0; private_global=1; MemPort=[21]; IO mode=ap_memory:ce=0
Port [ p_ZZ16UpConv_Fused_RowILi8ELi16ELi16ELi960ELi480EEvP7ap_uintILi256EEPKS1_S4_S4_S4_4]:  wired=0; compound=1; hidden=1; nouse=0; global=1; static=1; extern=0; dir=2; type=1; pingpong=0; private_global=1; MemPort=[21]; IO mode=ap_memory:ce=0
Port [ p_ZZ16UpConv_Fused_RowILi8ELi16ELi16ELi960ELi480EEvP7ap_uintILi256EEPKS1_S4_S4_S4_3]:  wired=0; compound=1; hidden=1; nouse=0; global=1; static=1; extern=0; dir=2; type=1; pingpong=0; private_global=1; MemPort=[21]; IO mode=ap_memory:ce=0
Port [ p_ZZ16UpConv_Fused_RowILi8ELi16ELi16ELi960ELi480EEvP7ap_uintILi256EEPKS1_S4_S4_S4_2]:  wired=0; compound=1; hidden=1; nouse=0; global=1; static=1; extern=0; dir=2; type=1; pingpong=0; private_global=1; MemPort=[21]; IO mode=ap_memory:ce=0
Port [ p_ZZ16UpConv_Fused_RowILi8ELi16ELi16ELi960ELi480EEvP7ap_uintILi256EEPKS1_S4_S4_S4_1]:  wired=0; compound=1; hidden=1; nouse=0; global=1; static=1; extern=0; dir=2; type=1; pingpong=0; private_global=1; MemPort=[21]; IO mode=ap_memory:ce=0
Port [ p_ZZ16UpConv_Fused_RowILi8ELi16ELi16ELi960ELi480EEvP7ap_uintILi256EEPKS1_S4_S4_S4]:  wired=0; compound=1; hidden=1; nouse=0; global=1; static=1; extern=0; dir=2; type=1; pingpong=0; private_global=1; MemPort=[21]; IO mode=ap_memory:ce=0
Port [ x_buf]:  wired=1; compound=1; hidden=0; nouse=0; global=1; static=1; extern=0; dir=0; type=1; pingpong=0; private_global=0; MemPort=[13]; IO mode=ap_memory:ce=0
Port [ mean_buf_2]:  wired=0; compound=1; hidden=1; nouse=0; global=1; static=1; extern=0; dir=2; type=1; pingpong=0; private_global=1; MemPort=[10]; IO mode=ap_memory:ce=0
Port [ inv_buf_2]:  wired=0; compound=1; hidden=1; nouse=0; global=1; static=1; extern=0; dir=2; type=1; pingpong=0; private_global=1; MemPort=[10]; IO mode=ap_memory:ce=0
---------------- STG Properties END ------------------

---------------- Datapath Model BEGIN ----------------

<LifeTime>
<method=bitvector/>
BE_ptr_read       (read          ) [ 000000000]
G_ptr_read        (read          ) [ 000000000]
B_ptr_read        (read          ) [ 000000000]
b_buf             (alloca        ) [ 001111111]
g_buf             (alloca        ) [ 001111111]
be_buf            (alloca        ) [ 001111111]
trunc_ln          (partselect    ) [ 001000000]
trunc_ln221_5     (partselect    ) [ 001000000]
trunc_ln221_6     (partselect    ) [ 001000000]
call_ln0          (call          ) [ 000000000]
call_ln221        (call          ) [ 000000000]
ho_read           (read          ) [ 000011110]
epsilon_read      (read          ) [ 000010000]
W_ptr_read        (read          ) [ 000010000]
ho_cast           (zext          ) [ 000000000]
add57             (add           ) [ 000010000]
call_ln0          (call          ) [ 000000000]
conv5             (hptosp        ) [ 000001100]
call_ln0          (call          ) [ 000000000]
Y_read            (read          ) [ 000000001]
mul               (bitconcatenate) [ 000000001]
specmemcore_ln0   (specmemcore   ) [ 000000000]
specinterface_ln0 (specinterface ) [ 000000000]
specinterface_ln0 (specinterface ) [ 000000000]
specinterface_ln0 (specinterface ) [ 000000000]
specmemcore_ln107 (specmemcore   ) [ 000000000]
specmemcore_ln107 (specmemcore   ) [ 000000000]
specmemcore_ln107 (specmemcore   ) [ 000000000]
specmemcore_ln107 (specmemcore   ) [ 000000000]
specmemcore_ln107 (specmemcore   ) [ 000000000]
specmemcore_ln107 (specmemcore   ) [ 000000000]
specmemcore_ln107 (specmemcore   ) [ 000000000]
specmemcore_ln107 (specmemcore   ) [ 000000000]
specmemcore_ln107 (specmemcore   ) [ 000000000]
specmemcore_ln107 (specmemcore   ) [ 000000000]
specmemcore_ln107 (specmemcore   ) [ 000000000]
specmemcore_ln107 (specmemcore   ) [ 000000000]
specmemcore_ln107 (specmemcore   ) [ 000000000]
specmemcore_ln107 (specmemcore   ) [ 000000000]
specmemcore_ln107 (specmemcore   ) [ 000000000]
specmemcore_ln107 (specmemcore   ) [ 000000000]
specmemcore_ln217 (specmemcore   ) [ 000000000]
specmemcore_ln218 (specmemcore   ) [ 000000000]
specmemcore_ln219 (specmemcore   ) [ 000000000]
specmemcore_ln233 (specmemcore   ) [ 000000000]
specmemcore_ln234 (specmemcore   ) [ 000000000]
call_ln0          (call          ) [ 000000000]
ret_ln296         (ret           ) [ 000000000]
</LifeTime>

<model>

<comp_list>
<comp id="0" class="1000" name="gmem_weight">
<pin_list>
<pin id="1" dir="1" index="0" bw="1" slack="0"/>
</pin_list>
<bind>
<StgValue><ssdm name="gmem_weight"/><MemPortTyVec>0 </MemPortTyVec>
</StgValue>
</bind>
</comp>

<comp id="2" class="1000" name="W_ptr">
<pin_list>
<pin id="3" dir="1" index="0" bw="1" slack="0"/>
</pin_list>
<bind>
<StgValue><ssdm name="W_ptr"/></StgValue>
</bind>
</comp>

<comp id="4" class="1000" name="gmem_param">
<pin_list>
<pin id="5" dir="1" index="0" bw="1" slack="0"/>
</pin_list>
<bind>
<StgValue><ssdm name="gmem_param"/><MemPortTyVec>0 </MemPortTyVec>
</StgValue>
</bind>
</comp>

<comp id="6" class="1000" name="B_ptr">
<pin_list>
<pin id="7" dir="1" index="0" bw="1" slack="0"/>
</pin_list>
<bind>
<StgValue><ssdm name="B_ptr"/></StgValue>
</bind>
</comp>

<comp id="8" class="1000" name="G_ptr">
<pin_list>
<pin id="9" dir="1" index="0" bw="1" slack="0"/>
</pin_list>
<bind>
<StgValue><ssdm name="G_ptr"/></StgValue>
</bind>
</comp>

<comp id="10" class="1000" name="BE_ptr">
<pin_list>
<pin id="11" dir="1" index="0" bw="1" slack="0"/>
</pin_list>
<bind>
<StgValue><ssdm name="BE_ptr"/></StgValue>
</bind>
</comp>

<comp id="12" class="1000" name="gmem_out">
<pin_list>
<pin id="13" dir="1" index="0" bw="1" slack="0"/>
</pin_list>
<bind>
<StgValue><ssdm name="gmem_out"/><MemPortTyVec>1 </MemPortTyVec>
</StgValue>
</bind>
</comp>

<comp id="14" class="1000" name="Y">
<pin_list>
<pin id="15" dir="1" index="0" bw="1" slack="0"/>
</pin_list>
<bind>
<StgValue><ssdm name="Y"/></StgValue>
</bind>
</comp>

<comp id="16" class="1000" name="epsilon">
<pin_list>
<pin id="17" dir="1" index="0" bw="1" slack="0"/>
</pin_list>
<bind>
<StgValue><ssdm name="epsilon"/></StgValue>
</bind>
</comp>

<comp id="18" class="1000" name="ho">
<pin_list>
<pin id="19" dir="1" index="0" bw="1" slack="0"/>
</pin_list>
<bind>
<StgValue><ssdm name="ho"/></StgValue>
</bind>
</comp>

<comp id="20" class="1000" name="void_UpConv_Fused_Row_ap_uint_ap_uint_const_ap_uint_const_ap_uint_const_ap_u_29">
<pin_list>
<pin id="21" dir="1" index="0" bw="1" slack="0"/>
</pin_list>
<bind>
<StgValue><ssdm name="void_UpConv_Fused_Row_ap_uint_ap_uint_const_ap_uint_const_ap_uint_const_ap_u_29"/><MemPortTyVec>2 1 </MemPortTyVec>
</StgValue>
</bind>
</comp>

<comp id="22" class="1000" name="void_UpConv_Fused_Row_ap_uint_ap_uint_const_ap_uint_const_ap_uint_const_ap_u_28">
<pin_list>
<pin id="23" dir="1" index="0" bw="1" slack="0"/>
</pin_list>
<bind>
<StgValue><ssdm name="void_UpConv_Fused_Row_ap_uint_ap_uint_const_ap_uint_const_ap_uint_const_ap_u_28"/><MemPortTyVec>2 1 </MemPortTyVec>
</StgValue>
</bind>
</comp>

<comp id="24" class="1000" name="void_UpConv_Fused_Row_ap_uint_ap_uint_const_ap_uint_const_ap_uint_const_ap_u_27">
<pin_list>
<pin id="25" dir="1" index="0" bw="1" slack="0"/>
</pin_list>
<bind>
<StgValue><ssdm name="void_UpConv_Fused_Row_ap_uint_ap_uint_const_ap_uint_const_ap_uint_const_ap_u_27"/><MemPortTyVec>2 1 </MemPortTyVec>
</StgValue>
</bind>
</comp>

<comp id="26" class="1000" name="void_UpConv_Fused_Row_ap_uint_ap_uint_const_ap_uint_const_ap_uint_const_ap_u_26">
<pin_list>
<pin id="27" dir="1" index="0" bw="1" slack="0"/>
</pin_list>
<bind>
<StgValue><ssdm name="void_UpConv_Fused_Row_ap_uint_ap_uint_const_ap_uint_const_ap_uint_const_ap_u_26"/><MemPortTyVec>2 1 </MemPortTyVec>
</StgValue>
</bind>
</comp>

<comp id="28" class="1000" name="void_UpConv_Fused_Row_ap_uint_ap_uint_const_ap_uint_const_ap_uint_const_ap_u_25">
<pin_list>
<pin id="29" dir="1" index="0" bw="1" slack="0"/>
</pin_list>
<bind>
<StgValue><ssdm name="void_UpConv_Fused_Row_ap_uint_ap_uint_const_ap_uint_const_ap_uint_const_ap_u_25"/><MemPortTyVec>2 1 </MemPortTyVec>
</StgValue>
</bind>
</comp>

<comp id="30" class="1000" name="void_UpConv_Fused_Row_ap_uint_ap_uint_const_ap_uint_const_ap_uint_const_ap_u_24">
<pin_list>
<pin id="31" dir="1" index="0" bw="1" slack="0"/>
</pin_list>
<bind>
<StgValue><ssdm name="void_UpConv_Fused_Row_ap_uint_ap_uint_const_ap_uint_const_ap_uint_const_ap_u_24"/><MemPortTyVec>2 1 </MemPortTyVec>
</StgValue>
</bind>
</comp>

<comp id="32" class="1000" name="void_UpConv_Fused_Row_ap_uint_ap_uint_const_ap_uint_const_ap_uint_const_ap_u_23">
<pin_list>
<pin id="33" dir="1" index="0" bw="1" slack="0"/>
</pin_list>
<bind>
<StgValue><ssdm name="void_UpConv_Fused_Row_ap_uint_ap_uint_const_ap_uint_const_ap_uint_const_ap_u_23"/><MemPortTyVec>2 1 </MemPortTyVec>
</StgValue>
</bind>
</comp>

<comp id="34" class="1000" name="void_UpConv_Fused_Row_ap_uint_ap_uint_const_ap_uint_const_ap_uint_const_ap_u_22">
<pin_list>
<pin id="35" dir="1" index="0" bw="1" slack="0"/>
</pin_list>
<bind>
<StgValue><ssdm name="void_UpConv_Fused_Row_ap_uint_ap_uint_const_ap_uint_const_ap_uint_const_ap_u_22"/><MemPortTyVec>2 1 </MemPortTyVec>
</StgValue>
</bind>
</comp>

<comp id="36" class="1000" name="void_UpConv_Fused_Row_ap_uint_ap_uint_const_ap_uint_const_ap_uint_const_ap_u_21">
<pin_list>
<pin id="37" dir="1" index="0" bw="1" slack="0"/>
</pin_list>
<bind>
<StgValue><ssdm name="void_UpConv_Fused_Row_ap_uint_ap_uint_const_ap_uint_const_ap_uint_const_ap_u_21"/><MemPortTyVec>2 1 </MemPortTyVec>
</StgValue>
</bind>
</comp>

<comp id="38" class="1000" name="void_UpConv_Fused_Row_ap_uint_ap_uint_const_ap_uint_const_ap_uint_const_ap_u_20">
<pin_list>
<pin id="39" dir="1" index="0" bw="1" slack="0"/>
</pin_list>
<bind>
<StgValue><ssdm name="void_UpConv_Fused_Row_ap_uint_ap_uint_const_ap_uint_const_ap_uint_const_ap_u_20"/><MemPortTyVec>2 1 </MemPortTyVec>
</StgValue>
</bind>
</comp>

<comp id="40" class="1000" name="p_ZZ16UpConv_Fused_RowILi8ELi16ELi16ELi960ELi480EEvP7ap_uintILi256EEPKS1_S4_S4_S4_5">
<pin_list>
<pin id="41" dir="1" index="0" bw="1" slack="0"/>
</pin_list>
<bind>
<StgValue><ssdm name="p_ZZ16UpConv_Fused_RowILi8ELi16ELi16ELi960ELi480EEvP7ap_uintILi256EEPKS1_S4_S4_S4_5"/><MemPortTyVec>2 1 </MemPortTyVec>
</StgValue>
</bind>
</comp>

<comp id="42" class="1000" name="p_ZZ16UpConv_Fused_RowILi8ELi16ELi16ELi960ELi480EEvP7ap_uintILi256EEPKS1_S4_S4_S4_4">
<pin_list>
<pin id="43" dir="1" index="0" bw="1" slack="0"/>
</pin_list>
<bind>
<StgValue><ssdm name="p_ZZ16UpConv_Fused_RowILi8ELi16ELi16ELi960ELi480EEvP7ap_uintILi256EEPKS1_S4_S4_S4_4"/><MemPortTyVec>2 1 </MemPortTyVec>
</StgValue>
</bind>
</comp>

<comp id="44" class="1000" name="p_ZZ16UpConv_Fused_RowILi8ELi16ELi16ELi960ELi480EEvP7ap_uintILi256EEPKS1_S4_S4_S4_3">
<pin_list>
<pin id="45" dir="1" index="0" bw="1" slack="0"/>
</pin_list>
<bind>
<StgValue><ssdm name="p_ZZ16UpConv_Fused_RowILi8ELi16ELi16ELi960ELi480EEvP7ap_uintILi256EEPKS1_S4_S4_S4_3"/><MemPortTyVec>2 1 </MemPortTyVec>
</StgValue>
</bind>
</comp>

<comp id="46" class="1000" name="p_ZZ16UpConv_Fused_RowILi8ELi16ELi16ELi960ELi480EEvP7ap_uintILi256EEPKS1_S4_S4_S4_2">
<pin_list>
<pin id="47" dir="1" index="0" bw="1" slack="0"/>
</pin_list>
<bind>
<StgValue><ssdm name="p_ZZ16UpConv_Fused_RowILi8ELi16ELi16ELi960ELi480EEvP7ap_uintILi256EEPKS1_S4_S4_S4_2"/><MemPortTyVec>2 1 </MemPortTyVec>
</StgValue>
</bind>
</comp>

<comp id="48" class="1000" name="p_ZZ16UpConv_Fused_RowILi8ELi16ELi16ELi960ELi480EEvP7ap_uintILi256EEPKS1_S4_S4_S4_1">
<pin_list>
<pin id="49" dir="1" index="0" bw="1" slack="0"/>
</pin_list>
<bind>
<StgValue><ssdm name="p_ZZ16UpConv_Fused_RowILi8ELi16ELi16ELi960ELi480EEvP7ap_uintILi256EEPKS1_S4_S4_S4_1"/><MemPortTyVec>2 1 </MemPortTyVec>
</StgValue>
</bind>
</comp>

<comp id="50" class="1000" name="p_ZZ16UpConv_Fused_RowILi8ELi16ELi16ELi960ELi480EEvP7ap_uintILi256EEPKS1_S4_S4_S4">
<pin_list>
<pin id="51" dir="1" index="0" bw="1" slack="0"/>
</pin_list>
<bind>
<StgValue><ssdm name="p_ZZ16UpConv_Fused_RowILi8ELi16ELi16ELi960ELi480EEvP7ap_uintILi256EEPKS1_S4_S4_S4"/><MemPortTyVec>2 1 </MemPortTyVec>
</StgValue>
</bind>
</comp>

<comp id="52" class="1000" name="x_buf">
<pin_list>
<pin id="53" dir="1" index="0" bw="1" slack="0"/>
</pin_list>
<bind>
<StgValue><ssdm name="x_buf"/><MemPortTyVec>1 3 </MemPortTyVec>
</StgValue>
</bind>
</comp>

<comp id="54" class="1000" name="mean_buf_2">
<pin_list>
<pin id="55" dir="1" index="0" bw="1" slack="0"/>
</pin_list>
<bind>
<StgValue><ssdm name="mean_buf_2"/><MemPortTyVec>1 0 </MemPortTyVec>
</StgValue>
</bind>
</comp>

<comp id="56" class="1000" name="inv_buf_2">
<pin_list>
<pin id="57" dir="1" index="0" bw="1" slack="0"/>
</pin_list>
<bind>
<StgValue><ssdm name="inv_buf_2"/><MemPortTyVec>1 0 </MemPortTyVec>
</StgValue>
</bind>
</comp>

<comp id="58" class="1001" name="const_58">
<pin_list>
<pin id="59" dir="1" index="0" bw="1" slack="0"/>
</pin_list>
<bind>
<StgValue><ssdm name="_ssdm_op_Read.ap_auto.i64"/></StgValue>
</bind>
</comp>

<comp id="60" class="1001" name="const_60">
<pin_list>
<pin id="61" dir="1" index="0" bw="1" slack="0"/>
</pin_list>
<bind>
<StgValue><ssdm name=""/></StgValue>
</bind>
</comp>

<comp id="62" class="1001" name="const_62">
<pin_list>
<pin id="63" dir="1" index="0" bw="1" slack="0"/>
</pin_list>
<bind>
<StgValue><ssdm name="UpConv_Fused_Row<8, 16, 16, 960, 480>_Pipeline_RESET_ROW_ACC"/></StgValue>
</bind>
</comp>

<comp id="64" class="1001" name="const_64">
<pin_list>
<pin id="65" dir="1" index="0" bw="1" slack="0"/>
</pin_list>
<bind>
<StgValue><ssdm name="_ssdm_op_PartSelect.i59.i64.i32.i32"/></StgValue>
</bind>
</comp>

<comp id="66" class="1001" name="const_66">
<pin_list>
<pin id="67" dir="1" index="0" bw="1" slack="0"/>
</pin_list>
<bind>
<StgValue><ssdm name=""/></StgValue>
</bind>
</comp>

<comp id="68" class="1001" name="const_68">
<pin_list>
<pin id="69" dir="1" index="0" bw="1" slack="0"/>
</pin_list>
<bind>
<StgValue><ssdm name=""/></StgValue>
</bind>
</comp>

<comp id="70" class="1001" name="const_70">
<pin_list>
<pin id="71" dir="1" index="0" bw="1" slack="0"/>
</pin_list>
<bind>
<StgValue><ssdm name="UpConv_Fused_Row<8, 16, 16, 960, 480>_Pipeline_LOAD_PARAMS"/></StgValue>
</bind>
</comp>

<comp id="72" class="1001" name="const_72">
<pin_list>
<pin id="73" dir="1" index="0" bw="1" slack="0"/>
</pin_list>
<bind>
<StgValue><ssdm name="_ssdm_op_Read.ap_auto.i5"/></StgValue>
</bind>
</comp>

<comp id="74" class="1001" name="const_74">
<pin_list>
<pin id="75" dir="1" index="0" bw="1" slack="0"/>
</pin_list>
<bind>
<StgValue><ssdm name="_ssdm_op_Read.ap_auto.half"/></StgValue>
</bind>
</comp>

<comp id="76" class="1001" name="const_76">
<pin_list>
<pin id="77" dir="1" index="0" bw="1" slack="0"/>
</pin_list>
<bind>
<StgValue><ssdm name=""/></StgValue>
</bind>
</comp>

<comp id="78" class="1001" name="const_78">
<pin_list>
<pin id="79" dir="1" index="0" bw="1" slack="0"/>
</pin_list>
<bind>
<StgValue><ssdm name="UpConv_Fused_Row<8, 16, 16, 960, 480>_Outline_TILE_LOOP"/></StgValue>
</bind>
</comp>

<comp id="80" class="1001" name="const_80">
<pin_list>
<pin id="81" dir="1" index="0" bw="1" slack="0"/>
</pin_list>
<bind>
<StgValue><ssdm name="UpConv_Fused_Row<8, 16, 16, 960, 480>_Pipeline_PIXEL_STATS"/></StgValue>
</bind>
</comp>

<comp id="82" class="1001" name="const_82">
<pin_list>
<pin id="83" dir="1" index="0" bw="1" slack="0"/>
</pin_list>
<bind>
<StgValue><ssdm name="_ssdm_op_BitConcatenate.i10.i5.i5"/></StgValue>
</bind>
</comp>

<comp id="84" class="1001" name="const_84">
<pin_list>
<pin id="85" dir="1" index="0" bw="1" slack="0"/>
</pin_list>
<bind>
<StgValue><ssdm name=""/></StgValue>
</bind>
</comp>

<comp id="86" class="1001" name="const_86">
<pin_list>
<pin id="87" dir="1" index="0" bw="1" slack="0"/>
</pin_list>
<bind>
<StgValue><ssdm name="UpConv_Fused_Row<8, 16, 16, 960, 480>_Pipeline_PIXEL_NORM"/></StgValue>
</bind>
</comp>

<comp id="88" class="1001" name="const_88">
<pin_list>
<pin id="89" dir="1" index="0" bw="1" slack="2147483647"/>
</pin_list>
<bind>
<StgValue><ssdm name="_ssdm_op_SpecMemCore"/></StgValue>
</bind>
</comp>

<comp id="90" class="1001" name="const_90">
<pin_list>
<pin id="91" dir="1" index="0" bw="1" slack="2147483647"/>
</pin_list>
<bind>
<StgValue><ssdm name=""/></StgValue>
</bind>
</comp>

<comp id="92" class="1001" name="const_92">
<pin_list>
<pin id="93" dir="1" index="0" bw="1" slack="2147483647"/>
</pin_list>
<bind>
<StgValue><ssdm name=""/></StgValue>
</bind>
</comp>

<comp id="94" class="1001" name="const_94">
<pin_list>
<pin id="95" dir="1" index="0" bw="1" slack="2147483647"/>
</pin_list>
<bind>
<StgValue><ssdm name=""/></StgValue>
</bind>
</comp>

<comp id="96" class="1001" name="const_96">
<pin_list>
<pin id="97" dir="1" index="0" bw="1" slack="2147483647"/>
</pin_list>
<bind>
<StgValue><ssdm name="_ssdm_op_SpecInterface"/></StgValue>
</bind>
</comp>

<comp id="98" class="1001" name="const_98">
<pin_list>
<pin id="99" dir="1" index="0" bw="1" slack="2147483647"/>
</pin_list>
<bind>
<StgValue><ssdm name="empty_3"/></StgValue>
</bind>
</comp>

<comp id="100" class="1001" name="const_100">
<pin_list>
<pin id="101" dir="1" index="0" bw="1" slack="2147483647"/>
</pin_list>
<bind>
<StgValue><ssdm name=""/></StgValue>
</bind>
</comp>

<comp id="102" class="1001" name="const_102">
<pin_list>
<pin id="103" dir="1" index="0" bw="1" slack="2147483647"/>
</pin_list>
<bind>
<StgValue><ssdm name="empty_15"/></StgValue>
</bind>
</comp>

<comp id="104" class="1001" name="const_104">
<pin_list>
<pin id="105" dir="1" index="0" bw="1" slack="2147483647"/>
</pin_list>
<bind>
<StgValue><ssdm name="empty_22"/></StgValue>
</bind>
</comp>

<comp id="106" class="1001" name="const_106">
<pin_list>
<pin id="107" dir="1" index="0" bw="1" slack="2147483647"/>
</pin_list>
<bind>
<StgValue><ssdm name="empty_14"/></StgValue>
</bind>
</comp>

<comp id="108" class="1001" name="const_108">
<pin_list>
<pin id="109" dir="1" index="0" bw="1" slack="2147483647"/>
</pin_list>
<bind>
<StgValue><ssdm name=""/></StgValue>
</bind>
</comp>

<comp id="110" class="1001" name="const_110">
<pin_list>
<pin id="111" dir="1" index="0" bw="1" slack="2147483647"/>
</pin_list>
<bind>
<StgValue><ssdm name=""/></StgValue>
</bind>
</comp>

<comp id="112" class="1001" name="const_112">
<pin_list>
<pin id="113" dir="1" index="0" bw="1" slack="2147483647"/>
</pin_list>
<bind>
<StgValue><ssdm name=""/></StgValue>
</bind>
</comp>

<comp id="114" class="1001" name="const_114">
<pin_list>
<pin id="115" dir="1" index="0" bw="1" slack="2147483647"/>
</pin_list>
<bind>
<StgValue><ssdm name="empty_23"/></StgValue>
</bind>
</comp>

<comp id="116" class="1001" name="const_116">
<pin_list>
<pin id="117" dir="1" index="0" bw="1" slack="2147483647"/>
</pin_list>
<bind>
<StgValue><ssdm name="empty_26"/></StgValue>
</bind>
</comp>

<comp id="118" class="1001" name="const_118">
<pin_list>
<pin id="119" dir="1" index="0" bw="1" slack="2147483647"/>
</pin_list>
<bind>
<StgValue><ssdm name=""/></StgValue>
</bind>
</comp>

<comp id="120" class="1001" name="const_120">
<pin_list>
<pin id="121" dir="1" index="0" bw="1" slack="2147483647"/>
</pin_list>
<bind>
<StgValue><ssdm name=""/></StgValue>
</bind>
</comp>

<comp id="122" class="1004" name="b_buf_alloca_fu_122">
<pin_list>
<pin id="123" dir="0" index="0" bw="1" slack="0"/>
<pin id="124" dir="1" index="1" bw="256" slack="0"/>
</pin_list>
<bind>
<opcode="alloca(26) " fcode="alloca"/>
<opset="b_buf/1 "/>
</bind>
</comp>

<comp id="126" class="1004" name="g_buf_alloca_fu_126">
<pin_list>
<pin id="127" dir="0" index="0" bw="1" slack="0"/>
<pin id="128" dir="1" index="1" bw="256" slack="0"/>
</pin_list>
<bind>
<opcode="alloca(26) " fcode="alloca"/>
<opset="g_buf/1 "/>
</bind>
</comp>

<comp id="130" class="1004" name="be_buf_alloca_fu_130">
<pin_list>
<pin id="131" dir="0" index="0" bw="1" slack="0"/>
<pin id="132" dir="1" index="1" bw="256" slack="0"/>
</pin_list>
<bind>
<opcode="alloca(26) " fcode="alloca"/>
<opset="be_buf/1 "/>
</bind>
</comp>

<comp id="134" class="1004" name="BE_ptr_read_read_fu_134">
<pin_list>
<pin id="135" dir="0" index="0" bw="64" slack="0"/>
<pin id="136" dir="0" index="1" bw="64" slack="0"/>
<pin id="137" dir="1" index="2" bw="64" slack="0"/>
</pin_list>
<bind>
<opcode="read(1150) " fcode="read"/>
<opset="BE_ptr_read/1 "/>
</bind>
</comp>

<comp id="140" class="1004" name="G_ptr_read_read_fu_140">
<pin_list>
<pin id="141" dir="0" index="0" bw="64" slack="0"/>
<pin id="142" dir="0" index="1" bw="64" slack="0"/>
<pin id="143" dir="1" index="2" bw="64" slack="0"/>
</pin_list>
<bind>
<opcode="read(1150) " fcode="read"/>
<opset="G_ptr_read/1 "/>
</bind>
</comp>

<comp id="146" class="1004" name="B_ptr_read_read_fu_146">
<pin_list>
<pin id="147" dir="0" index="0" bw="64" slack="0"/>
<pin id="148" dir="0" index="1" bw="64" slack="0"/>
<pin id="149" dir="1" index="2" bw="64" slack="0"/>
</pin_list>
<bind>
<opcode="read(1150) " fcode="read"/>
<opset="B_ptr_read/1 "/>
</bind>
</comp>

<comp id="152" class="1004" name="ho_read_read_fu_152">
<pin_list>
<pin id="153" dir="0" index="0" bw="5" slack="0"/>
<pin id="154" dir="0" index="1" bw="5" slack="0"/>
<pin id="155" dir="1" index="2" bw="5" slack="0"/>
</pin_list>
<bind>
<opcode="read(1150) " fcode="read"/>
<opset="ho_read/3 "/>
</bind>
</comp>

<comp id="158" class="1004" name="epsilon_read_read_fu_158">
<pin_list>
<pin id="159" dir="0" index="0" bw="16" slack="0"/>
<pin id="160" dir="0" index="1" bw="16" slack="0"/>
<pin id="161" dir="1" index="2" bw="16" slack="0"/>
</pin_list>
<bind>
<opcode="read(1150) " fcode="read"/>
<opset="epsilon_read/3 "/>
</bind>
</comp>

<comp id="164" class="1004" name="W_ptr_read_read_fu_164">
<pin_list>
<pin id="165" dir="0" index="0" bw="64" slack="0"/>
<pin id="166" dir="0" index="1" bw="64" slack="0"/>
<pin id="167" dir="1" index="2" bw="64" slack="0"/>
</pin_list>
<bind>
<opcode="read(1150) " fcode="read"/>
<opset="W_ptr_read/3 "/>
</bind>
</comp>

<comp id="170" class="1004" name="Y_read_read_fu_170">
<pin_list>
<pin id="171" dir="0" index="0" bw="64" slack="0"/>
<pin id="172" dir="0" index="1" bw="64" slack="0"/>
<pin id="173" dir="1" index="2" bw="64" slack="0"/>
</pin_list>
<bind>
<opcode="read(1150) " fcode="read"/>
<opset="Y_read/7 "/>
</bind>
</comp>

<comp id="176" class="1004" name="grp_UpConv_Fused_Row_8_16_16_960_480_Pipeline_RESET_ROW_ACC_fu_176">
<pin_list>
<pin id="177" dir="0" index="0" bw="0" slack="0"/>
<pin id="178" dir="0" index="1" bw="16" slack="0"/>
<pin id="179" dir="0" index="2" bw="16" slack="0"/>
<pin id="180" dir="0" index="3" bw="16" slack="0"/>
<pin id="181" dir="0" index="4" bw="16" slack="0"/>
<pin id="182" dir="0" index="5" bw="16" slack="0"/>
<pin id="183" dir="0" index="6" bw="16" slack="0"/>
<pin id="184" dir="0" index="7" bw="16" slack="0"/>
<pin id="185" dir="0" index="8" bw="16" slack="0"/>
<pin id="186" dir="0" index="9" bw="16" slack="0"/>
<pin id="187" dir="0" index="10" bw="16" slack="0"/>
<pin id="188" dir="0" index="11" bw="16" slack="0"/>
<pin id="189" dir="0" index="12" bw="16" slack="0"/>
<pin id="190" dir="0" index="13" bw="16" slack="0"/>
<pin id="191" dir="0" index="14" bw="16" slack="0"/>
<pin id="192" dir="0" index="15" bw="16" slack="0"/>
<pin id="193" dir="0" index="16" bw="16" slack="0"/>
<pin id="194" dir="1" index="17" bw="0" slack="2147483647"/>
</pin_list>
<bind>
<opcode="call(48) " fcode="call"/>
<opset="call_ln0/1 "/>
</bind>
</comp>

<comp id="212" class="1004" name="grp_UpConv_Fused_Row_8_16_16_960_480_Pipeline_LOAD_PARAMS_fu_212">
<pin_list>
<pin id="213" dir="0" index="0" bw="0" slack="0"/>
<pin id="214" dir="0" index="1" bw="256" slack="0"/>
<pin id="215" dir="0" index="2" bw="59" slack="0"/>
<pin id="216" dir="0" index="3" bw="256" slack="0"/>
<pin id="217" dir="0" index="4" bw="256" slack="0"/>
<pin id="218" dir="0" index="5" bw="59" slack="0"/>
<pin id="219" dir="0" index="6" bw="256" slack="0"/>
<pin id="220" dir="0" index="7" bw="59" slack="0"/>
<pin id="221" dir="1" index="8" bw="0" slack="2147483647"/>
</pin_list>
<bind>
<opcode="call(48) " fcode="call"/>
<opset="call_ln221/1 "/>
</bind>
</comp>

<comp id="227" class="1004" name="grp_UpConv_Fused_Row_8_16_16_960_480_Outline_TILE_LOOP_fu_227">
<pin_list>
<pin id="228" dir="0" index="0" bw="0" slack="0"/>
<pin id="229" dir="0" index="1" bw="64" slack="0"/>
<pin id="230" dir="0" index="2" bw="256" slack="0"/>
<pin id="231" dir="0" index="3" bw="6" slack="0"/>
<pin id="232" dir="0" index="4" bw="256" slack="0"/>
<pin id="233" dir="0" index="5" bw="16" slack="0"/>
<pin id="234" dir="0" index="6" bw="16" slack="0"/>
<pin id="235" dir="0" index="7" bw="16" slack="0"/>
<pin id="236" dir="0" index="8" bw="16" slack="0"/>
<pin id="237" dir="0" index="9" bw="16" slack="0"/>
<pin id="238" dir="0" index="10" bw="16" slack="0"/>
<pin id="239" dir="0" index="11" bw="16" slack="0"/>
<pin id="240" dir="0" index="12" bw="16" slack="0"/>
<pin id="241" dir="0" index="13" bw="16" slack="0"/>
<pin id="242" dir="0" index="14" bw="16" slack="0"/>
<pin id="243" dir="0" index="15" bw="16" slack="0"/>
<pin id="244" dir="0" index="16" bw="16" slack="0"/>
<pin id="245" dir="0" index="17" bw="16" slack="0"/>
<pin id="246" dir="0" index="18" bw="16" slack="0"/>
<pin id="247" dir="0" index="19" bw="16" slack="0"/>
<pin id="248" dir="0" index="20" bw="16" slack="0"/>
<pin id="249" dir="1" index="21" bw="0" slack="2147483647"/>
</pin_list>
<bind>
<opcode="call(48) " fcode="call"/>
<opset="call_ln0/3 "/>
</bind>
</comp>

<comp id="270" class="1004" name="grp_UpConv_Fused_Row_8_16_16_960_480_Pipeline_PIXEL_STATS_fu_270">
<pin_list>
<pin id="271" dir="0" index="0" bw="0" slack="0"/>
<pin id="272" dir="0" index="1" bw="32" slack="1"/>
<pin id="273" dir="0" index="2" bw="256" slack="2147483647"/>
<pin id="274" dir="0" index="3" bw="32" slack="0"/>
<pin id="275" dir="0" index="4" bw="16" slack="0"/>
<pin id="276" dir="0" index="5" bw="16" slack="0"/>
<pin id="277" dir="0" index="6" bw="16" slack="0"/>
<pin id="278" dir="0" index="7" bw="16" slack="0"/>
<pin id="279" dir="0" index="8" bw="16" slack="0"/>
<pin id="280" dir="0" index="9" bw="16" slack="0"/>
<pin id="281" dir="0" index="10" bw="16" slack="0"/>
<pin id="282" dir="0" index="11" bw="16" slack="0"/>
<pin id="283" dir="0" index="12" bw="16" slack="0"/>
<pin id="284" dir="0" index="13" bw="16" slack="0"/>
<pin id="285" dir="0" index="14" bw="16" slack="0"/>
<pin id="286" dir="0" index="15" bw="16" slack="0"/>
<pin id="287" dir="0" index="16" bw="16" slack="0"/>
<pin id="288" dir="0" index="17" bw="16" slack="0"/>
<pin id="289" dir="0" index="18" bw="16" slack="0"/>
<pin id="290" dir="0" index="19" bw="16" slack="0"/>
<pin id="291" dir="0" index="20" bw="16" slack="0"/>
<pin id="292" dir="1" index="21" bw="0" slack="2147483647"/>
</pin_list>
<bind>
<opcode="call(48) " fcode="call"/>
<opset="call_ln0/5 "/>
</bind>
</comp>

<comp id="312" class="1004" name="grp_UpConv_Fused_Row_8_16_16_960_480_Pipeline_PIXEL_NORM_fu_312">
<pin_list>
<pin id="313" dir="0" index="0" bw="0" slack="0"/>
<pin id="314" dir="0" index="1" bw="256" slack="2147483647"/>
<pin id="315" dir="0" index="2" bw="256" slack="2147483647"/>
<pin id="316" dir="0" index="3" bw="10" slack="0"/>
<pin id="317" dir="0" index="4" bw="64" slack="0"/>
<pin id="318" dir="0" index="5" bw="256" slack="0"/>
<pin id="319" dir="0" index="6" bw="32" slack="0"/>
<pin id="320" dir="0" index="7" bw="16" slack="0"/>
<pin id="321" dir="0" index="8" bw="16" slack="0"/>
<pin id="322" dir="0" index="9" bw="16" slack="0"/>
<pin id="323" dir="0" index="10" bw="16" slack="0"/>
<pin id="324" dir="0" index="11" bw="16" slack="0"/>
<pin id="325" dir="0" index="12" bw="16" slack="0"/>
<pin id="326" dir="0" index="13" bw="16" slack="0"/>
<pin id="327" dir="0" index="14" bw="16" slack="0"/>
<pin id="328" dir="0" index="15" bw="16" slack="0"/>
<pin id="329" dir="0" index="16" bw="16" slack="0"/>
<pin id="330" dir="0" index="17" bw="16" slack="0"/>
<pin id="331" dir="0" index="18" bw="16" slack="0"/>
<pin id="332" dir="0" index="19" bw="16" slack="0"/>
<pin id="333" dir="0" index="20" bw="16" slack="0"/>
<pin id="334" dir="0" index="21" bw="16" slack="0"/>
<pin id="335" dir="0" index="22" bw="16" slack="0"/>
<pin id="336" dir="0" index="23" bw="16" slack="0"/>
<pin id="337" dir="1" index="24" bw="0" slack="2147483647"/>
</pin_list>
<bind>
<opcode="call(48) " fcode="call"/>
<opset="call_ln0/7 "/>
</bind>
</comp>

<comp id="359" class="1004" name="grp_fu_359">
<pin_list>
<pin id="360" dir="0" index="0" bw="16" slack="0"/>
<pin id="361" dir="1" index="1" bw="32" slack="1"/>
</pin_list>
<bind>
<opcode="hptosp(533) " fcode="hptosp"/>
<opset="conv5/3 "/>
</bind>
</comp>

<comp id="363" class="1004" name="trunc_ln_fu_363">
<pin_list>
<pin id="364" dir="0" index="0" bw="59" slack="0"/>
<pin id="365" dir="0" index="1" bw="64" slack="0"/>
<pin id="366" dir="0" index="2" bw="4" slack="0"/>
<pin id="367" dir="0" index="3" bw="7" slack="0"/>
<pin id="368" dir="1" index="4" bw="59" slack="0"/>
</pin_list>
<bind>
<opcode="partselect(1002) " fcode="partselect"/>
<opset="trunc_ln/1 "/>
</bind>
</comp>

<comp id="374" class="1004" name="trunc_ln221_5_fu_374">
<pin_list>
<pin id="375" dir="0" index="0" bw="59" slack="0"/>
<pin id="376" dir="0" index="1" bw="64" slack="0"/>
<pin id="377" dir="0" index="2" bw="4" slack="0"/>
<pin id="378" dir="0" index="3" bw="7" slack="0"/>
<pin id="379" dir="1" index="4" bw="59" slack="0"/>
</pin_list>
<bind>
<opcode="partselect(1002) " fcode="partselect"/>
<opset="trunc_ln221_5/1 "/>
</bind>
</comp>

<comp id="385" class="1004" name="trunc_ln221_6_fu_385">
<pin_list>
<pin id="386" dir="0" index="0" bw="59" slack="0"/>
<pin id="387" dir="0" index="1" bw="64" slack="0"/>
<pin id="388" dir="0" index="2" bw="4" slack="0"/>
<pin id="389" dir="0" index="3" bw="7" slack="0"/>
<pin id="390" dir="1" index="4" bw="59" slack="0"/>
</pin_list>
<bind>
<opcode="partselect(1002) " fcode="partselect"/>
<opset="trunc_ln221_6/1 "/>
</bind>
</comp>

<comp id="396" class="1004" name="ho_cast_fu_396">
<pin_list>
<pin id="397" dir="0" index="0" bw="5" slack="0"/>
<pin id="398" dir="1" index="1" bw="6" slack="0"/>
</pin_list>
<bind>
<opcode="zext(34) " fcode="zext"/>
<opset="ho_cast/3 "/>
</bind>
</comp>

<comp id="400" class="1004" name="add57_fu_400">
<pin_list>
<pin id="401" dir="0" index="0" bw="5" slack="0"/>
<pin id="402" dir="0" index="1" bw="1" slack="0"/>
<pin id="403" dir="1" index="2" bw="6" slack="0"/>
</pin_list>
<bind>
<opcode="add(8) " fcode="add"/>
<opset="add57/3 "/>
</bind>
</comp>

<comp id="407" class="1004" name="mul_fu_407">
<pin_list>
<pin id="408" dir="0" index="0" bw="10" slack="0"/>
<pin id="409" dir="0" index="1" bw="5" slack="4"/>
<pin id="410" dir="0" index="2" bw="1" slack="0"/>
<pin id="411" dir="1" index="3" bw="10" slack="0"/>
</pin_list>
<bind>
<opcode="bitconcatenate(1004) " fcode="bitconcatenate"/>
<opset="mul/7 "/>
</bind>
</comp>

<comp id="415" class="1005" name="trunc_ln_reg_415">
<pin_list>
<pin id="416" dir="0" index="0" bw="59" slack="1"/>
<pin id="417" dir="1" index="1" bw="59" slack="1"/>
</pin_list>
<bind>
<opset="trunc_ln "/>
</bind>
</comp>

<comp id="420" class="1005" name="trunc_ln221_5_reg_420">
<pin_list>
<pin id="421" dir="0" index="0" bw="59" slack="1"/>
<pin id="422" dir="1" index="1" bw="59" slack="1"/>
</pin_list>
<bind>
<opset="trunc_ln221_5 "/>
</bind>
</comp>

<comp id="425" class="1005" name="trunc_ln221_6_reg_425">
<pin_list>
<pin id="426" dir="0" index="0" bw="59" slack="1"/>
<pin id="427" dir="1" index="1" bw="59" slack="1"/>
</pin_list>
<bind>
<opset="trunc_ln221_6 "/>
</bind>
</comp>

<comp id="430" class="1005" name="ho_read_reg_430">
<pin_list>
<pin id="431" dir="0" index="0" bw="5" slack="4"/>
<pin id="432" dir="1" index="1" bw="5" slack="4"/>
</pin_list>
<bind>
<opset="ho_read "/>
</bind>
</comp>

<comp id="435" class="1005" name="epsilon_read_reg_435">
<pin_list>
<pin id="436" dir="0" index="0" bw="16" slack="1"/>
<pin id="437" dir="1" index="1" bw="16" slack="1"/>
</pin_list>
<bind>
<opset="epsilon_read "/>
</bind>
</comp>

<comp id="440" class="1005" name="W_ptr_read_reg_440">
<pin_list>
<pin id="441" dir="0" index="0" bw="64" slack="1"/>
<pin id="442" dir="1" index="1" bw="64" slack="1"/>
</pin_list>
<bind>
<opset="W_ptr_read "/>
</bind>
</comp>

<comp id="445" class="1005" name="add57_reg_445">
<pin_list>
<pin id="446" dir="0" index="0" bw="6" slack="1"/>
<pin id="447" dir="1" index="1" bw="6" slack="1"/>
</pin_list>
<bind>
<opset="add57 "/>
</bind>
</comp>

<comp id="450" class="1005" name="conv5_reg_450">
<pin_list>
<pin id="451" dir="0" index="0" bw="32" slack="1"/>
<pin id="452" dir="1" index="1" bw="32" slack="1"/>
</pin_list>
<bind>
<opset="conv5 "/>
</bind>
</comp>

<comp id="455" class="1005" name="Y_read_reg_455">
<pin_list>
<pin id="456" dir="0" index="0" bw="64" slack="1"/>
<pin id="457" dir="1" index="1" bw="64" slack="1"/>
</pin_list>
<bind>
<opset="Y_read "/>
</bind>
</comp>

<comp id="460" class="1005" name="mul_reg_460">
<pin_list>
<pin id="461" dir="0" index="0" bw="10" slack="1"/>
<pin id="462" dir="1" index="1" bw="10" slack="1"/>
</pin_list>
<bind>
<opset="mul "/>
</bind>
</comp>

</comp_list>

<net_list>
<net id="125"><net_src comp="60" pin="0"/><net_sink comp="122" pin=0"/></net>

<net id="129"><net_src comp="60" pin="0"/><net_sink comp="126" pin=0"/></net>

<net id="133"><net_src comp="60" pin="0"/><net_sink comp="130" pin=0"/></net>

<net id="138"><net_src comp="58" pin="0"/><net_sink comp="134" pin=0"/></net>

<net id="139"><net_src comp="10" pin="0"/><net_sink comp="134" pin=1"/></net>

<net id="144"><net_src comp="58" pin="0"/><net_sink comp="140" pin=0"/></net>

<net id="145"><net_src comp="8" pin="0"/><net_sink comp="140" pin=1"/></net>

<net id="150"><net_src comp="58" pin="0"/><net_sink comp="146" pin=0"/></net>

<net id="151"><net_src comp="6" pin="0"/><net_sink comp="146" pin=1"/></net>

<net id="156"><net_src comp="72" pin="0"/><net_sink comp="152" pin=0"/></net>

<net id="157"><net_src comp="18" pin="0"/><net_sink comp="152" pin=1"/></net>

<net id="162"><net_src comp="74" pin="0"/><net_sink comp="158" pin=0"/></net>

<net id="163"><net_src comp="16" pin="0"/><net_sink comp="158" pin=1"/></net>

<net id="168"><net_src comp="58" pin="0"/><net_sink comp="164" pin=0"/></net>

<net id="169"><net_src comp="2" pin="0"/><net_sink comp="164" pin=1"/></net>

<net id="174"><net_src comp="58" pin="0"/><net_sink comp="170" pin=0"/></net>

<net id="175"><net_src comp="14" pin="0"/><net_sink comp="170" pin=1"/></net>

<net id="195"><net_src comp="62" pin="0"/><net_sink comp="176" pin=0"/></net>

<net id="196"><net_src comp="20" pin="0"/><net_sink comp="176" pin=1"/></net>

<net id="197"><net_src comp="22" pin="0"/><net_sink comp="176" pin=2"/></net>

<net id="198"><net_src comp="24" pin="0"/><net_sink comp="176" pin=3"/></net>

<net id="199"><net_src comp="26" pin="0"/><net_sink comp="176" pin=4"/></net>

<net id="200"><net_src comp="28" pin="0"/><net_sink comp="176" pin=5"/></net>

<net id="201"><net_src comp="30" pin="0"/><net_sink comp="176" pin=6"/></net>

<net id="202"><net_src comp="32" pin="0"/><net_sink comp="176" pin=7"/></net>

<net id="203"><net_src comp="34" pin="0"/><net_sink comp="176" pin=8"/></net>

<net id="204"><net_src comp="36" pin="0"/><net_sink comp="176" pin=9"/></net>

<net id="205"><net_src comp="38" pin="0"/><net_sink comp="176" pin=10"/></net>

<net id="206"><net_src comp="40" pin="0"/><net_sink comp="176" pin=11"/></net>

<net id="207"><net_src comp="42" pin="0"/><net_sink comp="176" pin=12"/></net>

<net id="208"><net_src comp="44" pin="0"/><net_sink comp="176" pin=13"/></net>

<net id="209"><net_src comp="46" pin="0"/><net_sink comp="176" pin=14"/></net>

<net id="210"><net_src comp="48" pin="0"/><net_sink comp="176" pin=15"/></net>

<net id="211"><net_src comp="50" pin="0"/><net_sink comp="176" pin=16"/></net>

<net id="222"><net_src comp="70" pin="0"/><net_sink comp="212" pin=0"/></net>

<net id="223"><net_src comp="122" pin="1"/><net_sink comp="212" pin=1"/></net>

<net id="224"><net_src comp="4" pin="0"/><net_sink comp="212" pin=3"/></net>

<net id="225"><net_src comp="126" pin="1"/><net_sink comp="212" pin=4"/></net>

<net id="226"><net_src comp="130" pin="1"/><net_sink comp="212" pin=6"/></net>

<net id="250"><net_src comp="78" pin="0"/><net_sink comp="227" pin=0"/></net>

<net id="251"><net_src comp="164" pin="2"/><net_sink comp="227" pin=1"/></net>

<net id="252"><net_src comp="0" pin="0"/><net_sink comp="227" pin=2"/></net>

<net id="253"><net_src comp="52" pin="0"/><net_sink comp="227" pin=4"/></net>

<net id="254"><net_src comp="20" pin="0"/><net_sink comp="227" pin=5"/></net>

<net id="255"><net_src comp="22" pin="0"/><net_sink comp="227" pin=6"/></net>

<net id="256"><net_src comp="24" pin="0"/><net_sink comp="227" pin=7"/></net>

<net id="257"><net_src comp="26" pin="0"/><net_sink comp="227" pin=8"/></net>

<net id="258"><net_src comp="28" pin="0"/><net_sink comp="227" pin=9"/></net>

<net id="259"><net_src comp="30" pin="0"/><net_sink comp="227" pin=10"/></net>

<net id="260"><net_src comp="32" pin="0"/><net_sink comp="227" pin=11"/></net>

<net id="261"><net_src comp="34" pin="0"/><net_sink comp="227" pin=12"/></net>

<net id="262"><net_src comp="36" pin="0"/><net_sink comp="227" pin=13"/></net>

<net id="263"><net_src comp="38" pin="0"/><net_sink comp="227" pin=14"/></net>

<net id="264"><net_src comp="40" pin="0"/><net_sink comp="227" pin=15"/></net>

<net id="265"><net_src comp="42" pin="0"/><net_sink comp="227" pin=16"/></net>

<net id="266"><net_src comp="44" pin="0"/><net_sink comp="227" pin=17"/></net>

<net id="267"><net_src comp="46" pin="0"/><net_sink comp="227" pin=18"/></net>

<net id="268"><net_src comp="48" pin="0"/><net_sink comp="227" pin=19"/></net>

<net id="269"><net_src comp="50" pin="0"/><net_sink comp="227" pin=20"/></net>

<net id="293"><net_src comp="80" pin="0"/><net_sink comp="270" pin=0"/></net>

<net id="294"><net_src comp="54" pin="0"/><net_sink comp="270" pin=3"/></net>

<net id="295"><net_src comp="56" pin="0"/><net_sink comp="270" pin=4"/></net>

<net id="296"><net_src comp="20" pin="0"/><net_sink comp="270" pin=5"/></net>

<net id="297"><net_src comp="22" pin="0"/><net_sink comp="270" pin=6"/></net>

<net id="298"><net_src comp="24" pin="0"/><net_sink comp="270" pin=7"/></net>

<net id="299"><net_src comp="26" pin="0"/><net_sink comp="270" pin=8"/></net>

<net id="300"><net_src comp="28" pin="0"/><net_sink comp="270" pin=9"/></net>

<net id="301"><net_src comp="30" pin="0"/><net_sink comp="270" pin=10"/></net>

<net id="302"><net_src comp="32" pin="0"/><net_sink comp="270" pin=11"/></net>

<net id="303"><net_src comp="34" pin="0"/><net_sink comp="270" pin=12"/></net>

<net id="304"><net_src comp="36" pin="0"/><net_sink comp="270" pin=13"/></net>

<net id="305"><net_src comp="38" pin="0"/><net_sink comp="270" pin=14"/></net>

<net id="306"><net_src comp="40" pin="0"/><net_sink comp="270" pin=15"/></net>

<net id="307"><net_src comp="42" pin="0"/><net_sink comp="270" pin=16"/></net>

<net id="308"><net_src comp="44" pin="0"/><net_sink comp="270" pin=17"/></net>

<net id="309"><net_src comp="46" pin="0"/><net_sink comp="270" pin=18"/></net>

<net id="310"><net_src comp="48" pin="0"/><net_sink comp="270" pin=19"/></net>

<net id="311"><net_src comp="50" pin="0"/><net_sink comp="270" pin=20"/></net>

<net id="338"><net_src comp="86" pin="0"/><net_sink comp="312" pin=0"/></net>

<net id="339"><net_src comp="170" pin="2"/><net_sink comp="312" pin=4"/></net>

<net id="340"><net_src comp="12" pin="0"/><net_sink comp="312" pin=5"/></net>

<net id="341"><net_src comp="54" pin="0"/><net_sink comp="312" pin=6"/></net>

<net id="342"><net_src comp="56" pin="0"/><net_sink comp="312" pin=7"/></net>

<net id="343"><net_src comp="20" pin="0"/><net_sink comp="312" pin=8"/></net>

<net id="344"><net_src comp="22" pin="0"/><net_sink comp="312" pin=9"/></net>

<net id="345"><net_src comp="24" pin="0"/><net_sink comp="312" pin=10"/></net>

<net id="346"><net_src comp="26" pin="0"/><net_sink comp="312" pin=11"/></net>

<net id="347"><net_src comp="28" pin="0"/><net_sink comp="312" pin=12"/></net>

<net id="348"><net_src comp="30" pin="0"/><net_sink comp="312" pin=13"/></net>

<net id="349"><net_src comp="32" pin="0"/><net_sink comp="312" pin=14"/></net>

<net id="350"><net_src comp="34" pin="0"/><net_sink comp="312" pin=15"/></net>

<net id="351"><net_src comp="36" pin="0"/><net_sink comp="312" pin=16"/></net>

<net id="352"><net_src comp="38" pin="0"/><net_sink comp="312" pin=17"/></net>

<net id="353"><net_src comp="40" pin="0"/><net_sink comp="312" pin=18"/></net>

<net id="354"><net_src comp="42" pin="0"/><net_sink comp="312" pin=19"/></net>

<net id="355"><net_src comp="44" pin="0"/><net_sink comp="312" pin=20"/></net>

<net id="356"><net_src comp="46" pin="0"/><net_sink comp="312" pin=21"/></net>

<net id="357"><net_src comp="48" pin="0"/><net_sink comp="312" pin=22"/></net>

<net id="358"><net_src comp="50" pin="0"/><net_sink comp="312" pin=23"/></net>

<net id="362"><net_src comp="158" pin="2"/><net_sink comp="359" pin=0"/></net>

<net id="369"><net_src comp="64" pin="0"/><net_sink comp="363" pin=0"/></net>

<net id="370"><net_src comp="146" pin="2"/><net_sink comp="363" pin=1"/></net>

<net id="371"><net_src comp="66" pin="0"/><net_sink comp="363" pin=2"/></net>

<net id="372"><net_src comp="68" pin="0"/><net_sink comp="363" pin=3"/></net>

<net id="373"><net_src comp="363" pin="4"/><net_sink comp="212" pin=2"/></net>

<net id="380"><net_src comp="64" pin="0"/><net_sink comp="374" pin=0"/></net>

<net id="381"><net_src comp="140" pin="2"/><net_sink comp="374" pin=1"/></net>

<net id="382"><net_src comp="66" pin="0"/><net_sink comp="374" pin=2"/></net>

<net id="383"><net_src comp="68" pin="0"/><net_sink comp="374" pin=3"/></net>

<net id="384"><net_src comp="374" pin="4"/><net_sink comp="212" pin=5"/></net>

<net id="391"><net_src comp="64" pin="0"/><net_sink comp="385" pin=0"/></net>

<net id="392"><net_src comp="134" pin="2"/><net_sink comp="385" pin=1"/></net>

<net id="393"><net_src comp="66" pin="0"/><net_sink comp="385" pin=2"/></net>

<net id="394"><net_src comp="68" pin="0"/><net_sink comp="385" pin=3"/></net>

<net id="395"><net_src comp="385" pin="4"/><net_sink comp="212" pin=7"/></net>

<net id="399"><net_src comp="152" pin="2"/><net_sink comp="396" pin=0"/></net>

<net id="404"><net_src comp="396" pin="1"/><net_sink comp="400" pin=0"/></net>

<net id="405"><net_src comp="76" pin="0"/><net_sink comp="400" pin=1"/></net>

<net id="406"><net_src comp="400" pin="2"/><net_sink comp="227" pin=3"/></net>

<net id="412"><net_src comp="82" pin="0"/><net_sink comp="407" pin=0"/></net>

<net id="413"><net_src comp="84" pin="0"/><net_sink comp="407" pin=2"/></net>

<net id="414"><net_src comp="407" pin="3"/><net_sink comp="312" pin=3"/></net>

<net id="418"><net_src comp="363" pin="4"/><net_sink comp="415" pin=0"/></net>

<net id="419"><net_src comp="415" pin="1"/><net_sink comp="212" pin=2"/></net>

<net id="423"><net_src comp="374" pin="4"/><net_sink comp="420" pin=0"/></net>

<net id="424"><net_src comp="420" pin="1"/><net_sink comp="212" pin=5"/></net>

<net id="428"><net_src comp="385" pin="4"/><net_sink comp="425" pin=0"/></net>

<net id="429"><net_src comp="425" pin="1"/><net_sink comp="212" pin=7"/></net>

<net id="433"><net_src comp="152" pin="2"/><net_sink comp="430" pin=0"/></net>

<net id="434"><net_src comp="430" pin="1"/><net_sink comp="407" pin=1"/></net>

<net id="438"><net_src comp="158" pin="2"/><net_sink comp="435" pin=0"/></net>

<net id="439"><net_src comp="435" pin="1"/><net_sink comp="359" pin=0"/></net>

<net id="443"><net_src comp="164" pin="2"/><net_sink comp="440" pin=0"/></net>

<net id="444"><net_src comp="440" pin="1"/><net_sink comp="227" pin=1"/></net>

<net id="448"><net_src comp="400" pin="2"/><net_sink comp="445" pin=0"/></net>

<net id="449"><net_src comp="445" pin="1"/><net_sink comp="227" pin=3"/></net>

<net id="453"><net_src comp="359" pin="1"/><net_sink comp="450" pin=0"/></net>

<net id="454"><net_src comp="450" pin="1"/><net_sink comp="270" pin=1"/></net>

<net id="458"><net_src comp="170" pin="2"/><net_sink comp="455" pin=0"/></net>

<net id="459"><net_src comp="455" pin="1"/><net_sink comp="312" pin=4"/></net>

<net id="463"><net_src comp="407" pin="3"/><net_sink comp="460" pin=0"/></net>

<net id="464"><net_src comp="460" pin="1"/><net_sink comp="312" pin=3"/></net>

</net_list>

</model> 
---------------- Datapath Model END ------------------

* FSMD analyzer results:
  - Output states:
	Port: gmem_out | {7 8 }
	Port: void_UpConv_Fused_Row_ap_uint_ap_uint_const_ap_uint_const_ap_uint_const_ap_u_29 | {1 2 3 4 5 6 }
	Port: void_UpConv_Fused_Row_ap_uint_ap_uint_const_ap_uint_const_ap_uint_const_ap_u_28 | {1 2 3 4 5 6 }
	Port: void_UpConv_Fused_Row_ap_uint_ap_uint_const_ap_uint_const_ap_uint_const_ap_u_27 | {1 2 3 4 5 6 }
	Port: void_UpConv_Fused_Row_ap_uint_ap_uint_const_ap_uint_const_ap_uint_const_ap_u_26 | {1 2 3 4 5 6 }
	Port: void_UpConv_Fused_Row_ap_uint_ap_uint_const_ap_uint_const_ap_uint_const_ap_u_25 | {1 2 3 4 5 6 }
	Port: void_UpConv_Fused_Row_ap_uint_ap_uint_const_ap_uint_const_ap_uint_const_ap_u_24 | {1 2 3 4 5 6 }
	Port: void_UpConv_Fused_Row_ap_uint_ap_uint_const_ap_uint_const_ap_uint_const_ap_u_23 | {1 2 3 4 5 6 }
	Port: void_UpConv_Fused_Row_ap_uint_ap_uint_const_ap_uint_const_ap_uint_const_ap_u_22 | {1 2 3 4 5 6 }
	Port: void_UpConv_Fused_Row_ap_uint_ap_uint_const_ap_uint_const_ap_uint_const_ap_u_21 | {1 2 3 4 5 6 }
	Port: void_UpConv_Fused_Row_ap_uint_ap_uint_const_ap_uint_const_ap_uint_const_ap_u_20 | {1 2 3 4 5 6 }
	Port: p_ZZ16UpConv_Fused_RowILi8ELi16ELi16ELi960ELi480EEvP7ap_uintILi256EEPKS1_S4_S4_S4_5 | {1 2 3 4 5 6 }
	Port: p_ZZ16UpConv_Fused_RowILi8ELi16ELi16ELi960ELi480EEvP7ap_uintILi256EEPKS1_S4_S4_S4_4 | {1 2 3 4 5 6 }
	Port: p_ZZ16UpConv_Fused_RowILi8ELi16ELi16ELi960ELi480EEvP7ap_uintILi256EEPKS1_S4_S4_S4_3 | {1 2 3 4 5 6 }
	Port: p_ZZ16UpConv_Fused_RowILi8ELi16ELi16ELi960ELi480EEvP7ap_uintILi256EEPKS1_S4_S4_S4_2 | {1 2 3 4 5 6 }
	Port: p_ZZ16UpConv_Fused_RowILi8ELi16ELi16ELi960ELi480EEvP7ap_uintILi256EEPKS1_S4_S4_S4_1 | {1 2 3 4 5 6 }
	Port: p_ZZ16UpConv_Fused_RowILi8ELi16ELi16ELi960ELi480EEvP7ap_uintILi256EEPKS1_S4_S4_S4 | {1 2 3 4 5 6 }
	Port: mean_buf_2 | {5 6 }
	Port: inv_buf_2 | {5 6 }
 - Input state : 
	Port: UpConv_Fused_Row<8, 16, 16, 960, 480> : gmem_weight | {3 4 }
	Port: UpConv_Fused_Row<8, 16, 16, 960, 480> : W_ptr | {3 }
	Port: UpConv_Fused_Row<8, 16, 16, 960, 480> : gmem_param | {1 2 }
	Port: UpConv_Fused_Row<8, 16, 16, 960, 480> : B_ptr | {1 }
	Port: UpConv_Fused_Row<8, 16, 16, 960, 480> : G_ptr | {1 }
	Port: UpConv_Fused_Row<8, 16, 16, 960, 480> : BE_ptr | {1 }
	Port: UpConv_Fused_Row<8, 16, 16, 960, 480> : Y | {7 }
	Port: UpConv_Fused_Row<8, 16, 16, 960, 480> : epsilon | {3 }
	Port: UpConv_Fused_Row<8, 16, 16, 960, 480> : ho | {3 }
	Port: UpConv_Fused_Row<8, 16, 16, 960, 480> : void_UpConv_Fused_Row_ap_uint_ap_uint_const_ap_uint_const_ap_uint_const_ap_u_29 | {3 4 5 6 7 8 }
	Port: UpConv_Fused_Row<8, 16, 16, 960, 480> : void_UpConv_Fused_Row_ap_uint_ap_uint_const_ap_uint_const_ap_uint_const_ap_u_28 | {3 4 5 6 7 8 }
	Port: UpConv_Fused_Row<8, 16, 16, 960, 480> : void_UpConv_Fused_Row_ap_uint_ap_uint_const_ap_uint_const_ap_uint_const_ap_u_27 | {3 4 5 6 7 8 }
	Port: UpConv_Fused_Row<8, 16, 16, 960, 480> : void_UpConv_Fused_Row_ap_uint_ap_uint_const_ap_uint_const_ap_uint_const_ap_u_26 | {3 4 5 6 7 8 }
	Port: UpConv_Fused_Row<8, 16, 16, 960, 480> : void_UpConv_Fused_Row_ap_uint_ap_uint_const_ap_uint_const_ap_uint_const_ap_u_25 | {3 4 5 6 7 8 }
	Port: UpConv_Fused_Row<8, 16, 16, 960, 480> : void_UpConv_Fused_Row_ap_uint_ap_uint_const_ap_uint_const_ap_uint_const_ap_u_24 | {3 4 5 6 7 8 }
	Port: UpConv_Fused_Row<8, 16, 16, 960, 480> : void_UpConv_Fused_Row_ap_uint_ap_uint_const_ap_uint_const_ap_uint_const_ap_u_23 | {3 4 5 6 7 8 }
	Port: UpConv_Fused_Row<8, 16, 16, 960, 480> : void_UpConv_Fused_Row_ap_uint_ap_uint_const_ap_uint_const_ap_uint_const_ap_u_22 | {3 4 5 6 7 8 }
	Port: UpConv_Fused_Row<8, 16, 16, 960, 480> : void_UpConv_Fused_Row_ap_uint_ap_uint_const_ap_uint_const_ap_uint_const_ap_u_21 | {3 4 5 6 7 8 }
	Port: UpConv_Fused_Row<8, 16, 16, 960, 480> : void_UpConv_Fused_Row_ap_uint_ap_uint_const_ap_uint_const_ap_uint_const_ap_u_20 | {3 4 5 6 7 8 }
	Port: UpConv_Fused_Row<8, 16, 16, 960, 480> : p_ZZ16UpConv_Fused_RowILi8ELi16ELi16ELi960ELi480EEvP7ap_uintILi256EEPKS1_S4_S4_S4_5 | {3 4 5 6 7 8 }
	Port: UpConv_Fused_Row<8, 16, 16, 960, 480> : p_ZZ16UpConv_Fused_RowILi8ELi16ELi16ELi960ELi480EEvP7ap_uintILi256EEPKS1_S4_S4_S4_4 | {3 4 5 6 7 8 }
	Port: UpConv_Fused_Row<8, 16, 16, 960, 480> : p_ZZ16UpConv_Fused_RowILi8ELi16ELi16ELi960ELi480EEvP7ap_uintILi256EEPKS1_S4_S4_S4_3 | {3 4 5 6 7 8 }
	Port: UpConv_Fused_Row<8, 16, 16, 960, 480> : p_ZZ16UpConv_Fused_RowILi8ELi16ELi16ELi960ELi480EEvP7ap_uintILi256EEPKS1_S4_S4_S4_2 | {3 4 5 6 7 8 }
	Port: UpConv_Fused_Row<8, 16, 16, 960, 480> : p_ZZ16UpConv_Fused_RowILi8ELi16ELi16ELi960ELi480EEvP7ap_uintILi256EEPKS1_S4_S4_S4_1 | {3 4 5 6 7 8 }
	Port: UpConv_Fused_Row<8, 16, 16, 960, 480> : p_ZZ16UpConv_Fused_RowILi8ELi16ELi16ELi960ELi480EEvP7ap_uintILi256EEPKS1_S4_S4_S4 | {3 4 5 6 7 8 }
	Port: UpConv_Fused_Row<8, 16, 16, 960, 480> : x_buf | {3 4 }
	Port: UpConv_Fused_Row<8, 16, 16, 960, 480> : mean_buf_2 | {7 8 }
	Port: UpConv_Fused_Row<8, 16, 16, 960, 480> : inv_buf_2 | {7 8 }
  - Chain level:
	State 1
		call_ln221 : 1
	State 2
	State 3
		add57 : 1
		call_ln0 : 2
	State 4
	State 5
	State 6
	State 7
		call_ln0 : 1
	State 8


============================================================
+ Verbose Summary: Datapath Resource usage 
============================================================

* Functional unit list:
|----------|--------------------------------------------------------------------|---------|---------|---------|---------|---------|
| Operation|                           Functional Unit                          |   BRAM  |   DSP   |  Delay  |    FF   |   LUT   |
|----------|--------------------------------------------------------------------|---------|---------|---------|---------|---------|
|          | grp_UpConv_Fused_Row_8_16_16_960_480_Pipeline_RESET_ROW_ACC_fu_176 |    0    |    0    |    0    |    74   |   251   |
|          |  grp_UpConv_Fused_Row_8_16_16_960_480_Pipeline_LOAD_PARAMS_fu_212  |    0    |    0    |  1.281  |   1971  |   249   |
|   call   |    grp_UpConv_Fused_Row_8_16_16_960_480_Outline_TILE_LOOP_fu_227   |   120   |   592   | 134.932 |  41850  |  27784  |
|          |  grp_UpConv_Fused_Row_8_16_16_960_480_Pipeline_PIXEL_STATS_fu_270  |    0    |    48   |  14.518 |  10370  |   5897  |
|          |   grp_UpConv_Fused_Row_8_16_16_960_480_Pipeline_PIXEL_NORM_fu_312  |    0    |   128   |  29.89  |  10164  |   6886  |
|----------|--------------------------------------------------------------------|---------|---------|---------|---------|---------|
|    add   |                            add57_fu_400                            |    0    |    0    |    0    |    0    |    12   |
|----------|--------------------------------------------------------------------|---------|---------|---------|---------|---------|
|          |                       BE_ptr_read_read_fu_134                      |    0    |    0    |    0    |    0    |    0    |
|          |                       G_ptr_read_read_fu_140                       |    0    |    0    |    0    |    0    |    0    |
|          |                       B_ptr_read_read_fu_146                       |    0    |    0    |    0    |    0    |    0    |
|   read   |                         ho_read_read_fu_152                        |    0    |    0    |    0    |    0    |    0    |
|          |                      epsilon_read_read_fu_158                      |    0    |    0    |    0    |    0    |    0    |
|          |                       W_ptr_read_read_fu_164                       |    0    |    0    |    0    |    0    |    0    |
|          |                         Y_read_read_fu_170                         |    0    |    0    |    0    |    0    |    0    |
|----------|--------------------------------------------------------------------|---------|---------|---------|---------|---------|
|  hptosp  |                             grp_fu_359                             |    0    |    0    |    0    |    0    |    0    |
|----------|--------------------------------------------------------------------|---------|---------|---------|---------|---------|
|          |                           trunc_ln_fu_363                          |    0    |    0    |    0    |    0    |    0    |
|partselect|                        trunc_ln221_5_fu_374                        |    0    |    0    |    0    |    0    |    0    |
|          |                        trunc_ln221_6_fu_385                        |    0    |    0    |    0    |    0    |    0    |
|----------|--------------------------------------------------------------------|---------|---------|---------|---------|---------|
|   zext   |                           ho_cast_fu_396                           |    0    |    0    |    0    |    0    |    0    |
|----------|--------------------------------------------------------------------|---------|---------|---------|---------|---------|
|bitconcatenate|                             mul_fu_407                             |    0    |    0    |    0    |    0    |    0    |
|----------|--------------------------------------------------------------------|---------|---------|---------|---------|---------|
|   Total  |                                                                    |   120   |   768   | 180.621 |  64429  |  41079  |
|----------|--------------------------------------------------------------------|---------|---------|---------|---------|---------|

Memories:
+------+--------+--------+--------+
|      |  BRAM  |   FF   |   LUT  |
+------+--------+--------+--------+
| b_buf|    8   |    0   |    0   |
|be_buf|    8   |    0   |    0   |
| g_buf|    8   |    0   |    0   |
+------+--------+--------+--------+
| Total|   24   |    0   |    0   |
+------+--------+--------+--------+

* Register list:
+---------------------+--------+
|                     |   FF   |
+---------------------+--------+
|  W_ptr_read_reg_440 |   64   |
|    Y_read_reg_455   |   64   |
|    add57_reg_445    |    6   |
|    conv5_reg_450    |   32   |
| epsilon_read_reg_435|   16   |
|   ho_read_reg_430   |    5   |
|     mul_reg_460     |   10   |
|trunc_ln221_5_reg_420|   59   |
|trunc_ln221_6_reg_425|   59   |
|   trunc_ln_reg_415  |   59   |
+---------------------+--------+
|        Total        |   374  |
+---------------------+--------+

* Multiplexer (MUX) list: 
|------------------------------------------------------------------|------|------|------|--------||---------||---------||---------|
|                               Comp                               |  Pin | Size |  BW  | S x BW ||  Delay  ||    FF   ||   LUT   |
|------------------------------------------------------------------|------|------|------|--------||---------||---------||---------|
| grp_UpConv_Fused_Row_8_16_16_960_480_Pipeline_LOAD_PARAMS_fu_212 |  p2  |   2  |  59  |   118  ||    0    ||    9    |
| grp_UpConv_Fused_Row_8_16_16_960_480_Pipeline_LOAD_PARAMS_fu_212 |  p5  |   2  |  59  |   118  ||    0    ||    9    |
| grp_UpConv_Fused_Row_8_16_16_960_480_Pipeline_LOAD_PARAMS_fu_212 |  p7  |   2  |  59  |   118  ||    0    ||    9    |
|   grp_UpConv_Fused_Row_8_16_16_960_480_Outline_TILE_LOOP_fu_227  |  p1  |   2  |  64  |   128  ||    0    ||    9    |
|   grp_UpConv_Fused_Row_8_16_16_960_480_Outline_TILE_LOOP_fu_227  |  p3  |   2  |   6  |   12   ||    0    ||    9    |
|  grp_UpConv_Fused_Row_8_16_16_960_480_Pipeline_PIXEL_NORM_fu_312 |  p3  |   2  |  10  |   20   ||    0    ||    9    |
|  grp_UpConv_Fused_Row_8_16_16_960_480_Pipeline_PIXEL_NORM_fu_312 |  p4  |   2  |  64  |   128  ||    0    ||    9    |
|                            grp_fu_359                            |  p0  |   2  |  16  |   32   ||    0    ||    9    |
|------------------------------------------------------------------|------|------|------|--------||---------||---------||---------|
|                               Total                              |      |      |      |   674  ||  3.416  ||    0    ||    72   |
|------------------------------------------------------------------|------|------|------|--------||---------||---------||---------|



* Summary:
+-----------+--------+--------+--------+--------+--------+
|           |  BRAM  |   DSP  |  Delay |   FF   |   LUT  |
+-----------+--------+--------+--------+--------+--------+
|  Function |   120  |   768  |   180  |  64429 |  41079 |
|   Memory  |   24   |    -   |    -   |    0   |    0   |
|Multiplexer|    -   |    -   |    3   |    0   |   72   |
|  Register |    -   |    -   |    -   |   374  |    -   |
+-----------+--------+--------+--------+--------+--------+
|   Total   |   144  |   768  |   184  |  64803 |  41151 |
+-----------+--------+--------+--------+--------+--------+
