

================================================================
== Vitis HLS Report for 'UpConv_Fused_Row_Pipeline_PRELOAD_W_VITIS_LOOP_142_2_VITIS_LOOP_143_3_1'
================================================================
* Date:           Thu May  7 18:52:15 2026

* Version:        2024.2 (Build 5238294 on Nov  8 2024)
* Project:        upconv_core_top
* Solution:       hls (Vivado IP Flow Target)
* Product family: zynquplus
* Target device:  xczu7ev-ffvc1156-2-e


================================================================
== Performance Estimates
================================================================
+ Timing: 
    * Summary: 
    +--------+---------+----------+------------+
    |  Clock |  Target | Estimated| Uncertainty|
    +--------+---------+----------+------------+
    |ap_clk  |  3.33 ns|  2.660 ns|     0.90 ns|
    +--------+---------+----------+------------+

+ Latency: 
    * Summary: 
    +---------+---------+-----------+-----------+------+------+------------------------------------------------+
    |  Latency (cycles) |   Latency (absolute)  |   Interval  |                    Pipeline                    |
    |   min   |   max   |    min    |    max    |  min |  max |                      Type                      |
    +---------+---------+-----------+-----------+------+------+------------------------------------------------+
    |     4323|     4323|  14.409 us|  14.409 us|  4321|  4321|  loop auto-rewind stp (delay=0 clock cycles(s))|
    +---------+---------+-----------+-----------+------+------+------------------------------------------------+

    + Detail: 
        * Instance: 
        N/A

        * Loop: 
        +-----------------------------------------------+---------+---------+----------+-----------+-----------+------+----------+
        |                                               |  Latency (cycles) | Iteration|  Initiation Interval  | Trip |          |
        |                   Loop Name                   |   min   |   max   |  Latency |  achieved |   target  | Count| Pipelined|
        +-----------------------------------------------+---------+---------+----------+-----------+-----------+------+----------+
        |- PRELOAD_W_VITIS_LOOP_142_2_VITIS_LOOP_143_3  |     4321|     4321|         3|          1|          1|  4320|       yes|
        +-----------------------------------------------+---------+---------+----------+-----------+-----------+------+----------+

============================================================
+ Verbose Summary: Synthesis Manager
============================================================
InlineROM: 1
ExposeGlobal: 0
============================================================
+ Verbose Summary: CDFG Model
============================================================
IsTopModel: 0
ResetActiveHigh: 1
IsCombinational: 0
IsDatapathOnly: 0
HasWiredReturn: 1
HasMFsm: 2
HasVarLatency: 1
IsPipeline: 0
IsRtlPipelined: 0
IsInstanceOverlapped: 0
IsDontTouch: 0
HasImplIP: 0
IsGatedGlobalClock: 0

+ Individual pipeline summary: 
  * Pipeline-0: initiation interval (II) = 1, depth = 3


============================================================
+ Verbose Summary: Schedule
============================================================
* Number of FSM states : 3
* Pipeline : 1
  Pipeline-0 : II = 1, D = 3, States = { 1 2 3 }
* Dataflow Pipeline: 0

* FSM state transitions: 
1 --> 2 
2 --> 3 
3 --> 

* FSM state operations: 

State 1 <SV = 0> <Delay = 2.28>
ST_1 : Operation 6 [1/1] (0.00ns)   --->   "%ci_w = alloca i32 1" [../gen/Hls_Layers_UpConv.tpp:143]   --->   Operation 6 'alloca' 'ci_w' <Predicate = true> <Delay = 0.00>
ST_1 : Operation 7 [1/1] (0.00ns)   --->   "%k = alloca i32 1" [../gen/Hls_Layers_UpConv.tpp:142]   --->   Operation 7 'alloca' 'k' <Predicate = true> <Delay = 0.00>
ST_1 : Operation 8 [1/1] (0.00ns)   --->   "%indvar_flatten = alloca i32 1"   --->   Operation 8 'alloca' 'indvar_flatten' <Predicate = true> <Delay = 0.00>
ST_1 : Operation 9 [1/1] (0.00ns)   --->   "%tc = alloca i32 1" [../gen/Hls_Layers_UpConv.tpp:139]   --->   Operation 9 'alloca' 'tc' <Predicate = true> <Delay = 0.00>
ST_1 : Operation 10 [1/1] (0.00ns)   --->   "%indvar_flatten12 = alloca i32 1"   --->   Operation 10 'alloca' 'indvar_flatten12' <Predicate = true> <Delay = 0.00>
ST_1 : Operation 11 [1/1] (0.00ns)   --->   "%sext_ln135_read = read i59 @_ssdm_op_Read.ap_auto.i59, i59 %sext_ln135"   --->   Operation 11 'read' 'sext_ln135_read' <Predicate = true> <Delay = 0.00>
ST_1 : Operation 12 [1/1] (0.00ns)   --->   "%sext_ln135_cast = sext i59 %sext_ln135_read"   --->   Operation 12 'sext' 'sext_ln135_cast' <Predicate = true> <Delay = 0.00>
ST_1 : Operation 13 [1/1] (0.00ns)   --->   "%specmemcore_ln0 = specmemcore void @_ssdm_op_SpecMemCore, i256 %w_local_7, i64 666, i64 30, i64 18446744073709551615"   --->   Operation 13 'specmemcore' 'specmemcore_ln0' <Predicate = true> <Delay = 0.00>
ST_1 : Operation 14 [1/1] (0.00ns)   --->   "%specmemcore_ln0 = specmemcore void @_ssdm_op_SpecMemCore, i256 %w_local_6, i64 666, i64 30, i64 18446744073709551615"   --->   Operation 14 'specmemcore' 'specmemcore_ln0' <Predicate = true> <Delay = 0.00>
ST_1 : Operation 15 [1/1] (0.00ns)   --->   "%specmemcore_ln0 = specmemcore void @_ssdm_op_SpecMemCore, i256 %w_local_5, i64 666, i64 30, i64 18446744073709551615"   --->   Operation 15 'specmemcore' 'specmemcore_ln0' <Predicate = true> <Delay = 0.00>
ST_1 : Operation 16 [1/1] (0.00ns)   --->   "%specmemcore_ln0 = specmemcore void @_ssdm_op_SpecMemCore, i256 %w_local_4, i64 666, i64 30, i64 18446744073709551615"   --->   Operation 16 'specmemcore' 'specmemcore_ln0' <Predicate = true> <Delay = 0.00>
ST_1 : Operation 17 [1/1] (0.00ns)   --->   "%specmemcore_ln0 = specmemcore void @_ssdm_op_SpecMemCore, i256 %w_local_3, i64 666, i64 30, i64 18446744073709551615"   --->   Operation 17 'specmemcore' 'specmemcore_ln0' <Predicate = true> <Delay = 0.00>
ST_1 : Operation 18 [1/1] (0.00ns)   --->   "%specmemcore_ln0 = specmemcore void @_ssdm_op_SpecMemCore, i256 %w_local_2, i64 666, i64 30, i64 18446744073709551615"   --->   Operation 18 'specmemcore' 'specmemcore_ln0' <Predicate = true> <Delay = 0.00>
ST_1 : Operation 19 [1/1] (0.00ns)   --->   "%specmemcore_ln0 = specmemcore void @_ssdm_op_SpecMemCore, i256 %w_local_1, i64 666, i64 30, i64 18446744073709551615"   --->   Operation 19 'specmemcore' 'specmemcore_ln0' <Predicate = true> <Delay = 0.00>
ST_1 : Operation 20 [1/1] (0.00ns)   --->   "%specmemcore_ln0 = specmemcore void @_ssdm_op_SpecMemCore, i256 %w_local, i64 666, i64 30, i64 18446744073709551615"   --->   Operation 20 'specmemcore' 'specmemcore_ln0' <Predicate = true> <Delay = 0.00>
ST_1 : Operation 21 [1/1] (0.00ns)   --->   "%specinterface_ln0 = specinterface void @_ssdm_op_SpecInterface, i256 %gmem_weight, void @empty, i32 0, i32 0, void @empty_0, i32 0, i32 0, void @empty_10, void @empty_23, void @empty_0, i32 16, i32 16, i32 64, i32 16, void @empty_0, void @empty_0, i32 4294967295, i32 0, i32 0"   --->   Operation 21 'specinterface' 'specinterface_ln0' <Predicate = true> <Delay = 0.00>
ST_1 : Operation 22 [1/1] (0.42ns)   --->   "%store_ln0 = store i13 0, i13 %indvar_flatten12"   --->   Operation 22 'store' 'store_ln0' <Predicate = true> <Delay = 0.42>
ST_1 : Operation 23 [1/1] (0.42ns)   --->   "%store_ln139 = store i4 0, i4 %tc" [../gen/Hls_Layers_UpConv.tpp:139]   --->   Operation 23 'store' 'store_ln139' <Predicate = true> <Delay = 0.42>
ST_1 : Operation 24 [1/1] (0.42ns)   --->   "%store_ln0 = store i10 0, i10 %indvar_flatten"   --->   Operation 24 'store' 'store_ln0' <Predicate = true> <Delay = 0.42>
ST_1 : Operation 25 [1/1] (0.42ns)   --->   "%store_ln142 = store i4 0, i4 %k" [../gen/Hls_Layers_UpConv.tpp:142]   --->   Operation 25 'store' 'store_ln142' <Predicate = true> <Delay = 0.42>
ST_1 : Operation 26 [1/1] (0.42ns)   --->   "%store_ln143 = store i6 0, i6 %ci_w" [../gen/Hls_Layers_UpConv.tpp:143]   --->   Operation 26 'store' 'store_ln143' <Predicate = true> <Delay = 0.42>
ST_1 : Operation 27 [1/1] (0.00ns)   --->   "%br_ln0 = br void %for.inc39"   --->   Operation 27 'br' 'br_ln0' <Predicate = true> <Delay = 0.00>
ST_1 : Operation 28 [1/1] (0.00ns)   --->   "%indvar_flatten_load = load i10 %indvar_flatten" [../gen/Hls_Layers_UpConv.tpp:142]   --->   Operation 28 'load' 'indvar_flatten_load' <Predicate = true> <Delay = 0.00>
ST_1 : Operation 29 [1/1] (0.00ns)   --->   "%indvar_flatten12_load = load i13 %indvar_flatten12" [../gen/Hls_Layers_UpConv.tpp:139]   --->   Operation 29 'load' 'indvar_flatten12_load' <Predicate = true> <Delay = 0.00>
ST_1 : Operation 30 [1/1] (0.82ns)   --->   "%icmp_ln139 = icmp_eq  i13 %indvar_flatten12_load, i13 4320" [../gen/Hls_Layers_UpConv.tpp:139]   --->   Operation 30 'icmp' 'icmp_ln139' <Predicate = true> <Delay = 0.82> <CoreInst = "Cmp">   --->   Core 9 'Cmp' <Latency = 0> <II = 1> <Delay = 0.82> <FuncUnit> <Opcode : 'seteq' 'setne' 'setle' 'setge' 'setlt' 'setgt'> <InPorts = 2> <OutPorts = 1>
ST_1 : Operation 31 [1/1] (0.82ns)   --->   "%add_ln139_1 = add i13 %indvar_flatten12_load, i13 1" [../gen/Hls_Layers_UpConv.tpp:139]   --->   Operation 31 'add' 'add_ln139_1' <Predicate = true> <Delay = 0.82> <CoreInst = "Adder">   --->   Core 1 'Adder' <Latency = 0> <II = 1> <Delay = 0.82> <FuncUnit> <Opcode : 'add' 'sub'> <InPorts = 2> <OutPorts = 1>
ST_1 : Operation 32 [1/1] (0.00ns)   --->   "%br_ln139 = br i1 %icmp_ln139, void %for.inc45, void %KH_LOOP.exitStub" [../gen/Hls_Layers_UpConv.tpp:139]   --->   Operation 32 'br' 'br_ln139' <Predicate = true> <Delay = 0.00>
ST_1 : Operation 33 [1/1] (0.00ns)   --->   "%tc_load = load i4 %tc" [../gen/Hls_Layers_UpConv.tpp:139]   --->   Operation 33 'load' 'tc_load' <Predicate = (!icmp_ln139)> <Delay = 0.00>
ST_1 : Operation 34 [1/1] (0.79ns)   --->   "%add_ln139 = add i4 %tc_load, i4 1" [../gen/Hls_Layers_UpConv.tpp:139]   --->   Operation 34 'add' 'add_ln139' <Predicate = (!icmp_ln139)> <Delay = 0.79> <CoreInst = "Adder">   --->   Core 1 'Adder' <Latency = 0> <II = 1> <Delay = 0.79> <FuncUnit> <Opcode : 'add' 'sub'> <InPorts = 2> <OutPorts = 1>
ST_1 : Operation 35 [1/1] (0.78ns)   --->   "%icmp_ln142 = icmp_eq  i10 %indvar_flatten_load, i10 540" [../gen/Hls_Layers_UpConv.tpp:142]   --->   Operation 35 'icmp' 'icmp_ln142' <Predicate = (!icmp_ln139)> <Delay = 0.78> <CoreInst = "Cmp">   --->   Core 9 'Cmp' <Latency = 0> <II = 1> <Delay = 0.78> <FuncUnit> <Opcode : 'seteq' 'setne' 'setle' 'setge' 'setlt' 'setgt'> <InPorts = 2> <OutPorts = 1>
ST_1 : Operation 36 [1/1] (0.39ns)   --->   "%select_ln139_1 = select i1 %icmp_ln142, i4 %add_ln139, i4 %tc_load" [../gen/Hls_Layers_UpConv.tpp:139]   --->   Operation 36 'select' 'select_ln139_1' <Predicate = (!icmp_ln139)> <Delay = 0.39> <CoreInst = "Sel">   --->   Core 73 'Sel' <Latency = 0> <II = 1> <Delay = 0.39> <FuncUnit> <Opcode : 'select'> <InPorts = 3> <OutPorts = 1>
ST_1 : Operation 37 [1/1] (0.00ns)   --->   "%trunc_ln139 = trunc i4 %select_ln139_1" [../gen/Hls_Layers_UpConv.tpp:139]   --->   Operation 37 'trunc' 'trunc_ln139' <Predicate = (!icmp_ln139)> <Delay = 0.00>
ST_1 : Operation 38 [1/1] (0.67ns)   --->   "%switch_ln146 = switch i3 %trunc_ln139, void %arrayidx3812.case.7, i3 0, void %arrayidx3812.case.0, i3 1, void %arrayidx3812.case.1, i3 2, void %arrayidx3812.case.2, i3 3, void %arrayidx3812.case.3, i3 4, void %arrayidx3812.case.4, i3 5, void %arrayidx3812.case.5, i3 6, void %arrayidx3812.case.6" [../gen/Hls_Layers_UpConv.tpp:146]   --->   Operation 38 'switch' 'switch_ln146' <Predicate = (!icmp_ln139)> <Delay = 0.67>
ST_1 : Operation 39 [1/1] (0.78ns)   --->   "%add_ln142_2 = add i10 %indvar_flatten_load, i10 1" [../gen/Hls_Layers_UpConv.tpp:142]   --->   Operation 39 'add' 'add_ln142_2' <Predicate = (!icmp_ln139)> <Delay = 0.78> <CoreInst = "Adder">   --->   Core 1 'Adder' <Latency = 0> <II = 1> <Delay = 0.78> <FuncUnit> <Opcode : 'add' 'sub'> <InPorts = 2> <OutPorts = 1>
ST_1 : Operation 40 [1/1] (0.40ns)   --->   "%select_ln142_2 = select i1 %icmp_ln142, i10 1, i10 %add_ln142_2" [../gen/Hls_Layers_UpConv.tpp:142]   --->   Operation 40 'select' 'select_ln142_2' <Predicate = (!icmp_ln139)> <Delay = 0.40> <CoreInst = "Sel">   --->   Core 73 'Sel' <Latency = 0> <II = 1> <Delay = 0.40> <FuncUnit> <Opcode : 'select'> <InPorts = 3> <OutPorts = 1>
ST_1 : Operation 41 [1/1] (0.42ns)   --->   "%store_ln139 = store i13 %add_ln139_1, i13 %indvar_flatten12" [../gen/Hls_Layers_UpConv.tpp:139]   --->   Operation 41 'store' 'store_ln139' <Predicate = (!icmp_ln139)> <Delay = 0.42>
ST_1 : Operation 42 [1/1] (0.42ns)   --->   "%store_ln139 = store i4 %select_ln139_1, i4 %tc" [../gen/Hls_Layers_UpConv.tpp:139]   --->   Operation 42 'store' 'store_ln139' <Predicate = (!icmp_ln139)> <Delay = 0.42>
ST_1 : Operation 43 [1/1] (0.42ns)   --->   "%store_ln142 = store i10 %select_ln142_2, i10 %indvar_flatten" [../gen/Hls_Layers_UpConv.tpp:142]   --->   Operation 43 'store' 'store_ln142' <Predicate = (!icmp_ln139)> <Delay = 0.42>

State 2 <SV = 1> <Delay = 2.66>
ST_2 : Operation 44 [1/1] (0.00ns)   --->   "%ci_w_load = load i6 %ci_w" [../gen/Hls_Layers_UpConv.tpp:143]   --->   Operation 44 'load' 'ci_w_load' <Predicate = true> <Delay = 0.00>
ST_2 : Operation 45 [1/1] (0.00ns)   --->   "%k_load = load i4 %k" [../gen/Hls_Layers_UpConv.tpp:139]   --->   Operation 45 'load' 'k_load' <Predicate = (!icmp_ln142)> <Delay = 0.00>
ST_2 : Operation 46 [1/1] (0.00ns)   --->   "%gmem_weight_addr = getelementptr i256 %gmem_weight, i64 %sext_ln135_cast" [../gen/Hls_Layers_UpConv.tpp:135]   --->   Operation 46 'getelementptr' 'gmem_weight_addr' <Predicate = true> <Delay = 0.00>
ST_2 : Operation 47 [1/1] (0.39ns)   --->   "%select_ln139 = select i1 %icmp_ln142, i4 0, i4 %k_load" [../gen/Hls_Layers_UpConv.tpp:139]   --->   Operation 47 'select' 'select_ln139' <Predicate = true> <Delay = 0.39> <CoreInst = "Sel">   --->   Core 73 'Sel' <Latency = 0> <II = 1> <Delay = 0.39> <FuncUnit> <Opcode : 'select'> <InPorts = 3> <OutPorts = 1>
ST_2 : Operation 48 [1/1] (0.00ns) (grouped into LUT with out node and_ln139)   --->   "%xor_ln139 = xor i1 %icmp_ln142, i1 1" [../gen/Hls_Layers_UpConv.tpp:139]   --->   Operation 48 'xor' 'xor_ln139' <Predicate = true> <Delay = 0.00> <CoreInst = "LogicGate">   --->   Core 74 'LogicGate' <Latency = 0> <II = 1> <Delay = 0.28> <FuncUnit> <Opcode : 'and' 'or' 'xor'> <InPorts = 2> <OutPorts = 1>
ST_2 : Operation 49 [1/1] (0.78ns)   --->   "%icmp_ln143 = icmp_eq  i6 %ci_w_load, i6 60" [../gen/Hls_Layers_UpConv.tpp:143]   --->   Operation 49 'icmp' 'icmp_ln143' <Predicate = true> <Delay = 0.78> <CoreInst = "Cmp">   --->   Core 9 'Cmp' <Latency = 0> <II = 1> <Delay = 0.78> <FuncUnit> <Opcode : 'seteq' 'setne' 'setle' 'setge' 'setlt' 'setgt'> <InPorts = 2> <OutPorts = 1>
ST_2 : Operation 50 [1/1] (0.28ns) (out node of the LUT)   --->   "%and_ln139 = and i1 %icmp_ln143, i1 %xor_ln139" [../gen/Hls_Layers_UpConv.tpp:139]   --->   Operation 50 'and' 'and_ln139' <Predicate = true> <Delay = 0.28> <CoreInst = "LogicGate">   --->   Core 74 'LogicGate' <Latency = 0> <II = 1> <Delay = 0.28> <FuncUnit> <Opcode : 'and' 'or' 'xor'> <InPorts = 2> <OutPorts = 1>
ST_2 : Operation 51 [1/1] (0.79ns)   --->   "%add_ln142 = add i4 %select_ln139, i4 1" [../gen/Hls_Layers_UpConv.tpp:142]   --->   Operation 51 'add' 'add_ln142' <Predicate = true> <Delay = 0.79> <CoreInst = "Adder">   --->   Core 1 'Adder' <Latency = 0> <II = 1> <Delay = 0.79> <FuncUnit> <Opcode : 'add' 'sub'> <InPorts = 2> <OutPorts = 1>
ST_2 : Operation 52 [1/1] (0.00ns) (grouped into LUT with out node ci_w_mid2)   --->   "%empty = or i1 %and_ln139, i1 %icmp_ln142" [../gen/Hls_Layers_UpConv.tpp:139]   --->   Operation 52 'or' 'empty' <Predicate = true> <Delay = 0.00> <CoreInst = "LogicGate">   --->   Core 74 'LogicGate' <Latency = 0> <II = 1> <Delay = 0.28> <FuncUnit> <Opcode : 'and' 'or' 'xor'> <InPorts = 2> <OutPorts = 1>
ST_2 : Operation 53 [1/1] (0.38ns) (out node of the LUT)   --->   "%ci_w_mid2 = select i1 %empty, i6 0, i6 %ci_w_load" [../gen/Hls_Layers_UpConv.tpp:139]   --->   Operation 53 'select' 'ci_w_mid2' <Predicate = true> <Delay = 0.38> <CoreInst = "Sel">   --->   Core 73 'Sel' <Latency = 0> <II = 1> <Delay = 0.38> <FuncUnit> <Opcode : 'select'> <InPorts = 3> <OutPorts = 1>
ST_2 : Operation 54 [1/1] (0.39ns)   --->   "%select_ln142 = select i1 %and_ln139, i4 %add_ln142, i4 %select_ln139" [../gen/Hls_Layers_UpConv.tpp:142]   --->   Operation 54 'select' 'select_ln142' <Predicate = true> <Delay = 0.39> <CoreInst = "Sel">   --->   Core 73 'Sel' <Latency = 0> <II = 1> <Delay = 0.39> <FuncUnit> <Opcode : 'select'> <InPorts = 3> <OutPorts = 1>
ST_2 : Operation 55 [1/1] (2.43ns)   --->   "%gmem_weight_addr_read = read i256 @_ssdm_op_Read.m_axi.p1i256, i256 %gmem_weight_addr" [../gen/Hls_Layers_UpConv.tpp:146]   --->   Operation 55 'read' 'gmem_weight_addr_read' <Predicate = true> <Delay = 2.43> <CoreInst = "m_axi">   --->   Core 119 'm_axi' <Latency = 3> <II = 1> <Delay = 1.00> <Adapter> <Opcode : 'read' 'write' 'readreq' 'writereq' 'writeresp'>
ST_2 : Operation 56 [1/1] (0.78ns)   --->   "%add_ln143 = add i6 %ci_w_mid2, i6 1" [../gen/Hls_Layers_UpConv.tpp:143]   --->   Operation 56 'add' 'add_ln143' <Predicate = true> <Delay = 0.78> <CoreInst = "Adder">   --->   Core 1 'Adder' <Latency = 0> <II = 1> <Delay = 0.78> <FuncUnit> <Opcode : 'add' 'sub'> <InPorts = 2> <OutPorts = 1>
ST_2 : Operation 57 [1/1] (0.42ns)   --->   "%store_ln142 = store i4 %select_ln142, i4 %k" [../gen/Hls_Layers_UpConv.tpp:142]   --->   Operation 57 'store' 'store_ln142' <Predicate = true> <Delay = 0.42>
ST_2 : Operation 58 [1/1] (0.42ns)   --->   "%store_ln143 = store i6 %add_ln143, i6 %ci_w" [../gen/Hls_Layers_UpConv.tpp:143]   --->   Operation 58 'store' 'store_ln143' <Predicate = true> <Delay = 0.42>
ST_2 : Operation 59 [1/1] (0.00ns)   --->   "%br_ln143 = br void %for.inc39" [../gen/Hls_Layers_UpConv.tpp:143]   --->   Operation 59 'br' 'br_ln143' <Predicate = true> <Delay = 0.00>
ST_2 : Operation 94 [1/1] (0.42ns)   --->   "%ret_ln0 = ret"   --->   Operation 94 'ret' 'ret_ln0' <Predicate = (icmp_ln139)> <Delay = 0.42>

State 3 <SV = 2> <Delay = 2.19>
ST_3 : Operation 60 [1/1] (0.00ns)   --->   "%specloopname_ln0 = specloopname void @_ssdm_op_SpecLoopName, void @PRELOAD_W_VITIS_LOOP_142_2_VITIS_LOOP_143_3_str"   --->   Operation 60 'specloopname' 'specloopname_ln0' <Predicate = true> <Delay = 0.00>
ST_3 : Operation 61 [1/1] (0.00ns)   --->   "%speclooptripcount_ln0 = speclooptripcount void @_ssdm_op_SpecLoopTripCount, i64 4320, i64 4320, i64 4320"   --->   Operation 61 'speclooptripcount' 'speclooptripcount_ln0' <Predicate = true> <Delay = 0.00>
ST_3 : Operation 62 [1/1] (0.00ns)   --->   "%p_shl = bitconcatenate i10 @_ssdm_op_BitConcatenate.i10.i4.i6, i4 %select_ln142, i6 0" [../gen/Hls_Layers_UpConv.tpp:142]   --->   Operation 62 'bitconcatenate' 'p_shl' <Predicate = true> <Delay = 0.00>
ST_3 : Operation 63 [1/1] (0.00ns)   --->   "%tmp = bitconcatenate i6 @_ssdm_op_BitConcatenate.i6.i4.i2, i4 %select_ln142, i2 0" [../gen/Hls_Layers_UpConv.tpp:142]   --->   Operation 63 'bitconcatenate' 'tmp' <Predicate = true> <Delay = 0.00>
ST_3 : Operation 64 [1/1] (0.00ns)   --->   "%zext_ln142 = zext i6 %tmp" [../gen/Hls_Layers_UpConv.tpp:142]   --->   Operation 64 'zext' 'zext_ln142' <Predicate = true> <Delay = 0.00>
ST_3 : Operation 65 [1/1] (0.00ns) (grouped into TernaryAdder)   --->   "%sub_ln142 = sub i10 %p_shl, i10 %zext_ln142" [../gen/Hls_Layers_UpConv.tpp:142]   --->   Operation 65 'sub' 'sub_ln142' <Predicate = true> <Delay = 0.00> <CoreInst = "TAddSub">   --->   Core 10 'TAddSub' <Latency = 0> <II = 1> <Delay = 0.48> <IPBlock> <Opcode : '' 'add' 'sub'> <InPorts = 3> <OutPorts = 1> <Sync> <CReg>
ST_3 : Operation 66 [1/1] (0.00ns)   --->   "%zext_ln143 = zext i6 %ci_w_mid2" [../gen/Hls_Layers_UpConv.tpp:143]   --->   Operation 66 'zext' 'zext_ln143' <Predicate = true> <Delay = 0.00>
ST_3 : Operation 67 [1/1] (0.00ns)   --->   "%specpipeline_ln144 = specpipeline void @_ssdm_op_SpecPipeline, i32 1, i32 0, i32 0, i32 0, void @empty_0" [../gen/Hls_Layers_UpConv.tpp:144]   --->   Operation 67 'specpipeline' 'specpipeline_ln144' <Predicate = true> <Delay = 0.00>
ST_3 : Operation 68 [1/1] (0.96ns) (root node of TernaryAdder)   --->   "%add_ln146 = add i10 %zext_ln143, i10 %sub_ln142" [../gen/Hls_Layers_UpConv.tpp:146]   --->   Operation 68 'add' 'add_ln146' <Predicate = true> <Delay = 0.96> <CoreInst = "TAddSub">   --->   Core 10 'TAddSub' <Latency = 0> <II = 1> <Delay = 0.48> <IPBlock> <Opcode : '' 'add' 'sub'> <InPorts = 3> <OutPorts = 1> <Sync> <CReg>
ST_3 : Operation 69 [1/1] (0.00ns)   --->   "%zext_ln146 = zext i10 %add_ln146" [../gen/Hls_Layers_UpConv.tpp:146]   --->   Operation 69 'zext' 'zext_ln146' <Predicate = true> <Delay = 0.00>
ST_3 : Operation 70 [1/1] (0.00ns)   --->   "%w_local_addr = getelementptr i256 %w_local, i64 0, i64 %zext_ln146" [../gen/Hls_Layers_UpConv.tpp:146]   --->   Operation 70 'getelementptr' 'w_local_addr' <Predicate = true> <Delay = 0.00>
ST_3 : Operation 71 [1/1] (0.00ns)   --->   "%w_local_1_addr = getelementptr i256 %w_local_1, i64 0, i64 %zext_ln146" [../gen/Hls_Layers_UpConv.tpp:146]   --->   Operation 71 'getelementptr' 'w_local_1_addr' <Predicate = true> <Delay = 0.00>
ST_3 : Operation 72 [1/1] (0.00ns)   --->   "%w_local_2_addr = getelementptr i256 %w_local_2, i64 0, i64 %zext_ln146" [../gen/Hls_Layers_UpConv.tpp:146]   --->   Operation 72 'getelementptr' 'w_local_2_addr' <Predicate = true> <Delay = 0.00>
ST_3 : Operation 73 [1/1] (0.00ns)   --->   "%w_local_3_addr = getelementptr i256 %w_local_3, i64 0, i64 %zext_ln146" [../gen/Hls_Layers_UpConv.tpp:146]   --->   Operation 73 'getelementptr' 'w_local_3_addr' <Predicate = true> <Delay = 0.00>
ST_3 : Operation 74 [1/1] (0.00ns)   --->   "%w_local_4_addr = getelementptr i256 %w_local_4, i64 0, i64 %zext_ln146" [../gen/Hls_Layers_UpConv.tpp:146]   --->   Operation 74 'getelementptr' 'w_local_4_addr' <Predicate = true> <Delay = 0.00>
ST_3 : Operation 75 [1/1] (0.00ns)   --->   "%w_local_5_addr = getelementptr i256 %w_local_5, i64 0, i64 %zext_ln146" [../gen/Hls_Layers_UpConv.tpp:146]   --->   Operation 75 'getelementptr' 'w_local_5_addr' <Predicate = true> <Delay = 0.00>
ST_3 : Operation 76 [1/1] (0.00ns)   --->   "%w_local_6_addr = getelementptr i256 %w_local_6, i64 0, i64 %zext_ln146" [../gen/Hls_Layers_UpConv.tpp:146]   --->   Operation 76 'getelementptr' 'w_local_6_addr' <Predicate = true> <Delay = 0.00>
ST_3 : Operation 77 [1/1] (0.00ns)   --->   "%w_local_7_addr = getelementptr i256 %w_local_7, i64 0, i64 %zext_ln146" [../gen/Hls_Layers_UpConv.tpp:146]   --->   Operation 77 'getelementptr' 'w_local_7_addr' <Predicate = true> <Delay = 0.00>
ST_3 : Operation 78 [1/1] ( I:1.23ns O:1.23ns )   --->   "%store_ln146 = store i256 %gmem_weight_addr_read, i10 %w_local_6_addr" [../gen/Hls_Layers_UpConv.tpp:146]   --->   Operation 78 'store' 'store_ln146' <Predicate = (trunc_ln139 == 6)> <Delay = 1.23> <CoreInst = "RAM_T2P_BRAM">   --->   Core 98 'RAM_T2P_BRAM' <Latency = 1> <II = 1> <Delay = 1.23> <Storage> <Opcode : 'load' 'store'> <Ports = 2> <Width = 256> <Depth = 540> <RAM>
ST_3 : Operation 79 [1/1] (0.00ns)   --->   "%br_ln146 = br void %arrayidx3812.exit" [../gen/Hls_Layers_UpConv.tpp:146]   --->   Operation 79 'br' 'br_ln146' <Predicate = (trunc_ln139 == 6)> <Delay = 0.00>
ST_3 : Operation 80 [1/1] ( I:1.23ns O:1.23ns )   --->   "%store_ln146 = store i256 %gmem_weight_addr_read, i10 %w_local_5_addr" [../gen/Hls_Layers_UpConv.tpp:146]   --->   Operation 80 'store' 'store_ln146' <Predicate = (trunc_ln139 == 5)> <Delay = 1.23> <CoreInst = "RAM_T2P_BRAM">   --->   Core 98 'RAM_T2P_BRAM' <Latency = 1> <II = 1> <Delay = 1.23> <Storage> <Opcode : 'load' 'store'> <Ports = 2> <Width = 256> <Depth = 540> <RAM>
ST_3 : Operation 81 [1/1] (0.00ns)   --->   "%br_ln146 = br void %arrayidx3812.exit" [../gen/Hls_Layers_UpConv.tpp:146]   --->   Operation 81 'br' 'br_ln146' <Predicate = (trunc_ln139 == 5)> <Delay = 0.00>
ST_3 : Operation 82 [1/1] ( I:1.23ns O:1.23ns )   --->   "%store_ln146 = store i256 %gmem_weight_addr_read, i10 %w_local_4_addr" [../gen/Hls_Layers_UpConv.tpp:146]   --->   Operation 82 'store' 'store_ln146' <Predicate = (trunc_ln139 == 4)> <Delay = 1.23> <CoreInst = "RAM_T2P_BRAM">   --->   Core 98 'RAM_T2P_BRAM' <Latency = 1> <II = 1> <Delay = 1.23> <Storage> <Opcode : 'load' 'store'> <Ports = 2> <Width = 256> <Depth = 540> <RAM>
ST_3 : Operation 83 [1/1] (0.00ns)   --->   "%br_ln146 = br void %arrayidx3812.exit" [../gen/Hls_Layers_UpConv.tpp:146]   --->   Operation 83 'br' 'br_ln146' <Predicate = (trunc_ln139 == 4)> <Delay = 0.00>
ST_3 : Operation 84 [1/1] ( I:1.23ns O:1.23ns )   --->   "%store_ln146 = store i256 %gmem_weight_addr_read, i10 %w_local_3_addr" [../gen/Hls_Layers_UpConv.tpp:146]   --->   Operation 84 'store' 'store_ln146' <Predicate = (trunc_ln139 == 3)> <Delay = 1.23> <CoreInst = "RAM_T2P_BRAM">   --->   Core 98 'RAM_T2P_BRAM' <Latency = 1> <II = 1> <Delay = 1.23> <Storage> <Opcode : 'load' 'store'> <Ports = 2> <Width = 256> <Depth = 540> <RAM>
ST_3 : Operation 85 [1/1] (0.00ns)   --->   "%br_ln146 = br void %arrayidx3812.exit" [../gen/Hls_Layers_UpConv.tpp:146]   --->   Operation 85 'br' 'br_ln146' <Predicate = (trunc_ln139 == 3)> <Delay = 0.00>
ST_3 : Operation 86 [1/1] ( I:1.23ns O:1.23ns )   --->   "%store_ln146 = store i256 %gmem_weight_addr_read, i10 %w_local_2_addr" [../gen/Hls_Layers_UpConv.tpp:146]   --->   Operation 86 'store' 'store_ln146' <Predicate = (trunc_ln139 == 2)> <Delay = 1.23> <CoreInst = "RAM_T2P_BRAM">   --->   Core 98 'RAM_T2P_BRAM' <Latency = 1> <II = 1> <Delay = 1.23> <Storage> <Opcode : 'load' 'store'> <Ports = 2> <Width = 256> <Depth = 540> <RAM>
ST_3 : Operation 87 [1/1] (0.00ns)   --->   "%br_ln146 = br void %arrayidx3812.exit" [../gen/Hls_Layers_UpConv.tpp:146]   --->   Operation 87 'br' 'br_ln146' <Predicate = (trunc_ln139 == 2)> <Delay = 0.00>
ST_3 : Operation 88 [1/1] ( I:1.23ns O:1.23ns )   --->   "%store_ln146 = store i256 %gmem_weight_addr_read, i10 %w_local_1_addr" [../gen/Hls_Layers_UpConv.tpp:146]   --->   Operation 88 'store' 'store_ln146' <Predicate = (trunc_ln139 == 1)> <Delay = 1.23> <CoreInst = "RAM_T2P_BRAM">   --->   Core 98 'RAM_T2P_BRAM' <Latency = 1> <II = 1> <Delay = 1.23> <Storage> <Opcode : 'load' 'store'> <Ports = 2> <Width = 256> <Depth = 540> <RAM>
ST_3 : Operation 89 [1/1] (0.00ns)   --->   "%br_ln146 = br void %arrayidx3812.exit" [../gen/Hls_Layers_UpConv.tpp:146]   --->   Operation 89 'br' 'br_ln146' <Predicate = (trunc_ln139 == 1)> <Delay = 0.00>
ST_3 : Operation 90 [1/1] ( I:1.23ns O:1.23ns )   --->   "%store_ln146 = store i256 %gmem_weight_addr_read, i10 %w_local_addr" [../gen/Hls_Layers_UpConv.tpp:146]   --->   Operation 90 'store' 'store_ln146' <Predicate = (trunc_ln139 == 0)> <Delay = 1.23> <CoreInst = "RAM_T2P_BRAM">   --->   Core 98 'RAM_T2P_BRAM' <Latency = 1> <II = 1> <Delay = 1.23> <Storage> <Opcode : 'load' 'store'> <Ports = 2> <Width = 256> <Depth = 540> <RAM>
ST_3 : Operation 91 [1/1] (0.00ns)   --->   "%br_ln146 = br void %arrayidx3812.exit" [../gen/Hls_Layers_UpConv.tpp:146]   --->   Operation 91 'br' 'br_ln146' <Predicate = (trunc_ln139 == 0)> <Delay = 0.00>
ST_3 : Operation 92 [1/1] ( I:1.23ns O:1.23ns )   --->   "%store_ln146 = store i256 %gmem_weight_addr_read, i10 %w_local_7_addr" [../gen/Hls_Layers_UpConv.tpp:146]   --->   Operation 92 'store' 'store_ln146' <Predicate = (trunc_ln139 == 7)> <Delay = 1.23> <CoreInst = "RAM_T2P_BRAM">   --->   Core 98 'RAM_T2P_BRAM' <Latency = 1> <II = 1> <Delay = 1.23> <Storage> <Opcode : 'load' 'store'> <Ports = 2> <Width = 256> <Depth = 540> <RAM>
ST_3 : Operation 93 [1/1] (0.00ns)   --->   "%br_ln146 = br void %arrayidx3812.exit" [../gen/Hls_Layers_UpConv.tpp:146]   --->   Operation 93 'br' 'br_ln146' <Predicate = (trunc_ln139 == 7)> <Delay = 0.00>


============================================================
+ Verbose Summary: Timing violations
============================================================
Target clock period: 3.333ns, clock uncertainty: 0.900ns.

 <State 1>: 2.288ns
The critical path consists of the following:
	'store' operation 0 bit ('store_ln139', ../gen/Hls_Layers_UpConv.tpp:139) of constant 0 on local variable 'tc', ../gen/Hls_Layers_UpConv.tpp:139 [28]  (0.427 ns)
	'load' operation 4 bit ('tc_load', ../gen/Hls_Layers_UpConv.tpp:139) on local variable 'tc', ../gen/Hls_Layers_UpConv.tpp:139 [42]  (0.000 ns)
	'add' operation 4 bit ('add_ln139', ../gen/Hls_Layers_UpConv.tpp:139) [44]  (0.797 ns)
	'select' operation 4 bit ('select_ln139_1', ../gen/Hls_Layers_UpConv.tpp:139) [52]  (0.391 ns)
	blocking operation 0.6725 ns on control path)

 <State 2>: 2.660ns
The critical path consists of the following:
	'load' operation 6 bit ('ci_w_load', ../gen/Hls_Layers_UpConv.tpp:143) on local variable 'ci_w', ../gen/Hls_Layers_UpConv.tpp:143 [40]  (0.000 ns)
	'icmp' operation 1 bit ('icmp_ln143', ../gen/Hls_Layers_UpConv.tpp:143) [50]  (0.781 ns)
	'and' operation 1 bit ('and_ln139', ../gen/Hls_Layers_UpConv.tpp:139) [51]  (0.287 ns)
	'or' operation 1 bit ('empty', ../gen/Hls_Layers_UpConv.tpp:139) [54]  (0.000 ns)
	'select' operation 6 bit ('ci_w_mid2', ../gen/Hls_Layers_UpConv.tpp:139) [55]  (0.384 ns)
	'add' operation 6 bit ('add_ln143', ../gen/Hls_Layers_UpConv.tpp:143) [101]  (0.781 ns)
	'store' operation 0 bit ('store_ln143', ../gen/Hls_Layers_UpConv.tpp:143) of variable 'add_ln143', ../gen/Hls_Layers_UpConv.tpp:143 on local variable 'ci_w', ../gen/Hls_Layers_UpConv.tpp:143 [108]  (0.427 ns)

 <State 3>: 2.197ns
The critical path consists of the following:
	'sub' operation 10 bit ('sub_ln142', ../gen/Hls_Layers_UpConv.tpp:142) [61]  (0.000 ns)
	'add' operation 10 bit ('add_ln146', ../gen/Hls_Layers_UpConv.tpp:146) [64]  (0.960 ns)
	'getelementptr' operation 10 bit ('w_local_4_addr', ../gen/Hls_Layers_UpConv.tpp:146) [70]  (0.000 ns)
	'store' operation 0 bit ('store_ln146', ../gen/Hls_Layers_UpConv.tpp:146) of variable 'gmem_weight_addr_read', ../gen/Hls_Layers_UpConv.tpp:146 on array 'w_local_4' [83]  (1.237 ns)


============================================================
+ Verbose Summary: Binding
============================================================
N/A
* FSMD analyzer results:
  - Output states:
 - Input state : 
  - Chain level:
	State 1
	State 2
	State 3


============================================================
+ Verbose Summary: Datapath Resource usage 
============================================================
N/A
