

================================================================
== Vitis HLS Report for 'UpConv_Fused_Row_8_128_128_120_60_Pipeline_BIAS_STATS'
================================================================
* Date:           Thu May  7 18:52:01 2026

* Version:        2024.2 (Build 5238294 on Nov  8 2024)
* Project:        upconv_core_top
* Solution:       hls (Vivado IP Flow Target)
* Product family: zynquplus
* Target device:  xczu7ev-ffvc1156-2-e


================================================================
== Performance Estimates
================================================================
+ Timing: 
    * Summary: 
    +--------+---------+----------+------------+
    |  Clock |  Target | Estimated| Uncertainty|
    +--------+---------+----------+------------+
    |ap_clk  |  3.33 ns|  2.719 ns|     0.90 ns|
    +--------+---------+----------+------------+

+ Latency: 
    * Summary: 
    +---------+---------+----------+----------+-----+-----+------------------------------------------------+
    |  Latency (cycles) |  Latency (absolute) |  Interval |                    Pipeline                    |
    |   min   |   max   |    min   |    max   | min | max |                      Type                      |
    +---------+---------+----------+----------+-----+-----+------------------------------------------------+
    |      439|      439|  1.463 us|  1.463 us|  427|  427|  loop auto-rewind stp (delay=0 clock cycles(s))|
    +---------+---------+----------+----------+-----+-----+------------------------------------------------+

    + Detail: 
        * Instance: 
        N/A

        * Loop: 
        +--------------+---------+---------+----------+-----------+-----------+------+----------+
        |              |  Latency (cycles) | Iteration|  Initiation Interval  | Trip |          |
        |   Loop Name  |   min   |   max   |  Latency |  achieved |   target  | Count| Pipelined|
        +--------------+---------+---------+----------+-----------+-----------+------+----------+
        |- BIAS_STATS  |      437|      437|        25|          7|          1|    60|       yes|
        +--------------+---------+---------+----------+-----------+-----------+------+----------+

============================================================
+ Verbose Summary: Synthesis Manager
============================================================
InlineROM: 1
ExposeGlobal: 0
============================================================
+ Verbose Summary: CDFG Model
============================================================
IsTopModel: 0
ResetActiveHigh: 1
IsCombinational: 0
IsDatapathOnly: 0
HasWiredReturn: 1
HasMFsm: 2
HasVarLatency: 1
IsPipeline: 0
IsRtlPipelined: 0
IsInstanceOverlapped: 0
IsDontTouch: 0
HasImplIP: 0
IsGatedGlobalClock: 0

+ Individual pipeline summary: 
  * Pipeline-0: initiation interval (II) = 7, depth = 25


============================================================
+ Verbose Summary: Schedule
============================================================
* Number of FSM states : 25
* Pipeline : 1
  Pipeline-0 : II = 7, D = 25, States = { 1 2 3 4 5 6 7 8 9 10 11 12 13 14 15 16 17 18 19 20 21 22 23 24 25 }
* Dataflow Pipeline: 0

* FSM state transitions: 
1 --> 2 
2 --> 3 
3 --> 4 
4 --> 5 
5 --> 6 
6 --> 7 
7 --> 8 
8 --> 9 
9 --> 10 
10 --> 11 
11 --> 12 
12 --> 13 
13 --> 14 
14 --> 15 
15 --> 16 
16 --> 17 
17 --> 18 
18 --> 19 
19 --> 20 
20 --> 21 
21 --> 22 
22 --> 23 
23 --> 24 
24 --> 25 
25 --> 

* FSM state operations: 

State 1 <SV = 0> <Delay = 1.66>
ST_1 : Operation 28 [1/1] (0.00ns)   --->   "%sum_03 = alloca i32 1" [../gen/Hls_Layers_UpConv.tpp:240]   --->   Operation 28 'alloca' 'sum_03' <Predicate = true> <Delay = 0.00>
ST_1 : Operation 29 [1/1] (0.00ns)   --->   "%sumsq_04 = alloca i32 1" [../gen/Hls_Layers_UpConv.tpp:240]   --->   Operation 29 'alloca' 'sumsq_04' <Predicate = true> <Delay = 0.00>
ST_1 : Operation 30 [1/1] (0.00ns)   --->   "%c = alloca i32 1" [../gen/Hls_Layers_UpConv.tpp:242]   --->   Operation 30 'alloca' 'c' <Predicate = true> <Delay = 0.00>
ST_1 : Operation 31 [1/1] (0.00ns)   --->   "%specmemcore_ln0 = specmemcore void @_ssdm_op_SpecMemCore, i256 %b_buf, i64 666, i64 30, i64 18446744073709551615"   --->   Operation 31 'specmemcore' 'specmemcore_ln0' <Predicate = true> <Delay = 0.00>
ST_1 : Operation 32 [1/1] (0.00ns)   --->   "%specmemcore_ln0 = specmemcore void @_ssdm_op_SpecMemCore, i16 %void_UpConv_Fused_Row_ap_uint_ap_uint_const_ap_uint_const_ap_uint_const_ap_u_49, i64 666, i64 31, i64 18446744073709551615"   --->   Operation 32 'specmemcore' 'specmemcore_ln0' <Predicate = true> <Delay = 0.00>
ST_1 : Operation 33 [1/1] (0.00ns)   --->   "%specmemcore_ln0 = specmemcore void @_ssdm_op_SpecMemCore, i16 %void_UpConv_Fused_Row_ap_uint_ap_uint_const_ap_uint_const_ap_uint_const_ap_u_48, i64 666, i64 31, i64 18446744073709551615"   --->   Operation 33 'specmemcore' 'specmemcore_ln0' <Predicate = true> <Delay = 0.00>
ST_1 : Operation 34 [1/1] (0.00ns)   --->   "%specmemcore_ln0 = specmemcore void @_ssdm_op_SpecMemCore, i16 %void_UpConv_Fused_Row_ap_uint_ap_uint_const_ap_uint_const_ap_uint_const_ap_u_47, i64 666, i64 31, i64 18446744073709551615"   --->   Operation 34 'specmemcore' 'specmemcore_ln0' <Predicate = true> <Delay = 0.00>
ST_1 : Operation 35 [1/1] (0.00ns)   --->   "%specmemcore_ln0 = specmemcore void @_ssdm_op_SpecMemCore, i16 %void_UpConv_Fused_Row_ap_uint_ap_uint_const_ap_uint_const_ap_uint_const_ap_u_46, i64 666, i64 31, i64 18446744073709551615"   --->   Operation 35 'specmemcore' 'specmemcore_ln0' <Predicate = true> <Delay = 0.00>
ST_1 : Operation 36 [1/1] (0.00ns)   --->   "%specmemcore_ln0 = specmemcore void @_ssdm_op_SpecMemCore, i16 %void_UpConv_Fused_Row_ap_uint_ap_uint_const_ap_uint_const_ap_uint_const_ap_u_45, i64 666, i64 31, i64 18446744073709551615"   --->   Operation 36 'specmemcore' 'specmemcore_ln0' <Predicate = true> <Delay = 0.00>
ST_1 : Operation 37 [1/1] (0.00ns)   --->   "%specmemcore_ln0 = specmemcore void @_ssdm_op_SpecMemCore, i16 %void_UpConv_Fused_Row_ap_uint_ap_uint_const_ap_uint_const_ap_uint_const_ap_u_44, i64 666, i64 31, i64 18446744073709551615"   --->   Operation 37 'specmemcore' 'specmemcore_ln0' <Predicate = true> <Delay = 0.00>
ST_1 : Operation 38 [1/1] (0.00ns)   --->   "%specmemcore_ln0 = specmemcore void @_ssdm_op_SpecMemCore, i16 %void_UpConv_Fused_Row_ap_uint_ap_uint_const_ap_uint_const_ap_uint_const_ap_u_43, i64 666, i64 31, i64 18446744073709551615"   --->   Operation 38 'specmemcore' 'specmemcore_ln0' <Predicate = true> <Delay = 0.00>
ST_1 : Operation 39 [1/1] (0.00ns)   --->   "%specmemcore_ln0 = specmemcore void @_ssdm_op_SpecMemCore, i16 %void_UpConv_Fused_Row_ap_uint_ap_uint_const_ap_uint_const_ap_uint_const_ap_u_42, i64 666, i64 31, i64 18446744073709551615"   --->   Operation 39 'specmemcore' 'specmemcore_ln0' <Predicate = true> <Delay = 0.00>
ST_1 : Operation 40 [1/1] (0.00ns)   --->   "%specmemcore_ln0 = specmemcore void @_ssdm_op_SpecMemCore, i16 %void_UpConv_Fused_Row_ap_uint_ap_uint_const_ap_uint_const_ap_uint_const_ap_u_41, i64 666, i64 31, i64 18446744073709551615"   --->   Operation 40 'specmemcore' 'specmemcore_ln0' <Predicate = true> <Delay = 0.00>
ST_1 : Operation 41 [1/1] (0.00ns)   --->   "%specmemcore_ln0 = specmemcore void @_ssdm_op_SpecMemCore, i16 %void_UpConv_Fused_Row_ap_uint_ap_uint_const_ap_uint_const_ap_uint_const_ap_u_40, i64 666, i64 31, i64 18446744073709551615"   --->   Operation 41 'specmemcore' 'specmemcore_ln0' <Predicate = true> <Delay = 0.00>
ST_1 : Operation 42 [1/1] (0.00ns)   --->   "%specmemcore_ln0 = specmemcore void @_ssdm_op_SpecMemCore, i16 %p_ZZ16UpConv_Fused_RowILi8ELi128ELi128ELi120ELi60EEvP7ap_uintILi256EEPKS1_S4_S4_S_5, i64 666, i64 31, i64 18446744073709551615"   --->   Operation 42 'specmemcore' 'specmemcore_ln0' <Predicate = true> <Delay = 0.00>
ST_1 : Operation 43 [1/1] (0.00ns)   --->   "%specmemcore_ln0 = specmemcore void @_ssdm_op_SpecMemCore, i16 %p_ZZ16UpConv_Fused_RowILi8ELi128ELi128ELi120ELi60EEvP7ap_uintILi256EEPKS1_S4_S4_S_4, i64 666, i64 31, i64 18446744073709551615"   --->   Operation 43 'specmemcore' 'specmemcore_ln0' <Predicate = true> <Delay = 0.00>
ST_1 : Operation 44 [1/1] (0.00ns)   --->   "%specmemcore_ln0 = specmemcore void @_ssdm_op_SpecMemCore, i16 %p_ZZ16UpConv_Fused_RowILi8ELi128ELi128ELi120ELi60EEvP7ap_uintILi256EEPKS1_S4_S4_S_3, i64 666, i64 31, i64 18446744073709551615"   --->   Operation 44 'specmemcore' 'specmemcore_ln0' <Predicate = true> <Delay = 0.00>
ST_1 : Operation 45 [1/1] (0.00ns)   --->   "%specmemcore_ln0 = specmemcore void @_ssdm_op_SpecMemCore, i16 %p_ZZ16UpConv_Fused_RowILi8ELi128ELi128ELi120ELi60EEvP7ap_uintILi256EEPKS1_S4_S4_S_2, i64 666, i64 31, i64 18446744073709551615"   --->   Operation 45 'specmemcore' 'specmemcore_ln0' <Predicate = true> <Delay = 0.00>
ST_1 : Operation 46 [1/1] (0.00ns)   --->   "%specmemcore_ln0 = specmemcore void @_ssdm_op_SpecMemCore, i16 %p_ZZ16UpConv_Fused_RowILi8ELi128ELi128ELi120ELi60EEvP7ap_uintILi256EEPKS1_S4_S4_S_1, i64 666, i64 31, i64 18446744073709551615"   --->   Operation 46 'specmemcore' 'specmemcore_ln0' <Predicate = true> <Delay = 0.00>
ST_1 : Operation 47 [1/1] (0.00ns)   --->   "%specmemcore_ln0 = specmemcore void @_ssdm_op_SpecMemCore, i16 %p_ZZ16UpConv_Fused_RowILi8ELi128ELi128ELi120ELi60EEvP7ap_uintILi256EEPKS1_S4_S4_S, i64 666, i64 31, i64 18446744073709551615"   --->   Operation 47 'specmemcore' 'specmemcore_ln0' <Predicate = true> <Delay = 0.00>
ST_1 : Operation 48 [1/1] (0.00ns)   --->   "%wo_9_read = read i8 @_ssdm_op_Read.ap_auto.i8, i8 %wo_9"   --->   Operation 48 'read' 'wo_9_read' <Predicate = true> <Delay = 0.00>
ST_1 : Operation 49 [1/1] (0.42ns)   --->   "%store_ln242 = store i6 0, i6 %c" [../gen/Hls_Layers_UpConv.tpp:242]   --->   Operation 49 'store' 'store_ln242' <Predicate = true> <Delay = 0.42>
ST_1 : Operation 50 [1/1] (0.42ns)   --->   "%store_ln240 = store i32 0, i32 %sumsq_04" [../gen/Hls_Layers_UpConv.tpp:240]   --->   Operation 50 'store' 'store_ln240' <Predicate = true> <Delay = 0.42>
ST_1 : Operation 51 [1/1] (0.42ns)   --->   "%store_ln240 = store i32 0, i32 %sum_03" [../gen/Hls_Layers_UpConv.tpp:240]   --->   Operation 51 'store' 'store_ln240' <Predicate = true> <Delay = 0.42>
ST_1 : Operation 52 [1/1] (0.00ns)   --->   "%br_ln0 = br void %for.inc266"   --->   Operation 52 'br' 'br_ln0' <Predicate = true> <Delay = 0.00>
ST_1 : Operation 53 [1/1] (0.00ns)   --->   "%c_4 = load i6 %c" [../gen/Hls_Layers_UpConv.tpp:242]   --->   Operation 53 'load' 'c_4' <Predicate = true> <Delay = 0.00>
ST_1 : Operation 54 [1/1] (0.78ns)   --->   "%icmp_ln242 = icmp_eq  i6 %c_4, i6 60" [../gen/Hls_Layers_UpConv.tpp:242]   --->   Operation 54 'icmp' 'icmp_ln242' <Predicate = true> <Delay = 0.78> <CoreInst = "Cmp">   --->   Core 9 'Cmp' <Latency = 0> <II = 1> <Delay = 0.78> <FuncUnit> <Opcode : 'seteq' 'setne' 'setle' 'setge' 'setlt' 'setgt'> <InPorts = 2> <OutPorts = 1>
ST_1 : Operation 55 [1/1] (0.78ns)   --->   "%add_ln242 = add i6 %c_4, i6 1" [../gen/Hls_Layers_UpConv.tpp:242]   --->   Operation 55 'add' 'add_ln242' <Predicate = true> <Delay = 0.78> <CoreInst = "Adder">   --->   Core 1 'Adder' <Latency = 0> <II = 1> <Delay = 0.78> <FuncUnit> <Opcode : 'add' 'sub'> <InPorts = 2> <OutPorts = 1>
ST_1 : Operation 56 [1/1] (0.00ns)   --->   "%br_ln242 = br i1 %icmp_ln242, void %for.inc266.split, void %NORM_WRITE.exitStub" [../gen/Hls_Layers_UpConv.tpp:242]   --->   Operation 56 'br' 'br_ln242' <Predicate = true> <Delay = 0.00>
ST_1 : Operation 57 [1/1] (0.00ns)   --->   "%trunc_ln242 = trunc i6 %c_4" [../gen/Hls_Layers_UpConv.tpp:242]   --->   Operation 57 'trunc' 'trunc_ln242' <Predicate = (!icmp_ln242)> <Delay = 0.00>
ST_1 : Operation 58 [1/1] (0.00ns)   --->   "%lshr_ln4 = partselect i2 @_ssdm_op_PartSelect.i2.i6.i32.i32, i6 %c_4, i32 4, i32 5" [../gen/Hls_Layers_UpConv.tpp:240]   --->   Operation 58 'partselect' 'lshr_ln4' <Predicate = (!icmp_ln242)> <Delay = 0.00>
ST_1 : Operation 59 [1/1] (0.00ns)   --->   "%zext_ln240 = zext i2 %lshr_ln4" [../gen/Hls_Layers_UpConv.tpp:240]   --->   Operation 59 'zext' 'zext_ln240' <Predicate = (!icmp_ln242)> <Delay = 0.00>
ST_1 : Operation 60 [1/1] (0.00ns)   --->   "%tmp_11 = bitconcatenate i10 @_ssdm_op_BitConcatenate.i10.i8.i2, i8 %wo_9_read, i2 %lshr_ln4" [../gen/Hls_Layers_UpConv.tpp:246]   --->   Operation 60 'bitconcatenate' 'tmp_11' <Predicate = (!icmp_ln242)> <Delay = 0.00>
ST_1 : Operation 61 [1/1] (0.00ns)   --->   "%zext_ln246_2 = zext i10 %tmp_11" [../gen/Hls_Layers_UpConv.tpp:246]   --->   Operation 61 'zext' 'zext_ln246_2' <Predicate = (!icmp_ln242)> <Delay = 0.00>
ST_1 : Operation 62 [1/1] (0.00ns)   --->   "%p_ZZ16UpConv_Fused_RowILi8ELi128ELi128ELi120ELi60EEvP7ap_uintILi256EEPKS1_S4_S4_S_40 = getelementptr i16 %p_ZZ16UpConv_Fused_RowILi8ELi128ELi128ELi120ELi60EEvP7ap_uintILi256EEPKS1_S4_S4_S_5, i64 0, i64 %zext_ln246_2" [../gen/Hls_Layers_UpConv.tpp:246]   --->   Operation 62 'getelementptr' 'p_ZZ16UpConv_Fused_RowILi8ELi128ELi128ELi120ELi60EEvP7ap_uintILi256EEPKS1_S4_S4_S_40' <Predicate = (!icmp_ln242)> <Delay = 0.00>
ST_1 : Operation 63 [1/1] (0.00ns)   --->   "%p_ZZ16UpConv_Fused_RowILi8ELi128ELi128ELi120ELi60EEvP7ap_uintILi256EEPKS1_S4_S4_S_41 = getelementptr i16 %p_ZZ16UpConv_Fused_RowILi8ELi128ELi128ELi120ELi60EEvP7ap_uintILi256EEPKS1_S4_S4_S_4, i64 0, i64 %zext_ln246_2" [../gen/Hls_Layers_UpConv.tpp:246]   --->   Operation 63 'getelementptr' 'p_ZZ16UpConv_Fused_RowILi8ELi128ELi128ELi120ELi60EEvP7ap_uintILi256EEPKS1_S4_S4_S_41' <Predicate = (!icmp_ln242)> <Delay = 0.00>
ST_1 : Operation 64 [1/1] (0.00ns)   --->   "%p_ZZ16UpConv_Fused_RowILi8ELi128ELi128ELi120ELi60EEvP7ap_uintILi256EEPKS1_S4_S4_S_42 = getelementptr i16 %p_ZZ16UpConv_Fused_RowILi8ELi128ELi128ELi120ELi60EEvP7ap_uintILi256EEPKS1_S4_S4_S_3, i64 0, i64 %zext_ln246_2" [../gen/Hls_Layers_UpConv.tpp:246]   --->   Operation 64 'getelementptr' 'p_ZZ16UpConv_Fused_RowILi8ELi128ELi128ELi120ELi60EEvP7ap_uintILi256EEPKS1_S4_S4_S_42' <Predicate = (!icmp_ln242)> <Delay = 0.00>
ST_1 : Operation 65 [1/1] (0.00ns)   --->   "%p_ZZ16UpConv_Fused_RowILi8ELi128ELi128ELi120ELi60EEvP7ap_uintILi256EEPKS1_S4_S4_S_43 = getelementptr i16 %p_ZZ16UpConv_Fused_RowILi8ELi128ELi128ELi120ELi60EEvP7ap_uintILi256EEPKS1_S4_S4_S_2, i64 0, i64 %zext_ln246_2" [../gen/Hls_Layers_UpConv.tpp:246]   --->   Operation 65 'getelementptr' 'p_ZZ16UpConv_Fused_RowILi8ELi128ELi128ELi120ELi60EEvP7ap_uintILi256EEPKS1_S4_S4_S_43' <Predicate = (!icmp_ln242)> <Delay = 0.00>
ST_1 : Operation 66 [1/1] (0.00ns)   --->   "%p_ZZ16UpConv_Fused_RowILi8ELi128ELi128ELi120ELi60EEvP7ap_uintILi256EEPKS1_S4_S4_S_44 = getelementptr i16 %p_ZZ16UpConv_Fused_RowILi8ELi128ELi128ELi120ELi60EEvP7ap_uintILi256EEPKS1_S4_S4_S_1, i64 0, i64 %zext_ln246_2" [../gen/Hls_Layers_UpConv.tpp:246]   --->   Operation 66 'getelementptr' 'p_ZZ16UpConv_Fused_RowILi8ELi128ELi128ELi120ELi60EEvP7ap_uintILi256EEPKS1_S4_S4_S_44' <Predicate = (!icmp_ln242)> <Delay = 0.00>
ST_1 : Operation 67 [1/1] (0.00ns)   --->   "%p_ZZ16UpConv_Fused_RowILi8ELi128ELi128ELi120ELi60EEvP7ap_uintILi256EEPKS1_S4_S4_S_45 = getelementptr i16 %p_ZZ16UpConv_Fused_RowILi8ELi128ELi128ELi120ELi60EEvP7ap_uintILi256EEPKS1_S4_S4_S, i64 0, i64 %zext_ln246_2" [../gen/Hls_Layers_UpConv.tpp:246]   --->   Operation 67 'getelementptr' 'p_ZZ16UpConv_Fused_RowILi8ELi128ELi128ELi120ELi60EEvP7ap_uintILi256EEPKS1_S4_S4_S_45' <Predicate = (!icmp_ln242)> <Delay = 0.00>
ST_1 : Operation 68 [1/1] (0.00ns)   --->   "%void_UpConv_Fused_Row_ap_uint_ap_uint_const_ap_uint_const_ap_uint_const_ap_u_832 = getelementptr i16 %void_UpConv_Fused_Row_ap_uint_ap_uint_const_ap_uint_const_ap_uint_const_ap_u_49, i64 0, i64 %zext_ln246_2" [../gen/Hls_Layers_UpConv.tpp:246]   --->   Operation 68 'getelementptr' 'void_UpConv_Fused_Row_ap_uint_ap_uint_const_ap_uint_const_ap_uint_const_ap_u_832' <Predicate = (!icmp_ln242)> <Delay = 0.00>
ST_1 : Operation 69 [1/1] (0.00ns)   --->   "%void_UpConv_Fused_Row_ap_uint_ap_uint_const_ap_uint_const_ap_uint_const_ap_u_833 = getelementptr i16 %void_UpConv_Fused_Row_ap_uint_ap_uint_const_ap_uint_const_ap_uint_const_ap_u_48, i64 0, i64 %zext_ln246_2" [../gen/Hls_Layers_UpConv.tpp:246]   --->   Operation 69 'getelementptr' 'void_UpConv_Fused_Row_ap_uint_ap_uint_const_ap_uint_const_ap_uint_const_ap_u_833' <Predicate = (!icmp_ln242)> <Delay = 0.00>
ST_1 : Operation 70 [1/1] (0.00ns)   --->   "%void_UpConv_Fused_Row_ap_uint_ap_uint_const_ap_uint_const_ap_uint_const_ap_u_834 = getelementptr i16 %void_UpConv_Fused_Row_ap_uint_ap_uint_const_ap_uint_const_ap_uint_const_ap_u_47, i64 0, i64 %zext_ln246_2" [../gen/Hls_Layers_UpConv.tpp:246]   --->   Operation 70 'getelementptr' 'void_UpConv_Fused_Row_ap_uint_ap_uint_const_ap_uint_const_ap_uint_const_ap_u_834' <Predicate = (!icmp_ln242)> <Delay = 0.00>
ST_1 : Operation 71 [1/1] (0.00ns)   --->   "%void_UpConv_Fused_Row_ap_uint_ap_uint_const_ap_uint_const_ap_uint_const_ap_u_835 = getelementptr i16 %void_UpConv_Fused_Row_ap_uint_ap_uint_const_ap_uint_const_ap_uint_const_ap_u_46, i64 0, i64 %zext_ln246_2" [../gen/Hls_Layers_UpConv.tpp:246]   --->   Operation 71 'getelementptr' 'void_UpConv_Fused_Row_ap_uint_ap_uint_const_ap_uint_const_ap_uint_const_ap_u_835' <Predicate = (!icmp_ln242)> <Delay = 0.00>
ST_1 : Operation 72 [1/1] (0.00ns)   --->   "%void_UpConv_Fused_Row_ap_uint_ap_uint_const_ap_uint_const_ap_uint_const_ap_u_836 = getelementptr i16 %void_UpConv_Fused_Row_ap_uint_ap_uint_const_ap_uint_const_ap_uint_const_ap_u_45, i64 0, i64 %zext_ln246_2" [../gen/Hls_Layers_UpConv.tpp:246]   --->   Operation 72 'getelementptr' 'void_UpConv_Fused_Row_ap_uint_ap_uint_const_ap_uint_const_ap_uint_const_ap_u_836' <Predicate = (!icmp_ln242)> <Delay = 0.00>
ST_1 : Operation 73 [1/1] (0.00ns)   --->   "%void_UpConv_Fused_Row_ap_uint_ap_uint_const_ap_uint_const_ap_uint_const_ap_u_837 = getelementptr i16 %void_UpConv_Fused_Row_ap_uint_ap_uint_const_ap_uint_const_ap_uint_const_ap_u_44, i64 0, i64 %zext_ln246_2" [../gen/Hls_Layers_UpConv.tpp:246]   --->   Operation 73 'getelementptr' 'void_UpConv_Fused_Row_ap_uint_ap_uint_const_ap_uint_const_ap_uint_const_ap_u_837' <Predicate = (!icmp_ln242)> <Delay = 0.00>
ST_1 : Operation 74 [1/1] (0.00ns)   --->   "%void_UpConv_Fused_Row_ap_uint_ap_uint_const_ap_uint_const_ap_uint_const_ap_u_838 = getelementptr i16 %void_UpConv_Fused_Row_ap_uint_ap_uint_const_ap_uint_const_ap_uint_const_ap_u_43, i64 0, i64 %zext_ln246_2" [../gen/Hls_Layers_UpConv.tpp:246]   --->   Operation 74 'getelementptr' 'void_UpConv_Fused_Row_ap_uint_ap_uint_const_ap_uint_const_ap_uint_const_ap_u_838' <Predicate = (!icmp_ln242)> <Delay = 0.00>
ST_1 : Operation 75 [1/1] (0.00ns)   --->   "%void_UpConv_Fused_Row_ap_uint_ap_uint_const_ap_uint_const_ap_uint_const_ap_u_839 = getelementptr i16 %void_UpConv_Fused_Row_ap_uint_ap_uint_const_ap_uint_const_ap_uint_const_ap_u_42, i64 0, i64 %zext_ln246_2" [../gen/Hls_Layers_UpConv.tpp:246]   --->   Operation 75 'getelementptr' 'void_UpConv_Fused_Row_ap_uint_ap_uint_const_ap_uint_const_ap_uint_const_ap_u_839' <Predicate = (!icmp_ln242)> <Delay = 0.00>
ST_1 : Operation 76 [1/1] (0.00ns)   --->   "%void_UpConv_Fused_Row_ap_uint_ap_uint_const_ap_uint_const_ap_uint_const_ap_u_840 = getelementptr i16 %void_UpConv_Fused_Row_ap_uint_ap_uint_const_ap_uint_const_ap_uint_const_ap_u_41, i64 0, i64 %zext_ln246_2" [../gen/Hls_Layers_UpConv.tpp:246]   --->   Operation 76 'getelementptr' 'void_UpConv_Fused_Row_ap_uint_ap_uint_const_ap_uint_const_ap_uint_const_ap_u_840' <Predicate = (!icmp_ln242)> <Delay = 0.00>
ST_1 : Operation 77 [1/1] (0.00ns)   --->   "%void_UpConv_Fused_Row_ap_uint_ap_uint_const_ap_uint_const_ap_uint_const_ap_u_841 = getelementptr i16 %void_UpConv_Fused_Row_ap_uint_ap_uint_const_ap_uint_const_ap_uint_const_ap_u_40, i64 0, i64 %zext_ln246_2" [../gen/Hls_Layers_UpConv.tpp:246]   --->   Operation 77 'getelementptr' 'void_UpConv_Fused_Row_ap_uint_ap_uint_const_ap_uint_const_ap_uint_const_ap_u_841' <Predicate = (!icmp_ln242)> <Delay = 0.00>
ST_1 : Operation 78 [1/1] (0.00ns)   --->   "%b_buf_addr = getelementptr i256 %b_buf, i64 0, i64 %zext_ln240" [../gen/Hls_Layers_UpConv.tpp:245]   --->   Operation 78 'getelementptr' 'b_buf_addr' <Predicate = (!icmp_ln242)> <Delay = 0.00>
ST_1 : Operation 79 [2/2] (1.23ns)   --->   "%b_buf_load = load i2 %b_buf_addr" [../gen/Hls_Layers_UpConv.tpp:245]   --->   Operation 79 'load' 'b_buf_load' <Predicate = (!icmp_ln242)> <Delay = 1.23> <CoreInst = "RAM_T2P_BRAM">   --->   Core 98 'RAM_T2P_BRAM' <Latency = 1> <II = 1> <Delay = 1.23> <Storage> <Opcode : 'load' 'store'> <Ports = 2> <Width = 256> <Depth = 4> <RAM>
ST_1 : Operation 80 [2/2] (1.23ns)   --->   "%void_UpConv_Fused_Row_ap_uint_ap_uint_const_ap_uint_const_ap_uint_const_ap_u_842 = load i10 %void_UpConv_Fused_Row_ap_uint_ap_uint_const_ap_uint_const_ap_uint_const_ap_u_832" [../gen/Hls_Layers_UpConv.tpp:246]   --->   Operation 80 'load' 'void_UpConv_Fused_Row_ap_uint_ap_uint_const_ap_uint_const_ap_uint_const_ap_u_842' <Predicate = (!icmp_ln242)> <Delay = 1.23> <CoreInst = "RAM_T2P_URAM">   --->   Core 99 'RAM_T2P_URAM' <Latency = 1> <II = 1> <Delay = 1.23> <Storage> <Opcode : 'load' 'store'> <Ports = 2> <Width = 16> <Depth = 1024> <RAM>
ST_1 : Operation 81 [2/2] (1.23ns)   --->   "%void_UpConv_Fused_Row_ap_uint_ap_uint_const_ap_uint_const_ap_uint_const_ap_u_843 = load i10 %void_UpConv_Fused_Row_ap_uint_ap_uint_const_ap_uint_const_ap_uint_const_ap_u_833" [../gen/Hls_Layers_UpConv.tpp:246]   --->   Operation 81 'load' 'void_UpConv_Fused_Row_ap_uint_ap_uint_const_ap_uint_const_ap_uint_const_ap_u_843' <Predicate = (!icmp_ln242)> <Delay = 1.23> <CoreInst = "RAM_T2P_URAM">   --->   Core 99 'RAM_T2P_URAM' <Latency = 1> <II = 1> <Delay = 1.23> <Storage> <Opcode : 'load' 'store'> <Ports = 2> <Width = 16> <Depth = 1024> <RAM>
ST_1 : Operation 82 [2/2] (1.23ns)   --->   "%void_UpConv_Fused_Row_ap_uint_ap_uint_const_ap_uint_const_ap_uint_const_ap_u_844 = load i10 %void_UpConv_Fused_Row_ap_uint_ap_uint_const_ap_uint_const_ap_uint_const_ap_u_834" [../gen/Hls_Layers_UpConv.tpp:246]   --->   Operation 82 'load' 'void_UpConv_Fused_Row_ap_uint_ap_uint_const_ap_uint_const_ap_uint_const_ap_u_844' <Predicate = (!icmp_ln242)> <Delay = 1.23> <CoreInst = "RAM_T2P_URAM">   --->   Core 99 'RAM_T2P_URAM' <Latency = 1> <II = 1> <Delay = 1.23> <Storage> <Opcode : 'load' 'store'> <Ports = 2> <Width = 16> <Depth = 1024> <RAM>
ST_1 : Operation 83 [2/2] (1.23ns)   --->   "%void_UpConv_Fused_Row_ap_uint_ap_uint_const_ap_uint_const_ap_uint_const_ap_u_845 = load i10 %void_UpConv_Fused_Row_ap_uint_ap_uint_const_ap_uint_const_ap_uint_const_ap_u_835" [../gen/Hls_Layers_UpConv.tpp:246]   --->   Operation 83 'load' 'void_UpConv_Fused_Row_ap_uint_ap_uint_const_ap_uint_const_ap_uint_const_ap_u_845' <Predicate = (!icmp_ln242)> <Delay = 1.23> <CoreInst = "RAM_T2P_URAM">   --->   Core 99 'RAM_T2P_URAM' <Latency = 1> <II = 1> <Delay = 1.23> <Storage> <Opcode : 'load' 'store'> <Ports = 2> <Width = 16> <Depth = 1024> <RAM>
ST_1 : Operation 84 [2/2] (1.23ns)   --->   "%void_UpConv_Fused_Row_ap_uint_ap_uint_const_ap_uint_const_ap_uint_const_ap_u_846 = load i10 %void_UpConv_Fused_Row_ap_uint_ap_uint_const_ap_uint_const_ap_uint_const_ap_u_836" [../gen/Hls_Layers_UpConv.tpp:246]   --->   Operation 84 'load' 'void_UpConv_Fused_Row_ap_uint_ap_uint_const_ap_uint_const_ap_uint_const_ap_u_846' <Predicate = (!icmp_ln242)> <Delay = 1.23> <CoreInst = "RAM_T2P_URAM">   --->   Core 99 'RAM_T2P_URAM' <Latency = 1> <II = 1> <Delay = 1.23> <Storage> <Opcode : 'load' 'store'> <Ports = 2> <Width = 16> <Depth = 1024> <RAM>
ST_1 : Operation 85 [2/2] (1.23ns)   --->   "%void_UpConv_Fused_Row_ap_uint_ap_uint_const_ap_uint_const_ap_uint_const_ap_u_847 = load i10 %void_UpConv_Fused_Row_ap_uint_ap_uint_const_ap_uint_const_ap_uint_const_ap_u_837" [../gen/Hls_Layers_UpConv.tpp:246]   --->   Operation 85 'load' 'void_UpConv_Fused_Row_ap_uint_ap_uint_const_ap_uint_const_ap_uint_const_ap_u_847' <Predicate = (!icmp_ln242)> <Delay = 1.23> <CoreInst = "RAM_T2P_URAM">   --->   Core 99 'RAM_T2P_URAM' <Latency = 1> <II = 1> <Delay = 1.23> <Storage> <Opcode : 'load' 'store'> <Ports = 2> <Width = 16> <Depth = 1024> <RAM>
ST_1 : Operation 86 [2/2] (1.23ns)   --->   "%void_UpConv_Fused_Row_ap_uint_ap_uint_const_ap_uint_const_ap_uint_const_ap_u_848 = load i10 %void_UpConv_Fused_Row_ap_uint_ap_uint_const_ap_uint_const_ap_uint_const_ap_u_838" [../gen/Hls_Layers_UpConv.tpp:246]   --->   Operation 86 'load' 'void_UpConv_Fused_Row_ap_uint_ap_uint_const_ap_uint_const_ap_uint_const_ap_u_848' <Predicate = (!icmp_ln242)> <Delay = 1.23> <CoreInst = "RAM_T2P_URAM">   --->   Core 99 'RAM_T2P_URAM' <Latency = 1> <II = 1> <Delay = 1.23> <Storage> <Opcode : 'load' 'store'> <Ports = 2> <Width = 16> <Depth = 1024> <RAM>
ST_1 : Operation 87 [2/2] (1.23ns)   --->   "%void_UpConv_Fused_Row_ap_uint_ap_uint_const_ap_uint_const_ap_uint_const_ap_u_849 = load i10 %void_UpConv_Fused_Row_ap_uint_ap_uint_const_ap_uint_const_ap_uint_const_ap_u_839" [../gen/Hls_Layers_UpConv.tpp:246]   --->   Operation 87 'load' 'void_UpConv_Fused_Row_ap_uint_ap_uint_const_ap_uint_const_ap_uint_const_ap_u_849' <Predicate = (!icmp_ln242)> <Delay = 1.23> <CoreInst = "RAM_T2P_URAM">   --->   Core 99 'RAM_T2P_URAM' <Latency = 1> <II = 1> <Delay = 1.23> <Storage> <Opcode : 'load' 'store'> <Ports = 2> <Width = 16> <Depth = 1024> <RAM>
ST_1 : Operation 88 [2/2] (1.23ns)   --->   "%void_UpConv_Fused_Row_ap_uint_ap_uint_const_ap_uint_const_ap_uint_const_ap_u_850 = load i10 %void_UpConv_Fused_Row_ap_uint_ap_uint_const_ap_uint_const_ap_uint_const_ap_u_840" [../gen/Hls_Layers_UpConv.tpp:246]   --->   Operation 88 'load' 'void_UpConv_Fused_Row_ap_uint_ap_uint_const_ap_uint_const_ap_uint_const_ap_u_850' <Predicate = (!icmp_ln242)> <Delay = 1.23> <CoreInst = "RAM_T2P_URAM">   --->   Core 99 'RAM_T2P_URAM' <Latency = 1> <II = 1> <Delay = 1.23> <Storage> <Opcode : 'load' 'store'> <Ports = 2> <Width = 16> <Depth = 1024> <RAM>
ST_1 : Operation 89 [2/2] (1.23ns)   --->   "%void_UpConv_Fused_Row_ap_uint_ap_uint_const_ap_uint_const_ap_uint_const_ap_u_851 = load i10 %void_UpConv_Fused_Row_ap_uint_ap_uint_const_ap_uint_const_ap_uint_const_ap_u_841" [../gen/Hls_Layers_UpConv.tpp:246]   --->   Operation 89 'load' 'void_UpConv_Fused_Row_ap_uint_ap_uint_const_ap_uint_const_ap_uint_const_ap_u_851' <Predicate = (!icmp_ln242)> <Delay = 1.23> <CoreInst = "RAM_T2P_URAM">   --->   Core 99 'RAM_T2P_URAM' <Latency = 1> <II = 1> <Delay = 1.23> <Storage> <Opcode : 'load' 'store'> <Ports = 2> <Width = 16> <Depth = 1024> <RAM>
ST_1 : Operation 90 [2/2] (1.23ns)   --->   "%p_ZZ16UpConv_Fused_RowILi8ELi128ELi128ELi120ELi60EEvP7ap_uintILi256EEPKS1_S4_S4_S_46 = load i10 %p_ZZ16UpConv_Fused_RowILi8ELi128ELi128ELi120ELi60EEvP7ap_uintILi256EEPKS1_S4_S4_S_40" [../gen/Hls_Layers_UpConv.tpp:246]   --->   Operation 90 'load' 'p_ZZ16UpConv_Fused_RowILi8ELi128ELi128ELi120ELi60EEvP7ap_uintILi256EEPKS1_S4_S4_S_46' <Predicate = (!icmp_ln242)> <Delay = 1.23> <CoreInst = "RAM_T2P_URAM">   --->   Core 99 'RAM_T2P_URAM' <Latency = 1> <II = 1> <Delay = 1.23> <Storage> <Opcode : 'load' 'store'> <Ports = 2> <Width = 16> <Depth = 1024> <RAM>
ST_1 : Operation 91 [2/2] (1.23ns)   --->   "%p_ZZ16UpConv_Fused_RowILi8ELi128ELi128ELi120ELi60EEvP7ap_uintILi256EEPKS1_S4_S4_S_47 = load i10 %p_ZZ16UpConv_Fused_RowILi8ELi128ELi128ELi120ELi60EEvP7ap_uintILi256EEPKS1_S4_S4_S_41" [../gen/Hls_Layers_UpConv.tpp:246]   --->   Operation 91 'load' 'p_ZZ16UpConv_Fused_RowILi8ELi128ELi128ELi120ELi60EEvP7ap_uintILi256EEPKS1_S4_S4_S_47' <Predicate = (!icmp_ln242)> <Delay = 1.23> <CoreInst = "RAM_T2P_URAM">   --->   Core 99 'RAM_T2P_URAM' <Latency = 1> <II = 1> <Delay = 1.23> <Storage> <Opcode : 'load' 'store'> <Ports = 2> <Width = 16> <Depth = 1024> <RAM>
ST_1 : Operation 92 [2/2] (1.23ns)   --->   "%p_ZZ16UpConv_Fused_RowILi8ELi128ELi128ELi120ELi60EEvP7ap_uintILi256EEPKS1_S4_S4_S_48 = load i10 %p_ZZ16UpConv_Fused_RowILi8ELi128ELi128ELi120ELi60EEvP7ap_uintILi256EEPKS1_S4_S4_S_42" [../gen/Hls_Layers_UpConv.tpp:246]   --->   Operation 92 'load' 'p_ZZ16UpConv_Fused_RowILi8ELi128ELi128ELi120ELi60EEvP7ap_uintILi256EEPKS1_S4_S4_S_48' <Predicate = (!icmp_ln242)> <Delay = 1.23> <CoreInst = "RAM_T2P_URAM">   --->   Core 99 'RAM_T2P_URAM' <Latency = 1> <II = 1> <Delay = 1.23> <Storage> <Opcode : 'load' 'store'> <Ports = 2> <Width = 16> <Depth = 1024> <RAM>
ST_1 : Operation 93 [2/2] (1.23ns)   --->   "%p_ZZ16UpConv_Fused_RowILi8ELi128ELi128ELi120ELi60EEvP7ap_uintILi256EEPKS1_S4_S4_S_49 = load i10 %p_ZZ16UpConv_Fused_RowILi8ELi128ELi128ELi120ELi60EEvP7ap_uintILi256EEPKS1_S4_S4_S_43" [../gen/Hls_Layers_UpConv.tpp:246]   --->   Operation 93 'load' 'p_ZZ16UpConv_Fused_RowILi8ELi128ELi128ELi120ELi60EEvP7ap_uintILi256EEPKS1_S4_S4_S_49' <Predicate = (!icmp_ln242)> <Delay = 1.23> <CoreInst = "RAM_T2P_URAM">   --->   Core 99 'RAM_T2P_URAM' <Latency = 1> <II = 1> <Delay = 1.23> <Storage> <Opcode : 'load' 'store'> <Ports = 2> <Width = 16> <Depth = 1024> <RAM>
ST_1 : Operation 94 [2/2] (1.23ns)   --->   "%p_ZZ16UpConv_Fused_RowILi8ELi128ELi128ELi120ELi60EEvP7ap_uintILi256EEPKS1_S4_S4_S_50 = load i10 %p_ZZ16UpConv_Fused_RowILi8ELi128ELi128ELi120ELi60EEvP7ap_uintILi256EEPKS1_S4_S4_S_44" [../gen/Hls_Layers_UpConv.tpp:246]   --->   Operation 94 'load' 'p_ZZ16UpConv_Fused_RowILi8ELi128ELi128ELi120ELi60EEvP7ap_uintILi256EEPKS1_S4_S4_S_50' <Predicate = (!icmp_ln242)> <Delay = 1.23> <CoreInst = "RAM_T2P_URAM">   --->   Core 99 'RAM_T2P_URAM' <Latency = 1> <II = 1> <Delay = 1.23> <Storage> <Opcode : 'load' 'store'> <Ports = 2> <Width = 16> <Depth = 1024> <RAM>
ST_1 : Operation 95 [2/2] (1.23ns)   --->   "%p_ZZ16UpConv_Fused_RowILi8ELi128ELi128ELi120ELi60EEvP7ap_uintILi256EEPKS1_S4_S4_S_51 = load i10 %p_ZZ16UpConv_Fused_RowILi8ELi128ELi128ELi120ELi60EEvP7ap_uintILi256EEPKS1_S4_S4_S_45" [../gen/Hls_Layers_UpConv.tpp:246]   --->   Operation 95 'load' 'p_ZZ16UpConv_Fused_RowILi8ELi128ELi128ELi120ELi60EEvP7ap_uintILi256EEPKS1_S4_S4_S_51' <Predicate = (!icmp_ln242)> <Delay = 1.23> <CoreInst = "RAM_T2P_URAM">   --->   Core 99 'RAM_T2P_URAM' <Latency = 1> <II = 1> <Delay = 1.23> <Storage> <Opcode : 'load' 'store'> <Ports = 2> <Width = 16> <Depth = 1024> <RAM>
ST_1 : Operation 96 [1/1] (0.79ns)   --->   "%switch_ln247 = switch i4 %trunc_ln242, void %arrayidx2572.case.15, i4 0, void %arrayidx2572.case.0, i4 1, void %arrayidx2572.case.1, i4 2, void %arrayidx2572.case.2, i4 3, void %arrayidx2572.case.3, i4 4, void %arrayidx2572.case.4, i4 5, void %arrayidx2572.case.5, i4 6, void %arrayidx2572.case.6, i4 7, void %arrayidx2572.case.7, i4 8, void %arrayidx2572.case.8, i4 9, void %arrayidx2572.case.9, i4 10, void %arrayidx2572.case.10, i4 11, void %arrayidx2572.case.11, i4 12, void %arrayidx2572.case.12, i4 13, void %arrayidx2572.case.13, i4 14, void %arrayidx2572.case.14" [../gen/Hls_Layers_UpConv.tpp:247]   --->   Operation 96 'switch' 'switch_ln247' <Predicate = (!icmp_ln242)> <Delay = 0.79>
ST_1 : Operation 97 [1/1] (0.00ns)   --->   "%br_ln247 = br void %arrayidx2572.exit" [../gen/Hls_Layers_UpConv.tpp:247]   --->   Operation 97 'br' 'br_ln247' <Predicate = (!icmp_ln242 & trunc_ln242 == 14)> <Delay = 0.00>
ST_1 : Operation 98 [1/1] (0.00ns)   --->   "%br_ln247 = br void %arrayidx2572.exit" [../gen/Hls_Layers_UpConv.tpp:247]   --->   Operation 98 'br' 'br_ln247' <Predicate = (!icmp_ln242 & trunc_ln242 == 13)> <Delay = 0.00>
ST_1 : Operation 99 [1/1] (0.00ns)   --->   "%br_ln247 = br void %arrayidx2572.exit" [../gen/Hls_Layers_UpConv.tpp:247]   --->   Operation 99 'br' 'br_ln247' <Predicate = (!icmp_ln242 & trunc_ln242 == 12)> <Delay = 0.00>
ST_1 : Operation 100 [1/1] (0.00ns)   --->   "%br_ln247 = br void %arrayidx2572.exit" [../gen/Hls_Layers_UpConv.tpp:247]   --->   Operation 100 'br' 'br_ln247' <Predicate = (!icmp_ln242 & trunc_ln242 == 11)> <Delay = 0.00>
ST_1 : Operation 101 [1/1] (0.00ns)   --->   "%br_ln247 = br void %arrayidx2572.exit" [../gen/Hls_Layers_UpConv.tpp:247]   --->   Operation 101 'br' 'br_ln247' <Predicate = (!icmp_ln242 & trunc_ln242 == 10)> <Delay = 0.00>
ST_1 : Operation 102 [1/1] (0.00ns)   --->   "%br_ln247 = br void %arrayidx2572.exit" [../gen/Hls_Layers_UpConv.tpp:247]   --->   Operation 102 'br' 'br_ln247' <Predicate = (!icmp_ln242 & trunc_ln242 == 9)> <Delay = 0.00>
ST_1 : Operation 103 [1/1] (0.00ns)   --->   "%br_ln247 = br void %arrayidx2572.exit" [../gen/Hls_Layers_UpConv.tpp:247]   --->   Operation 103 'br' 'br_ln247' <Predicate = (!icmp_ln242 & trunc_ln242 == 8)> <Delay = 0.00>
ST_1 : Operation 104 [1/1] (0.00ns)   --->   "%br_ln247 = br void %arrayidx2572.exit" [../gen/Hls_Layers_UpConv.tpp:247]   --->   Operation 104 'br' 'br_ln247' <Predicate = (!icmp_ln242 & trunc_ln242 == 7)> <Delay = 0.00>
ST_1 : Operation 105 [1/1] (0.00ns)   --->   "%br_ln247 = br void %arrayidx2572.exit" [../gen/Hls_Layers_UpConv.tpp:247]   --->   Operation 105 'br' 'br_ln247' <Predicate = (!icmp_ln242 & trunc_ln242 == 6)> <Delay = 0.00>
ST_1 : Operation 106 [1/1] (0.00ns)   --->   "%br_ln247 = br void %arrayidx2572.exit" [../gen/Hls_Layers_UpConv.tpp:247]   --->   Operation 106 'br' 'br_ln247' <Predicate = (!icmp_ln242 & trunc_ln242 == 5)> <Delay = 0.00>
ST_1 : Operation 107 [1/1] (0.00ns)   --->   "%br_ln247 = br void %arrayidx2572.exit" [../gen/Hls_Layers_UpConv.tpp:247]   --->   Operation 107 'br' 'br_ln247' <Predicate = (!icmp_ln242 & trunc_ln242 == 4)> <Delay = 0.00>
ST_1 : Operation 108 [1/1] (0.00ns)   --->   "%br_ln247 = br void %arrayidx2572.exit" [../gen/Hls_Layers_UpConv.tpp:247]   --->   Operation 108 'br' 'br_ln247' <Predicate = (!icmp_ln242 & trunc_ln242 == 3)> <Delay = 0.00>
ST_1 : Operation 109 [1/1] (0.00ns)   --->   "%br_ln247 = br void %arrayidx2572.exit" [../gen/Hls_Layers_UpConv.tpp:247]   --->   Operation 109 'br' 'br_ln247' <Predicate = (!icmp_ln242 & trunc_ln242 == 2)> <Delay = 0.00>
ST_1 : Operation 110 [1/1] (0.00ns)   --->   "%br_ln247 = br void %arrayidx2572.exit" [../gen/Hls_Layers_UpConv.tpp:247]   --->   Operation 110 'br' 'br_ln247' <Predicate = (!icmp_ln242 & trunc_ln242 == 1)> <Delay = 0.00>
ST_1 : Operation 111 [1/1] (0.00ns)   --->   "%br_ln247 = br void %arrayidx2572.exit" [../gen/Hls_Layers_UpConv.tpp:247]   --->   Operation 111 'br' 'br_ln247' <Predicate = (!icmp_ln242 & trunc_ln242 == 0)> <Delay = 0.00>
ST_1 : Operation 112 [1/1] (0.00ns)   --->   "%br_ln247 = br void %arrayidx2572.exit" [../gen/Hls_Layers_UpConv.tpp:247]   --->   Operation 112 'br' 'br_ln247' <Predicate = (!icmp_ln242 & trunc_ln242 == 15)> <Delay = 0.00>

State 2 <SV = 1> <Delay = 2.15>
ST_2 : Operation 113 [1/1] (0.00ns)   --->   "%shl_ln6 = bitconcatenate i8 @_ssdm_op_BitConcatenate.i8.i4.i4, i4 %trunc_ln242, i4 0" [../gen/Hls_Layers_UpConv.tpp:245]   --->   Operation 113 'bitconcatenate' 'shl_ln6' <Predicate = (!icmp_ln242)> <Delay = 0.00>
ST_2 : Operation 114 [1/1] (0.00ns)   --->   "%zext_ln245 = zext i8 %shl_ln6" [../gen/Hls_Layers_UpConv.tpp:245]   --->   Operation 114 'zext' 'zext_ln245' <Predicate = (!icmp_ln242)> <Delay = 0.00>
ST_2 : Operation 115 [1/2] ( I:1.23ns O:1.23ns )   --->   "%b_buf_load = load i2 %b_buf_addr" [../gen/Hls_Layers_UpConv.tpp:245]   --->   Operation 115 'load' 'b_buf_load' <Predicate = (!icmp_ln242)> <Delay = 1.23> <CoreInst = "RAM_T2P_BRAM">   --->   Core 98 'RAM_T2P_BRAM' <Latency = 1> <II = 1> <Delay = 1.23> <Storage> <Opcode : 'load' 'store'> <Ports = 2> <Width = 256> <Depth = 4> <RAM>
ST_2 : Operation 116 [1/1] (0.91ns)   --->   "%u = partselect i16 @_ssdm_op_PartSelect.i16.i256.i32, i256 %b_buf_load, i32 %zext_ln245" [../gen/Hls_Layers_UpConv.tpp:245]   --->   Operation 116 'partselect' 'u' <Predicate = (!icmp_ln242)> <Delay = 0.91> <CoreInst = "PartSelect">   --->   Core 155 'PartSelect' <Latency = 0> <II = 1> <Delay = 0.91> <FuncUnit> <Opcode : 'partselect'> <InPorts = 2> <OutPorts = 1>
ST_2 : Operation 117 [1/2] ( I:1.23ns O:1.23ns )   --->   "%void_UpConv_Fused_Row_ap_uint_ap_uint_const_ap_uint_const_ap_uint_const_ap_u_842 = load i10 %void_UpConv_Fused_Row_ap_uint_ap_uint_const_ap_uint_const_ap_uint_const_ap_u_832" [../gen/Hls_Layers_UpConv.tpp:246]   --->   Operation 117 'load' 'void_UpConv_Fused_Row_ap_uint_ap_uint_const_ap_uint_const_ap_uint_const_ap_u_842' <Predicate = (!icmp_ln242)> <Delay = 1.23> <CoreInst = "RAM_T2P_URAM">   --->   Core 99 'RAM_T2P_URAM' <Latency = 1> <II = 1> <Delay = 1.23> <Storage> <Opcode : 'load' 'store'> <Ports = 2> <Width = 16> <Depth = 1024> <RAM>
ST_2 : Operation 118 [1/2] ( I:1.23ns O:1.23ns )   --->   "%void_UpConv_Fused_Row_ap_uint_ap_uint_const_ap_uint_const_ap_uint_const_ap_u_843 = load i10 %void_UpConv_Fused_Row_ap_uint_ap_uint_const_ap_uint_const_ap_uint_const_ap_u_833" [../gen/Hls_Layers_UpConv.tpp:246]   --->   Operation 118 'load' 'void_UpConv_Fused_Row_ap_uint_ap_uint_const_ap_uint_const_ap_uint_const_ap_u_843' <Predicate = (!icmp_ln242)> <Delay = 1.23> <CoreInst = "RAM_T2P_URAM">   --->   Core 99 'RAM_T2P_URAM' <Latency = 1> <II = 1> <Delay = 1.23> <Storage> <Opcode : 'load' 'store'> <Ports = 2> <Width = 16> <Depth = 1024> <RAM>
ST_2 : Operation 119 [1/2] ( I:1.23ns O:1.23ns )   --->   "%void_UpConv_Fused_Row_ap_uint_ap_uint_const_ap_uint_const_ap_uint_const_ap_u_844 = load i10 %void_UpConv_Fused_Row_ap_uint_ap_uint_const_ap_uint_const_ap_uint_const_ap_u_834" [../gen/Hls_Layers_UpConv.tpp:246]   --->   Operation 119 'load' 'void_UpConv_Fused_Row_ap_uint_ap_uint_const_ap_uint_const_ap_uint_const_ap_u_844' <Predicate = (!icmp_ln242)> <Delay = 1.23> <CoreInst = "RAM_T2P_URAM">   --->   Core 99 'RAM_T2P_URAM' <Latency = 1> <II = 1> <Delay = 1.23> <Storage> <Opcode : 'load' 'store'> <Ports = 2> <Width = 16> <Depth = 1024> <RAM>
ST_2 : Operation 120 [1/2] ( I:1.23ns O:1.23ns )   --->   "%void_UpConv_Fused_Row_ap_uint_ap_uint_const_ap_uint_const_ap_uint_const_ap_u_845 = load i10 %void_UpConv_Fused_Row_ap_uint_ap_uint_const_ap_uint_const_ap_uint_const_ap_u_835" [../gen/Hls_Layers_UpConv.tpp:246]   --->   Operation 120 'load' 'void_UpConv_Fused_Row_ap_uint_ap_uint_const_ap_uint_const_ap_uint_const_ap_u_845' <Predicate = (!icmp_ln242)> <Delay = 1.23> <CoreInst = "RAM_T2P_URAM">   --->   Core 99 'RAM_T2P_URAM' <Latency = 1> <II = 1> <Delay = 1.23> <Storage> <Opcode : 'load' 'store'> <Ports = 2> <Width = 16> <Depth = 1024> <RAM>
ST_2 : Operation 121 [1/2] ( I:1.23ns O:1.23ns )   --->   "%void_UpConv_Fused_Row_ap_uint_ap_uint_const_ap_uint_const_ap_uint_const_ap_u_846 = load i10 %void_UpConv_Fused_Row_ap_uint_ap_uint_const_ap_uint_const_ap_uint_const_ap_u_836" [../gen/Hls_Layers_UpConv.tpp:246]   --->   Operation 121 'load' 'void_UpConv_Fused_Row_ap_uint_ap_uint_const_ap_uint_const_ap_uint_const_ap_u_846' <Predicate = (!icmp_ln242)> <Delay = 1.23> <CoreInst = "RAM_T2P_URAM">   --->   Core 99 'RAM_T2P_URAM' <Latency = 1> <II = 1> <Delay = 1.23> <Storage> <Opcode : 'load' 'store'> <Ports = 2> <Width = 16> <Depth = 1024> <RAM>
ST_2 : Operation 122 [1/2] ( I:1.23ns O:1.23ns )   --->   "%void_UpConv_Fused_Row_ap_uint_ap_uint_const_ap_uint_const_ap_uint_const_ap_u_847 = load i10 %void_UpConv_Fused_Row_ap_uint_ap_uint_const_ap_uint_const_ap_uint_const_ap_u_837" [../gen/Hls_Layers_UpConv.tpp:246]   --->   Operation 122 'load' 'void_UpConv_Fused_Row_ap_uint_ap_uint_const_ap_uint_const_ap_uint_const_ap_u_847' <Predicate = (!icmp_ln242)> <Delay = 1.23> <CoreInst = "RAM_T2P_URAM">   --->   Core 99 'RAM_T2P_URAM' <Latency = 1> <II = 1> <Delay = 1.23> <Storage> <Opcode : 'load' 'store'> <Ports = 2> <Width = 16> <Depth = 1024> <RAM>
ST_2 : Operation 123 [1/2] ( I:1.23ns O:1.23ns )   --->   "%void_UpConv_Fused_Row_ap_uint_ap_uint_const_ap_uint_const_ap_uint_const_ap_u_848 = load i10 %void_UpConv_Fused_Row_ap_uint_ap_uint_const_ap_uint_const_ap_uint_const_ap_u_838" [../gen/Hls_Layers_UpConv.tpp:246]   --->   Operation 123 'load' 'void_UpConv_Fused_Row_ap_uint_ap_uint_const_ap_uint_const_ap_uint_const_ap_u_848' <Predicate = (!icmp_ln242)> <Delay = 1.23> <CoreInst = "RAM_T2P_URAM">   --->   Core 99 'RAM_T2P_URAM' <Latency = 1> <II = 1> <Delay = 1.23> <Storage> <Opcode : 'load' 'store'> <Ports = 2> <Width = 16> <Depth = 1024> <RAM>
ST_2 : Operation 124 [1/2] ( I:1.23ns O:1.23ns )   --->   "%void_UpConv_Fused_Row_ap_uint_ap_uint_const_ap_uint_const_ap_uint_const_ap_u_849 = load i10 %void_UpConv_Fused_Row_ap_uint_ap_uint_const_ap_uint_const_ap_uint_const_ap_u_839" [../gen/Hls_Layers_UpConv.tpp:246]   --->   Operation 124 'load' 'void_UpConv_Fused_Row_ap_uint_ap_uint_const_ap_uint_const_ap_uint_const_ap_u_849' <Predicate = (!icmp_ln242)> <Delay = 1.23> <CoreInst = "RAM_T2P_URAM">   --->   Core 99 'RAM_T2P_URAM' <Latency = 1> <II = 1> <Delay = 1.23> <Storage> <Opcode : 'load' 'store'> <Ports = 2> <Width = 16> <Depth = 1024> <RAM>
ST_2 : Operation 125 [1/2] ( I:1.23ns O:1.23ns )   --->   "%void_UpConv_Fused_Row_ap_uint_ap_uint_const_ap_uint_const_ap_uint_const_ap_u_850 = load i10 %void_UpConv_Fused_Row_ap_uint_ap_uint_const_ap_uint_const_ap_uint_const_ap_u_840" [../gen/Hls_Layers_UpConv.tpp:246]   --->   Operation 125 'load' 'void_UpConv_Fused_Row_ap_uint_ap_uint_const_ap_uint_const_ap_uint_const_ap_u_850' <Predicate = (!icmp_ln242)> <Delay = 1.23> <CoreInst = "RAM_T2P_URAM">   --->   Core 99 'RAM_T2P_URAM' <Latency = 1> <II = 1> <Delay = 1.23> <Storage> <Opcode : 'load' 'store'> <Ports = 2> <Width = 16> <Depth = 1024> <RAM>
ST_2 : Operation 126 [1/2] ( I:1.23ns O:1.23ns )   --->   "%void_UpConv_Fused_Row_ap_uint_ap_uint_const_ap_uint_const_ap_uint_const_ap_u_851 = load i10 %void_UpConv_Fused_Row_ap_uint_ap_uint_const_ap_uint_const_ap_uint_const_ap_u_841" [../gen/Hls_Layers_UpConv.tpp:246]   --->   Operation 126 'load' 'void_UpConv_Fused_Row_ap_uint_ap_uint_const_ap_uint_const_ap_uint_const_ap_u_851' <Predicate = (!icmp_ln242)> <Delay = 1.23> <CoreInst = "RAM_T2P_URAM">   --->   Core 99 'RAM_T2P_URAM' <Latency = 1> <II = 1> <Delay = 1.23> <Storage> <Opcode : 'load' 'store'> <Ports = 2> <Width = 16> <Depth = 1024> <RAM>
ST_2 : Operation 127 [1/2] ( I:1.23ns O:1.23ns )   --->   "%p_ZZ16UpConv_Fused_RowILi8ELi128ELi128ELi120ELi60EEvP7ap_uintILi256EEPKS1_S4_S4_S_46 = load i10 %p_ZZ16UpConv_Fused_RowILi8ELi128ELi128ELi120ELi60EEvP7ap_uintILi256EEPKS1_S4_S4_S_40" [../gen/Hls_Layers_UpConv.tpp:246]   --->   Operation 127 'load' 'p_ZZ16UpConv_Fused_RowILi8ELi128ELi128ELi120ELi60EEvP7ap_uintILi256EEPKS1_S4_S4_S_46' <Predicate = (!icmp_ln242)> <Delay = 1.23> <CoreInst = "RAM_T2P_URAM">   --->   Core 99 'RAM_T2P_URAM' <Latency = 1> <II = 1> <Delay = 1.23> <Storage> <Opcode : 'load' 'store'> <Ports = 2> <Width = 16> <Depth = 1024> <RAM>
ST_2 : Operation 128 [1/2] ( I:1.23ns O:1.23ns )   --->   "%p_ZZ16UpConv_Fused_RowILi8ELi128ELi128ELi120ELi60EEvP7ap_uintILi256EEPKS1_S4_S4_S_47 = load i10 %p_ZZ16UpConv_Fused_RowILi8ELi128ELi128ELi120ELi60EEvP7ap_uintILi256EEPKS1_S4_S4_S_41" [../gen/Hls_Layers_UpConv.tpp:246]   --->   Operation 128 'load' 'p_ZZ16UpConv_Fused_RowILi8ELi128ELi128ELi120ELi60EEvP7ap_uintILi256EEPKS1_S4_S4_S_47' <Predicate = (!icmp_ln242)> <Delay = 1.23> <CoreInst = "RAM_T2P_URAM">   --->   Core 99 'RAM_T2P_URAM' <Latency = 1> <II = 1> <Delay = 1.23> <Storage> <Opcode : 'load' 'store'> <Ports = 2> <Width = 16> <Depth = 1024> <RAM>
ST_2 : Operation 129 [1/2] ( I:1.23ns O:1.23ns )   --->   "%p_ZZ16UpConv_Fused_RowILi8ELi128ELi128ELi120ELi60EEvP7ap_uintILi256EEPKS1_S4_S4_S_48 = load i10 %p_ZZ16UpConv_Fused_RowILi8ELi128ELi128ELi120ELi60EEvP7ap_uintILi256EEPKS1_S4_S4_S_42" [../gen/Hls_Layers_UpConv.tpp:246]   --->   Operation 129 'load' 'p_ZZ16UpConv_Fused_RowILi8ELi128ELi128ELi120ELi60EEvP7ap_uintILi256EEPKS1_S4_S4_S_48' <Predicate = (!icmp_ln242)> <Delay = 1.23> <CoreInst = "RAM_T2P_URAM">   --->   Core 99 'RAM_T2P_URAM' <Latency = 1> <II = 1> <Delay = 1.23> <Storage> <Opcode : 'load' 'store'> <Ports = 2> <Width = 16> <Depth = 1024> <RAM>
ST_2 : Operation 130 [1/2] ( I:1.23ns O:1.23ns )   --->   "%p_ZZ16UpConv_Fused_RowILi8ELi128ELi128ELi120ELi60EEvP7ap_uintILi256EEPKS1_S4_S4_S_49 = load i10 %p_ZZ16UpConv_Fused_RowILi8ELi128ELi128ELi120ELi60EEvP7ap_uintILi256EEPKS1_S4_S4_S_43" [../gen/Hls_Layers_UpConv.tpp:246]   --->   Operation 130 'load' 'p_ZZ16UpConv_Fused_RowILi8ELi128ELi128ELi120ELi60EEvP7ap_uintILi256EEPKS1_S4_S4_S_49' <Predicate = (!icmp_ln242)> <Delay = 1.23> <CoreInst = "RAM_T2P_URAM">   --->   Core 99 'RAM_T2P_URAM' <Latency = 1> <II = 1> <Delay = 1.23> <Storage> <Opcode : 'load' 'store'> <Ports = 2> <Width = 16> <Depth = 1024> <RAM>
ST_2 : Operation 131 [1/2] ( I:1.23ns O:1.23ns )   --->   "%p_ZZ16UpConv_Fused_RowILi8ELi128ELi128ELi120ELi60EEvP7ap_uintILi256EEPKS1_S4_S4_S_50 = load i10 %p_ZZ16UpConv_Fused_RowILi8ELi128ELi128ELi120ELi60EEvP7ap_uintILi256EEPKS1_S4_S4_S_44" [../gen/Hls_Layers_UpConv.tpp:246]   --->   Operation 131 'load' 'p_ZZ16UpConv_Fused_RowILi8ELi128ELi128ELi120ELi60EEvP7ap_uintILi256EEPKS1_S4_S4_S_50' <Predicate = (!icmp_ln242)> <Delay = 1.23> <CoreInst = "RAM_T2P_URAM">   --->   Core 99 'RAM_T2P_URAM' <Latency = 1> <II = 1> <Delay = 1.23> <Storage> <Opcode : 'load' 'store'> <Ports = 2> <Width = 16> <Depth = 1024> <RAM>
ST_2 : Operation 132 [1/2] ( I:1.23ns O:1.23ns )   --->   "%p_ZZ16UpConv_Fused_RowILi8ELi128ELi128ELi120ELi60EEvP7ap_uintILi256EEPKS1_S4_S4_S_51 = load i10 %p_ZZ16UpConv_Fused_RowILi8ELi128ELi128ELi120ELi60EEvP7ap_uintILi256EEPKS1_S4_S4_S_45" [../gen/Hls_Layers_UpConv.tpp:246]   --->   Operation 132 'load' 'p_ZZ16UpConv_Fused_RowILi8ELi128ELi128ELi120ELi60EEvP7ap_uintILi256EEPKS1_S4_S4_S_51' <Predicate = (!icmp_ln242)> <Delay = 1.23> <CoreInst = "RAM_T2P_URAM">   --->   Core 99 'RAM_T2P_URAM' <Latency = 1> <II = 1> <Delay = 1.23> <Storage> <Opcode : 'load' 'store'> <Ports = 2> <Width = 16> <Depth = 1024> <RAM>
ST_2 : Operation 133 [1/1] (0.48ns)   --->   "%tmp_s = sparsemux i16 @_ssdm_op_SparseMux.ap_auto.16half.half.i4, i4 0, i16 %void_UpConv_Fused_Row_ap_uint_ap_uint_const_ap_uint_const_ap_uint_const_ap_u_842, i4 1, i16 %void_UpConv_Fused_Row_ap_uint_ap_uint_const_ap_uint_const_ap_uint_const_ap_u_843, i4 2, i16 %void_UpConv_Fused_Row_ap_uint_ap_uint_const_ap_uint_const_ap_uint_const_ap_u_844, i4 3, i16 %void_UpConv_Fused_Row_ap_uint_ap_uint_const_ap_uint_const_ap_uint_const_ap_u_845, i4 4, i16 %void_UpConv_Fused_Row_ap_uint_ap_uint_const_ap_uint_const_ap_uint_const_ap_u_846, i4 5, i16 %void_UpConv_Fused_Row_ap_uint_ap_uint_const_ap_uint_const_ap_uint_const_ap_u_847, i4 6, i16 %void_UpConv_Fused_Row_ap_uint_ap_uint_const_ap_uint_const_ap_uint_const_ap_u_848, i4 7, i16 %void_UpConv_Fused_Row_ap_uint_ap_uint_const_ap_uint_const_ap_uint_const_ap_u_849, i4 8, i16 %void_UpConv_Fused_Row_ap_uint_ap_uint_const_ap_uint_const_ap_uint_const_ap_u_850, i4 9, i16 %void_UpConv_Fused_Row_ap_uint_ap_uint_const_ap_uint_const_ap_uint_const_ap_u_851, i4 10, i16 %p_ZZ16UpConv_Fused_RowILi8ELi128ELi128ELi120ELi60EEvP7ap_uintILi256EEPKS1_S4_S4_S_46, i4 11, i16 %p_ZZ16UpConv_Fused_RowILi8ELi128ELi128ELi120ELi60EEvP7ap_uintILi256EEPKS1_S4_S4_S_47, i4 12, i16 %p_ZZ16UpConv_Fused_RowILi8ELi128ELi128ELi120ELi60EEvP7ap_uintILi256EEPKS1_S4_S4_S_48, i4 13, i16 %p_ZZ16UpConv_Fused_RowILi8ELi128ELi128ELi120ELi60EEvP7ap_uintILi256EEPKS1_S4_S4_S_49, i4 14, i16 %p_ZZ16UpConv_Fused_RowILi8ELi128ELi128ELi120ELi60EEvP7ap_uintILi256EEPKS1_S4_S4_S_50, i4 15, i16 %p_ZZ16UpConv_Fused_RowILi8ELi128ELi128ELi120ELi60EEvP7ap_uintILi256EEPKS1_S4_S4_S_51, i16 <undef>, i4 %trunc_ln242" [../gen/Hls_Layers_UpConv.tpp:246]   --->   Operation 133 'sparsemux' 'tmp_s' <Predicate = (!icmp_ln242)> <Delay = 0.48> <CoreInst = "BinarySparseMux_DontCare">   --->   Core 149 'BinarySparseMux_DontCare' <Latency = 0> <II = 1> <Delay = 0.48> <FuncUnit> <Opcode : 'sparsemux'> <InPorts = 2> <OutPorts = 1>
ST_2 : Operation 134 [1/1] (0.42ns)   --->   "%store_ln242 = store i6 %add_ln242, i6 %c" [../gen/Hls_Layers_UpConv.tpp:242]   --->   Operation 134 'store' 'store_ln242' <Predicate = (!icmp_ln242)> <Delay = 0.42>

State 3 <SV = 2> <Delay = 2.33>
ST_3 : Operation 135 [1/1] (0.00ns)   --->   "%bias = bitcast i16 %u" [../gen/Hls_Layers_UpConv.tpp:43->../gen/Hls_Layers_UpConv.tpp:244]   --->   Operation 135 'bitcast' 'bias' <Predicate = (!icmp_ln242)> <Delay = 0.00>
ST_3 : Operation 136 [5/5] (2.33ns)   --->   "%val = hadd i16 %tmp_s, i16 %bias" [../gen/Hls_Layers_UpConv.tpp:246]   --->   Operation 136 'hadd' 'val' <Predicate = (!icmp_ln242)> <Delay = 2.33> <CoreInst = "HAddSub_fulldsp">   --->   Core 55 'HAddSub_fulldsp' <Latency = 4> <II = 1> <Delay = 2.33> <FuncUnit> <Opcode : 'hadd' 'hsub'> <InPorts = 2> <OutPorts = 1>

State 4 <SV = 3> <Delay = 2.33>
ST_4 : Operation 137 [4/5] (2.33ns)   --->   "%val = hadd i16 %tmp_s, i16 %bias" [../gen/Hls_Layers_UpConv.tpp:246]   --->   Operation 137 'hadd' 'val' <Predicate = (!icmp_ln242)> <Delay = 2.33> <CoreInst = "HAddSub_fulldsp">   --->   Core 55 'HAddSub_fulldsp' <Latency = 4> <II = 1> <Delay = 2.33> <FuncUnit> <Opcode : 'hadd' 'hsub'> <InPorts = 2> <OutPorts = 1>

State 5 <SV = 4> <Delay = 2.33>
ST_5 : Operation 138 [3/5] (2.33ns)   --->   "%val = hadd i16 %tmp_s, i16 %bias" [../gen/Hls_Layers_UpConv.tpp:246]   --->   Operation 138 'hadd' 'val' <Predicate = (!icmp_ln242)> <Delay = 2.33> <CoreInst = "HAddSub_fulldsp">   --->   Core 55 'HAddSub_fulldsp' <Latency = 4> <II = 1> <Delay = 2.33> <FuncUnit> <Opcode : 'hadd' 'hsub'> <InPorts = 2> <OutPorts = 1>

State 6 <SV = 5> <Delay = 2.33>
ST_6 : Operation 139 [2/5] (2.33ns)   --->   "%val = hadd i16 %tmp_s, i16 %bias" [../gen/Hls_Layers_UpConv.tpp:246]   --->   Operation 139 'hadd' 'val' <Predicate = (!icmp_ln242)> <Delay = 2.33> <CoreInst = "HAddSub_fulldsp">   --->   Core 55 'HAddSub_fulldsp' <Latency = 4> <II = 1> <Delay = 2.33> <FuncUnit> <Opcode : 'hadd' 'hsub'> <InPorts = 2> <OutPorts = 1>

State 7 <SV = 6> <Delay = 2.33>
ST_7 : Operation 140 [1/1] (0.00ns)   --->   "%specpipeline_ln243 = specpipeline void @_ssdm_op_SpecPipeline, i32 1, i32 0, i32 0, i32 0, void @empty_0" [../gen/Hls_Layers_UpConv.tpp:243]   --->   Operation 140 'specpipeline' 'specpipeline_ln243' <Predicate = (!icmp_ln242)> <Delay = 0.00>
ST_7 : Operation 141 [1/1] (0.00ns)   --->   "%speclooptripcount_ln240 = speclooptripcount void @_ssdm_op_SpecLoopTripCount, i64 60, i64 60, i64 60" [../gen/Hls_Layers_UpConv.tpp:240]   --->   Operation 141 'speclooptripcount' 'speclooptripcount_ln240' <Predicate = (!icmp_ln242)> <Delay = 0.00>
ST_7 : Operation 142 [1/1] (0.00ns)   --->   "%specloopname_ln242 = specloopname void @_ssdm_op_SpecLoopName, void @empty_27" [../gen/Hls_Layers_UpConv.tpp:242]   --->   Operation 142 'specloopname' 'specloopname_ln242' <Predicate = (!icmp_ln242)> <Delay = 0.00>
ST_7 : Operation 143 [1/5] (2.33ns)   --->   "%val = hadd i16 %tmp_s, i16 %bias" [../gen/Hls_Layers_UpConv.tpp:246]   --->   Operation 143 'hadd' 'val' <Predicate = (!icmp_ln242)> <Delay = 2.33> <CoreInst = "HAddSub_fulldsp">   --->   Core 55 'HAddSub_fulldsp' <Latency = 4> <II = 1> <Delay = 2.33> <FuncUnit> <Opcode : 'hadd' 'hsub'> <InPorts = 2> <OutPorts = 1>

State 8 <SV = 7> <Delay = 1.53>
ST_8 : Operation 144 [1/1] ( I:1.23ns O:1.23ns )   --->   "%store_ln247 = store i16 %val, i10 %p_ZZ16UpConv_Fused_RowILi8ELi128ELi128ELi120ELi60EEvP7ap_uintILi256EEPKS1_S4_S4_S_44" [../gen/Hls_Layers_UpConv.tpp:247]   --->   Operation 144 'store' 'store_ln247' <Predicate = (trunc_ln242 == 14)> <Delay = 1.23> <CoreInst = "RAM_T2P_URAM">   --->   Core 99 'RAM_T2P_URAM' <Latency = 1> <II = 1> <Delay = 1.23> <Storage> <Opcode : 'load' 'store'> <Ports = 2> <Width = 16> <Depth = 1024> <RAM>
ST_8 : Operation 145 [1/1] ( I:1.23ns O:1.23ns )   --->   "%store_ln247 = store i16 %val, i10 %p_ZZ16UpConv_Fused_RowILi8ELi128ELi128ELi120ELi60EEvP7ap_uintILi256EEPKS1_S4_S4_S_43" [../gen/Hls_Layers_UpConv.tpp:247]   --->   Operation 145 'store' 'store_ln247' <Predicate = (trunc_ln242 == 13)> <Delay = 1.23> <CoreInst = "RAM_T2P_URAM">   --->   Core 99 'RAM_T2P_URAM' <Latency = 1> <II = 1> <Delay = 1.23> <Storage> <Opcode : 'load' 'store'> <Ports = 2> <Width = 16> <Depth = 1024> <RAM>
ST_8 : Operation 146 [1/1] ( I:1.23ns O:1.23ns )   --->   "%store_ln247 = store i16 %val, i10 %p_ZZ16UpConv_Fused_RowILi8ELi128ELi128ELi120ELi60EEvP7ap_uintILi256EEPKS1_S4_S4_S_42" [../gen/Hls_Layers_UpConv.tpp:247]   --->   Operation 146 'store' 'store_ln247' <Predicate = (trunc_ln242 == 12)> <Delay = 1.23> <CoreInst = "RAM_T2P_URAM">   --->   Core 99 'RAM_T2P_URAM' <Latency = 1> <II = 1> <Delay = 1.23> <Storage> <Opcode : 'load' 'store'> <Ports = 2> <Width = 16> <Depth = 1024> <RAM>
ST_8 : Operation 147 [1/1] ( I:1.23ns O:1.23ns )   --->   "%store_ln247 = store i16 %val, i10 %p_ZZ16UpConv_Fused_RowILi8ELi128ELi128ELi120ELi60EEvP7ap_uintILi256EEPKS1_S4_S4_S_41" [../gen/Hls_Layers_UpConv.tpp:247]   --->   Operation 147 'store' 'store_ln247' <Predicate = (trunc_ln242 == 11)> <Delay = 1.23> <CoreInst = "RAM_T2P_URAM">   --->   Core 99 'RAM_T2P_URAM' <Latency = 1> <II = 1> <Delay = 1.23> <Storage> <Opcode : 'load' 'store'> <Ports = 2> <Width = 16> <Depth = 1024> <RAM>
ST_8 : Operation 148 [1/1] ( I:1.23ns O:1.23ns )   --->   "%store_ln247 = store i16 %val, i10 %p_ZZ16UpConv_Fused_RowILi8ELi128ELi128ELi120ELi60EEvP7ap_uintILi256EEPKS1_S4_S4_S_40" [../gen/Hls_Layers_UpConv.tpp:247]   --->   Operation 148 'store' 'store_ln247' <Predicate = (trunc_ln242 == 10)> <Delay = 1.23> <CoreInst = "RAM_T2P_URAM">   --->   Core 99 'RAM_T2P_URAM' <Latency = 1> <II = 1> <Delay = 1.23> <Storage> <Opcode : 'load' 'store'> <Ports = 2> <Width = 16> <Depth = 1024> <RAM>
ST_8 : Operation 149 [1/1] ( I:1.23ns O:1.23ns )   --->   "%store_ln247 = store i16 %val, i10 %void_UpConv_Fused_Row_ap_uint_ap_uint_const_ap_uint_const_ap_uint_const_ap_u_841" [../gen/Hls_Layers_UpConv.tpp:247]   --->   Operation 149 'store' 'store_ln247' <Predicate = (trunc_ln242 == 9)> <Delay = 1.23> <CoreInst = "RAM_T2P_URAM">   --->   Core 99 'RAM_T2P_URAM' <Latency = 1> <II = 1> <Delay = 1.23> <Storage> <Opcode : 'load' 'store'> <Ports = 2> <Width = 16> <Depth = 1024> <RAM>
ST_8 : Operation 150 [1/1] ( I:1.23ns O:1.23ns )   --->   "%store_ln247 = store i16 %val, i10 %void_UpConv_Fused_Row_ap_uint_ap_uint_const_ap_uint_const_ap_uint_const_ap_u_840" [../gen/Hls_Layers_UpConv.tpp:247]   --->   Operation 150 'store' 'store_ln247' <Predicate = (trunc_ln242 == 8)> <Delay = 1.23> <CoreInst = "RAM_T2P_URAM">   --->   Core 99 'RAM_T2P_URAM' <Latency = 1> <II = 1> <Delay = 1.23> <Storage> <Opcode : 'load' 'store'> <Ports = 2> <Width = 16> <Depth = 1024> <RAM>
ST_8 : Operation 151 [1/1] ( I:1.23ns O:1.23ns )   --->   "%store_ln247 = store i16 %val, i10 %void_UpConv_Fused_Row_ap_uint_ap_uint_const_ap_uint_const_ap_uint_const_ap_u_839" [../gen/Hls_Layers_UpConv.tpp:247]   --->   Operation 151 'store' 'store_ln247' <Predicate = (trunc_ln242 == 7)> <Delay = 1.23> <CoreInst = "RAM_T2P_URAM">   --->   Core 99 'RAM_T2P_URAM' <Latency = 1> <II = 1> <Delay = 1.23> <Storage> <Opcode : 'load' 'store'> <Ports = 2> <Width = 16> <Depth = 1024> <RAM>
ST_8 : Operation 152 [1/1] ( I:1.23ns O:1.23ns )   --->   "%store_ln247 = store i16 %val, i10 %void_UpConv_Fused_Row_ap_uint_ap_uint_const_ap_uint_const_ap_uint_const_ap_u_838" [../gen/Hls_Layers_UpConv.tpp:247]   --->   Operation 152 'store' 'store_ln247' <Predicate = (trunc_ln242 == 6)> <Delay = 1.23> <CoreInst = "RAM_T2P_URAM">   --->   Core 99 'RAM_T2P_URAM' <Latency = 1> <II = 1> <Delay = 1.23> <Storage> <Opcode : 'load' 'store'> <Ports = 2> <Width = 16> <Depth = 1024> <RAM>
ST_8 : Operation 153 [1/1] ( I:1.23ns O:1.23ns )   --->   "%store_ln247 = store i16 %val, i10 %void_UpConv_Fused_Row_ap_uint_ap_uint_const_ap_uint_const_ap_uint_const_ap_u_837" [../gen/Hls_Layers_UpConv.tpp:247]   --->   Operation 153 'store' 'store_ln247' <Predicate = (trunc_ln242 == 5)> <Delay = 1.23> <CoreInst = "RAM_T2P_URAM">   --->   Core 99 'RAM_T2P_URAM' <Latency = 1> <II = 1> <Delay = 1.23> <Storage> <Opcode : 'load' 'store'> <Ports = 2> <Width = 16> <Depth = 1024> <RAM>
ST_8 : Operation 154 [1/1] ( I:1.23ns O:1.23ns )   --->   "%store_ln247 = store i16 %val, i10 %void_UpConv_Fused_Row_ap_uint_ap_uint_const_ap_uint_const_ap_uint_const_ap_u_836" [../gen/Hls_Layers_UpConv.tpp:247]   --->   Operation 154 'store' 'store_ln247' <Predicate = (trunc_ln242 == 4)> <Delay = 1.23> <CoreInst = "RAM_T2P_URAM">   --->   Core 99 'RAM_T2P_URAM' <Latency = 1> <II = 1> <Delay = 1.23> <Storage> <Opcode : 'load' 'store'> <Ports = 2> <Width = 16> <Depth = 1024> <RAM>
ST_8 : Operation 155 [1/1] ( I:1.23ns O:1.23ns )   --->   "%store_ln247 = store i16 %val, i10 %void_UpConv_Fused_Row_ap_uint_ap_uint_const_ap_uint_const_ap_uint_const_ap_u_835" [../gen/Hls_Layers_UpConv.tpp:247]   --->   Operation 155 'store' 'store_ln247' <Predicate = (trunc_ln242 == 3)> <Delay = 1.23> <CoreInst = "RAM_T2P_URAM">   --->   Core 99 'RAM_T2P_URAM' <Latency = 1> <II = 1> <Delay = 1.23> <Storage> <Opcode : 'load' 'store'> <Ports = 2> <Width = 16> <Depth = 1024> <RAM>
ST_8 : Operation 156 [1/1] ( I:1.23ns O:1.23ns )   --->   "%store_ln247 = store i16 %val, i10 %void_UpConv_Fused_Row_ap_uint_ap_uint_const_ap_uint_const_ap_uint_const_ap_u_834" [../gen/Hls_Layers_UpConv.tpp:247]   --->   Operation 156 'store' 'store_ln247' <Predicate = (trunc_ln242 == 2)> <Delay = 1.23> <CoreInst = "RAM_T2P_URAM">   --->   Core 99 'RAM_T2P_URAM' <Latency = 1> <II = 1> <Delay = 1.23> <Storage> <Opcode : 'load' 'store'> <Ports = 2> <Width = 16> <Depth = 1024> <RAM>
ST_8 : Operation 157 [1/1] ( I:1.23ns O:1.23ns )   --->   "%store_ln247 = store i16 %val, i10 %void_UpConv_Fused_Row_ap_uint_ap_uint_const_ap_uint_const_ap_uint_const_ap_u_833" [../gen/Hls_Layers_UpConv.tpp:247]   --->   Operation 157 'store' 'store_ln247' <Predicate = (trunc_ln242 == 1)> <Delay = 1.23> <CoreInst = "RAM_T2P_URAM">   --->   Core 99 'RAM_T2P_URAM' <Latency = 1> <II = 1> <Delay = 1.23> <Storage> <Opcode : 'load' 'store'> <Ports = 2> <Width = 16> <Depth = 1024> <RAM>
ST_8 : Operation 158 [1/1] ( I:1.23ns O:1.23ns )   --->   "%store_ln247 = store i16 %val, i10 %void_UpConv_Fused_Row_ap_uint_ap_uint_const_ap_uint_const_ap_uint_const_ap_u_832" [../gen/Hls_Layers_UpConv.tpp:247]   --->   Operation 158 'store' 'store_ln247' <Predicate = (trunc_ln242 == 0)> <Delay = 1.23> <CoreInst = "RAM_T2P_URAM">   --->   Core 99 'RAM_T2P_URAM' <Latency = 1> <II = 1> <Delay = 1.23> <Storage> <Opcode : 'load' 'store'> <Ports = 2> <Width = 16> <Depth = 1024> <RAM>
ST_8 : Operation 159 [1/1] ( I:1.23ns O:1.23ns )   --->   "%store_ln247 = store i16 %val, i10 %p_ZZ16UpConv_Fused_RowILi8ELi128ELi128ELi120ELi60EEvP7ap_uintILi256EEPKS1_S4_S4_S_45" [../gen/Hls_Layers_UpConv.tpp:247]   --->   Operation 159 'store' 'store_ln247' <Predicate = (trunc_ln242 == 15)> <Delay = 1.23> <CoreInst = "RAM_T2P_URAM">   --->   Core 99 'RAM_T2P_URAM' <Latency = 1> <II = 1> <Delay = 1.23> <Storage> <Opcode : 'load' 'store'> <Ports = 2> <Width = 16> <Depth = 1024> <RAM>
ST_8 : Operation 160 [2/2] (1.53ns)   --->   "%fv = hptosp i16 %val" [../gen/Hls_Layers_UpConv.tpp:248]   --->   Operation 160 'hptosp' 'fv' <Predicate = true> <Delay = 1.53> <CoreInst = "Half2Float">   --->   Core 68 'Half2Float' <Latency = 1> <II = 1> <Delay = 1.53> <FuncUnit> <Opcode : 'hptosp'> <InPorts = 1> <OutPorts = 1>

State 9 <SV = 8> <Delay = 1.53>
ST_9 : Operation 161 [1/2] (1.53ns)   --->   "%fv = hptosp i16 %val" [../gen/Hls_Layers_UpConv.tpp:248]   --->   Operation 161 'hptosp' 'fv' <Predicate = true> <Delay = 1.53> <CoreInst = "Half2Float">   --->   Core 68 'Half2Float' <Latency = 1> <II = 1> <Delay = 1.53> <FuncUnit> <Opcode : 'hptosp'> <InPorts = 1> <OutPorts = 1>

State 10 <SV = 9> <Delay = 2.29>
ST_10 : Operation 162 [1/1] (0.00ns)   --->   "%sum_03_load = load i32 %sum_03" [../gen/Hls_Layers_UpConv.tpp:249]   --->   Operation 162 'load' 'sum_03_load' <Predicate = true> <Delay = 0.00>
ST_10 : Operation 163 [8/8] (2.29ns)   --->   "%sum = fadd i32 %sum_03_load, i32 %fv" [../gen/Hls_Layers_UpConv.tpp:249]   --->   Operation 163 'fadd' 'sum' <Predicate = true> <Delay = 2.29> <CoreInst = "FAddSub_nodsp">   --->   Core 17 'FAddSub_nodsp' <Latency = 7> <II = 1> <Delay = 2.29> <FuncUnit> <Opcode : 'fadd' 'fsub'> <InPorts = 2> <OutPorts = 1>

State 11 <SV = 10> <Delay = 2.41>
ST_11 : Operation 164 [7/8] (2.29ns)   --->   "%sum = fadd i32 %sum_03_load, i32 %fv" [../gen/Hls_Layers_UpConv.tpp:249]   --->   Operation 164 'fadd' 'sum' <Predicate = true> <Delay = 2.29> <CoreInst = "FAddSub_nodsp">   --->   Core 17 'FAddSub_nodsp' <Latency = 7> <II = 1> <Delay = 2.29> <FuncUnit> <Opcode : 'fadd' 'fsub'> <InPorts = 2> <OutPorts = 1>
ST_11 : Operation 165 [7/7] (2.41ns)   --->   "%mul1 = fmul i32 %fv, i32 %fv" [../gen/Hls_Layers_UpConv.tpp:250]   --->   Operation 165 'fmul' 'mul1' <Predicate = true> <Delay = 2.41> <CoreInst = "FMul_maxdsp">   --->   Core 30 'FMul_maxdsp' <Latency = 6> <II = 1> <Delay = 2.41> <FuncUnit> <Opcode : 'fmul'> <InPorts = 2> <OutPorts = 1>

State 12 <SV = 11> <Delay = 2.41>
ST_12 : Operation 166 [6/8] (2.29ns)   --->   "%sum = fadd i32 %sum_03_load, i32 %fv" [../gen/Hls_Layers_UpConv.tpp:249]   --->   Operation 166 'fadd' 'sum' <Predicate = true> <Delay = 2.29> <CoreInst = "FAddSub_nodsp">   --->   Core 17 'FAddSub_nodsp' <Latency = 7> <II = 1> <Delay = 2.29> <FuncUnit> <Opcode : 'fadd' 'fsub'> <InPorts = 2> <OutPorts = 1>
ST_12 : Operation 167 [6/7] (2.41ns)   --->   "%mul1 = fmul i32 %fv, i32 %fv" [../gen/Hls_Layers_UpConv.tpp:250]   --->   Operation 167 'fmul' 'mul1' <Predicate = true> <Delay = 2.41> <CoreInst = "FMul_maxdsp">   --->   Core 30 'FMul_maxdsp' <Latency = 6> <II = 1> <Delay = 2.41> <FuncUnit> <Opcode : 'fmul'> <InPorts = 2> <OutPorts = 1>

State 13 <SV = 12> <Delay = 2.41>
ST_13 : Operation 168 [5/8] (2.29ns)   --->   "%sum = fadd i32 %sum_03_load, i32 %fv" [../gen/Hls_Layers_UpConv.tpp:249]   --->   Operation 168 'fadd' 'sum' <Predicate = true> <Delay = 2.29> <CoreInst = "FAddSub_nodsp">   --->   Core 17 'FAddSub_nodsp' <Latency = 7> <II = 1> <Delay = 2.29> <FuncUnit> <Opcode : 'fadd' 'fsub'> <InPorts = 2> <OutPorts = 1>
ST_13 : Operation 169 [5/7] (2.41ns)   --->   "%mul1 = fmul i32 %fv, i32 %fv" [../gen/Hls_Layers_UpConv.tpp:250]   --->   Operation 169 'fmul' 'mul1' <Predicate = true> <Delay = 2.41> <CoreInst = "FMul_maxdsp">   --->   Core 30 'FMul_maxdsp' <Latency = 6> <II = 1> <Delay = 2.41> <FuncUnit> <Opcode : 'fmul'> <InPorts = 2> <OutPorts = 1>

State 14 <SV = 13> <Delay = 2.41>
ST_14 : Operation 170 [4/8] (2.29ns)   --->   "%sum = fadd i32 %sum_03_load, i32 %fv" [../gen/Hls_Layers_UpConv.tpp:249]   --->   Operation 170 'fadd' 'sum' <Predicate = true> <Delay = 2.29> <CoreInst = "FAddSub_nodsp">   --->   Core 17 'FAddSub_nodsp' <Latency = 7> <II = 1> <Delay = 2.29> <FuncUnit> <Opcode : 'fadd' 'fsub'> <InPorts = 2> <OutPorts = 1>
ST_14 : Operation 171 [4/7] (2.41ns)   --->   "%mul1 = fmul i32 %fv, i32 %fv" [../gen/Hls_Layers_UpConv.tpp:250]   --->   Operation 171 'fmul' 'mul1' <Predicate = true> <Delay = 2.41> <CoreInst = "FMul_maxdsp">   --->   Core 30 'FMul_maxdsp' <Latency = 6> <II = 1> <Delay = 2.41> <FuncUnit> <Opcode : 'fmul'> <InPorts = 2> <OutPorts = 1>

State 15 <SV = 14> <Delay = 2.41>
ST_15 : Operation 172 [3/8] (2.29ns)   --->   "%sum = fadd i32 %sum_03_load, i32 %fv" [../gen/Hls_Layers_UpConv.tpp:249]   --->   Operation 172 'fadd' 'sum' <Predicate = true> <Delay = 2.29> <CoreInst = "FAddSub_nodsp">   --->   Core 17 'FAddSub_nodsp' <Latency = 7> <II = 1> <Delay = 2.29> <FuncUnit> <Opcode : 'fadd' 'fsub'> <InPorts = 2> <OutPorts = 1>
ST_15 : Operation 173 [3/7] (2.41ns)   --->   "%mul1 = fmul i32 %fv, i32 %fv" [../gen/Hls_Layers_UpConv.tpp:250]   --->   Operation 173 'fmul' 'mul1' <Predicate = true> <Delay = 2.41> <CoreInst = "FMul_maxdsp">   --->   Core 30 'FMul_maxdsp' <Latency = 6> <II = 1> <Delay = 2.41> <FuncUnit> <Opcode : 'fmul'> <InPorts = 2> <OutPorts = 1>

State 16 <SV = 15> <Delay = 2.41>
ST_16 : Operation 174 [2/8] (2.29ns)   --->   "%sum = fadd i32 %sum_03_load, i32 %fv" [../gen/Hls_Layers_UpConv.tpp:249]   --->   Operation 174 'fadd' 'sum' <Predicate = true> <Delay = 2.29> <CoreInst = "FAddSub_nodsp">   --->   Core 17 'FAddSub_nodsp' <Latency = 7> <II = 1> <Delay = 2.29> <FuncUnit> <Opcode : 'fadd' 'fsub'> <InPorts = 2> <OutPorts = 1>
ST_16 : Operation 175 [2/7] (2.41ns)   --->   "%mul1 = fmul i32 %fv, i32 %fv" [../gen/Hls_Layers_UpConv.tpp:250]   --->   Operation 175 'fmul' 'mul1' <Predicate = true> <Delay = 2.41> <CoreInst = "FMul_maxdsp">   --->   Core 30 'FMul_maxdsp' <Latency = 6> <II = 1> <Delay = 2.41> <FuncUnit> <Opcode : 'fmul'> <InPorts = 2> <OutPorts = 1>

State 17 <SV = 16> <Delay = 2.71>
ST_17 : Operation 176 [1/8] (2.29ns)   --->   "%sum = fadd i32 %sum_03_load, i32 %fv" [../gen/Hls_Layers_UpConv.tpp:249]   --->   Operation 176 'fadd' 'sum' <Predicate = true> <Delay = 2.29> <CoreInst = "FAddSub_nodsp">   --->   Core 17 'FAddSub_nodsp' <Latency = 7> <II = 1> <Delay = 2.29> <FuncUnit> <Opcode : 'fadd' 'fsub'> <InPorts = 2> <OutPorts = 1>
ST_17 : Operation 177 [1/7] (2.41ns)   --->   "%mul1 = fmul i32 %fv, i32 %fv" [../gen/Hls_Layers_UpConv.tpp:250]   --->   Operation 177 'fmul' 'mul1' <Predicate = true> <Delay = 2.41> <CoreInst = "FMul_maxdsp">   --->   Core 30 'FMul_maxdsp' <Latency = 6> <II = 1> <Delay = 2.41> <FuncUnit> <Opcode : 'fmul'> <InPorts = 2> <OutPorts = 1>
ST_17 : Operation 178 [1/1] (0.42ns)   --->   "%store_ln240 = store i32 %sum, i32 %sum_03" [../gen/Hls_Layers_UpConv.tpp:240]   --->   Operation 178 'store' 'store_ln240' <Predicate = true> <Delay = 0.42>

State 18 <SV = 17> <Delay = 2.29>
ST_18 : Operation 179 [1/1] (0.00ns)   --->   "%sumsq_04_load = load i32 %sumsq_04" [../gen/Hls_Layers_UpConv.tpp:250]   --->   Operation 179 'load' 'sumsq_04_load' <Predicate = true> <Delay = 0.00>
ST_18 : Operation 180 [8/8] (2.29ns)   --->   "%sumsq = fadd i32 %sumsq_04_load, i32 %mul1" [../gen/Hls_Layers_UpConv.tpp:250]   --->   Operation 180 'fadd' 'sumsq' <Predicate = true> <Delay = 2.29> <CoreInst = "FAddSub_nodsp">   --->   Core 17 'FAddSub_nodsp' <Latency = 7> <II = 1> <Delay = 2.29> <FuncUnit> <Opcode : 'fadd' 'fsub'> <InPorts = 2> <OutPorts = 1>
ST_18 : Operation 190 [1/1] (0.00ns)   --->   "%sum_03_load_1 = load i32 %sum_03"   --->   Operation 190 'load' 'sum_03_load_1' <Predicate = (icmp_ln242)> <Delay = 0.00>
ST_18 : Operation 191 [1/1] (0.00ns)   --->   "%sumsq_04_load_1 = load i32 %sumsq_04"   --->   Operation 191 'load' 'sumsq_04_load_1' <Predicate = (icmp_ln242)> <Delay = 0.00>
ST_18 : Operation 192 [1/1] (0.00ns)   --->   "%write_ln0 = write void @_ssdm_op_Write.ap_auto.floatP0A, i32 %sumsq_04_out, i32 %sumsq_04_load_1"   --->   Operation 192 'write' 'write_ln0' <Predicate = (icmp_ln242)> <Delay = 0.00>
ST_18 : Operation 193 [1/1] (0.00ns)   --->   "%write_ln0 = write void @_ssdm_op_Write.ap_auto.floatP0A, i32 %sum_03_out, i32 %sum_03_load_1"   --->   Operation 193 'write' 'write_ln0' <Predicate = (icmp_ln242)> <Delay = 0.00>
ST_18 : Operation 194 [1/1] (0.42ns)   --->   "%ret_ln0 = ret"   --->   Operation 194 'ret' 'ret_ln0' <Predicate = (icmp_ln242)> <Delay = 0.42>

State 19 <SV = 18> <Delay = 2.29>
ST_19 : Operation 181 [7/8] (2.29ns)   --->   "%sumsq = fadd i32 %sumsq_04_load, i32 %mul1" [../gen/Hls_Layers_UpConv.tpp:250]   --->   Operation 181 'fadd' 'sumsq' <Predicate = true> <Delay = 2.29> <CoreInst = "FAddSub_nodsp">   --->   Core 17 'FAddSub_nodsp' <Latency = 7> <II = 1> <Delay = 2.29> <FuncUnit> <Opcode : 'fadd' 'fsub'> <InPorts = 2> <OutPorts = 1>

State 20 <SV = 19> <Delay = 2.29>
ST_20 : Operation 182 [6/8] (2.29ns)   --->   "%sumsq = fadd i32 %sumsq_04_load, i32 %mul1" [../gen/Hls_Layers_UpConv.tpp:250]   --->   Operation 182 'fadd' 'sumsq' <Predicate = true> <Delay = 2.29> <CoreInst = "FAddSub_nodsp">   --->   Core 17 'FAddSub_nodsp' <Latency = 7> <II = 1> <Delay = 2.29> <FuncUnit> <Opcode : 'fadd' 'fsub'> <InPorts = 2> <OutPorts = 1>

State 21 <SV = 20> <Delay = 2.29>
ST_21 : Operation 183 [5/8] (2.29ns)   --->   "%sumsq = fadd i32 %sumsq_04_load, i32 %mul1" [../gen/Hls_Layers_UpConv.tpp:250]   --->   Operation 183 'fadd' 'sumsq' <Predicate = true> <Delay = 2.29> <CoreInst = "FAddSub_nodsp">   --->   Core 17 'FAddSub_nodsp' <Latency = 7> <II = 1> <Delay = 2.29> <FuncUnit> <Opcode : 'fadd' 'fsub'> <InPorts = 2> <OutPorts = 1>

State 22 <SV = 21> <Delay = 2.29>
ST_22 : Operation 184 [4/8] (2.29ns)   --->   "%sumsq = fadd i32 %sumsq_04_load, i32 %mul1" [../gen/Hls_Layers_UpConv.tpp:250]   --->   Operation 184 'fadd' 'sumsq' <Predicate = true> <Delay = 2.29> <CoreInst = "FAddSub_nodsp">   --->   Core 17 'FAddSub_nodsp' <Latency = 7> <II = 1> <Delay = 2.29> <FuncUnit> <Opcode : 'fadd' 'fsub'> <InPorts = 2> <OutPorts = 1>

State 23 <SV = 22> <Delay = 2.29>
ST_23 : Operation 185 [3/8] (2.29ns)   --->   "%sumsq = fadd i32 %sumsq_04_load, i32 %mul1" [../gen/Hls_Layers_UpConv.tpp:250]   --->   Operation 185 'fadd' 'sumsq' <Predicate = true> <Delay = 2.29> <CoreInst = "FAddSub_nodsp">   --->   Core 17 'FAddSub_nodsp' <Latency = 7> <II = 1> <Delay = 2.29> <FuncUnit> <Opcode : 'fadd' 'fsub'> <InPorts = 2> <OutPorts = 1>

State 24 <SV = 23> <Delay = 2.29>
ST_24 : Operation 186 [2/8] (2.29ns)   --->   "%sumsq = fadd i32 %sumsq_04_load, i32 %mul1" [../gen/Hls_Layers_UpConv.tpp:250]   --->   Operation 186 'fadd' 'sumsq' <Predicate = true> <Delay = 2.29> <CoreInst = "FAddSub_nodsp">   --->   Core 17 'FAddSub_nodsp' <Latency = 7> <II = 1> <Delay = 2.29> <FuncUnit> <Opcode : 'fadd' 'fsub'> <InPorts = 2> <OutPorts = 1>

State 25 <SV = 24> <Delay = 2.71>
ST_25 : Operation 187 [1/8] (2.29ns)   --->   "%sumsq = fadd i32 %sumsq_04_load, i32 %mul1" [../gen/Hls_Layers_UpConv.tpp:250]   --->   Operation 187 'fadd' 'sumsq' <Predicate = true> <Delay = 2.29> <CoreInst = "FAddSub_nodsp">   --->   Core 17 'FAddSub_nodsp' <Latency = 7> <II = 1> <Delay = 2.29> <FuncUnit> <Opcode : 'fadd' 'fsub'> <InPorts = 2> <OutPorts = 1>
ST_25 : Operation 188 [1/1] (0.42ns)   --->   "%store_ln240 = store i32 %sumsq, i32 %sumsq_04" [../gen/Hls_Layers_UpConv.tpp:240]   --->   Operation 188 'store' 'store_ln240' <Predicate = true> <Delay = 0.42>
ST_25 : Operation 189 [1/1] (0.00ns)   --->   "%br_ln242 = br void %for.inc266" [../gen/Hls_Layers_UpConv.tpp:242]   --->   Operation 189 'br' 'br_ln242' <Predicate = true> <Delay = 0.00>


============================================================
+ Verbose Summary: Timing violations
============================================================
Target clock period: 3.333ns, clock uncertainty: 0.900ns.

 <State 1>: 1.664ns
The critical path consists of the following:
	'store' operation 0 bit ('store_ln242', ../gen/Hls_Layers_UpConv.tpp:242) of constant 0 on local variable 'c', ../gen/Hls_Layers_UpConv.tpp:242 [42]  (0.427 ns)
	'load' operation 6 bit ('c', ../gen/Hls_Layers_UpConv.tpp:242) on local variable 'c', ../gen/Hls_Layers_UpConv.tpp:242 [47]  (0.000 ns)
	'getelementptr' operation 2 bit ('b_buf_addr', ../gen/Hls_Layers_UpConv.tpp:245) [78]  (0.000 ns)
	'load' operation 256 bit ('b_buf_load', ../gen/Hls_Layers_UpConv.tpp:245) on array 'b_buf' [79]  (1.237 ns)

 <State 2>: 2.155ns
The critical path consists of the following:
	'load' operation 256 bit ('b_buf_load', ../gen/Hls_Layers_UpConv.tpp:245) on array 'b_buf' [79]  (1.237 ns)
	blocking operation 0.918 ns on control path)

 <State 3>: 2.333ns
The critical path consists of the following:
	'hadd' operation 16 bit ('val', ../gen/Hls_Layers_UpConv.tpp:246) [99]  (2.333 ns)

 <State 4>: 2.333ns
The critical path consists of the following:
	'hadd' operation 16 bit ('val', ../gen/Hls_Layers_UpConv.tpp:246) [99]  (2.333 ns)

 <State 5>: 2.333ns
The critical path consists of the following:
	'hadd' operation 16 bit ('val', ../gen/Hls_Layers_UpConv.tpp:246) [99]  (2.333 ns)

 <State 6>: 2.333ns
The critical path consists of the following:
	'hadd' operation 16 bit ('val', ../gen/Hls_Layers_UpConv.tpp:246) [99]  (2.333 ns)

 <State 7>: 2.333ns
The critical path consists of the following:
	'hadd' operation 16 bit ('val', ../gen/Hls_Layers_UpConv.tpp:246) [99]  (2.333 ns)

 <State 8>: 1.530ns
The critical path consists of the following:
	'hptosp' operation 32 bit ('fv', ../gen/Hls_Layers_UpConv.tpp:248) [152]  (1.530 ns)

 <State 9>: 1.530ns
The critical path consists of the following:
	'hptosp' operation 32 bit ('fv', ../gen/Hls_Layers_UpConv.tpp:248) [152]  (1.530 ns)

 <State 10>: 2.292ns
The critical path consists of the following:
	'load' operation 32 bit ('sum_03_load', ../gen/Hls_Layers_UpConv.tpp:249) on local variable 'sum', ../gen/Hls_Layers_UpConv.tpp:240 [150]  (0.000 ns)
	'fadd' operation 32 bit ('sum', ../gen/Hls_Layers_UpConv.tpp:249) [153]  (2.292 ns)

 <State 11>: 2.416ns
The critical path consists of the following:
	'fmul' operation 32 bit ('mul1', ../gen/Hls_Layers_UpConv.tpp:250) [154]  (2.416 ns)

 <State 12>: 2.416ns
The critical path consists of the following:
	'fmul' operation 32 bit ('mul1', ../gen/Hls_Layers_UpConv.tpp:250) [154]  (2.416 ns)

 <State 13>: 2.416ns
The critical path consists of the following:
	'fmul' operation 32 bit ('mul1', ../gen/Hls_Layers_UpConv.tpp:250) [154]  (2.416 ns)

 <State 14>: 2.416ns
The critical path consists of the following:
	'fmul' operation 32 bit ('mul1', ../gen/Hls_Layers_UpConv.tpp:250) [154]  (2.416 ns)

 <State 15>: 2.416ns
The critical path consists of the following:
	'fmul' operation 32 bit ('mul1', ../gen/Hls_Layers_UpConv.tpp:250) [154]  (2.416 ns)

 <State 16>: 2.416ns
The critical path consists of the following:
	'fmul' operation 32 bit ('mul1', ../gen/Hls_Layers_UpConv.tpp:250) [154]  (2.416 ns)

 <State 17>: 2.719ns
The critical path consists of the following:
	'fadd' operation 32 bit ('sum', ../gen/Hls_Layers_UpConv.tpp:249) [153]  (2.292 ns)
	'store' operation 0 bit ('store_ln240', ../gen/Hls_Layers_UpConv.tpp:240) of variable 'sum', ../gen/Hls_Layers_UpConv.tpp:249 on local variable 'sum', ../gen/Hls_Layers_UpConv.tpp:240 [158]  (0.427 ns)

 <State 18>: 2.292ns
The critical path consists of the following:
	'load' operation 32 bit ('sumsq_04_load', ../gen/Hls_Layers_UpConv.tpp:250) on local variable 'sumsq', ../gen/Hls_Layers_UpConv.tpp:240 [151]  (0.000 ns)
	'fadd' operation 32 bit ('sumsq', ../gen/Hls_Layers_UpConv.tpp:250) [155]  (2.292 ns)

 <State 19>: 2.292ns
The critical path consists of the following:
	'fadd' operation 32 bit ('sumsq', ../gen/Hls_Layers_UpConv.tpp:250) [155]  (2.292 ns)

 <State 20>: 2.292ns
The critical path consists of the following:
	'fadd' operation 32 bit ('sumsq', ../gen/Hls_Layers_UpConv.tpp:250) [155]  (2.292 ns)

 <State 21>: 2.292ns
The critical path consists of the following:
	'fadd' operation 32 bit ('sumsq', ../gen/Hls_Layers_UpConv.tpp:250) [155]  (2.292 ns)

 <State 22>: 2.292ns
The critical path consists of the following:
	'fadd' operation 32 bit ('sumsq', ../gen/Hls_Layers_UpConv.tpp:250) [155]  (2.292 ns)

 <State 23>: 2.292ns
The critical path consists of the following:
	'fadd' operation 32 bit ('sumsq', ../gen/Hls_Layers_UpConv.tpp:250) [155]  (2.292 ns)

 <State 24>: 2.292ns
The critical path consists of the following:
	'fadd' operation 32 bit ('sumsq', ../gen/Hls_Layers_UpConv.tpp:250) [155]  (2.292 ns)

 <State 25>: 2.719ns
The critical path consists of the following:
	'fadd' operation 32 bit ('sumsq', ../gen/Hls_Layers_UpConv.tpp:250) [155]  (2.292 ns)
	'store' operation 0 bit ('store_ln240', ../gen/Hls_Layers_UpConv.tpp:240) of variable 'sumsq', ../gen/Hls_Layers_UpConv.tpp:250 on local variable 'sumsq', ../gen/Hls_Layers_UpConv.tpp:240 [157]  (0.427 ns)


============================================================
+ Verbose Summary: Binding
============================================================
N/A
* FSMD analyzer results:
  - Output states:
 - Input state : 
  - Chain level:
	State 1
	State 2
	State 3
	State 4
	State 5
	State 6
	State 7
	State 8
	State 9
	State 10
	State 11
	State 12
	State 13
	State 14
	State 15
	State 16
	State 17
	State 18
	State 19
	State 20
	State 21
	State 22
	State 23
	State 24
	State 25


============================================================
+ Verbose Summary: Datapath Resource usage 
============================================================
N/A
