  **** HLS Build v2024.2 5238294
INFO: [HLS 200-2005] Using work_dir /home/hoinguyen/Documents/Vitis/UpConv_HLS/upconv_core/upconv_core_top 
INFO: [HLS 200-1505] Using default flow_target 'vivado'
Resolution: For help on HLS 200-1505 see docs.xilinx.com/access/sources/dita/topic?Doc_Version=2024.2%20English&url=ug1448-hls-guidance&resourceid=200-1505.html
INFO: [HLS 200-1465] Applying ini 'syn.file=/home/hoinguyen/Documents/Vitis/UpConv_HLS/gen/upconv_core_top.cpp' from /home/hoinguyen/Documents/Vitis/UpConv_HLS/upconv_core/hls_config.cfg(8)
INFO: [HLS 200-10] Adding design file '/home/hoinguyen/Documents/Vitis/UpConv_HLS/gen/upconv_core_top.cpp' to the project
INFO: [HLS 200-1465] Applying ini 'tb.file=/home/hoinguyen/Documents/Vitis/UpConv_HLS/test.cpp' from /home/hoinguyen/Documents/Vitis/UpConv_HLS/upconv_core/hls_config.cfg(9)
INFO: [HLS 200-10] Adding test bench file '/home/hoinguyen/Documents/Vitis/UpConv_HLS/test.cpp' to the project
INFO: [HLS 200-1465] Applying ini 'syn.top=upconv_core_top' from /home/hoinguyen/Documents/Vitis/UpConv_HLS/upconv_core/hls_config.cfg(7)
INFO: [HLS 200-1465] Applying ini 'flow_target=vivado' from /home/hoinguyen/Documents/Vitis/UpConv_HLS/upconv_core/hls_config.cfg(4)
INFO: [HLS 200-1505] Using flow_target 'vivado'
Resolution: For help on HLS 200-1505 see docs.xilinx.com/access/sources/dita/topic?Doc_Version=2024.2%20English&url=ug1448-hls-guidance&resourceid=200-1505.html
INFO: [HLS 200-1465] Applying ini 'part=xczu7ev-ffvc1156-2-e' from /home/hoinguyen/Documents/Vitis/UpConv_HLS/upconv_core/hls_config.cfg(1)
INFO: [HLS 200-1611] Setting target device to 'xczu7ev-ffvc1156-2-e'
INFO: [HLS 200-1465] Applying ini 'clock=300MHz' from /home/hoinguyen/Documents/Vitis/UpConv_HLS/upconv_core/hls_config.cfg(10)
INFO: [SYN 201-201] Setting up clock 'default' with a period of 3.333ns.
INFO: [HLS 200-1465] Applying ini 'package.output.format=ip_catalog' from /home/hoinguyen/Documents/Vitis/UpConv_HLS/upconv_core/hls_config.cfg(5)
INFO: [HLS 200-111] Finished File checks and directory preparation: CPU user time: 2.13 seconds. CPU system time: 0.2 seconds. Elapsed time: 2.16 seconds; current allocated memory: 324.934 MB.
INFO: [HLS 200-10] Analyzing design file '../gen/upconv_core_top.cpp' ... 
INFO: [HLS 200-111] Finished Source Code Analysis and Preprocessing: CPU user time: 14.11 seconds. CPU system time: 0.88 seconds. Elapsed time: 15.06 seconds; current allocated memory: 331.926 MB.
INFO: [HLS 200-777] Using interface defaults for 'Vivado' flow target.
INFO: [HLS 200-1995] There were 3,946 instructions in the design after the 'Compile/Link' phase of compilation. See the Design Size Report for more details: /home/hoinguyen/Documents/Vitis/UpConv_HLS/upconv_core/upconv_core_top/hls/syn/report/csynth_design_size.rpt
INFO: [HLS 200-1995] There were 7,896 instructions in the design after the 'Unroll/Inline (step 1)' phase of compilation. See the Design Size Report for more details: /home/hoinguyen/Documents/Vitis/UpConv_HLS/upconv_core/upconv_core_top/hls/syn/report/csynth_design_size.rpt
INFO: [HLS 200-1995] There were 6,224 instructions in the design after the 'Unroll/Inline (step 2)' phase of compilation. See the Design Size Report for more details: /home/hoinguyen/Documents/Vitis/UpConv_HLS/upconv_core/upconv_core_top/hls/syn/report/csynth_design_size.rpt
INFO: [HLS 200-1995] There were 6,174 instructions in the design after the 'Unroll/Inline (step 3)' phase of compilation. See the Design Size Report for more details: /home/hoinguyen/Documents/Vitis/UpConv_HLS/upconv_core/upconv_core_top/hls/syn/report/csynth_design_size.rpt
INFO: [HLS 200-1995] There were 6,093 instructions in the design after the 'Unroll/Inline (step 4)' phase of compilation. See the Design Size Report for more details: /home/hoinguyen/Documents/Vitis/UpConv_HLS/upconv_core/upconv_core_top/hls/syn/report/csynth_design_size.rpt
INFO: [HLS 200-1995] There were 12,688 instructions in the design after the 'Array/Struct (step 1)' phase of compilation. See the Design Size Report for more details: /home/hoinguyen/Documents/Vitis/UpConv_HLS/upconv_core/upconv_core_top/hls/syn/report/csynth_design_size.rpt
INFO: [HLS 200-1995] There were 8,479 instructions in the design after the 'Array/Struct (step 2)' phase of compilation. See the Design Size Report for more details: /home/hoinguyen/Documents/Vitis/UpConv_HLS/upconv_core/upconv_core_top/hls/syn/report/csynth_design_size.rpt
INFO: [HLS 200-1995] There were 8,479 instructions in the design after the 'Array/Struct (step 3)' phase of compilation. See the Design Size Report for more details: /home/hoinguyen/Documents/Vitis/UpConv_HLS/upconv_core/upconv_core_top/hls/syn/report/csynth_design_size.rpt
INFO: [HLS 200-1995] There were 8,475 instructions in the design after the 'Array/Struct (step 4)' phase of compilation. See the Design Size Report for more details: /home/hoinguyen/Documents/Vitis/UpConv_HLS/upconv_core/upconv_core_top/hls/syn/report/csynth_design_size.rpt
INFO: [HLS 200-1995] There were 8,530 instructions in the design after the 'Array/Struct (step 5)' phase of compilation. See the Design Size Report for more details: /home/hoinguyen/Documents/Vitis/UpConv_HLS/upconv_core/upconv_core_top/hls/syn/report/csynth_design_size.rpt
INFO: [HLS 200-1995] There were 8,474 instructions in the design after the 'Performance (step 1)' phase of compilation. See the Design Size Report for more details: /home/hoinguyen/Documents/Vitis/UpConv_HLS/upconv_core/upconv_core_top/hls/syn/report/csynth_design_size.rpt
INFO: [HLS 200-1995] There were 8,474 instructions in the design after the 'Performance (step 2)' phase of compilation. See the Design Size Report for more details: /home/hoinguyen/Documents/Vitis/UpConv_HLS/upconv_core/upconv_core_top/hls/syn/report/csynth_design_size.rpt
INFO: [HLS 200-1995] There were 8,453 instructions in the design after the 'Performance (step 3)' phase of compilation. See the Design Size Report for more details: /home/hoinguyen/Documents/Vitis/UpConv_HLS/upconv_core/upconv_core_top/hls/syn/report/csynth_design_size.rpt
INFO: [HLS 200-1995] There were 8,453 instructions in the design after the 'Performance (step 4)' phase of compilation. See the Design Size Report for more details: /home/hoinguyen/Documents/Vitis/UpConv_HLS/upconv_core/upconv_core_top/hls/syn/report/csynth_design_size.rpt
INFO: [HLS 200-1995] There were 8,500 instructions in the design after the 'HW Transforms (step 1)' phase of compilation. See the Design Size Report for more details: /home/hoinguyen/Documents/Vitis/UpConv_HLS/upconv_core/upconv_core_top/hls/syn/report/csynth_design_size.rpt
INFO: [HLS 200-1995] There were 7,997 instructions in the design after the 'HW Transforms (step 2)' phase of compilation. See the Design Size Report for more details: /home/hoinguyen/Documents/Vitis/UpConv_HLS/upconv_core/upconv_core_top/hls/syn/report/csynth_design_size.rpt
INFO: [HLS 214-131] Inlining function 'half bits_to_half<half>(ap_uint<16>)' into 'void Compute_MAC_Tile<8>(ap_uint<256>*, ap_uint<256> const (&) [8][540], half (&) [256][480], int, int, int, int, int, int)' (../gen/UpConv_Unified.tpp:158:37)
INFO: [HLS 214-131] Inlining function 'my_sqrt_f(float)' into 'Compute_Pixel_Stats(half (&) [256][480], ap_uint<256> const (&) [30], float (&) [256], half (&) [256], half, float, int, int)' (../gen/UpConv_Unified.tpp:258:43)
INFO: [HLS 214-131] Inlining function 'half bits_to_half<half>(ap_uint<16>)' into 'Compute_Pixel_Stats(half (&) [256][480], ap_uint<256> const (&) [30], float (&) [256], half (&) [256], half, float, int, int)' (../gen/UpConv_Unified.tpp:235:23)
INFO: [HLS 214-131] Inlining function 'ap_uint<16> half_to_bits<half>(half)' into 'Apply_Norm_And_Write(half const (&) [256][480], ap_uint<256> const (&) [30], ap_uint<256> const (&) [30], float const (&) [256], half const (&) [256], ap_uint<256>*, int, int, int, int)' (../gen/UpConv_Unified.tpp:293:45)
INFO: [HLS 214-131] Inlining function 'half bits_to_half<half>(ap_uint<16>)' into 'Apply_Norm_And_Write(half const (&) [256][480], ap_uint<256> const (&) [30], ap_uint<256> const (&) [30], float const (&) [256], half const (&) [256], ap_uint<256>*, int, int, int, int)' (../gen/UpConv_Unified.tpp:290:25)
INFO: [HLS 214-131] Inlining function 'Reset_Row_Buffer(half (&) [256][480], int, int)' into 'void UpConv_Fused_Row<8>(ap_uint<256>*, ap_uint<256> const*, ap_uint<256> const (&) [30], ap_uint<256> const (&) [30], ap_uint<256> const (&) [30], ap_uint<256>*, half, float, int, int, int, int, int)' (../gen/UpConv_Unified.tpp:352:2)
INFO: [HLS 214-131] Inlining function 'Apply_Norm_And_Write(half const (&) [256][480], ap_uint<256> const (&) [30], ap_uint<256> const (&) [30], float const (&) [256], half const (&) [256], ap_uint<256>*, int, int, int, int)' into 'void UpConv_Fused_Row<8>(ap_uint<256>*, ap_uint<256> const*, ap_uint<256> const (&) [30], ap_uint<256> const (&) [30], ap_uint<256> const (&) [30], ap_uint<256>*, half, float, int, int, int, int, int)' (../gen/UpConv_Unified.tpp:361:5)
INFO: [HLS 214-131] Inlining function 'Compute_Pixel_Stats(half (&) [256][480], ap_uint<256> const (&) [30], float (&) [256], half (&) [256], half, float, int, int)' into 'void UpConv_Fused_Row<8>(ap_uint<256>*, ap_uint<256> const*, ap_uint<256> const (&) [30], ap_uint<256> const (&) [30], ap_uint<256> const (&) [30], ap_uint<256>*, half, float, int, int, int, int, int)' (../gen/UpConv_Unified.tpp:360:5)
INFO: [HLS 214-131] Inlining function 'void Load_Weight_Tile<8>(ap_uint<256> const*, ap_uint<256> (&) [8][540], int, int, int)' into 'void UpConv_Fused_Row<8>(ap_uint<256>*, ap_uint<256> const*, ap_uint<256> const (&) [30], ap_uint<256> const (&) [30], ap_uint<256> const (&) [30], ap_uint<256>*, half, float, int, int, int, int, int)' (../gen/UpConv_Unified.tpp:356:2)
INFO: [HLS 214-131] Inlining function 'void Compute_MAC_Tile<8>(ap_uint<256>*, ap_uint<256> const (&) [8][540], half (&) [256][480], int, int, int, int, int, int)' into 'void UpConv_Fused_Row<8>(ap_uint<256>*, ap_uint<256> const*, ap_uint<256> const (&) [30], ap_uint<256> const (&) [30], ap_uint<256> const (&) [30], ap_uint<256>*, half, float, int, int, int, int, int)' (../gen/UpConv_Unified.tpp:357:9)
INFO: [HLS 214-131] Inlining function 'Load_Norm_Params(ap_uint<256> const*, ap_uint<256> const*, ap_uint<256> const*, ap_uint<256> (&) [30], ap_uint<256> (&) [30], ap_uint<256> (&) [30], int)' into 'void UpConv_Fused_Top<8>(ap_uint<256>*, ap_uint<256> const*, ap_uint<256> const*, ap_uint<256> const*, ap_uint<256> const*, ap_uint<256> const*, ap_uint<256>*, half, float, int, int, int, int)' (../gen/UpConv_Unified.tpp:391:2)
INFO: [HLS 214-131] Inlining function 'void UpConv_Fused_Top<8>(ap_uint<256>*, ap_uint<256> const*, ap_uint<256> const*, ap_uint<256> const*, ap_uint<256> const*, ap_uint<256> const*, ap_uint<256>*, half, float, int, int, int, int)' into 'upconv_core_top' (../gen/upconv_core_top.cpp:59:5)
INFO: [HLS 214-291] Loop 'VITIS_LOOP_285_1' is marked as complete unroll implied by the pipeline pragma (../gen/UpConv_Unified.tpp:285:27)
INFO: [HLS 214-291] Loop 'VITIS_LOOP_250_1' is marked as complete unroll implied by the pipeline pragma (../gen/UpConv_Unified.tpp:250:31)
INFO: [HLS 214-291] Loop 'TC_MAC' is marked as complete unroll implied by the pipeline pragma (../gen/UpConv_Unified.tpp:151:25)
INFO: [HLS 214-291] Loop 'VITIS_LOOP_155_1' is marked as complete unroll implied by the pipeline pragma (../gen/UpConv_Unified.tpp:155:39)
INFO: [HLS 214-291] Loop 'ACC_WRITE' is marked as complete unroll implied by the pipeline pragma (../gen/UpConv_Unified.tpp:168:36)
INFO: [HLS 214-291] Loop 'VITIS_LOOP_74_1' is marked as complete unroll implied by the pipeline pragma (../gen/UpConv_Unified.tpp:74:19)
INFO: [HLS 214-186] Unrolling loop 'VITIS_LOOP_285_1' (../gen/UpConv_Unified.tpp:285:27) in function 'UpConv_Fused_Row<8>' completely with a factor of 16 (../gen/UpConv_Unified.tpp:316:0)
INFO: [HLS 214-186] Unrolling loop 'VITIS_LOOP_250_1' (../gen/UpConv_Unified.tpp:250:31) in function 'UpConv_Fused_Row<8>' completely with a factor of 8 (../gen/UpConv_Unified.tpp:316:0)
INFO: [HLS 214-186] Unrolling loop 'TC_MAC' (../gen/UpConv_Unified.tpp:151:25) in function 'UpConv_Fused_Row<8>' completely with a factor of 8 (../gen/UpConv_Unified.tpp:316:0)
INFO: [HLS 214-186] Unrolling loop 'VITIS_LOOP_155_1' (../gen/UpConv_Unified.tpp:155:39) in function 'UpConv_Fused_Row<8>' completely with a factor of 16 (../gen/UpConv_Unified.tpp:316:0)
INFO: [HLS 214-186] Unrolling loop 'ACC_WRITE' (../gen/UpConv_Unified.tpp:168:36) in function 'UpConv_Fused_Row<8>' completely with a factor of 8 (../gen/UpConv_Unified.tpp:316:0)
INFO: [HLS 214-186] Unrolling loop 'VITIS_LOOP_74_1' (../gen/UpConv_Unified.tpp:74:19) in function 'UpConv_Fused_Row<8>' completely with a factor of 16 (../gen/UpConv_Unified.tpp:316:0)
INFO: [HLS 214-178] Inlining function 'hls::sqrtf(float)' into 'void UpConv_Fused_Row<8>(ap_uint<256>*, ap_uint<256> const*, ap_uint<256> const (&) [30], ap_uint<256> const (&) [30], ap_uint<256> const (&) [30], ap_uint<256>*, half, float, int, int, int, int, int)' (../gen/UpConv_Unified.tpp:316:0)
INFO: [HLS 214-248] Applying array_partition to '_ZZ16UpConv_Fused_RowILi8EEvP7ap_uintILi256EEPKS1_RA30_S3_S6_S6_S2_DhfiiiiiE7row_acc': Cyclic partitioning with factor 16 on dimension 2. (../gen/UpConv_Unified.tpp:331:0)
INFO: [HLS 214-248] Applying array_partition to 'psum.i': Complete partitioning on dimension 1. Complete partitioning on dimension 2. (../gen/UpConv_Unified.tpp:139:20)
INFO: [HLS 214-248] Applying array_partition to 'sum_rot.i': Complete partitioning on dimension 1. (../gen/UpConv_Unified.tpp:222:8)
INFO: [HLS 214-248] Applying array_partition to 'sumsq_rot.i': Complete partitioning on dimension 1. (../gen/UpConv_Unified.tpp:222:20)
INFO: [HLS 214-248] Applying array_partition to 'w_local': Complete partitioning on dimension 1. (../gen/UpConv_Unified.tpp:339:13)
INFO: [HLS 214-437] Automatically disabling loop flattening for loop 'ROW_LOOP'. (../gen/UpConv_Unified.tpp:403:15)
INFO: [HLS 214-115] Multiple burst reads of variable length and bit width 256 in loop 'PRELOAD_W'(../gen/UpConv_Unified.tpp:98:16) has been inferred on bundle 'gmem_weight'. These burst requests might be further partitioned into multiple requests during RTL generation, based on max_read_burst_length or max_write_burst_length settings. (../gen/UpConv_Unified.tpp:98:16)
INFO: [HLS 214-115] Multiple burst writes of variable length and bit width 256 in loop 'PIXEL_NORM'(../gen/UpConv_Unified.tpp:279:17) has been inferred on bundle 'gmem_out'. These burst requests might be further partitioned into multiple requests during RTL generation, based on max_read_burst_length or max_write_burst_length settings. (../gen/UpConv_Unified.tpp:279:17)
INFO: [HLS 214-115] Multiple burst reads of variable length and bit width 256 in loop 'LOAD_B'(../gen/UpConv_Unified.tpp:195:10) has been inferred on bundle 'gmem_param'. These burst requests might be further partitioned into multiple requests during RTL generation, based on max_read_burst_length or max_write_burst_length settings. (../gen/UpConv_Unified.tpp:195:10)
INFO: [HLS 214-115] Multiple burst reads of variable length and bit width 256 in loop 'LOAD_G'(../gen/UpConv_Unified.tpp:200:13) has been inferred on bundle 'gmem_param'. These burst requests might be further partitioned into multiple requests during RTL generation, based on max_read_burst_length or max_write_burst_length settings. (../gen/UpConv_Unified.tpp:200:13)
INFO: [HLS 214-115] Multiple burst reads of variable length and bit width 256 in loop 'LOAD_BE'(../gen/UpConv_Unified.tpp:205:14) has been inferred on bundle 'gmem_param'. These burst requests might be further partitioned into multiple requests during RTL generation, based on max_read_burst_length or max_write_burst_length settings. (../gen/UpConv_Unified.tpp:205:14)
INFO: [HLS 214-115] Multiple burst reads of variable length and bit width 256 in loop 'LOAD_ROW0'(../gen/UpConv_Unified.tpp:395:16) has been inferred on bundle 'gmem_in'. These burst requests might be further partitioned into multiple requests during RTL generation, based on max_read_burst_length or max_write_burst_length settings. (../gen/UpConv_Unified.tpp:395:16)
INFO: [HLS 200-111] Finished Compiling Optimization and Transform: CPU user time: 3.1 seconds. CPU system time: 0.37 seconds. Elapsed time: 7.43 seconds; current allocated memory: 333.324 MB.
INFO: [HLS 200-111] Finished Checking Pragmas: CPU user time: 0 seconds. CPU system time: 0 seconds. Elapsed time: 0 seconds; current allocated memory: 333.324 MB.
INFO: [HLS 200-10] Starting code transformations ...
INFO: [HLS 200-111] Finished Standard Transforms: CPU user time: 0.12 seconds. CPU system time: 0 seconds. Elapsed time: 0.13 seconds; current allocated memory: 337.816 MB.
INFO: [HLS 200-10] Checking synthesizability ...
WARNING: [SYNCHK 200-23] ../gen/UpConv_Unified.tpp:235: variable-indexed range selection may cause suboptimal QoR.
INFO: [SYNCHK 200-10] 0 error(s), 1 warning(s).
INFO: [HLS 200-111] Finished Checking Synthesizability: CPU user time: 0.11 seconds. CPU system time: 0 seconds. Elapsed time: 0.12 seconds; current allocated memory: 338.902 MB.
WARNING: [XFORM 203-561] Updating loop lower bound from 0 to 3 for loop 'KH_LOOP' (../gen/UpConv_Unified.tpp:123:23) in function 'UpConv_Fused_Row<8>'.
WARNING: [XFORM 203-561] Updating loop upper bound from 7680 to 2048 for loop 'LOAD_ROW' (../gen/UpConv_Unified.tpp:410:9) in function 'upconv_core_top'.
INFO: [XFORM 203-401] Performing if-conversion on hyperblock from (../gen/UpConv_Unified.tpp:144:9) in function 'UpConv_Fused_Row<8>'... converting 3 basic blocks.
INFO: [XFORM 203-401] Performing if-conversion on hyperblock from (../gen/UpConv_Unified.tpp:280:9) to (../gen/UpConv_Unified.tpp:279:17) in function 'UpConv_Fused_Row<8>'... converting 33 basic blocks.
INFO: [HLS 200-111] Finished Loop, function and other optimizations: CPU user time: 0.54 seconds. CPU system time: 0.01 seconds. Elapsed time: 0.55 seconds; current allocated memory: 368.832 MB.
WARNING: [ANALYSIS 214-52] Found false inter dependency for variable 'psum.31' (../gen/UpConv_Unified.tpp:139).
WARNING: [ANALYSIS 214-52] Found false inter dependency for variable 'psum.30' (../gen/UpConv_Unified.tpp:139).
WARNING: [ANALYSIS 214-52] Found false inter dependency for variable 'psum.29' (../gen/UpConv_Unified.tpp:139).
WARNING: [ANALYSIS 214-52] Found false inter dependency for variable 'psum.28' (../gen/UpConv_Unified.tpp:139).
WARNING: [ANALYSIS 214-52] Found false inter dependency for variable 'psum.27' (../gen/UpConv_Unified.tpp:139).
WARNING: [ANALYSIS 214-52] Found false inter dependency for variable 'psum.26' (../gen/UpConv_Unified.tpp:139).
WARNING: [ANALYSIS 214-52] Found false inter dependency for variable 'psum.25' (../gen/UpConv_Unified.tpp:139).
WARNING: [ANALYSIS 214-52] Found false inter dependency for variable 'psum.24' (../gen/UpConv_Unified.tpp:139).
WARNING: [ANALYSIS 214-52] Found false inter dependency for variable 'psum.23' (../gen/UpConv_Unified.tpp:139).
WARNING: [ANALYSIS 214-52] Found false inter dependency for variable 'psum.22' (../gen/UpConv_Unified.tpp:139).
WARNING: [ANALYSIS 214-52] Found false inter dependency for variable 'psum.21' (../gen/UpConv_Unified.tpp:139).
WARNING: [ANALYSIS 214-52] Found false inter dependency for variable 'psum.20' (../gen/UpConv_Unified.tpp:139).
WARNING: [ANALYSIS 214-52] Found false inter dependency for variable 'psum.19' (../gen/UpConv_Unified.tpp:139).
WARNING: [ANALYSIS 214-52] Found false inter dependency for variable 'psum.18' (../gen/UpConv_Unified.tpp:139).
WARNING: [ANALYSIS 214-52] Found false inter dependency for variable 'psum.17' (../gen/UpConv_Unified.tpp:139).
WARNING: [ANALYSIS 214-52] Found false inter dependency for variable 'psum.16' (../gen/UpConv_Unified.tpp:139).
WARNING: [ANALYSIS 214-52] Found false inter dependency for variable 'psum.15' (../gen/UpConv_Unified.tpp:139).
WARNING: [ANALYSIS 214-52] Found false inter dependency for variable 'psum.14' (../gen/UpConv_Unified.tpp:139).
WARNING: [ANALYSIS 214-52] Found false inter dependency for variable 'psum.13' (../gen/UpConv_Unified.tpp:139).
WARNING: [ANALYSIS 214-52] Found false inter dependency for variable 'psum.12' (../gen/UpConv_Unified.tpp:139).
WARNING: [ANALYSIS 214-52] Found false inter dependency for variable 'psum.11' (../gen/UpConv_Unified.tpp:139).
WARNING: [ANALYSIS 214-52] Found false inter dependency for variable 'psum.10' (../gen/UpConv_Unified.tpp:139).
WARNING: [ANALYSIS 214-52] Found false inter dependency for variable 'psum.9' (../gen/UpConv_Unified.tpp:139).
WARNING: [ANALYSIS 214-52] Found false inter dependency for variable 'psum.8' (../gen/UpConv_Unified.tpp:139).
WARNING: [ANALYSIS 214-52] Found false inter dependency for variable 'psum.7' (../gen/UpConv_Unified.tpp:139).
WARNING: [ANALYSIS 214-52] Found false inter dependency for variable 'psum.6' (../gen/UpConv_Unified.tpp:139).
WARNING: [ANALYSIS 214-52] Found false inter dependency for variable 'psum.5' (../gen/UpConv_Unified.tpp:139).
WARNING: [ANALYSIS 214-52] Found false inter dependency for variable 'psum.4' (../gen/UpConv_Unified.tpp:139).
WARNING: [ANALYSIS 214-52] Found false inter dependency for variable 'psum.3' (../gen/UpConv_Unified.tpp:139).
WARNING: [ANALYSIS 214-52] Found false inter dependency for variable 'psum.2' (../gen/UpConv_Unified.tpp:139).
WARNING: [ANALYSIS 214-52] Found false inter dependency for variable 'psum.1' (../gen/UpConv_Unified.tpp:139).
WARNING: [ANALYSIS 214-52] Found false inter dependency for variable 'psum' (../gen/UpConv_Unified.tpp:139).
WARNING: [ANALYSIS 214-52] Found false inter dependency for variable '_ZZ16UpConv_Fused_RowILi8EEvP7ap_uintILi256EEPKS1_RA30_S3_S6_S6_S2_DhfiiiiiE7row'.
WARNING: [ANALYSIS 214-52] Found false inter dependency for variable '_ZZ16UpConv_Fused_RowILi8EEvP7ap_uintILi256EEPKS1_RA30_S3_S6_S6_S2_DhfiiiiiE7row.1'.
WARNING: [ANALYSIS 214-52] Found false inter dependency for variable '_ZZ16UpConv_Fused_RowILi8EEvP7ap_uintILi256EEPKS1_RA30_S3_S6_S6_S2_DhfiiiiiE7row.2'.
WARNING: [ANALYSIS 214-52] Found false inter dependency for variable '_ZZ16UpConv_Fused_RowILi8EEvP7ap_uintILi256EEPKS1_RA30_S3_S6_S6_S2_DhfiiiiiE7row.3'.
WARNING: [ANALYSIS 214-52] Found false inter dependency for variable '_ZZ16UpConv_Fused_RowILi8EEvP7ap_uintILi256EEPKS1_RA30_S3_S6_S6_S2_DhfiiiiiE7row.4'.
WARNING: [ANALYSIS 214-52] Found false inter dependency for variable '_ZZ16UpConv_Fused_RowILi8EEvP7ap_uintILi256EEPKS1_RA30_S3_S6_S6_S2_DhfiiiiiE7row.5'.
WARNING: [ANALYSIS 214-52] Found false inter dependency for variable 'void UpConv_Fused_Row(ap_uint*,ap_uint const*,ap_uint const (&)[30],ap_uint cons'.
WARNING: [ANALYSIS 214-52] Found false inter dependency for variable 'void UpConv_Fused_Row(ap_uint*,ap_uint const*,ap_uint const (&)[30],ap_uint cons.1'.
WARNING: [ANALYSIS 214-52] Found false inter dependency for variable 'void UpConv_Fused_Row(ap_uint*,ap_uint const*,ap_uint const (&)[30],ap_uint cons.2'.
WARNING: [ANALYSIS 214-52] Found false inter dependency for variable 'void UpConv_Fused_Row(ap_uint*,ap_uint const*,ap_uint const (&)[30],ap_uint cons.3'.
WARNING: [ANALYSIS 214-52] Found false inter dependency for variable 'void UpConv_Fused_Row(ap_uint*,ap_uint const*,ap_uint const (&)[30],ap_uint cons.4'.
WARNING: [ANALYSIS 214-52] Found false inter dependency for variable 'void UpConv_Fused_Row(ap_uint*,ap_uint const*,ap_uint const (&)[30],ap_uint cons.5'.
WARNING: [ANALYSIS 214-52] Found false inter dependency for variable 'void UpConv_Fused_Row(ap_uint*,ap_uint const*,ap_uint const (&)[30],ap_uint cons.6'.
WARNING: [ANALYSIS 214-52] Found false inter dependency for variable 'void UpConv_Fused_Row(ap_uint*,ap_uint const*,ap_uint const (&)[30],ap_uint cons.7'.
WARNING: [ANALYSIS 214-52] Found false inter dependency for variable 'void UpConv_Fused_Row(ap_uint*,ap_uint const*,ap_uint const (&)[30],ap_uint cons.8'.
WARNING: [ANALYSIS 214-52] Found false inter dependency for variable 'void UpConv_Fused_Row(ap_uint*,ap_uint const*,ap_uint const (&)[30],ap_uint cons.9'.
WARNING: [ANALYSIS 214-52] Found false inter dependency for variable 'sum_rot.7' (../gen/UpConv_Unified.tpp:222).
WARNING: [ANALYSIS 214-52] Found false inter dependency for variable 'sum_rot.6' (../gen/UpConv_Unified.tpp:222).
WARNING: [ANALYSIS 214-52] Found false inter dependency for variable 'sum_rot.5' (../gen/UpConv_Unified.tpp:222).
WARNING: [ANALYSIS 214-52] Found false inter dependency for variable 'sum_rot.4' (../gen/UpConv_Unified.tpp:222).
WARNING: [ANALYSIS 214-52] Found false inter dependency for variable 'sum_rot.3' (../gen/UpConv_Unified.tpp:222).
WARNING: [ANALYSIS 214-52] Found false inter dependency for variable 'sum_rot.2' (../gen/UpConv_Unified.tpp:222).
WARNING: [ANALYSIS 214-52] Found false inter dependency for variable 'sum_rot.1' (../gen/UpConv_Unified.tpp:222).
WARNING: [ANALYSIS 214-52] Found false inter dependency for variable 'sum_rot' (../gen/UpConv_Unified.tpp:222).
WARNING: [ANALYSIS 214-52] Found false inter dependency for variable 'sumsq_rot.7' (../gen/UpConv_Unified.tpp:222).
WARNING: [ANALYSIS 214-52] Found false inter dependency for variable 'sumsq_rot.6' (../gen/UpConv_Unified.tpp:222).
WARNING: [ANALYSIS 214-52] Found false inter dependency for variable 'sumsq_rot.5' (../gen/UpConv_Unified.tpp:222).
WARNING: [ANALYSIS 214-52] Found false inter dependency for variable 'sumsq_rot.4' (../gen/UpConv_Unified.tpp:222).
WARNING: [ANALYSIS 214-52] Found false inter dependency for variable 'sumsq_rot.3' (../gen/UpConv_Unified.tpp:222).
WARNING: [ANALYSIS 214-52] Found false inter dependency for variable 'sumsq_rot.2' (../gen/UpConv_Unified.tpp:222).
WARNING: [ANALYSIS 214-52] Found false inter dependency for variable 'sumsq_rot.1' (../gen/UpConv_Unified.tpp:222).
WARNING: [ANALYSIS 214-52] Found false inter dependency for variable 'sumsq_rot' (../gen/UpConv_Unified.tpp:222).
WARNING: [ANALYSIS 214-52] Found false inter dependency for variable '_ZZ16UpConv_Fused_RowILi8EEvP7ap_uintILi256EEPKS1_RA30_S3_S6_S6_S2_DhfiiiiiE7row'.
WARNING: [ANALYSIS 214-52] Found false inter dependency for variable '_ZZ16UpConv_Fused_RowILi8EEvP7ap_uintILi256EEPKS1_RA30_S3_S6_S6_S2_DhfiiiiiE7row.1'.
WARNING: [ANALYSIS 214-52] Found false inter dependency for variable '_ZZ16UpConv_Fused_RowILi8EEvP7ap_uintILi256EEPKS1_RA30_S3_S6_S6_S2_DhfiiiiiE7row.2'.
WARNING: [ANALYSIS 214-52] Found false inter dependency for variable '_ZZ16UpConv_Fused_RowILi8EEvP7ap_uintILi256EEPKS1_RA30_S3_S6_S6_S2_DhfiiiiiE7row.3'.
WARNING: [ANALYSIS 214-52] Found false inter dependency for variable '_ZZ16UpConv_Fused_RowILi8EEvP7ap_uintILi256EEPKS1_RA30_S3_S6_S6_S2_DhfiiiiiE7row.4'.
WARNING: [ANALYSIS 214-52] Found false inter dependency for variable '_ZZ16UpConv_Fused_RowILi8EEvP7ap_uintILi256EEPKS1_RA30_S3_S6_S6_S2_DhfiiiiiE7row.5'.
WARNING: [ANALYSIS 214-52] Found false inter dependency for variable 'void UpConv_Fused_Row(ap_uint*,ap_uint const*,ap_uint const (&)[30],ap_uint cons'.
WARNING: [ANALYSIS 214-52] Found false inter dependency for variable 'void UpConv_Fused_Row(ap_uint*,ap_uint const*,ap_uint const (&)[30],ap_uint cons.1'.
WARNING: [ANALYSIS 214-52] Found false inter dependency for variable 'void UpConv_Fused_Row(ap_uint*,ap_uint const*,ap_uint const (&)[30],ap_uint cons.2'.
WARNING: [ANALYSIS 214-52] Found false inter dependency for variable 'void UpConv_Fused_Row(ap_uint*,ap_uint const*,ap_uint const (&)[30],ap_uint cons.3'.
WARNING: [ANALYSIS 214-52] Found false inter dependency for variable 'void UpConv_Fused_Row(ap_uint*,ap_uint const*,ap_uint const (&)[30],ap_uint cons.4'.
WARNING: [ANALYSIS 214-52] Found false inter dependency for variable 'void UpConv_Fused_Row(ap_uint*,ap_uint const*,ap_uint const (&)[30],ap_uint cons.5'.
WARNING: [ANALYSIS 214-52] Found false inter dependency for variable 'void UpConv_Fused_Row(ap_uint*,ap_uint const*,ap_uint const (&)[30],ap_uint cons.6'.
WARNING: [ANALYSIS 214-52] Found false inter dependency for variable 'void UpConv_Fused_Row(ap_uint*,ap_uint const*,ap_uint const (&)[30],ap_uint cons.7'.
WARNING: [ANALYSIS 214-52] Found false inter dependency for variable 'void UpConv_Fused_Row(ap_uint*,ap_uint const*,ap_uint const (&)[30],ap_uint cons.8'.
WARNING: [ANALYSIS 214-52] Found false inter dependency for variable 'void UpConv_Fused_Row(ap_uint*,ap_uint const*,ap_uint const (&)[30],ap_uint cons.9'.
WARNING: [ANALYSIS 214-52] Found false inter dependency for variable 'sum_rot.7' (../gen/UpConv_Unified.tpp:222).
WARNING: [ANALYSIS 214-52] Found false inter dependency for variable 'sum_rot.6' (../gen/UpConv_Unified.tpp:222).
WARNING: [ANALYSIS 214-52] Found false inter dependency for variable 'sum_rot.5' (../gen/UpConv_Unified.tpp:222).
WARNING: [ANALYSIS 214-52] Found false inter dependency for variable 'sum_rot.4' (../gen/UpConv_Unified.tpp:222).
WARNING: [ANALYSIS 214-52] Found false inter dependency for variable 'sum_rot.3' (../gen/UpConv_Unified.tpp:222).
WARNING: [ANALYSIS 214-52] Found false inter dependency for variable 'sum_rot.2' (../gen/UpConv_Unified.tpp:222).
WARNING: [ANALYSIS 214-52] Found false inter dependency for variable 'sum_rot.1' (../gen/UpConv_Unified.tpp:222).
WARNING: [ANALYSIS 214-52] Found false inter dependency for variable 'sum_rot' (../gen/UpConv_Unified.tpp:222).
WARNING: [ANALYSIS 214-52] Found false inter dependency for variable 'sumsq_rot.7' (../gen/UpConv_Unified.tpp:222).
WARNING: [ANALYSIS 214-52] Found false inter dependency for variable 'sumsq_rot.6' (../gen/UpConv_Unified.tpp:222).
WARNING: [ANALYSIS 214-52] Found false inter dependency for variable 'sumsq_rot.5' (../gen/UpConv_Unified.tpp:222).
WARNING: [ANALYSIS 214-52] Found false inter dependency for variable 'sumsq_rot.4' (../gen/UpConv_Unified.tpp:222).
WARNING: [ANALYSIS 214-52] Found false inter dependency for variable 'sumsq_rot.3' (../gen/UpConv_Unified.tpp:222).
WARNING: [ANALYSIS 214-52] Found false inter dependency for variable 'sumsq_rot.2' (../gen/UpConv_Unified.tpp:222).
WARNING: [ANALYSIS 214-52] Found false inter dependency for variable 'sumsq_rot.1' (../gen/UpConv_Unified.tpp:222).
WARNING: [ANALYSIS 214-52] Found false inter dependency for variable 'sumsq_rot' (../gen/UpConv_Unified.tpp:222).
WARNING: [ANALYSIS 214-52] Found false inter dependency for variable '_ZZ16UpConv_Fused_RowILi8EEvP7ap_uintILi256EEPKS1_RA30_S3_S6_S6_S2_DhfiiiiiE7row'.
WARNING: [ANALYSIS 214-52] Found false inter dependency for variable '_ZZ16UpConv_Fused_RowILi8EEvP7ap_uintILi256EEPKS1_RA30_S3_S6_S6_S2_DhfiiiiiE7row.1'.
WARNING: [ANALYSIS 214-52] Found false inter dependency for variable '_ZZ16UpConv_Fused_RowILi8EEvP7ap_uintILi256EEPKS1_RA30_S3_S6_S6_S2_DhfiiiiiE7row.2'.
WARNING: [ANALYSIS 214-52] Found false inter dependency for variable '_ZZ16UpConv_Fused_RowILi8EEvP7ap_uintILi256EEPKS1_RA30_S3_S6_S6_S2_DhfiiiiiE7row.3'.
WARNING: [ANALYSIS 214-52] Found false inter dependency for variable '_ZZ16UpConv_Fused_RowILi8EEvP7ap_uintILi256EEPKS1_RA30_S3_S6_S6_S2_DhfiiiiiE7row.4'.
WARNING: [ANALYSIS 214-52] Found false inter dependency for variable '_ZZ16UpConv_Fused_RowILi8EEvP7ap_uintILi256EEPKS1_RA30_S3_S6_S6_S2_DhfiiiiiE7row.5'.
WARNING: [ANALYSIS 214-52] Found false inter dependency for variable 'void UpConv_Fused_Row(ap_uint*,ap_uint const*,ap_uint const (&)[30],ap_uint cons'.
WARNING: [ANALYSIS 214-52] Found false inter dependency for variable 'void UpConv_Fused_Row(ap_uint*,ap_uint const*,ap_uint const (&)[30],ap_uint cons.1'.
WARNING: [ANALYSIS 214-52] Found false inter dependency for variable 'void UpConv_Fused_Row(ap_uint*,ap_uint const*,ap_uint const (&)[30],ap_uint cons.2'.
WARNING: [ANALYSIS 214-52] Found false inter dependency for variable 'void UpConv_Fused_Row(ap_uint*,ap_uint const*,ap_uint const (&)[30],ap_uint cons.3'.
WARNING: [ANALYSIS 214-52] Found false inter dependency for variable 'void UpConv_Fused_Row(ap_uint*,ap_uint const*,ap_uint const (&)[30],ap_uint cons.4'.
WARNING: [ANALYSIS 214-52] Found false inter dependency for variable 'void UpConv_Fused_Row(ap_uint*,ap_uint const*,ap_uint const (&)[30],ap_uint cons.5'.
WARNING: [ANALYSIS 214-52] Found false inter dependency for variable 'void UpConv_Fused_Row(ap_uint*,ap_uint const*,ap_uint const (&)[30],ap_uint cons.6'.
WARNING: [ANALYSIS 214-52] Found false inter dependency for variable 'void UpConv_Fused_Row(ap_uint*,ap_uint const*,ap_uint const (&)[30],ap_uint cons.7'.
WARNING: [ANALYSIS 214-52] Found false inter dependency for variable 'void UpConv_Fused_Row(ap_uint*,ap_uint const*,ap_uint const (&)[30],ap_uint cons.8'.
WARNING: [ANALYSIS 214-52] Found false inter dependency for variable 'void UpConv_Fused_Row(ap_uint*,ap_uint const*,ap_uint const (&)[30],ap_uint cons.9'.
WARNING: [ANALYSIS 214-52] Found false inter dependency for variable 'psum.31' (../gen/UpConv_Unified.tpp:139).
WARNING: [ANALYSIS 214-52] Found false inter dependency for variable 'psum.30' (../gen/UpConv_Unified.tpp:139).
WARNING: [ANALYSIS 214-52] Found false inter dependency for variable 'psum.29' (../gen/UpConv_Unified.tpp:139).
WARNING: [ANALYSIS 214-52] Found false inter dependency for variable 'psum.28' (../gen/UpConv_Unified.tpp:139).
WARNING: [ANALYSIS 214-52] Found false inter dependency for variable 'psum.27' (../gen/UpConv_Unified.tpp:139).
WARNING: [ANALYSIS 214-52] Found false inter dependency for variable 'psum.26' (../gen/UpConv_Unified.tpp:139).
WARNING: [ANALYSIS 214-52] Found false inter dependency for variable 'psum.25' (../gen/UpConv_Unified.tpp:139).
WARNING: [ANALYSIS 214-52] Found false inter dependency for variable 'psum.24' (../gen/UpConv_Unified.tpp:139).
WARNING: [ANALYSIS 214-52] Found false inter dependency for variable 'psum.23' (../gen/UpConv_Unified.tpp:139).
WARNING: [ANALYSIS 214-52] Found false inter dependency for variable 'psum.22' (../gen/UpConv_Unified.tpp:139).
WARNING: [ANALYSIS 214-52] Found false inter dependency for variable 'psum.21' (../gen/UpConv_Unified.tpp:139).
WARNING: [ANALYSIS 214-52] Found false inter dependency for variable 'psum.20' (../gen/UpConv_Unified.tpp:139).
WARNING: [ANALYSIS 214-52] Found false inter dependency for variable 'psum.19' (../gen/UpConv_Unified.tpp:139).
WARNING: [ANALYSIS 214-52] Found false inter dependency for variable 'psum.18' (../gen/UpConv_Unified.tpp:139).
WARNING: [ANALYSIS 214-52] Found false inter dependency for variable 'psum.17' (../gen/UpConv_Unified.tpp:139).
WARNING: [ANALYSIS 214-52] Found false inter dependency for variable 'psum.16' (../gen/UpConv_Unified.tpp:139).
WARNING: [ANALYSIS 214-52] Found false inter dependency for variable 'psum.15' (../gen/UpConv_Unified.tpp:139).
WARNING: [ANALYSIS 214-52] Found false inter dependency for variable 'psum.14' (../gen/UpConv_Unified.tpp:139).
WARNING: [ANALYSIS 214-52] Found false inter dependency for variable 'psum.13' (../gen/UpConv_Unified.tpp:139).
WARNING: [ANALYSIS 214-52] Found false inter dependency for variable 'psum.12' (../gen/UpConv_Unified.tpp:139).
WARNING: [ANALYSIS 214-52] Found false inter dependency for variable 'psum.11' (../gen/UpConv_Unified.tpp:139).
WARNING: [ANALYSIS 214-52] Found false inter dependency for variable 'psum.10' (../gen/UpConv_Unified.tpp:139).
WARNING: [ANALYSIS 214-52] Found false inter dependency for variable 'psum.9' (../gen/UpConv_Unified.tpp:139).
WARNING: [ANALYSIS 214-52] Found false inter dependency for variable 'psum.8' (../gen/UpConv_Unified.tpp:139).
WARNING: [ANALYSIS 214-52] Found false inter dependency for variable 'psum.7' (../gen/UpConv_Unified.tpp:139).
WARNING: [ANALYSIS 214-52] Found false inter dependency for variable 'psum.6' (../gen/UpConv_Unified.tpp:139).
WARNING: [ANALYSIS 214-52] Found false inter dependency for variable 'psum.5' (../gen/UpConv_Unified.tpp:139).
WARNING: [ANALYSIS 214-52] Found false inter dependency for variable 'psum.4' (../gen/UpConv_Unified.tpp:139).
WARNING: [ANALYSIS 214-52] Found false inter dependency for variable 'psum.3' (../gen/UpConv_Unified.tpp:139).
WARNING: [ANALYSIS 214-52] Found false inter dependency for variable 'psum.2' (../gen/UpConv_Unified.tpp:139).
WARNING: [ANALYSIS 214-52] Found false inter dependency for variable 'psum.1' (../gen/UpConv_Unified.tpp:139).
WARNING: [ANALYSIS 214-52] Found false inter dependency for variable 'psum' (../gen/UpConv_Unified.tpp:139).
WARNING: [ANALYSIS 214-52] Found false inter dependency for variable '_ZZ16UpConv_Fused_RowILi8EEvP7ap_uintILi256EEPKS1_RA30_S3_S6_S6_S2_DhfiiiiiE7row'.
WARNING: [ANALYSIS 214-52] Found false inter dependency for variable '_ZZ16UpConv_Fused_RowILi8EEvP7ap_uintILi256EEPKS1_RA30_S3_S6_S6_S2_DhfiiiiiE7row.1'.
WARNING: [ANALYSIS 214-52] Found false inter dependency for variable '_ZZ16UpConv_Fused_RowILi8EEvP7ap_uintILi256EEPKS1_RA30_S3_S6_S6_S2_DhfiiiiiE7row.2'.
WARNING: [ANALYSIS 214-52] Found false inter dependency for variable '_ZZ16UpConv_Fused_RowILi8EEvP7ap_uintILi256EEPKS1_RA30_S3_S6_S6_S2_DhfiiiiiE7row.3'.
WARNING: [ANALYSIS 214-52] Found false inter dependency for variable '_ZZ16UpConv_Fused_RowILi8EEvP7ap_uintILi256EEPKS1_RA30_S3_S6_S6_S2_DhfiiiiiE7row.4'.
WARNING: [ANALYSIS 214-52] Found false inter dependency for variable '_ZZ16UpConv_Fused_RowILi8EEvP7ap_uintILi256EEPKS1_RA30_S3_S6_S6_S2_DhfiiiiiE7row.5'.
WARNING: [ANALYSIS 214-52] Found false inter dependency for variable 'void UpConv_Fused_Row(ap_uint*,ap_uint const*,ap_uint const (&)[30],ap_uint cons'.
WARNING: [ANALYSIS 214-52] Found false inter dependency for variable 'void UpConv_Fused_Row(ap_uint*,ap_uint const*,ap_uint const (&)[30],ap_uint cons.1'.
WARNING: [ANALYSIS 214-52] Found false inter dependency for variable 'void UpConv_Fused_Row(ap_uint*,ap_uint const*,ap_uint const (&)[30],ap_uint cons.2'.
WARNING: [ANALYSIS 214-52] Found false inter dependency for variable 'void UpConv_Fused_Row(ap_uint*,ap_uint const*,ap_uint const (&)[30],ap_uint cons.3'.
WARNING: [ANALYSIS 214-52] Found false inter dependency for variable 'void UpConv_Fused_Row(ap_uint*,ap_uint const*,ap_uint const (&)[30],ap_uint cons.4'.
WARNING: [ANALYSIS 214-52] Found false inter dependency for variable 'void UpConv_Fused_Row(ap_uint*,ap_uint const*,ap_uint const (&)[30],ap_uint cons.5'.
WARNING: [ANALYSIS 214-52] Found false inter dependency for variable 'void UpConv_Fused_Row(ap_uint*,ap_uint const*,ap_uint const (&)[30],ap_uint cons.6'.
WARNING: [ANALYSIS 214-52] Found false inter dependency for variable 'void UpConv_Fused_Row(ap_uint*,ap_uint const*,ap_uint const (&)[30],ap_uint cons.7'.
WARNING: [ANALYSIS 214-52] Found false inter dependency for variable 'void UpConv_Fused_Row(ap_uint*,ap_uint const*,ap_uint const (&)[30],ap_uint cons.8'.
WARNING: [ANALYSIS 214-52] Found false inter dependency for variable 'void UpConv_Fused_Row(ap_uint*,ap_uint const*,ap_uint const (&)[30],ap_uint cons.9'.
INFO: [HLS 200-111] Finished Architecture Synthesis: CPU user time: 0.6 seconds. CPU system time: 0.05 seconds. Elapsed time: 0.65 seconds; current allocated memory: 465.953 MB.
INFO: [HLS 200-10] Starting hardware synthesis ...
INFO: [HLS 200-10] Synthesizing 'upconv_core_top' ...
WARNING: [SYN 201-103] Legalizing function name 'UpConv_Fused_Row<8>_Pipeline_RESET_ROW_ACC' to 'UpConv_Fused_Row_8_Pipeline_RESET_ROW_ACC'.
WARNING: [SYN 201-103] Legalizing function name 'UpConv_Fused_Row<8>_Pipeline_PRELOAD_W' to 'UpConv_Fused_Row_8_Pipeline_PRELOAD_W'.
WARNING: [SYN 201-103] Legalizing function name 'UpConv_Fused_Row<8>_Pipeline_FLAT_LOOP' to 'UpConv_Fused_Row_8_Pipeline_FLAT_LOOP'.
WARNING: [SYN 201-103] Legalizing function name 'UpConv_Fused_Row<8>_Pipeline_PIXEL_STATS' to 'UpConv_Fused_Row_8_Pipeline_PIXEL_STATS'.
WARNING: [SYN 201-103] Legalizing function name 'UpConv_Fused_Row<8>_Pipeline_PIXEL_NORM' to 'UpConv_Fused_Row_8_Pipeline_PIXEL_NORM'.
WARNING: [SYN 201-103] Legalizing function name 'UpConv_Fused_Row<8>' to 'UpConv_Fused_Row_8_s'.
INFO: [HLS 200-10] ----------------------------------------------------------------
INFO: [HLS 200-42] -- Implementing module 'upconv_core_top_Pipeline_LOAD_B' 
INFO: [HLS 200-10] ----------------------------------------------------------------
INFO: [SCHED 204-11] Starting scheduling ...
INFO: [SCHED 204-61] Pipelining loop 'LOAD_B'.
INFO: [HLS 200-1470] Pipelining result : Target II = 1, Final II = 1, Depth = 3, loop 'LOAD_B'
INFO: [SCHED 204-11] Finished scheduling.
INFO: [HLS 200-111] Finished Scheduling: CPU user time: 0.08 seconds. CPU system time: 0.02 seconds. Elapsed time: 0.1 seconds; current allocated memory: 466.891 MB.
INFO: [BIND 205-100] Starting micro-architecture generation ...
INFO: [BIND 205-101] Performing variable lifetime analysis.
INFO: [BIND 205-101] Exploring resource sharing.
INFO: [BIND 205-101] Binding ...
INFO: [BIND 205-100] Finished micro-architecture generation.
INFO: [HLS 200-111] Finished Binding: CPU user time: 0.02 seconds. CPU system time: 0 seconds. Elapsed time: 0.02 seconds; current allocated memory: 466.891 MB.
INFO: [HLS 200-10] ----------------------------------------------------------------
INFO: [HLS 200-42] -- Implementing module 'upconv_core_top_Pipeline_LOAD_G' 
INFO: [HLS 200-10] ----------------------------------------------------------------
INFO: [SCHED 204-11] Starting scheduling ...
INFO: [SCHED 204-61] Pipelining loop 'LOAD_G'.
INFO: [HLS 200-1470] Pipelining result : Target II = 1, Final II = 1, Depth = 3, loop 'LOAD_G'
INFO: [SCHED 204-11] Finished scheduling.
INFO: [HLS 200-111] Finished Scheduling: CPU user time: 0.02 seconds. CPU system time: 0 seconds. Elapsed time: 0.03 seconds; current allocated memory: 467.191 MB.
INFO: [BIND 205-100] Starting micro-architecture generation ...
INFO: [BIND 205-101] Performing variable lifetime analysis.
INFO: [BIND 205-101] Exploring resource sharing.
INFO: [BIND 205-101] Binding ...
INFO: [BIND 205-100] Finished micro-architecture generation.
INFO: [HLS 200-111] Finished Binding: CPU user time: 0.02 seconds. CPU system time: 0 seconds. Elapsed time: 0.02 seconds; current allocated memory: 467.191 MB.
INFO: [HLS 200-10] ----------------------------------------------------------------
INFO: [HLS 200-42] -- Implementing module 'upconv_core_top_Pipeline_LOAD_BE' 
INFO: [HLS 200-10] ----------------------------------------------------------------
INFO: [SCHED 204-11] Starting scheduling ...
INFO: [SCHED 204-61] Pipelining loop 'LOAD_BE'.
INFO: [HLS 200-1470] Pipelining result : Target II = 1, Final II = 1, Depth = 3, loop 'LOAD_BE'
INFO: [SCHED 204-11] Finished scheduling.
INFO: [HLS 200-111] Finished Scheduling: CPU user time: 0.03 seconds. CPU system time: 0 seconds. Elapsed time: 0.03 seconds; current allocated memory: 467.520 MB.
INFO: [BIND 205-100] Starting micro-architecture generation ...
INFO: [BIND 205-101] Performing variable lifetime analysis.
INFO: [BIND 205-101] Exploring resource sharing.
INFO: [BIND 205-101] Binding ...
INFO: [BIND 205-100] Finished micro-architecture generation.
INFO: [HLS 200-111] Finished Binding: CPU user time: 0.01 seconds. CPU system time: 0 seconds. Elapsed time: 0.02 seconds; current allocated memory: 467.520 MB.
INFO: [HLS 200-10] ----------------------------------------------------------------
INFO: [HLS 200-42] -- Implementing module 'upconv_core_top_Pipeline_LOAD_ROW0' 
INFO: [HLS 200-10] ----------------------------------------------------------------
INFO: [SCHED 204-11] Starting scheduling ...
WARNING: [HLS 200-2042] Usage of URAM can potentially cause worse II as Vitis HLS does not exploit read-first mode for URAMs. Consider using BRAMs instead.
INFO: [SCHED 204-61] Pipelining loop 'LOAD_ROW0'.
INFO: [HLS 200-1470] Pipelining result : Target II = 1, Final II = 1, Depth = 3, loop 'LOAD_ROW0'
INFO: [SCHED 204-11] Finished scheduling.
INFO: [HLS 200-111] Finished Scheduling: CPU user time: 0.04 seconds. CPU system time: 0.01 seconds. Elapsed time: 0.04 seconds; current allocated memory: 467.785 MB.
INFO: [BIND 205-100] Starting micro-architecture generation ...
INFO: [BIND 205-101] Performing variable lifetime analysis.
INFO: [BIND 205-101] Exploring resource sharing.
INFO: [BIND 205-101] Binding ...
INFO: [BIND 205-100] Finished micro-architecture generation.
INFO: [HLS 200-111] Finished Binding: CPU user time: 0.01 seconds. CPU system time: 0 seconds. Elapsed time: 0.01 seconds; current allocated memory: 467.785 MB.
INFO: [HLS 200-10] ----------------------------------------------------------------
INFO: [HLS 200-42] -- Implementing module 'UpConv_Fused_Row_8_Pipeline_RESET_ROW_ACC' 
INFO: [HLS 200-10] ----------------------------------------------------------------
INFO: [SCHED 204-11] Starting scheduling ...
WARNING: [HLS 200-2042] Usage of URAM can potentially cause worse II as Vitis HLS does not exploit read-first mode for URAMs. Consider using BRAMs instead.
WARNING: [HLS 200-2042] Usage of URAM can potentially cause worse II as Vitis HLS does not exploit read-first mode for URAMs. Consider using BRAMs instead.
WARNING: [HLS 200-2042] Usage of URAM can potentially cause worse II as Vitis HLS does not exploit read-first mode for URAMs. Consider using BRAMs instead.
WARNING: [HLS 200-2042] Usage of URAM can potentially cause worse II as Vitis HLS does not exploit read-first mode for URAMs. Consider using BRAMs instead.
WARNING: [HLS 200-2042] Usage of URAM can potentially cause worse II as Vitis HLS does not exploit read-first mode for URAMs. Consider using BRAMs instead.
WARNING: [HLS 200-2042] Usage of URAM can potentially cause worse II as Vitis HLS does not exploit read-first mode for URAMs. Consider using BRAMs instead.
WARNING: [HLS 200-2042] Usage of URAM can potentially cause worse II as Vitis HLS does not exploit read-first mode for URAMs. Consider using BRAMs instead.
WARNING: [HLS 200-2042] Usage of URAM can potentially cause worse II as Vitis HLS does not exploit read-first mode for URAMs. Consider using BRAMs instead.
WARNING: [HLS 200-2042] Usage of URAM can potentially cause worse II as Vitis HLS does not exploit read-first mode for URAMs. Consider using BRAMs instead.
WARNING: [HLS 200-2042] Usage of URAM can potentially cause worse II as Vitis HLS does not exploit read-first mode for URAMs. Consider using BRAMs instead.
WARNING: [HLS 200-2042] Usage of URAM can potentially cause worse II as Vitis HLS does not exploit read-first mode for URAMs. Consider using BRAMs instead.
WARNING: [HLS 200-2042] Usage of URAM can potentially cause worse II as Vitis HLS does not exploit read-first mode for URAMs. Consider using BRAMs instead.
WARNING: [HLS 200-2042] Usage of URAM can potentially cause worse II as Vitis HLS does not exploit read-first mode for URAMs. Consider using BRAMs instead.
WARNING: [HLS 200-2042] Usage of URAM can potentially cause worse II as Vitis HLS does not exploit read-first mode for URAMs. Consider using BRAMs instead.
WARNING: [HLS 200-2042] Usage of URAM can potentially cause worse II as Vitis HLS does not exploit read-first mode for URAMs. Consider using BRAMs instead.
WARNING: [HLS 200-2042] Usage of URAM can potentially cause worse II as Vitis HLS does not exploit read-first mode for URAMs. Consider using BRAMs instead.
INFO: [SCHED 204-61] Pipelining loop 'RESET_ROW_ACC'.
INFO: [HLS 200-1470] Pipelining result : Target II = 1, Final II = 1, Depth = 2, loop 'RESET_ROW_ACC'
INFO: [SCHED 204-11] Finished scheduling.
INFO: [HLS 200-111] Finished Scheduling: CPU user time: 0.07 seconds. CPU system time: 0.01 seconds. Elapsed time: 0.08 seconds; current allocated memory: 468.348 MB.
INFO: [BIND 205-100] Starting micro-architecture generation ...
INFO: [BIND 205-101] Performing variable lifetime analysis.
INFO: [BIND 205-101] Exploring resource sharing.
INFO: [BIND 205-101] Binding ...
INFO: [BIND 205-100] Finished micro-architecture generation.
INFO: [HLS 200-111] Finished Binding: CPU user time: 0.02 seconds. CPU system time: 0 seconds. Elapsed time: 0.02 seconds; current allocated memory: 468.348 MB.
INFO: [HLS 200-10] ----------------------------------------------------------------
INFO: [HLS 200-42] -- Implementing module 'UpConv_Fused_Row_8_Pipeline_PRELOAD_W' 
INFO: [HLS 200-10] ----------------------------------------------------------------
INFO: [SCHED 204-11] Starting scheduling ...
INFO: [SCHED 204-61] Pipelining loop 'PRELOAD_W'.
INFO: [HLS 200-1470] Pipelining result : Target II = 1, Final II = 1, Depth = 3, loop 'PRELOAD_W'
WARNING: [HLS 200-871] Estimated clock period (2.908 ns) exceeds the target (target clock period: 3.333 ns, clock uncertainty: 0.900 ns, effective delay budget: 2.433 ns).
Resolution: For help on HLS 200-871 see docs.xilinx.com/access/sources/dita/topic?Doc_Version=2024.2%20English&url=ug1448-hls-guidance&resourceid=200-871.html
WARNING: [HLS 200-1016] The critical path in module 'UpConv_Fused_Row_8_Pipeline_PRELOAD_W' consists of the following:
	'load' operation 32 bit ('kci', ../gen/UpConv_Unified.tpp:102->../gen/UpConv_Unified.tpp:356) on local variable 'kci', ../gen/UpConv_Unified.tpp:95->../gen/UpConv_Unified.tpp:356 [36]  (0.000 ns)
	'add' operation 32 bit ('kci', ../gen/UpConv_Unified.tpp:102->../gen/UpConv_Unified.tpp:356) [84]  (1.016 ns)
	'icmp' operation 1 bit ('icmp_ln103', ../gen/UpConv_Unified.tpp:103->../gen/UpConv_Unified.tpp:356) [85]  (1.016 ns)
	'select' operation 32 bit ('kci', ../gen/UpConv_Unified.tpp:103->../gen/UpConv_Unified.tpp:356) [88]  (0.449 ns)
	'store' operation 0 bit ('kci_write_ln95', ../gen/UpConv_Unified.tpp:95->../gen/UpConv_Unified.tpp:356) of variable 'kci', ../gen/UpConv_Unified.tpp:103->../gen/UpConv_Unified.tpp:356 on local variable 'kci', ../gen/UpConv_Unified.tpp:95->../gen/UpConv_Unified.tpp:356 [90]  (0.427 ns)

Resolution: For help on HLS 200-1016 see docs.xilinx.com/access/sources/dita/topic?Doc_Version=2024.2%20English&url=ug1448-hls-guidance&resourceid=200-1016.html
INFO: [SCHED 204-11] Finished scheduling.
INFO: [HLS 200-111] Finished Scheduling: CPU user time: 0.05 seconds. CPU system time: 0 seconds. Elapsed time: 0.05 seconds; current allocated memory: 469.031 MB.
INFO: [BIND 205-100] Starting micro-architecture generation ...
INFO: [BIND 205-101] Performing variable lifetime analysis.
INFO: [BIND 205-101] Exploring resource sharing.
INFO: [BIND 205-101] Binding ...
INFO: [BIND 205-100] Finished micro-architecture generation.
INFO: [HLS 200-111] Finished Binding: CPU user time: 0.02 seconds. CPU system time: 0 seconds. Elapsed time: 0.02 seconds; current allocated memory: 469.031 MB.
INFO: [HLS 200-10] ----------------------------------------------------------------
INFO: [HLS 200-42] -- Implementing module 'UpConv_Fused_Row_8_Pipeline_FLAT_LOOP' 
INFO: [HLS 200-10] ----------------------------------------------------------------
INFO: [SCHED 204-11] Starting scheduling ...
WARNING: [HLS 200-2042] Usage of URAM can potentially cause worse II as Vitis HLS does not exploit read-first mode for URAMs. Consider using BRAMs instead.
WARNING: [HLS 200-2042] Usage of URAM can potentially cause worse II as Vitis HLS does not exploit read-first mode for URAMs. Consider using BRAMs instead.
WARNING: [HLS 200-2042] Usage of URAM can potentially cause worse II as Vitis HLS does not exploit read-first mode for URAMs. Consider using BRAMs instead.
WARNING: [HLS 200-2042] Usage of URAM can potentially cause worse II as Vitis HLS does not exploit read-first mode for URAMs. Consider using BRAMs instead.
WARNING: [HLS 200-2042] Usage of URAM can potentially cause worse II as Vitis HLS does not exploit read-first mode for URAMs. Consider using BRAMs instead.
WARNING: [HLS 200-2042] Usage of URAM can potentially cause worse II as Vitis HLS does not exploit read-first mode for URAMs. Consider using BRAMs instead.
WARNING: [HLS 200-2042] Usage of URAM can potentially cause worse II as Vitis HLS does not exploit read-first mode for URAMs. Consider using BRAMs instead.
WARNING: [HLS 200-2042] Usage of URAM can potentially cause worse II as Vitis HLS does not exploit read-first mode for URAMs. Consider using BRAMs instead.
WARNING: [HLS 200-2042] Usage of URAM can potentially cause worse II as Vitis HLS does not exploit read-first mode for URAMs. Consider using BRAMs instead.
WARNING: [HLS 200-2042] Usage of URAM can potentially cause worse II as Vitis HLS does not exploit read-first mode for URAMs. Consider using BRAMs instead.
WARNING: [HLS 200-2042] Usage of URAM can potentially cause worse II as Vitis HLS does not exploit read-first mode for URAMs. Consider using BRAMs instead.
WARNING: [HLS 200-2042] Usage of URAM can potentially cause worse II as Vitis HLS does not exploit read-first mode for URAMs. Consider using BRAMs instead.
WARNING: [HLS 200-2042] Usage of URAM can potentially cause worse II as Vitis HLS does not exploit read-first mode for URAMs. Consider using BRAMs instead.
WARNING: [HLS 200-2042] Usage of URAM can potentially cause worse II as Vitis HLS does not exploit read-first mode for URAMs. Consider using BRAMs instead.
WARNING: [HLS 200-2042] Usage of URAM can potentially cause worse II as Vitis HLS does not exploit read-first mode for URAMs. Consider using BRAMs instead.
WARNING: [HLS 200-2042] Usage of URAM can potentially cause worse II as Vitis HLS does not exploit read-first mode for URAMs. Consider using BRAMs instead.
WARNING: [HLS 200-2042] Usage of URAM can potentially cause worse II as Vitis HLS does not exploit read-first mode for URAMs. Consider using BRAMs instead.
WARNING: [HLS 200-2042] Usage of URAM can potentially cause worse II as Vitis HLS does not exploit read-first mode for URAMs. Consider using BRAMs instead.
WARNING: [HLS 200-2042] Usage of URAM can potentially cause worse II as Vitis HLS does not exploit read-first mode for URAMs. Consider using BRAMs instead.
WARNING: [HLS 200-2042] Usage of URAM can potentially cause worse II as Vitis HLS does not exploit read-first mode for URAMs. Consider using BRAMs instead.
WARNING: [HLS 200-2042] Usage of URAM can potentially cause worse II as Vitis HLS does not exploit read-first mode for URAMs. Consider using BRAMs instead.
WARNING: [HLS 200-2042] Usage of URAM can potentially cause worse II as Vitis HLS does not exploit read-first mode for URAMs. Consider using BRAMs instead.
WARNING: [HLS 200-2042] Usage of URAM can potentially cause worse II as Vitis HLS does not exploit read-first mode for URAMs. Consider using BRAMs instead.
WARNING: [HLS 200-2042] Usage of URAM can potentially cause worse II as Vitis HLS does not exploit read-first mode for URAMs. Consider using BRAMs instead.
WARNING: [HLS 200-2042] Usage of URAM can potentially cause worse II as Vitis HLS does not exploit read-first mode for URAMs. Consider using BRAMs instead.
WARNING: [HLS 200-2042] Usage of URAM can potentially cause worse II as Vitis HLS does not exploit read-first mode for URAMs. Consider using BRAMs instead.
WARNING: [HLS 200-2042] Usage of URAM can potentially cause worse II as Vitis HLS does not exploit read-first mode for URAMs. Consider using BRAMs instead.
WARNING: [HLS 200-2042] Usage of URAM can potentially cause worse II as Vitis HLS does not exploit read-first mode for URAMs. Consider using BRAMs instead.
WARNING: [HLS 200-2042] Usage of URAM can potentially cause worse II as Vitis HLS does not exploit read-first mode for URAMs. Consider using BRAMs instead.
WARNING: [HLS 200-2042] Usage of URAM can potentially cause worse II as Vitis HLS does not exploit read-first mode for URAMs. Consider using BRAMs instead.
WARNING: [HLS 200-2042] Usage of URAM can potentially cause worse II as Vitis HLS does not exploit read-first mode for URAMs. Consider using BRAMs instead.
WARNING: [HLS 200-2042] Usage of URAM can potentially cause worse II as Vitis HLS does not exploit read-first mode for URAMs. Consider using BRAMs instead.
WARNING: [HLS 200-2042] Usage of URAM can potentially cause worse II as Vitis HLS does not exploit read-first mode for URAMs. Consider using BRAMs instead.
INFO: [SCHED 204-61] Pipelining loop 'FLAT_LOOP'.
INFO: [HLS 200-1470] Pipelining result : Target II = 1, Final II = 1, Depth = 115, loop 'FLAT_LOOP'
INFO: [SCHED 204-11] Finished scheduling.
INFO: [HLS 200-111] Finished Scheduling: CPU user time: 0.5 seconds. CPU system time: 0.02 seconds. Elapsed time: 0.51 seconds; current allocated memory: 479.141 MB.
INFO: [BIND 205-100] Starting micro-architecture generation ...
INFO: [BIND 205-101] Performing variable lifetime analysis.
INFO: [BIND 205-101] Exploring resource sharing.
INFO: [BIND 205-101] Binding ...
INFO: [BIND 205-100] Finished micro-architecture generation.
INFO: [HLS 200-111] Finished Binding: CPU user time: 0.16 seconds. CPU system time: 0 seconds. Elapsed time: 0.16 seconds; current allocated memory: 480.117 MB.
INFO: [HLS 200-10] ----------------------------------------------------------------
INFO: [HLS 200-42] -- Implementing module 'UpConv_Fused_Row_8_Pipeline_PIXEL_STATS' 
INFO: [HLS 200-10] ----------------------------------------------------------------
INFO: [SCHED 204-11] Starting scheduling ...
WARNING: [HLS 200-2042] Usage of URAM can potentially cause worse II as Vitis HLS does not exploit read-first mode for URAMs. Consider using BRAMs instead.
WARNING: [HLS 200-2042] Usage of URAM can potentially cause worse II as Vitis HLS does not exploit read-first mode for URAMs. Consider using BRAMs instead.
WARNING: [HLS 200-2042] Usage of URAM can potentially cause worse II as Vitis HLS does not exploit read-first mode for URAMs. Consider using BRAMs instead.
WARNING: [HLS 200-2042] Usage of URAM can potentially cause worse II as Vitis HLS does not exploit read-first mode for URAMs. Consider using BRAMs instead.
WARNING: [HLS 200-2042] Usage of URAM can potentially cause worse II as Vitis HLS does not exploit read-first mode for URAMs. Consider using BRAMs instead.
WARNING: [HLS 200-2042] Usage of URAM can potentially cause worse II as Vitis HLS does not exploit read-first mode for URAMs. Consider using BRAMs instead.
WARNING: [HLS 200-2042] Usage of URAM can potentially cause worse II as Vitis HLS does not exploit read-first mode for URAMs. Consider using BRAMs instead.
WARNING: [HLS 200-2042] Usage of URAM can potentially cause worse II as Vitis HLS does not exploit read-first mode for URAMs. Consider using BRAMs instead.
WARNING: [HLS 200-2042] Usage of URAM can potentially cause worse II as Vitis HLS does not exploit read-first mode for URAMs. Consider using BRAMs instead.
WARNING: [HLS 200-2042] Usage of URAM can potentially cause worse II as Vitis HLS does not exploit read-first mode for URAMs. Consider using BRAMs instead.
WARNING: [HLS 200-2042] Usage of URAM can potentially cause worse II as Vitis HLS does not exploit read-first mode for URAMs. Consider using BRAMs instead.
WARNING: [HLS 200-2042] Usage of URAM can potentially cause worse II as Vitis HLS does not exploit read-first mode for URAMs. Consider using BRAMs instead.
WARNING: [HLS 200-2042] Usage of URAM can potentially cause worse II as Vitis HLS does not exploit read-first mode for URAMs. Consider using BRAMs instead.
WARNING: [HLS 200-2042] Usage of URAM can potentially cause worse II as Vitis HLS does not exploit read-first mode for URAMs. Consider using BRAMs instead.
WARNING: [HLS 200-2042] Usage of URAM can potentially cause worse II as Vitis HLS does not exploit read-first mode for URAMs. Consider using BRAMs instead.
WARNING: [HLS 200-2042] Usage of URAM can potentially cause worse II as Vitis HLS does not exploit read-first mode for URAMs. Consider using BRAMs instead.
WARNING: [HLS 200-2042] Usage of URAM can potentially cause worse II as Vitis HLS does not exploit read-first mode for URAMs. Consider using BRAMs instead.
WARNING: [HLS 200-2042] Usage of URAM can potentially cause worse II as Vitis HLS does not exploit read-first mode for URAMs. Consider using BRAMs instead.
WARNING: [HLS 200-2042] Usage of URAM can potentially cause worse II as Vitis HLS does not exploit read-first mode for URAMs. Consider using BRAMs instead.
WARNING: [HLS 200-2042] Usage of URAM can potentially cause worse II as Vitis HLS does not exploit read-first mode for URAMs. Consider using BRAMs instead.
WARNING: [HLS 200-2042] Usage of URAM can potentially cause worse II as Vitis HLS does not exploit read-first mode for URAMs. Consider using BRAMs instead.
WARNING: [HLS 200-2042] Usage of URAM can potentially cause worse II as Vitis HLS does not exploit read-first mode for URAMs. Consider using BRAMs instead.
WARNING: [HLS 200-2042] Usage of URAM can potentially cause worse II as Vitis HLS does not exploit read-first mode for URAMs. Consider using BRAMs instead.
WARNING: [HLS 200-2042] Usage of URAM can potentially cause worse II as Vitis HLS does not exploit read-first mode for URAMs. Consider using BRAMs instead.
WARNING: [HLS 200-2042] Usage of URAM can potentially cause worse II as Vitis HLS does not exploit read-first mode for URAMs. Consider using BRAMs instead.
WARNING: [HLS 200-2042] Usage of URAM can potentially cause worse II as Vitis HLS does not exploit read-first mode for URAMs. Consider using BRAMs instead.
WARNING: [HLS 200-2042] Usage of URAM can potentially cause worse II as Vitis HLS does not exploit read-first mode for URAMs. Consider using BRAMs instead.
WARNING: [HLS 200-2042] Usage of URAM can potentially cause worse II as Vitis HLS does not exploit read-first mode for URAMs. Consider using BRAMs instead.
WARNING: [HLS 200-2042] Usage of URAM can potentially cause worse II as Vitis HLS does not exploit read-first mode for URAMs. Consider using BRAMs instead.
WARNING: [HLS 200-2042] Usage of URAM can potentially cause worse II as Vitis HLS does not exploit read-first mode for URAMs. Consider using BRAMs instead.
WARNING: [HLS 200-2042] Usage of URAM can potentially cause worse II as Vitis HLS does not exploit read-first mode for URAMs. Consider using BRAMs instead.
WARNING: [HLS 200-2042] Usage of URAM can potentially cause worse II as Vitis HLS does not exploit read-first mode for URAMs. Consider using BRAMs instead.
INFO: [SCHED 204-61] Pipelining loop 'PIXEL_STATS'.
INFO: [HLS 200-1470] Pipelining result : Target II = 1, Final II = 1, Depth = 208, loop 'PIXEL_STATS'
INFO: [SCHED 204-11] Finished scheduling.
INFO: [HLS 200-111] Finished Scheduling: CPU user time: 0.3 seconds. CPU system time: 0.02 seconds. Elapsed time: 0.32 seconds; current allocated memory: 484.859 MB.
INFO: [BIND 205-100] Starting micro-architecture generation ...
INFO: [BIND 205-101] Performing variable lifetime analysis.
INFO: [BIND 205-101] Exploring resource sharing.
INFO: [BIND 205-101] Binding ...
INFO: [BIND 205-100] Finished micro-architecture generation.
INFO: [HLS 200-111] Finished Binding: CPU user time: 0.06 seconds. CPU system time: 0 seconds. Elapsed time: 0.06 seconds; current allocated memory: 484.859 MB.
INFO: [HLS 200-10] ----------------------------------------------------------------
INFO: [HLS 200-42] -- Implementing module 'UpConv_Fused_Row_8_Pipeline_PIXEL_NORM' 
INFO: [HLS 200-10] ----------------------------------------------------------------
INFO: [SCHED 204-11] Starting scheduling ...
WARNING: [HLS 200-2042] Usage of URAM can potentially cause worse II as Vitis HLS does not exploit read-first mode for URAMs. Consider using BRAMs instead.
WARNING: [HLS 200-2042] Usage of URAM can potentially cause worse II as Vitis HLS does not exploit read-first mode for URAMs. Consider using BRAMs instead.
WARNING: [HLS 200-2042] Usage of URAM can potentially cause worse II as Vitis HLS does not exploit read-first mode for URAMs. Consider using BRAMs instead.
WARNING: [HLS 200-2042] Usage of URAM can potentially cause worse II as Vitis HLS does not exploit read-first mode for URAMs. Consider using BRAMs instead.
WARNING: [HLS 200-2042] Usage of URAM can potentially cause worse II as Vitis HLS does not exploit read-first mode for URAMs. Consider using BRAMs instead.
WARNING: [HLS 200-2042] Usage of URAM can potentially cause worse II as Vitis HLS does not exploit read-first mode for URAMs. Consider using BRAMs instead.
WARNING: [HLS 200-2042] Usage of URAM can potentially cause worse II as Vitis HLS does not exploit read-first mode for URAMs. Consider using BRAMs instead.
WARNING: [HLS 200-2042] Usage of URAM can potentially cause worse II as Vitis HLS does not exploit read-first mode for URAMs. Consider using BRAMs instead.
WARNING: [HLS 200-2042] Usage of URAM can potentially cause worse II as Vitis HLS does not exploit read-first mode for URAMs. Consider using BRAMs instead.
WARNING: [HLS 200-2042] Usage of URAM can potentially cause worse II as Vitis HLS does not exploit read-first mode for URAMs. Consider using BRAMs instead.
WARNING: [HLS 200-2042] Usage of URAM can potentially cause worse II as Vitis HLS does not exploit read-first mode for URAMs. Consider using BRAMs instead.
WARNING: [HLS 200-2042] Usage of URAM can potentially cause worse II as Vitis HLS does not exploit read-first mode for URAMs. Consider using BRAMs instead.
WARNING: [HLS 200-2042] Usage of URAM can potentially cause worse II as Vitis HLS does not exploit read-first mode for URAMs. Consider using BRAMs instead.
WARNING: [HLS 200-2042] Usage of URAM can potentially cause worse II as Vitis HLS does not exploit read-first mode for URAMs. Consider using BRAMs instead.
WARNING: [HLS 200-2042] Usage of URAM can potentially cause worse II as Vitis HLS does not exploit read-first mode for URAMs. Consider using BRAMs instead.
WARNING: [HLS 200-2042] Usage of URAM can potentially cause worse II as Vitis HLS does not exploit read-first mode for URAMs. Consider using BRAMs instead.
INFO: [SCHED 204-61] Pipelining loop 'PIXEL_NORM'.
INFO: [HLS 200-1470] Pipelining result : Target II = 1, Final II = 1, Depth = 26, loop 'PIXEL_NORM'
INFO: [SCHED 204-11] Finished scheduling.
INFO: [HLS 200-111] Finished Scheduling: CPU user time: 0.2 seconds. CPU system time: 0.01 seconds. Elapsed time: 0.22 seconds; current allocated memory: 488.312 MB.
INFO: [BIND 205-100] Starting micro-architecture generation ...
INFO: [BIND 205-101] Performing variable lifetime analysis.
INFO: [BIND 205-101] Exploring resource sharing.
INFO: [BIND 205-101] Binding ...
INFO: [BIND 205-100] Finished micro-architecture generation.
INFO: [HLS 200-111] Finished Binding: CPU user time: 0.05 seconds. CPU system time: 0.01 seconds. Elapsed time: 0.05 seconds; current allocated memory: 488.715 MB.
INFO: [HLS 200-10] ----------------------------------------------------------------
INFO: [HLS 200-42] -- Implementing module 'UpConv_Fused_Row_8_s' 
INFO: [HLS 200-10] ----------------------------------------------------------------
INFO: [SCHED 204-11] Starting scheduling ...
INFO: [SCHED 204-11] Finished scheduling.
INFO: [HLS 200-111] Finished Scheduling: CPU user time: 0.12 seconds. CPU system time: 0 seconds. Elapsed time: 0.13 seconds; current allocated memory: 490.457 MB.
INFO: [BIND 205-100] Starting micro-architecture generation ...
INFO: [BIND 205-101] Performing variable lifetime analysis.
INFO: [BIND 205-101] Exploring resource sharing.
INFO: [BIND 205-101] Binding ...
INFO: [BIND 205-100] Finished micro-architecture generation.
INFO: [HLS 200-111] Finished Binding: CPU user time: 0.06 seconds. CPU system time: 0 seconds. Elapsed time: 0.06 seconds; current allocated memory: 491.031 MB.
INFO: [HLS 200-10] ----------------------------------------------------------------
INFO: [HLS 200-42] -- Implementing module 'upconv_core_top_Pipeline_LOAD_ROW' 
INFO: [HLS 200-10] ----------------------------------------------------------------
INFO: [SCHED 204-11] Starting scheduling ...
WARNING: [HLS 200-2042] Usage of URAM can potentially cause worse II as Vitis HLS does not exploit read-first mode for URAMs. Consider using BRAMs instead.
INFO: [SCHED 204-61] Pipelining loop 'LOAD_ROW'.
INFO: [HLS 200-1470] Pipelining result : Target II = 1, Final II = 1, Depth = 12, loop 'LOAD_ROW'
INFO: [SCHED 204-11] Finished scheduling.
INFO: [HLS 200-111] Finished Scheduling: CPU user time: 0.09 seconds. CPU system time: 0.01 seconds. Elapsed time: 0.09 seconds; current allocated memory: 492.266 MB.
INFO: [BIND 205-100] Starting micro-architecture generation ...
INFO: [BIND 205-101] Performing variable lifetime analysis.
INFO: [BIND 205-101] Exploring resource sharing.
INFO: [BIND 205-101] Binding ...
INFO: [BIND 205-100] Finished micro-architecture generation.
INFO: [HLS 200-111] Finished Binding: CPU user time: 0.02 seconds. CPU system time: 0 seconds. Elapsed time: 0.03 seconds; current allocated memory: 492.266 MB.
INFO: [HLS 200-10] ----------------------------------------------------------------
INFO: [HLS 200-42] -- Implementing module 'upconv_core_top' 
INFO: [HLS 200-10] ----------------------------------------------------------------
INFO: [SCHED 204-11] Starting scheduling ...
INFO: [SCHED 204-11] Finished scheduling.
INFO: [HLS 200-111] Finished Scheduling: CPU user time: 0.06 seconds. CPU system time: 0 seconds. Elapsed time: 0.06 seconds; current allocated memory: 492.758 MB.
INFO: [BIND 205-100] Starting micro-architecture generation ...
INFO: [BIND 205-101] Performing variable lifetime analysis.
INFO: [BIND 205-101] Exploring resource sharing.
INFO: [BIND 205-101] Binding ...
INFO: [BIND 205-100] Finished micro-architecture generation.
INFO: [HLS 200-111] Finished Binding: CPU user time: 0.05 seconds. CPU system time: 0.01 seconds. Elapsed time: 0.05 seconds; current allocated memory: 493.023 MB.
INFO: [HLS 200-10] ----------------------------------------------------------------
INFO: [HLS 200-10] -- Generating RTL for module 'upconv_core_top_Pipeline_LOAD_B' 
INFO: [HLS 200-10] ----------------------------------------------------------------
INFO: [HLS 200-1030] Apply Unified Pipeline Control on module 'upconv_core_top_Pipeline_LOAD_B' pipeline 'LOAD_B' pipeline type 'loop pipeline'
WARNING: [RTGEN 206-101] Setting dangling out port 'upconv_core_top_Pipeline_LOAD_B/m_axi_gmem_param_0_ARVALID' to 0.
WARNING: [RTGEN 206-101] Setting dangling out port 'upconv_core_top_Pipeline_LOAD_B/m_axi_gmem_param_0_ARADDR' to 0.
WARNING: [RTGEN 206-101] Setting dangling out port 'upconv_core_top_Pipeline_LOAD_B/m_axi_gmem_param_0_ARID' to 0.
WARNING: [RTGEN 206-101] Setting dangling out port 'upconv_core_top_Pipeline_LOAD_B/m_axi_gmem_param_0_ARLEN' to 0.
WARNING: [RTGEN 206-101] Setting dangling out port 'upconv_core_top_Pipeline_LOAD_B/m_axi_gmem_param_0_ARSIZE' to 0.
WARNING: [RTGEN 206-101] Setting dangling out port 'upconv_core_top_Pipeline_LOAD_B/m_axi_gmem_param_0_ARBURST' to 0.
WARNING: [RTGEN 206-101] Setting dangling out port 'upconv_core_top_Pipeline_LOAD_B/m_axi_gmem_param_0_ARLOCK' to 0.
WARNING: [RTGEN 206-101] Setting dangling out port 'upconv_core_top_Pipeline_LOAD_B/m_axi_gmem_param_0_ARCACHE' to 0.
WARNING: [RTGEN 206-101] Setting dangling out port 'upconv_core_top_Pipeline_LOAD_B/m_axi_gmem_param_0_ARPROT' to 0.
WARNING: [RTGEN 206-101] Setting dangling out port 'upconv_core_top_Pipeline_LOAD_B/m_axi_gmem_param_0_ARQOS' to 0.
WARNING: [RTGEN 206-101] Setting dangling out port 'upconv_core_top_Pipeline_LOAD_B/m_axi_gmem_param_0_ARREGION' to 0.
WARNING: [RTGEN 206-101] Setting dangling out port 'upconv_core_top_Pipeline_LOAD_B/m_axi_gmem_param_0_ARUSER' to 0.
INFO: [RTGEN 206-100] Finished creating RTL model for 'upconv_core_top_Pipeline_LOAD_B'.
INFO: [HLS 200-111] Finished Creating RTL model: CPU user time: 0.13 seconds. CPU system time: 0.01 seconds. Elapsed time: 0.14 seconds; current allocated memory: 493.551 MB.
INFO: [HLS 200-10] ----------------------------------------------------------------
INFO: [HLS 200-10] -- Generating RTL for module 'upconv_core_top_Pipeline_LOAD_G' 
INFO: [HLS 200-10] ----------------------------------------------------------------
INFO: [HLS 200-1030] Apply Unified Pipeline Control on module 'upconv_core_top_Pipeline_LOAD_G' pipeline 'LOAD_G' pipeline type 'loop pipeline'
WARNING: [RTGEN 206-101] Setting dangling out port 'upconv_core_top_Pipeline_LOAD_G/m_axi_gmem_param_0_ARVALID' to 0.
WARNING: [RTGEN 206-101] Setting dangling out port 'upconv_core_top_Pipeline_LOAD_G/m_axi_gmem_param_0_ARADDR' to 0.
WARNING: [RTGEN 206-101] Setting dangling out port 'upconv_core_top_Pipeline_LOAD_G/m_axi_gmem_param_0_ARID' to 0.
WARNING: [RTGEN 206-101] Setting dangling out port 'upconv_core_top_Pipeline_LOAD_G/m_axi_gmem_param_0_ARLEN' to 0.
WARNING: [RTGEN 206-101] Setting dangling out port 'upconv_core_top_Pipeline_LOAD_G/m_axi_gmem_param_0_ARSIZE' to 0.
WARNING: [RTGEN 206-101] Setting dangling out port 'upconv_core_top_Pipeline_LOAD_G/m_axi_gmem_param_0_ARBURST' to 0.
WARNING: [RTGEN 206-101] Setting dangling out port 'upconv_core_top_Pipeline_LOAD_G/m_axi_gmem_param_0_ARLOCK' to 0.
WARNING: [RTGEN 206-101] Setting dangling out port 'upconv_core_top_Pipeline_LOAD_G/m_axi_gmem_param_0_ARCACHE' to 0.
WARNING: [RTGEN 206-101] Setting dangling out port 'upconv_core_top_Pipeline_LOAD_G/m_axi_gmem_param_0_ARPROT' to 0.
WARNING: [RTGEN 206-101] Setting dangling out port 'upconv_core_top_Pipeline_LOAD_G/m_axi_gmem_param_0_ARQOS' to 0.
WARNING: [RTGEN 206-101] Setting dangling out port 'upconv_core_top_Pipeline_LOAD_G/m_axi_gmem_param_0_ARREGION' to 0.
WARNING: [RTGEN 206-101] Setting dangling out port 'upconv_core_top_Pipeline_LOAD_G/m_axi_gmem_param_0_ARUSER' to 0.
INFO: [RTGEN 206-100] Finished creating RTL model for 'upconv_core_top_Pipeline_LOAD_G'.
INFO: [HLS 200-111] Finished Creating RTL model: CPU user time: 0.1 seconds. CPU system time: 0 seconds. Elapsed time: 0.11 seconds; current allocated memory: 494.492 MB.
INFO: [HLS 200-10] ----------------------------------------------------------------
INFO: [HLS 200-10] -- Generating RTL for module 'upconv_core_top_Pipeline_LOAD_BE' 
INFO: [HLS 200-10] ----------------------------------------------------------------
INFO: [HLS 200-1030] Apply Unified Pipeline Control on module 'upconv_core_top_Pipeline_LOAD_BE' pipeline 'LOAD_BE' pipeline type 'loop pipeline'
WARNING: [RTGEN 206-101] Setting dangling out port 'upconv_core_top_Pipeline_LOAD_BE/m_axi_gmem_param_0_ARVALID' to 0.
WARNING: [RTGEN 206-101] Setting dangling out port 'upconv_core_top_Pipeline_LOAD_BE/m_axi_gmem_param_0_ARADDR' to 0.
WARNING: [RTGEN 206-101] Setting dangling out port 'upconv_core_top_Pipeline_LOAD_BE/m_axi_gmem_param_0_ARID' to 0.
WARNING: [RTGEN 206-101] Setting dangling out port 'upconv_core_top_Pipeline_LOAD_BE/m_axi_gmem_param_0_ARLEN' to 0.
WARNING: [RTGEN 206-101] Setting dangling out port 'upconv_core_top_Pipeline_LOAD_BE/m_axi_gmem_param_0_ARSIZE' to 0.
WARNING: [RTGEN 206-101] Setting dangling out port 'upconv_core_top_Pipeline_LOAD_BE/m_axi_gmem_param_0_ARBURST' to 0.
WARNING: [RTGEN 206-101] Setting dangling out port 'upconv_core_top_Pipeline_LOAD_BE/m_axi_gmem_param_0_ARLOCK' to 0.
WARNING: [RTGEN 206-101] Setting dangling out port 'upconv_core_top_Pipeline_LOAD_BE/m_axi_gmem_param_0_ARCACHE' to 0.
WARNING: [RTGEN 206-101] Setting dangling out port 'upconv_core_top_Pipeline_LOAD_BE/m_axi_gmem_param_0_ARPROT' to 0.
WARNING: [RTGEN 206-101] Setting dangling out port 'upconv_core_top_Pipeline_LOAD_BE/m_axi_gmem_param_0_ARQOS' to 0.
WARNING: [RTGEN 206-101] Setting dangling out port 'upconv_core_top_Pipeline_LOAD_BE/m_axi_gmem_param_0_ARREGION' to 0.
WARNING: [RTGEN 206-101] Setting dangling out port 'upconv_core_top_Pipeline_LOAD_BE/m_axi_gmem_param_0_ARUSER' to 0.
INFO: [RTGEN 206-100] Finished creating RTL model for 'upconv_core_top_Pipeline_LOAD_BE'.
INFO: [HLS 200-111] Finished Creating RTL model: CPU user time: 0.09 seconds. CPU system time: 0 seconds. Elapsed time: 0.1 seconds; current allocated memory: 495.441 MB.
INFO: [HLS 200-10] ----------------------------------------------------------------
INFO: [HLS 200-10] -- Generating RTL for module 'upconv_core_top_Pipeline_LOAD_ROW0' 
INFO: [HLS 200-10] ----------------------------------------------------------------
INFO: [HLS 200-1030] Apply Unified Pipeline Control on module 'upconv_core_top_Pipeline_LOAD_ROW0' pipeline 'LOAD_ROW0' pipeline type 'loop pipeline'
WARNING: [RTGEN 206-101] Setting dangling out port 'upconv_core_top_Pipeline_LOAD_ROW0/m_axi_gmem_in_0_ARVALID' to 0.
WARNING: [RTGEN 206-101] Setting dangling out port 'upconv_core_top_Pipeline_LOAD_ROW0/m_axi_gmem_in_0_ARADDR' to 0.
WARNING: [RTGEN 206-101] Setting dangling out port 'upconv_core_top_Pipeline_LOAD_ROW0/m_axi_gmem_in_0_ARID' to 0.
WARNING: [RTGEN 206-101] Setting dangling out port 'upconv_core_top_Pipeline_LOAD_ROW0/m_axi_gmem_in_0_ARLEN' to 0.
WARNING: [RTGEN 206-101] Setting dangling out port 'upconv_core_top_Pipeline_LOAD_ROW0/m_axi_gmem_in_0_ARSIZE' to 0.
WARNING: [RTGEN 206-101] Setting dangling out port 'upconv_core_top_Pipeline_LOAD_ROW0/m_axi_gmem_in_0_ARBURST' to 0.
WARNING: [RTGEN 206-101] Setting dangling out port 'upconv_core_top_Pipeline_LOAD_ROW0/m_axi_gmem_in_0_ARLOCK' to 0.
WARNING: [RTGEN 206-101] Setting dangling out port 'upconv_core_top_Pipeline_LOAD_ROW0/m_axi_gmem_in_0_ARCACHE' to 0.
WARNING: [RTGEN 206-101] Setting dangling out port 'upconv_core_top_Pipeline_LOAD_ROW0/m_axi_gmem_in_0_ARPROT' to 0.
WARNING: [RTGEN 206-101] Setting dangling out port 'upconv_core_top_Pipeline_LOAD_ROW0/m_axi_gmem_in_0_ARQOS' to 0.
WARNING: [RTGEN 206-101] Setting dangling out port 'upconv_core_top_Pipeline_LOAD_ROW0/m_axi_gmem_in_0_ARREGION' to 0.
WARNING: [RTGEN 206-101] Setting dangling out port 'upconv_core_top_Pipeline_LOAD_ROW0/m_axi_gmem_in_0_ARUSER' to 0.
INFO: [RTGEN 206-100] Finished creating RTL model for 'upconv_core_top_Pipeline_LOAD_ROW0'.
INFO: [HLS 200-111] Finished Creating RTL model: CPU user time: 0.12 seconds. CPU system time: 0.01 seconds. Elapsed time: 0.13 seconds; current allocated memory: 496.355 MB.
INFO: [HLS 200-10] ----------------------------------------------------------------
INFO: [HLS 200-10] -- Generating RTL for module 'UpConv_Fused_Row_8_Pipeline_RESET_ROW_ACC' 
INFO: [HLS 200-10] ----------------------------------------------------------------
INFO: [HLS 200-1030] Apply Unified Pipeline Control on module 'UpConv_Fused_Row_8_Pipeline_RESET_ROW_ACC' pipeline 'RESET_ROW_ACC' pipeline type 'loop pipeline'
INFO: [RTGEN 206-100] Finished creating RTL model for 'UpConv_Fused_Row_8_Pipeline_RESET_ROW_ACC'.
INFO: [HLS 200-111] Finished Creating RTL model: CPU user time: 0.06 seconds. CPU system time: 0 seconds. Elapsed time: 0.06 seconds; current allocated memory: 497.805 MB.
INFO: [HLS 200-10] ----------------------------------------------------------------
INFO: [HLS 200-10] -- Generating RTL for module 'UpConv_Fused_Row_8_Pipeline_PRELOAD_W' 
INFO: [HLS 200-10] ----------------------------------------------------------------
INFO: [HLS 200-1030] Apply Unified Pipeline Control on module 'UpConv_Fused_Row_8_Pipeline_PRELOAD_W' pipeline 'PRELOAD_W' pipeline type 'loop pipeline'
WARNING: [RTGEN 206-101] Setting dangling out port 'UpConv_Fused_Row_8_Pipeline_PRELOAD_W/m_axi_gmem_weight_0_ARVALID' to 0.
WARNING: [RTGEN 206-101] Setting dangling out port 'UpConv_Fused_Row_8_Pipeline_PRELOAD_W/m_axi_gmem_weight_0_ARADDR' to 0.
WARNING: [RTGEN 206-101] Setting dangling out port 'UpConv_Fused_Row_8_Pipeline_PRELOAD_W/m_axi_gmem_weight_0_ARID' to 0.
WARNING: [RTGEN 206-101] Setting dangling out port 'UpConv_Fused_Row_8_Pipeline_PRELOAD_W/m_axi_gmem_weight_0_ARLEN' to 0.
WARNING: [RTGEN 206-101] Setting dangling out port 'UpConv_Fused_Row_8_Pipeline_PRELOAD_W/m_axi_gmem_weight_0_ARSIZE' to 0.
WARNING: [RTGEN 206-101] Setting dangling out port 'UpConv_Fused_Row_8_Pipeline_PRELOAD_W/m_axi_gmem_weight_0_ARBURST' to 0.
WARNING: [RTGEN 206-101] Setting dangling out port 'UpConv_Fused_Row_8_Pipeline_PRELOAD_W/m_axi_gmem_weight_0_ARLOCK' to 0.
WARNING: [RTGEN 206-101] Setting dangling out port 'UpConv_Fused_Row_8_Pipeline_PRELOAD_W/m_axi_gmem_weight_0_ARCACHE' to 0.
WARNING: [RTGEN 206-101] Setting dangling out port 'UpConv_Fused_Row_8_Pipeline_PRELOAD_W/m_axi_gmem_weight_0_ARPROT' to 0.
WARNING: [RTGEN 206-101] Setting dangling out port 'UpConv_Fused_Row_8_Pipeline_PRELOAD_W/m_axi_gmem_weight_0_ARQOS' to 0.
WARNING: [RTGEN 206-101] Setting dangling out port 'UpConv_Fused_Row_8_Pipeline_PRELOAD_W/m_axi_gmem_weight_0_ARREGION' to 0.
WARNING: [RTGEN 206-101] Setting dangling out port 'UpConv_Fused_Row_8_Pipeline_PRELOAD_W/m_axi_gmem_weight_0_ARUSER' to 0.
INFO: [RTGEN 206-100] Finished creating RTL model for 'UpConv_Fused_Row_8_Pipeline_PRELOAD_W'.
INFO: [HLS 200-111] Finished Creating RTL model: CPU user time: 0.12 seconds. CPU system time: 0.01 seconds. Elapsed time: 0.14 seconds; current allocated memory: 499.844 MB.
INFO: [HLS 200-10] ----------------------------------------------------------------
INFO: [HLS 200-10] -- Generating RTL for module 'UpConv_Fused_Row_8_Pipeline_FLAT_LOOP' 
INFO: [HLS 200-10] ----------------------------------------------------------------
INFO: [HLS 200-1030] Apply Unified Pipeline Control on module 'UpConv_Fused_Row_8_Pipeline_FLAT_LOOP' pipeline 'FLAT_LOOP' pipeline type 'loop pipeline'
INFO: [RTGEN 206-104] Estimated max fanout for 'UpConv_Fused_Row_8_Pipeline_FLAT_LOOP' is 87032 from HDL expression: (1'b0 == ap_block_pp0_stage0_11001)
INFO: [RTGEN 206-100] Generating core module 'hadd_16ns_16ns_16_5_full_dsp_1': 168 instance(s).
INFO: [RTGEN 206-100] Generating core module 'hmul_16ns_16ns_16_4_max_dsp_1': 128 instance(s).
INFO: [RTGEN 206-100] Generating core module 'sparsemux_9_2_16_1_1': 8 instance(s).
INFO: [RTGEN 206-100] Finished creating RTL model for 'UpConv_Fused_Row_8_Pipeline_FLAT_LOOP'.
INFO: [HLS 200-111] Finished Creating RTL model: CPU user time: 0.77 seconds. CPU system time: 0.03 seconds. Elapsed time: 0.8 seconds; current allocated memory: 536.492 MB.
INFO: [HLS 200-10] ----------------------------------------------------------------
INFO: [HLS 200-10] -- Generating RTL for module 'UpConv_Fused_Row_8_Pipeline_PIXEL_STATS' 
INFO: [HLS 200-10] ----------------------------------------------------------------
INFO: [HLS 200-1030] Apply Unified Pipeline Control on module 'UpConv_Fused_Row_8_Pipeline_PIXEL_STATS' pipeline 'PIXEL_STATS' pipeline type 'loop pipeline'
INFO: [RTGEN 206-104] Estimated max fanout for 'UpConv_Fused_Row_8_Pipeline_PIXEL_STATS' is 12721 from HDL expression: (1'b0 == ap_block_pp0_stage0_11001)
INFO: [RTGEN 206-100] Generating core module 'fadd_32ns_32ns_32_11_full_dsp_1': 19 instance(s).
INFO: [RTGEN 206-100] Generating core module 'fdiv_32ns_32ns_32_30_no_dsp_1': 1 instance(s).
INFO: [RTGEN 206-100] Generating core module 'fmul_32ns_32ns_32_7_max_dsp_1': 4 instance(s).
INFO: [RTGEN 206-100] Generating core module 'fsqrt_32ns_32ns_32_28_no_dsp_1': 1 instance(s).
INFO: [RTGEN 206-100] Generating core module 'fsub_32ns_32ns_32_11_full_dsp_1': 1 instance(s).
INFO: [RTGEN 206-100] Generating core module 'hadd_16ns_16ns_16_5_full_dsp_1': 1 instance(s).
INFO: [RTGEN 206-100] Generating core module 'hptosp_16ns_32_2_no_dsp_1': 1 instance(s).
INFO: [RTGEN 206-100] Generating core module 'partselect_16ns_256ns_32s_16_1_1': 1 instance(s).
INFO: [RTGEN 206-100] Generating core module 'sparsemux_17_3_32_1_1': 2 instance(s).
INFO: [RTGEN 206-100] Generating core module 'sparsemux_33_4_16_1_1': 1 instance(s).
INFO: [RTGEN 206-100] Generating core module 'sptohp_32ns_16_2_no_dsp_1': 1 instance(s).
INFO: [RTGEN 206-100] Finished creating RTL model for 'UpConv_Fused_Row_8_Pipeline_PIXEL_STATS'.
INFO: [HLS 200-111] Finished Creating RTL model: CPU user time: 0.89 seconds. CPU system time: 0.04 seconds. Elapsed time: 0.94 seconds; current allocated memory: 560.469 MB.
INFO: [HLS 200-10] ----------------------------------------------------------------
INFO: [HLS 200-10] -- Generating RTL for module 'UpConv_Fused_Row_8_Pipeline_PIXEL_NORM' 
INFO: [HLS 200-10] ----------------------------------------------------------------
INFO: [HLS 200-1030] Apply Unified Pipeline Control on module 'UpConv_Fused_Row_8_Pipeline_PIXEL_NORM' pipeline 'PIXEL_NORM' pipeline type 'loop pipeline'
WARNING: [RTGEN 206-101] Setting dangling out port 'UpConv_Fused_Row_8_Pipeline_PIXEL_NORM/m_axi_gmem_out_0_AWVALID' to 0.
WARNING: [RTGEN 206-101] Setting dangling out port 'UpConv_Fused_Row_8_Pipeline_PIXEL_NORM/m_axi_gmem_out_0_AWADDR' to 0.
WARNING: [RTGEN 206-101] Setting dangling out port 'UpConv_Fused_Row_8_Pipeline_PIXEL_NORM/m_axi_gmem_out_0_AWID' to 0.
WARNING: [RTGEN 206-101] Setting dangling out port 'UpConv_Fused_Row_8_Pipeline_PIXEL_NORM/m_axi_gmem_out_0_AWLEN' to 0.
WARNING: [RTGEN 206-101] Setting dangling out port 'UpConv_Fused_Row_8_Pipeline_PIXEL_NORM/m_axi_gmem_out_0_AWSIZE' to 0.
WARNING: [RTGEN 206-101] Setting dangling out port 'UpConv_Fused_Row_8_Pipeline_PIXEL_NORM/m_axi_gmem_out_0_AWBURST' to 0.
WARNING: [RTGEN 206-101] Setting dangling out port 'UpConv_Fused_Row_8_Pipeline_PIXEL_NORM/m_axi_gmem_out_0_AWLOCK' to 0.
WARNING: [RTGEN 206-101] Setting dangling out port 'UpConv_Fused_Row_8_Pipeline_PIXEL_NORM/m_axi_gmem_out_0_AWCACHE' to 0.
WARNING: [RTGEN 206-101] Setting dangling out port 'UpConv_Fused_Row_8_Pipeline_PIXEL_NORM/m_axi_gmem_out_0_AWPROT' to 0.
WARNING: [RTGEN 206-101] Setting dangling out port 'UpConv_Fused_Row_8_Pipeline_PIXEL_NORM/m_axi_gmem_out_0_AWQOS' to 0.
WARNING: [RTGEN 206-101] Setting dangling out port 'UpConv_Fused_Row_8_Pipeline_PIXEL_NORM/m_axi_gmem_out_0_AWREGION' to 0.
WARNING: [RTGEN 206-101] Setting dangling out port 'UpConv_Fused_Row_8_Pipeline_PIXEL_NORM/m_axi_gmem_out_0_AWUSER' to 0.
WARNING: [RTGEN 206-101] Setting dangling out port 'UpConv_Fused_Row_8_Pipeline_PIXEL_NORM/m_axi_gmem_out_0_BREADY' to 0.
INFO: [RTGEN 206-100] Generating core module 'hadd_16ns_16ns_16_5_full_dsp_1': 16 instance(s).
INFO: [RTGEN 206-100] Generating core module 'hcmp_16ns_16ns_1_2_no_dsp_1': 16 instance(s).
INFO: [RTGEN 206-100] Generating core module 'hmul_16ns_16ns_16_4_max_dsp_1': 32 instance(s).
INFO: [RTGEN 206-100] Generating core module 'hsub_16ns_16ns_16_5_full_dsp_1': 16 instance(s).
INFO: [RTGEN 206-100] Generating core module 'sptohp_32ns_16_2_no_dsp_1': 1 instance(s).
INFO: [RTGEN 206-100] Finished creating RTL model for 'UpConv_Fused_Row_8_Pipeline_PIXEL_NORM'.
INFO: [HLS 200-111] Finished Creating RTL model: CPU user time: 0.39 seconds. CPU system time: 0.01 seconds. Elapsed time: 0.41 seconds; current allocated memory: 572.461 MB.
INFO: [HLS 200-10] ----------------------------------------------------------------
INFO: [HLS 200-10] -- Generating RTL for module 'UpConv_Fused_Row_8_s' 
INFO: [HLS 200-10] ----------------------------------------------------------------
INFO: [SYN 201-210] Renamed object name 'UpConv_Fused_Row_8_s_void_UpConv_Fused_Row_ap_uint_ap_uint_const_ap_uint_const_30_ap_uint_cons_9_RAM_T2P_URAM_1R1W' to 'UpConv_Fused_Row_8_s_void_UpConv_Fused_Row_ap_uint_ap_uint_const_ap_uint_consbkb' due to the length limit 80
INFO: [SYN 201-210] Renamed object name 'UpConv_Fused_Row_8_s_void_UpConv_Fused_Row_ap_uint_ap_uint_const_ap_uint_const_30_ap_uint_cons_8_RAM_T2P_URAM_1R1W' to 'UpConv_Fused_Row_8_s_void_UpConv_Fused_Row_ap_uint_ap_uint_const_ap_uint_conscud' due to the length limit 80
INFO: [SYN 201-210] Renamed object name 'UpConv_Fused_Row_8_s_void_UpConv_Fused_Row_ap_uint_ap_uint_const_ap_uint_const_30_ap_uint_cons_7_RAM_T2P_URAM_1R1W' to 'UpConv_Fused_Row_8_s_void_UpConv_Fused_Row_ap_uint_ap_uint_const_ap_uint_consdEe' due to the length limit 80
INFO: [SYN 201-210] Renamed object name 'UpConv_Fused_Row_8_s_void_UpConv_Fused_Row_ap_uint_ap_uint_const_ap_uint_const_30_ap_uint_cons_6_RAM_T2P_URAM_1R1W' to 'UpConv_Fused_Row_8_s_void_UpConv_Fused_Row_ap_uint_ap_uint_const_ap_uint_conseOg' due to the length limit 80
INFO: [SYN 201-210] Renamed object name 'UpConv_Fused_Row_8_s_void_UpConv_Fused_Row_ap_uint_ap_uint_const_ap_uint_const_30_ap_uint_cons_5_RAM_T2P_URAM_1R1W' to 'UpConv_Fused_Row_8_s_void_UpConv_Fused_Row_ap_uint_ap_uint_const_ap_uint_consfYi' due to the length limit 80
INFO: [SYN 201-210] Renamed object name 'UpConv_Fused_Row_8_s_void_UpConv_Fused_Row_ap_uint_ap_uint_const_ap_uint_const_30_ap_uint_cons_4_RAM_T2P_URAM_1R1W' to 'UpConv_Fused_Row_8_s_void_UpConv_Fused_Row_ap_uint_ap_uint_const_ap_uint_consg8j' due to the length limit 80
INFO: [SYN 201-210] Renamed object name 'UpConv_Fused_Row_8_s_void_UpConv_Fused_Row_ap_uint_ap_uint_const_ap_uint_const_30_ap_uint_cons_3_RAM_T2P_URAM_1R1W' to 'UpConv_Fused_Row_8_s_void_UpConv_Fused_Row_ap_uint_ap_uint_const_ap_uint_conshbi' due to the length limit 80
INFO: [SYN 201-210] Renamed object name 'UpConv_Fused_Row_8_s_void_UpConv_Fused_Row_ap_uint_ap_uint_const_ap_uint_const_30_ap_uint_cons_2_RAM_T2P_URAM_1R1W' to 'UpConv_Fused_Row_8_s_void_UpConv_Fused_Row_ap_uint_ap_uint_const_ap_uint_consibs' due to the length limit 80
INFO: [SYN 201-210] Renamed object name 'UpConv_Fused_Row_8_s_void_UpConv_Fused_Row_ap_uint_ap_uint_const_ap_uint_const_30_ap_uint_cons_1_RAM_T2P_URAM_1R1W' to 'UpConv_Fused_Row_8_s_void_UpConv_Fused_Row_ap_uint_ap_uint_const_ap_uint_consjbC' due to the length limit 80
INFO: [SYN 201-210] Renamed object name 'UpConv_Fused_Row_8_s_void_UpConv_Fused_Row_ap_uint_ap_uint_const_ap_uint_const_30_ap_uint_cons_RAM_T2P_URAM_1R1W' to 'UpConv_Fused_Row_8_s_void_UpConv_Fused_Row_ap_uint_ap_uint_const_ap_uint_conskbM' due to the length limit 80
INFO: [SYN 201-210] Renamed object name 'UpConv_Fused_Row_8_s_p_ZZ16UpConv_Fused_RowILi8EEvP7ap_uintILi256EEPKS1_RA30_S3_S6_S6_S2_DhfiiiiiE7row_5_RAM_T2P_URAM_1R1W' to 'UpConv_Fused_Row_8_s_p_ZZ16UpConv_Fused_RowILi8EEvP7ap_uintILi256EEPKS1_RA30_lbW' due to the length limit 80
INFO: [SYN 201-210] Renamed object name 'UpConv_Fused_Row_8_s_p_ZZ16UpConv_Fused_RowILi8EEvP7ap_uintILi256EEPKS1_RA30_S3_S6_S6_S2_DhfiiiiiE7row_4_RAM_T2P_URAM_1R1W' to 'UpConv_Fused_Row_8_s_p_ZZ16UpConv_Fused_RowILi8EEvP7ap_uintILi256EEPKS1_RA30_mb6' due to the length limit 80
INFO: [SYN 201-210] Renamed object name 'UpConv_Fused_Row_8_s_p_ZZ16UpConv_Fused_RowILi8EEvP7ap_uintILi256EEPKS1_RA30_S3_S6_S6_S2_DhfiiiiiE7row_3_RAM_T2P_URAM_1R1W' to 'UpConv_Fused_Row_8_s_p_ZZ16UpConv_Fused_RowILi8EEvP7ap_uintILi256EEPKS1_RA30_ncg' due to the length limit 80
INFO: [SYN 201-210] Renamed object name 'UpConv_Fused_Row_8_s_p_ZZ16UpConv_Fused_RowILi8EEvP7ap_uintILi256EEPKS1_RA30_S3_S6_S6_S2_DhfiiiiiE7row_2_RAM_T2P_URAM_1R1W' to 'UpConv_Fused_Row_8_s_p_ZZ16UpConv_Fused_RowILi8EEvP7ap_uintILi256EEPKS1_RA30_ocq' due to the length limit 80
INFO: [SYN 201-210] Renamed object name 'UpConv_Fused_Row_8_s_p_ZZ16UpConv_Fused_RowILi8EEvP7ap_uintILi256EEPKS1_RA30_S3_S6_S6_S2_DhfiiiiiE7row_1_RAM_T2P_URAM_1R1W' to 'UpConv_Fused_Row_8_s_p_ZZ16UpConv_Fused_RowILi8EEvP7ap_uintILi256EEPKS1_RA30_pcA' due to the length limit 80
INFO: [SYN 201-210] Renamed object name 'UpConv_Fused_Row_8_s_p_ZZ16UpConv_Fused_RowILi8EEvP7ap_uintILi256EEPKS1_RA30_S3_S6_S6_S2_DhfiiiiiE7row_RAM_T2P_URAM_1R1W' to 'UpConv_Fused_Row_8_s_p_ZZ16UpConv_Fused_RowILi8EEvP7ap_uintILi256EEPKS1_RA30_qcK' due to the length limit 80
INFO: [RTGEN 206-100] Generating core module 'hadd_16ns_16ns_16_5_full_dsp_1': 16 instance(s).
INFO: [RTGEN 206-100] Generating core module 'hmul_16ns_16ns_16_4_max_dsp_1': 32 instance(s).
INFO: [RTGEN 206-100] Generating core module 'hptosp_16ns_32_2_no_dsp_1': 1 instance(s).
INFO: [RTGEN 206-100] Generating core module 'mul_13ns_8ns_20_1_1': 1 instance(s).
INFO: [RTGEN 206-100] Generating core module 'mul_14s_6ns_20_1_1': 1 instance(s).
INFO: [RTGEN 206-100] Generating core module 'mul_18ns_6ns_24_2_1': 1 instance(s).
INFO: [RTGEN 206-100] Generating core module 'mul_4ns_6ns_9_1_1': 1 instance(s).
INFO: [RTGEN 206-100] Generating core module 'mul_6ns_8ns_13_1_1': 1 instance(s).
INFO: [RTGEN 206-100] Generating core module 'mul_8ns_5ns_13_1_1': 1 instance(s).
INFO: [RTGEN 206-100] Generating core module 'mul_8ns_6ns_11_1_1': 1 instance(s).
INFO: [RTGEN 206-100] Generating core module 'mul_9ns_8ns_16_1_1': 1 instance(s).
INFO: [RTGEN 206-100] Generating core module 'sptohp_32ns_16_2_no_dsp_1': 1 instance(s).
INFO: [RTGEN 206-100] Finished creating RTL model for 'UpConv_Fused_Row_8_s'.
INFO: [RTMG 210-278] Implementing memory 'upconv_core_top_UpConv_Fused_Row_8_s_void_UpConv_Fused_Row_ap_uint_ap_uint_const_ap_uint_consbkb' using ultra RAMs.
INFO: [RTMG 210-278] Implementing memory 'upconv_core_top_UpConv_Fused_Row_8_s_mean_buf_RAM_2P_LUTRAM_1R1W' using distributed RAMs.
INFO: [RTMG 210-278] Implementing memory 'upconv_core_top_UpConv_Fused_Row_8_s_inv_buf_RAM_2P_LUTRAM_1R1W' using distributed RAMs.
INFO: [RTMG 210-278] Implementing memory 'upconv_core_top_UpConv_Fused_Row_8_s_w_local_RAM_T2P_BRAM_2R1W' using block RAMs.
INFO: [HLS 200-111] Finished Creating RTL model: CPU user time: 0.35 seconds. CPU system time: 0.03 seconds. Elapsed time: 0.37 seconds; current allocated memory: 586.477 MB.
INFO: [HLS 200-10] ----------------------------------------------------------------
INFO: [HLS 200-10] -- Generating RTL for module 'upconv_core_top_Pipeline_LOAD_ROW' 
INFO: [HLS 200-10] ----------------------------------------------------------------
INFO: [HLS 200-1030] Apply Unified Pipeline Control on module 'upconv_core_top_Pipeline_LOAD_ROW' pipeline 'LOAD_ROW' pipeline type 'loop pipeline'
INFO: [RTGEN 206-100] Finished creating RTL model for 'upconv_core_top_Pipeline_LOAD_ROW'.
INFO: [HLS 200-111] Finished Creating RTL model: CPU user time: 0.19 seconds. CPU system time: 0.01 seconds. Elapsed time: 0.21 seconds; current allocated memory: 591.691 MB.
INFO: [HLS 200-10] ----------------------------------------------------------------
INFO: [HLS 200-10] -- Generating RTL for module 'upconv_core_top' 
INFO: [HLS 200-10] ----------------------------------------------------------------
WARNING: [RTGEN 206-101] Design contains AXI ports. Reset is fixed to synchronous and active low.
INFO: [RTGEN 206-500] Setting interface mode on port 'upconv_core_top/gmem_in' to 'm_axi'.
INFO: [RTGEN 206-500] Setting interface mode on port 'upconv_core_top/gmem_weight' to 'm_axi'.
INFO: [RTGEN 206-500] Setting interface mode on port 'upconv_core_top/gmem_param' to 'm_axi'.
INFO: [RTGEN 206-500] Setting interface mode on port 'upconv_core_top/gmem_out' to 'm_axi'.
INFO: [RTGEN 206-500] Setting interface mode on port 'upconv_core_top/X' to 's_axilite & ap_none'.
INFO: [RTGEN 206-500] Setting interface mode on port 'upconv_core_top/W' to 's_axilite & ap_none'.
INFO: [RTGEN 206-500] Setting interface mode on port 'upconv_core_top/B' to 's_axilite & ap_none'.
INFO: [RTGEN 206-500] Setting interface mode on port 'upconv_core_top/G' to 's_axilite & ap_none'.
INFO: [RTGEN 206-500] Setting interface mode on port 'upconv_core_top/BE' to 's_axilite & ap_none'.
INFO: [RTGEN 206-500] Setting interface mode on port 'upconv_core_top/Y' to 's_axilite & ap_none'.
INFO: [RTGEN 206-500] Setting interface mode on port 'upconv_core_top/epsilon' to 's_axilite & ap_none'.
INFO: [RTGEN 206-500] Setting interface mode on port 'upconv_core_top/mode' to 's_axilite & ap_none'.
INFO: [RTGEN 206-500] Setting interface mode on function 'upconv_core_top' to 's_axilite & ap_ctrl_hs'.
INFO: [RTGEN 206-100] Bundling port 'X', 'W', 'B', 'G', 'BE', 'Y', 'epsilon', 'mode' and 'return' to AXI-Lite port control.
INFO: [RTGEN 206-100] Generating core module 'mul_6ns_8ns_14_1_1': 1 instance(s).
INFO: [RTGEN 206-100] Generating core module 'mul_7ns_14ns_20_1_1': 1 instance(s).
INFO: [RTGEN 206-100] Generating core module 'sparsemux_9_32_10_1_1': 1 instance(s).
INFO: [RTGEN 206-100] Generating core module 'sparsemux_9_32_8_1_1': 1 instance(s).
INFO: [RTGEN 206-100] Generating core module 'sparsemux_9_32_9_1_1': 1 instance(s).
INFO: [RTGEN 206-100] Finished creating RTL model for 'upconv_core_top'.
INFO: [RTMG 210-278] Implementing memory 'upconv_core_top_x_buf_RAM_T2P_URAM_1R1W' using ultra RAMs.
INFO: [RTMG 210-278] Implementing memory 'upconv_core_top_b_buf_RAM_T2P_BRAM_1R1W' using block RAMs.
INFO: [HLS 200-111] Finished Creating RTL model: CPU user time: 0.18 seconds. CPU system time: 0.01 seconds. Elapsed time: 0.2 seconds; current allocated memory: 596.480 MB.
INFO: [HLS 200-111] Finished Generating all RTL models: CPU user time: 0.43 seconds. CPU system time: 0.04 seconds. Elapsed time: 0.47 seconds; current allocated memory: 599.645 MB.
INFO: [HLS 200-1603] Design has inferred MAXI bursts and missed bursts, see Vitis HLS GUI synthesis summary report for detailed information.
INFO: [HLS 200-111] Finished Updating report files: CPU user time: 1.37 seconds. CPU system time: 0.02 seconds. Elapsed time: 1.4 seconds; current allocated memory: 621.902 MB.
INFO: [VHDL 208-304] Generating VHDL RTL for upconv_core_top.
INFO: [VLOG 209-307] Generating Verilog RTL for upconv_core_top.
INFO: [HLS 200-790] **** Loop Constraint Status: All loop constraints were satisfied.
INFO: [HLS 200-789] **** Estimated Fmax: 343.88 MHz
INFO: [HLS 200-112] Total CPU user time: 28.16 seconds. Total CPU system time: 1.87 seconds. Total elapsed time: 33.96 seconds; peak allocated memory: 622.254 MB.
INFO: [v++ 60-791] Total elapsed time: 0h 0m 37s
