  **** HLS Build v2024.2 5238294
INFO: [HLS 200-2005] Using work_dir /home/hoinguyen/Documents/Vitis/UpConv_HLS/upconv_core/upconv_core_top 
INFO: [HLS 200-1505] Using default flow_target 'vivado'
Resolution: For help on HLS 200-1505 see docs.xilinx.com/access/sources/dita/topic?Doc_Version=2024.2%20English&url=ug1448-hls-guidance&resourceid=200-1505.html
INFO: [HLS 200-1465] Applying ini 'syn.file=/home/hoinguyen/Documents/Vitis/UpConv_HLS/gen/upconv_core_top.cpp' from /home/hoinguyen/Documents/Vitis/UpConv_HLS/upconv_core/hls_config.cfg(8)
INFO: [HLS 200-10] Adding design file '/home/hoinguyen/Documents/Vitis/UpConv_HLS/gen/upconv_core_top.cpp' to the project
INFO: [HLS 200-1465] Applying ini 'tb.file=/home/hoinguyen/Documents/Vitis/UpConv_HLS/test.cpp' from /home/hoinguyen/Documents/Vitis/UpConv_HLS/upconv_core/hls_config.cfg(9)
INFO: [HLS 200-10] Adding test bench file '/home/hoinguyen/Documents/Vitis/UpConv_HLS/test.cpp' to the project
INFO: [HLS 200-1465] Applying ini 'syn.top=upconv_core_top' from /home/hoinguyen/Documents/Vitis/UpConv_HLS/upconv_core/hls_config.cfg(7)
INFO: [HLS 200-1465] Applying ini 'flow_target=vivado' from /home/hoinguyen/Documents/Vitis/UpConv_HLS/upconv_core/hls_config.cfg(4)
INFO: [HLS 200-1505] Using flow_target 'vivado'
Resolution: For help on HLS 200-1505 see docs.xilinx.com/access/sources/dita/topic?Doc_Version=2024.2%20English&url=ug1448-hls-guidance&resourceid=200-1505.html
INFO: [HLS 200-1465] Applying ini 'part=xczu7ev-ffvc1156-2-e' from /home/hoinguyen/Documents/Vitis/UpConv_HLS/upconv_core/hls_config.cfg(1)
INFO: [HLS 200-1611] Setting target device to 'xczu7ev-ffvc1156-2-e'
INFO: [HLS 200-1465] Applying ini 'clock=300MHz' from /home/hoinguyen/Documents/Vitis/UpConv_HLS/upconv_core/hls_config.cfg(10)
INFO: [SYN 201-201] Setting up clock 'default' with a period of 3.333ns.
INFO: [HLS 200-1465] Applying ini 'package.output.format=ip_catalog' from /home/hoinguyen/Documents/Vitis/UpConv_HLS/upconv_core/hls_config.cfg(5)
INFO: [SIM 211-2] *************** CSIM start ***************
INFO: [SIM 211-4] CSIM will launch CLANG as the compiler.
INFO: [HLS 200-2036] Building debug C Simulation binaries
   Compiling ../../../../../test.cpp in debug mode
   Compiling ../../../../../gen/upconv_core_top.cpp in debug mode
   Generating csim.exe
====================================================
   UPCONV CORE FULL DIMENSION VERIFICATION          
====================================================

====================================================
   MINI_TEST (16x16x16 -> 32x32x16)
   16x16x16 -> 32x32x16
====================================================
Packing inputs...
Running HLS kernel...
HLS CSIM time: 1.36702 s
Unpacking outputs...
Running CPU golden reference...
Golden CPU time: 0.00129854 s
Output Sum: 6681.4
Max Error : 3.54742
MSE       : 0.730422
====================================================
MINI_TEST (16x16x16 -> 32x32x16): FAILED (Numerical Mismatch)
====================================================


====================================================
INFO: [SIM 211-1] CSim done with 0 errors.
INFO: [SIM 211-3] *************** CSIM finish ***************
INFO: [HLS 200-112] Total CPU user time: 5.5 seconds. Total CPU system time: 0.55 seconds. Total elapsed time: 6.09 seconds; peak allocated memory: 325.133 MB.
INFO: [vitis-run 60-791] Total elapsed time: 0h 0m 9s
