Wed Apr 29 23:01:11 2026: Running xcd server. This server was built by gradle.
Wed Apr 29 23:01:11 2026: Server was asked to start on port: '35789'
Wed Apr 29 23:01:11 2026: Server is using token UUID: '35ec5138-3fa9-47bc-bdbc-3d4f5f89af64'
Wed Apr 29 23:01:11 2026: SESSION_MGR: creating session with session uuid: '6d04a3e9-ade5-4ab9-8d63-1f78fcd2ec76' and name 'default'
Wed Apr 29 23:01:11 2026: Attempting to start server on port '35789'
Wed Apr 29 23:01:11 2026: XCD main fifo: created main fifo '/tmp/xcdmain35ec5138-3fa9-47bc-bdbc-3d4f5f89af64', fd read = 13
Wed Apr 29 23:01:11 2026: Running Dispatch Server
Wed Apr 29 23:01:11 2026: Version 2.2.0
Wed Apr 29 23:01:13 2026: Dispatch Server: Accepted socket connection from client
Wed Apr 29 23:01:13 2026: Starting Socket connection
Wed Apr 29 23:01:13 2026: EXCHANGE_TOKEN received, server token: 35ec5138-3fa9-47bc-bdbc-3d4f5f89af64, passed token: 35ec5138-3fa9-47bc-bdbc-3d4f5f89af64
Wed Apr 29 23:01:13 2026: DISPATCH_HANDLER: Adding handler from function makeHandler in library libxv_system_diagram
Wed Apr 29 23:01:13 2026: SESSION_MGR: creating session with session uuid: 'd4883d4f-fedc-4264-bbb1-9eb0141e84a2' and name 'vitis-run_compile_upconv_core_top'
Wed Apr 29 23:01:13 2026: KERNEL_SVC: creating session with uuid: 'd4883d4f-fedc-4264-bbb1-9eb0141e84a2' and name 'vitis-run_compile_upconv_core_top'
Wed Apr 29 23:01:13 2026: GUIDANCE_SMGR: creating guidance session with uuid: 'd4883d4f-fedc-4264-bbb1-9eb0141e84a2' and name 'vitis-run_compile_upconv_core_top'
Wed Apr 29 23:01:13 2026: SYSTEM_DIAGRAM: creating session with uuid: 'd4883d4f-fedc-4264-bbb1-9eb0141e84a2' and name 'vitis-run_compile_upconv_core_top'
Wed Apr 29 23:01:16 2026: Dispatch Server: Accepted socket connection from client
Wed Apr 29 23:01:16 2026: Starting Socket connection
Wed Apr 29 23:02:19 2026: Running xcd server. This server was built by gradle.
Wed Apr 29 23:02:19 2026: Server was asked to start on port: '33663'
Wed Apr 29 23:02:19 2026: Server is using token UUID: '15a56a69-d5e7-4fe4-b11f-ad96f74f2ae5'
Wed Apr 29 23:02:19 2026: SESSION_MGR: creating session with session uuid: '6d04a3e9-ade5-4ab9-8d63-1f78fcd2ec76' and name 'default'
Wed Apr 29 23:02:19 2026: Attempting to start server on port '33663'
Wed Apr 29 23:02:19 2026: XCD main fifo: created main fifo '/tmp/xcdmain15a56a69-d5e7-4fe4-b11f-ad96f74f2ae5', fd read = 13
Wed Apr 29 23:02:19 2026: Running Dispatch Server
Wed Apr 29 23:02:19 2026: Version 2.2.0
Wed Apr 29 23:02:21 2026: Dispatch Server: Accepted socket connection from client
Wed Apr 29 23:02:21 2026: Starting Socket connection
Wed Apr 29 23:02:21 2026: EXCHANGE_TOKEN received, server token: 15a56a69-d5e7-4fe4-b11f-ad96f74f2ae5, passed token: 15a56a69-d5e7-4fe4-b11f-ad96f74f2ae5
Wed Apr 29 23:02:21 2026: DISPATCH_HANDLER: Adding handler from function makeHandler in library libxv_system_diagram
Wed Apr 29 23:02:21 2026: SESSION_MGR: creating session with session uuid: '06277dd6-4fba-4799-8422-6189ffc1b009' and name 'vitis-run_compile_upconv_core_top'
Wed Apr 29 23:02:21 2026: KERNEL_SVC: creating session with uuid: '06277dd6-4fba-4799-8422-6189ffc1b009' and name 'vitis-run_compile_upconv_core_top'
Wed Apr 29 23:02:21 2026: GUIDANCE_SMGR: creating guidance session with uuid: '06277dd6-4fba-4799-8422-6189ffc1b009' and name 'vitis-run_compile_upconv_core_top'
Wed Apr 29 23:02:21 2026: SYSTEM_DIAGRAM: creating session with uuid: '06277dd6-4fba-4799-8422-6189ffc1b009' and name 'vitis-run_compile_upconv_core_top'
Wed Apr 29 23:02:24 2026: Dispatch Server: Accepted socket connection from client
Wed Apr 29 23:02:24 2026: Starting Socket connection
Wed Apr 29 23:02:26 2026: SESSION_MGR: closing session for UUID '06277dd6-4fba-4799-8422-6189ffc1b009' with name 'vitis-run_compile_upconv_core_top'
Wed Apr 29 23:02:26 2026: KERNEL_SVC: closing session for UUID '06277dd6-4fba-4799-8422-6189ffc1b009' with name 'vitis-run_compile_upconv_core_top'
Wed Apr 29 23:02:26 2026: GUIDANCE_SMGR: closing session for UUID '06277dd6-4fba-4799-8422-6189ffc1b009' with name 'vitis-run_compile_upconv_core_top'
Wed Apr 29 23:02:26 2026: SYSTEM_DIAGRAM: closing session for UUID '06277dd6-4fba-4799-8422-6189ffc1b009' with name 'vitis-run_compile_upconv_core_top'
Wed Apr 29 23:02:26 2026: STOP_SERVER received, server token: 15a56a69-d5e7-4fe4-b11f-ad96f74f2ae5, passed token: 15a56a69-d5e7-4fe4-b11f-ad96f74f2ae5
Wed Apr 29 23:02:26 2026: Socket received request to stop server.
Wed Apr 29 23:02:26 2026: Dispatch Server: do_await_stop
Wed Apr 29 23:02:26 2026: Dispatch Server: stopping mainFifo_
Wed Apr 29 23:02:26 2026: XCD main fifo: Stopping
Wed Apr 29 23:02:26 2026: XCD main fifo: do_read error code: Operation canceled
Wed Apr 29 23:02:26 2026: XCD main fifo: bytes_transferred: 0
Wed Apr 29 23:02:26 2026: SERVER: destructor for server bound to port 33663
Wed Apr 29 23:02:26 2026: XCD main fifo: Good unlink of /tmp/xcdmain15a56a69-d5e7-4fe4-b11f-ad96f74f2ae5
Wed Apr 29 23:02:26 2026: Server exiting with status 0.
Wed Apr 29 23:02:26 2026: Closing log file.
Wed Apr 29 23:02:37 2026: Running xcd server. This server was built by gradle.
Wed Apr 29 23:02:37 2026: Server was asked to start on port: '37373'
Wed Apr 29 23:02:37 2026: Server is using token UUID: '1ef17e35-9b6a-474d-91ef-9873bbac56b3'
Wed Apr 29 23:02:37 2026: SESSION_MGR: creating session with session uuid: '6d04a3e9-ade5-4ab9-8d63-1f78fcd2ec76' and name 'default'
Wed Apr 29 23:02:37 2026: Attempting to start server on port '37373'
Wed Apr 29 23:02:37 2026: XCD main fifo: created main fifo '/tmp/xcdmain1ef17e35-9b6a-474d-91ef-9873bbac56b3', fd read = 13
Wed Apr 29 23:02:37 2026: Running Dispatch Server
Wed Apr 29 23:02:37 2026: Version 2.2.0
Wed Apr 29 23:02:39 2026: Dispatch Server: Accepted socket connection from client
Wed Apr 29 23:02:39 2026: Starting Socket connection
Wed Apr 29 23:02:39 2026: EXCHANGE_TOKEN received, server token: 1ef17e35-9b6a-474d-91ef-9873bbac56b3, passed token: 1ef17e35-9b6a-474d-91ef-9873bbac56b3
Wed Apr 29 23:02:39 2026: DISPATCH_HANDLER: Adding handler from function makeHandler in library libxv_system_diagram
Wed Apr 29 23:02:39 2026: SESSION_MGR: creating session with session uuid: '6f538b34-af79-4e5f-a7d9-c49a836808ca' and name 'v++_compile_upconv_core_top'
Wed Apr 29 23:02:39 2026: KERNEL_SVC: creating session with uuid: '6f538b34-af79-4e5f-a7d9-c49a836808ca' and name 'v++_compile_upconv_core_top'
Wed Apr 29 23:02:39 2026: GUIDANCE_SMGR: creating guidance session with uuid: '6f538b34-af79-4e5f-a7d9-c49a836808ca' and name 'v++_compile_upconv_core_top'
Wed Apr 29 23:02:39 2026: SYSTEM_DIAGRAM: creating session with uuid: '6f538b34-af79-4e5f-a7d9-c49a836808ca' and name 'v++_compile_upconv_core_top'
Wed Apr 29 23:02:42 2026: Dispatch Server: Accepted socket connection from client
Wed Apr 29 23:02:42 2026: Starting Socket connection
Wed Apr 29 23:03:09 2026: SESSION_MGR: closing session for UUID '6f538b34-af79-4e5f-a7d9-c49a836808ca' with name 'v++_compile_upconv_core_top'
Wed Apr 29 23:03:09 2026: KERNEL_SVC: closing session for UUID '6f538b34-af79-4e5f-a7d9-c49a836808ca' with name 'v++_compile_upconv_core_top'
Wed Apr 29 23:03:09 2026: GUIDANCE_SMGR: closing session for UUID '6f538b34-af79-4e5f-a7d9-c49a836808ca' with name 'v++_compile_upconv_core_top'
Wed Apr 29 23:03:09 2026: SYSTEM_DIAGRAM: closing session for UUID '6f538b34-af79-4e5f-a7d9-c49a836808ca' with name 'v++_compile_upconv_core_top'
Wed Apr 29 23:03:09 2026: STOP_SERVER received, server token: 1ef17e35-9b6a-474d-91ef-9873bbac56b3, passed token: 1ef17e35-9b6a-474d-91ef-9873bbac56b3
Wed Apr 29 23:03:09 2026: Socket received request to stop server.
Wed Apr 29 23:03:09 2026: Dispatch Server: do_await_stop
Wed Apr 29 23:03:09 2026: Dispatch Server: stopping mainFifo_
Wed Apr 29 23:03:09 2026: XCD main fifo: Stopping
Wed Apr 29 23:03:09 2026: XCD main fifo: do_read error code: Operation canceled
Wed Apr 29 23:03:09 2026: XCD main fifo: bytes_transferred: 0
Wed Apr 29 23:03:09 2026: SERVER: destructor for server bound to port 37373
Wed Apr 29 23:03:09 2026: XCD main fifo: Good unlink of /tmp/xcdmain1ef17e35-9b6a-474d-91ef-9873bbac56b3
Wed Apr 29 23:03:09 2026: Server exiting with status 0.
Wed Apr 29 23:03:09 2026: Closing log file.
Wed May  6 21:08:16 2026: Running xcd server. This server was built by gradle.
Wed May  6 21:08:16 2026: Server was asked to start on port: '39755'
Wed May  6 21:08:16 2026: Server is using token UUID: 'a47ce876-8087-4927-822a-6d6d8b890230'
Wed May  6 21:08:16 2026: SESSION_MGR: creating session with session uuid: '6d04a3e9-ade5-4ab9-8d63-1f78fcd2ec76' and name 'default'
Wed May  6 21:08:16 2026: Attempting to start server on port '39755'
Wed May  6 21:08:16 2026: XCD main fifo: created main fifo '/tmp/xcdmaina47ce876-8087-4927-822a-6d6d8b890230', fd read = 13
Wed May  6 21:08:16 2026: Running Dispatch Server
Wed May  6 21:08:16 2026: Version 2.2.0
Wed May  6 21:08:18 2026: Dispatch Server: Accepted socket connection from client
Wed May  6 21:08:18 2026: Starting Socket connection
Wed May  6 21:08:18 2026: EXCHANGE_TOKEN received, server token: a47ce876-8087-4927-822a-6d6d8b890230, passed token: a47ce876-8087-4927-822a-6d6d8b890230
Wed May  6 21:08:18 2026: DISPATCH_HANDLER: Adding handler from function makeHandler in library libxv_system_diagram
Wed May  6 21:08:18 2026: SESSION_MGR: creating session with session uuid: 'cbfdf008-dcce-4750-89f2-7ae5f95d48ca' and name 'vitis-run_compile_upconv_core_top'
Wed May  6 21:08:18 2026: KERNEL_SVC: creating session with uuid: 'cbfdf008-dcce-4750-89f2-7ae5f95d48ca' and name 'vitis-run_compile_upconv_core_top'
Wed May  6 21:08:18 2026: GUIDANCE_SMGR: creating guidance session with uuid: 'cbfdf008-dcce-4750-89f2-7ae5f95d48ca' and name 'vitis-run_compile_upconv_core_top'
Wed May  6 21:08:18 2026: SYSTEM_DIAGRAM: creating session with uuid: 'cbfdf008-dcce-4750-89f2-7ae5f95d48ca' and name 'vitis-run_compile_upconv_core_top'
Wed May  6 21:08:21 2026: Dispatch Server: Accepted socket connection from client
Wed May  6 21:08:21 2026: Starting Socket connection
Wed May  6 21:08:22 2026: SESSION_MGR: closing session for UUID 'cbfdf008-dcce-4750-89f2-7ae5f95d48ca' with name 'vitis-run_compile_upconv_core_top'
Wed May  6 21:08:22 2026: KERNEL_SVC: closing session for UUID 'cbfdf008-dcce-4750-89f2-7ae5f95d48ca' with name 'vitis-run_compile_upconv_core_top'
Wed May  6 21:08:22 2026: GUIDANCE_SMGR: closing session for UUID 'cbfdf008-dcce-4750-89f2-7ae5f95d48ca' with name 'vitis-run_compile_upconv_core_top'
Wed May  6 21:08:22 2026: SYSTEM_DIAGRAM: closing session for UUID 'cbfdf008-dcce-4750-89f2-7ae5f95d48ca' with name 'vitis-run_compile_upconv_core_top'
Wed May  6 21:08:22 2026: STOP_SERVER received, server token: a47ce876-8087-4927-822a-6d6d8b890230, passed token: a47ce876-8087-4927-822a-6d6d8b890230
Wed May  6 21:08:22 2026: Socket received request to stop server.
Wed May  6 21:08:22 2026: Dispatch Server: do_await_stop
Wed May  6 21:08:22 2026: Dispatch Server: stopping mainFifo_
Wed May  6 21:08:22 2026: XCD main fifo: Stopping
Wed May  6 21:08:22 2026: XCD main fifo: do_read error code: Operation canceled
Wed May  6 21:08:22 2026: XCD main fifo: bytes_transferred: 0
Wed May  6 21:08:22 2026: SERVER: destructor for server bound to port 39755
Wed May  6 21:08:22 2026: XCD main fifo: Good unlink of /tmp/xcdmaina47ce876-8087-4927-822a-6d6d8b890230
Wed May  6 21:08:22 2026: Server exiting with status 0.
Wed May  6 21:08:22 2026: Closing log file.
Thu May  7 17:37:17 2026: Running xcd server. This server was built by gradle.
Thu May  7 17:37:17 2026: Server was asked to start on port: '40403'
Thu May  7 17:37:17 2026: Server is using token UUID: 'a76e5d57-ff3e-4847-a80b-2f87f046a241'
Thu May  7 17:37:17 2026: SESSION_MGR: creating session with session uuid: '6d04a3e9-ade5-4ab9-8d63-1f78fcd2ec76' and name 'default'
Thu May  7 17:37:17 2026: Attempting to start server on port '40403'
Thu May  7 17:37:17 2026: XCD main fifo: created main fifo '/tmp/xcdmaina76e5d57-ff3e-4847-a80b-2f87f046a241', fd read = 13
Thu May  7 17:37:17 2026: Running Dispatch Server
Thu May  7 17:37:17 2026: Version 2.2.0
Thu May  7 17:37:19 2026: Dispatch Server: Accepted socket connection from client
Thu May  7 17:37:19 2026: Starting Socket connection
Thu May  7 17:37:19 2026: EXCHANGE_TOKEN received, server token: a76e5d57-ff3e-4847-a80b-2f87f046a241, passed token: a76e5d57-ff3e-4847-a80b-2f87f046a241
Thu May  7 17:37:19 2026: DISPATCH_HANDLER: Adding handler from function makeHandler in library libxv_system_diagram
Thu May  7 17:37:19 2026: SESSION_MGR: creating session with session uuid: 'e9680ae3-e7f6-4df0-9c38-6c105ef00f99' and name 'vitis-run_compile_upconv_core_top'
Thu May  7 17:37:19 2026: KERNEL_SVC: creating session with uuid: 'e9680ae3-e7f6-4df0-9c38-6c105ef00f99' and name 'vitis-run_compile_upconv_core_top'
Thu May  7 17:37:19 2026: GUIDANCE_SMGR: creating guidance session with uuid: 'e9680ae3-e7f6-4df0-9c38-6c105ef00f99' and name 'vitis-run_compile_upconv_core_top'
Thu May  7 17:37:19 2026: SYSTEM_DIAGRAM: creating session with uuid: 'e9680ae3-e7f6-4df0-9c38-6c105ef00f99' and name 'vitis-run_compile_upconv_core_top'
Thu May  7 17:37:22 2026: Dispatch Server: Accepted socket connection from client
Thu May  7 17:37:22 2026: Starting Socket connection
Thu May  7 17:54:40 2026: Running xcd server. This server was built by gradle.
Thu May  7 17:54:40 2026: Server was asked to start on port: '44409'
Thu May  7 17:54:40 2026: Server is using token UUID: '558624c8-3e32-4b11-80d3-8eaed10ff74c'
Thu May  7 17:54:40 2026: SESSION_MGR: creating session with session uuid: '6d04a3e9-ade5-4ab9-8d63-1f78fcd2ec76' and name 'default'
Thu May  7 17:54:40 2026: Attempting to start server on port '44409'
Thu May  7 17:54:40 2026: XCD main fifo: created main fifo '/tmp/xcdmain558624c8-3e32-4b11-80d3-8eaed10ff74c', fd read = 13
Thu May  7 17:54:40 2026: Running Dispatch Server
Thu May  7 17:54:40 2026: Version 2.2.0
Thu May  7 17:54:42 2026: Dispatch Server: Accepted socket connection from client
Thu May  7 17:54:42 2026: Starting Socket connection
Thu May  7 17:54:42 2026: EXCHANGE_TOKEN received, server token: 558624c8-3e32-4b11-80d3-8eaed10ff74c, passed token: 558624c8-3e32-4b11-80d3-8eaed10ff74c
Thu May  7 17:54:42 2026: DISPATCH_HANDLER: Adding handler from function makeHandler in library libxv_system_diagram
Thu May  7 17:54:42 2026: SESSION_MGR: creating session with session uuid: '48990376-345b-417c-a637-49fa8b01bee2' and name 'vitis-run_compile_upconv_core_top'
Thu May  7 17:54:42 2026: KERNEL_SVC: creating session with uuid: '48990376-345b-417c-a637-49fa8b01bee2' and name 'vitis-run_compile_upconv_core_top'
Thu May  7 17:54:42 2026: GUIDANCE_SMGR: creating guidance session with uuid: '48990376-345b-417c-a637-49fa8b01bee2' and name 'vitis-run_compile_upconv_core_top'
Thu May  7 17:54:42 2026: SYSTEM_DIAGRAM: creating session with uuid: '48990376-345b-417c-a637-49fa8b01bee2' and name 'vitis-run_compile_upconv_core_top'
Thu May  7 17:54:45 2026: Dispatch Server: Accepted socket connection from client
Thu May  7 17:54:45 2026: Starting Socket connection
Thu May  7 17:54:46 2026: SESSION_MGR: closing session for UUID '48990376-345b-417c-a637-49fa8b01bee2' with name 'vitis-run_compile_upconv_core_top'
Thu May  7 17:54:46 2026: KERNEL_SVC: closing session for UUID '48990376-345b-417c-a637-49fa8b01bee2' with name 'vitis-run_compile_upconv_core_top'
Thu May  7 17:54:46 2026: GUIDANCE_SMGR: closing session for UUID '48990376-345b-417c-a637-49fa8b01bee2' with name 'vitis-run_compile_upconv_core_top'
Thu May  7 17:54:46 2026: SYSTEM_DIAGRAM: closing session for UUID '48990376-345b-417c-a637-49fa8b01bee2' with name 'vitis-run_compile_upconv_core_top'
Thu May  7 17:54:46 2026: STOP_SERVER received, server token: 558624c8-3e32-4b11-80d3-8eaed10ff74c, passed token: 558624c8-3e32-4b11-80d3-8eaed10ff74c
Thu May  7 17:54:46 2026: Socket received request to stop server.
Thu May  7 17:54:46 2026: Dispatch Server: do_await_stop
Thu May  7 17:54:46 2026: Dispatch Server: stopping mainFifo_
Thu May  7 17:54:46 2026: XCD main fifo: Stopping
Thu May  7 17:54:46 2026: XCD main fifo: do_read error code: Operation canceled
Thu May  7 17:54:46 2026: XCD main fifo: bytes_transferred: 0
Thu May  7 17:54:46 2026: SERVER: destructor for server bound to port 44409
Thu May  7 17:54:46 2026: XCD main fifo: Good unlink of /tmp/xcdmain558624c8-3e32-4b11-80d3-8eaed10ff74c
Thu May  7 17:54:46 2026: Server exiting with status 0.
Thu May  7 17:54:46 2026: Closing log file.
Thu May  7 18:32:25 2026: Running xcd server. This server was built by gradle.
Thu May  7 18:32:25 2026: Server was asked to start on port: '46723'
Thu May  7 18:32:25 2026: Server is using token UUID: '6c8fc4f9-748a-45da-98a9-1e713fc07f8a'
Thu May  7 18:32:25 2026: SESSION_MGR: creating session with session uuid: '6d04a3e9-ade5-4ab9-8d63-1f78fcd2ec76' and name 'default'
Thu May  7 18:32:25 2026: Attempting to start server on port '46723'
Thu May  7 18:32:25 2026: XCD main fifo: created main fifo '/tmp/xcdmain6c8fc4f9-748a-45da-98a9-1e713fc07f8a', fd read = 13
Thu May  7 18:32:25 2026: Running Dispatch Server
Thu May  7 18:32:25 2026: Version 2.2.0
Thu May  7 18:32:27 2026: Dispatch Server: Accepted socket connection from client
Thu May  7 18:32:27 2026: Starting Socket connection
Thu May  7 18:32:27 2026: EXCHANGE_TOKEN received, server token: 6c8fc4f9-748a-45da-98a9-1e713fc07f8a, passed token: 6c8fc4f9-748a-45da-98a9-1e713fc07f8a
Thu May  7 18:32:27 2026: DISPATCH_HANDLER: Adding handler from function makeHandler in library libxv_system_diagram
Thu May  7 18:32:27 2026: SESSION_MGR: creating session with session uuid: '6cc37436-5dba-489f-ae17-e0f173b35641' and name 'v++_compile_upconv_core_top'
Thu May  7 18:32:27 2026: KERNEL_SVC: creating session with uuid: '6cc37436-5dba-489f-ae17-e0f173b35641' and name 'v++_compile_upconv_core_top'
Thu May  7 18:32:27 2026: GUIDANCE_SMGR: creating guidance session with uuid: '6cc37436-5dba-489f-ae17-e0f173b35641' and name 'v++_compile_upconv_core_top'
Thu May  7 18:32:27 2026: SYSTEM_DIAGRAM: creating session with uuid: '6cc37436-5dba-489f-ae17-e0f173b35641' and name 'v++_compile_upconv_core_top'
Thu May  7 18:32:30 2026: Dispatch Server: Accepted socket connection from client
Thu May  7 18:32:30 2026: Starting Socket connection
Thu May  7 18:33:49 2026: SESSION_MGR: closing session for UUID '6cc37436-5dba-489f-ae17-e0f173b35641' with name 'v++_compile_upconv_core_top'
Thu May  7 18:33:49 2026: KERNEL_SVC: closing session for UUID '6cc37436-5dba-489f-ae17-e0f173b35641' with name 'v++_compile_upconv_core_top'
Thu May  7 18:33:49 2026: GUIDANCE_SMGR: closing session for UUID '6cc37436-5dba-489f-ae17-e0f173b35641' with name 'v++_compile_upconv_core_top'
Thu May  7 18:33:49 2026: SYSTEM_DIAGRAM: closing session for UUID '6cc37436-5dba-489f-ae17-e0f173b35641' with name 'v++_compile_upconv_core_top'
Thu May  7 18:33:49 2026: STOP_SERVER received, server token: 6c8fc4f9-748a-45da-98a9-1e713fc07f8a, passed token: 6c8fc4f9-748a-45da-98a9-1e713fc07f8a
Thu May  7 18:33:49 2026: Socket received request to stop server.
Thu May  7 18:33:49 2026: Dispatch Server: do_await_stop
Thu May  7 18:33:49 2026: Dispatch Server: stopping mainFifo_
Thu May  7 18:33:49 2026: XCD main fifo: Stopping
Thu May  7 18:33:49 2026: XCD main fifo: do_read error code: Operation canceled
Thu May  7 18:33:49 2026: XCD main fifo: bytes_transferred: 0
Thu May  7 18:33:49 2026: SERVER: destructor for server bound to port 46723
Thu May  7 18:33:49 2026: XCD main fifo: Good unlink of /tmp/xcdmain6c8fc4f9-748a-45da-98a9-1e713fc07f8a
Thu May  7 18:33:49 2026: Server exiting with status 0.
Thu May  7 18:33:49 2026: Closing log file.
Thu May  7 18:51:23 2026: Running xcd server. This server was built by gradle.
Thu May  7 18:51:23 2026: Server was asked to start on port: '40537'
Thu May  7 18:51:23 2026: Server is using token UUID: 'fad502df-404f-4a89-863f-9f5dd7d59950'
Thu May  7 18:51:23 2026: SESSION_MGR: creating session with session uuid: '6d04a3e9-ade5-4ab9-8d63-1f78fcd2ec76' and name 'default'
Thu May  7 18:51:23 2026: Attempting to start server on port '40537'
Thu May  7 18:51:23 2026: XCD main fifo: created main fifo '/tmp/xcdmainfad502df-404f-4a89-863f-9f5dd7d59950', fd read = 13
Thu May  7 18:51:23 2026: Running Dispatch Server
Thu May  7 18:51:23 2026: Version 2.2.0
Thu May  7 18:51:25 2026: Dispatch Server: Accepted socket connection from client
Thu May  7 18:51:25 2026: Starting Socket connection
Thu May  7 18:51:25 2026: EXCHANGE_TOKEN received, server token: fad502df-404f-4a89-863f-9f5dd7d59950, passed token: fad502df-404f-4a89-863f-9f5dd7d59950
Thu May  7 18:51:25 2026: DISPATCH_HANDLER: Adding handler from function makeHandler in library libxv_system_diagram
Thu May  7 18:51:25 2026: SESSION_MGR: creating session with session uuid: '7ed11b7a-55a9-4314-8d30-c19b07dfb09a' and name 'v++_compile_upconv_core_top'
Thu May  7 18:51:25 2026: KERNEL_SVC: creating session with uuid: '7ed11b7a-55a9-4314-8d30-c19b07dfb09a' and name 'v++_compile_upconv_core_top'
Thu May  7 18:51:25 2026: GUIDANCE_SMGR: creating guidance session with uuid: '7ed11b7a-55a9-4314-8d30-c19b07dfb09a' and name 'v++_compile_upconv_core_top'
Thu May  7 18:51:25 2026: SYSTEM_DIAGRAM: creating session with uuid: '7ed11b7a-55a9-4314-8d30-c19b07dfb09a' and name 'v++_compile_upconv_core_top'
Thu May  7 18:51:28 2026: Dispatch Server: Accepted socket connection from client
Thu May  7 18:51:28 2026: Starting Socket connection
Thu May  7 18:52:45 2026: SESSION_MGR: closing session for UUID '7ed11b7a-55a9-4314-8d30-c19b07dfb09a' with name 'v++_compile_upconv_core_top'
Thu May  7 18:52:45 2026: KERNEL_SVC: closing session for UUID '7ed11b7a-55a9-4314-8d30-c19b07dfb09a' with name 'v++_compile_upconv_core_top'
Thu May  7 18:52:45 2026: GUIDANCE_SMGR: closing session for UUID '7ed11b7a-55a9-4314-8d30-c19b07dfb09a' with name 'v++_compile_upconv_core_top'
Thu May  7 18:52:45 2026: SYSTEM_DIAGRAM: closing session for UUID '7ed11b7a-55a9-4314-8d30-c19b07dfb09a' with name 'v++_compile_upconv_core_top'
Thu May  7 18:52:45 2026: STOP_SERVER received, server token: fad502df-404f-4a89-863f-9f5dd7d59950, passed token: fad502df-404f-4a89-863f-9f5dd7d59950
Thu May  7 18:52:45 2026: Socket received request to stop server.
Thu May  7 18:52:45 2026: Dispatch Server: do_await_stop
Thu May  7 18:52:45 2026: Dispatch Server: stopping mainFifo_
Thu May  7 18:52:45 2026: XCD main fifo: Stopping
Thu May  7 18:52:45 2026: XCD main fifo: do_read error code: Operation canceled
Thu May  7 18:52:45 2026: XCD main fifo: bytes_transferred: 0
Thu May  7 18:52:45 2026: SERVER: destructor for server bound to port 40537
Thu May  7 18:52:45 2026: XCD main fifo: Good unlink of /tmp/xcdmainfad502df-404f-4a89-863f-9f5dd7d59950
Thu May  7 18:52:45 2026: Server exiting with status 0.
Thu May  7 18:52:45 2026: Closing log file.
