

================================================================
== Vitis HLS Report for 'UpConv_Fused_Row_8_64_64_240_120_s'
================================================================
* Date:           Fri May  8 13:45:24 2026

* Version:        2024.2 (Build 5238294 on Nov  8 2024)
* Project:        upconv_core_top_ucb2
* Solution:       hls (Vivado IP Flow Target)
* Product family: zynquplus
* Target device:  xczu7ev-ffvc1156-2-e


================================================================
== Performance Estimates
================================================================
+ Timing: 
    * Summary: 
    +--------+---------+----------+------------+
    |  Clock |  Target | Estimated| Uncertainty|
    +--------+---------+----------+------------+
    |ap_clk  |  3.33 ns|  2.719 ns|     0.90 ns|
    +--------+---------+----------+------------+

+ Latency: 
    * Summary: 
    +---------+---------+----------+-----------+--------+---------+---------+
    |  Latency (cycles) |  Latency (absolute)  |     Interval     | Pipeline|
    |   min   |   max   |    min   |    max    |   min  |   max   |   Type  |
    +---------+---------+----------+-----------+--------+---------+---------+
    |   130589|  5163197|  0.435 ms|  17.209 ms|  130589|  5163197|       no|
    +---------+---------+----------+-----------+--------+---------+---------+

    + Detail: 
        * Instance: 
        +--------------------------------------------------------------------+---------------------------------------------------------+---------+---------+----------+-----------+-----+---------+------------------------------------------------+
        |                                                                    |                                                         |  Latency (cycles) |  Latency (absolute)  |    Interval   |                    Pipeline                    |
        |                              Instance                              |                          Module                         |   min   |   max   |    min   |    max    | min |   max   |                      Type                      |
        +--------------------------------------------------------------------+---------------------------------------------------------+---------+---------+----------+-----------+-----+---------+------------------------------------------------+
        |grp_UpConv_Fused_Row_8_64_64_240_120_Pipeline_RESET_ROW_ACC_fu_222  |UpConv_Fused_Row_8_64_64_240_120_Pipeline_RESET_ROW_ACC  |      514|      514|  1.713 us|   1.713 us|  513|      513|  loop auto-rewind stp (delay=0 clock cycles(s))|
        |grp_UpConv_Fused_Row_8_64_64_240_120_Pipeline_LOAD_PARAMS_fu_258    |UpConv_Fused_Row_8_64_64_240_120_Pipeline_LOAD_PARAMS    |       35|       35|  0.117 us|   0.117 us|   27|       27|  loop auto-rewind stp (delay=0 clock cycles(s))|
        |grp_UpConv_Fused_Row_8_64_64_240_120_Outline_TILE_LOOP_fu_273       |UpConv_Fused_Row_8_64_64_240_120_Outline_TILE_LOOP       |      401|  5033009|  1.337 us|  16.775 ms|  401|  5033009|                                              no|
        |grp_UpConv_Fused_Row_8_64_64_240_120_Pipeline_BIAS_STATS_fu_316     |UpConv_Fused_Row_8_64_64_240_120_Pipeline_BIAS_STATS     |      859|      859|  2.863 us|   2.863 us|  847|      847|  loop auto-rewind stp (delay=0 clock cycles(s))|
        |grp_UpConv_Fused_Row_8_64_64_240_120_Pipeline_NORM_WRITE_fu_356     |UpConv_Fused_Row_8_64_64_240_120_Pipeline_NORM_WRITE     |       32|       32|  0.107 us|   0.107 us|    9|        9|  loop auto-rewind stp (delay=0 clock cycles(s))|
        +--------------------------------------------------------------------+---------------------------------------------------------+---------+---------+----------+-----------+-----+---------+------------------------------------------------+

        * Loop: 
        +--------------+---------+---------+----------+-----------+-----------+------+----------+
        |              |  Latency (cycles) | Iteration|  Initiation Interval  | Trip |          |
        |   Loop Name  |   min   |   max   |  Latency |  achieved |   target  | Count| Pipelined|
        +--------------+---------+---------+----------+-----------+-----------+------+----------+
        |- PIXEL_NORM  |   129664|   129664|      1013|          -|          -|   128|        no|
        +--------------+---------+---------+----------+-----------+-----------+------+----------+



================================================================
== Utilization Estimates
================================================================
* Summary: 
+-----------------+---------+------+--------+--------+-----+
|       Name      | BRAM_18K|  DSP |   FF   |   LUT  | URAM|
+-----------------+---------+------+--------+--------+-----+
|DSP              |        -|     -|       -|       -|    -|
|Expression       |        -|     -|       0|     119|    -|
|FIFO             |        -|     -|       -|       -|    -|
|Instance         |       64|   565|   49691|   32216|    -|
|Memory           |       24|     -|       0|       0|   16|
|Multiplexer      |        -|     -|       0|    5222|    -|
|Register         |        -|     -|     595|       -|    -|
+-----------------+---------+------+--------+--------+-----+
|Total            |       88|   565|   50286|   37557|   16|
+-----------------+---------+------+--------+--------+-----+
|Available        |      624|  1728|  460800|  230400|   96|
+-----------------+---------+------+--------+--------+-----+
|Utilization (%)  |       14|    32|      10|      16|   16|
+-----------------+---------+------+--------+--------+-----+

+ Detail: 
    * Instance: 
    +--------------------------------------------------------------------+---------------------------------------------------------+---------+-----+-------+-------+-----+
    |                              Instance                              |                          Module                         | BRAM_18K| DSP |   FF  |  LUT  | URAM|
    +--------------------------------------------------------------------+---------------------------------------------------------+---------+-----+-------+-------+-----+
    |grp_UpConv_Fused_Row_8_64_64_240_120_Outline_TILE_LOOP_fu_273       |UpConv_Fused_Row_8_64_64_240_120_Outline_TILE_LOOP       |       64|  432|  38108|  24453|    0|
    |grp_UpConv_Fused_Row_8_64_64_240_120_Pipeline_BIAS_STATS_fu_316     |UpConv_Fused_Row_8_64_64_240_120_Pipeline_BIAS_STATS     |        0|    0|    807|    750|    0|
    |grp_UpConv_Fused_Row_8_64_64_240_120_Pipeline_LOAD_PARAMS_fu_258    |UpConv_Fused_Row_8_64_64_240_120_Pipeline_LOAD_PARAMS    |        0|    0|   1234|    450|    0|
    |grp_UpConv_Fused_Row_8_64_64_240_120_Pipeline_NORM_WRITE_fu_356     |UpConv_Fused_Row_8_64_64_240_120_Pipeline_NORM_WRITE     |        0|   32|   4300|   2392|    0|
    |grp_UpConv_Fused_Row_8_64_64_240_120_Pipeline_RESET_ROW_ACC_fu_222  |UpConv_Fused_Row_8_64_64_240_120_Pipeline_RESET_ROW_ACC  |        0|    0|     20|    916|    0|
    |faddfsub_32ns_32ns_32_11_full_dsp_1_U559                            |faddfsub_32ns_32ns_32_11_full_dsp_1                      |        0|    2|    369|    236|    0|
    |fdiv_32ns_32ns_32_30_no_dsp_1_U561                                  |fdiv_32ns_32ns_32_30_no_dsp_1                            |        0|    0|      0|      0|    0|
    |fmul_32ns_32ns_32_7_max_dsp_1_U560                                  |fmul_32ns_32ns_32_7_max_dsp_1                            |        0|    3|    197|    123|    0|
    |fsqrt_32ns_32ns_32_28_no_dsp_1_U562                                 |fsqrt_32ns_32ns_32_28_no_dsp_1                           |        0|    0|      0|      0|    0|
    |hadd_16ns_16ns_16_5_full_dsp_1_U565                                 |hadd_16ns_16ns_16_5_full_dsp_1                           |        0|    2|    109|    113|    0|
    |hadd_16ns_16ns_16_5_full_dsp_1_U566                                 |hadd_16ns_16ns_16_5_full_dsp_1                           |        0|    2|    109|    113|    0|
    |hadd_16ns_16ns_16_5_full_dsp_1_U567                                 |hadd_16ns_16ns_16_5_full_dsp_1                           |        0|    2|    109|    113|    0|
    |hadd_16ns_16ns_16_5_full_dsp_1_U568                                 |hadd_16ns_16ns_16_5_full_dsp_1                           |        0|    2|    109|    113|    0|
    |hadd_16ns_16ns_16_5_full_dsp_1_U569                                 |hadd_16ns_16ns_16_5_full_dsp_1                           |        0|    2|    109|    113|    0|
    |hadd_16ns_16ns_16_5_full_dsp_1_U570                                 |hadd_16ns_16ns_16_5_full_dsp_1                           |        0|    2|    109|    113|    0|
    |hadd_16ns_16ns_16_5_full_dsp_1_U571                                 |hadd_16ns_16ns_16_5_full_dsp_1                           |        0|    2|    109|    113|    0|
    |hadd_16ns_16ns_16_5_full_dsp_1_U572                                 |hadd_16ns_16ns_16_5_full_dsp_1                           |        0|    2|    109|    113|    0|
    |hadd_16ns_16ns_16_5_full_dsp_1_U573                                 |hadd_16ns_16ns_16_5_full_dsp_1                           |        0|    2|    109|    113|    0|
    |hadd_16ns_16ns_16_5_full_dsp_1_U574                                 |hadd_16ns_16ns_16_5_full_dsp_1                           |        0|    2|    109|    113|    0|
    |hadd_16ns_16ns_16_5_full_dsp_1_U575                                 |hadd_16ns_16ns_16_5_full_dsp_1                           |        0|    2|    109|    113|    0|
    |hadd_16ns_16ns_16_5_full_dsp_1_U576                                 |hadd_16ns_16ns_16_5_full_dsp_1                           |        0|    2|    109|    113|    0|
    |hadd_16ns_16ns_16_5_full_dsp_1_U577                                 |hadd_16ns_16ns_16_5_full_dsp_1                           |        0|    2|    109|    113|    0|
    |hadd_16ns_16ns_16_5_full_dsp_1_U578                                 |hadd_16ns_16ns_16_5_full_dsp_1                           |        0|    2|    109|    113|    0|
    |hadd_16ns_16ns_16_5_full_dsp_1_U579                                 |hadd_16ns_16ns_16_5_full_dsp_1                           |        0|    2|    109|    113|    0|
    |hadd_16ns_16ns_16_5_full_dsp_1_U612                                 |hadd_16ns_16ns_16_5_full_dsp_1                           |        0|    2|    109|    113|    0|
    |hmul_16ns_16ns_16_4_max_dsp_1_U580                                  |hmul_16ns_16ns_16_4_max_dsp_1                            |        0|    2|     91|     34|    0|
    |hmul_16ns_16ns_16_4_max_dsp_1_U581                                  |hmul_16ns_16ns_16_4_max_dsp_1                            |        0|    2|     91|     34|    0|
    |hmul_16ns_16ns_16_4_max_dsp_1_U582                                  |hmul_16ns_16ns_16_4_max_dsp_1                            |        0|    2|     91|     34|    0|
    |hmul_16ns_16ns_16_4_max_dsp_1_U583                                  |hmul_16ns_16ns_16_4_max_dsp_1                            |        0|    2|     91|     34|    0|
    |hmul_16ns_16ns_16_4_max_dsp_1_U584                                  |hmul_16ns_16ns_16_4_max_dsp_1                            |        0|    2|     91|     34|    0|
    |hmul_16ns_16ns_16_4_max_dsp_1_U585                                  |hmul_16ns_16ns_16_4_max_dsp_1                            |        0|    2|     91|     34|    0|
    |hmul_16ns_16ns_16_4_max_dsp_1_U586                                  |hmul_16ns_16ns_16_4_max_dsp_1                            |        0|    2|     91|     34|    0|
    |hmul_16ns_16ns_16_4_max_dsp_1_U587                                  |hmul_16ns_16ns_16_4_max_dsp_1                            |        0|    2|     91|     34|    0|
    |hmul_16ns_16ns_16_4_max_dsp_1_U588                                  |hmul_16ns_16ns_16_4_max_dsp_1                            |        0|    2|     91|     34|    0|
    |hmul_16ns_16ns_16_4_max_dsp_1_U589                                  |hmul_16ns_16ns_16_4_max_dsp_1                            |        0|    2|     91|     34|    0|
    |hmul_16ns_16ns_16_4_max_dsp_1_U590                                  |hmul_16ns_16ns_16_4_max_dsp_1                            |        0|    2|     91|     34|    0|
    |hmul_16ns_16ns_16_4_max_dsp_1_U591                                  |hmul_16ns_16ns_16_4_max_dsp_1                            |        0|    2|     91|     34|    0|
    |hmul_16ns_16ns_16_4_max_dsp_1_U592                                  |hmul_16ns_16ns_16_4_max_dsp_1                            |        0|    2|     91|     34|    0|
    |hmul_16ns_16ns_16_4_max_dsp_1_U593                                  |hmul_16ns_16ns_16_4_max_dsp_1                            |        0|    2|     91|     34|    0|
    |hmul_16ns_16ns_16_4_max_dsp_1_U594                                  |hmul_16ns_16ns_16_4_max_dsp_1                            |        0|    2|     91|     34|    0|
    |hmul_16ns_16ns_16_4_max_dsp_1_U595                                  |hmul_16ns_16ns_16_4_max_dsp_1                            |        0|    2|     91|     34|    0|
    |hmul_16ns_16ns_16_4_max_dsp_1_U596                                  |hmul_16ns_16ns_16_4_max_dsp_1                            |        0|    2|     91|     34|    0|
    |hmul_16ns_16ns_16_4_max_dsp_1_U597                                  |hmul_16ns_16ns_16_4_max_dsp_1                            |        0|    2|     91|     34|    0|
    |hmul_16ns_16ns_16_4_max_dsp_1_U598                                  |hmul_16ns_16ns_16_4_max_dsp_1                            |        0|    2|     91|     34|    0|
    |hmul_16ns_16ns_16_4_max_dsp_1_U599                                  |hmul_16ns_16ns_16_4_max_dsp_1                            |        0|    2|     91|     34|    0|
    |hmul_16ns_16ns_16_4_max_dsp_1_U600                                  |hmul_16ns_16ns_16_4_max_dsp_1                            |        0|    2|     91|     34|    0|
    |hmul_16ns_16ns_16_4_max_dsp_1_U601                                  |hmul_16ns_16ns_16_4_max_dsp_1                            |        0|    2|     91|     34|    0|
    |hmul_16ns_16ns_16_4_max_dsp_1_U602                                  |hmul_16ns_16ns_16_4_max_dsp_1                            |        0|    2|     91|     34|    0|
    |hmul_16ns_16ns_16_4_max_dsp_1_U603                                  |hmul_16ns_16ns_16_4_max_dsp_1                            |        0|    2|     91|     34|    0|
    |hmul_16ns_16ns_16_4_max_dsp_1_U604                                  |hmul_16ns_16ns_16_4_max_dsp_1                            |        0|    2|     91|     34|    0|
    |hmul_16ns_16ns_16_4_max_dsp_1_U605                                  |hmul_16ns_16ns_16_4_max_dsp_1                            |        0|    2|     91|     34|    0|
    |hmul_16ns_16ns_16_4_max_dsp_1_U606                                  |hmul_16ns_16ns_16_4_max_dsp_1                            |        0|    2|     91|     34|    0|
    |hmul_16ns_16ns_16_4_max_dsp_1_U607                                  |hmul_16ns_16ns_16_4_max_dsp_1                            |        0|    2|     91|     34|    0|
    |hmul_16ns_16ns_16_4_max_dsp_1_U608                                  |hmul_16ns_16ns_16_4_max_dsp_1                            |        0|    2|     91|     34|    0|
    |hmul_16ns_16ns_16_4_max_dsp_1_U609                                  |hmul_16ns_16ns_16_4_max_dsp_1                            |        0|    2|     91|     34|    0|
    |hmul_16ns_16ns_16_4_max_dsp_1_U610                                  |hmul_16ns_16ns_16_4_max_dsp_1                            |        0|    2|     91|     34|    0|
    |hmul_16ns_16ns_16_4_max_dsp_1_U611                                  |hmul_16ns_16ns_16_4_max_dsp_1                            |        0|    2|     91|     34|    0|
    |hptosp_16ns_32_2_no_dsp_1_U564                                      |hptosp_16ns_32_2_no_dsp_1                                |        0|    0|      0|      0|    0|
    |sptohp_32ns_16_2_no_dsp_1_U563                                      |sptohp_32ns_16_2_no_dsp_1                                |        0|    0|      0|      0|    0|
    +--------------------------------------------------------------------+---------------------------------------------------------+---------+-----+-------+-------+-----+
    |Total                                                               |                                                         |       64|  565|  49691|  32216|    0|
    +--------------------------------------------------------------------+---------------------------------------------------------+---------+-----+-------+-------+-----+

    * DSP: 
    N/A

    * Memory: 
    +---------------------------------------------------------------------------------------+----------------------------------------------------------------------------------+---------+---+----+-----+------+-----+------+-------------+
    |                                         Memory                                        |                                      Module                                      | BRAM_18K| FF| LUT| URAM| Words| Bits| Banks| W*Bits*Banks|
    +---------------------------------------------------------------------------------------+----------------------------------------------------------------------------------+---------+---+----+-----+------+-----+------+-------------+
    |b_buf_U                                                                                |UpConv_Fused_Row_8_64_64_240_120_s_b_buf_RAM_T2P_BRAM_1R1W                        |        8|  0|   0|    0|     8|  256|     1|         2048|
    |g_buf_U                                                                                |UpConv_Fused_Row_8_64_64_240_120_s_b_buf_RAM_T2P_BRAM_1R1W                        |        8|  0|   0|    0|     8|  256|     1|         2048|
    |be_buf_U                                                                               |UpConv_Fused_Row_8_64_64_240_120_s_b_buf_RAM_T2P_BRAM_1R1W                        |        8|  0|   0|    0|     8|  256|     1|         2048|
    |void_UpConv_Fused_Row_ap_uint_ap_uint_const_ap_uint_const_ap_uint_const_ap_u_9_U       |UpConv_Fused_Row_8_64_64_240_120_s_void_UpConv_Fused_Row_ap_uint_ap_uint_consbkb  |        0|  0|   0|    1|  1024|   16|     1|        16384|
    |void_UpConv_Fused_Row_ap_uint_ap_uint_const_ap_uint_const_ap_uint_const_ap_u_8_U       |UpConv_Fused_Row_8_64_64_240_120_s_void_UpConv_Fused_Row_ap_uint_ap_uint_consbkb  |        0|  0|   0|    1|  1024|   16|     1|        16384|
    |void_UpConv_Fused_Row_ap_uint_ap_uint_const_ap_uint_const_ap_uint_const_ap_u_7_U       |UpConv_Fused_Row_8_64_64_240_120_s_void_UpConv_Fused_Row_ap_uint_ap_uint_consbkb  |        0|  0|   0|    1|  1024|   16|     1|        16384|
    |void_UpConv_Fused_Row_ap_uint_ap_uint_const_ap_uint_const_ap_uint_const_ap_u_6_U       |UpConv_Fused_Row_8_64_64_240_120_s_void_UpConv_Fused_Row_ap_uint_ap_uint_consbkb  |        0|  0|   0|    1|  1024|   16|     1|        16384|
    |void_UpConv_Fused_Row_ap_uint_ap_uint_const_ap_uint_const_ap_uint_const_ap_u_5_U       |UpConv_Fused_Row_8_64_64_240_120_s_void_UpConv_Fused_Row_ap_uint_ap_uint_consbkb  |        0|  0|   0|    1|  1024|   16|     1|        16384|
    |void_UpConv_Fused_Row_ap_uint_ap_uint_const_ap_uint_const_ap_uint_const_ap_u_4_U       |UpConv_Fused_Row_8_64_64_240_120_s_void_UpConv_Fused_Row_ap_uint_ap_uint_consbkb  |        0|  0|   0|    1|  1024|   16|     1|        16384|
    |void_UpConv_Fused_Row_ap_uint_ap_uint_const_ap_uint_const_ap_uint_const_ap_u_3_U       |UpConv_Fused_Row_8_64_64_240_120_s_void_UpConv_Fused_Row_ap_uint_ap_uint_consbkb  |        0|  0|   0|    1|  1024|   16|     1|        16384|
    |void_UpConv_Fused_Row_ap_uint_ap_uint_const_ap_uint_const_ap_uint_const_ap_u_2_U       |UpConv_Fused_Row_8_64_64_240_120_s_void_UpConv_Fused_Row_ap_uint_ap_uint_consbkb  |        0|  0|   0|    1|  1024|   16|     1|        16384|
    |void_UpConv_Fused_Row_ap_uint_ap_uint_const_ap_uint_const_ap_uint_const_ap_u_1_U       |UpConv_Fused_Row_8_64_64_240_120_s_void_UpConv_Fused_Row_ap_uint_ap_uint_consbkb  |        0|  0|   0|    1|  1024|   16|     1|        16384|
    |void_UpConv_Fused_Row_ap_uint_ap_uint_const_ap_uint_const_ap_uint_const_ap_u_U         |UpConv_Fused_Row_8_64_64_240_120_s_void_UpConv_Fused_Row_ap_uint_ap_uint_consbkb  |        0|  0|   0|    1|  1024|   16|     1|        16384|
    |p_ZZ16UpConv_Fused_RowILi8ELi64ELi64ELi240ELi120EEvP7ap_uintILi256EEPKS1_S4_S4_S4_5_U  |UpConv_Fused_Row_8_64_64_240_120_s_void_UpConv_Fused_Row_ap_uint_ap_uint_consbkb  |        0|  0|   0|    1|  1024|   16|     1|        16384|
    |p_ZZ16UpConv_Fused_RowILi8ELi64ELi64ELi240ELi120EEvP7ap_uintILi256EEPKS1_S4_S4_S4_4_U  |UpConv_Fused_Row_8_64_64_240_120_s_void_UpConv_Fused_Row_ap_uint_ap_uint_consbkb  |        0|  0|   0|    1|  1024|   16|     1|        16384|
    |p_ZZ16UpConv_Fused_RowILi8ELi64ELi64ELi240ELi120EEvP7ap_uintILi256EEPKS1_S4_S4_S4_3_U  |UpConv_Fused_Row_8_64_64_240_120_s_void_UpConv_Fused_Row_ap_uint_ap_uint_consbkb  |        0|  0|   0|    1|  1024|   16|     1|        16384|
    |p_ZZ16UpConv_Fused_RowILi8ELi64ELi64ELi240ELi120EEvP7ap_uintILi256EEPKS1_S4_S4_S4_2_U  |UpConv_Fused_Row_8_64_64_240_120_s_void_UpConv_Fused_Row_ap_uint_ap_uint_consbkb  |        0|  0|   0|    1|  1024|   16|     1|        16384|
    |p_ZZ16UpConv_Fused_RowILi8ELi64ELi64ELi240ELi120EEvP7ap_uintILi256EEPKS1_S4_S4_S4_1_U  |UpConv_Fused_Row_8_64_64_240_120_s_void_UpConv_Fused_Row_ap_uint_ap_uint_consbkb  |        0|  0|   0|    1|  1024|   16|     1|        16384|
    |p_ZZ16UpConv_Fused_RowILi8ELi64ELi64ELi240ELi120EEvP7ap_uintILi256EEPKS1_S4_S4_S4_U    |UpConv_Fused_Row_8_64_64_240_120_s_void_UpConv_Fused_Row_ap_uint_ap_uint_consbkb  |        0|  0|   0|    1|  1024|   16|     1|        16384|
    +---------------------------------------------------------------------------------------+----------------------------------------------------------------------------------+---------+---+----+-----+------+-----+------+-------------+
    |Total                                                                                  |                                                                                  |       24|  0|   0|   16| 16408| 1024|    19|       268288|
    +---------------------------------------------------------------------------------------+----------------------------------------------------------------------------------+---------+---+----+-----+------+-----+------+-------------+

    * FIFO: 
    N/A

    * Expression: 
    +---------------------------------+----------+----+---+----+------------+------------+
    |          Variable Name          | Operation| DSP| FF| LUT| Bitwidth P0| Bitwidth P1|
    +---------------------------------+----------+----+---+----+------------+------------+
    |add52_fu_483_p2                  |         +|   0|  0|  15|           8|           1|
    |add_ln238_1_fu_536_p2            |         +|   0|  0|  15|           8|           1|
    |add_ln238_fu_501_p2              |         +|   0|  0|  71|          64|          64|
    |icmp_ln238_fu_530_p2             |      icmp|   0|  0|  16|           8|           9|
    |ap_block_state2_on_subcall_done  |        or|   0|  0|   2|           1|           1|
    +---------------------------------+----------+----+---+----+------------+------------+
    |Total                            |          |   0|  0| 119|          89|          76|
    +---------------------------------+----------+----+---+----+------------+------------+

    * Multiplexer: 
    +----------------------------------------------------------------------------------------------+-----+-----------+-----+-----------+
    |                                             Name                                             | LUT | Input Size| Bits| Total Bits|
    +----------------------------------------------------------------------------------------------+-----+-----------+-----+-----------+
    |ap_NS_fsm                                                                                     |  699|        133|    1|        133|
    |b_buf_address0                                                                                |   14|          3|    3|          9|
    |b_buf_ce0                                                                                     |   14|          3|    1|          3|
    |b_buf_we0                                                                                     |    9|          2|    1|          2|
    |be_buf_address0                                                                               |   14|          3|    3|          9|
    |be_buf_ce0                                                                                    |   14|          3|    1|          3|
    |be_buf_we0                                                                                    |    9|          2|    1|          2|
    |g_buf_address0                                                                                |   14|          3|    3|          9|
    |g_buf_ce0                                                                                     |   14|          3|    1|          3|
    |g_buf_we0                                                                                     |    9|          2|    1|          2|
    |gmem_out_blk_n_AW                                                                             |    9|          2|    1|          2|
    |gmem_out_blk_n_B                                                                              |    9|          2|    1|          2|
    |grp_fu_400_opcode                                                                             |   14|          3|    2|          6|
    |grp_fu_400_p0                                                                                 |   14|          3|   32|         96|
    |grp_fu_400_p1                                                                                 |   14|          3|   32|         96|
    |grp_fu_404_ce                                                                                 |    9|          2|    1|          2|
    |grp_fu_404_p0                                                                                 |   14|          3|   32|         96|
    |grp_fu_404_p1                                                                                 |   14|          3|   32|         96|
    |grp_fu_408_p0                                                                                 |   20|          4|   32|        128|
    |grp_fu_408_p1                                                                                 |   14|          3|   32|         96|
    |grp_fu_423_ce                                                                                 |   14|          3|    1|          3|
    |grp_fu_423_p0                                                                                 |   14|          3|   16|         48|
    |grp_fu_678_ce                                                                                 |   14|          3|    1|          3|
    |grp_fu_678_p0                                                                                 |   14|          3|   16|         48|
    |grp_fu_678_p1                                                                                 |   14|          3|   16|         48|
    |grp_fu_682_ce                                                                                 |   14|          3|    1|          3|
    |grp_fu_682_p0                                                                                 |   14|          3|   16|         48|
    |grp_fu_682_p1                                                                                 |   14|          3|   16|         48|
    |grp_fu_686_ce                                                                                 |   14|          3|    1|          3|
    |grp_fu_686_p0                                                                                 |   14|          3|   16|         48|
    |grp_fu_686_p1                                                                                 |   14|          3|   16|         48|
    |grp_fu_690_ce                                                                                 |   14|          3|    1|          3|
    |grp_fu_690_p0                                                                                 |   14|          3|   16|         48|
    |grp_fu_690_p1                                                                                 |   14|          3|   16|         48|
    |grp_fu_694_ce                                                                                 |   14|          3|    1|          3|
    |grp_fu_694_p0                                                                                 |   14|          3|   16|         48|
    |grp_fu_694_p1                                                                                 |   14|          3|   16|         48|
    |grp_fu_698_ce                                                                                 |   14|          3|    1|          3|
    |grp_fu_698_p0                                                                                 |   14|          3|   16|         48|
    |grp_fu_698_p1                                                                                 |   14|          3|   16|         48|
    |grp_fu_702_ce                                                                                 |   14|          3|    1|          3|
    |grp_fu_702_p0                                                                                 |   14|          3|   16|         48|
    |grp_fu_702_p1                                                                                 |   14|          3|   16|         48|
    |grp_fu_706_ce                                                                                 |   14|          3|    1|          3|
    |grp_fu_706_p0                                                                                 |   14|          3|   16|         48|
    |grp_fu_706_p1                                                                                 |   14|          3|   16|         48|
    |grp_fu_710_ce                                                                                 |   14|          3|    1|          3|
    |grp_fu_710_p0                                                                                 |   14|          3|   16|         48|
    |grp_fu_710_p1                                                                                 |   14|          3|   16|         48|
    |grp_fu_714_ce                                                                                 |   14|          3|    1|          3|
    |grp_fu_714_p0                                                                                 |   14|          3|   16|         48|
    |grp_fu_714_p1                                                                                 |   14|          3|   16|         48|
    |grp_fu_718_ce                                                                                 |   14|          3|    1|          3|
    |grp_fu_718_p0                                                                                 |   14|          3|   16|         48|
    |grp_fu_718_p1                                                                                 |   14|          3|   16|         48|
    |grp_fu_722_ce                                                                                 |   14|          3|    1|          3|
    |grp_fu_722_p0                                                                                 |   14|          3|   16|         48|
    |grp_fu_722_p1                                                                                 |   14|          3|   16|         48|
    |grp_fu_726_ce                                                                                 |   14|          3|    1|          3|
    |grp_fu_726_p0                                                                                 |   14|          3|   16|         48|
    |grp_fu_726_p1                                                                                 |   14|          3|   16|         48|
    |grp_fu_730_ce                                                                                 |   14|          3|    1|          3|
    |grp_fu_730_p0                                                                                 |   14|          3|   16|         48|
    |grp_fu_730_p1                                                                                 |   14|          3|   16|         48|
    |grp_fu_734_ce                                                                                 |   14|          3|    1|          3|
    |grp_fu_734_p0                                                                                 |   14|          3|   16|         48|
    |grp_fu_734_p1                                                                                 |   14|          3|   16|         48|
    |grp_fu_738_ce                                                                                 |   14|          3|    1|          3|
    |grp_fu_738_p0                                                                                 |   14|          3|   16|         48|
    |grp_fu_738_p1                                                                                 |   14|          3|   16|         48|
    |grp_fu_742_ce                                                                                 |   14|          3|    1|          3|
    |grp_fu_742_p0                                                                                 |   14|          3|   16|         48|
    |grp_fu_742_p1                                                                                 |   14|          3|   16|         48|
    |grp_fu_746_ce                                                                                 |   14|          3|    1|          3|
    |grp_fu_746_p0                                                                                 |   14|          3|   16|         48|
    |grp_fu_746_p1                                                                                 |   14|          3|   16|         48|
    |grp_fu_750_ce                                                                                 |   14|          3|    1|          3|
    |grp_fu_750_p0                                                                                 |   14|          3|   16|         48|
    |grp_fu_750_p1                                                                                 |   14|          3|   16|         48|
    |grp_fu_754_ce                                                                                 |   14|          3|    1|          3|
    |grp_fu_754_p0                                                                                 |   14|          3|   16|         48|
    |grp_fu_754_p1                                                                                 |   14|          3|   16|         48|
    |grp_fu_758_ce                                                                                 |   14|          3|    1|          3|
    |grp_fu_758_p0                                                                                 |   14|          3|   16|         48|
    |grp_fu_758_p1                                                                                 |   14|          3|   16|         48|
    |grp_fu_762_ce                                                                                 |   14|          3|    1|          3|
    |grp_fu_762_p0                                                                                 |   14|          3|   16|         48|
    |grp_fu_762_p1                                                                                 |   14|          3|   16|         48|
    |grp_fu_766_ce                                                                                 |   14|          3|    1|          3|
    |grp_fu_766_p0                                                                                 |   14|          3|   16|         48|
    |grp_fu_766_p1                                                                                 |   14|          3|   16|         48|
    |grp_fu_770_ce                                                                                 |   14|          3|    1|          3|
    |grp_fu_770_p0                                                                                 |   14|          3|   16|         48|
    |grp_fu_770_p1                                                                                 |   14|          3|   16|         48|
    |grp_fu_774_ce                                                                                 |   14|          3|    1|          3|
    |grp_fu_774_p0                                                                                 |   14|          3|   16|         48|
    |grp_fu_774_p1                                                                                 |   14|          3|   16|         48|
    |grp_fu_778_ce                                                                                 |   14|          3|    1|          3|
    |grp_fu_778_p0                                                                                 |   14|          3|   16|         48|
    |grp_fu_778_p1                                                                                 |   14|          3|   16|         48|
    |grp_fu_782_ce                                                                                 |   14|          3|    1|          3|
    |grp_fu_782_p0                                                                                 |   14|          3|   16|         48|
    |grp_fu_782_p1                                                                                 |   14|          3|   16|         48|
    |grp_fu_786_ce                                                                                 |   14|          3|    1|          3|
    |grp_fu_786_p0                                                                                 |   14|          3|   16|         48|
    |grp_fu_786_p1                                                                                 |   14|          3|   16|         48|
    |grp_fu_790_ce                                                                                 |   14|          3|    1|          3|
    |grp_fu_790_p0                                                                                 |   14|          3|   16|         48|
    |grp_fu_790_p1                                                                                 |   14|          3|   16|         48|
    |grp_fu_794_ce                                                                                 |   14|          3|    1|          3|
    |grp_fu_794_p0                                                                                 |   14|          3|   16|         48|
    |grp_fu_794_p1                                                                                 |   14|          3|   16|         48|
    |grp_fu_798_ce                                                                                 |   14|          3|    1|          3|
    |grp_fu_798_p0                                                                                 |   14|          3|   16|         48|
    |grp_fu_798_p1                                                                                 |   14|          3|   16|         48|
    |grp_fu_802_ce                                                                                 |   14|          3|    1|          3|
    |grp_fu_802_p0                                                                                 |   14|          3|   16|         48|
    |grp_fu_802_p1                                                                                 |   14|          3|   16|         48|
    |grp_fu_806_ce                                                                                 |   14|          3|    1|          3|
    |grp_fu_806_p0                                                                                 |   14|          3|   16|         48|
    |grp_fu_806_p1                                                                                 |   14|          3|   16|         48|
    |grp_fu_810_ce                                                                                 |   14|          3|    1|          3|
    |grp_fu_810_p0                                                                                 |   14|          3|   16|         48|
    |grp_fu_810_p1                                                                                 |   14|          3|   16|         48|
    |grp_fu_814_ce                                                                                 |   14|          3|    1|          3|
    |grp_fu_814_p0                                                                                 |   14|          3|   16|         48|
    |grp_fu_814_p1                                                                                 |   14|          3|   16|         48|
    |grp_fu_818_ce                                                                                 |   14|          3|    1|          3|
    |grp_fu_818_p0                                                                                 |   14|          3|   16|         48|
    |grp_fu_818_p1                                                                                 |   14|          3|   16|         48|
    |grp_fu_822_ce                                                                                 |   14|          3|    1|          3|
    |grp_fu_822_p0                                                                                 |   14|          3|   16|         48|
    |grp_fu_822_p1                                                                                 |   14|          3|   16|         48|
    |grp_fu_826_ce                                                                                 |   14|          3|    1|          3|
    |grp_fu_826_p0                                                                                 |   14|          3|   16|         48|
    |grp_fu_826_p1                                                                                 |   14|          3|   16|         48|
    |grp_fu_830_ce                                                                                 |   14|          3|    1|          3|
    |grp_fu_830_p0                                                                                 |   14|          3|   16|         48|
    |grp_fu_830_p1                                                                                 |   14|          3|   16|         48|
    |grp_fu_834_ce                                                                                 |   14|          3|    1|          3|
    |grp_fu_834_p0                                                                                 |   14|          3|   16|         48|
    |grp_fu_834_p1                                                                                 |   14|          3|   16|         48|
    |grp_fu_838_ce                                                                                 |   14|          3|    1|          3|
    |grp_fu_838_p0                                                                                 |   14|          3|   16|         48|
    |grp_fu_838_p1                                                                                 |   14|          3|   16|         48|
    |grp_fu_842_ce                                                                                 |   14|          3|    1|          3|
    |grp_fu_842_p0                                                                                 |   14|          3|   16|         48|
    |grp_fu_842_p1                                                                                 |   14|          3|   16|         48|
    |grp_fu_846_ce                                                                                 |   14|          3|    1|          3|
    |grp_fu_846_p0                                                                                 |   14|          3|   16|         48|
    |grp_fu_846_p1                                                                                 |   14|          3|   16|         48|
    |grp_fu_850_ce                                                                                 |   14|          3|    1|          3|
    |grp_fu_850_p0                                                                                 |   14|          3|   16|         48|
    |grp_fu_850_p1                                                                                 |   14|          3|   16|         48|
    |grp_fu_854_ce                                                                                 |   14|          3|    1|          3|
    |grp_fu_854_p0                                                                                 |   14|          3|   16|         48|
    |grp_fu_854_p1                                                                                 |   14|          3|   16|         48|
    |grp_fu_858_ce                                                                                 |   14|          3|    1|          3|
    |grp_fu_858_p0                                                                                 |   14|          3|   16|         48|
    |grp_fu_858_p1                                                                                 |   14|          3|   16|         48|
    |grp_fu_862_ce                                                                                 |   14|          3|    1|          3|
    |grp_fu_862_p0                                                                                 |   14|          3|   16|         48|
    |grp_fu_862_p1                                                                                 |   14|          3|   16|         48|
    |grp_fu_866_ce                                                                                 |   20|          4|    1|          4|
    |grp_fu_866_p0                                                                                 |   20|          4|   16|         64|
    |grp_fu_866_p1                                                                                 |   20|          4|   16|         64|
    |m_axi_gmem_out_0_AWADDR                                                                       |   14|          3|   64|        192|
    |m_axi_gmem_out_0_AWBURST                                                                      |    9|          2|    2|          4|
    |m_axi_gmem_out_0_AWCACHE                                                                      |    9|          2|    4|          8|
    |m_axi_gmem_out_0_AWID                                                                         |    9|          2|    1|          2|
    |m_axi_gmem_out_0_AWLEN                                                                        |   14|          3|   32|         96|
    |m_axi_gmem_out_0_AWLOCK                                                                       |    9|          2|    2|          4|
    |m_axi_gmem_out_0_AWPROT                                                                       |    9|          2|    3|          6|
    |m_axi_gmem_out_0_AWQOS                                                                        |    9|          2|    4|          8|
    |m_axi_gmem_out_0_AWREGION                                                                     |    9|          2|    4|          8|
    |m_axi_gmem_out_0_AWSIZE                                                                       |    9|          2|    3|          6|
    |m_axi_gmem_out_0_AWUSER                                                                       |    9|          2|    1|          2|
    |m_axi_gmem_out_0_AWVALID                                                                      |   14|          3|    1|          3|
    |m_axi_gmem_out_0_BREADY                                                                       |   14|          3|    1|          3|
    |m_axi_gmem_out_0_WVALID                                                                       |    9|          2|    1|          2|
    |p_ZZ16UpConv_Fused_RowILi8ELi64ELi64ELi240ELi120EEvP7ap_uintILi256EEPKS1_S4_S4_S4_1_address0  |   26|          5|   10|         50|
    |p_ZZ16UpConv_Fused_RowILi8ELi64ELi64ELi240ELi120EEvP7ap_uintILi256EEPKS1_S4_S4_S4_1_address1  |   14|          3|   10|         30|
    |p_ZZ16UpConv_Fused_RowILi8ELi64ELi64ELi240ELi120EEvP7ap_uintILi256EEPKS1_S4_S4_S4_1_ce0       |   26|          5|    1|          5|
    |p_ZZ16UpConv_Fused_RowILi8ELi64ELi64ELi240ELi120EEvP7ap_uintILi256EEPKS1_S4_S4_S4_1_ce1       |   14|          3|    1|          3|
    |p_ZZ16UpConv_Fused_RowILi8ELi64ELi64ELi240ELi120EEvP7ap_uintILi256EEPKS1_S4_S4_S4_1_d0        |   20|          4|   16|         64|
    |p_ZZ16UpConv_Fused_RowILi8ELi64ELi64ELi240ELi120EEvP7ap_uintILi256EEPKS1_S4_S4_S4_1_we0       |   20|          4|    1|          4|
    |p_ZZ16UpConv_Fused_RowILi8ELi64ELi64ELi240ELi120EEvP7ap_uintILi256EEPKS1_S4_S4_S4_1_we1       |    9|          2|    1|          2|
    |p_ZZ16UpConv_Fused_RowILi8ELi64ELi64ELi240ELi120EEvP7ap_uintILi256EEPKS1_S4_S4_S4_2_address0  |   26|          5|   10|         50|
    |p_ZZ16UpConv_Fused_RowILi8ELi64ELi64ELi240ELi120EEvP7ap_uintILi256EEPKS1_S4_S4_S4_2_address1  |   14|          3|   10|         30|
    |p_ZZ16UpConv_Fused_RowILi8ELi64ELi64ELi240ELi120EEvP7ap_uintILi256EEPKS1_S4_S4_S4_2_ce0       |   26|          5|    1|          5|
    |p_ZZ16UpConv_Fused_RowILi8ELi64ELi64ELi240ELi120EEvP7ap_uintILi256EEPKS1_S4_S4_S4_2_ce1       |   14|          3|    1|          3|
    |p_ZZ16UpConv_Fused_RowILi8ELi64ELi64ELi240ELi120EEvP7ap_uintILi256EEPKS1_S4_S4_S4_2_d0        |   20|          4|   16|         64|
    |p_ZZ16UpConv_Fused_RowILi8ELi64ELi64ELi240ELi120EEvP7ap_uintILi256EEPKS1_S4_S4_S4_2_we0       |   20|          4|    1|          4|
    |p_ZZ16UpConv_Fused_RowILi8ELi64ELi64ELi240ELi120EEvP7ap_uintILi256EEPKS1_S4_S4_S4_2_we1       |    9|          2|    1|          2|
    |p_ZZ16UpConv_Fused_RowILi8ELi64ELi64ELi240ELi120EEvP7ap_uintILi256EEPKS1_S4_S4_S4_3_address0  |   26|          5|   10|         50|
    |p_ZZ16UpConv_Fused_RowILi8ELi64ELi64ELi240ELi120EEvP7ap_uintILi256EEPKS1_S4_S4_S4_3_address1  |   14|          3|   10|         30|
    |p_ZZ16UpConv_Fused_RowILi8ELi64ELi64ELi240ELi120EEvP7ap_uintILi256EEPKS1_S4_S4_S4_3_ce0       |   26|          5|    1|          5|
    |p_ZZ16UpConv_Fused_RowILi8ELi64ELi64ELi240ELi120EEvP7ap_uintILi256EEPKS1_S4_S4_S4_3_ce1       |   14|          3|    1|          3|
    |p_ZZ16UpConv_Fused_RowILi8ELi64ELi64ELi240ELi120EEvP7ap_uintILi256EEPKS1_S4_S4_S4_3_d0        |   20|          4|   16|         64|
    |p_ZZ16UpConv_Fused_RowILi8ELi64ELi64ELi240ELi120EEvP7ap_uintILi256EEPKS1_S4_S4_S4_3_we0       |   20|          4|    1|          4|
    |p_ZZ16UpConv_Fused_RowILi8ELi64ELi64ELi240ELi120EEvP7ap_uintILi256EEPKS1_S4_S4_S4_3_we1       |    9|          2|    1|          2|
    |p_ZZ16UpConv_Fused_RowILi8ELi64ELi64ELi240ELi120EEvP7ap_uintILi256EEPKS1_S4_S4_S4_4_address0  |   26|          5|   10|         50|
    |p_ZZ16UpConv_Fused_RowILi8ELi64ELi64ELi240ELi120EEvP7ap_uintILi256EEPKS1_S4_S4_S4_4_address1  |   14|          3|   10|         30|
    |p_ZZ16UpConv_Fused_RowILi8ELi64ELi64ELi240ELi120EEvP7ap_uintILi256EEPKS1_S4_S4_S4_4_ce0       |   26|          5|    1|          5|
    |p_ZZ16UpConv_Fused_RowILi8ELi64ELi64ELi240ELi120EEvP7ap_uintILi256EEPKS1_S4_S4_S4_4_ce1       |   14|          3|    1|          3|
    |p_ZZ16UpConv_Fused_RowILi8ELi64ELi64ELi240ELi120EEvP7ap_uintILi256EEPKS1_S4_S4_S4_4_d0        |   20|          4|   16|         64|
    |p_ZZ16UpConv_Fused_RowILi8ELi64ELi64ELi240ELi120EEvP7ap_uintILi256EEPKS1_S4_S4_S4_4_we0       |   20|          4|    1|          4|
    |p_ZZ16UpConv_Fused_RowILi8ELi64ELi64ELi240ELi120EEvP7ap_uintILi256EEPKS1_S4_S4_S4_4_we1       |    9|          2|    1|          2|
    |p_ZZ16UpConv_Fused_RowILi8ELi64ELi64ELi240ELi120EEvP7ap_uintILi256EEPKS1_S4_S4_S4_5_address0  |   26|          5|   10|         50|
    |p_ZZ16UpConv_Fused_RowILi8ELi64ELi64ELi240ELi120EEvP7ap_uintILi256EEPKS1_S4_S4_S4_5_address1  |   14|          3|   10|         30|
    |p_ZZ16UpConv_Fused_RowILi8ELi64ELi64ELi240ELi120EEvP7ap_uintILi256EEPKS1_S4_S4_S4_5_ce0       |   26|          5|    1|          5|
    |p_ZZ16UpConv_Fused_RowILi8ELi64ELi64ELi240ELi120EEvP7ap_uintILi256EEPKS1_S4_S4_S4_5_ce1       |   14|          3|    1|          3|
    |p_ZZ16UpConv_Fused_RowILi8ELi64ELi64ELi240ELi120EEvP7ap_uintILi256EEPKS1_S4_S4_S4_5_d0        |   20|          4|   16|         64|
    |p_ZZ16UpConv_Fused_RowILi8ELi64ELi64ELi240ELi120EEvP7ap_uintILi256EEPKS1_S4_S4_S4_5_we0       |   20|          4|    1|          4|
    |p_ZZ16UpConv_Fused_RowILi8ELi64ELi64ELi240ELi120EEvP7ap_uintILi256EEPKS1_S4_S4_S4_5_we1       |    9|          2|    1|          2|
    |p_ZZ16UpConv_Fused_RowILi8ELi64ELi64ELi240ELi120EEvP7ap_uintILi256EEPKS1_S4_S4_S4_address0    |   26|          5|   10|         50|
    |p_ZZ16UpConv_Fused_RowILi8ELi64ELi64ELi240ELi120EEvP7ap_uintILi256EEPKS1_S4_S4_S4_address1    |   14|          3|   10|         30|
    |p_ZZ16UpConv_Fused_RowILi8ELi64ELi64ELi240ELi120EEvP7ap_uintILi256EEPKS1_S4_S4_S4_ce0         |   26|          5|    1|          5|
    |p_ZZ16UpConv_Fused_RowILi8ELi64ELi64ELi240ELi120EEvP7ap_uintILi256EEPKS1_S4_S4_S4_ce1         |   14|          3|    1|          3|
    |p_ZZ16UpConv_Fused_RowILi8ELi64ELi64ELi240ELi120EEvP7ap_uintILi256EEPKS1_S4_S4_S4_d0          |   20|          4|   16|         64|
    |p_ZZ16UpConv_Fused_RowILi8ELi64ELi64ELi240ELi120EEvP7ap_uintILi256EEPKS1_S4_S4_S4_we0         |   20|          4|    1|          4|
    |p_ZZ16UpConv_Fused_RowILi8ELi64ELi64ELi240ELi120EEvP7ap_uintILi256EEPKS1_S4_S4_S4_we1         |    9|          2|    1|          2|
    |void_UpConv_Fused_Row_ap_uint_ap_uint_const_ap_uint_const_ap_uint_const_ap_u_1_address0       |   26|          5|   10|         50|
    |void_UpConv_Fused_Row_ap_uint_ap_uint_const_ap_uint_const_ap_uint_const_ap_u_1_address1       |   14|          3|   10|         30|
    |void_UpConv_Fused_Row_ap_uint_ap_uint_const_ap_uint_const_ap_uint_const_ap_u_1_ce0            |   26|          5|    1|          5|
    |void_UpConv_Fused_Row_ap_uint_ap_uint_const_ap_uint_const_ap_uint_const_ap_u_1_ce1            |   14|          3|    1|          3|
    |void_UpConv_Fused_Row_ap_uint_ap_uint_const_ap_uint_const_ap_uint_const_ap_u_1_d0             |   20|          4|   16|         64|
    |void_UpConv_Fused_Row_ap_uint_ap_uint_const_ap_uint_const_ap_uint_const_ap_u_1_we0            |   20|          4|    1|          4|
    |void_UpConv_Fused_Row_ap_uint_ap_uint_const_ap_uint_const_ap_uint_const_ap_u_1_we1            |    9|          2|    1|          2|
    |void_UpConv_Fused_Row_ap_uint_ap_uint_const_ap_uint_const_ap_uint_const_ap_u_2_address0       |   26|          5|   10|         50|
    |void_UpConv_Fused_Row_ap_uint_ap_uint_const_ap_uint_const_ap_uint_const_ap_u_2_address1       |   14|          3|   10|         30|
    |void_UpConv_Fused_Row_ap_uint_ap_uint_const_ap_uint_const_ap_uint_const_ap_u_2_ce0            |   26|          5|    1|          5|
    |void_UpConv_Fused_Row_ap_uint_ap_uint_const_ap_uint_const_ap_uint_const_ap_u_2_ce1            |   14|          3|    1|          3|
    |void_UpConv_Fused_Row_ap_uint_ap_uint_const_ap_uint_const_ap_uint_const_ap_u_2_d0             |   20|          4|   16|         64|
    |void_UpConv_Fused_Row_ap_uint_ap_uint_const_ap_uint_const_ap_uint_const_ap_u_2_we0            |   20|          4|    1|          4|
    |void_UpConv_Fused_Row_ap_uint_ap_uint_const_ap_uint_const_ap_uint_const_ap_u_2_we1            |    9|          2|    1|          2|
    |void_UpConv_Fused_Row_ap_uint_ap_uint_const_ap_uint_const_ap_uint_const_ap_u_3_address0       |   26|          5|   10|         50|
    |void_UpConv_Fused_Row_ap_uint_ap_uint_const_ap_uint_const_ap_uint_const_ap_u_3_address1       |   14|          3|   10|         30|
    |void_UpConv_Fused_Row_ap_uint_ap_uint_const_ap_uint_const_ap_uint_const_ap_u_3_ce0            |   26|          5|    1|          5|
    |void_UpConv_Fused_Row_ap_uint_ap_uint_const_ap_uint_const_ap_uint_const_ap_u_3_ce1            |   14|          3|    1|          3|
    |void_UpConv_Fused_Row_ap_uint_ap_uint_const_ap_uint_const_ap_uint_const_ap_u_3_d0             |   20|          4|   16|         64|
    |void_UpConv_Fused_Row_ap_uint_ap_uint_const_ap_uint_const_ap_uint_const_ap_u_3_we0            |   20|          4|    1|          4|
    |void_UpConv_Fused_Row_ap_uint_ap_uint_const_ap_uint_const_ap_uint_const_ap_u_3_we1            |    9|          2|    1|          2|
    |void_UpConv_Fused_Row_ap_uint_ap_uint_const_ap_uint_const_ap_uint_const_ap_u_4_address0       |   26|          5|   10|         50|
    |void_UpConv_Fused_Row_ap_uint_ap_uint_const_ap_uint_const_ap_uint_const_ap_u_4_address1       |   14|          3|   10|         30|
    |void_UpConv_Fused_Row_ap_uint_ap_uint_const_ap_uint_const_ap_uint_const_ap_u_4_ce0            |   26|          5|    1|          5|
    |void_UpConv_Fused_Row_ap_uint_ap_uint_const_ap_uint_const_ap_uint_const_ap_u_4_ce1            |   14|          3|    1|          3|
    |void_UpConv_Fused_Row_ap_uint_ap_uint_const_ap_uint_const_ap_uint_const_ap_u_4_d0             |   20|          4|   16|         64|
    |void_UpConv_Fused_Row_ap_uint_ap_uint_const_ap_uint_const_ap_uint_const_ap_u_4_we0            |   20|          4|    1|          4|
    |void_UpConv_Fused_Row_ap_uint_ap_uint_const_ap_uint_const_ap_uint_const_ap_u_4_we1            |    9|          2|    1|          2|
    |void_UpConv_Fused_Row_ap_uint_ap_uint_const_ap_uint_const_ap_uint_const_ap_u_5_address0       |   26|          5|   10|         50|
    |void_UpConv_Fused_Row_ap_uint_ap_uint_const_ap_uint_const_ap_uint_const_ap_u_5_address1       |   14|          3|   10|         30|
    |void_UpConv_Fused_Row_ap_uint_ap_uint_const_ap_uint_const_ap_uint_const_ap_u_5_ce0            |   26|          5|    1|          5|
    |void_UpConv_Fused_Row_ap_uint_ap_uint_const_ap_uint_const_ap_uint_const_ap_u_5_ce1            |   14|          3|    1|          3|
    |void_UpConv_Fused_Row_ap_uint_ap_uint_const_ap_uint_const_ap_uint_const_ap_u_5_d0             |   20|          4|   16|         64|
    |void_UpConv_Fused_Row_ap_uint_ap_uint_const_ap_uint_const_ap_uint_const_ap_u_5_we0            |   20|          4|    1|          4|
    |void_UpConv_Fused_Row_ap_uint_ap_uint_const_ap_uint_const_ap_uint_const_ap_u_5_we1            |    9|          2|    1|          2|
    |void_UpConv_Fused_Row_ap_uint_ap_uint_const_ap_uint_const_ap_uint_const_ap_u_6_address0       |   26|          5|   10|         50|
    |void_UpConv_Fused_Row_ap_uint_ap_uint_const_ap_uint_const_ap_uint_const_ap_u_6_address1       |   14|          3|   10|         30|
    |void_UpConv_Fused_Row_ap_uint_ap_uint_const_ap_uint_const_ap_uint_const_ap_u_6_ce0            |   26|          5|    1|          5|
    |void_UpConv_Fused_Row_ap_uint_ap_uint_const_ap_uint_const_ap_uint_const_ap_u_6_ce1            |   14|          3|    1|          3|
    |void_UpConv_Fused_Row_ap_uint_ap_uint_const_ap_uint_const_ap_uint_const_ap_u_6_d0             |   20|          4|   16|         64|
    |void_UpConv_Fused_Row_ap_uint_ap_uint_const_ap_uint_const_ap_uint_const_ap_u_6_we0            |   20|          4|    1|          4|
    |void_UpConv_Fused_Row_ap_uint_ap_uint_const_ap_uint_const_ap_uint_const_ap_u_6_we1            |    9|          2|    1|          2|
    |void_UpConv_Fused_Row_ap_uint_ap_uint_const_ap_uint_const_ap_uint_const_ap_u_7_address0       |   26|          5|   10|         50|
    |void_UpConv_Fused_Row_ap_uint_ap_uint_const_ap_uint_const_ap_uint_const_ap_u_7_address1       |   14|          3|   10|         30|
    |void_UpConv_Fused_Row_ap_uint_ap_uint_const_ap_uint_const_ap_uint_const_ap_u_7_ce0            |   26|          5|    1|          5|
    |void_UpConv_Fused_Row_ap_uint_ap_uint_const_ap_uint_const_ap_uint_const_ap_u_7_ce1            |   14|          3|    1|          3|
    |void_UpConv_Fused_Row_ap_uint_ap_uint_const_ap_uint_const_ap_uint_const_ap_u_7_d0             |   20|          4|   16|         64|
    |void_UpConv_Fused_Row_ap_uint_ap_uint_const_ap_uint_const_ap_uint_const_ap_u_7_we0            |   20|          4|    1|          4|
    |void_UpConv_Fused_Row_ap_uint_ap_uint_const_ap_uint_const_ap_uint_const_ap_u_7_we1            |    9|          2|    1|          2|
    |void_UpConv_Fused_Row_ap_uint_ap_uint_const_ap_uint_const_ap_uint_const_ap_u_8_address0       |   26|          5|   10|         50|
    |void_UpConv_Fused_Row_ap_uint_ap_uint_const_ap_uint_const_ap_uint_const_ap_u_8_address1       |   14|          3|   10|         30|
    |void_UpConv_Fused_Row_ap_uint_ap_uint_const_ap_uint_const_ap_uint_const_ap_u_8_ce0            |   26|          5|    1|          5|
    |void_UpConv_Fused_Row_ap_uint_ap_uint_const_ap_uint_const_ap_uint_const_ap_u_8_ce1            |   14|          3|    1|          3|
    |void_UpConv_Fused_Row_ap_uint_ap_uint_const_ap_uint_const_ap_uint_const_ap_u_8_d0             |   20|          4|   16|         64|
    |void_UpConv_Fused_Row_ap_uint_ap_uint_const_ap_uint_const_ap_uint_const_ap_u_8_we0            |   20|          4|    1|          4|
    |void_UpConv_Fused_Row_ap_uint_ap_uint_const_ap_uint_const_ap_uint_const_ap_u_8_we1            |    9|          2|    1|          2|
    |void_UpConv_Fused_Row_ap_uint_ap_uint_const_ap_uint_const_ap_uint_const_ap_u_9_address0       |   26|          5|   10|         50|
    |void_UpConv_Fused_Row_ap_uint_ap_uint_const_ap_uint_const_ap_uint_const_ap_u_9_address1       |   14|          3|   10|         30|
    |void_UpConv_Fused_Row_ap_uint_ap_uint_const_ap_uint_const_ap_uint_const_ap_u_9_ce0            |   26|          5|    1|          5|
    |void_UpConv_Fused_Row_ap_uint_ap_uint_const_ap_uint_const_ap_uint_const_ap_u_9_ce1            |   14|          3|    1|          3|
    |void_UpConv_Fused_Row_ap_uint_ap_uint_const_ap_uint_const_ap_uint_const_ap_u_9_d0             |   20|          4|   16|         64|
    |void_UpConv_Fused_Row_ap_uint_ap_uint_const_ap_uint_const_ap_uint_const_ap_u_9_we0            |   20|          4|    1|          4|
    |void_UpConv_Fused_Row_ap_uint_ap_uint_const_ap_uint_const_ap_uint_const_ap_u_9_we1            |    9|          2|    1|          2|
    |void_UpConv_Fused_Row_ap_uint_ap_uint_const_ap_uint_const_ap_uint_const_ap_u_address0         |   26|          5|   10|         50|
    |void_UpConv_Fused_Row_ap_uint_ap_uint_const_ap_uint_const_ap_uint_const_ap_u_address1         |   14|          3|   10|         30|
    |void_UpConv_Fused_Row_ap_uint_ap_uint_const_ap_uint_const_ap_uint_const_ap_u_ce0              |   26|          5|    1|          5|
    |void_UpConv_Fused_Row_ap_uint_ap_uint_const_ap_uint_const_ap_uint_const_ap_u_ce1              |   14|          3|    1|          3|
    |void_UpConv_Fused_Row_ap_uint_ap_uint_const_ap_uint_const_ap_uint_const_ap_u_d0               |   20|          4|   16|         64|
    |void_UpConv_Fused_Row_ap_uint_ap_uint_const_ap_uint_const_ap_uint_const_ap_u_we0              |   20|          4|    1|          4|
    |void_UpConv_Fused_Row_ap_uint_ap_uint_const_ap_uint_const_ap_uint_const_ap_u_we1              |    9|          2|    1|          2|
    |wo_1_fu_148                                                                                   |    9|          2|    8|         16|
    +----------------------------------------------------------------------------------------------+-----+-----------+-----+-----------+
    |Total                                                                                         | 5222|       1076| 2585|       8519|
    +----------------------------------------------------------------------------------------------+-----+-----------+-----+-----------+

    * Register: 
    +---------------------------------------------------------------------------------+-----+----+-----+-----------+
    |                                       Name                                      |  FF | LUT| Bits| Const Bits|
    +---------------------------------------------------------------------------------+-----+----+-----+-----------+
    |add52_reg_612                                                                    |    8|   0|    8|          0|
    |ap_CS_fsm                                                                        |  132|   0|  132|          0|
    |conv1_reg_628                                                                    |   32|   0|   32|          0|
    |conv3_reg_653                                                                    |   16|   0|   16|          0|
    |grp_UpConv_Fused_Row_8_64_64_240_120_Outline_TILE_LOOP_fu_273_ap_start_reg       |    1|   0|    1|          0|
    |grp_UpConv_Fused_Row_8_64_64_240_120_Pipeline_BIAS_STATS_fu_316_ap_start_reg     |    1|   0|    1|          0|
    |grp_UpConv_Fused_Row_8_64_64_240_120_Pipeline_LOAD_PARAMS_fu_258_ap_start_reg    |    1|   0|    1|          0|
    |grp_UpConv_Fused_Row_8_64_64_240_120_Pipeline_NORM_WRITE_fu_356_ap_start_reg     |    1|   0|    1|          0|
    |grp_UpConv_Fused_Row_8_64_64_240_120_Pipeline_RESET_ROW_ACC_fu_222_ap_start_reg  |    1|   0|    1|          0|
    |inv_std_reg_673                                                                  |   16|   0|   16|          0|
    |mul_reg_658                                                                      |   32|   0|   32|          0|
    |reg_427                                                                          |   32|   0|   32|          0|
    |reg_435                                                                          |   32|   0|   32|          0|
    |tmp_reg_663                                                                      |   32|   0|   32|          0|
    |tmp_s_reg_668                                                                    |    7|   0|   10|          3|
    |trunc_ln228_1_reg_592                                                            |   59|   0|   59|          0|
    |trunc_ln228_2_reg_597                                                            |   59|   0|   59|          0|
    |trunc_ln238_reg_641                                                              |    7|   0|    7|          0|
    |trunc_ln2_reg_622                                                                |   59|   0|   59|          0|
    |trunc_ln_reg_587                                                                 |   59|   0|   59|          0|
    |wo_1_fu_148                                                                      |    8|   0|    8|          0|
    +---------------------------------------------------------------------------------+-----+----+-----+-----------+
    |Total                                                                            |  595|   0|  598|          3|
    +---------------------------------------------------------------------------------+-----+----+-----+-----------+



================================================================
== Interface
================================================================
* Summary: 
+------------------------------+-----+-----+------------+---------------------------------------+--------------+
|           RTL Ports          | Dir | Bits|  Protocol  |             Source Object             |    C Type    |
+------------------------------+-----+-----+------------+---------------------------------------+--------------+
|ap_clk                        |   in|    1|  ap_ctrl_hs|  UpConv_Fused_Row<8, 64, 64, 240, 120>|  return value|
|ap_rst                        |   in|    1|  ap_ctrl_hs|  UpConv_Fused_Row<8, 64, 64, 240, 120>|  return value|
|ap_start                      |   in|    1|  ap_ctrl_hs|  UpConv_Fused_Row<8, 64, 64, 240, 120>|  return value|
|ap_done                       |  out|    1|  ap_ctrl_hs|  UpConv_Fused_Row<8, 64, 64, 240, 120>|  return value|
|ap_idle                       |  out|    1|  ap_ctrl_hs|  UpConv_Fused_Row<8, 64, 64, 240, 120>|  return value|
|ap_ready                      |  out|    1|  ap_ctrl_hs|  UpConv_Fused_Row<8, 64, 64, 240, 120>|  return value|
|m_axi_gmem_weight_0_AWVALID   |  out|    1|       m_axi|                            gmem_weight|       pointer|
|m_axi_gmem_weight_0_AWREADY   |   in|    1|       m_axi|                            gmem_weight|       pointer|
|m_axi_gmem_weight_0_AWADDR    |  out|   64|       m_axi|                            gmem_weight|       pointer|
|m_axi_gmem_weight_0_AWID      |  out|    1|       m_axi|                            gmem_weight|       pointer|
|m_axi_gmem_weight_0_AWLEN     |  out|   32|       m_axi|                            gmem_weight|       pointer|
|m_axi_gmem_weight_0_AWSIZE    |  out|    3|       m_axi|                            gmem_weight|       pointer|
|m_axi_gmem_weight_0_AWBURST   |  out|    2|       m_axi|                            gmem_weight|       pointer|
|m_axi_gmem_weight_0_AWLOCK    |  out|    2|       m_axi|                            gmem_weight|       pointer|
|m_axi_gmem_weight_0_AWCACHE   |  out|    4|       m_axi|                            gmem_weight|       pointer|
|m_axi_gmem_weight_0_AWPROT    |  out|    3|       m_axi|                            gmem_weight|       pointer|
|m_axi_gmem_weight_0_AWQOS     |  out|    4|       m_axi|                            gmem_weight|       pointer|
|m_axi_gmem_weight_0_AWREGION  |  out|    4|       m_axi|                            gmem_weight|       pointer|
|m_axi_gmem_weight_0_AWUSER    |  out|    1|       m_axi|                            gmem_weight|       pointer|
|m_axi_gmem_weight_0_WVALID    |  out|    1|       m_axi|                            gmem_weight|       pointer|
|m_axi_gmem_weight_0_WREADY    |   in|    1|       m_axi|                            gmem_weight|       pointer|
|m_axi_gmem_weight_0_WDATA     |  out|  256|       m_axi|                            gmem_weight|       pointer|
|m_axi_gmem_weight_0_WSTRB     |  out|   32|       m_axi|                            gmem_weight|       pointer|
|m_axi_gmem_weight_0_WLAST     |  out|    1|       m_axi|                            gmem_weight|       pointer|
|m_axi_gmem_weight_0_WID       |  out|    1|       m_axi|                            gmem_weight|       pointer|
|m_axi_gmem_weight_0_WUSER     |  out|    1|       m_axi|                            gmem_weight|       pointer|
|m_axi_gmem_weight_0_ARVALID   |  out|    1|       m_axi|                            gmem_weight|       pointer|
|m_axi_gmem_weight_0_ARREADY   |   in|    1|       m_axi|                            gmem_weight|       pointer|
|m_axi_gmem_weight_0_ARADDR    |  out|   64|       m_axi|                            gmem_weight|       pointer|
|m_axi_gmem_weight_0_ARID      |  out|    1|       m_axi|                            gmem_weight|       pointer|
|m_axi_gmem_weight_0_ARLEN     |  out|   32|       m_axi|                            gmem_weight|       pointer|
|m_axi_gmem_weight_0_ARSIZE    |  out|    3|       m_axi|                            gmem_weight|       pointer|
|m_axi_gmem_weight_0_ARBURST   |  out|    2|       m_axi|                            gmem_weight|       pointer|
|m_axi_gmem_weight_0_ARLOCK    |  out|    2|       m_axi|                            gmem_weight|       pointer|
|m_axi_gmem_weight_0_ARCACHE   |  out|    4|       m_axi|                            gmem_weight|       pointer|
|m_axi_gmem_weight_0_ARPROT    |  out|    3|       m_axi|                            gmem_weight|       pointer|
|m_axi_gmem_weight_0_ARQOS     |  out|    4|       m_axi|                            gmem_weight|       pointer|
|m_axi_gmem_weight_0_ARREGION  |  out|    4|       m_axi|                            gmem_weight|       pointer|
|m_axi_gmem_weight_0_ARUSER    |  out|    1|       m_axi|                            gmem_weight|       pointer|
|m_axi_gmem_weight_0_RVALID    |   in|    1|       m_axi|                            gmem_weight|       pointer|
|m_axi_gmem_weight_0_RREADY    |  out|    1|       m_axi|                            gmem_weight|       pointer|
|m_axi_gmem_weight_0_RDATA     |   in|  256|       m_axi|                            gmem_weight|       pointer|
|m_axi_gmem_weight_0_RLAST     |   in|    1|       m_axi|                            gmem_weight|       pointer|
|m_axi_gmem_weight_0_RID       |   in|    1|       m_axi|                            gmem_weight|       pointer|
|m_axi_gmem_weight_0_RFIFONUM  |   in|   11|       m_axi|                            gmem_weight|       pointer|
|m_axi_gmem_weight_0_RUSER     |   in|    1|       m_axi|                            gmem_weight|       pointer|
|m_axi_gmem_weight_0_RRESP     |   in|    2|       m_axi|                            gmem_weight|       pointer|
|m_axi_gmem_weight_0_BVALID    |   in|    1|       m_axi|                            gmem_weight|       pointer|
|m_axi_gmem_weight_0_BREADY    |  out|    1|       m_axi|                            gmem_weight|       pointer|
|m_axi_gmem_weight_0_BRESP     |   in|    2|       m_axi|                            gmem_weight|       pointer|
|m_axi_gmem_weight_0_BID       |   in|    1|       m_axi|                            gmem_weight|       pointer|
|m_axi_gmem_weight_0_BUSER     |   in|    1|       m_axi|                            gmem_weight|       pointer|
|W_ptr                         |   in|   64|     ap_none|                                  W_ptr|        scalar|
|m_axi_gmem_param_0_AWVALID    |  out|    1|       m_axi|                             gmem_param|       pointer|
|m_axi_gmem_param_0_AWREADY    |   in|    1|       m_axi|                             gmem_param|       pointer|
|m_axi_gmem_param_0_AWADDR     |  out|   64|       m_axi|                             gmem_param|       pointer|
|m_axi_gmem_param_0_AWID       |  out|    1|       m_axi|                             gmem_param|       pointer|
|m_axi_gmem_param_0_AWLEN      |  out|   32|       m_axi|                             gmem_param|       pointer|
|m_axi_gmem_param_0_AWSIZE     |  out|    3|       m_axi|                             gmem_param|       pointer|
|m_axi_gmem_param_0_AWBURST    |  out|    2|       m_axi|                             gmem_param|       pointer|
|m_axi_gmem_param_0_AWLOCK     |  out|    2|       m_axi|                             gmem_param|       pointer|
|m_axi_gmem_param_0_AWCACHE    |  out|    4|       m_axi|                             gmem_param|       pointer|
|m_axi_gmem_param_0_AWPROT     |  out|    3|       m_axi|                             gmem_param|       pointer|
|m_axi_gmem_param_0_AWQOS      |  out|    4|       m_axi|                             gmem_param|       pointer|
|m_axi_gmem_param_0_AWREGION   |  out|    4|       m_axi|                             gmem_param|       pointer|
|m_axi_gmem_param_0_AWUSER     |  out|    1|       m_axi|                             gmem_param|       pointer|
|m_axi_gmem_param_0_WVALID     |  out|    1|       m_axi|                             gmem_param|       pointer|
|m_axi_gmem_param_0_WREADY     |   in|    1|       m_axi|                             gmem_param|       pointer|
|m_axi_gmem_param_0_WDATA      |  out|  256|       m_axi|                             gmem_param|       pointer|
|m_axi_gmem_param_0_WSTRB      |  out|   32|       m_axi|                             gmem_param|       pointer|
|m_axi_gmem_param_0_WLAST      |  out|    1|       m_axi|                             gmem_param|       pointer|
|m_axi_gmem_param_0_WID        |  out|    1|       m_axi|                             gmem_param|       pointer|
|m_axi_gmem_param_0_WUSER      |  out|    1|       m_axi|                             gmem_param|       pointer|
|m_axi_gmem_param_0_ARVALID    |  out|    1|       m_axi|                             gmem_param|       pointer|
|m_axi_gmem_param_0_ARREADY    |   in|    1|       m_axi|                             gmem_param|       pointer|
|m_axi_gmem_param_0_ARADDR     |  out|   64|       m_axi|                             gmem_param|       pointer|
|m_axi_gmem_param_0_ARID       |  out|    1|       m_axi|                             gmem_param|       pointer|
|m_axi_gmem_param_0_ARLEN      |  out|   32|       m_axi|                             gmem_param|       pointer|
|m_axi_gmem_param_0_ARSIZE     |  out|    3|       m_axi|                             gmem_param|       pointer|
|m_axi_gmem_param_0_ARBURST    |  out|    2|       m_axi|                             gmem_param|       pointer|
|m_axi_gmem_param_0_ARLOCK     |  out|    2|       m_axi|                             gmem_param|       pointer|
|m_axi_gmem_param_0_ARCACHE    |  out|    4|       m_axi|                             gmem_param|       pointer|
|m_axi_gmem_param_0_ARPROT     |  out|    3|       m_axi|                             gmem_param|       pointer|
|m_axi_gmem_param_0_ARQOS      |  out|    4|       m_axi|                             gmem_param|       pointer|
|m_axi_gmem_param_0_ARREGION   |  out|    4|       m_axi|                             gmem_param|       pointer|
|m_axi_gmem_param_0_ARUSER     |  out|    1|       m_axi|                             gmem_param|       pointer|
|m_axi_gmem_param_0_RVALID     |   in|    1|       m_axi|                             gmem_param|       pointer|
|m_axi_gmem_param_0_RREADY     |  out|    1|       m_axi|                             gmem_param|       pointer|
|m_axi_gmem_param_0_RDATA      |   in|  256|       m_axi|                             gmem_param|       pointer|
|m_axi_gmem_param_0_RLAST      |   in|    1|       m_axi|                             gmem_param|       pointer|
|m_axi_gmem_param_0_RID        |   in|    1|       m_axi|                             gmem_param|       pointer|
|m_axi_gmem_param_0_RFIFONUM   |   in|   11|       m_axi|                             gmem_param|       pointer|
|m_axi_gmem_param_0_RUSER      |   in|    1|       m_axi|                             gmem_param|       pointer|
|m_axi_gmem_param_0_RRESP      |   in|    2|       m_axi|                             gmem_param|       pointer|
|m_axi_gmem_param_0_BVALID     |   in|    1|       m_axi|                             gmem_param|       pointer|
|m_axi_gmem_param_0_BREADY     |  out|    1|       m_axi|                             gmem_param|       pointer|
|m_axi_gmem_param_0_BRESP      |   in|    2|       m_axi|                             gmem_param|       pointer|
|m_axi_gmem_param_0_BID        |   in|    1|       m_axi|                             gmem_param|       pointer|
|m_axi_gmem_param_0_BUSER      |   in|    1|       m_axi|                             gmem_param|       pointer|
|B_ptr                         |   in|   64|     ap_none|                                  B_ptr|        scalar|
|G_ptr                         |   in|   64|     ap_none|                                  G_ptr|        scalar|
|BE_ptr                        |   in|   64|     ap_none|                                 BE_ptr|        scalar|
|m_axi_gmem_out_0_AWVALID      |  out|    1|       m_axi|                               gmem_out|       pointer|
|m_axi_gmem_out_0_AWREADY      |   in|    1|       m_axi|                               gmem_out|       pointer|
|m_axi_gmem_out_0_AWADDR       |  out|   64|       m_axi|                               gmem_out|       pointer|
|m_axi_gmem_out_0_AWID         |  out|    1|       m_axi|                               gmem_out|       pointer|
|m_axi_gmem_out_0_AWLEN        |  out|   32|       m_axi|                               gmem_out|       pointer|
|m_axi_gmem_out_0_AWSIZE       |  out|    3|       m_axi|                               gmem_out|       pointer|
|m_axi_gmem_out_0_AWBURST      |  out|    2|       m_axi|                               gmem_out|       pointer|
|m_axi_gmem_out_0_AWLOCK       |  out|    2|       m_axi|                               gmem_out|       pointer|
|m_axi_gmem_out_0_AWCACHE      |  out|    4|       m_axi|                               gmem_out|       pointer|
|m_axi_gmem_out_0_AWPROT       |  out|    3|       m_axi|                               gmem_out|       pointer|
|m_axi_gmem_out_0_AWQOS        |  out|    4|       m_axi|                               gmem_out|       pointer|
|m_axi_gmem_out_0_AWREGION     |  out|    4|       m_axi|                               gmem_out|       pointer|
|m_axi_gmem_out_0_AWUSER       |  out|    1|       m_axi|                               gmem_out|       pointer|
|m_axi_gmem_out_0_WVALID       |  out|    1|       m_axi|                               gmem_out|       pointer|
|m_axi_gmem_out_0_WREADY       |   in|    1|       m_axi|                               gmem_out|       pointer|
|m_axi_gmem_out_0_WDATA        |  out|  256|       m_axi|                               gmem_out|       pointer|
|m_axi_gmem_out_0_WSTRB        |  out|   32|       m_axi|                               gmem_out|       pointer|
|m_axi_gmem_out_0_WLAST        |  out|    1|       m_axi|                               gmem_out|       pointer|
|m_axi_gmem_out_0_WID          |  out|    1|       m_axi|                               gmem_out|       pointer|
|m_axi_gmem_out_0_WUSER        |  out|    1|       m_axi|                               gmem_out|       pointer|
|m_axi_gmem_out_0_ARVALID      |  out|    1|       m_axi|                               gmem_out|       pointer|
|m_axi_gmem_out_0_ARREADY      |   in|    1|       m_axi|                               gmem_out|       pointer|
|m_axi_gmem_out_0_ARADDR       |  out|   64|       m_axi|                               gmem_out|       pointer|
|m_axi_gmem_out_0_ARID         |  out|    1|       m_axi|                               gmem_out|       pointer|
|m_axi_gmem_out_0_ARLEN        |  out|   32|       m_axi|                               gmem_out|       pointer|
|m_axi_gmem_out_0_ARSIZE       |  out|    3|       m_axi|                               gmem_out|       pointer|
|m_axi_gmem_out_0_ARBURST      |  out|    2|       m_axi|                               gmem_out|       pointer|
|m_axi_gmem_out_0_ARLOCK       |  out|    2|       m_axi|                               gmem_out|       pointer|
|m_axi_gmem_out_0_ARCACHE      |  out|    4|       m_axi|                               gmem_out|       pointer|
|m_axi_gmem_out_0_ARPROT       |  out|    3|       m_axi|                               gmem_out|       pointer|
|m_axi_gmem_out_0_ARQOS        |  out|    4|       m_axi|                               gmem_out|       pointer|
|m_axi_gmem_out_0_ARREGION     |  out|    4|       m_axi|                               gmem_out|       pointer|
|m_axi_gmem_out_0_ARUSER       |  out|    1|       m_axi|                               gmem_out|       pointer|
|m_axi_gmem_out_0_RVALID       |   in|    1|       m_axi|                               gmem_out|       pointer|
|m_axi_gmem_out_0_RREADY       |  out|    1|       m_axi|                               gmem_out|       pointer|
|m_axi_gmem_out_0_RDATA        |   in|  256|       m_axi|                               gmem_out|       pointer|
|m_axi_gmem_out_0_RLAST        |   in|    1|       m_axi|                               gmem_out|       pointer|
|m_axi_gmem_out_0_RID          |   in|    1|       m_axi|                               gmem_out|       pointer|
|m_axi_gmem_out_0_RFIFONUM     |   in|    9|       m_axi|                               gmem_out|       pointer|
|m_axi_gmem_out_0_RUSER        |   in|    1|       m_axi|                               gmem_out|       pointer|
|m_axi_gmem_out_0_RRESP        |   in|    2|       m_axi|                               gmem_out|       pointer|
|m_axi_gmem_out_0_BVALID       |   in|    1|       m_axi|                               gmem_out|       pointer|
|m_axi_gmem_out_0_BREADY       |  out|    1|       m_axi|                               gmem_out|       pointer|
|m_axi_gmem_out_0_BRESP        |   in|    2|       m_axi|                               gmem_out|       pointer|
|m_axi_gmem_out_0_BID          |   in|    1|       m_axi|                               gmem_out|       pointer|
|m_axi_gmem_out_0_BUSER        |   in|    1|       m_axi|                               gmem_out|       pointer|
|Y                             |   in|   64|     ap_none|                                      Y|        scalar|
|epsilon                       |   in|   16|     ap_none|                                epsilon|        scalar|
|ho                            |   in|    7|     ap_none|                                     ho|        scalar|
|x_buf_address0                |  out|   11|   ap_memory|                                  x_buf|         array|
|x_buf_ce0                     |  out|    1|   ap_memory|                                  x_buf|         array|
|x_buf_q0                      |   in|  256|   ap_memory|                                  x_buf|         array|
+------------------------------+-----+-----+------------+---------------------------------------+--------------+

