INFO: [SIM 2] *************** CSIM start ***************
INFO: [SIM 4] CSIM will launch CLANG as the compiler.
   Compiling ../../../../../test_ucb0.cpp in debug mode
   Compiling ../../../../../gen/upconv_core_top_ucb0.cpp in debug mode
   Generating csim.exe

╔════════════════════════════════════════════════════════╗
║              UPCONV BLOCK 0 TEST HARNESS               ║
╚════════════════════════════════════════════════════════╝

 Config: UCB_BLOCK_ID=0  ENABLE_MINI_TEST=1

====================================================
   UCB0 (16x16x960 -> 32x32x480)
   16x16x64 -> 32x32x32
====================================================
Packing inputs...
Running HLS kernel...
HLS CSIM time: 2.91108 s
Unpacking outputs...
Running CPU golden reference...
Golden CPU time: 0.00800254 s
Output Sum: 14292.7
Max Error : 0.00373968
MSE       : 2.43692e-06
====================================================
UCB0 (16x16x960 -> 32x32x480): PASSED (Functional & Numerical)
====================================================

INFO: [SIM 1] CSim done with 0 errors.
INFO: [SIM 3] *************** CSIM finish ***************
