

================================================================
== Vitis HLS Report for 'UpConv_Fused_Row_8_64_64_240_120_Pipeline_VITIS_LOOP_142_2_VITIS_LOOP_143_3'
================================================================
* Date:           Fri May  8 13:45:21 2026

* Version:        2024.2 (Build 5238294 on Nov  8 2024)
* Project:        upconv_core_top_ucb2
* Solution:       hls (Vivado IP Flow Target)
* Product family: zynquplus
* Target device:  xczu7ev-ffvc1156-2-e


================================================================
== Performance Estimates
================================================================
+ Timing: 
    * Summary: 
    +--------+---------+----------+------------+
    |  Clock |  Target | Estimated| Uncertainty|
    +--------+---------+----------+------------+
    |ap_clk  |  3.33 ns|  2.433 ns|     0.90 ns|
    +--------+---------+----------+------------+

+ Latency: 
    * Summary: 
    +---------+---------+----------+----------+-----+-----+------------------------------------------------+
    |  Latency (cycles) |  Latency (absolute) |  Interval |                    Pipeline                    |
    |   min   |   max   |    min   |    max   | min | max |                      Type                      |
    +---------+---------+----------+----------+-----+-----+------------------------------------------------+
    |      138|      138|  0.460 us|  0.460 us|  136|  136|  loop auto-rewind stp (delay=0 clock cycles(s))|
    +---------+---------+----------+----------+-----+-----+------------------------------------------------+

    + Detail: 
        * Instance: 
        N/A

        * Loop: 
        +-------------------------------------+---------+---------+----------+-----------+-----------+------+----------+
        |                                     |  Latency (cycles) | Iteration|  Initiation Interval  | Trip |          |
        |              Loop Name              |   min   |   max   |  Latency |  achieved |   target  | Count| Pipelined|
        +-------------------------------------+---------+---------+----------+-----------+-----------+------+----------+
        |- VITIS_LOOP_142_2_VITIS_LOOP_143_3  |      136|      136|         3|          1|          1|   135|       yes|
        +-------------------------------------+---------+---------+----------+-----------+-----------+------+----------+

============================================================
+ Verbose Summary: Synthesis Manager
============================================================
InlineROM: 1
ExposeGlobal: 0
============================================================
+ Verbose Summary: CDFG Model
============================================================
IsTopModel: 0
ResetActiveHigh: 1
IsCombinational: 0
IsDatapathOnly: 0
HasWiredReturn: 1
HasMFsm: 2
HasVarLatency: 1
IsPipeline: 0
IsRtlPipelined: 0
IsInstanceOverlapped: 0
IsDontTouch: 0
HasImplIP: 0
IsGatedGlobalClock: 0

+ Individual pipeline summary: 
  * Pipeline-0: initiation interval (II) = 1, depth = 3


============================================================
+ Verbose Summary: Schedule
============================================================
* Number of FSM states : 3
* Pipeline : 1
  Pipeline-0 : II = 1, D = 3, States = { 1 2 3 }
* Dataflow Pipeline: 0

* FSM state transitions: 
1 --> 2 
2 --> 3 
3 --> 

* FSM state operations: 

State 1 <SV = 0> <Delay = 1.61>
ST_1 : Operation 6 [1/1] (0.00ns)   --->   "%ci_w = alloca i32 1" [../gen/Hls_Layers_UpConv.tpp:143]   --->   Operation 6 'alloca' 'ci_w' <Predicate = true> <Delay = 0.00>
ST_1 : Operation 7 [1/1] (0.00ns)   --->   "%k = alloca i32 1" [../gen/Hls_Layers_UpConv.tpp:142]   --->   Operation 7 'alloca' 'k' <Predicate = true> <Delay = 0.00>
ST_1 : Operation 8 [1/1] (0.00ns)   --->   "%indvar_flatten = alloca i32 1"   --->   Operation 8 'alloca' 'indvar_flatten' <Predicate = true> <Delay = 0.00>
ST_1 : Operation 9 [1/1] (0.00ns)   --->   "%tc_read = read i3 @_ssdm_op_Read.ap_auto.i3, i3 %tc"   --->   Operation 9 'read' 'tc_read' <Predicate = true> <Delay = 0.00>
ST_1 : Operation 10 [1/1] (0.00ns)   --->   "%sext_ln142_read = read i59 @_ssdm_op_Read.ap_auto.i59, i59 %sext_ln142"   --->   Operation 10 'read' 'sext_ln142_read' <Predicate = true> <Delay = 0.00>
ST_1 : Operation 11 [1/1] (0.00ns)   --->   "%sext_ln142_cast = sext i59 %sext_ln142_read"   --->   Operation 11 'sext' 'sext_ln142_cast' <Predicate = true> <Delay = 0.00>
ST_1 : Operation 12 [1/1] (0.00ns)   --->   "%specmemcore_ln0 = specmemcore void @_ssdm_op_SpecMemCore, i256 %w_local_7, i64 666, i64 30, i64 18446744073709551615"   --->   Operation 12 'specmemcore' 'specmemcore_ln0' <Predicate = true> <Delay = 0.00>
ST_1 : Operation 13 [1/1] (0.00ns)   --->   "%specmemcore_ln0 = specmemcore void @_ssdm_op_SpecMemCore, i256 %w_local_6, i64 666, i64 30, i64 18446744073709551615"   --->   Operation 13 'specmemcore' 'specmemcore_ln0' <Predicate = true> <Delay = 0.00>
ST_1 : Operation 14 [1/1] (0.00ns)   --->   "%specmemcore_ln0 = specmemcore void @_ssdm_op_SpecMemCore, i256 %w_local_5, i64 666, i64 30, i64 18446744073709551615"   --->   Operation 14 'specmemcore' 'specmemcore_ln0' <Predicate = true> <Delay = 0.00>
ST_1 : Operation 15 [1/1] (0.00ns)   --->   "%specmemcore_ln0 = specmemcore void @_ssdm_op_SpecMemCore, i256 %w_local_4, i64 666, i64 30, i64 18446744073709551615"   --->   Operation 15 'specmemcore' 'specmemcore_ln0' <Predicate = true> <Delay = 0.00>
ST_1 : Operation 16 [1/1] (0.00ns)   --->   "%specmemcore_ln0 = specmemcore void @_ssdm_op_SpecMemCore, i256 %w_local_3, i64 666, i64 30, i64 18446744073709551615"   --->   Operation 16 'specmemcore' 'specmemcore_ln0' <Predicate = true> <Delay = 0.00>
ST_1 : Operation 17 [1/1] (0.00ns)   --->   "%specmemcore_ln0 = specmemcore void @_ssdm_op_SpecMemCore, i256 %w_local_2, i64 666, i64 30, i64 18446744073709551615"   --->   Operation 17 'specmemcore' 'specmemcore_ln0' <Predicate = true> <Delay = 0.00>
ST_1 : Operation 18 [1/1] (0.00ns)   --->   "%specmemcore_ln0 = specmemcore void @_ssdm_op_SpecMemCore, i256 %w_local_1, i64 666, i64 30, i64 18446744073709551615"   --->   Operation 18 'specmemcore' 'specmemcore_ln0' <Predicate = true> <Delay = 0.00>
ST_1 : Operation 19 [1/1] (0.00ns)   --->   "%specmemcore_ln0 = specmemcore void @_ssdm_op_SpecMemCore, i256 %w_local, i64 666, i64 30, i64 18446744073709551615"   --->   Operation 19 'specmemcore' 'specmemcore_ln0' <Predicate = true> <Delay = 0.00>
ST_1 : Operation 20 [1/1] (0.00ns)   --->   "%specinterface_ln0 = specinterface void @_ssdm_op_SpecInterface, i256 %gmem_weight, void @empty_7, i32 0, i32 0, void @empty_21, i32 0, i32 0, void @empty_5, void @empty_19, void @empty_21, i32 16, i32 16, i32 64, i32 16, void @empty_21, void @empty_21, i32 4294967295, i32 0, i32 0"   --->   Operation 20 'specinterface' 'specinterface_ln0' <Predicate = true> <Delay = 0.00>
ST_1 : Operation 21 [1/1] (0.42ns)   --->   "%store_ln0 = store i8 0, i8 %indvar_flatten"   --->   Operation 21 'store' 'store_ln0' <Predicate = true> <Delay = 0.42>
ST_1 : Operation 22 [1/1] (0.42ns)   --->   "%store_ln142 = store i4 0, i4 %k" [../gen/Hls_Layers_UpConv.tpp:142]   --->   Operation 22 'store' 'store_ln142' <Predicate = true> <Delay = 0.42>
ST_1 : Operation 23 [1/1] (0.42ns)   --->   "%store_ln143 = store i4 0, i4 %ci_w" [../gen/Hls_Layers_UpConv.tpp:143]   --->   Operation 23 'store' 'store_ln143' <Predicate = true> <Delay = 0.42>
ST_1 : Operation 24 [1/1] (0.00ns)   --->   "%br_ln142 = br void %for.inc39" [../gen/Hls_Layers_UpConv.tpp:142]   --->   Operation 24 'br' 'br_ln142' <Predicate = true> <Delay = 0.00>
ST_1 : Operation 25 [1/1] (0.00ns)   --->   "%indvar_flatten_load = load i8 %indvar_flatten" [../gen/Hls_Layers_UpConv.tpp:142]   --->   Operation 25 'load' 'indvar_flatten_load' <Predicate = true> <Delay = 0.00>
ST_1 : Operation 26 [1/1] (0.76ns)   --->   "%icmp_ln142 = icmp_eq  i8 %indvar_flatten_load, i8 135" [../gen/Hls_Layers_UpConv.tpp:142]   --->   Operation 26 'icmp' 'icmp_ln142' <Predicate = true> <Delay = 0.76> <CoreInst = "Cmp">   --->   Core 9 'Cmp' <Latency = 0> <II = 1> <Delay = 0.76> <FuncUnit> <Opcode : 'seteq' 'setne' 'setle' 'setge' 'setlt' 'setgt'> <InPorts = 2> <OutPorts = 1>
ST_1 : Operation 27 [1/1] (0.76ns)   --->   "%add_ln142_1 = add i8 %indvar_flatten_load, i8 1" [../gen/Hls_Layers_UpConv.tpp:142]   --->   Operation 27 'add' 'add_ln142_1' <Predicate = true> <Delay = 0.76> <CoreInst = "Adder">   --->   Core 1 'Adder' <Latency = 0> <II = 1> <Delay = 0.76> <FuncUnit> <Opcode : 'add' 'sub'> <InPorts = 2> <OutPorts = 1>
ST_1 : Operation 28 [1/1] (0.00ns)   --->   "%br_ln142 = br i1 %icmp_ln142, void %for.inc42, void %for.inc45.loopexit.exitStub" [../gen/Hls_Layers_UpConv.tpp:142]   --->   Operation 28 'br' 'br_ln142' <Predicate = true> <Delay = 0.00>
ST_1 : Operation 29 [1/1] (0.67ns)   --->   "%switch_ln146 = switch i3 %tc_read, void %arrayidx3812.case.7, i3 0, void %arrayidx3812.case.0, i3 1, void %arrayidx3812.case.1, i3 2, void %arrayidx3812.case.2, i3 3, void %arrayidx3812.case.3, i3 4, void %arrayidx3812.case.4, i3 5, void %arrayidx3812.case.5, i3 6, void %arrayidx3812.case.6" [../gen/Hls_Layers_UpConv.tpp:146]   --->   Operation 29 'switch' 'switch_ln146' <Predicate = (!icmp_ln142)> <Delay = 0.67>
ST_1 : Operation 30 [1/1] (0.42ns)   --->   "%store_ln142 = store i8 %add_ln142_1, i8 %indvar_flatten" [../gen/Hls_Layers_UpConv.tpp:142]   --->   Operation 30 'store' 'store_ln142' <Predicate = (!icmp_ln142)> <Delay = 0.42>

State 2 <SV = 1> <Delay = 2.43>
ST_2 : Operation 31 [1/1] (0.00ns)   --->   "%ci_w_load = load i4 %ci_w" [../gen/Hls_Layers_UpConv.tpp:143]   --->   Operation 31 'load' 'ci_w_load' <Predicate = true> <Delay = 0.00>
ST_2 : Operation 32 [1/1] (0.00ns)   --->   "%k_load = load i4 %k" [../gen/Hls_Layers_UpConv.tpp:142]   --->   Operation 32 'load' 'k_load' <Predicate = true> <Delay = 0.00>
ST_2 : Operation 33 [1/1] (0.00ns)   --->   "%gmem_weight_addr = getelementptr i256 %gmem_weight, i64 %sext_ln142_cast" [../gen/Hls_Layers_UpConv.tpp:142]   --->   Operation 33 'getelementptr' 'gmem_weight_addr' <Predicate = true> <Delay = 0.00>
ST_2 : Operation 34 [1/1] (0.79ns)   --->   "%add_ln142 = add i4 %k_load, i4 1" [../gen/Hls_Layers_UpConv.tpp:142]   --->   Operation 34 'add' 'add_ln142' <Predicate = true> <Delay = 0.79> <CoreInst = "Adder">   --->   Core 1 'Adder' <Latency = 0> <II = 1> <Delay = 0.79> <FuncUnit> <Opcode : 'add' 'sub'> <InPorts = 2> <OutPorts = 1>
ST_2 : Operation 35 [1/1] (0.79ns)   --->   "%icmp_ln143 = icmp_eq  i4 %ci_w_load, i4 15" [../gen/Hls_Layers_UpConv.tpp:143]   --->   Operation 35 'icmp' 'icmp_ln143' <Predicate = true> <Delay = 0.79> <CoreInst = "Cmp">   --->   Core 9 'Cmp' <Latency = 0> <II = 1> <Delay = 0.79> <FuncUnit> <Opcode : 'seteq' 'setne' 'setle' 'setge' 'setlt' 'setgt'> <InPorts = 2> <OutPorts = 1>
ST_2 : Operation 36 [1/1] (0.39ns)   --->   "%select_ln142 = select i1 %icmp_ln143, i4 0, i4 %ci_w_load" [../gen/Hls_Layers_UpConv.tpp:142]   --->   Operation 36 'select' 'select_ln142' <Predicate = true> <Delay = 0.39> <CoreInst = "Sel">   --->   Core 73 'Sel' <Latency = 0> <II = 1> <Delay = 0.39> <FuncUnit> <Opcode : 'select'> <InPorts = 3> <OutPorts = 1>
ST_2 : Operation 37 [1/1] (0.39ns)   --->   "%select_ln142_1 = select i1 %icmp_ln143, i4 %add_ln142, i4 %k_load" [../gen/Hls_Layers_UpConv.tpp:142]   --->   Operation 37 'select' 'select_ln142_1' <Predicate = true> <Delay = 0.39> <CoreInst = "Sel">   --->   Core 73 'Sel' <Latency = 0> <II = 1> <Delay = 0.39> <FuncUnit> <Opcode : 'select'> <InPorts = 3> <OutPorts = 1>
ST_2 : Operation 38 [1/1] (2.43ns)   --->   "%gmem_weight_addr_read = read i256 @_ssdm_op_Read.m_axi.p1i256, i256 %gmem_weight_addr" [../gen/Hls_Layers_UpConv.tpp:146]   --->   Operation 38 'read' 'gmem_weight_addr_read' <Predicate = true> <Delay = 2.43> <CoreInst = "m_axi">   --->   Core 119 'm_axi' <Latency = 3> <II = 1> <Delay = 1.00> <Adapter> <Opcode : 'read' 'write' 'readreq' 'writereq' 'writeresp'>
ST_2 : Operation 39 [1/1] (0.79ns)   --->   "%add_ln143_1 = add i4 %select_ln142, i4 1" [../gen/Hls_Layers_UpConv.tpp:143]   --->   Operation 39 'add' 'add_ln143_1' <Predicate = true> <Delay = 0.79> <CoreInst = "Adder">   --->   Core 1 'Adder' <Latency = 0> <II = 1> <Delay = 0.79> <FuncUnit> <Opcode : 'add' 'sub'> <InPorts = 2> <OutPorts = 1>
ST_2 : Operation 40 [1/1] (0.42ns)   --->   "%store_ln142 = store i4 %select_ln142_1, i4 %k" [../gen/Hls_Layers_UpConv.tpp:142]   --->   Operation 40 'store' 'store_ln142' <Predicate = true> <Delay = 0.42>
ST_2 : Operation 41 [1/1] (0.42ns)   --->   "%store_ln143 = store i4 %add_ln143_1, i4 %ci_w" [../gen/Hls_Layers_UpConv.tpp:143]   --->   Operation 41 'store' 'store_ln143' <Predicate = true> <Delay = 0.42>
ST_2 : Operation 42 [1/1] (0.00ns)   --->   "%br_ln143 = br void %for.inc39" [../gen/Hls_Layers_UpConv.tpp:143]   --->   Operation 42 'br' 'br_ln143' <Predicate = true> <Delay = 0.00>
ST_2 : Operation 76 [1/1] (0.42ns)   --->   "%ret_ln0 = ret"   --->   Operation 76 'ret' 'ret_ln0' <Predicate = (icmp_ln142)> <Delay = 0.42>

State 3 <SV = 2> <Delay = 2.28>
ST_3 : Operation 43 [1/1] (0.00ns)   --->   "%specloopname_ln0 = specloopname void @_ssdm_op_SpecLoopName, void @VITIS_LOOP_142_2_VITIS_LOOP_143_3_str"   --->   Operation 43 'specloopname' 'specloopname_ln0' <Predicate = true> <Delay = 0.00>
ST_3 : Operation 44 [1/1] (0.00ns)   --->   "%speclooptripcount_ln0 = speclooptripcount void @_ssdm_op_SpecLoopTripCount, i64 135, i64 135, i64 135"   --->   Operation 44 'speclooptripcount' 'speclooptripcount_ln0' <Predicate = true> <Delay = 0.00>
ST_3 : Operation 45 [1/1] (0.00ns)   --->   "%zext_ln142 = zext i4 %select_ln142_1" [../gen/Hls_Layers_UpConv.tpp:142]   --->   Operation 45 'zext' 'zext_ln142' <Predicate = true> <Delay = 0.00>
ST_3 : Operation 46 [1/1] (0.00ns)   --->   "%p_shl = bitconcatenate i8 @_ssdm_op_BitConcatenate.i8.i4.i4, i4 %select_ln142_1, i4 0" [../gen/Hls_Layers_UpConv.tpp:142]   --->   Operation 46 'bitconcatenate' 'p_shl' <Predicate = true> <Delay = 0.00>
ST_3 : Operation 47 [1/1] (0.00ns) (grouped into TernaryAdder)   --->   "%sub_ln142 = sub i8 %p_shl, i8 %zext_ln142" [../gen/Hls_Layers_UpConv.tpp:142]   --->   Operation 47 'sub' 'sub_ln142' <Predicate = true> <Delay = 0.00> <CoreInst = "TAddSub">   --->   Core 10 'TAddSub' <Latency = 0> <II = 1> <Delay = 0.52> <IPBlock> <Opcode : '' 'add' 'sub'> <InPorts = 3> <OutPorts = 1> <Sync> <CReg>
ST_3 : Operation 48 [1/1] (0.00ns)   --->   "%zext_ln143 = zext i4 %select_ln142" [../gen/Hls_Layers_UpConv.tpp:143]   --->   Operation 48 'zext' 'zext_ln143' <Predicate = true> <Delay = 0.00>
ST_3 : Operation 49 [1/1] (0.00ns)   --->   "%specpipeline_ln144 = specpipeline void @_ssdm_op_SpecPipeline, i32 1, i32 0, i32 0, i32 0, void @empty_21" [../gen/Hls_Layers_UpConv.tpp:144]   --->   Operation 49 'specpipeline' 'specpipeline_ln144' <Predicate = true> <Delay = 0.00>
ST_3 : Operation 50 [1/1] (1.05ns) (root node of TernaryAdder)   --->   "%add_ln143 = add i8 %zext_ln143, i8 %sub_ln142" [../gen/Hls_Layers_UpConv.tpp:143]   --->   Operation 50 'add' 'add_ln143' <Predicate = true> <Delay = 1.05> <CoreInst = "TAddSub">   --->   Core 10 'TAddSub' <Latency = 0> <II = 1> <Delay = 0.52> <IPBlock> <Opcode : '' 'add' 'sub'> <InPorts = 3> <OutPorts = 1> <Sync> <CReg>
ST_3 : Operation 51 [1/1] (0.00ns)   --->   "%zext_ln143_1 = zext i8 %add_ln143" [../gen/Hls_Layers_UpConv.tpp:143]   --->   Operation 51 'zext' 'zext_ln143_1' <Predicate = true> <Delay = 0.00>
ST_3 : Operation 52 [1/1] (0.00ns)   --->   "%w_local_addr = getelementptr i256 %w_local, i64 0, i64 %zext_ln143_1" [../gen/Hls_Layers_UpConv.tpp:146]   --->   Operation 52 'getelementptr' 'w_local_addr' <Predicate = true> <Delay = 0.00>
ST_3 : Operation 53 [1/1] (0.00ns)   --->   "%w_local_1_addr = getelementptr i256 %w_local_1, i64 0, i64 %zext_ln143_1" [../gen/Hls_Layers_UpConv.tpp:146]   --->   Operation 53 'getelementptr' 'w_local_1_addr' <Predicate = true> <Delay = 0.00>
ST_3 : Operation 54 [1/1] (0.00ns)   --->   "%w_local_2_addr = getelementptr i256 %w_local_2, i64 0, i64 %zext_ln143_1" [../gen/Hls_Layers_UpConv.tpp:146]   --->   Operation 54 'getelementptr' 'w_local_2_addr' <Predicate = true> <Delay = 0.00>
ST_3 : Operation 55 [1/1] (0.00ns)   --->   "%w_local_3_addr = getelementptr i256 %w_local_3, i64 0, i64 %zext_ln143_1" [../gen/Hls_Layers_UpConv.tpp:146]   --->   Operation 55 'getelementptr' 'w_local_3_addr' <Predicate = true> <Delay = 0.00>
ST_3 : Operation 56 [1/1] (0.00ns)   --->   "%w_local_4_addr = getelementptr i256 %w_local_4, i64 0, i64 %zext_ln143_1" [../gen/Hls_Layers_UpConv.tpp:146]   --->   Operation 56 'getelementptr' 'w_local_4_addr' <Predicate = true> <Delay = 0.00>
ST_3 : Operation 57 [1/1] (0.00ns)   --->   "%w_local_5_addr = getelementptr i256 %w_local_5, i64 0, i64 %zext_ln143_1" [../gen/Hls_Layers_UpConv.tpp:146]   --->   Operation 57 'getelementptr' 'w_local_5_addr' <Predicate = true> <Delay = 0.00>
ST_3 : Operation 58 [1/1] (0.00ns)   --->   "%w_local_6_addr = getelementptr i256 %w_local_6, i64 0, i64 %zext_ln143_1" [../gen/Hls_Layers_UpConv.tpp:146]   --->   Operation 58 'getelementptr' 'w_local_6_addr' <Predicate = true> <Delay = 0.00>
ST_3 : Operation 59 [1/1] (0.00ns)   --->   "%w_local_7_addr = getelementptr i256 %w_local_7, i64 0, i64 %zext_ln143_1" [../gen/Hls_Layers_UpConv.tpp:146]   --->   Operation 59 'getelementptr' 'w_local_7_addr' <Predicate = true> <Delay = 0.00>
ST_3 : Operation 60 [1/1] ( I:1.23ns O:1.23ns )   --->   "%store_ln146 = store i256 %gmem_weight_addr_read, i8 %w_local_6_addr" [../gen/Hls_Layers_UpConv.tpp:146]   --->   Operation 60 'store' 'store_ln146' <Predicate = (tc_read == 6)> <Delay = 1.23> <CoreInst = "RAM_T2P_BRAM">   --->   Core 98 'RAM_T2P_BRAM' <Latency = 1> <II = 1> <Delay = 1.23> <Storage> <Opcode : 'load' 'store'> <Ports = 2> <Width = 256> <Depth = 135> <RAM>
ST_3 : Operation 61 [1/1] (0.00ns)   --->   "%br_ln146 = br void %arrayidx3812.exit" [../gen/Hls_Layers_UpConv.tpp:146]   --->   Operation 61 'br' 'br_ln146' <Predicate = (tc_read == 6)> <Delay = 0.00>
ST_3 : Operation 62 [1/1] ( I:1.23ns O:1.23ns )   --->   "%store_ln146 = store i256 %gmem_weight_addr_read, i8 %w_local_5_addr" [../gen/Hls_Layers_UpConv.tpp:146]   --->   Operation 62 'store' 'store_ln146' <Predicate = (tc_read == 5)> <Delay = 1.23> <CoreInst = "RAM_T2P_BRAM">   --->   Core 98 'RAM_T2P_BRAM' <Latency = 1> <II = 1> <Delay = 1.23> <Storage> <Opcode : 'load' 'store'> <Ports = 2> <Width = 256> <Depth = 135> <RAM>
ST_3 : Operation 63 [1/1] (0.00ns)   --->   "%br_ln146 = br void %arrayidx3812.exit" [../gen/Hls_Layers_UpConv.tpp:146]   --->   Operation 63 'br' 'br_ln146' <Predicate = (tc_read == 5)> <Delay = 0.00>
ST_3 : Operation 64 [1/1] ( I:1.23ns O:1.23ns )   --->   "%store_ln146 = store i256 %gmem_weight_addr_read, i8 %w_local_4_addr" [../gen/Hls_Layers_UpConv.tpp:146]   --->   Operation 64 'store' 'store_ln146' <Predicate = (tc_read == 4)> <Delay = 1.23> <CoreInst = "RAM_T2P_BRAM">   --->   Core 98 'RAM_T2P_BRAM' <Latency = 1> <II = 1> <Delay = 1.23> <Storage> <Opcode : 'load' 'store'> <Ports = 2> <Width = 256> <Depth = 135> <RAM>
ST_3 : Operation 65 [1/1] (0.00ns)   --->   "%br_ln146 = br void %arrayidx3812.exit" [../gen/Hls_Layers_UpConv.tpp:146]   --->   Operation 65 'br' 'br_ln146' <Predicate = (tc_read == 4)> <Delay = 0.00>
ST_3 : Operation 66 [1/1] ( I:1.23ns O:1.23ns )   --->   "%store_ln146 = store i256 %gmem_weight_addr_read, i8 %w_local_3_addr" [../gen/Hls_Layers_UpConv.tpp:146]   --->   Operation 66 'store' 'store_ln146' <Predicate = (tc_read == 3)> <Delay = 1.23> <CoreInst = "RAM_T2P_BRAM">   --->   Core 98 'RAM_T2P_BRAM' <Latency = 1> <II = 1> <Delay = 1.23> <Storage> <Opcode : 'load' 'store'> <Ports = 2> <Width = 256> <Depth = 135> <RAM>
ST_3 : Operation 67 [1/1] (0.00ns)   --->   "%br_ln146 = br void %arrayidx3812.exit" [../gen/Hls_Layers_UpConv.tpp:146]   --->   Operation 67 'br' 'br_ln146' <Predicate = (tc_read == 3)> <Delay = 0.00>
ST_3 : Operation 68 [1/1] ( I:1.23ns O:1.23ns )   --->   "%store_ln146 = store i256 %gmem_weight_addr_read, i8 %w_local_2_addr" [../gen/Hls_Layers_UpConv.tpp:146]   --->   Operation 68 'store' 'store_ln146' <Predicate = (tc_read == 2)> <Delay = 1.23> <CoreInst = "RAM_T2P_BRAM">   --->   Core 98 'RAM_T2P_BRAM' <Latency = 1> <II = 1> <Delay = 1.23> <Storage> <Opcode : 'load' 'store'> <Ports = 2> <Width = 256> <Depth = 135> <RAM>
ST_3 : Operation 69 [1/1] (0.00ns)   --->   "%br_ln146 = br void %arrayidx3812.exit" [../gen/Hls_Layers_UpConv.tpp:146]   --->   Operation 69 'br' 'br_ln146' <Predicate = (tc_read == 2)> <Delay = 0.00>
ST_3 : Operation 70 [1/1] ( I:1.23ns O:1.23ns )   --->   "%store_ln146 = store i256 %gmem_weight_addr_read, i8 %w_local_1_addr" [../gen/Hls_Layers_UpConv.tpp:146]   --->   Operation 70 'store' 'store_ln146' <Predicate = (tc_read == 1)> <Delay = 1.23> <CoreInst = "RAM_T2P_BRAM">   --->   Core 98 'RAM_T2P_BRAM' <Latency = 1> <II = 1> <Delay = 1.23> <Storage> <Opcode : 'load' 'store'> <Ports = 2> <Width = 256> <Depth = 135> <RAM>
ST_3 : Operation 71 [1/1] (0.00ns)   --->   "%br_ln146 = br void %arrayidx3812.exit" [../gen/Hls_Layers_UpConv.tpp:146]   --->   Operation 71 'br' 'br_ln146' <Predicate = (tc_read == 1)> <Delay = 0.00>
ST_3 : Operation 72 [1/1] ( I:1.23ns O:1.23ns )   --->   "%store_ln146 = store i256 %gmem_weight_addr_read, i8 %w_local_addr" [../gen/Hls_Layers_UpConv.tpp:146]   --->   Operation 72 'store' 'store_ln146' <Predicate = (tc_read == 0)> <Delay = 1.23> <CoreInst = "RAM_T2P_BRAM">   --->   Core 98 'RAM_T2P_BRAM' <Latency = 1> <II = 1> <Delay = 1.23> <Storage> <Opcode : 'load' 'store'> <Ports = 2> <Width = 256> <Depth = 135> <RAM>
ST_3 : Operation 73 [1/1] (0.00ns)   --->   "%br_ln146 = br void %arrayidx3812.exit" [../gen/Hls_Layers_UpConv.tpp:146]   --->   Operation 73 'br' 'br_ln146' <Predicate = (tc_read == 0)> <Delay = 0.00>
ST_3 : Operation 74 [1/1] ( I:1.23ns O:1.23ns )   --->   "%store_ln146 = store i256 %gmem_weight_addr_read, i8 %w_local_7_addr" [../gen/Hls_Layers_UpConv.tpp:146]   --->   Operation 74 'store' 'store_ln146' <Predicate = (tc_read == 7)> <Delay = 1.23> <CoreInst = "RAM_T2P_BRAM">   --->   Core 98 'RAM_T2P_BRAM' <Latency = 1> <II = 1> <Delay = 1.23> <Storage> <Opcode : 'load' 'store'> <Ports = 2> <Width = 256> <Depth = 135> <RAM>
ST_3 : Operation 75 [1/1] (0.00ns)   --->   "%br_ln146 = br void %arrayidx3812.exit" [../gen/Hls_Layers_UpConv.tpp:146]   --->   Operation 75 'br' 'br_ln146' <Predicate = (tc_read == 7)> <Delay = 0.00>


============================================================
+ Verbose Summary: Timing violations
============================================================
Target clock period: 3.333ns, clock uncertainty: 0.900ns.

 <State 1>: 1.619ns
The critical path consists of the following:
	'store' operation 0 bit ('store_ln0') of constant 0 on local variable 'indvar_flatten' [27]  (0.427 ns)
	'load' operation 8 bit ('indvar_flatten_load', ../gen/Hls_Layers_UpConv.tpp:142) on local variable 'indvar_flatten' [32]  (0.000 ns)
	'icmp' operation 1 bit ('icmp_ln142', ../gen/Hls_Layers_UpConv.tpp:142) [33]  (0.765 ns)
	'store' operation 0 bit ('store_ln142', ../gen/Hls_Layers_UpConv.tpp:142) of variable 'add_ln142_1', ../gen/Hls_Layers_UpConv.tpp:142 on local variable 'indvar_flatten' [89]  (0.427 ns)

 <State 2>: 2.433ns
The critical path consists of the following:
	'getelementptr' operation 256 bit ('gmem_weight_addr', ../gen/Hls_Layers_UpConv.tpp:142) [39]  (0.000 ns)
	bus read operation ('gmem_weight_addr_read', ../gen/Hls_Layers_UpConv.tpp:146) on port 'gmem_weight' (../gen/Hls_Layers_UpConv.tpp:146) [61]  (2.433 ns)

 <State 3>: 2.288ns
The critical path consists of the following:
	'sub' operation 8 bit ('sub_ln142', ../gen/Hls_Layers_UpConv.tpp:142) [48]  (0.000 ns)
	'add' operation 8 bit ('add_ln143', ../gen/Hls_Layers_UpConv.tpp:143) [51]  (1.051 ns)
	'getelementptr' operation 8 bit ('w_local_6_addr', ../gen/Hls_Layers_UpConv.tpp:146) [59]  (0.000 ns)
	'store' operation 0 bit ('store_ln146', ../gen/Hls_Layers_UpConv.tpp:146) of variable 'gmem_weight_addr_read', ../gen/Hls_Layers_UpConv.tpp:146 on array 'w_local_6' [64]  (1.237 ns)


============================================================
+ Verbose Summary: Binding
============================================================
N/A
* FSMD analyzer results:
  - Output states:
 - Input state : 
  - Chain level:
	State 1
	State 2
	State 3


============================================================
+ Verbose Summary: Datapath Resource usage 
============================================================
N/A
