

================================================================
== Vitis HLS Report for 'UpConv_Fused_Row_8_64_64_240_120_s'
================================================================
* Date:           Tue Jun  2 22:29:40 2026

* Version:        2024.2 (Build 5238294 on Nov  8 2024)
* Project:        upconv_core_top_ucb2
* Solution:       hls (Vivado IP Flow Target)
* Product family: zynquplus
* Target device:  xczu7ev-ffvc1156-2-e


================================================================
== Performance Estimates
================================================================
+ Timing: 
    * Summary: 
    +--------+---------+----------+------------+
    |  Clock |  Target | Estimated| Uncertainty|
    +--------+---------+----------+------------+
    |ap_clk  |  3.33 ns|  2.433 ns|     0.90 ns|
    +--------+---------+----------+------------+

+ Latency: 
    * Summary: 
    +---------+---------+-----------+----------+-------+--------+---------+
    |  Latency (cycles) |  Latency (absolute)  |    Interval    | Pipeline|
    |   min   |   max   |    min    |    max   |  min  |   max  |   Type  |
    +---------+---------+-----------+----------+-------+--------+---------+
    |    18128|   180800|  60.421 us|  0.603 ms|  18128|  180800|       no|
    +---------+---------+-----------+----------+-------+--------+---------+

    + Detail: 
        * Instance: 
        N/A

        * Loop: 
        N/A

============================================================
+ Verbose Summary: Synthesis Manager
============================================================
InlineROM: 1
ExposeGlobal: 0
============================================================
+ Verbose Summary: CDFG Model
============================================================
IsTopModel: 0
ResetActiveHigh: 1
IsCombinational: 0
IsDatapathOnly: 0
HasWiredReturn: 1
HasMFsm: 0
HasVarLatency: 1
IsPipeline: 0
IsRtlPipelined: 0
IsInstanceOverlapped: 0
IsDontTouch: 0
HasImplIP: 0
IsGatedGlobalClock: 0


============================================================
+ Verbose Summary: Schedule
============================================================
* Number of FSM states : 36
* Pipeline : 0
* Dataflow Pipeline: 0

* FSM state transitions: 
1 --> 2 
2 --> 3 
3 --> 4 
4 --> 5 
5 --> 6 
6 --> 7 
7 --> 8 
8 --> 9 
9 --> 10 
10 --> 11 
11 --> 12 
12 --> 13 
13 --> 14 
14 --> 15 
15 --> 16 
16 --> 17 
17 --> 18 
18 --> 19 
19 --> 20 
20 --> 21 
21 --> 22 
22 --> 23 
23 --> 24 
24 --> 25 
25 --> 26 
26 --> 27 
27 --> 28 
28 --> 29 
29 --> 30 
30 --> 31 
31 --> 32 
32 --> 33 
33 --> 34 
34 --> 35 
35 --> 36 
36 --> 

* FSM state operations: 

State 1 <SV = 0> <Delay = 0.00>
ST_1 : Operation 37 [1/1] (0.00ns)   --->   "%b_buf = alloca i64 1" [../gen/Hls_Layers_UpConv.tpp:337]   --->   Operation 37 'alloca' 'b_buf' <Predicate = true> <Delay = 0.00> <CoreInst = "RAM_T2P_BRAM">   --->   Core 98 'RAM_T2P_BRAM' <Latency = 1> <II = 1> <Delay = 1.23> <Storage> <Opcode : 'load' 'store'> <Ports = 2> <Width = 256> <Depth = 8> <RAM>
ST_1 : Operation 38 [1/1] (0.00ns)   --->   "%g_buf = alloca i64 1" [../gen/Hls_Layers_UpConv.tpp:338]   --->   Operation 38 'alloca' 'g_buf' <Predicate = true> <Delay = 0.00> <CoreInst = "RAM_T2P_BRAM">   --->   Core 98 'RAM_T2P_BRAM' <Latency = 1> <II = 1> <Delay = 1.23> <Storage> <Opcode : 'load' 'store'> <Ports = 2> <Width = 256> <Depth = 8> <RAM>
ST_1 : Operation 39 [1/1] (0.00ns)   --->   "%be_buf = alloca i64 1" [../gen/Hls_Layers_UpConv.tpp:339]   --->   Operation 39 'alloca' 'be_buf' <Predicate = true> <Delay = 0.00> <CoreInst = "RAM_T2P_BRAM">   --->   Core 98 'RAM_T2P_BRAM' <Latency = 1> <II = 1> <Delay = 1.23> <Storage> <Opcode : 'load' 'store'> <Ports = 2> <Width = 256> <Depth = 8> <RAM>
ST_1 : Operation 40 [2/2] (0.00ns)   --->   "%call_ln0 = call void @UpConv_Fused_Row<8, 64, 64, 240, 120>_Pipeline_RESET_ROW_ACC, i16 %void_UpConv_Fused_Row_ap_uint_ap_uint_const_ap_uint_const_ap_uint_const_ap_u_9, i16 %void_UpConv_Fused_Row_ap_uint_ap_uint_const_ap_uint_const_ap_uint_const_ap_u_8, i16 %void_UpConv_Fused_Row_ap_uint_ap_uint_const_ap_uint_const_ap_uint_const_ap_u_7, i16 %void_UpConv_Fused_Row_ap_uint_ap_uint_const_ap_uint_const_ap_uint_const_ap_u_6, i16 %void_UpConv_Fused_Row_ap_uint_ap_uint_const_ap_uint_const_ap_uint_const_ap_u_5, i16 %void_UpConv_Fused_Row_ap_uint_ap_uint_const_ap_uint_const_ap_uint_const_ap_u_4, i16 %void_UpConv_Fused_Row_ap_uint_ap_uint_const_ap_uint_const_ap_uint_const_ap_u_3, i16 %void_UpConv_Fused_Row_ap_uint_ap_uint_const_ap_uint_const_ap_uint_const_ap_u_2, i16 %void_UpConv_Fused_Row_ap_uint_ap_uint_const_ap_uint_const_ap_uint_const_ap_u_1, i16 %void_UpConv_Fused_Row_ap_uint_ap_uint_const_ap_uint_const_ap_uint_const_ap_u, i16 %p_ZZ16UpConv_Fused_RowILi8ELi64ELi64ELi240ELi120EEvP7ap_uintILi256EEPKS1_S4_S4_S4_5, i16 %p_ZZ16UpConv_Fused_RowILi8ELi64ELi64ELi240ELi120EEvP7ap_uintILi256EEPKS1_S4_S4_S4_4, i16 %p_ZZ16UpConv_Fused_RowILi8ELi64ELi64ELi240ELi120EEvP7ap_uintILi256EEPKS1_S4_S4_S4_3, i16 %p_ZZ16UpConv_Fused_RowILi8ELi64ELi64ELi240ELi120EEvP7ap_uintILi256EEPKS1_S4_S4_S4_2, i16 %p_ZZ16UpConv_Fused_RowILi8ELi64ELi64ELi240ELi120EEvP7ap_uintILi256EEPKS1_S4_S4_S4_1, i16 %p_ZZ16UpConv_Fused_RowILi8ELi64ELi64ELi240ELi120EEvP7ap_uintILi256EEPKS1_S4_S4_S4"   --->   Operation 40 'call' 'call_ln0' <Predicate = true> <Delay = 0.00> <CoreType = "Generic">   --->   Generic Core

State 2 <SV = 1> <Delay = 1.65>
ST_2 : Operation 41 [1/2] (1.65ns)   --->   "%call_ln0 = call void @UpConv_Fused_Row<8, 64, 64, 240, 120>_Pipeline_RESET_ROW_ACC, i16 %void_UpConv_Fused_Row_ap_uint_ap_uint_const_ap_uint_const_ap_uint_const_ap_u_9, i16 %void_UpConv_Fused_Row_ap_uint_ap_uint_const_ap_uint_const_ap_uint_const_ap_u_8, i16 %void_UpConv_Fused_Row_ap_uint_ap_uint_const_ap_uint_const_ap_uint_const_ap_u_7, i16 %void_UpConv_Fused_Row_ap_uint_ap_uint_const_ap_uint_const_ap_uint_const_ap_u_6, i16 %void_UpConv_Fused_Row_ap_uint_ap_uint_const_ap_uint_const_ap_uint_const_ap_u_5, i16 %void_UpConv_Fused_Row_ap_uint_ap_uint_const_ap_uint_const_ap_uint_const_ap_u_4, i16 %void_UpConv_Fused_Row_ap_uint_ap_uint_const_ap_uint_const_ap_uint_const_ap_u_3, i16 %void_UpConv_Fused_Row_ap_uint_ap_uint_const_ap_uint_const_ap_uint_const_ap_u_2, i16 %void_UpConv_Fused_Row_ap_uint_ap_uint_const_ap_uint_const_ap_uint_const_ap_u_1, i16 %void_UpConv_Fused_Row_ap_uint_ap_uint_const_ap_uint_const_ap_uint_const_ap_u, i16 %p_ZZ16UpConv_Fused_RowILi8ELi64ELi64ELi240ELi120EEvP7ap_uintILi256EEPKS1_S4_S4_S4_5, i16 %p_ZZ16UpConv_Fused_RowILi8ELi64ELi64ELi240ELi120EEvP7ap_uintILi256EEPKS1_S4_S4_S4_4, i16 %p_ZZ16UpConv_Fused_RowILi8ELi64ELi64ELi240ELi120EEvP7ap_uintILi256EEPKS1_S4_S4_S4_3, i16 %p_ZZ16UpConv_Fused_RowILi8ELi64ELi64ELi240ELi120EEvP7ap_uintILi256EEPKS1_S4_S4_S4_2, i16 %p_ZZ16UpConv_Fused_RowILi8ELi64ELi64ELi240ELi120EEvP7ap_uintILi256EEPKS1_S4_S4_S4_1, i16 %p_ZZ16UpConv_Fused_RowILi8ELi64ELi64ELi240ELi120EEvP7ap_uintILi256EEPKS1_S4_S4_S4"   --->   Operation 41 'call' 'call_ln0' <Predicate = true> <Delay = 1.65> <CoreType = "Generic">   --->   Generic Core

State 3 <SV = 2> <Delay = 0.77>
ST_3 : Operation 42 [1/1] (0.00ns)   --->   "%ho_read = read i7 @_ssdm_op_Read.ap_auto.i7, i7 %ho"   --->   Operation 42 'read' 'ho_read' <Predicate = true> <Delay = 0.00>
ST_3 : Operation 43 [1/1] (0.00ns)   --->   "%W_ptr_read = read i64 @_ssdm_op_Read.ap_auto.i64, i64 %W_ptr"   --->   Operation 43 'read' 'W_ptr_read' <Predicate = true> <Delay = 0.00>
ST_3 : Operation 44 [1/1] (0.00ns)   --->   "%ho_cast = zext i7 %ho_read"   --->   Operation 44 'zext' 'ho_cast' <Predicate = true> <Delay = 0.00>
ST_3 : Operation 45 [1/1] (0.77ns)   --->   "%add_i90 = add i8 %ho_cast, i8 1"   --->   Operation 45 'add' 'add_i90' <Predicate = true> <Delay = 0.77> <CoreInst = "Adder">   --->   Core 1 'Adder' <Latency = 0> <II = 1> <Delay = 0.77> <FuncUnit> <Opcode : 'add' 'sub'> <InPorts = 2> <OutPorts = 1>
ST_3 : Operation 46 [2/2] (0.00ns)   --->   "%call_ln0 = call void @UpConv_Fused_Row<8, 64, 64, 240, 120>_Outline_TILE_LOOP, i64 %W_ptr_read, i256 %gmem_weight, i8 %add_i90, i256 %x_buf, i16 %void_UpConv_Fused_Row_ap_uint_ap_uint_const_ap_uint_const_ap_uint_const_ap_u_9, i16 %void_UpConv_Fused_Row_ap_uint_ap_uint_const_ap_uint_const_ap_uint_const_ap_u_1, i16 %void_UpConv_Fused_Row_ap_uint_ap_uint_const_ap_uint_const_ap_uint_const_ap_u_8, i16 %void_UpConv_Fused_Row_ap_uint_ap_uint_const_ap_uint_const_ap_uint_const_ap_u, i16 %void_UpConv_Fused_Row_ap_uint_ap_uint_const_ap_uint_const_ap_uint_const_ap_u_7, i16 %p_ZZ16UpConv_Fused_RowILi8ELi64ELi64ELi240ELi120EEvP7ap_uintILi256EEPKS1_S4_S4_S4_5, i16 %void_UpConv_Fused_Row_ap_uint_ap_uint_const_ap_uint_const_ap_uint_const_ap_u_6, i16 %p_ZZ16UpConv_Fused_RowILi8ELi64ELi64ELi240ELi120EEvP7ap_uintILi256EEPKS1_S4_S4_S4_4, i16 %void_UpConv_Fused_Row_ap_uint_ap_uint_const_ap_uint_const_ap_uint_const_ap_u_5, i16 %p_ZZ16UpConv_Fused_RowILi8ELi64ELi64ELi240ELi120EEvP7ap_uintILi256EEPKS1_S4_S4_S4_3, i16 %void_UpConv_Fused_Row_ap_uint_ap_uint_const_ap_uint_const_ap_uint_const_ap_u_4, i16 %p_ZZ16UpConv_Fused_RowILi8ELi64ELi64ELi240ELi120EEvP7ap_uintILi256EEPKS1_S4_S4_S4_2, i16 %void_UpConv_Fused_Row_ap_uint_ap_uint_const_ap_uint_const_ap_uint_const_ap_u_3, i16 %p_ZZ16UpConv_Fused_RowILi8ELi64ELi64ELi240ELi120EEvP7ap_uintILi256EEPKS1_S4_S4_S4_1, i16 %void_UpConv_Fused_Row_ap_uint_ap_uint_const_ap_uint_const_ap_uint_const_ap_u_2, i16 %p_ZZ16UpConv_Fused_RowILi8ELi64ELi64ELi240ELi120EEvP7ap_uintILi256EEPKS1_S4_S4_S4"   --->   Operation 46 'call' 'call_ln0' <Predicate = true> <Delay = 0.00> <CoreType = "Generic">   --->   Generic Core

State 4 <SV = 3> <Delay = 0.78>
ST_4 : Operation 47 [1/2] (0.78ns)   --->   "%call_ln0 = call void @UpConv_Fused_Row<8, 64, 64, 240, 120>_Outline_TILE_LOOP, i64 %W_ptr_read, i256 %gmem_weight, i8 %add_i90, i256 %x_buf, i16 %void_UpConv_Fused_Row_ap_uint_ap_uint_const_ap_uint_const_ap_uint_const_ap_u_9, i16 %void_UpConv_Fused_Row_ap_uint_ap_uint_const_ap_uint_const_ap_uint_const_ap_u_1, i16 %void_UpConv_Fused_Row_ap_uint_ap_uint_const_ap_uint_const_ap_uint_const_ap_u_8, i16 %void_UpConv_Fused_Row_ap_uint_ap_uint_const_ap_uint_const_ap_uint_const_ap_u, i16 %void_UpConv_Fused_Row_ap_uint_ap_uint_const_ap_uint_const_ap_uint_const_ap_u_7, i16 %p_ZZ16UpConv_Fused_RowILi8ELi64ELi64ELi240ELi120EEvP7ap_uintILi256EEPKS1_S4_S4_S4_5, i16 %void_UpConv_Fused_Row_ap_uint_ap_uint_const_ap_uint_const_ap_uint_const_ap_u_6, i16 %p_ZZ16UpConv_Fused_RowILi8ELi64ELi64ELi240ELi120EEvP7ap_uintILi256EEPKS1_S4_S4_S4_4, i16 %void_UpConv_Fused_Row_ap_uint_ap_uint_const_ap_uint_const_ap_uint_const_ap_u_5, i16 %p_ZZ16UpConv_Fused_RowILi8ELi64ELi64ELi240ELi120EEvP7ap_uintILi256EEPKS1_S4_S4_S4_3, i16 %void_UpConv_Fused_Row_ap_uint_ap_uint_const_ap_uint_const_ap_uint_const_ap_u_4, i16 %p_ZZ16UpConv_Fused_RowILi8ELi64ELi64ELi240ELi120EEvP7ap_uintILi256EEPKS1_S4_S4_S4_2, i16 %void_UpConv_Fused_Row_ap_uint_ap_uint_const_ap_uint_const_ap_uint_const_ap_u_3, i16 %p_ZZ16UpConv_Fused_RowILi8ELi64ELi64ELi240ELi120EEvP7ap_uintILi256EEPKS1_S4_S4_S4_1, i16 %void_UpConv_Fused_Row_ap_uint_ap_uint_const_ap_uint_const_ap_uint_const_ap_u_2, i16 %p_ZZ16UpConv_Fused_RowILi8ELi64ELi64ELi240ELi120EEvP7ap_uintILi256EEPKS1_S4_S4_S4"   --->   Operation 47 'call' 'call_ln0' <Predicate = true> <Delay = 0.78> <CoreType = "Generic">   --->   Generic Core

State 5 <SV = 4> <Delay = 2.43>
ST_5 : Operation 48 [1/1] (0.00ns)   --->   "%B_ptr_read = read i64 @_ssdm_op_Read.ap_auto.i64, i64 %B_ptr"   --->   Operation 48 'read' 'B_ptr_read' <Predicate = true> <Delay = 0.00>
ST_5 : Operation 49 [1/1] (0.00ns)   --->   "%trunc_ln2 = partselect i59 @_ssdm_op_PartSelect.i59.i64.i32.i32, i64 %B_ptr_read, i32 5, i32 63" [../gen/Hls_Layers_UpConv.tpp:185->../gen/Hls_Layers_UpConv.tpp:362]   --->   Operation 49 'partselect' 'trunc_ln2' <Predicate = true> <Delay = 0.00>
ST_5 : Operation 50 [1/1] (0.00ns)   --->   "%sext_ln185 = sext i59 %trunc_ln2" [../gen/Hls_Layers_UpConv.tpp:185->../gen/Hls_Layers_UpConv.tpp:362]   --->   Operation 50 'sext' 'sext_ln185' <Predicate = true> <Delay = 0.00>
ST_5 : Operation 51 [1/1] (0.00ns)   --->   "%gmem_param_addr = getelementptr i256 %gmem_param, i64 %sext_ln185" [../gen/Hls_Layers_UpConv.tpp:185->../gen/Hls_Layers_UpConv.tpp:362]   --->   Operation 51 'getelementptr' 'gmem_param_addr' <Predicate = true> <Delay = 0.00>
ST_5 : Operation 52 [8/8] (2.43ns)   --->   "%empty = readreq i1 @_ssdm_op_ReadReq.m_axi.p1i256, i256 %gmem_param_addr, i64 8" [../gen/Hls_Layers_UpConv.tpp:185->../gen/Hls_Layers_UpConv.tpp:362]   --->   Operation 52 'readreq' 'empty' <Predicate = true> <Delay = 2.43> <CoreInst = "m_axi">   --->   Core 119 'm_axi' <Latency = 6> <II = 1> <Delay = 1.00> <Adapter> <Opcode : 'read' 'write' 'readreq' 'writereq' 'writeresp'>

State 6 <SV = 5> <Delay = 2.43>
ST_6 : Operation 53 [7/8] (2.43ns)   --->   "%empty = readreq i1 @_ssdm_op_ReadReq.m_axi.p1i256, i256 %gmem_param_addr, i64 8" [../gen/Hls_Layers_UpConv.tpp:185->../gen/Hls_Layers_UpConv.tpp:362]   --->   Operation 53 'readreq' 'empty' <Predicate = true> <Delay = 2.43> <CoreInst = "m_axi">   --->   Core 119 'm_axi' <Latency = 6> <II = 1> <Delay = 1.00> <Adapter> <Opcode : 'read' 'write' 'readreq' 'writereq' 'writeresp'>

State 7 <SV = 6> <Delay = 2.43>
ST_7 : Operation 54 [6/8] (2.43ns)   --->   "%empty = readreq i1 @_ssdm_op_ReadReq.m_axi.p1i256, i256 %gmem_param_addr, i64 8" [../gen/Hls_Layers_UpConv.tpp:185->../gen/Hls_Layers_UpConv.tpp:362]   --->   Operation 54 'readreq' 'empty' <Predicate = true> <Delay = 2.43> <CoreInst = "m_axi">   --->   Core 119 'm_axi' <Latency = 6> <II = 1> <Delay = 1.00> <Adapter> <Opcode : 'read' 'write' 'readreq' 'writereq' 'writeresp'>

State 8 <SV = 7> <Delay = 2.43>
ST_8 : Operation 55 [5/8] (2.43ns)   --->   "%empty = readreq i1 @_ssdm_op_ReadReq.m_axi.p1i256, i256 %gmem_param_addr, i64 8" [../gen/Hls_Layers_UpConv.tpp:185->../gen/Hls_Layers_UpConv.tpp:362]   --->   Operation 55 'readreq' 'empty' <Predicate = true> <Delay = 2.43> <CoreInst = "m_axi">   --->   Core 119 'm_axi' <Latency = 6> <II = 1> <Delay = 1.00> <Adapter> <Opcode : 'read' 'write' 'readreq' 'writereq' 'writeresp'>

State 9 <SV = 8> <Delay = 2.43>
ST_9 : Operation 56 [4/8] (2.43ns)   --->   "%empty = readreq i1 @_ssdm_op_ReadReq.m_axi.p1i256, i256 %gmem_param_addr, i64 8" [../gen/Hls_Layers_UpConv.tpp:185->../gen/Hls_Layers_UpConv.tpp:362]   --->   Operation 56 'readreq' 'empty' <Predicate = true> <Delay = 2.43> <CoreInst = "m_axi">   --->   Core 119 'm_axi' <Latency = 6> <II = 1> <Delay = 1.00> <Adapter> <Opcode : 'read' 'write' 'readreq' 'writereq' 'writeresp'>

State 10 <SV = 9> <Delay = 2.43>
ST_10 : Operation 57 [3/8] (2.43ns)   --->   "%empty = readreq i1 @_ssdm_op_ReadReq.m_axi.p1i256, i256 %gmem_param_addr, i64 8" [../gen/Hls_Layers_UpConv.tpp:185->../gen/Hls_Layers_UpConv.tpp:362]   --->   Operation 57 'readreq' 'empty' <Predicate = true> <Delay = 2.43> <CoreInst = "m_axi">   --->   Core 119 'm_axi' <Latency = 6> <II = 1> <Delay = 1.00> <Adapter> <Opcode : 'read' 'write' 'readreq' 'writereq' 'writeresp'>

State 11 <SV = 10> <Delay = 2.43>
ST_11 : Operation 58 [2/8] (2.43ns)   --->   "%empty = readreq i1 @_ssdm_op_ReadReq.m_axi.p1i256, i256 %gmem_param_addr, i64 8" [../gen/Hls_Layers_UpConv.tpp:185->../gen/Hls_Layers_UpConv.tpp:362]   --->   Operation 58 'readreq' 'empty' <Predicate = true> <Delay = 2.43> <CoreInst = "m_axi">   --->   Core 119 'm_axi' <Latency = 6> <II = 1> <Delay = 1.00> <Adapter> <Opcode : 'read' 'write' 'readreq' 'writereq' 'writeresp'>

State 12 <SV = 11> <Delay = 2.43>
ST_12 : Operation 59 [1/8] (2.43ns)   --->   "%empty = readreq i1 @_ssdm_op_ReadReq.m_axi.p1i256, i256 %gmem_param_addr, i64 8" [../gen/Hls_Layers_UpConv.tpp:185->../gen/Hls_Layers_UpConv.tpp:362]   --->   Operation 59 'readreq' 'empty' <Predicate = true> <Delay = 2.43> <CoreInst = "m_axi">   --->   Core 119 'm_axi' <Latency = 6> <II = 1> <Delay = 1.00> <Adapter> <Opcode : 'read' 'write' 'readreq' 'writereq' 'writeresp'>

State 13 <SV = 12> <Delay = 0.00>
ST_13 : Operation 60 [2/2] (0.00ns)   --->   "%call_ln185 = call void @UpConv_Fused_Row<8, 64, 64, 240, 120>_Pipeline_LOAD_B, i256 %gmem_param, i59 %trunc_ln2, i256 %b_buf" [../gen/Hls_Layers_UpConv.tpp:185->../gen/Hls_Layers_UpConv.tpp:362]   --->   Operation 60 'call' 'call_ln185' <Predicate = true> <Delay = 0.00> <CoreType = "Generic">   --->   Generic Core

State 14 <SV = 13> <Delay = 0.00>
ST_14 : Operation 61 [1/2] (0.00ns)   --->   "%call_ln185 = call void @UpConv_Fused_Row<8, 64, 64, 240, 120>_Pipeline_LOAD_B, i256 %gmem_param, i59 %trunc_ln2, i256 %b_buf" [../gen/Hls_Layers_UpConv.tpp:185->../gen/Hls_Layers_UpConv.tpp:362]   --->   Operation 61 'call' 'call_ln185' <Predicate = true> <Delay = 0.00> <CoreType = "Generic">   --->   Generic Core

State 15 <SV = 14> <Delay = 2.43>
ST_15 : Operation 62 [1/1] (0.00ns)   --->   "%G_ptr_read = read i64 @_ssdm_op_Read.ap_auto.i64, i64 %G_ptr"   --->   Operation 62 'read' 'G_ptr_read' <Predicate = true> <Delay = 0.00>
ST_15 : Operation 63 [1/1] (0.00ns)   --->   "%trunc_ln3 = partselect i59 @_ssdm_op_PartSelect.i59.i64.i32.i32, i64 %G_ptr_read, i32 5, i32 63" [../gen/Hls_Layers_UpConv.tpp:189->../gen/Hls_Layers_UpConv.tpp:362]   --->   Operation 63 'partselect' 'trunc_ln3' <Predicate = true> <Delay = 0.00>
ST_15 : Operation 64 [1/1] (0.00ns)   --->   "%sext_ln189 = sext i59 %trunc_ln3" [../gen/Hls_Layers_UpConv.tpp:189->../gen/Hls_Layers_UpConv.tpp:362]   --->   Operation 64 'sext' 'sext_ln189' <Predicate = true> <Delay = 0.00>
ST_15 : Operation 65 [1/1] (0.00ns)   --->   "%gmem_param_addr_1 = getelementptr i256 %gmem_param, i64 %sext_ln189" [../gen/Hls_Layers_UpConv.tpp:189->../gen/Hls_Layers_UpConv.tpp:362]   --->   Operation 65 'getelementptr' 'gmem_param_addr_1' <Predicate = true> <Delay = 0.00>
ST_15 : Operation 66 [8/8] (2.43ns)   --->   "%empty_209 = readreq i1 @_ssdm_op_ReadReq.m_axi.p1i256, i256 %gmem_param_addr_1, i64 8" [../gen/Hls_Layers_UpConv.tpp:189->../gen/Hls_Layers_UpConv.tpp:362]   --->   Operation 66 'readreq' 'empty_209' <Predicate = true> <Delay = 2.43> <CoreInst = "m_axi">   --->   Core 119 'm_axi' <Latency = 6> <II = 1> <Delay = 1.00> <Adapter> <Opcode : 'read' 'write' 'readreq' 'writereq' 'writeresp'>

State 16 <SV = 15> <Delay = 2.43>
ST_16 : Operation 67 [7/8] (2.43ns)   --->   "%empty_209 = readreq i1 @_ssdm_op_ReadReq.m_axi.p1i256, i256 %gmem_param_addr_1, i64 8" [../gen/Hls_Layers_UpConv.tpp:189->../gen/Hls_Layers_UpConv.tpp:362]   --->   Operation 67 'readreq' 'empty_209' <Predicate = true> <Delay = 2.43> <CoreInst = "m_axi">   --->   Core 119 'm_axi' <Latency = 6> <II = 1> <Delay = 1.00> <Adapter> <Opcode : 'read' 'write' 'readreq' 'writereq' 'writeresp'>

State 17 <SV = 16> <Delay = 2.43>
ST_17 : Operation 68 [6/8] (2.43ns)   --->   "%empty_209 = readreq i1 @_ssdm_op_ReadReq.m_axi.p1i256, i256 %gmem_param_addr_1, i64 8" [../gen/Hls_Layers_UpConv.tpp:189->../gen/Hls_Layers_UpConv.tpp:362]   --->   Operation 68 'readreq' 'empty_209' <Predicate = true> <Delay = 2.43> <CoreInst = "m_axi">   --->   Core 119 'm_axi' <Latency = 6> <II = 1> <Delay = 1.00> <Adapter> <Opcode : 'read' 'write' 'readreq' 'writereq' 'writeresp'>

State 18 <SV = 17> <Delay = 2.43>
ST_18 : Operation 69 [5/8] (2.43ns)   --->   "%empty_209 = readreq i1 @_ssdm_op_ReadReq.m_axi.p1i256, i256 %gmem_param_addr_1, i64 8" [../gen/Hls_Layers_UpConv.tpp:189->../gen/Hls_Layers_UpConv.tpp:362]   --->   Operation 69 'readreq' 'empty_209' <Predicate = true> <Delay = 2.43> <CoreInst = "m_axi">   --->   Core 119 'm_axi' <Latency = 6> <II = 1> <Delay = 1.00> <Adapter> <Opcode : 'read' 'write' 'readreq' 'writereq' 'writeresp'>

State 19 <SV = 18> <Delay = 2.43>
ST_19 : Operation 70 [4/8] (2.43ns)   --->   "%empty_209 = readreq i1 @_ssdm_op_ReadReq.m_axi.p1i256, i256 %gmem_param_addr_1, i64 8" [../gen/Hls_Layers_UpConv.tpp:189->../gen/Hls_Layers_UpConv.tpp:362]   --->   Operation 70 'readreq' 'empty_209' <Predicate = true> <Delay = 2.43> <CoreInst = "m_axi">   --->   Core 119 'm_axi' <Latency = 6> <II = 1> <Delay = 1.00> <Adapter> <Opcode : 'read' 'write' 'readreq' 'writereq' 'writeresp'>

State 20 <SV = 19> <Delay = 2.43>
ST_20 : Operation 71 [3/8] (2.43ns)   --->   "%empty_209 = readreq i1 @_ssdm_op_ReadReq.m_axi.p1i256, i256 %gmem_param_addr_1, i64 8" [../gen/Hls_Layers_UpConv.tpp:189->../gen/Hls_Layers_UpConv.tpp:362]   --->   Operation 71 'readreq' 'empty_209' <Predicate = true> <Delay = 2.43> <CoreInst = "m_axi">   --->   Core 119 'm_axi' <Latency = 6> <II = 1> <Delay = 1.00> <Adapter> <Opcode : 'read' 'write' 'readreq' 'writereq' 'writeresp'>

State 21 <SV = 20> <Delay = 2.43>
ST_21 : Operation 72 [1/1] (0.00ns)   --->   "%epsilon_read = read i16 @_ssdm_op_Read.ap_auto.half, i16 %epsilon"   --->   Operation 72 'read' 'epsilon_read' <Predicate = true> <Delay = 0.00>
ST_21 : Operation 73 [2/8] (2.43ns)   --->   "%empty_209 = readreq i1 @_ssdm_op_ReadReq.m_axi.p1i256, i256 %gmem_param_addr_1, i64 8" [../gen/Hls_Layers_UpConv.tpp:189->../gen/Hls_Layers_UpConv.tpp:362]   --->   Operation 73 'readreq' 'empty_209' <Predicate = true> <Delay = 2.43> <CoreInst = "m_axi">   --->   Core 119 'm_axi' <Latency = 6> <II = 1> <Delay = 1.00> <Adapter> <Opcode : 'read' 'write' 'readreq' 'writereq' 'writeresp'>
ST_21 : Operation 74 [2/2] (1.53ns)   --->   "%conv42_i = hptosp i16 %epsilon_read"   --->   Operation 74 'hptosp' 'conv42_i' <Predicate = true> <Delay = 1.53> <CoreInst = "Half2Float">   --->   Core 68 'Half2Float' <Latency = 1> <II = 1> <Delay = 1.53> <FuncUnit> <Opcode : 'hptosp'> <InPorts = 1> <OutPorts = 1>

State 22 <SV = 21> <Delay = 2.43>
ST_22 : Operation 75 [1/8] (2.43ns)   --->   "%empty_209 = readreq i1 @_ssdm_op_ReadReq.m_axi.p1i256, i256 %gmem_param_addr_1, i64 8" [../gen/Hls_Layers_UpConv.tpp:189->../gen/Hls_Layers_UpConv.tpp:362]   --->   Operation 75 'readreq' 'empty_209' <Predicate = true> <Delay = 2.43> <CoreInst = "m_axi">   --->   Core 119 'm_axi' <Latency = 6> <II = 1> <Delay = 1.00> <Adapter> <Opcode : 'read' 'write' 'readreq' 'writereq' 'writeresp'>
ST_22 : Operation 76 [1/2] (1.53ns)   --->   "%conv42_i = hptosp i16 %epsilon_read"   --->   Operation 76 'hptosp' 'conv42_i' <Predicate = true> <Delay = 1.53> <CoreInst = "Half2Float">   --->   Core 68 'Half2Float' <Latency = 1> <II = 1> <Delay = 1.53> <FuncUnit> <Opcode : 'hptosp'> <InPorts = 1> <OutPorts = 1>

State 23 <SV = 22> <Delay = 0.00>
ST_23 : Operation 77 [2/2] (0.00ns)   --->   "%call_ln189 = call void @UpConv_Fused_Row<8, 64, 64, 240, 120>_Pipeline_LOAD_G, i256 %gmem_param, i59 %trunc_ln3, i256 %g_buf" [../gen/Hls_Layers_UpConv.tpp:189->../gen/Hls_Layers_UpConv.tpp:362]   --->   Operation 77 'call' 'call_ln189' <Predicate = true> <Delay = 0.00> <CoreType = "Generic">   --->   Generic Core
ST_23 : Operation 78 [2/2] (0.00ns)   --->   "%call_ln0 = call void @UpConv_Fused_Row<8, 64, 64, 240, 120>_Pipeline_PIXEL_STATS, i32 %conv42_i, i256 %b_buf, i32 %mean_buf, i16 %inv_buf, i16 %void_UpConv_Fused_Row_ap_uint_ap_uint_const_ap_uint_const_ap_uint_const_ap_u_9, i16 %void_UpConv_Fused_Row_ap_uint_ap_uint_const_ap_uint_const_ap_uint_const_ap_u_8, i16 %void_UpConv_Fused_Row_ap_uint_ap_uint_const_ap_uint_const_ap_uint_const_ap_u_7, i16 %void_UpConv_Fused_Row_ap_uint_ap_uint_const_ap_uint_const_ap_uint_const_ap_u_6, i16 %void_UpConv_Fused_Row_ap_uint_ap_uint_const_ap_uint_const_ap_uint_const_ap_u_5, i16 %void_UpConv_Fused_Row_ap_uint_ap_uint_const_ap_uint_const_ap_uint_const_ap_u_4, i16 %void_UpConv_Fused_Row_ap_uint_ap_uint_const_ap_uint_const_ap_uint_const_ap_u_3, i16 %void_UpConv_Fused_Row_ap_uint_ap_uint_const_ap_uint_const_ap_uint_const_ap_u_2, i16 %void_UpConv_Fused_Row_ap_uint_ap_uint_const_ap_uint_const_ap_uint_const_ap_u_1, i16 %void_UpConv_Fused_Row_ap_uint_ap_uint_const_ap_uint_const_ap_uint_const_ap_u, i16 %p_ZZ16UpConv_Fused_RowILi8ELi64ELi64ELi240ELi120EEvP7ap_uintILi256EEPKS1_S4_S4_S4_5, i16 %p_ZZ16UpConv_Fused_RowILi8ELi64ELi64ELi240ELi120EEvP7ap_uintILi256EEPKS1_S4_S4_S4_4, i16 %p_ZZ16UpConv_Fused_RowILi8ELi64ELi64ELi240ELi120EEvP7ap_uintILi256EEPKS1_S4_S4_S4_3, i16 %p_ZZ16UpConv_Fused_RowILi8ELi64ELi64ELi240ELi120EEvP7ap_uintILi256EEPKS1_S4_S4_S4_2, i16 %p_ZZ16UpConv_Fused_RowILi8ELi64ELi64ELi240ELi120EEvP7ap_uintILi256EEPKS1_S4_S4_S4_1, i16 %p_ZZ16UpConv_Fused_RowILi8ELi64ELi64ELi240ELi120EEvP7ap_uintILi256EEPKS1_S4_S4_S4"   --->   Operation 78 'call' 'call_ln0' <Predicate = true> <Delay = 0.00> <CoreType = "Generic">   --->   Generic Core

State 24 <SV = 23> <Delay = 0.00>
ST_24 : Operation 79 [1/2] (0.00ns)   --->   "%call_ln189 = call void @UpConv_Fused_Row<8, 64, 64, 240, 120>_Pipeline_LOAD_G, i256 %gmem_param, i59 %trunc_ln3, i256 %g_buf" [../gen/Hls_Layers_UpConv.tpp:189->../gen/Hls_Layers_UpConv.tpp:362]   --->   Operation 79 'call' 'call_ln189' <Predicate = true> <Delay = 0.00> <CoreType = "Generic">   --->   Generic Core
ST_24 : Operation 80 [1/2] (0.00ns)   --->   "%call_ln0 = call void @UpConv_Fused_Row<8, 64, 64, 240, 120>_Pipeline_PIXEL_STATS, i32 %conv42_i, i256 %b_buf, i32 %mean_buf, i16 %inv_buf, i16 %void_UpConv_Fused_Row_ap_uint_ap_uint_const_ap_uint_const_ap_uint_const_ap_u_9, i16 %void_UpConv_Fused_Row_ap_uint_ap_uint_const_ap_uint_const_ap_uint_const_ap_u_8, i16 %void_UpConv_Fused_Row_ap_uint_ap_uint_const_ap_uint_const_ap_uint_const_ap_u_7, i16 %void_UpConv_Fused_Row_ap_uint_ap_uint_const_ap_uint_const_ap_uint_const_ap_u_6, i16 %void_UpConv_Fused_Row_ap_uint_ap_uint_const_ap_uint_const_ap_uint_const_ap_u_5, i16 %void_UpConv_Fused_Row_ap_uint_ap_uint_const_ap_uint_const_ap_uint_const_ap_u_4, i16 %void_UpConv_Fused_Row_ap_uint_ap_uint_const_ap_uint_const_ap_uint_const_ap_u_3, i16 %void_UpConv_Fused_Row_ap_uint_ap_uint_const_ap_uint_const_ap_uint_const_ap_u_2, i16 %void_UpConv_Fused_Row_ap_uint_ap_uint_const_ap_uint_const_ap_uint_const_ap_u_1, i16 %void_UpConv_Fused_Row_ap_uint_ap_uint_const_ap_uint_const_ap_uint_const_ap_u, i16 %p_ZZ16UpConv_Fused_RowILi8ELi64ELi64ELi240ELi120EEvP7ap_uintILi256EEPKS1_S4_S4_S4_5, i16 %p_ZZ16UpConv_Fused_RowILi8ELi64ELi64ELi240ELi120EEvP7ap_uintILi256EEPKS1_S4_S4_S4_4, i16 %p_ZZ16UpConv_Fused_RowILi8ELi64ELi64ELi240ELi120EEvP7ap_uintILi256EEPKS1_S4_S4_S4_3, i16 %p_ZZ16UpConv_Fused_RowILi8ELi64ELi64ELi240ELi120EEvP7ap_uintILi256EEPKS1_S4_S4_S4_2, i16 %p_ZZ16UpConv_Fused_RowILi8ELi64ELi64ELi240ELi120EEvP7ap_uintILi256EEPKS1_S4_S4_S4_1, i16 %p_ZZ16UpConv_Fused_RowILi8ELi64ELi64ELi240ELi120EEvP7ap_uintILi256EEPKS1_S4_S4_S4"   --->   Operation 80 'call' 'call_ln0' <Predicate = true> <Delay = 0.00> <CoreType = "Generic">   --->   Generic Core

State 25 <SV = 24> <Delay = 2.43>
ST_25 : Operation 81 [1/1] (0.00ns)   --->   "%BE_ptr_read = read i64 @_ssdm_op_Read.ap_auto.i64, i64 %BE_ptr"   --->   Operation 81 'read' 'BE_ptr_read' <Predicate = true> <Delay = 0.00>
ST_25 : Operation 82 [1/1] (0.00ns)   --->   "%trunc_ln6 = partselect i59 @_ssdm_op_PartSelect.i59.i64.i32.i32, i64 %BE_ptr_read, i32 5, i32 63" [../gen/Hls_Layers_UpConv.tpp:193->../gen/Hls_Layers_UpConv.tpp:362]   --->   Operation 82 'partselect' 'trunc_ln6' <Predicate = true> <Delay = 0.00>
ST_25 : Operation 83 [1/1] (0.00ns)   --->   "%sext_ln193 = sext i59 %trunc_ln6" [../gen/Hls_Layers_UpConv.tpp:193->../gen/Hls_Layers_UpConv.tpp:362]   --->   Operation 83 'sext' 'sext_ln193' <Predicate = true> <Delay = 0.00>
ST_25 : Operation 84 [1/1] (0.00ns)   --->   "%gmem_param_addr_2 = getelementptr i256 %gmem_param, i64 %sext_ln193" [../gen/Hls_Layers_UpConv.tpp:193->../gen/Hls_Layers_UpConv.tpp:362]   --->   Operation 84 'getelementptr' 'gmem_param_addr_2' <Predicate = true> <Delay = 0.00>
ST_25 : Operation 85 [8/8] (2.43ns)   --->   "%empty_210 = readreq i1 @_ssdm_op_ReadReq.m_axi.p1i256, i256 %gmem_param_addr_2, i64 8" [../gen/Hls_Layers_UpConv.tpp:193->../gen/Hls_Layers_UpConv.tpp:362]   --->   Operation 85 'readreq' 'empty_210' <Predicate = true> <Delay = 2.43> <CoreInst = "m_axi">   --->   Core 119 'm_axi' <Latency = 6> <II = 1> <Delay = 1.00> <Adapter> <Opcode : 'read' 'write' 'readreq' 'writereq' 'writeresp'>

State 26 <SV = 25> <Delay = 2.43>
ST_26 : Operation 86 [7/8] (2.43ns)   --->   "%empty_210 = readreq i1 @_ssdm_op_ReadReq.m_axi.p1i256, i256 %gmem_param_addr_2, i64 8" [../gen/Hls_Layers_UpConv.tpp:193->../gen/Hls_Layers_UpConv.tpp:362]   --->   Operation 86 'readreq' 'empty_210' <Predicate = true> <Delay = 2.43> <CoreInst = "m_axi">   --->   Core 119 'm_axi' <Latency = 6> <II = 1> <Delay = 1.00> <Adapter> <Opcode : 'read' 'write' 'readreq' 'writereq' 'writeresp'>

State 27 <SV = 26> <Delay = 2.43>
ST_27 : Operation 87 [6/8] (2.43ns)   --->   "%empty_210 = readreq i1 @_ssdm_op_ReadReq.m_axi.p1i256, i256 %gmem_param_addr_2, i64 8" [../gen/Hls_Layers_UpConv.tpp:193->../gen/Hls_Layers_UpConv.tpp:362]   --->   Operation 87 'readreq' 'empty_210' <Predicate = true> <Delay = 2.43> <CoreInst = "m_axi">   --->   Core 119 'm_axi' <Latency = 6> <II = 1> <Delay = 1.00> <Adapter> <Opcode : 'read' 'write' 'readreq' 'writereq' 'writeresp'>

State 28 <SV = 27> <Delay = 2.43>
ST_28 : Operation 88 [5/8] (2.43ns)   --->   "%empty_210 = readreq i1 @_ssdm_op_ReadReq.m_axi.p1i256, i256 %gmem_param_addr_2, i64 8" [../gen/Hls_Layers_UpConv.tpp:193->../gen/Hls_Layers_UpConv.tpp:362]   --->   Operation 88 'readreq' 'empty_210' <Predicate = true> <Delay = 2.43> <CoreInst = "m_axi">   --->   Core 119 'm_axi' <Latency = 6> <II = 1> <Delay = 1.00> <Adapter> <Opcode : 'read' 'write' 'readreq' 'writereq' 'writeresp'>

State 29 <SV = 28> <Delay = 2.43>
ST_29 : Operation 89 [4/8] (2.43ns)   --->   "%empty_210 = readreq i1 @_ssdm_op_ReadReq.m_axi.p1i256, i256 %gmem_param_addr_2, i64 8" [../gen/Hls_Layers_UpConv.tpp:193->../gen/Hls_Layers_UpConv.tpp:362]   --->   Operation 89 'readreq' 'empty_210' <Predicate = true> <Delay = 2.43> <CoreInst = "m_axi">   --->   Core 119 'm_axi' <Latency = 6> <II = 1> <Delay = 1.00> <Adapter> <Opcode : 'read' 'write' 'readreq' 'writereq' 'writeresp'>

State 30 <SV = 29> <Delay = 2.43>
ST_30 : Operation 90 [3/8] (2.43ns)   --->   "%empty_210 = readreq i1 @_ssdm_op_ReadReq.m_axi.p1i256, i256 %gmem_param_addr_2, i64 8" [../gen/Hls_Layers_UpConv.tpp:193->../gen/Hls_Layers_UpConv.tpp:362]   --->   Operation 90 'readreq' 'empty_210' <Predicate = true> <Delay = 2.43> <CoreInst = "m_axi">   --->   Core 119 'm_axi' <Latency = 6> <II = 1> <Delay = 1.00> <Adapter> <Opcode : 'read' 'write' 'readreq' 'writereq' 'writeresp'>

State 31 <SV = 30> <Delay = 2.43>
ST_31 : Operation 91 [2/8] (2.43ns)   --->   "%empty_210 = readreq i1 @_ssdm_op_ReadReq.m_axi.p1i256, i256 %gmem_param_addr_2, i64 8" [../gen/Hls_Layers_UpConv.tpp:193->../gen/Hls_Layers_UpConv.tpp:362]   --->   Operation 91 'readreq' 'empty_210' <Predicate = true> <Delay = 2.43> <CoreInst = "m_axi">   --->   Core 119 'm_axi' <Latency = 6> <II = 1> <Delay = 1.00> <Adapter> <Opcode : 'read' 'write' 'readreq' 'writereq' 'writeresp'>

State 32 <SV = 31> <Delay = 2.43>
ST_32 : Operation 92 [1/8] (2.43ns)   --->   "%empty_210 = readreq i1 @_ssdm_op_ReadReq.m_axi.p1i256, i256 %gmem_param_addr_2, i64 8" [../gen/Hls_Layers_UpConv.tpp:193->../gen/Hls_Layers_UpConv.tpp:362]   --->   Operation 92 'readreq' 'empty_210' <Predicate = true> <Delay = 2.43> <CoreInst = "m_axi">   --->   Core 119 'm_axi' <Latency = 6> <II = 1> <Delay = 1.00> <Adapter> <Opcode : 'read' 'write' 'readreq' 'writereq' 'writeresp'>

State 33 <SV = 32> <Delay = 0.00>
ST_33 : Operation 93 [2/2] (0.00ns)   --->   "%call_ln193 = call void @UpConv_Fused_Row<8, 64, 64, 240, 120>_Pipeline_LOAD_BE, i256 %gmem_param, i59 %trunc_ln6, i256 %be_buf" [../gen/Hls_Layers_UpConv.tpp:193->../gen/Hls_Layers_UpConv.tpp:362]   --->   Operation 93 'call' 'call_ln193' <Predicate = true> <Delay = 0.00> <CoreType = "Generic">   --->   Generic Core

State 34 <SV = 33> <Delay = 0.00>
ST_34 : Operation 94 [1/2] (0.00ns)   --->   "%call_ln193 = call void @UpConv_Fused_Row<8, 64, 64, 240, 120>_Pipeline_LOAD_BE, i256 %gmem_param, i59 %trunc_ln6, i256 %be_buf" [../gen/Hls_Layers_UpConv.tpp:193->../gen/Hls_Layers_UpConv.tpp:362]   --->   Operation 94 'call' 'call_ln193' <Predicate = true> <Delay = 0.00> <CoreType = "Generic">   --->   Generic Core

State 35 <SV = 34> <Delay = 0.00>
ST_35 : Operation 95 [1/1] (0.00ns)   --->   "%Y_read = read i64 @_ssdm_op_Read.ap_auto.i64, i64 %Y"   --->   Operation 95 'read' 'Y_read' <Predicate = true> <Delay = 0.00>
ST_35 : Operation 96 [2/2] (0.00ns)   --->   "%call_ln0 = call void @UpConv_Fused_Row<8, 64, 64, 240, 120>_Pipeline_PIXEL_NORM, i256 %g_buf, i256 %be_buf, i7 %ho_read, i64 %Y_read, i256 %gmem_out, i32 %mean_buf, i16 %inv_buf, i16 %void_UpConv_Fused_Row_ap_uint_ap_uint_const_ap_uint_const_ap_uint_const_ap_u_9, i16 %void_UpConv_Fused_Row_ap_uint_ap_uint_const_ap_uint_const_ap_uint_const_ap_u_8, i16 %void_UpConv_Fused_Row_ap_uint_ap_uint_const_ap_uint_const_ap_uint_const_ap_u_7, i16 %void_UpConv_Fused_Row_ap_uint_ap_uint_const_ap_uint_const_ap_uint_const_ap_u_6, i16 %void_UpConv_Fused_Row_ap_uint_ap_uint_const_ap_uint_const_ap_uint_const_ap_u_5, i16 %void_UpConv_Fused_Row_ap_uint_ap_uint_const_ap_uint_const_ap_uint_const_ap_u_4, i16 %void_UpConv_Fused_Row_ap_uint_ap_uint_const_ap_uint_const_ap_uint_const_ap_u_3, i16 %void_UpConv_Fused_Row_ap_uint_ap_uint_const_ap_uint_const_ap_uint_const_ap_u_2, i16 %void_UpConv_Fused_Row_ap_uint_ap_uint_const_ap_uint_const_ap_uint_const_ap_u_1, i16 %void_UpConv_Fused_Row_ap_uint_ap_uint_const_ap_uint_const_ap_uint_const_ap_u, i16 %p_ZZ16UpConv_Fused_RowILi8ELi64ELi64ELi240ELi120EEvP7ap_uintILi256EEPKS1_S4_S4_S4_5, i16 %p_ZZ16UpConv_Fused_RowILi8ELi64ELi64ELi240ELi120EEvP7ap_uintILi256EEPKS1_S4_S4_S4_4, i16 %p_ZZ16UpConv_Fused_RowILi8ELi64ELi64ELi240ELi120EEvP7ap_uintILi256EEPKS1_S4_S4_S4_3, i16 %p_ZZ16UpConv_Fused_RowILi8ELi64ELi64ELi240ELi120EEvP7ap_uintILi256EEPKS1_S4_S4_S4_2, i16 %p_ZZ16UpConv_Fused_RowILi8ELi64ELi64ELi240ELi120EEvP7ap_uintILi256EEPKS1_S4_S4_S4_1, i16 %p_ZZ16UpConv_Fused_RowILi8ELi64ELi64ELi240ELi120EEvP7ap_uintILi256EEPKS1_S4_S4_S4"   --->   Operation 96 'call' 'call_ln0' <Predicate = true> <Delay = 0.00> <CoreType = "Generic">   --->   Generic Core

State 36 <SV = 35> <Delay = 0.00>
ST_36 : Operation 97 [1/1] (0.00ns)   --->   "%specmemcore_ln0 = specmemcore void @_ssdm_op_SpecMemCore, i256 %x_buf, i64 666, i64 31, i64 18446744073709551615"   --->   Operation 97 'specmemcore' 'specmemcore_ln0' <Predicate = true> <Delay = 0.00>
ST_36 : Operation 98 [1/1] (0.00ns)   --->   "%specinterface_ln0 = specinterface void @_ssdm_op_SpecInterface, i256 %gmem_out, void @empty_2, i32 0, i32 0, void @empty_1, i32 0, i32 0, void @empty_20, void @empty_13, void @empty_1, i32 16, i32 16, i32 16, i32 64, void @empty_1, void @empty_1, i32 4294967295, i32 0, i32 0"   --->   Operation 98 'specinterface' 'specinterface_ln0' <Predicate = true> <Delay = 0.00>
ST_36 : Operation 99 [1/1] (0.00ns)   --->   "%specinterface_ln0 = specinterface void @_ssdm_op_SpecInterface, i256 %gmem_param, void @empty_2, i32 0, i32 0, void @empty_1, i32 0, i32 0, void @empty_21, void @empty_13, void @empty_1, i32 16, i32 16, i32 64, i32 16, void @empty_1, void @empty_1, i32 4294967295, i32 0, i32 0"   --->   Operation 99 'specinterface' 'specinterface_ln0' <Predicate = true> <Delay = 0.00>
ST_36 : Operation 100 [1/1] (0.00ns)   --->   "%specinterface_ln0 = specinterface void @_ssdm_op_SpecInterface, i256 %gmem_weight, void @empty_2, i32 0, i32 0, void @empty_1, i32 0, i32 0, void @empty_11, void @empty_13, void @empty_1, i32 16, i32 16, i32 64, i32 16, void @empty_1, void @empty_1, i32 4294967295, i32 0, i32 0"   --->   Operation 100 'specinterface' 'specinterface_ln0' <Predicate = true> <Delay = 0.00>
ST_36 : Operation 101 [1/1] (0.00ns)   --->   "%specmemcore_ln326 = specmemcore void @_ssdm_op_SpecMemCore, i16 %p_ZZ16UpConv_Fused_RowILi8ELi64ELi64ELi240ELi120EEvP7ap_uintILi256EEPKS1_S4_S4_S4, i64 666, i64 31, i64 18446744073709551615" [../gen/Hls_Layers_UpConv.tpp:326]   --->   Operation 101 'specmemcore' 'specmemcore_ln326' <Predicate = true> <Delay = 0.00>
ST_36 : Operation 102 [1/1] (0.00ns)   --->   "%specmemcore_ln326 = specmemcore void @_ssdm_op_SpecMemCore, i16 %p_ZZ16UpConv_Fused_RowILi8ELi64ELi64ELi240ELi120EEvP7ap_uintILi256EEPKS1_S4_S4_S4_1, i64 666, i64 31, i64 18446744073709551615" [../gen/Hls_Layers_UpConv.tpp:326]   --->   Operation 102 'specmemcore' 'specmemcore_ln326' <Predicate = true> <Delay = 0.00>
ST_36 : Operation 103 [1/1] (0.00ns)   --->   "%specmemcore_ln326 = specmemcore void @_ssdm_op_SpecMemCore, i16 %p_ZZ16UpConv_Fused_RowILi8ELi64ELi64ELi240ELi120EEvP7ap_uintILi256EEPKS1_S4_S4_S4_2, i64 666, i64 31, i64 18446744073709551615" [../gen/Hls_Layers_UpConv.tpp:326]   --->   Operation 103 'specmemcore' 'specmemcore_ln326' <Predicate = true> <Delay = 0.00>
ST_36 : Operation 104 [1/1] (0.00ns)   --->   "%specmemcore_ln326 = specmemcore void @_ssdm_op_SpecMemCore, i16 %p_ZZ16UpConv_Fused_RowILi8ELi64ELi64ELi240ELi120EEvP7ap_uintILi256EEPKS1_S4_S4_S4_3, i64 666, i64 31, i64 18446744073709551615" [../gen/Hls_Layers_UpConv.tpp:326]   --->   Operation 104 'specmemcore' 'specmemcore_ln326' <Predicate = true> <Delay = 0.00>
ST_36 : Operation 105 [1/1] (0.00ns)   --->   "%specmemcore_ln326 = specmemcore void @_ssdm_op_SpecMemCore, i16 %p_ZZ16UpConv_Fused_RowILi8ELi64ELi64ELi240ELi120EEvP7ap_uintILi256EEPKS1_S4_S4_S4_4, i64 666, i64 31, i64 18446744073709551615" [../gen/Hls_Layers_UpConv.tpp:326]   --->   Operation 105 'specmemcore' 'specmemcore_ln326' <Predicate = true> <Delay = 0.00>
ST_36 : Operation 106 [1/1] (0.00ns)   --->   "%specmemcore_ln326 = specmemcore void @_ssdm_op_SpecMemCore, i16 %p_ZZ16UpConv_Fused_RowILi8ELi64ELi64ELi240ELi120EEvP7ap_uintILi256EEPKS1_S4_S4_S4_5, i64 666, i64 31, i64 18446744073709551615" [../gen/Hls_Layers_UpConv.tpp:326]   --->   Operation 106 'specmemcore' 'specmemcore_ln326' <Predicate = true> <Delay = 0.00>
ST_36 : Operation 107 [1/1] (0.00ns)   --->   "%specmemcore_ln326 = specmemcore void @_ssdm_op_SpecMemCore, i16 %void_UpConv_Fused_Row_ap_uint_ap_uint_const_ap_uint_const_ap_uint_const_ap_u, i64 666, i64 31, i64 18446744073709551615" [../gen/Hls_Layers_UpConv.tpp:326]   --->   Operation 107 'specmemcore' 'specmemcore_ln326' <Predicate = true> <Delay = 0.00>
ST_36 : Operation 108 [1/1] (0.00ns)   --->   "%specmemcore_ln326 = specmemcore void @_ssdm_op_SpecMemCore, i16 %void_UpConv_Fused_Row_ap_uint_ap_uint_const_ap_uint_const_ap_uint_const_ap_u_1, i64 666, i64 31, i64 18446744073709551615" [../gen/Hls_Layers_UpConv.tpp:326]   --->   Operation 108 'specmemcore' 'specmemcore_ln326' <Predicate = true> <Delay = 0.00>
ST_36 : Operation 109 [1/1] (0.00ns)   --->   "%specmemcore_ln326 = specmemcore void @_ssdm_op_SpecMemCore, i16 %void_UpConv_Fused_Row_ap_uint_ap_uint_const_ap_uint_const_ap_uint_const_ap_u_2, i64 666, i64 31, i64 18446744073709551615" [../gen/Hls_Layers_UpConv.tpp:326]   --->   Operation 109 'specmemcore' 'specmemcore_ln326' <Predicate = true> <Delay = 0.00>
ST_36 : Operation 110 [1/1] (0.00ns)   --->   "%specmemcore_ln326 = specmemcore void @_ssdm_op_SpecMemCore, i16 %void_UpConv_Fused_Row_ap_uint_ap_uint_const_ap_uint_const_ap_uint_const_ap_u_3, i64 666, i64 31, i64 18446744073709551615" [../gen/Hls_Layers_UpConv.tpp:326]   --->   Operation 110 'specmemcore' 'specmemcore_ln326' <Predicate = true> <Delay = 0.00>
ST_36 : Operation 111 [1/1] (0.00ns)   --->   "%specmemcore_ln326 = specmemcore void @_ssdm_op_SpecMemCore, i16 %void_UpConv_Fused_Row_ap_uint_ap_uint_const_ap_uint_const_ap_uint_const_ap_u_4, i64 666, i64 31, i64 18446744073709551615" [../gen/Hls_Layers_UpConv.tpp:326]   --->   Operation 111 'specmemcore' 'specmemcore_ln326' <Predicate = true> <Delay = 0.00>
ST_36 : Operation 112 [1/1] (0.00ns)   --->   "%specmemcore_ln326 = specmemcore void @_ssdm_op_SpecMemCore, i16 %void_UpConv_Fused_Row_ap_uint_ap_uint_const_ap_uint_const_ap_uint_const_ap_u_5, i64 666, i64 31, i64 18446744073709551615" [../gen/Hls_Layers_UpConv.tpp:326]   --->   Operation 112 'specmemcore' 'specmemcore_ln326' <Predicate = true> <Delay = 0.00>
ST_36 : Operation 113 [1/1] (0.00ns)   --->   "%specmemcore_ln326 = specmemcore void @_ssdm_op_SpecMemCore, i16 %void_UpConv_Fused_Row_ap_uint_ap_uint_const_ap_uint_const_ap_uint_const_ap_u_6, i64 666, i64 31, i64 18446744073709551615" [../gen/Hls_Layers_UpConv.tpp:326]   --->   Operation 113 'specmemcore' 'specmemcore_ln326' <Predicate = true> <Delay = 0.00>
ST_36 : Operation 114 [1/1] (0.00ns)   --->   "%specmemcore_ln326 = specmemcore void @_ssdm_op_SpecMemCore, i16 %void_UpConv_Fused_Row_ap_uint_ap_uint_const_ap_uint_const_ap_uint_const_ap_u_7, i64 666, i64 31, i64 18446744073709551615" [../gen/Hls_Layers_UpConv.tpp:326]   --->   Operation 114 'specmemcore' 'specmemcore_ln326' <Predicate = true> <Delay = 0.00>
ST_36 : Operation 115 [1/1] (0.00ns)   --->   "%specmemcore_ln326 = specmemcore void @_ssdm_op_SpecMemCore, i16 %void_UpConv_Fused_Row_ap_uint_ap_uint_const_ap_uint_const_ap_uint_const_ap_u_8, i64 666, i64 31, i64 18446744073709551615" [../gen/Hls_Layers_UpConv.tpp:326]   --->   Operation 115 'specmemcore' 'specmemcore_ln326' <Predicate = true> <Delay = 0.00>
ST_36 : Operation 116 [1/1] (0.00ns)   --->   "%specmemcore_ln326 = specmemcore void @_ssdm_op_SpecMemCore, i16 %void_UpConv_Fused_Row_ap_uint_ap_uint_const_ap_uint_const_ap_uint_const_ap_u_9, i64 666, i64 31, i64 18446744073709551615" [../gen/Hls_Layers_UpConv.tpp:326]   --->   Operation 116 'specmemcore' 'specmemcore_ln326' <Predicate = true> <Delay = 0.00>
ST_36 : Operation 117 [1/1] (0.00ns)   --->   "%specmemcore_ln340 = specmemcore void @_ssdm_op_SpecMemCore, i256 %b_buf, i64 666, i64 30, i64 18446744073709551615" [../gen/Hls_Layers_UpConv.tpp:340]   --->   Operation 117 'specmemcore' 'specmemcore_ln340' <Predicate = true> <Delay = 0.00>
ST_36 : Operation 118 [1/1] (0.00ns)   --->   "%specmemcore_ln341 = specmemcore void @_ssdm_op_SpecMemCore, i256 %g_buf, i64 666, i64 30, i64 18446744073709551615" [../gen/Hls_Layers_UpConv.tpp:341]   --->   Operation 118 'specmemcore' 'specmemcore_ln341' <Predicate = true> <Delay = 0.00>
ST_36 : Operation 119 [1/1] (0.00ns)   --->   "%specmemcore_ln342 = specmemcore void @_ssdm_op_SpecMemCore, i256 %be_buf, i64 666, i64 30, i64 18446744073709551615" [../gen/Hls_Layers_UpConv.tpp:342]   --->   Operation 119 'specmemcore' 'specmemcore_ln342' <Predicate = true> <Delay = 0.00>
ST_36 : Operation 120 [1/1] (0.00ns)   --->   "%specmemcore_ln346 = specmemcore void @_ssdm_op_SpecMemCore, i32 %mean_buf, i64 666, i64 23, i64 18446744073709551615" [../gen/Hls_Layers_UpConv.tpp:346]   --->   Operation 120 'specmemcore' 'specmemcore_ln346' <Predicate = true> <Delay = 0.00>
ST_36 : Operation 121 [1/1] (0.00ns)   --->   "%specmemcore_ln347 = specmemcore void @_ssdm_op_SpecMemCore, i16 %inv_buf, i64 666, i64 23, i64 18446744073709551615" [../gen/Hls_Layers_UpConv.tpp:347]   --->   Operation 121 'specmemcore' 'specmemcore_ln347' <Predicate = true> <Delay = 0.00>
ST_36 : Operation 122 [1/2] (0.00ns)   --->   "%call_ln0 = call void @UpConv_Fused_Row<8, 64, 64, 240, 120>_Pipeline_PIXEL_NORM, i256 %g_buf, i256 %be_buf, i7 %ho_read, i64 %Y_read, i256 %gmem_out, i32 %mean_buf, i16 %inv_buf, i16 %void_UpConv_Fused_Row_ap_uint_ap_uint_const_ap_uint_const_ap_uint_const_ap_u_9, i16 %void_UpConv_Fused_Row_ap_uint_ap_uint_const_ap_uint_const_ap_uint_const_ap_u_8, i16 %void_UpConv_Fused_Row_ap_uint_ap_uint_const_ap_uint_const_ap_uint_const_ap_u_7, i16 %void_UpConv_Fused_Row_ap_uint_ap_uint_const_ap_uint_const_ap_uint_const_ap_u_6, i16 %void_UpConv_Fused_Row_ap_uint_ap_uint_const_ap_uint_const_ap_uint_const_ap_u_5, i16 %void_UpConv_Fused_Row_ap_uint_ap_uint_const_ap_uint_const_ap_uint_const_ap_u_4, i16 %void_UpConv_Fused_Row_ap_uint_ap_uint_const_ap_uint_const_ap_uint_const_ap_u_3, i16 %void_UpConv_Fused_Row_ap_uint_ap_uint_const_ap_uint_const_ap_uint_const_ap_u_2, i16 %void_UpConv_Fused_Row_ap_uint_ap_uint_const_ap_uint_const_ap_uint_const_ap_u_1, i16 %void_UpConv_Fused_Row_ap_uint_ap_uint_const_ap_uint_const_ap_uint_const_ap_u, i16 %p_ZZ16UpConv_Fused_RowILi8ELi64ELi64ELi240ELi120EEvP7ap_uintILi256EEPKS1_S4_S4_S4_5, i16 %p_ZZ16UpConv_Fused_RowILi8ELi64ELi64ELi240ELi120EEvP7ap_uintILi256EEPKS1_S4_S4_S4_4, i16 %p_ZZ16UpConv_Fused_RowILi8ELi64ELi64ELi240ELi120EEvP7ap_uintILi256EEPKS1_S4_S4_S4_3, i16 %p_ZZ16UpConv_Fused_RowILi8ELi64ELi64ELi240ELi120EEvP7ap_uintILi256EEPKS1_S4_S4_S4_2, i16 %p_ZZ16UpConv_Fused_RowILi8ELi64ELi64ELi240ELi120EEvP7ap_uintILi256EEPKS1_S4_S4_S4_1, i16 %p_ZZ16UpConv_Fused_RowILi8ELi64ELi64ELi240ELi120EEvP7ap_uintILi256EEPKS1_S4_S4_S4"   --->   Operation 122 'call' 'call_ln0' <Predicate = true> <Delay = 0.00> <CoreType = "Generic">   --->   Generic Core
ST_36 : Operation 123 [1/1] (0.00ns)   --->   "%ret_ln365 = ret" [../gen/Hls_Layers_UpConv.tpp:365]   --->   Operation 123 'ret' 'ret_ln365' <Predicate = true> <Delay = 0.00>


============================================================
+ Verbose Summary: Timing violations
============================================================
Target clock period: 3.333ns, clock uncertainty: 0.900ns.

 <State 1>: 0.000ns
The critical path consists of the following:

 <State 2>: 1.652ns
The critical path consists of the following:
	'call' operation 0 bit ('call_ln0') to 'UpConv_Fused_Row<8, 64, 64, 240, 120>_Pipeline_RESET_ROW_ACC' [66]  (1.652 ns)

 <State 3>: 0.773ns
The critical path consists of the following:
	wire read operation ('ho_read') on port 'ho' [30]  (0.000 ns)
	'add' operation 8 bit ('add_i90') [67]  (0.773 ns)

 <State 4>: 0.789ns
The critical path consists of the following:
	'call' operation 0 bit ('call_ln0') to 'UpConv_Fused_Row<8, 64, 64, 240, 120>_Outline_TILE_LOOP' [68]  (0.789 ns)

 <State 5>: 2.433ns
The critical path consists of the following:
	wire read operation ('B_ptr_read') on port 'B_ptr' [35]  (0.000 ns)
	'getelementptr' operation 256 bit ('gmem_param_addr', ../gen/Hls_Layers_UpConv.tpp:185->../gen/Hls_Layers_UpConv.tpp:362) [71]  (0.000 ns)
	bus request operation ('empty', ../gen/Hls_Layers_UpConv.tpp:185->../gen/Hls_Layers_UpConv.tpp:362) on port 'gmem_param' (../gen/Hls_Layers_UpConv.tpp:185->../gen/Hls_Layers_UpConv.tpp:362) [72]  (2.433 ns)

 <State 6>: 2.433ns
The critical path consists of the following:
	bus request operation ('empty', ../gen/Hls_Layers_UpConv.tpp:185->../gen/Hls_Layers_UpConv.tpp:362) on port 'gmem_param' (../gen/Hls_Layers_UpConv.tpp:185->../gen/Hls_Layers_UpConv.tpp:362) [72]  (2.433 ns)

 <State 7>: 2.433ns
The critical path consists of the following:
	bus request operation ('empty', ../gen/Hls_Layers_UpConv.tpp:185->../gen/Hls_Layers_UpConv.tpp:362) on port 'gmem_param' (../gen/Hls_Layers_UpConv.tpp:185->../gen/Hls_Layers_UpConv.tpp:362) [72]  (2.433 ns)

 <State 8>: 2.433ns
The critical path consists of the following:
	bus request operation ('empty', ../gen/Hls_Layers_UpConv.tpp:185->../gen/Hls_Layers_UpConv.tpp:362) on port 'gmem_param' (../gen/Hls_Layers_UpConv.tpp:185->../gen/Hls_Layers_UpConv.tpp:362) [72]  (2.433 ns)

 <State 9>: 2.433ns
The critical path consists of the following:
	bus request operation ('empty', ../gen/Hls_Layers_UpConv.tpp:185->../gen/Hls_Layers_UpConv.tpp:362) on port 'gmem_param' (../gen/Hls_Layers_UpConv.tpp:185->../gen/Hls_Layers_UpConv.tpp:362) [72]  (2.433 ns)

 <State 10>: 2.433ns
The critical path consists of the following:
	bus request operation ('empty', ../gen/Hls_Layers_UpConv.tpp:185->../gen/Hls_Layers_UpConv.tpp:362) on port 'gmem_param' (../gen/Hls_Layers_UpConv.tpp:185->../gen/Hls_Layers_UpConv.tpp:362) [72]  (2.433 ns)

 <State 11>: 2.433ns
The critical path consists of the following:
	bus request operation ('empty', ../gen/Hls_Layers_UpConv.tpp:185->../gen/Hls_Layers_UpConv.tpp:362) on port 'gmem_param' (../gen/Hls_Layers_UpConv.tpp:185->../gen/Hls_Layers_UpConv.tpp:362) [72]  (2.433 ns)

 <State 12>: 2.433ns
The critical path consists of the following:
	bus request operation ('empty', ../gen/Hls_Layers_UpConv.tpp:185->../gen/Hls_Layers_UpConv.tpp:362) on port 'gmem_param' (../gen/Hls_Layers_UpConv.tpp:185->../gen/Hls_Layers_UpConv.tpp:362) [72]  (2.433 ns)

 <State 13>: 0.000ns
The critical path consists of the following:

 <State 14>: 0.000ns
The critical path consists of the following:

 <State 15>: 2.433ns
The critical path consists of the following:
	wire read operation ('G_ptr_read') on port 'G_ptr' [34]  (0.000 ns)
	'getelementptr' operation 256 bit ('gmem_param_addr_1', ../gen/Hls_Layers_UpConv.tpp:189->../gen/Hls_Layers_UpConv.tpp:362) [76]  (0.000 ns)
	bus request operation ('empty_209', ../gen/Hls_Layers_UpConv.tpp:189->../gen/Hls_Layers_UpConv.tpp:362) on port 'gmem_param' (../gen/Hls_Layers_UpConv.tpp:189->../gen/Hls_Layers_UpConv.tpp:362) [77]  (2.433 ns)

 <State 16>: 2.433ns
The critical path consists of the following:
	bus request operation ('empty_209', ../gen/Hls_Layers_UpConv.tpp:189->../gen/Hls_Layers_UpConv.tpp:362) on port 'gmem_param' (../gen/Hls_Layers_UpConv.tpp:189->../gen/Hls_Layers_UpConv.tpp:362) [77]  (2.433 ns)

 <State 17>: 2.433ns
The critical path consists of the following:
	bus request operation ('empty_209', ../gen/Hls_Layers_UpConv.tpp:189->../gen/Hls_Layers_UpConv.tpp:362) on port 'gmem_param' (../gen/Hls_Layers_UpConv.tpp:189->../gen/Hls_Layers_UpConv.tpp:362) [77]  (2.433 ns)

 <State 18>: 2.433ns
The critical path consists of the following:
	bus request operation ('empty_209', ../gen/Hls_Layers_UpConv.tpp:189->../gen/Hls_Layers_UpConv.tpp:362) on port 'gmem_param' (../gen/Hls_Layers_UpConv.tpp:189->../gen/Hls_Layers_UpConv.tpp:362) [77]  (2.433 ns)

 <State 19>: 2.433ns
The critical path consists of the following:
	bus request operation ('empty_209', ../gen/Hls_Layers_UpConv.tpp:189->../gen/Hls_Layers_UpConv.tpp:362) on port 'gmem_param' (../gen/Hls_Layers_UpConv.tpp:189->../gen/Hls_Layers_UpConv.tpp:362) [77]  (2.433 ns)

 <State 20>: 2.433ns
The critical path consists of the following:
	bus request operation ('empty_209', ../gen/Hls_Layers_UpConv.tpp:189->../gen/Hls_Layers_UpConv.tpp:362) on port 'gmem_param' (../gen/Hls_Layers_UpConv.tpp:189->../gen/Hls_Layers_UpConv.tpp:362) [77]  (2.433 ns)

 <State 21>: 2.433ns
The critical path consists of the following:
	bus request operation ('empty_209', ../gen/Hls_Layers_UpConv.tpp:189->../gen/Hls_Layers_UpConv.tpp:362) on port 'gmem_param' (../gen/Hls_Layers_UpConv.tpp:189->../gen/Hls_Layers_UpConv.tpp:362) [77]  (2.433 ns)

 <State 22>: 2.433ns
The critical path consists of the following:
	bus request operation ('empty_209', ../gen/Hls_Layers_UpConv.tpp:189->../gen/Hls_Layers_UpConv.tpp:362) on port 'gmem_param' (../gen/Hls_Layers_UpConv.tpp:189->../gen/Hls_Layers_UpConv.tpp:362) [77]  (2.433 ns)

 <State 23>: 0.000ns
The critical path consists of the following:

 <State 24>: 0.000ns
The critical path consists of the following:

 <State 25>: 2.433ns
The critical path consists of the following:
	wire read operation ('BE_ptr_read') on port 'BE_ptr' [33]  (0.000 ns)
	'getelementptr' operation 256 bit ('gmem_param_addr_2', ../gen/Hls_Layers_UpConv.tpp:193->../gen/Hls_Layers_UpConv.tpp:362) [81]  (0.000 ns)
	bus request operation ('empty_210', ../gen/Hls_Layers_UpConv.tpp:193->../gen/Hls_Layers_UpConv.tpp:362) on port 'gmem_param' (../gen/Hls_Layers_UpConv.tpp:193->../gen/Hls_Layers_UpConv.tpp:362) [82]  (2.433 ns)

 <State 26>: 2.433ns
The critical path consists of the following:
	bus request operation ('empty_210', ../gen/Hls_Layers_UpConv.tpp:193->../gen/Hls_Layers_UpConv.tpp:362) on port 'gmem_param' (../gen/Hls_Layers_UpConv.tpp:193->../gen/Hls_Layers_UpConv.tpp:362) [82]  (2.433 ns)

 <State 27>: 2.433ns
The critical path consists of the following:
	bus request operation ('empty_210', ../gen/Hls_Layers_UpConv.tpp:193->../gen/Hls_Layers_UpConv.tpp:362) on port 'gmem_param' (../gen/Hls_Layers_UpConv.tpp:193->../gen/Hls_Layers_UpConv.tpp:362) [82]  (2.433 ns)

 <State 28>: 2.433ns
The critical path consists of the following:
	bus request operation ('empty_210', ../gen/Hls_Layers_UpConv.tpp:193->../gen/Hls_Layers_UpConv.tpp:362) on port 'gmem_param' (../gen/Hls_Layers_UpConv.tpp:193->../gen/Hls_Layers_UpConv.tpp:362) [82]  (2.433 ns)

 <State 29>: 2.433ns
The critical path consists of the following:
	bus request operation ('empty_210', ../gen/Hls_Layers_UpConv.tpp:193->../gen/Hls_Layers_UpConv.tpp:362) on port 'gmem_param' (../gen/Hls_Layers_UpConv.tpp:193->../gen/Hls_Layers_UpConv.tpp:362) [82]  (2.433 ns)

 <State 30>: 2.433ns
The critical path consists of the following:
	bus request operation ('empty_210', ../gen/Hls_Layers_UpConv.tpp:193->../gen/Hls_Layers_UpConv.tpp:362) on port 'gmem_param' (../gen/Hls_Layers_UpConv.tpp:193->../gen/Hls_Layers_UpConv.tpp:362) [82]  (2.433 ns)

 <State 31>: 2.433ns
The critical path consists of the following:
	bus request operation ('empty_210', ../gen/Hls_Layers_UpConv.tpp:193->../gen/Hls_Layers_UpConv.tpp:362) on port 'gmem_param' (../gen/Hls_Layers_UpConv.tpp:193->../gen/Hls_Layers_UpConv.tpp:362) [82]  (2.433 ns)

 <State 32>: 2.433ns
The critical path consists of the following:
	bus request operation ('empty_210', ../gen/Hls_Layers_UpConv.tpp:193->../gen/Hls_Layers_UpConv.tpp:362) on port 'gmem_param' (../gen/Hls_Layers_UpConv.tpp:193->../gen/Hls_Layers_UpConv.tpp:362) [82]  (2.433 ns)

 <State 33>: 0.000ns
The critical path consists of the following:

 <State 34>: 0.000ns
The critical path consists of the following:

 <State 35>: 0.000ns
The critical path consists of the following:

 <State 36>: 0.000ns
The critical path consists of the following:


============================================================
+ Verbose Summary: Binding
============================================================
N/A
* FSMD analyzer results:
  - Output states:
 - Input state : 
  - Chain level:
	State 1
	State 2
	State 3
	State 4
	State 5
	State 6
	State 7
	State 8
	State 9
	State 10
	State 11
	State 12
	State 13
	State 14
	State 15
	State 16
	State 17
	State 18
	State 19
	State 20
	State 21
	State 22
	State 23
	State 24
	State 25
	State 26
	State 27
	State 28
	State 29
	State 30
	State 31
	State 32
	State 33
	State 34
	State 35
	State 36


============================================================
+ Verbose Summary: Datapath Resource usage 
============================================================
N/A
