

================================================================
== Vitis HLS Report for 'UpConv_Fused_Row_8_64_64_240_120_Outline_TILE_LOOP'
================================================================
* Date:           Tue Jun  2 22:29:39 2026

* Version:        2024.2 (Build 5238294 on Nov  8 2024)
* Project:        upconv_core_top_ucb2
* Solution:       hls (Vivado IP Flow Target)
* Product family: zynquplus
* Target device:  xczu7ev-ffvc1156-2-e


================================================================
== Performance Estimates
================================================================
+ Timing: 
    * Summary: 
    +--------+---------+----------+------------+
    |  Clock |  Target | Estimated| Uncertainty|
    +--------+---------+----------+------------+
    |ap_clk  |  3.33 ns|  2.433 ns|     0.90 ns|
    +--------+---------+----------+------------+

+ Latency: 
    * Summary: 
    +---------+---------+----------+----------+-----+--------+---------+
    |  Latency (cycles) |  Latency (absolute) |   Interval   | Pipeline|
    |   min   |   max   |    min   |    max   | min |   max  |   Type  |
    +---------+---------+----------+----------+-----+--------+---------+
    |      401|   163073|  1.337 us|  0.544 ms|  401|  163073|       no|
    +---------+---------+----------+----------+-----+--------+---------+

    + Detail: 
        * Instance: 
        N/A

        * Loop: 
        +--------------+---------+---------+------------+-----------+-----------+------+----------+
        |              |  Latency (cycles) |  Iteration |  Initiation Interval  | Trip |          |
        |   Loop Name  |   min   |   max   |   Latency  |  achieved |   target  | Count| Pipelined|
        +--------------+---------+---------+------------+-----------+-----------+------+----------+
        |- TILE_LOOP   |      400|   163072|  25 ~ 10192|          -|          -|    16|        no|
        | + PRELOAD_W  |       16|     1192|     2 ~ 149|          -|          -|     8|        no|
        | + KH_LOOP    |        6|     8997|    2 ~ 2999|          -|          -|     3|        no|
        +--------------+---------+---------+------------+-----------+-----------+------+----------+

============================================================
+ Verbose Summary: Synthesis Manager
============================================================
InlineROM: 1
ExposeGlobal: 0
============================================================
+ Verbose Summary: CDFG Model
============================================================
IsTopModel: 0
ResetActiveHigh: 1
IsCombinational: 0
IsDatapathOnly: 0
HasWiredReturn: 1
HasMFsm: 0
HasVarLatency: 1
IsPipeline: 0
IsRtlPipelined: 0
IsInstanceOverlapped: 0
IsDontTouch: 0
HasImplIP: 0
IsGatedGlobalClock: 0


============================================================
+ Verbose Summary: Schedule
============================================================
* Number of FSM states : 16
* Pipeline : 0
* Dataflow Pipeline: 0

* FSM state transitions: 
1 --> 2 
2 --> 3 
3 --> 4 13 14 
4 --> 5 
5 --> 6 
6 --> 7 
7 --> 8 
8 --> 9 
9 --> 10 
10 --> 11 
11 --> 12 
12 --> 13 
13 --> 3 
14 --> 15 16 2 
15 --> 16 
16 --> 14 

* FSM state operations: 

State 1 <SV = 0> <Delay = 0.42>
ST_1 : Operation 17 [1/1] (0.00ns)   --->   "%phi_mul564 = alloca i32 1"   --->   Operation 17 'alloca' 'phi_mul564' <Predicate = true> <Delay = 0.00>
ST_1 : Operation 18 [1/1] (0.00ns)   --->   "%tile = alloca i32 1" [../gen/Hls_Layers_UpConv.tpp:106->../gen/Hls_Layers_UpConv.tpp:358]   --->   Operation 18 'alloca' 'tile' <Predicate = true> <Delay = 0.00>
ST_1 : Operation 19 [1/1] (0.00ns)   --->   "%zext_ln356_read = read i8 @_ssdm_op_Read.ap_auto.i8, i8 %zext_ln356"   --->   Operation 19 'read' 'zext_ln356_read' <Predicate = true> <Delay = 0.00>
ST_1 : Operation 20 [1/1] (0.00ns)   --->   "%W_ptr_read = read i64 @_ssdm_op_Read.ap_auto.i64, i64 %W_ptr"   --->   Operation 20 'read' 'W_ptr_read' <Predicate = true> <Delay = 0.00>
ST_1 : Operation 21 [1/1] (0.00ns)   --->   "%zext_ln356_cast = zext i8 %zext_ln356_read"   --->   Operation 21 'zext' 'zext_ln356_cast' <Predicate = true> <Delay = 0.00>
ST_1 : Operation 22 [1/1] (0.00ns)   --->   "%specinterface_ln0 = specinterface void @_ssdm_op_SpecInterface, i256 %gmem_weight, void @empty_2, i32 0, i32 0, void @empty_1, i32 0, i32 0, void @empty_11, void @empty_13, void @empty_1, i32 16, i32 16, i32 64, i32 16, void @empty_1, void @empty_1, i32 4294967295, i32 0, i32 0"   --->   Operation 22 'specinterface' 'specinterface_ln0' <Predicate = true> <Delay = 0.00>
ST_1 : Operation 23 [1/1] (0.00ns)   --->   "%w_local_7 = alloca i64 1" [../gen/Hls_Layers_UpConv.tpp:333]   --->   Operation 23 'alloca' 'w_local_7' <Predicate = true> <Delay = 0.00> <CoreInst = "RAM_T2P_BRAM">   --->   Core 98 'RAM_T2P_BRAM' <Latency = 2> <II = 1> <Delay = 1.23> <Storage> <Opcode : 'load' 'store'> <Ports = 2> <Width = 256> <Depth = 135> <RAM>
ST_1 : Operation 24 [1/1] (0.00ns)   --->   "%w_local_6 = alloca i64 1" [../gen/Hls_Layers_UpConv.tpp:333]   --->   Operation 24 'alloca' 'w_local_6' <Predicate = true> <Delay = 0.00> <CoreInst = "RAM_T2P_BRAM">   --->   Core 98 'RAM_T2P_BRAM' <Latency = 2> <II = 1> <Delay = 1.23> <Storage> <Opcode : 'load' 'store'> <Ports = 2> <Width = 256> <Depth = 135> <RAM>
ST_1 : Operation 25 [1/1] (0.00ns)   --->   "%w_local_5 = alloca i64 1" [../gen/Hls_Layers_UpConv.tpp:333]   --->   Operation 25 'alloca' 'w_local_5' <Predicate = true> <Delay = 0.00> <CoreInst = "RAM_T2P_BRAM">   --->   Core 98 'RAM_T2P_BRAM' <Latency = 2> <II = 1> <Delay = 1.23> <Storage> <Opcode : 'load' 'store'> <Ports = 2> <Width = 256> <Depth = 135> <RAM>
ST_1 : Operation 26 [1/1] (0.00ns)   --->   "%w_local_4 = alloca i64 1" [../gen/Hls_Layers_UpConv.tpp:333]   --->   Operation 26 'alloca' 'w_local_4' <Predicate = true> <Delay = 0.00> <CoreInst = "RAM_T2P_BRAM">   --->   Core 98 'RAM_T2P_BRAM' <Latency = 2> <II = 1> <Delay = 1.23> <Storage> <Opcode : 'load' 'store'> <Ports = 2> <Width = 256> <Depth = 135> <RAM>
ST_1 : Operation 27 [1/1] (0.00ns)   --->   "%w_local_3 = alloca i64 1" [../gen/Hls_Layers_UpConv.tpp:333]   --->   Operation 27 'alloca' 'w_local_3' <Predicate = true> <Delay = 0.00> <CoreInst = "RAM_T2P_BRAM">   --->   Core 98 'RAM_T2P_BRAM' <Latency = 2> <II = 1> <Delay = 1.23> <Storage> <Opcode : 'load' 'store'> <Ports = 2> <Width = 256> <Depth = 135> <RAM>
ST_1 : Operation 28 [1/1] (0.00ns)   --->   "%w_local_2 = alloca i64 1" [../gen/Hls_Layers_UpConv.tpp:333]   --->   Operation 28 'alloca' 'w_local_2' <Predicate = true> <Delay = 0.00> <CoreInst = "RAM_T2P_BRAM">   --->   Core 98 'RAM_T2P_BRAM' <Latency = 2> <II = 1> <Delay = 1.23> <Storage> <Opcode : 'load' 'store'> <Ports = 2> <Width = 256> <Depth = 135> <RAM>
ST_1 : Operation 29 [1/1] (0.00ns)   --->   "%w_local_1 = alloca i64 1" [../gen/Hls_Layers_UpConv.tpp:333]   --->   Operation 29 'alloca' 'w_local_1' <Predicate = true> <Delay = 0.00> <CoreInst = "RAM_T2P_BRAM">   --->   Core 98 'RAM_T2P_BRAM' <Latency = 2> <II = 1> <Delay = 1.23> <Storage> <Opcode : 'load' 'store'> <Ports = 2> <Width = 256> <Depth = 135> <RAM>
ST_1 : Operation 30 [1/1] (0.00ns)   --->   "%w_local = alloca i64 1" [../gen/Hls_Layers_UpConv.tpp:333]   --->   Operation 30 'alloca' 'w_local' <Predicate = true> <Delay = 0.00> <CoreInst = "RAM_T2P_BRAM">   --->   Core 98 'RAM_T2P_BRAM' <Latency = 2> <II = 1> <Delay = 1.23> <Storage> <Opcode : 'load' 'store'> <Ports = 2> <Width = 256> <Depth = 135> <RAM>
ST_1 : Operation 31 [1/1] (0.00ns)   --->   "%specmemcore_ln334 = specmemcore void @_ssdm_op_SpecMemCore, i256 %w_local, i64 666, i64 30, i64 2" [../gen/Hls_Layers_UpConv.tpp:334]   --->   Operation 31 'specmemcore' 'specmemcore_ln334' <Predicate = true> <Delay = 0.00>
ST_1 : Operation 32 [1/1] (0.00ns)   --->   "%specmemcore_ln334 = specmemcore void @_ssdm_op_SpecMemCore, i256 %w_local_1, i64 666, i64 30, i64 2" [../gen/Hls_Layers_UpConv.tpp:334]   --->   Operation 32 'specmemcore' 'specmemcore_ln334' <Predicate = true> <Delay = 0.00>
ST_1 : Operation 33 [1/1] (0.00ns)   --->   "%specmemcore_ln334 = specmemcore void @_ssdm_op_SpecMemCore, i256 %w_local_2, i64 666, i64 30, i64 2" [../gen/Hls_Layers_UpConv.tpp:334]   --->   Operation 33 'specmemcore' 'specmemcore_ln334' <Predicate = true> <Delay = 0.00>
ST_1 : Operation 34 [1/1] (0.00ns)   --->   "%specmemcore_ln334 = specmemcore void @_ssdm_op_SpecMemCore, i256 %w_local_3, i64 666, i64 30, i64 2" [../gen/Hls_Layers_UpConv.tpp:334]   --->   Operation 34 'specmemcore' 'specmemcore_ln334' <Predicate = true> <Delay = 0.00>
ST_1 : Operation 35 [1/1] (0.00ns)   --->   "%specmemcore_ln334 = specmemcore void @_ssdm_op_SpecMemCore, i256 %w_local_4, i64 666, i64 30, i64 2" [../gen/Hls_Layers_UpConv.tpp:334]   --->   Operation 35 'specmemcore' 'specmemcore_ln334' <Predicate = true> <Delay = 0.00>
ST_1 : Operation 36 [1/1] (0.00ns)   --->   "%specmemcore_ln334 = specmemcore void @_ssdm_op_SpecMemCore, i256 %w_local_5, i64 666, i64 30, i64 2" [../gen/Hls_Layers_UpConv.tpp:334]   --->   Operation 36 'specmemcore' 'specmemcore_ln334' <Predicate = true> <Delay = 0.00>
ST_1 : Operation 37 [1/1] (0.00ns)   --->   "%specmemcore_ln334 = specmemcore void @_ssdm_op_SpecMemCore, i256 %w_local_6, i64 666, i64 30, i64 2" [../gen/Hls_Layers_UpConv.tpp:334]   --->   Operation 37 'specmemcore' 'specmemcore_ln334' <Predicate = true> <Delay = 0.00>
ST_1 : Operation 38 [1/1] (0.00ns)   --->   "%specmemcore_ln334 = specmemcore void @_ssdm_op_SpecMemCore, i256 %w_local_7, i64 666, i64 30, i64 2" [../gen/Hls_Layers_UpConv.tpp:334]   --->   Operation 38 'specmemcore' 'specmemcore_ln334' <Predicate = true> <Delay = 0.00>
ST_1 : Operation 39 [1/1] (0.42ns)   --->   "%store_ln106 = store i5 0, i5 %tile" [../gen/Hls_Layers_UpConv.tpp:106->../gen/Hls_Layers_UpConv.tpp:358]   --->   Operation 39 'store' 'store_ln106' <Predicate = true> <Delay = 0.42>
ST_1 : Operation 40 [1/1] (0.42ns)   --->   "%store_ln0 = store i14 0, i14 %phi_mul564"   --->   Operation 40 'store' 'store_ln0' <Predicate = true> <Delay = 0.42>
ST_1 : Operation 41 [1/1] (0.00ns)   --->   "%br_ln356 = br void %for.body" [../gen/Hls_Layers_UpConv.tpp:356]   --->   Operation 41 'br' 'br_ln356' <Predicate = true> <Delay = 0.00>

State 2 <SV = 1> <Delay = 1.21>
ST_2 : Operation 42 [1/1] (0.00ns)   --->   "%phi_mul564_load = load i14 %phi_mul564" [../gen/Hls_Layers_UpConv.tpp:356]   --->   Operation 42 'load' 'phi_mul564_load' <Predicate = true> <Delay = 0.00>
ST_2 : Operation 43 [1/1] (0.00ns)   --->   "%tile_1 = load i5 %tile" [../gen/Hls_Layers_UpConv.tpp:356]   --->   Operation 43 'load' 'tile_1' <Predicate = true> <Delay = 0.00>
ST_2 : Operation 44 [1/1] (0.83ns)   --->   "%add_ln356_1 = add i14 %phi_mul564_load, i14 1080" [../gen/Hls_Layers_UpConv.tpp:356]   --->   Operation 44 'add' 'add_ln356_1' <Predicate = true> <Delay = 0.83> <CoreInst = "Adder">   --->   Core 1 'Adder' <Latency = 0> <II = 1> <Delay = 0.83> <FuncUnit> <Opcode : 'add' 'sub'> <InPorts = 2> <OutPorts = 1>
ST_2 : Operation 45 [1/1] (0.78ns)   --->   "%icmp_ln356 = icmp_eq  i5 %tile_1, i5 16" [../gen/Hls_Layers_UpConv.tpp:356]   --->   Operation 45 'icmp' 'icmp_ln356' <Predicate = true> <Delay = 0.78> <CoreInst = "Cmp">   --->   Core 9 'Cmp' <Latency = 0> <II = 1> <Delay = 0.78> <FuncUnit> <Opcode : 'seteq' 'setne' 'setle' 'setge' 'setlt' 'setgt'> <InPorts = 2> <OutPorts = 1>
ST_2 : Operation 46 [1/1] (0.00ns)   --->   "%speclooptripcount_ln0 = speclooptripcount void @_ssdm_op_SpecLoopTripCount, i64 16, i64 16, i64 16"   --->   Operation 46 'speclooptripcount' 'speclooptripcount_ln0' <Predicate = true> <Delay = 0.00>
ST_2 : Operation 47 [1/1] (0.78ns)   --->   "%add_ln356 = add i5 %tile_1, i5 1" [../gen/Hls_Layers_UpConv.tpp:356]   --->   Operation 47 'add' 'add_ln356' <Predicate = true> <Delay = 0.78> <CoreInst = "Adder">   --->   Core 1 'Adder' <Latency = 0> <II = 1> <Delay = 0.78> <FuncUnit> <Opcode : 'add' 'sub'> <InPorts = 2> <OutPorts = 1>
ST_2 : Operation 48 [1/1] (0.00ns)   --->   "%br_ln356 = br i1 %icmp_ln356, void %for.body.split, void %for.end.exitStub" [../gen/Hls_Layers_UpConv.tpp:356]   --->   Operation 48 'br' 'br_ln356' <Predicate = true> <Delay = 0.00>
ST_2 : Operation 49 [1/1] (0.00ns)   --->   "%trunc_ln356 = trunc i5 %tile_1" [../gen/Hls_Layers_UpConv.tpp:356]   --->   Operation 49 'trunc' 'trunc_ln356' <Predicate = (!icmp_ln356)> <Delay = 0.00>
ST_2 : Operation 50 [1/1] (0.00ns)   --->   "%specloopname_ln356 = specloopname void @_ssdm_op_SpecLoopName, void @empty_4" [../gen/Hls_Layers_UpConv.tpp:356]   --->   Operation 50 'specloopname' 'specloopname_ln356' <Predicate = (!icmp_ln356)> <Delay = 0.00>
ST_2 : Operation 51 [1/1] (0.00ns)   --->   "%zext_ln83 = zext i14 %phi_mul564_load" [../gen/Hls_Layers_UpConv.tpp:83->../gen/Hls_Layers_UpConv.tpp:357]   --->   Operation 51 'zext' 'zext_ln83' <Predicate = (!icmp_ln356)> <Delay = 0.00>
ST_2 : Operation 52 [1/1] (0.00ns)   --->   "%shl_ln = bitconcatenate i7 @_ssdm_op_BitConcatenate.i7.i4.i3, i4 %trunc_ln356, i3 0" [../gen/Hls_Layers_UpConv.tpp:88->../gen/Hls_Layers_UpConv.tpp:357]   --->   Operation 52 'bitconcatenate' 'shl_ln' <Predicate = (!icmp_ln356)> <Delay = 0.00>
ST_2 : Operation 53 [1/1] (0.42ns)   --->   "%br_ln89 = br void %for.body.i59" [../gen/Hls_Layers_UpConv.tpp:89->../gen/Hls_Layers_UpConv.tpp:357]   --->   Operation 53 'br' 'br_ln89' <Predicate = (!icmp_ln356)> <Delay = 0.42>
ST_2 : Operation 54 [1/1] (0.00ns)   --->   "%ret_ln0 = ret"   --->   Operation 54 'ret' 'ret_ln0' <Predicate = (icmp_ln356)> <Delay = 0.00>

State 3 <SV = 2> <Delay = 1.91>
ST_3 : Operation 55 [1/1] (0.00ns)   --->   "%tc = phi i4 0, void %for.body.split, i4 %add_ln89_2, void %if.end.i65" [../gen/Hls_Layers_UpConv.tpp:89->../gen/Hls_Layers_UpConv.tpp:357]   --->   Operation 55 'phi' 'tc' <Predicate = true> <Delay = 0.00>
ST_3 : Operation 56 [1/1] (0.00ns)   --->   "%phi_mul = phi i11 0, void %for.body.split, i11 %add_ln89_3, void %if.end.i65" [../gen/Hls_Layers_UpConv.tpp:89->../gen/Hls_Layers_UpConv.tpp:357]   --->   Operation 56 'phi' 'phi_mul' <Predicate = true> <Delay = 0.00>
ST_3 : Operation 57 [1/1] (0.79ns)   --->   "%add_ln89_3 = add i11 %phi_mul, i11 135" [../gen/Hls_Layers_UpConv.tpp:89->../gen/Hls_Layers_UpConv.tpp:357]   --->   Operation 57 'add' 'add_ln89_3' <Predicate = true> <Delay = 0.79> <CoreInst = "Adder">   --->   Core 1 'Adder' <Latency = 0> <II = 1> <Delay = 0.79> <FuncUnit> <Opcode : 'add' 'sub'> <InPorts = 2> <OutPorts = 1>
ST_3 : Operation 58 [1/1] (0.79ns)   --->   "%icmp_ln89 = icmp_eq  i4 %tc, i4 8" [../gen/Hls_Layers_UpConv.tpp:89->../gen/Hls_Layers_UpConv.tpp:357]   --->   Operation 58 'icmp' 'icmp_ln89' <Predicate = true> <Delay = 0.79> <CoreInst = "Cmp">   --->   Core 9 'Cmp' <Latency = 0> <II = 1> <Delay = 0.79> <FuncUnit> <Opcode : 'seteq' 'setne' 'setle' 'setge' 'setlt' 'setgt'> <InPorts = 2> <OutPorts = 1>
ST_3 : Operation 59 [1/1] (0.79ns)   --->   "%add_ln89_2 = add i4 %tc, i4 1" [../gen/Hls_Layers_UpConv.tpp:89->../gen/Hls_Layers_UpConv.tpp:357]   --->   Operation 59 'add' 'add_ln89_2' <Predicate = true> <Delay = 0.79> <CoreInst = "Adder">   --->   Core 1 'Adder' <Latency = 0> <II = 1> <Delay = 0.79> <FuncUnit> <Opcode : 'add' 'sub'> <InPorts = 2> <OutPorts = 1>
ST_3 : Operation 60 [1/1] (0.00ns)   --->   "%br_ln89 = br i1 %icmp_ln89, void %for.body.i59.split, void %_ZL16Load_Weight_TileILi8ELi120ELi15EEvPK7ap_uintILi256EERAT__AmlLi9ET1__S1_i.exit" [../gen/Hls_Layers_UpConv.tpp:89->../gen/Hls_Layers_UpConv.tpp:357]   --->   Operation 60 'br' 'br_ln89' <Predicate = true> <Delay = 0.00>
ST_3 : Operation 61 [1/1] (0.00ns)   --->   "%trunc_ln89 = trunc i4 %tc" [../gen/Hls_Layers_UpConv.tpp:89->../gen/Hls_Layers_UpConv.tpp:357]   --->   Operation 61 'trunc' 'trunc_ln89' <Predicate = (!icmp_ln89)> <Delay = 0.00>
ST_3 : Operation 62 [1/1] (0.00ns)   --->   "%zext_ln89 = zext i4 %tc" [../gen/Hls_Layers_UpConv.tpp:89->../gen/Hls_Layers_UpConv.tpp:357]   --->   Operation 62 'zext' 'zext_ln89' <Predicate = (!icmp_ln89)> <Delay = 0.00>
ST_3 : Operation 63 [1/1] (0.00ns)   --->   "%speclooptripcount_ln89 = speclooptripcount void @_ssdm_op_SpecLoopTripCount, i64 8, i64 8, i64 8" [../gen/Hls_Layers_UpConv.tpp:89->../gen/Hls_Layers_UpConv.tpp:357]   --->   Operation 63 'speclooptripcount' 'speclooptripcount_ln89' <Predicate = (!icmp_ln89)> <Delay = 0.00>
ST_3 : Operation 64 [1/1] (0.00ns)   --->   "%specloopname_ln89 = specloopname void @_ssdm_op_SpecLoopName, void @empty_24" [../gen/Hls_Layers_UpConv.tpp:89->../gen/Hls_Layers_UpConv.tpp:357]   --->   Operation 64 'specloopname' 'specloopname_ln89' <Predicate = (!icmp_ln89)> <Delay = 0.00>
ST_3 : Operation 65 [1/1] (0.00ns)   --->   "%zext_ln89_1 = zext i11 %phi_mul" [../gen/Hls_Layers_UpConv.tpp:89->../gen/Hls_Layers_UpConv.tpp:357]   --->   Operation 65 'zext' 'zext_ln89_1' <Predicate = (!icmp_ln89)> <Delay = 0.00>
ST_3 : Operation 66 [1/1] (0.83ns)   --->   "%add_ln89 = add i15 %zext_ln89_1, i15 %zext_ln83" [../gen/Hls_Layers_UpConv.tpp:89->../gen/Hls_Layers_UpConv.tpp:357]   --->   Operation 66 'add' 'add_ln89' <Predicate = (!icmp_ln89)> <Delay = 0.83> <CoreInst = "Adder">   --->   Core 1 'Adder' <Latency = 0> <II = 1> <Delay = 0.83> <FuncUnit> <Opcode : 'add' 'sub'> <InPorts = 2> <OutPorts = 1>
ST_3 : Operation 67 [1/1] (0.00ns)   --->   "%shl_ln1 = bitconcatenate i20 @_ssdm_op_BitConcatenate.i20.i15.i5, i15 %add_ln89, i5 0" [../gen/Hls_Layers_UpConv.tpp:89->../gen/Hls_Layers_UpConv.tpp:357]   --->   Operation 67 'bitconcatenate' 'shl_ln1' <Predicate = (!icmp_ln89)> <Delay = 0.00>
ST_3 : Operation 68 [1/1] (0.00ns)   --->   "%zext_ln89_2 = zext i20 %shl_ln1" [../gen/Hls_Layers_UpConv.tpp:89->../gen/Hls_Layers_UpConv.tpp:357]   --->   Operation 68 'zext' 'zext_ln89_2' <Predicate = (!icmp_ln89)> <Delay = 0.00>
ST_3 : Operation 69 [1/1] (1.08ns)   --->   "%add_ln89_1 = add i64 %zext_ln89_2, i64 %W_ptr_read" [../gen/Hls_Layers_UpConv.tpp:89->../gen/Hls_Layers_UpConv.tpp:357]   --->   Operation 69 'add' 'add_ln89_1' <Predicate = (!icmp_ln89)> <Delay = 1.08> <CoreInst = "Adder">   --->   Core 1 'Adder' <Latency = 0> <II = 1> <Delay = 1.08> <FuncUnit> <Opcode : 'add' 'sub'> <InPorts = 2> <OutPorts = 1>
ST_3 : Operation 70 [1/1] (0.77ns)   --->   "%add_ln90 = add i7 %zext_ln89, i7 %shl_ln" [../gen/Hls_Layers_UpConv.tpp:90->../gen/Hls_Layers_UpConv.tpp:357]   --->   Operation 70 'add' 'add_ln90' <Predicate = (!icmp_ln89)> <Delay = 0.77> <CoreInst = "Adder">   --->   Core 1 'Adder' <Latency = 0> <II = 1> <Delay = 0.77> <FuncUnit> <Opcode : 'add' 'sub'> <InPorts = 2> <OutPorts = 1>
ST_3 : Operation 71 [1/1] (0.77ns)   --->   "%icmp_ln91 = icmp_ult  i7 %add_ln90, i7 120" [../gen/Hls_Layers_UpConv.tpp:91->../gen/Hls_Layers_UpConv.tpp:357]   --->   Operation 71 'icmp' 'icmp_ln91' <Predicate = (!icmp_ln89)> <Delay = 0.77> <CoreInst = "Cmp">   --->   Core 9 'Cmp' <Latency = 0> <II = 1> <Delay = 0.77> <FuncUnit> <Opcode : 'seteq' 'setne' 'setle' 'setge' 'setlt' 'setgt'> <InPorts = 2> <OutPorts = 1>
ST_3 : Operation 72 [1/1] (0.00ns)   --->   "%br_ln91 = br i1 %icmp_ln91, void %if.end.i65, void %if.then.i61" [../gen/Hls_Layers_UpConv.tpp:91->../gen/Hls_Layers_UpConv.tpp:357]   --->   Operation 72 'br' 'br_ln91' <Predicate = (!icmp_ln89)> <Delay = 0.00>
ST_3 : Operation 73 [1/1] (0.00ns)   --->   "%trunc_ln5 = partselect i59 @_ssdm_op_PartSelect.i59.i64.i32.i32, i64 %add_ln89_1, i32 5, i32 63" [../gen/Hls_Layers_UpConv.tpp:93->../gen/Hls_Layers_UpConv.tpp:357]   --->   Operation 73 'partselect' 'trunc_ln5' <Predicate = (!icmp_ln89 & icmp_ln91)> <Delay = 0.00>
ST_3 : Operation 74 [1/1] (0.00ns)   --->   "%lshr_ln = partselect i3 @_ssdm_op_PartSelect.i3.i5.i32.i32, i5 %tile_1, i32 1, i32 3" [../gen/Hls_Layers_UpConv.tpp:89->../gen/Hls_Layers_UpConv.tpp:357]   --->   Operation 74 'partselect' 'lshr_ln' <Predicate = (icmp_ln89)> <Delay = 0.00>
ST_3 : Operation 75 [1/1] (0.42ns)   --->   "%br_ln114 = br void %for.body.i93" [../gen/Hls_Layers_UpConv.tpp:114->../gen/Hls_Layers_UpConv.tpp:358]   --->   Operation 75 'br' 'br_ln114' <Predicate = (icmp_ln89)> <Delay = 0.42>

State 4 <SV = 3> <Delay = 2.43>
ST_4 : Operation 76 [1/1] (0.00ns)   --->   "%sext_ln93 = sext i59 %trunc_ln5" [../gen/Hls_Layers_UpConv.tpp:93->../gen/Hls_Layers_UpConv.tpp:357]   --->   Operation 76 'sext' 'sext_ln93' <Predicate = true> <Delay = 0.00>
ST_4 : Operation 77 [1/1] (0.00ns)   --->   "%gmem_weight_addr = getelementptr i256 %gmem_weight, i64 %sext_ln93" [../gen/Hls_Layers_UpConv.tpp:93->../gen/Hls_Layers_UpConv.tpp:357]   --->   Operation 77 'getelementptr' 'gmem_weight_addr' <Predicate = true> <Delay = 0.00>
ST_4 : Operation 78 [8/8] (2.43ns)   --->   "%empty = readreq i1 @_ssdm_op_ReadReq.m_axi.p1i256, i256 %gmem_weight_addr, i64 135" [../gen/Hls_Layers_UpConv.tpp:93->../gen/Hls_Layers_UpConv.tpp:357]   --->   Operation 78 'readreq' 'empty' <Predicate = true> <Delay = 2.43> <CoreInst = "m_axi">   --->   Core 119 'm_axi' <Latency = 6> <II = 1> <Delay = 1.00> <Adapter> <Opcode : 'read' 'write' 'readreq' 'writereq' 'writeresp'>

State 5 <SV = 4> <Delay = 2.43>
ST_5 : Operation 79 [7/8] (2.43ns)   --->   "%empty = readreq i1 @_ssdm_op_ReadReq.m_axi.p1i256, i256 %gmem_weight_addr, i64 135" [../gen/Hls_Layers_UpConv.tpp:93->../gen/Hls_Layers_UpConv.tpp:357]   --->   Operation 79 'readreq' 'empty' <Predicate = true> <Delay = 2.43> <CoreInst = "m_axi">   --->   Core 119 'm_axi' <Latency = 6> <II = 1> <Delay = 1.00> <Adapter> <Opcode : 'read' 'write' 'readreq' 'writereq' 'writeresp'>

State 6 <SV = 5> <Delay = 2.43>
ST_6 : Operation 80 [6/8] (2.43ns)   --->   "%empty = readreq i1 @_ssdm_op_ReadReq.m_axi.p1i256, i256 %gmem_weight_addr, i64 135" [../gen/Hls_Layers_UpConv.tpp:93->../gen/Hls_Layers_UpConv.tpp:357]   --->   Operation 80 'readreq' 'empty' <Predicate = true> <Delay = 2.43> <CoreInst = "m_axi">   --->   Core 119 'm_axi' <Latency = 6> <II = 1> <Delay = 1.00> <Adapter> <Opcode : 'read' 'write' 'readreq' 'writereq' 'writeresp'>

State 7 <SV = 6> <Delay = 2.43>
ST_7 : Operation 81 [5/8] (2.43ns)   --->   "%empty = readreq i1 @_ssdm_op_ReadReq.m_axi.p1i256, i256 %gmem_weight_addr, i64 135" [../gen/Hls_Layers_UpConv.tpp:93->../gen/Hls_Layers_UpConv.tpp:357]   --->   Operation 81 'readreq' 'empty' <Predicate = true> <Delay = 2.43> <CoreInst = "m_axi">   --->   Core 119 'm_axi' <Latency = 6> <II = 1> <Delay = 1.00> <Adapter> <Opcode : 'read' 'write' 'readreq' 'writereq' 'writeresp'>

State 8 <SV = 7> <Delay = 2.43>
ST_8 : Operation 82 [4/8] (2.43ns)   --->   "%empty = readreq i1 @_ssdm_op_ReadReq.m_axi.p1i256, i256 %gmem_weight_addr, i64 135" [../gen/Hls_Layers_UpConv.tpp:93->../gen/Hls_Layers_UpConv.tpp:357]   --->   Operation 82 'readreq' 'empty' <Predicate = true> <Delay = 2.43> <CoreInst = "m_axi">   --->   Core 119 'm_axi' <Latency = 6> <II = 1> <Delay = 1.00> <Adapter> <Opcode : 'read' 'write' 'readreq' 'writereq' 'writeresp'>

State 9 <SV = 8> <Delay = 2.43>
ST_9 : Operation 83 [3/8] (2.43ns)   --->   "%empty = readreq i1 @_ssdm_op_ReadReq.m_axi.p1i256, i256 %gmem_weight_addr, i64 135" [../gen/Hls_Layers_UpConv.tpp:93->../gen/Hls_Layers_UpConv.tpp:357]   --->   Operation 83 'readreq' 'empty' <Predicate = true> <Delay = 2.43> <CoreInst = "m_axi">   --->   Core 119 'm_axi' <Latency = 6> <II = 1> <Delay = 1.00> <Adapter> <Opcode : 'read' 'write' 'readreq' 'writereq' 'writeresp'>

State 10 <SV = 9> <Delay = 2.43>
ST_10 : Operation 84 [2/8] (2.43ns)   --->   "%empty = readreq i1 @_ssdm_op_ReadReq.m_axi.p1i256, i256 %gmem_weight_addr, i64 135" [../gen/Hls_Layers_UpConv.tpp:93->../gen/Hls_Layers_UpConv.tpp:357]   --->   Operation 84 'readreq' 'empty' <Predicate = true> <Delay = 2.43> <CoreInst = "m_axi">   --->   Core 119 'm_axi' <Latency = 6> <II = 1> <Delay = 1.00> <Adapter> <Opcode : 'read' 'write' 'readreq' 'writereq' 'writeresp'>

State 11 <SV = 10> <Delay = 2.43>
ST_11 : Operation 85 [1/8] (2.43ns)   --->   "%empty = readreq i1 @_ssdm_op_ReadReq.m_axi.p1i256, i256 %gmem_weight_addr, i64 135" [../gen/Hls_Layers_UpConv.tpp:93->../gen/Hls_Layers_UpConv.tpp:357]   --->   Operation 85 'readreq' 'empty' <Predicate = true> <Delay = 2.43> <CoreInst = "m_axi">   --->   Core 119 'm_axi' <Latency = 6> <II = 1> <Delay = 1.00> <Adapter> <Opcode : 'read' 'write' 'readreq' 'writereq' 'writeresp'>

State 12 <SV = 11> <Delay = 0.67>
ST_12 : Operation 86 [2/2] (0.67ns)   --->   "%call_ln93 = call void @UpConv_Fused_Row<8, 64, 64, 240, 120>_Pipeline_W_FLAT, i256 %gmem_weight, i59 %trunc_ln5, i256 %w_local_7, i256 %w_local_6, i256 %w_local_5, i256 %w_local_4, i256 %w_local_3, i256 %w_local_2, i256 %w_local_1, i256 %w_local, i3 %trunc_ln89" [../gen/Hls_Layers_UpConv.tpp:93->../gen/Hls_Layers_UpConv.tpp:357]   --->   Operation 86 'call' 'call_ln93' <Predicate = true> <Delay = 0.67> <CoreType = "Generic">   --->   Generic Core

State 13 <SV = 12> <Delay = 0.00>
ST_13 : Operation 87 [1/2] (0.00ns)   --->   "%call_ln93 = call void @UpConv_Fused_Row<8, 64, 64, 240, 120>_Pipeline_W_FLAT, i256 %gmem_weight, i59 %trunc_ln5, i256 %w_local_7, i256 %w_local_6, i256 %w_local_5, i256 %w_local_4, i256 %w_local_3, i256 %w_local_2, i256 %w_local_1, i256 %w_local, i3 %trunc_ln89" [../gen/Hls_Layers_UpConv.tpp:93->../gen/Hls_Layers_UpConv.tpp:357]   --->   Operation 87 'call' 'call_ln93' <Predicate = (icmp_ln91)> <Delay = 0.00> <CoreType = "Generic">   --->   Generic Core
ST_13 : Operation 88 [1/1] (0.00ns)   --->   "%br_ln0 = br void %if.end.i65"   --->   Operation 88 'br' 'br_ln0' <Predicate = (icmp_ln91)> <Delay = 0.00>
ST_13 : Operation 89 [1/1] (0.00ns)   --->   "%br_ln89 = br void %for.body.i59" [../gen/Hls_Layers_UpConv.tpp:89->../gen/Hls_Layers_UpConv.tpp:357]   --->   Operation 89 'br' 'br_ln89' <Predicate = true> <Delay = 0.00>

State 14 <SV = 3> <Delay = 2.06>
ST_14 : Operation 90 [1/1] (0.00ns)   --->   "%kh = phi i2 0, void %_ZL16Load_Weight_TileILi8ELi120ELi15EEvPK7ap_uintILi256EERAT__AmlLi9ET1__S1_i.exit, i2 %kh_1, void %cleanup114.i"   --->   Operation 90 'phi' 'kh' <Predicate = true> <Delay = 0.00>
ST_14 : Operation 91 [1/1] (0.54ns)   --->   "%icmp_ln114 = icmp_eq  i2 %kh, i2 3" [../gen/Hls_Layers_UpConv.tpp:114->../gen/Hls_Layers_UpConv.tpp:358]   --->   Operation 91 'icmp' 'icmp_ln114' <Predicate = true> <Delay = 0.54> <CoreInst = "Cmp">   --->   Core 9 'Cmp' <Latency = 0> <II = 1> <Delay = 0.54> <FuncUnit> <Opcode : 'seteq' 'setne' 'setle' 'setge' 'setlt' 'setgt'> <InPorts = 2> <OutPorts = 1>
ST_14 : Operation 92 [1/1] (0.00ns)   --->   "%speclooptripcount_ln0 = speclooptripcount void @_ssdm_op_SpecLoopTripCount, i64 3, i64 3, i64 3"   --->   Operation 92 'speclooptripcount' 'speclooptripcount_ln0' <Predicate = true> <Delay = 0.00>
ST_14 : Operation 93 [1/1] (0.54ns)   --->   "%kh_1 = add i2 %kh, i2 1" [../gen/Hls_Layers_UpConv.tpp:114->../gen/Hls_Layers_UpConv.tpp:358]   --->   Operation 93 'add' 'kh_1' <Predicate = true> <Delay = 0.54> <CoreInst = "Adder">   --->   Core 1 'Adder' <Latency = 0> <II = 1> <Delay = 0.54> <FuncUnit> <Opcode : 'add' 'sub'> <InPorts = 2> <OutPorts = 1>
ST_14 : Operation 94 [1/1] (0.00ns)   --->   "%br_ln114 = br i1 %icmp_ln114, void %for.body.i93.split, void %for.inc" [../gen/Hls_Layers_UpConv.tpp:114->../gen/Hls_Layers_UpConv.tpp:358]   --->   Operation 94 'br' 'br_ln114' <Predicate = true> <Delay = 0.00>
ST_14 : Operation 95 [1/1] (0.00ns)   --->   "%zext_ln114 = zext i2 %kh" [../gen/Hls_Layers_UpConv.tpp:114->../gen/Hls_Layers_UpConv.tpp:358]   --->   Operation 95 'zext' 'zext_ln114' <Predicate = (!icmp_ln114)> <Delay = 0.00>
ST_14 : Operation 96 [1/1] (0.00ns)   --->   "%specloopname_ln114 = specloopname void @_ssdm_op_SpecLoopName, void @empty_0" [../gen/Hls_Layers_UpConv.tpp:114->../gen/Hls_Layers_UpConv.tpp:358]   --->   Operation 96 'specloopname' 'specloopname_ln114' <Predicate = (!icmp_ln114)> <Delay = 0.00>
ST_14 : Operation 97 [1/1] (0.76ns)   --->   "%hpk = sub i9 %zext_ln356_cast, i9 %zext_ln114" [../gen/Hls_Layers_UpConv.tpp:115->../gen/Hls_Layers_UpConv.tpp:358]   --->   Operation 97 'sub' 'hpk' <Predicate = (!icmp_ln114)> <Delay = 0.76> <CoreInst = "Adder">   --->   Core 1 'Adder' <Latency = 0> <II = 1> <Delay = 0.76> <FuncUnit> <Opcode : 'add' 'sub'> <InPorts = 2> <OutPorts = 1>
ST_14 : Operation 98 [1/1] (0.00ns)   --->   "%tmp = bitselect i1 @_ssdm_op_BitSelect.i1.i9.i32, i9 %hpk, i32 8" [../gen/Hls_Layers_UpConv.tpp:116->../gen/Hls_Layers_UpConv.tpp:358]   --->   Operation 98 'bitselect' 'tmp' <Predicate = (!icmp_ln114)> <Delay = 0.00>
ST_14 : Operation 99 [1/1] (0.00ns)   --->   "%trunc_ln116 = trunc i9 %hpk" [../gen/Hls_Layers_UpConv.tpp:116->../gen/Hls_Layers_UpConv.tpp:358]   --->   Operation 99 'trunc' 'trunc_ln116' <Predicate = (!icmp_ln114)> <Delay = 0.00>
ST_14 : Operation 100 [1/1] (0.00ns)   --->   "%and_ln = bitconcatenate i32 @_ssdm_op_BitConcatenate.i32.i1.i30.i1, i1 %tmp, i30 0, i1 %trunc_ln116" [../gen/Hls_Layers_UpConv.tpp:116->../gen/Hls_Layers_UpConv.tpp:358]   --->   Operation 100 'bitconcatenate' 'and_ln' <Predicate = (!icmp_ln114)> <Delay = 0.00>
ST_14 : Operation 101 [1/1] (1.01ns)   --->   "%icmp_ln118 = icmp_ne  i32 %and_ln, i32 0" [../gen/Hls_Layers_UpConv.tpp:118->../gen/Hls_Layers_UpConv.tpp:358]   --->   Operation 101 'icmp' 'icmp_ln118' <Predicate = (!icmp_ln114)> <Delay = 1.01> <CoreInst = "Cmp">   --->   Core 9 'Cmp' <Latency = 0> <II = 1> <Delay = 1.01> <FuncUnit> <Opcode : 'seteq' 'setne' 'setle' 'setge' 'setlt' 'setgt'> <InPorts = 2> <OutPorts = 1>
ST_14 : Operation 102 [1/1] (0.00ns)   --->   "%tmp_9 = partselect i2 @_ssdm_op_PartSelect.i2.i9.i32.i32, i9 %hpk, i32 7, i32 8" [../gen/Hls_Layers_UpConv.tpp:118->../gen/Hls_Layers_UpConv.tpp:358]   --->   Operation 102 'partselect' 'tmp_9' <Predicate = (!icmp_ln114)> <Delay = 0.00>
ST_14 : Operation 103 [1/1] (0.54ns)   --->   "%icmp_ln118_1 = icmp_ne  i2 %tmp_9, i2 0" [../gen/Hls_Layers_UpConv.tpp:118->../gen/Hls_Layers_UpConv.tpp:358]   --->   Operation 103 'icmp' 'icmp_ln118_1' <Predicate = (!icmp_ln114)> <Delay = 0.54> <CoreInst = "Cmp">   --->   Core 9 'Cmp' <Latency = 0> <II = 1> <Delay = 0.54> <FuncUnit> <Opcode : 'seteq' 'setne' 'setle' 'setge' 'setlt' 'setgt'> <InPorts = 2> <OutPorts = 1>
ST_14 : Operation 104 [1/1] (0.28ns)   --->   "%or_ln118 = or i1 %icmp_ln118, i1 %icmp_ln118_1" [../gen/Hls_Layers_UpConv.tpp:118->../gen/Hls_Layers_UpConv.tpp:358]   --->   Operation 104 'or' 'or_ln118' <Predicate = (!icmp_ln114)> <Delay = 0.28> <CoreInst = "LogicGate">   --->   Core 74 'LogicGate' <Latency = 0> <II = 1> <Delay = 0.28> <FuncUnit> <Opcode : 'and' 'or' 'xor'> <InPorts = 2> <OutPorts = 1>
ST_14 : Operation 105 [1/1] (0.00ns)   --->   "%br_ln116 = br i1 %or_ln118, void %if.end7.i, void %cleanup114.i" [../gen/Hls_Layers_UpConv.tpp:116->../gen/Hls_Layers_UpConv.tpp:358]   --->   Operation 105 'br' 'br_ln116' <Predicate = (!icmp_ln114)> <Delay = 0.00>
ST_14 : Operation 106 [1/1] (0.00ns)   --->   "%tmp_11 = bitselect i1 @_ssdm_op_BitSelect.i1.i9.i32, i9 %hpk, i32 1" [../gen/Hls_Layers_UpConv.tpp:115->../gen/Hls_Layers_UpConv.tpp:358]   --->   Operation 106 'bitselect' 'tmp_11' <Predicate = (!icmp_ln114 & !or_ln118)> <Delay = 0.00>
ST_14 : Operation 107 [1/1] (0.42ns)   --->   "%store_ln106 = store i5 %add_ln356, i5 %tile" [../gen/Hls_Layers_UpConv.tpp:106->../gen/Hls_Layers_UpConv.tpp:358]   --->   Operation 107 'store' 'store_ln106' <Predicate = (icmp_ln114)> <Delay = 0.42>
ST_14 : Operation 108 [1/1] (0.42ns)   --->   "%store_ln356 = store i14 %add_ln356_1, i14 %phi_mul564" [../gen/Hls_Layers_UpConv.tpp:356]   --->   Operation 108 'store' 'store_ln356' <Predicate = (icmp_ln114)> <Delay = 0.42>
ST_14 : Operation 109 [1/1] (0.00ns)   --->   "%br_ln356 = br void %for.body" [../gen/Hls_Layers_UpConv.tpp:356]   --->   Operation 109 'br' 'br_ln356' <Predicate = (icmp_ln114)> <Delay = 0.00>

State 15 <SV = 4> <Delay = 1.59>
ST_15 : Operation 110 [1/1] (0.00ns)   --->   "%empty_206 = trunc i2 %kh" [../gen/Hls_Layers_UpConv.tpp:114->../gen/Hls_Layers_UpConv.tpp:358]   --->   Operation 110 'trunc' 'empty_206' <Predicate = true> <Delay = 0.00>
ST_15 : Operation 111 [1/1] (0.00ns)   --->   "%tmp_10 = bitconcatenate i3 @_ssdm_op_BitConcatenate.i3.i1.i2, i1 %empty_206, i2 0" [../gen/Hls_Layers_UpConv.tpp:114->../gen/Hls_Layers_UpConv.tpp:358]   --->   Operation 111 'bitconcatenate' 'tmp_10' <Predicate = true> <Delay = 0.00>
ST_15 : Operation 112 [1/1] (0.00ns)   --->   "%empty_207 = zext i2 %kh" [../gen/Hls_Layers_UpConv.tpp:114->../gen/Hls_Layers_UpConv.tpp:358]   --->   Operation 112 'zext' 'empty_207' <Predicate = true> <Delay = 0.00>
ST_15 : Operation 113 [1/1] (0.67ns)   --->   "%empty_208 = sub i3 %tmp_10, i3 %empty_207" [../gen/Hls_Layers_UpConv.tpp:114->../gen/Hls_Layers_UpConv.tpp:358]   --->   Operation 113 'sub' 'empty_208' <Predicate = true> <Delay = 0.67> <CoreInst = "Adder">   --->   Core 1 'Adder' <Latency = 0> <II = 1> <Delay = 0.67> <FuncUnit> <Opcode : 'add' 'sub'> <InPorts = 2> <OutPorts = 1>
ST_15 : Operation 114 [1/1] (0.00ns)   --->   "%mul15_i1 = bitconcatenate i7 @_ssdm_op_BitConcatenate.i7.i1.i6, i1 %tmp_11, i6 0" [../gen/Hls_Layers_UpConv.tpp:115->../gen/Hls_Layers_UpConv.tpp:358]   --->   Operation 114 'bitconcatenate' 'mul15_i1' <Predicate = true> <Delay = 0.00>
ST_15 : Operation 115 [1/1] (0.00ns)   --->   "%mul15_i100_cast = zext i7 %mul15_i1" [../gen/Hls_Layers_UpConv.tpp:115->../gen/Hls_Layers_UpConv.tpp:358]   --->   Operation 115 'zext' 'mul15_i100_cast' <Predicate = true> <Delay = 0.00>
ST_15 : Operation 116 [1/1] (0.00ns)   --->   "%p_shl = bitconcatenate i11 @_ssdm_op_BitConcatenate.i11.i1.i10, i1 %tmp_11, i10 0" [../gen/Hls_Layers_UpConv.tpp:115->../gen/Hls_Layers_UpConv.tpp:358]   --->   Operation 116 'bitconcatenate' 'p_shl' <Predicate = true> <Delay = 0.00>
ST_15 : Operation 117 [1/1] (0.79ns)   --->   "%x_base = sub i11 %p_shl, i11 %mul15_i100_cast" [../gen/Hls_Layers_UpConv.tpp:115->../gen/Hls_Layers_UpConv.tpp:358]   --->   Operation 117 'sub' 'x_base' <Predicate = true> <Delay = 0.79> <CoreInst = "Adder">   --->   Core 1 'Adder' <Latency = 0> <II = 1> <Delay = 0.79> <FuncUnit> <Opcode : 'add' 'sub'> <InPorts = 2> <OutPorts = 1>
ST_15 : Operation 118 [2/2] (0.79ns)   --->   "%call_ln114 = call void @UpConv_Fused_Row<8, 64, 64, 240, 120>_Pipeline_KW_LOOP_FLAT_LOOP, i3 %empty_208, i11 %x_base, i256 %w_local, i256 %w_local_1, i256 %w_local_2, i256 %w_local_3, i256 %w_local_4, i256 %w_local_5, i256 %w_local_6, i256 %w_local_7, i3 %lshr_ln, i4 %trunc_ln356, i256 %x_buf, i16 %void_UpConv_Fused_Row_ap_uint_ap_uint_const_ap_uint_const_ap_uint_const_ap_u_9, i16 %void_UpConv_Fused_Row_ap_uint_ap_uint_const_ap_uint_const_ap_uint_const_ap_u_1, i16 %void_UpConv_Fused_Row_ap_uint_ap_uint_const_ap_uint_const_ap_uint_const_ap_u_8, i16 %void_UpConv_Fused_Row_ap_uint_ap_uint_const_ap_uint_const_ap_uint_const_ap_u, i16 %void_UpConv_Fused_Row_ap_uint_ap_uint_const_ap_uint_const_ap_uint_const_ap_u_7, i16 %p_ZZ16UpConv_Fused_RowILi8ELi64ELi64ELi240ELi120EEvP7ap_uintILi256EEPKS1_S4_S4_S4_5, i16 %void_UpConv_Fused_Row_ap_uint_ap_uint_const_ap_uint_const_ap_uint_const_ap_u_6, i16 %p_ZZ16UpConv_Fused_RowILi8ELi64ELi64ELi240ELi120EEvP7ap_uintILi256EEPKS1_S4_S4_S4_4, i16 %void_UpConv_Fused_Row_ap_uint_ap_uint_const_ap_uint_const_ap_uint_const_ap_u_5, i16 %p_ZZ16UpConv_Fused_RowILi8ELi64ELi64ELi240ELi120EEvP7ap_uintILi256EEPKS1_S4_S4_S4_3, i16 %void_UpConv_Fused_Row_ap_uint_ap_uint_const_ap_uint_const_ap_uint_const_ap_u_4, i16 %p_ZZ16UpConv_Fused_RowILi8ELi64ELi64ELi240ELi120EEvP7ap_uintILi256EEPKS1_S4_S4_S4_2, i16 %void_UpConv_Fused_Row_ap_uint_ap_uint_const_ap_uint_const_ap_uint_const_ap_u_3, i16 %p_ZZ16UpConv_Fused_RowILi8ELi64ELi64ELi240ELi120EEvP7ap_uintILi256EEPKS1_S4_S4_S4_1, i16 %void_UpConv_Fused_Row_ap_uint_ap_uint_const_ap_uint_const_ap_uint_const_ap_u_2, i16 %p_ZZ16UpConv_Fused_RowILi8ELi64ELi64ELi240ELi120EEvP7ap_uintILi256EEPKS1_S4_S4_S4" [../gen/Hls_Layers_UpConv.tpp:114->../gen/Hls_Layers_UpConv.tpp:358]   --->   Operation 118 'call' 'call_ln114' <Predicate = true> <Delay = 0.79> <CoreType = "Generic">   --->   Generic Core

State 16 <SV = 5> <Delay = 0.00>
ST_16 : Operation 119 [1/2] (0.00ns)   --->   "%call_ln114 = call void @UpConv_Fused_Row<8, 64, 64, 240, 120>_Pipeline_KW_LOOP_FLAT_LOOP, i3 %empty_208, i11 %x_base, i256 %w_local, i256 %w_local_1, i256 %w_local_2, i256 %w_local_3, i256 %w_local_4, i256 %w_local_5, i256 %w_local_6, i256 %w_local_7, i3 %lshr_ln, i4 %trunc_ln356, i256 %x_buf, i16 %void_UpConv_Fused_Row_ap_uint_ap_uint_const_ap_uint_const_ap_uint_const_ap_u_9, i16 %void_UpConv_Fused_Row_ap_uint_ap_uint_const_ap_uint_const_ap_uint_const_ap_u_1, i16 %void_UpConv_Fused_Row_ap_uint_ap_uint_const_ap_uint_const_ap_uint_const_ap_u_8, i16 %void_UpConv_Fused_Row_ap_uint_ap_uint_const_ap_uint_const_ap_uint_const_ap_u, i16 %void_UpConv_Fused_Row_ap_uint_ap_uint_const_ap_uint_const_ap_uint_const_ap_u_7, i16 %p_ZZ16UpConv_Fused_RowILi8ELi64ELi64ELi240ELi120EEvP7ap_uintILi256EEPKS1_S4_S4_S4_5, i16 %void_UpConv_Fused_Row_ap_uint_ap_uint_const_ap_uint_const_ap_uint_const_ap_u_6, i16 %p_ZZ16UpConv_Fused_RowILi8ELi64ELi64ELi240ELi120EEvP7ap_uintILi256EEPKS1_S4_S4_S4_4, i16 %void_UpConv_Fused_Row_ap_uint_ap_uint_const_ap_uint_const_ap_uint_const_ap_u_5, i16 %p_ZZ16UpConv_Fused_RowILi8ELi64ELi64ELi240ELi120EEvP7ap_uintILi256EEPKS1_S4_S4_S4_3, i16 %void_UpConv_Fused_Row_ap_uint_ap_uint_const_ap_uint_const_ap_uint_const_ap_u_4, i16 %p_ZZ16UpConv_Fused_RowILi8ELi64ELi64ELi240ELi120EEvP7ap_uintILi256EEPKS1_S4_S4_S4_2, i16 %void_UpConv_Fused_Row_ap_uint_ap_uint_const_ap_uint_const_ap_uint_const_ap_u_3, i16 %p_ZZ16UpConv_Fused_RowILi8ELi64ELi64ELi240ELi120EEvP7ap_uintILi256EEPKS1_S4_S4_S4_1, i16 %void_UpConv_Fused_Row_ap_uint_ap_uint_const_ap_uint_const_ap_uint_const_ap_u_2, i16 %p_ZZ16UpConv_Fused_RowILi8ELi64ELi64ELi240ELi120EEvP7ap_uintILi256EEPKS1_S4_S4_S4" [../gen/Hls_Layers_UpConv.tpp:114->../gen/Hls_Layers_UpConv.tpp:358]   --->   Operation 119 'call' 'call_ln114' <Predicate = (!or_ln118)> <Delay = 0.00> <CoreType = "Generic">   --->   Generic Core
ST_16 : Operation 120 [1/1] (0.00ns)   --->   "%br_ln0 = br void %cleanup114.i"   --->   Operation 120 'br' 'br_ln0' <Predicate = (!or_ln118)> <Delay = 0.00>
ST_16 : Operation 121 [1/1] (0.00ns)   --->   "%br_ln114 = br void %for.body.i93" [../gen/Hls_Layers_UpConv.tpp:114->../gen/Hls_Layers_UpConv.tpp:358]   --->   Operation 121 'br' 'br_ln114' <Predicate = true> <Delay = 0.00>


============================================================
+ Verbose Summary: Timing violations
============================================================
Target clock period: 3.333ns, clock uncertainty: 0.900ns.

 <State 1>: 0.427ns
The critical path consists of the following:
	'alloca' operation 5 bit ('tile', ../gen/Hls_Layers_UpConv.tpp:106->../gen/Hls_Layers_UpConv.tpp:358) [22]  (0.000 ns)
	'store' operation 0 bit ('store_ln106', ../gen/Hls_Layers_UpConv.tpp:106->../gen/Hls_Layers_UpConv.tpp:358) of constant 0 on local variable 'tile', ../gen/Hls_Layers_UpConv.tpp:106->../gen/Hls_Layers_UpConv.tpp:358 [43]  (0.427 ns)

 <State 2>: 1.216ns
The critical path consists of the following:
	'load' operation 14 bit ('phi_mul564_load', ../gen/Hls_Layers_UpConv.tpp:356) on local variable 'phi_mul564' [47]  (0.000 ns)
	'add' operation 14 bit ('add_ln356_1', ../gen/Hls_Layers_UpConv.tpp:356) [49]  (0.831 ns)
	blocking operation 0.385 ns on control path)

 <State 3>: 1.916ns
The critical path consists of the following:
	'phi' operation 11 bit ('phi_mul', ../gen/Hls_Layers_UpConv.tpp:89->../gen/Hls_Layers_UpConv.tpp:357) with incoming values : ('add_ln89_3', ../gen/Hls_Layers_UpConv.tpp:89->../gen/Hls_Layers_UpConv.tpp:357) [62]  (0.000 ns)
	'add' operation 15 bit ('add_ln89', ../gen/Hls_Layers_UpConv.tpp:89->../gen/Hls_Layers_UpConv.tpp:357) [73]  (0.831 ns)
	'add' operation 64 bit ('add_ln89_1', ../gen/Hls_Layers_UpConv.tpp:89->../gen/Hls_Layers_UpConv.tpp:357) [76]  (1.085 ns)

 <State 4>: 2.433ns
The critical path consists of the following:
	'getelementptr' operation 256 bit ('gmem_weight_addr', ../gen/Hls_Layers_UpConv.tpp:93->../gen/Hls_Layers_UpConv.tpp:357) [83]  (0.000 ns)
	bus request operation ('empty', ../gen/Hls_Layers_UpConv.tpp:93->../gen/Hls_Layers_UpConv.tpp:357) on port 'gmem_weight' (../gen/Hls_Layers_UpConv.tpp:93->../gen/Hls_Layers_UpConv.tpp:357) [84]  (2.433 ns)

 <State 5>: 2.433ns
The critical path consists of the following:
	bus request operation ('empty', ../gen/Hls_Layers_UpConv.tpp:93->../gen/Hls_Layers_UpConv.tpp:357) on port 'gmem_weight' (../gen/Hls_Layers_UpConv.tpp:93->../gen/Hls_Layers_UpConv.tpp:357) [84]  (2.433 ns)

 <State 6>: 2.433ns
The critical path consists of the following:
	bus request operation ('empty', ../gen/Hls_Layers_UpConv.tpp:93->../gen/Hls_Layers_UpConv.tpp:357) on port 'gmem_weight' (../gen/Hls_Layers_UpConv.tpp:93->../gen/Hls_Layers_UpConv.tpp:357) [84]  (2.433 ns)

 <State 7>: 2.433ns
The critical path consists of the following:
	bus request operation ('empty', ../gen/Hls_Layers_UpConv.tpp:93->../gen/Hls_Layers_UpConv.tpp:357) on port 'gmem_weight' (../gen/Hls_Layers_UpConv.tpp:93->../gen/Hls_Layers_UpConv.tpp:357) [84]  (2.433 ns)

 <State 8>: 2.433ns
The critical path consists of the following:
	bus request operation ('empty', ../gen/Hls_Layers_UpConv.tpp:93->../gen/Hls_Layers_UpConv.tpp:357) on port 'gmem_weight' (../gen/Hls_Layers_UpConv.tpp:93->../gen/Hls_Layers_UpConv.tpp:357) [84]  (2.433 ns)

 <State 9>: 2.433ns
The critical path consists of the following:
	bus request operation ('empty', ../gen/Hls_Layers_UpConv.tpp:93->../gen/Hls_Layers_UpConv.tpp:357) on port 'gmem_weight' (../gen/Hls_Layers_UpConv.tpp:93->../gen/Hls_Layers_UpConv.tpp:357) [84]  (2.433 ns)

 <State 10>: 2.433ns
The critical path consists of the following:
	bus request operation ('empty', ../gen/Hls_Layers_UpConv.tpp:93->../gen/Hls_Layers_UpConv.tpp:357) on port 'gmem_weight' (../gen/Hls_Layers_UpConv.tpp:93->../gen/Hls_Layers_UpConv.tpp:357) [84]  (2.433 ns)

 <State 11>: 2.433ns
The critical path consists of the following:
	bus request operation ('empty', ../gen/Hls_Layers_UpConv.tpp:93->../gen/Hls_Layers_UpConv.tpp:357) on port 'gmem_weight' (../gen/Hls_Layers_UpConv.tpp:93->../gen/Hls_Layers_UpConv.tpp:357) [84]  (2.433 ns)

 <State 12>: 0.673ns
The critical path consists of the following:
	'call' operation 0 bit ('call_ln93', ../gen/Hls_Layers_UpConv.tpp:93->../gen/Hls_Layers_UpConv.tpp:357) to 'UpConv_Fused_Row<8, 64, 64, 240, 120>_Pipeline_W_FLAT' [85]  (0.673 ns)

 <State 13>: 0.000ns
The critical path consists of the following:

 <State 14>: 2.068ns
The critical path consists of the following:
	'phi' operation 2 bit ('kh') with incoming values : ('kh', ../gen/Hls_Layers_UpConv.tpp:114->../gen/Hls_Layers_UpConv.tpp:358) [93]  (0.000 ns)
	'sub' operation 9 bit ('hpk', ../gen/Hls_Layers_UpConv.tpp:115->../gen/Hls_Layers_UpConv.tpp:358) [101]  (0.765 ns)
	'icmp' operation 1 bit ('icmp_ln118', ../gen/Hls_Layers_UpConv.tpp:118->../gen/Hls_Layers_UpConv.tpp:358) [105]  (1.016 ns)
	'or' operation 1 bit ('or_ln118', ../gen/Hls_Layers_UpConv.tpp:118->../gen/Hls_Layers_UpConv.tpp:358) [108]  (0.287 ns)

 <State 15>: 1.595ns
The critical path consists of the following:
	'sub' operation 11 bit ('x_base', ../gen/Hls_Layers_UpConv.tpp:115->../gen/Hls_Layers_UpConv.tpp:358) [119]  (0.798 ns)
	'call' operation 0 bit ('call_ln114', ../gen/Hls_Layers_UpConv.tpp:114->../gen/Hls_Layers_UpConv.tpp:358) to 'UpConv_Fused_Row<8, 64, 64, 240, 120>_Pipeline_KW_LOOP_FLAT_LOOP' [120]  (0.797 ns)

 <State 16>: 0.000ns
The critical path consists of the following:


============================================================
+ Verbose Summary: Binding
============================================================
N/A
* FSMD analyzer results:
  - Output states:
 - Input state : 
  - Chain level:
	State 1
	State 2
	State 3
	State 4
	State 5
	State 6
	State 7
	State 8
	State 9
	State 10
	State 11
	State 12
	State 13
	State 14
	State 15
	State 16


============================================================
+ Verbose Summary: Datapath Resource usage 
============================================================
N/A
