

================================================================
== Vitis HLS Report for 'UpConv_Fused_Row_8_64_64_240_120_Pipeline_W_FLAT'
================================================================
* Date:           Tue Jun  2 22:29:38 2026

* Version:        2024.2 (Build 5238294 on Nov  8 2024)
* Project:        upconv_core_top_ucb2
* Solution:       hls (Vivado IP Flow Target)
* Product family: zynquplus
* Target device:  xczu7ev-ffvc1156-2-e


================================================================
== Performance Estimates
================================================================
+ Timing: 
    * Summary: 
    +--------+---------+----------+------------+
    |  Clock |  Target | Estimated| Uncertainty|
    +--------+---------+----------+------------+
    |ap_clk  |  3.33 ns|  2.433 ns|     0.90 ns|
    +--------+---------+----------+------------+

+ Latency: 
    * Summary: 
    +---------+---------+----------+----------+-----+-----+------------------------------------------------+
    |  Latency (cycles) |  Latency (absolute) |  Interval |                    Pipeline                    |
    |   min   |   max   |    min   |    max   | min | max |                      Type                      |
    +---------+---------+----------+----------+-----+-----+------------------------------------------------+
    |      138|      138|  0.460 us|  0.460 us|  136|  136|  loop auto-rewind stp (delay=0 clock cycles(s))|
    +---------+---------+----------+----------+-----+-----+------------------------------------------------+

    + Detail: 
        * Instance: 
        N/A

        * Loop: 
        +----------+---------+---------+----------+-----------+-----------+------+----------+
        |          |  Latency (cycles) | Iteration|  Initiation Interval  | Trip |          |
        | Loop Name|   min   |   max   |  Latency |  achieved |   target  | Count| Pipelined|
        +----------+---------+---------+----------+-----------+-----------+------+----------+
        |- W_FLAT  |      136|      136|         3|          1|          1|   135|       yes|
        +----------+---------+---------+----------+-----------+-----------+------+----------+

============================================================
+ Verbose Summary: Synthesis Manager
============================================================
InlineROM: 1
ExposeGlobal: 0
============================================================
+ Verbose Summary: CDFG Model
============================================================
IsTopModel: 0
ResetActiveHigh: 1
IsCombinational: 0
IsDatapathOnly: 0
HasWiredReturn: 1
HasMFsm: 2
HasVarLatency: 1
IsPipeline: 0
IsRtlPipelined: 0
IsInstanceOverlapped: 0
IsDontTouch: 0
HasImplIP: 0
IsGatedGlobalClock: 0

+ Individual pipeline summary: 
  * Pipeline-0: initiation interval (II) = 1, depth = 3


============================================================
+ Verbose Summary: Schedule
============================================================
* Number of FSM states : 3
* Pipeline : 1
  Pipeline-0 : II = 1, D = 3, States = { 1 2 3 }
* Dataflow Pipeline: 0

* FSM state transitions: 
1 --> 2 
2 --> 3 
3 --> 

* FSM state operations: 

State 1 <SV = 0> <Delay = 1.61>
ST_1 : Operation 6 [1/1] (0.00ns)   --->   "%kci = alloca i32 1" [../gen/Hls_Layers_UpConv.tpp:93->../gen/Hls_Layers_UpConv.tpp:357]   --->   Operation 6 'alloca' 'kci' <Predicate = true> <Delay = 0.00>
ST_1 : Operation 7 [1/1] (0.00ns)   --->   "%tc_read = read i3 @_ssdm_op_Read.ap_auto.i3, i3 %tc"   --->   Operation 7 'read' 'tc_read' <Predicate = true> <Delay = 0.00>
ST_1 : Operation 8 [1/1] (0.00ns)   --->   "%sext_ln93_read = read i59 @_ssdm_op_Read.ap_auto.i59, i59 %sext_ln93"   --->   Operation 8 'read' 'sext_ln93_read' <Predicate = true> <Delay = 0.00>
ST_1 : Operation 9 [1/1] (0.00ns)   --->   "%sext_ln93_cast = sext i59 %sext_ln93_read"   --->   Operation 9 'sext' 'sext_ln93_cast' <Predicate = true> <Delay = 0.00>
ST_1 : Operation 10 [1/1] (0.00ns)   --->   "%specmemcore_ln0 = specmemcore void @_ssdm_op_SpecMemCore, i256 %w_local_7, i64 666, i64 30, i64 2"   --->   Operation 10 'specmemcore' 'specmemcore_ln0' <Predicate = true> <Delay = 0.00>
ST_1 : Operation 11 [1/1] (0.00ns)   --->   "%specmemcore_ln0 = specmemcore void @_ssdm_op_SpecMemCore, i256 %w_local_6, i64 666, i64 30, i64 2"   --->   Operation 11 'specmemcore' 'specmemcore_ln0' <Predicate = true> <Delay = 0.00>
ST_1 : Operation 12 [1/1] (0.00ns)   --->   "%specmemcore_ln0 = specmemcore void @_ssdm_op_SpecMemCore, i256 %w_local_5, i64 666, i64 30, i64 2"   --->   Operation 12 'specmemcore' 'specmemcore_ln0' <Predicate = true> <Delay = 0.00>
ST_1 : Operation 13 [1/1] (0.00ns)   --->   "%specmemcore_ln0 = specmemcore void @_ssdm_op_SpecMemCore, i256 %w_local_4, i64 666, i64 30, i64 2"   --->   Operation 13 'specmemcore' 'specmemcore_ln0' <Predicate = true> <Delay = 0.00>
ST_1 : Operation 14 [1/1] (0.00ns)   --->   "%specmemcore_ln0 = specmemcore void @_ssdm_op_SpecMemCore, i256 %w_local_3, i64 666, i64 30, i64 2"   --->   Operation 14 'specmemcore' 'specmemcore_ln0' <Predicate = true> <Delay = 0.00>
ST_1 : Operation 15 [1/1] (0.00ns)   --->   "%specmemcore_ln0 = specmemcore void @_ssdm_op_SpecMemCore, i256 %w_local_2, i64 666, i64 30, i64 2"   --->   Operation 15 'specmemcore' 'specmemcore_ln0' <Predicate = true> <Delay = 0.00>
ST_1 : Operation 16 [1/1] (0.00ns)   --->   "%specmemcore_ln0 = specmemcore void @_ssdm_op_SpecMemCore, i256 %w_local_1, i64 666, i64 30, i64 2"   --->   Operation 16 'specmemcore' 'specmemcore_ln0' <Predicate = true> <Delay = 0.00>
ST_1 : Operation 17 [1/1] (0.00ns)   --->   "%specmemcore_ln0 = specmemcore void @_ssdm_op_SpecMemCore, i256 %w_local, i64 666, i64 30, i64 2"   --->   Operation 17 'specmemcore' 'specmemcore_ln0' <Predicate = true> <Delay = 0.00>
ST_1 : Operation 18 [1/1] (0.00ns)   --->   "%specinterface_ln0 = specinterface void @_ssdm_op_SpecInterface, i256 %gmem_weight, void @empty_2, i32 0, i32 0, void @empty_1, i32 0, i32 0, void @empty_11, void @empty_13, void @empty_1, i32 16, i32 16, i32 64, i32 16, void @empty_1, void @empty_1, i32 4294967295, i32 0, i32 0"   --->   Operation 18 'specinterface' 'specinterface_ln0' <Predicate = true> <Delay = 0.00>
ST_1 : Operation 19 [1/1] (0.42ns)   --->   "%store_ln93 = store i8 0, i8 %kci" [../gen/Hls_Layers_UpConv.tpp:93->../gen/Hls_Layers_UpConv.tpp:357]   --->   Operation 19 'store' 'store_ln93' <Predicate = true> <Delay = 0.42>
ST_1 : Operation 20 [1/1] (0.00ns)   --->   "%br_ln93 = br void %for.body7.i" [../gen/Hls_Layers_UpConv.tpp:93->../gen/Hls_Layers_UpConv.tpp:357]   --->   Operation 20 'br' 'br_ln93' <Predicate = true> <Delay = 0.00>
ST_1 : Operation 21 [1/1] (0.00ns)   --->   "%kci_1 = load i8 %kci" [../gen/Hls_Layers_UpConv.tpp:93->../gen/Hls_Layers_UpConv.tpp:357]   --->   Operation 21 'load' 'kci_1' <Predicate = true> <Delay = 0.00>
ST_1 : Operation 22 [1/1] (0.76ns)   --->   "%icmp_ln93 = icmp_eq  i8 %kci_1, i8 135" [../gen/Hls_Layers_UpConv.tpp:93->../gen/Hls_Layers_UpConv.tpp:357]   --->   Operation 22 'icmp' 'icmp_ln93' <Predicate = true> <Delay = 0.76> <CoreInst = "Cmp">   --->   Core 9 'Cmp' <Latency = 0> <II = 1> <Delay = 0.76> <FuncUnit> <Opcode : 'seteq' 'setne' 'setle' 'setge' 'setlt' 'setgt'> <InPorts = 2> <OutPorts = 1>
ST_1 : Operation 23 [1/1] (0.76ns)   --->   "%add_ln93 = add i8 %kci_1, i8 1" [../gen/Hls_Layers_UpConv.tpp:93->../gen/Hls_Layers_UpConv.tpp:357]   --->   Operation 23 'add' 'add_ln93' <Predicate = true> <Delay = 0.76> <CoreInst = "Adder">   --->   Core 1 'Adder' <Latency = 0> <II = 1> <Delay = 0.76> <FuncUnit> <Opcode : 'add' 'sub'> <InPorts = 2> <OutPorts = 1>
ST_1 : Operation 24 [1/1] (0.00ns)   --->   "%br_ln93 = br i1 %icmp_ln93, void %for.body7.i.split, void %if.end.i65.loopexit.exitStub" [../gen/Hls_Layers_UpConv.tpp:93->../gen/Hls_Layers_UpConv.tpp:357]   --->   Operation 24 'br' 'br_ln93' <Predicate = true> <Delay = 0.00>
ST_1 : Operation 25 [1/1] (0.67ns)   --->   "%switch_ln95 = switch i3 %tc_read, void %arrayidx121.i.case.7, i3 0, void %arrayidx121.i.case.0, i3 1, void %arrayidx121.i.case.1, i3 2, void %arrayidx121.i.case.2, i3 3, void %arrayidx121.i.case.3, i3 4, void %arrayidx121.i.case.4, i3 5, void %arrayidx121.i.case.5, i3 6, void %arrayidx121.i.case.6" [../gen/Hls_Layers_UpConv.tpp:95->../gen/Hls_Layers_UpConv.tpp:357]   --->   Operation 25 'switch' 'switch_ln95' <Predicate = (!icmp_ln93)> <Delay = 0.67>
ST_1 : Operation 26 [1/1] (0.42ns)   --->   "%store_ln93 = store i8 %add_ln93, i8 %kci" [../gen/Hls_Layers_UpConv.tpp:93->../gen/Hls_Layers_UpConv.tpp:357]   --->   Operation 26 'store' 'store_ln93' <Predicate = (!icmp_ln93)> <Delay = 0.42>
ST_1 : Operation 27 [1/1] (0.00ns)   --->   "%br_ln93 = br void %for.body7.i" [../gen/Hls_Layers_UpConv.tpp:93->../gen/Hls_Layers_UpConv.tpp:357]   --->   Operation 27 'br' 'br_ln93' <Predicate = (!icmp_ln93)> <Delay = 0.00>

State 2 <SV = 1> <Delay = 2.43>
ST_2 : Operation 28 [1/1] (0.00ns)   --->   "%gmem_weight_addr = getelementptr i256 %gmem_weight, i64 %sext_ln93_cast" [../gen/Hls_Layers_UpConv.tpp:93->../gen/Hls_Layers_UpConv.tpp:357]   --->   Operation 28 'getelementptr' 'gmem_weight_addr' <Predicate = true> <Delay = 0.00>
ST_2 : Operation 29 [1/1] (2.43ns)   --->   "%gmem_weight_addr_read = read i256 @_ssdm_op_Read.m_axi.p1i256, i256 %gmem_weight_addr" [../gen/Hls_Layers_UpConv.tpp:95->../gen/Hls_Layers_UpConv.tpp:357]   --->   Operation 29 'read' 'gmem_weight_addr_read' <Predicate = true> <Delay = 2.43> <CoreInst = "m_axi">   --->   Core 119 'm_axi' <Latency = 3> <II = 1> <Delay = 1.00> <Adapter> <Opcode : 'read' 'write' 'readreq' 'writereq' 'writeresp'>
ST_2 : Operation 58 [1/1] (0.42ns)   --->   "%ret_ln0 = ret"   --->   Operation 58 'ret' 'ret_ln0' <Predicate = (icmp_ln93)> <Delay = 0.42>

State 3 <SV = 2> <Delay = 1.23>
ST_3 : Operation 30 [1/1] (0.00ns)   --->   "%zext_ln93 = zext i8 %kci_1" [../gen/Hls_Layers_UpConv.tpp:93->../gen/Hls_Layers_UpConv.tpp:357]   --->   Operation 30 'zext' 'zext_ln93' <Predicate = true> <Delay = 0.00>
ST_3 : Operation 31 [1/1] (0.00ns)   --->   "%specpipeline_ln94 = specpipeline void @_ssdm_op_SpecPipeline, i32 1, i32 0, i32 0, i32 0, void @empty_1" [../gen/Hls_Layers_UpConv.tpp:94->../gen/Hls_Layers_UpConv.tpp:357]   --->   Operation 31 'specpipeline' 'specpipeline_ln94' <Predicate = true> <Delay = 0.00>
ST_3 : Operation 32 [1/1] (0.00ns)   --->   "%speclooptripcount_ln93 = speclooptripcount void @_ssdm_op_SpecLoopTripCount, i64 135, i64 135, i64 135" [../gen/Hls_Layers_UpConv.tpp:93->../gen/Hls_Layers_UpConv.tpp:357]   --->   Operation 32 'speclooptripcount' 'speclooptripcount_ln93' <Predicate = true> <Delay = 0.00>
ST_3 : Operation 33 [1/1] (0.00ns)   --->   "%specloopname_ln93 = specloopname void @_ssdm_op_SpecLoopName, void @empty_25" [../gen/Hls_Layers_UpConv.tpp:93->../gen/Hls_Layers_UpConv.tpp:357]   --->   Operation 33 'specloopname' 'specloopname_ln93' <Predicate = true> <Delay = 0.00>
ST_3 : Operation 34 [1/1] (0.00ns)   --->   "%w_local_addr = getelementptr i256 %w_local, i64 0, i64 %zext_ln93" [../gen/Hls_Layers_UpConv.tpp:95->../gen/Hls_Layers_UpConv.tpp:357]   --->   Operation 34 'getelementptr' 'w_local_addr' <Predicate = true> <Delay = 0.00>
ST_3 : Operation 35 [1/1] (0.00ns)   --->   "%w_local_1_addr = getelementptr i256 %w_local_1, i64 0, i64 %zext_ln93" [../gen/Hls_Layers_UpConv.tpp:95->../gen/Hls_Layers_UpConv.tpp:357]   --->   Operation 35 'getelementptr' 'w_local_1_addr' <Predicate = true> <Delay = 0.00>
ST_3 : Operation 36 [1/1] (0.00ns)   --->   "%w_local_2_addr = getelementptr i256 %w_local_2, i64 0, i64 %zext_ln93" [../gen/Hls_Layers_UpConv.tpp:95->../gen/Hls_Layers_UpConv.tpp:357]   --->   Operation 36 'getelementptr' 'w_local_2_addr' <Predicate = true> <Delay = 0.00>
ST_3 : Operation 37 [1/1] (0.00ns)   --->   "%w_local_3_addr = getelementptr i256 %w_local_3, i64 0, i64 %zext_ln93" [../gen/Hls_Layers_UpConv.tpp:95->../gen/Hls_Layers_UpConv.tpp:357]   --->   Operation 37 'getelementptr' 'w_local_3_addr' <Predicate = true> <Delay = 0.00>
ST_3 : Operation 38 [1/1] (0.00ns)   --->   "%w_local_4_addr = getelementptr i256 %w_local_4, i64 0, i64 %zext_ln93" [../gen/Hls_Layers_UpConv.tpp:95->../gen/Hls_Layers_UpConv.tpp:357]   --->   Operation 38 'getelementptr' 'w_local_4_addr' <Predicate = true> <Delay = 0.00>
ST_3 : Operation 39 [1/1] (0.00ns)   --->   "%w_local_5_addr = getelementptr i256 %w_local_5, i64 0, i64 %zext_ln93" [../gen/Hls_Layers_UpConv.tpp:95->../gen/Hls_Layers_UpConv.tpp:357]   --->   Operation 39 'getelementptr' 'w_local_5_addr' <Predicate = true> <Delay = 0.00>
ST_3 : Operation 40 [1/1] (0.00ns)   --->   "%w_local_6_addr = getelementptr i256 %w_local_6, i64 0, i64 %zext_ln93" [../gen/Hls_Layers_UpConv.tpp:95->../gen/Hls_Layers_UpConv.tpp:357]   --->   Operation 40 'getelementptr' 'w_local_6_addr' <Predicate = true> <Delay = 0.00>
ST_3 : Operation 41 [1/1] (0.00ns)   --->   "%w_local_7_addr = getelementptr i256 %w_local_7, i64 0, i64 %zext_ln93" [../gen/Hls_Layers_UpConv.tpp:95->../gen/Hls_Layers_UpConv.tpp:357]   --->   Operation 41 'getelementptr' 'w_local_7_addr' <Predicate = true> <Delay = 0.00>
ST_3 : Operation 42 [1/1] ( I:1.23ns O:1.23ns )   --->   "%store_ln95 = store i256 %gmem_weight_addr_read, i8 %w_local_6_addr" [../gen/Hls_Layers_UpConv.tpp:95->../gen/Hls_Layers_UpConv.tpp:357]   --->   Operation 42 'store' 'store_ln95' <Predicate = (tc_read == 6)> <Delay = 1.23> <CoreInst = "RAM_T2P_BRAM">   --->   Core 98 'RAM_T2P_BRAM' <Latency = 2> <II = 1> <Delay = 1.23> <Storage> <Opcode : 'load' 'store'> <Ports = 2> <Width = 256> <Depth = 135> <RAM>
ST_3 : Operation 43 [1/1] (0.00ns)   --->   "%br_ln95 = br void %arrayidx121.i.exit" [../gen/Hls_Layers_UpConv.tpp:95->../gen/Hls_Layers_UpConv.tpp:357]   --->   Operation 43 'br' 'br_ln95' <Predicate = (tc_read == 6)> <Delay = 0.00>
ST_3 : Operation 44 [1/1] ( I:1.23ns O:1.23ns )   --->   "%store_ln95 = store i256 %gmem_weight_addr_read, i8 %w_local_5_addr" [../gen/Hls_Layers_UpConv.tpp:95->../gen/Hls_Layers_UpConv.tpp:357]   --->   Operation 44 'store' 'store_ln95' <Predicate = (tc_read == 5)> <Delay = 1.23> <CoreInst = "RAM_T2P_BRAM">   --->   Core 98 'RAM_T2P_BRAM' <Latency = 2> <II = 1> <Delay = 1.23> <Storage> <Opcode : 'load' 'store'> <Ports = 2> <Width = 256> <Depth = 135> <RAM>
ST_3 : Operation 45 [1/1] (0.00ns)   --->   "%br_ln95 = br void %arrayidx121.i.exit" [../gen/Hls_Layers_UpConv.tpp:95->../gen/Hls_Layers_UpConv.tpp:357]   --->   Operation 45 'br' 'br_ln95' <Predicate = (tc_read == 5)> <Delay = 0.00>
ST_3 : Operation 46 [1/1] ( I:1.23ns O:1.23ns )   --->   "%store_ln95 = store i256 %gmem_weight_addr_read, i8 %w_local_4_addr" [../gen/Hls_Layers_UpConv.tpp:95->../gen/Hls_Layers_UpConv.tpp:357]   --->   Operation 46 'store' 'store_ln95' <Predicate = (tc_read == 4)> <Delay = 1.23> <CoreInst = "RAM_T2P_BRAM">   --->   Core 98 'RAM_T2P_BRAM' <Latency = 2> <II = 1> <Delay = 1.23> <Storage> <Opcode : 'load' 'store'> <Ports = 2> <Width = 256> <Depth = 135> <RAM>
ST_3 : Operation 47 [1/1] (0.00ns)   --->   "%br_ln95 = br void %arrayidx121.i.exit" [../gen/Hls_Layers_UpConv.tpp:95->../gen/Hls_Layers_UpConv.tpp:357]   --->   Operation 47 'br' 'br_ln95' <Predicate = (tc_read == 4)> <Delay = 0.00>
ST_3 : Operation 48 [1/1] ( I:1.23ns O:1.23ns )   --->   "%store_ln95 = store i256 %gmem_weight_addr_read, i8 %w_local_3_addr" [../gen/Hls_Layers_UpConv.tpp:95->../gen/Hls_Layers_UpConv.tpp:357]   --->   Operation 48 'store' 'store_ln95' <Predicate = (tc_read == 3)> <Delay = 1.23> <CoreInst = "RAM_T2P_BRAM">   --->   Core 98 'RAM_T2P_BRAM' <Latency = 2> <II = 1> <Delay = 1.23> <Storage> <Opcode : 'load' 'store'> <Ports = 2> <Width = 256> <Depth = 135> <RAM>
ST_3 : Operation 49 [1/1] (0.00ns)   --->   "%br_ln95 = br void %arrayidx121.i.exit" [../gen/Hls_Layers_UpConv.tpp:95->../gen/Hls_Layers_UpConv.tpp:357]   --->   Operation 49 'br' 'br_ln95' <Predicate = (tc_read == 3)> <Delay = 0.00>
ST_3 : Operation 50 [1/1] ( I:1.23ns O:1.23ns )   --->   "%store_ln95 = store i256 %gmem_weight_addr_read, i8 %w_local_2_addr" [../gen/Hls_Layers_UpConv.tpp:95->../gen/Hls_Layers_UpConv.tpp:357]   --->   Operation 50 'store' 'store_ln95' <Predicate = (tc_read == 2)> <Delay = 1.23> <CoreInst = "RAM_T2P_BRAM">   --->   Core 98 'RAM_T2P_BRAM' <Latency = 2> <II = 1> <Delay = 1.23> <Storage> <Opcode : 'load' 'store'> <Ports = 2> <Width = 256> <Depth = 135> <RAM>
ST_3 : Operation 51 [1/1] (0.00ns)   --->   "%br_ln95 = br void %arrayidx121.i.exit" [../gen/Hls_Layers_UpConv.tpp:95->../gen/Hls_Layers_UpConv.tpp:357]   --->   Operation 51 'br' 'br_ln95' <Predicate = (tc_read == 2)> <Delay = 0.00>
ST_3 : Operation 52 [1/1] ( I:1.23ns O:1.23ns )   --->   "%store_ln95 = store i256 %gmem_weight_addr_read, i8 %w_local_1_addr" [../gen/Hls_Layers_UpConv.tpp:95->../gen/Hls_Layers_UpConv.tpp:357]   --->   Operation 52 'store' 'store_ln95' <Predicate = (tc_read == 1)> <Delay = 1.23> <CoreInst = "RAM_T2P_BRAM">   --->   Core 98 'RAM_T2P_BRAM' <Latency = 2> <II = 1> <Delay = 1.23> <Storage> <Opcode : 'load' 'store'> <Ports = 2> <Width = 256> <Depth = 135> <RAM>
ST_3 : Operation 53 [1/1] (0.00ns)   --->   "%br_ln95 = br void %arrayidx121.i.exit" [../gen/Hls_Layers_UpConv.tpp:95->../gen/Hls_Layers_UpConv.tpp:357]   --->   Operation 53 'br' 'br_ln95' <Predicate = (tc_read == 1)> <Delay = 0.00>
ST_3 : Operation 54 [1/1] ( I:1.23ns O:1.23ns )   --->   "%store_ln95 = store i256 %gmem_weight_addr_read, i8 %w_local_addr" [../gen/Hls_Layers_UpConv.tpp:95->../gen/Hls_Layers_UpConv.tpp:357]   --->   Operation 54 'store' 'store_ln95' <Predicate = (tc_read == 0)> <Delay = 1.23> <CoreInst = "RAM_T2P_BRAM">   --->   Core 98 'RAM_T2P_BRAM' <Latency = 2> <II = 1> <Delay = 1.23> <Storage> <Opcode : 'load' 'store'> <Ports = 2> <Width = 256> <Depth = 135> <RAM>
ST_3 : Operation 55 [1/1] (0.00ns)   --->   "%br_ln95 = br void %arrayidx121.i.exit" [../gen/Hls_Layers_UpConv.tpp:95->../gen/Hls_Layers_UpConv.tpp:357]   --->   Operation 55 'br' 'br_ln95' <Predicate = (tc_read == 0)> <Delay = 0.00>
ST_3 : Operation 56 [1/1] ( I:1.23ns O:1.23ns )   --->   "%store_ln95 = store i256 %gmem_weight_addr_read, i8 %w_local_7_addr" [../gen/Hls_Layers_UpConv.tpp:95->../gen/Hls_Layers_UpConv.tpp:357]   --->   Operation 56 'store' 'store_ln95' <Predicate = (tc_read == 7)> <Delay = 1.23> <CoreInst = "RAM_T2P_BRAM">   --->   Core 98 'RAM_T2P_BRAM' <Latency = 2> <II = 1> <Delay = 1.23> <Storage> <Opcode : 'load' 'store'> <Ports = 2> <Width = 256> <Depth = 135> <RAM>
ST_3 : Operation 57 [1/1] (0.00ns)   --->   "%br_ln95 = br void %arrayidx121.i.exit" [../gen/Hls_Layers_UpConv.tpp:95->../gen/Hls_Layers_UpConv.tpp:357]   --->   Operation 57 'br' 'br_ln95' <Predicate = (tc_read == 7)> <Delay = 0.00>


============================================================
+ Verbose Summary: Binding
============================================================
STG Binding: 
---------------- STG Properties BEGIN ----------------
- Is combinational: 0
- Is one-state seq: 0
- Is datapath-only: 0
- Is pipelined: 0
- Is top level: 0
Port [ Return ] is wired: 1; IO mode=ap_ctrl_hs:ce=0
Port [ gmem_weight]:  wired=1; compound=1; hidden=0; nouse=0; global=0; static=0; extern=0; dir=0; type=4; pingpong=0; private_global=0; IO mode=m_axi:ce=0
Port [ sext_ln93]:  wired=1; compound=0; hidden=0; nouse=0; global=0; static=0; extern=0; dir=0; type=0; pingpong=0; private_global=0; IO mode=ap_none:ce=0
Port [ w_local_7]:  wired=1; compound=1; hidden=0; nouse=0; global=0; static=0; extern=0; dir=1; type=1; pingpong=0; private_global=0; MemPort=[03]; IO mode=ap_memory:ce=0
Port [ w_local_6]:  wired=1; compound=1; hidden=0; nouse=0; global=0; static=0; extern=0; dir=1; type=1; pingpong=0; private_global=0; MemPort=[03]; IO mode=ap_memory:ce=0
Port [ w_local_5]:  wired=1; compound=1; hidden=0; nouse=0; global=0; static=0; extern=0; dir=1; type=1; pingpong=0; private_global=0; MemPort=[03]; IO mode=ap_memory:ce=0
Port [ w_local_4]:  wired=1; compound=1; hidden=0; nouse=0; global=0; static=0; extern=0; dir=1; type=1; pingpong=0; private_global=0; MemPort=[03]; IO mode=ap_memory:ce=0
Port [ w_local_3]:  wired=1; compound=1; hidden=0; nouse=0; global=0; static=0; extern=0; dir=1; type=1; pingpong=0; private_global=0; MemPort=[03]; IO mode=ap_memory:ce=0
Port [ w_local_2]:  wired=1; compound=1; hidden=0; nouse=0; global=0; static=0; extern=0; dir=1; type=1; pingpong=0; private_global=0; MemPort=[03]; IO mode=ap_memory:ce=0
Port [ w_local_1]:  wired=1; compound=1; hidden=0; nouse=0; global=0; static=0; extern=0; dir=1; type=1; pingpong=0; private_global=0; MemPort=[03]; IO mode=ap_memory:ce=0
Port [ w_local]:  wired=1; compound=1; hidden=0; nouse=0; global=0; static=0; extern=0; dir=1; type=1; pingpong=0; private_global=0; MemPort=[03]; IO mode=ap_memory:ce=0
Port [ tc]:  wired=1; compound=0; hidden=0; nouse=0; global=0; static=0; extern=0; dir=0; type=0; pingpong=0; private_global=0; IO mode=ap_none:ce=0
---------------- STG Properties END ------------------

---------------- Datapath Model BEGIN ----------------

<LifeTime>
<method=bitvector/>
kci                    (alloca           ) [ 0100]
tc_read                (read             ) [ 0111]
sext_ln93_read         (read             ) [ 0000]
sext_ln93_cast         (sext             ) [ 0110]
specmemcore_ln0        (specmemcore      ) [ 0000]
specmemcore_ln0        (specmemcore      ) [ 0000]
specmemcore_ln0        (specmemcore      ) [ 0000]
specmemcore_ln0        (specmemcore      ) [ 0000]
specmemcore_ln0        (specmemcore      ) [ 0000]
specmemcore_ln0        (specmemcore      ) [ 0000]
specmemcore_ln0        (specmemcore      ) [ 0000]
specmemcore_ln0        (specmemcore      ) [ 0000]
specinterface_ln0      (specinterface    ) [ 0000]
store_ln93             (store            ) [ 0000]
br_ln93                (br               ) [ 0000]
kci_1                  (load             ) [ 0111]
icmp_ln93              (icmp             ) [ 0110]
add_ln93               (add              ) [ 0000]
br_ln93                (br               ) [ 0000]
switch_ln95            (switch           ) [ 0000]
store_ln93             (store            ) [ 0000]
br_ln93                (br               ) [ 0000]
gmem_weight_addr       (getelementptr    ) [ 0000]
gmem_weight_addr_read  (read             ) [ 0101]
zext_ln93              (zext             ) [ 0000]
specpipeline_ln94      (specpipeline     ) [ 0000]
speclooptripcount_ln93 (speclooptripcount) [ 0000]
specloopname_ln93      (specloopname     ) [ 0000]
w_local_addr           (getelementptr    ) [ 0000]
w_local_1_addr         (getelementptr    ) [ 0000]
w_local_2_addr         (getelementptr    ) [ 0000]
w_local_3_addr         (getelementptr    ) [ 0000]
w_local_4_addr         (getelementptr    ) [ 0000]
w_local_5_addr         (getelementptr    ) [ 0000]
w_local_6_addr         (getelementptr    ) [ 0000]
w_local_7_addr         (getelementptr    ) [ 0000]
store_ln95             (store            ) [ 0000]
br_ln95                (br               ) [ 0000]
store_ln95             (store            ) [ 0000]
br_ln95                (br               ) [ 0000]
store_ln95             (store            ) [ 0000]
br_ln95                (br               ) [ 0000]
store_ln95             (store            ) [ 0000]
br_ln95                (br               ) [ 0000]
store_ln95             (store            ) [ 0000]
br_ln95                (br               ) [ 0000]
store_ln95             (store            ) [ 0000]
br_ln95                (br               ) [ 0000]
store_ln95             (store            ) [ 0000]
br_ln95                (br               ) [ 0000]
store_ln95             (store            ) [ 0000]
br_ln95                (br               ) [ 0000]
ret_ln0                (ret              ) [ 0000]
</LifeTime>

<model>

<comp_list>
<comp id="0" class="1000" name="gmem_weight">
<pin_list>
<pin id="1" dir="1" index="0" bw="1" slack="0"/>
</pin_list>
<bind>
<StgValue><ssdm name="gmem_weight"/><MemPortTyVec>0 </MemPortTyVec>
</StgValue>
</bind>
</comp>

<comp id="2" class="1000" name="sext_ln93">
<pin_list>
<pin id="3" dir="1" index="0" bw="1" slack="0"/>
</pin_list>
<bind>
<StgValue><ssdm name="sext_ln93"/></StgValue>
</bind>
</comp>

<comp id="4" class="1000" name="w_local_7">
<pin_list>
<pin id="5" dir="1" index="0" bw="1" slack="0"/>
</pin_list>
<bind>
<StgValue><ssdm name="w_local_7"/><MemPortTyVec>0 3 </MemPortTyVec>
</StgValue>
</bind>
</comp>

<comp id="6" class="1000" name="w_local_6">
<pin_list>
<pin id="7" dir="1" index="0" bw="1" slack="0"/>
</pin_list>
<bind>
<StgValue><ssdm name="w_local_6"/><MemPortTyVec>0 3 </MemPortTyVec>
</StgValue>
</bind>
</comp>

<comp id="8" class="1000" name="w_local_5">
<pin_list>
<pin id="9" dir="1" index="0" bw="1" slack="0"/>
</pin_list>
<bind>
<StgValue><ssdm name="w_local_5"/><MemPortTyVec>0 3 </MemPortTyVec>
</StgValue>
</bind>
</comp>

<comp id="10" class="1000" name="w_local_4">
<pin_list>
<pin id="11" dir="1" index="0" bw="1" slack="0"/>
</pin_list>
<bind>
<StgValue><ssdm name="w_local_4"/><MemPortTyVec>0 3 </MemPortTyVec>
</StgValue>
</bind>
</comp>

<comp id="12" class="1000" name="w_local_3">
<pin_list>
<pin id="13" dir="1" index="0" bw="1" slack="0"/>
</pin_list>
<bind>
<StgValue><ssdm name="w_local_3"/><MemPortTyVec>0 3 </MemPortTyVec>
</StgValue>
</bind>
</comp>

<comp id="14" class="1000" name="w_local_2">
<pin_list>
<pin id="15" dir="1" index="0" bw="1" slack="0"/>
</pin_list>
<bind>
<StgValue><ssdm name="w_local_2"/><MemPortTyVec>0 3 </MemPortTyVec>
</StgValue>
</bind>
</comp>

<comp id="16" class="1000" name="w_local_1">
<pin_list>
<pin id="17" dir="1" index="0" bw="1" slack="0"/>
</pin_list>
<bind>
<StgValue><ssdm name="w_local_1"/><MemPortTyVec>0 3 </MemPortTyVec>
</StgValue>
</bind>
</comp>

<comp id="18" class="1000" name="w_local">
<pin_list>
<pin id="19" dir="1" index="0" bw="1" slack="0"/>
</pin_list>
<bind>
<StgValue><ssdm name="w_local"/><MemPortTyVec>0 3 </MemPortTyVec>
</StgValue>
</bind>
</comp>

<comp id="20" class="1000" name="tc">
<pin_list>
<pin id="21" dir="1" index="0" bw="1" slack="0"/>
</pin_list>
<bind>
<StgValue><ssdm name="tc"/></StgValue>
</bind>
</comp>

<comp id="22" class="1001" name="const_22">
<pin_list>
<pin id="23" dir="1" index="0" bw="1" slack="0"/>
</pin_list>
<bind>
<StgValue><ssdm name=""/></StgValue>
</bind>
</comp>

<comp id="24" class="1001" name="const_24">
<pin_list>
<pin id="25" dir="1" index="0" bw="1" slack="0"/>
</pin_list>
<bind>
<StgValue><ssdm name="_ssdm_op_Read.ap_auto.i3"/></StgValue>
</bind>
</comp>

<comp id="26" class="1001" name="const_26">
<pin_list>
<pin id="27" dir="1" index="0" bw="1" slack="0"/>
</pin_list>
<bind>
<StgValue><ssdm name="_ssdm_op_Read.ap_auto.i59"/></StgValue>
</bind>
</comp>

<comp id="28" class="1001" name="const_28">
<pin_list>
<pin id="29" dir="1" index="0" bw="1" slack="2147483647"/>
</pin_list>
<bind>
<StgValue><ssdm name="_ssdm_op_SpecMemCore"/></StgValue>
</bind>
</comp>

<comp id="30" class="1001" name="const_30">
<pin_list>
<pin id="31" dir="1" index="0" bw="1" slack="2147483647"/>
</pin_list>
<bind>
<StgValue><ssdm name=""/></StgValue>
</bind>
</comp>

<comp id="32" class="1001" name="const_32">
<pin_list>
<pin id="33" dir="1" index="0" bw="1" slack="2147483647"/>
</pin_list>
<bind>
<StgValue><ssdm name=""/></StgValue>
</bind>
</comp>

<comp id="34" class="1001" name="const_34">
<pin_list>
<pin id="35" dir="1" index="0" bw="1" slack="2147483647"/>
</pin_list>
<bind>
<StgValue><ssdm name=""/></StgValue>
</bind>
</comp>

<comp id="36" class="1001" name="const_36">
<pin_list>
<pin id="37" dir="1" index="0" bw="1" slack="2147483647"/>
</pin_list>
<bind>
<StgValue><ssdm name="_ssdm_op_SpecInterface"/></StgValue>
</bind>
</comp>

<comp id="38" class="1001" name="const_38">
<pin_list>
<pin id="39" dir="1" index="0" bw="1" slack="2147483647"/>
</pin_list>
<bind>
<StgValue><ssdm name="empty_2"/></StgValue>
</bind>
</comp>

<comp id="40" class="1001" name="const_40">
<pin_list>
<pin id="41" dir="1" index="0" bw="1" slack="2147483647"/>
</pin_list>
<bind>
<StgValue><ssdm name=""/></StgValue>
</bind>
</comp>

<comp id="42" class="1001" name="const_42">
<pin_list>
<pin id="43" dir="1" index="0" bw="1" slack="2147483647"/>
</pin_list>
<bind>
<StgValue><ssdm name="empty_1"/></StgValue>
</bind>
</comp>

<comp id="44" class="1001" name="const_44">
<pin_list>
<pin id="45" dir="1" index="0" bw="1" slack="2147483647"/>
</pin_list>
<bind>
<StgValue><ssdm name="empty_11"/></StgValue>
</bind>
</comp>

<comp id="46" class="1001" name="const_46">
<pin_list>
<pin id="47" dir="1" index="0" bw="1" slack="2147483647"/>
</pin_list>
<bind>
<StgValue><ssdm name="empty_13"/></StgValue>
</bind>
</comp>

<comp id="48" class="1001" name="const_48">
<pin_list>
<pin id="49" dir="1" index="0" bw="1" slack="2147483647"/>
</pin_list>
<bind>
<StgValue><ssdm name=""/></StgValue>
</bind>
</comp>

<comp id="50" class="1001" name="const_50">
<pin_list>
<pin id="51" dir="1" index="0" bw="1" slack="2147483647"/>
</pin_list>
<bind>
<StgValue><ssdm name=""/></StgValue>
</bind>
</comp>

<comp id="52" class="1001" name="const_52">
<pin_list>
<pin id="53" dir="1" index="0" bw="1" slack="2147483647"/>
</pin_list>
<bind>
<StgValue><ssdm name=""/></StgValue>
</bind>
</comp>

<comp id="54" class="1001" name="const_54">
<pin_list>
<pin id="55" dir="1" index="0" bw="1" slack="0"/>
</pin_list>
<bind>
<StgValue><ssdm name=""/></StgValue>
</bind>
</comp>

<comp id="56" class="1001" name="const_56">
<pin_list>
<pin id="57" dir="1" index="0" bw="1" slack="0"/>
</pin_list>
<bind>
<StgValue><ssdm name=""/></StgValue>
</bind>
</comp>

<comp id="58" class="1001" name="const_58">
<pin_list>
<pin id="59" dir="1" index="0" bw="1" slack="0"/>
</pin_list>
<bind>
<StgValue><ssdm name=""/></StgValue>
</bind>
</comp>

<comp id="60" class="1001" name="const_60">
<pin_list>
<pin id="61" dir="1" index="0" bw="1" slack="2147483647"/>
</pin_list>
<bind>
<StgValue><ssdm name=""/></StgValue>
</bind>
</comp>

<comp id="62" class="1001" name="const_62">
<pin_list>
<pin id="63" dir="1" index="0" bw="1" slack="2147483647"/>
</pin_list>
<bind>
<StgValue><ssdm name=""/></StgValue>
</bind>
</comp>

<comp id="64" class="1001" name="const_64">
<pin_list>
<pin id="65" dir="1" index="0" bw="1" slack="2147483647"/>
</pin_list>
<bind>
<StgValue><ssdm name=""/></StgValue>
</bind>
</comp>

<comp id="66" class="1001" name="const_66">
<pin_list>
<pin id="67" dir="1" index="0" bw="1" slack="2147483647"/>
</pin_list>
<bind>
<StgValue><ssdm name=""/></StgValue>
</bind>
</comp>

<comp id="68" class="1001" name="const_68">
<pin_list>
<pin id="69" dir="1" index="0" bw="1" slack="2147483647"/>
</pin_list>
<bind>
<StgValue><ssdm name=""/></StgValue>
</bind>
</comp>

<comp id="70" class="1001" name="const_70">
<pin_list>
<pin id="71" dir="1" index="0" bw="1" slack="2147483647"/>
</pin_list>
<bind>
<StgValue><ssdm name=""/></StgValue>
</bind>
</comp>

<comp id="72" class="1001" name="const_72">
<pin_list>
<pin id="73" dir="1" index="0" bw="1" slack="2147483647"/>
</pin_list>
<bind>
<StgValue><ssdm name=""/></StgValue>
</bind>
</comp>

<comp id="74" class="1001" name="const_74">
<pin_list>
<pin id="75" dir="1" index="0" bw="1" slack="0"/>
</pin_list>
<bind>
<StgValue><ssdm name="_ssdm_op_Read.m_axi.p1i256"/></StgValue>
</bind>
</comp>

<comp id="76" class="1001" name="const_76">
<pin_list>
<pin id="77" dir="1" index="0" bw="1" slack="2147483647"/>
</pin_list>
<bind>
<StgValue><ssdm name="_ssdm_op_SpecPipeline"/></StgValue>
</bind>
</comp>

<comp id="78" class="1001" name="const_78">
<pin_list>
<pin id="79" dir="1" index="0" bw="1" slack="2147483647"/>
</pin_list>
<bind>
<StgValue><ssdm name="_ssdm_op_SpecLoopTripCount"/></StgValue>
</bind>
</comp>

<comp id="80" class="1001" name="const_80">
<pin_list>
<pin id="81" dir="1" index="0" bw="1" slack="2147483647"/>
</pin_list>
<bind>
<StgValue><ssdm name=""/></StgValue>
</bind>
</comp>

<comp id="82" class="1001" name="const_82">
<pin_list>
<pin id="83" dir="1" index="0" bw="1" slack="2147483647"/>
</pin_list>
<bind>
<StgValue><ssdm name="_ssdm_op_SpecLoopName"/></StgValue>
</bind>
</comp>

<comp id="84" class="1001" name="const_84">
<pin_list>
<pin id="85" dir="1" index="0" bw="1" slack="2147483647"/>
</pin_list>
<bind>
<StgValue><ssdm name="empty_25"/></StgValue>
</bind>
</comp>

<comp id="86" class="1001" name="const_86">
<pin_list>
<pin id="87" dir="1" index="0" bw="1" slack="0"/>
</pin_list>
<bind>
<StgValue><ssdm name=""/></StgValue>
</bind>
</comp>

<comp id="88" class="1004" name="kci_fu_88">
<pin_list>
<pin id="89" dir="0" index="0" bw="1" slack="0"/>
<pin id="90" dir="1" index="1" bw="8" slack="0"/>
</pin_list>
<bind>
<opcode="alloca(26) " fcode="alloca"/>
<opset="kci/1 "/>
</bind>
</comp>

<comp id="92" class="1004" name="tc_read_read_fu_92">
<pin_list>
<pin id="93" dir="0" index="0" bw="3" slack="0"/>
<pin id="94" dir="0" index="1" bw="3" slack="0"/>
<pin id="95" dir="1" index="2" bw="3" slack="2"/>
</pin_list>
<bind>
<opcode="read(1150) " fcode="read"/>
<opset="tc_read/1 "/>
</bind>
</comp>

<comp id="98" class="1004" name="sext_ln93_read_read_fu_98">
<pin_list>
<pin id="99" dir="0" index="0" bw="59" slack="0"/>
<pin id="100" dir="0" index="1" bw="59" slack="0"/>
<pin id="101" dir="1" index="2" bw="59" slack="0"/>
</pin_list>
<bind>
<opcode="read(1150) " fcode="read"/>
<opset="sext_ln93_read/1 "/>
</bind>
</comp>

<comp id="104" class="1004" name="gmem_weight_addr_read_read_fu_104">
<pin_list>
<pin id="105" dir="0" index="0" bw="256" slack="0"/>
<pin id="106" dir="0" index="1" bw="256" slack="0"/>
<pin id="107" dir="1" index="2" bw="256" slack="1"/>
</pin_list>
<bind>
<opcode="read(1150) " fcode="read"/>
<opset="gmem_weight_addr_read/2 "/>
</bind>
</comp>

<comp id="109" class="1004" name="w_local_addr_gep_fu_109">
<pin_list>
<pin id="110" dir="0" index="0" bw="256" slack="0"/>
<pin id="111" dir="0" index="1" bw="1" slack="0"/>
<pin id="112" dir="0" index="2" bw="8" slack="0"/>
<pin id="113" dir="1" index="3" bw="8" slack="0"/>
</pin_list>
<bind>
<opcode="getelementptr(29) " fcode="getelementptr"/>
<opset="w_local_addr/3 "/>
</bind>
</comp>

<comp id="116" class="1004" name="w_local_1_addr_gep_fu_116">
<pin_list>
<pin id="117" dir="0" index="0" bw="256" slack="0"/>
<pin id="118" dir="0" index="1" bw="1" slack="0"/>
<pin id="119" dir="0" index="2" bw="8" slack="0"/>
<pin id="120" dir="1" index="3" bw="8" slack="0"/>
</pin_list>
<bind>
<opcode="getelementptr(29) " fcode="getelementptr"/>
<opset="w_local_1_addr/3 "/>
</bind>
</comp>

<comp id="123" class="1004" name="w_local_2_addr_gep_fu_123">
<pin_list>
<pin id="124" dir="0" index="0" bw="256" slack="0"/>
<pin id="125" dir="0" index="1" bw="1" slack="0"/>
<pin id="126" dir="0" index="2" bw="8" slack="0"/>
<pin id="127" dir="1" index="3" bw="8" slack="0"/>
</pin_list>
<bind>
<opcode="getelementptr(29) " fcode="getelementptr"/>
<opset="w_local_2_addr/3 "/>
</bind>
</comp>

<comp id="130" class="1004" name="w_local_3_addr_gep_fu_130">
<pin_list>
<pin id="131" dir="0" index="0" bw="256" slack="0"/>
<pin id="132" dir="0" index="1" bw="1" slack="0"/>
<pin id="133" dir="0" index="2" bw="8" slack="0"/>
<pin id="134" dir="1" index="3" bw="8" slack="0"/>
</pin_list>
<bind>
<opcode="getelementptr(29) " fcode="getelementptr"/>
<opset="w_local_3_addr/3 "/>
</bind>
</comp>

<comp id="137" class="1004" name="w_local_4_addr_gep_fu_137">
<pin_list>
<pin id="138" dir="0" index="0" bw="256" slack="0"/>
<pin id="139" dir="0" index="1" bw="1" slack="0"/>
<pin id="140" dir="0" index="2" bw="8" slack="0"/>
<pin id="141" dir="1" index="3" bw="8" slack="0"/>
</pin_list>
<bind>
<opcode="getelementptr(29) " fcode="getelementptr"/>
<opset="w_local_4_addr/3 "/>
</bind>
</comp>

<comp id="144" class="1004" name="w_local_5_addr_gep_fu_144">
<pin_list>
<pin id="145" dir="0" index="0" bw="256" slack="0"/>
<pin id="146" dir="0" index="1" bw="1" slack="0"/>
<pin id="147" dir="0" index="2" bw="8" slack="0"/>
<pin id="148" dir="1" index="3" bw="8" slack="0"/>
</pin_list>
<bind>
<opcode="getelementptr(29) " fcode="getelementptr"/>
<opset="w_local_5_addr/3 "/>
</bind>
</comp>

<comp id="151" class="1004" name="w_local_6_addr_gep_fu_151">
<pin_list>
<pin id="152" dir="0" index="0" bw="256" slack="0"/>
<pin id="153" dir="0" index="1" bw="1" slack="0"/>
<pin id="154" dir="0" index="2" bw="8" slack="0"/>
<pin id="155" dir="1" index="3" bw="8" slack="0"/>
</pin_list>
<bind>
<opcode="getelementptr(29) " fcode="getelementptr"/>
<opset="w_local_6_addr/3 "/>
</bind>
</comp>

<comp id="158" class="1004" name="w_local_7_addr_gep_fu_158">
<pin_list>
<pin id="159" dir="0" index="0" bw="256" slack="0"/>
<pin id="160" dir="0" index="1" bw="1" slack="0"/>
<pin id="161" dir="0" index="2" bw="8" slack="0"/>
<pin id="162" dir="1" index="3" bw="8" slack="0"/>
</pin_list>
<bind>
<opcode="getelementptr(29) " fcode="getelementptr"/>
<opset="w_local_7_addr/3 "/>
</bind>
</comp>

<comp id="165" class="1004" name="store_ln95_access_fu_165">
<pin_list>
<pin id="166" dir="0" index="0" bw="8" slack="0"/>
<pin id="167" dir="0" index="1" bw="256" slack="1"/>
<pin id="168" dir="0" index="2" bw="0" slack="2147483647"/>
<pin id="169" dir="1" index="3" bw="256" slack="2147483647"/>
</pin_list>
<bind>
<opcode="store(28) " fcode="store"/>
<opset="store_ln95/3 "/>
</bind>
</comp>

<comp id="171" class="1004" name="store_ln95_access_fu_171">
<pin_list>
<pin id="172" dir="0" index="0" bw="8" slack="0"/>
<pin id="173" dir="0" index="1" bw="256" slack="1"/>
<pin id="174" dir="0" index="2" bw="0" slack="2147483647"/>
<pin id="175" dir="1" index="3" bw="256" slack="2147483647"/>
</pin_list>
<bind>
<opcode="store(28) " fcode="store"/>
<opset="store_ln95/3 "/>
</bind>
</comp>

<comp id="177" class="1004" name="store_ln95_access_fu_177">
<pin_list>
<pin id="178" dir="0" index="0" bw="8" slack="0"/>
<pin id="179" dir="0" index="1" bw="256" slack="1"/>
<pin id="180" dir="0" index="2" bw="0" slack="2147483647"/>
<pin id="181" dir="1" index="3" bw="256" slack="2147483647"/>
</pin_list>
<bind>
<opcode="store(28) " fcode="store"/>
<opset="store_ln95/3 "/>
</bind>
</comp>

<comp id="183" class="1004" name="store_ln95_access_fu_183">
<pin_list>
<pin id="184" dir="0" index="0" bw="8" slack="0"/>
<pin id="185" dir="0" index="1" bw="256" slack="1"/>
<pin id="186" dir="0" index="2" bw="0" slack="2147483647"/>
<pin id="187" dir="1" index="3" bw="256" slack="2147483647"/>
</pin_list>
<bind>
<opcode="store(28) " fcode="store"/>
<opset="store_ln95/3 "/>
</bind>
</comp>

<comp id="189" class="1004" name="store_ln95_access_fu_189">
<pin_list>
<pin id="190" dir="0" index="0" bw="8" slack="0"/>
<pin id="191" dir="0" index="1" bw="256" slack="1"/>
<pin id="192" dir="0" index="2" bw="0" slack="2147483647"/>
<pin id="193" dir="1" index="3" bw="256" slack="2147483647"/>
</pin_list>
<bind>
<opcode="store(28) " fcode="store"/>
<opset="store_ln95/3 "/>
</bind>
</comp>

<comp id="195" class="1004" name="store_ln95_access_fu_195">
<pin_list>
<pin id="196" dir="0" index="0" bw="8" slack="0"/>
<pin id="197" dir="0" index="1" bw="256" slack="1"/>
<pin id="198" dir="0" index="2" bw="0" slack="2147483647"/>
<pin id="199" dir="1" index="3" bw="256" slack="2147483647"/>
</pin_list>
<bind>
<opcode="store(28) " fcode="store"/>
<opset="store_ln95/3 "/>
</bind>
</comp>

<comp id="201" class="1004" name="store_ln95_access_fu_201">
<pin_list>
<pin id="202" dir="0" index="0" bw="8" slack="0"/>
<pin id="203" dir="0" index="1" bw="256" slack="1"/>
<pin id="204" dir="0" index="2" bw="0" slack="2147483647"/>
<pin id="205" dir="1" index="3" bw="256" slack="2147483647"/>
</pin_list>
<bind>
<opcode="store(28) " fcode="store"/>
<opset="store_ln95/3 "/>
</bind>
</comp>

<comp id="207" class="1004" name="store_ln95_access_fu_207">
<pin_list>
<pin id="208" dir="0" index="0" bw="8" slack="0"/>
<pin id="209" dir="0" index="1" bw="256" slack="1"/>
<pin id="210" dir="0" index="2" bw="0" slack="2147483647"/>
<pin id="211" dir="1" index="3" bw="256" slack="2147483647"/>
</pin_list>
<bind>
<opcode="store(28) " fcode="store"/>
<opset="store_ln95/3 "/>
</bind>
</comp>

<comp id="213" class="1004" name="sext_ln93_cast_fu_213">
<pin_list>
<pin id="214" dir="0" index="0" bw="59" slack="0"/>
<pin id="215" dir="1" index="1" bw="64" slack="1"/>
</pin_list>
<bind>
<opcode="sext(35) " fcode="sext"/>
<opset="sext_ln93_cast/1 "/>
</bind>
</comp>

<comp id="217" class="1004" name="store_ln93_store_fu_217">
<pin_list>
<pin id="218" dir="0" index="0" bw="1" slack="0"/>
<pin id="219" dir="0" index="1" bw="8" slack="0"/>
<pin id="220" dir="1" index="2" bw="0" slack="2147483647"/>
</pin_list>
<bind>
<opcode="store(28) " fcode="store"/>
<opset="store_ln93/1 "/>
</bind>
</comp>

<comp id="222" class="1004" name="kci_1_load_fu_222">
<pin_list>
<pin id="223" dir="0" index="0" bw="8" slack="0"/>
<pin id="224" dir="1" index="1" bw="8" slack="0"/>
</pin_list>
<bind>
<opcode="load(27) " fcode="load"/>
<opset="kci_1/1 "/>
</bind>
</comp>

<comp id="225" class="1004" name="icmp_ln93_fu_225">
<pin_list>
<pin id="226" dir="0" index="0" bw="8" slack="0"/>
<pin id="227" dir="0" index="1" bw="8" slack="0"/>
<pin id="228" dir="1" index="2" bw="1" slack="1"/>
</pin_list>
<bind>
<opcode="icmp(45) " fcode="icmp"/>
<opset="icmp_ln93/1 "/>
</bind>
</comp>

<comp id="231" class="1004" name="add_ln93_fu_231">
<pin_list>
<pin id="232" dir="0" index="0" bw="8" slack="0"/>
<pin id="233" dir="0" index="1" bw="1" slack="0"/>
<pin id="234" dir="1" index="2" bw="8" slack="0"/>
</pin_list>
<bind>
<opcode="add(8) " fcode="add"/>
<opset="add_ln93/1 "/>
</bind>
</comp>

<comp id="237" class="1004" name="store_ln93_store_fu_237">
<pin_list>
<pin id="238" dir="0" index="0" bw="8" slack="0"/>
<pin id="239" dir="0" index="1" bw="8" slack="0"/>
<pin id="240" dir="1" index="2" bw="0" slack="2147483647"/>
</pin_list>
<bind>
<opcode="store(28) " fcode="store"/>
<opset="store_ln93/1 "/>
</bind>
</comp>

<comp id="242" class="1004" name="gmem_weight_addr_fu_242">
<pin_list>
<pin id="243" dir="0" index="0" bw="256" slack="0"/>
<pin id="244" dir="0" index="1" bw="59" slack="1"/>
<pin id="245" dir="1" index="2" bw="256" slack="0"/>
</pin_list>
<bind>
<opcode="getelementptr(29) " fcode="getelementptr"/>
<opset="gmem_weight_addr/2 "/>
</bind>
</comp>

<comp id="248" class="1004" name="zext_ln93_fu_248">
<pin_list>
<pin id="249" dir="0" index="0" bw="8" slack="2"/>
<pin id="250" dir="1" index="1" bw="64" slack="0"/>
</pin_list>
<bind>
<opcode="zext(34) " fcode="zext"/>
<opset="zext_ln93/3 "/>
</bind>
</comp>

<comp id="259" class="1005" name="kci_reg_259">
<pin_list>
<pin id="260" dir="0" index="0" bw="8" slack="0"/>
<pin id="261" dir="1" index="1" bw="8" slack="0"/>
</pin_list>
<bind>
<opset="kci "/>
</bind>
</comp>

<comp id="266" class="1005" name="tc_read_reg_266">
<pin_list>
<pin id="267" dir="0" index="0" bw="3" slack="2"/>
<pin id="268" dir="1" index="1" bw="3" slack="2147483647"/>
</pin_list>
<bind>
<opset="tc_read "/>
</bind>
</comp>

<comp id="270" class="1005" name="sext_ln93_cast_reg_270">
<pin_list>
<pin id="271" dir="0" index="0" bw="64" slack="1"/>
<pin id="272" dir="1" index="1" bw="64" slack="1"/>
</pin_list>
<bind>
<opset="sext_ln93_cast "/>
</bind>
</comp>

<comp id="275" class="1005" name="kci_1_reg_275">
<pin_list>
<pin id="276" dir="0" index="0" bw="8" slack="2"/>
<pin id="277" dir="1" index="1" bw="8" slack="2"/>
</pin_list>
<bind>
<opset="kci_1 "/>
</bind>
</comp>

<comp id="280" class="1005" name="icmp_ln93_reg_280">
<pin_list>
<pin id="281" dir="0" index="0" bw="1" slack="1"/>
<pin id="282" dir="1" index="1" bw="1" slack="2147483647"/>
</pin_list>
<bind>
<opset="icmp_ln93 "/>
</bind>
</comp>

<comp id="284" class="1005" name="gmem_weight_addr_read_reg_284">
<pin_list>
<pin id="285" dir="0" index="0" bw="256" slack="1"/>
<pin id="286" dir="1" index="1" bw="256" slack="1"/>
</pin_list>
<bind>
<opset="gmem_weight_addr_read "/>
</bind>
</comp>

</comp_list>

<net_list>
<net id="91"><net_src comp="22" pin="0"/><net_sink comp="88" pin=0"/></net>

<net id="96"><net_src comp="24" pin="0"/><net_sink comp="92" pin=0"/></net>

<net id="97"><net_src comp="20" pin="0"/><net_sink comp="92" pin=1"/></net>

<net id="102"><net_src comp="26" pin="0"/><net_sink comp="98" pin=0"/></net>

<net id="103"><net_src comp="2" pin="0"/><net_sink comp="98" pin=1"/></net>

<net id="108"><net_src comp="74" pin="0"/><net_sink comp="104" pin=0"/></net>

<net id="114"><net_src comp="18" pin="0"/><net_sink comp="109" pin=0"/></net>

<net id="115"><net_src comp="86" pin="0"/><net_sink comp="109" pin=1"/></net>

<net id="121"><net_src comp="16" pin="0"/><net_sink comp="116" pin=0"/></net>

<net id="122"><net_src comp="86" pin="0"/><net_sink comp="116" pin=1"/></net>

<net id="128"><net_src comp="14" pin="0"/><net_sink comp="123" pin=0"/></net>

<net id="129"><net_src comp="86" pin="0"/><net_sink comp="123" pin=1"/></net>

<net id="135"><net_src comp="12" pin="0"/><net_sink comp="130" pin=0"/></net>

<net id="136"><net_src comp="86" pin="0"/><net_sink comp="130" pin=1"/></net>

<net id="142"><net_src comp="10" pin="0"/><net_sink comp="137" pin=0"/></net>

<net id="143"><net_src comp="86" pin="0"/><net_sink comp="137" pin=1"/></net>

<net id="149"><net_src comp="8" pin="0"/><net_sink comp="144" pin=0"/></net>

<net id="150"><net_src comp="86" pin="0"/><net_sink comp="144" pin=1"/></net>

<net id="156"><net_src comp="6" pin="0"/><net_sink comp="151" pin=0"/></net>

<net id="157"><net_src comp="86" pin="0"/><net_sink comp="151" pin=1"/></net>

<net id="163"><net_src comp="4" pin="0"/><net_sink comp="158" pin=0"/></net>

<net id="164"><net_src comp="86" pin="0"/><net_sink comp="158" pin=1"/></net>

<net id="170"><net_src comp="151" pin="3"/><net_sink comp="165" pin=0"/></net>

<net id="176"><net_src comp="144" pin="3"/><net_sink comp="171" pin=0"/></net>

<net id="182"><net_src comp="137" pin="3"/><net_sink comp="177" pin=0"/></net>

<net id="188"><net_src comp="130" pin="3"/><net_sink comp="183" pin=0"/></net>

<net id="194"><net_src comp="123" pin="3"/><net_sink comp="189" pin=0"/></net>

<net id="200"><net_src comp="116" pin="3"/><net_sink comp="195" pin=0"/></net>

<net id="206"><net_src comp="109" pin="3"/><net_sink comp="201" pin=0"/></net>

<net id="212"><net_src comp="158" pin="3"/><net_sink comp="207" pin=0"/></net>

<net id="216"><net_src comp="98" pin="2"/><net_sink comp="213" pin=0"/></net>

<net id="221"><net_src comp="54" pin="0"/><net_sink comp="217" pin=0"/></net>

<net id="229"><net_src comp="222" pin="1"/><net_sink comp="225" pin=0"/></net>

<net id="230"><net_src comp="56" pin="0"/><net_sink comp="225" pin=1"/></net>

<net id="235"><net_src comp="222" pin="1"/><net_sink comp="231" pin=0"/></net>

<net id="236"><net_src comp="58" pin="0"/><net_sink comp="231" pin=1"/></net>

<net id="241"><net_src comp="231" pin="2"/><net_sink comp="237" pin=0"/></net>

<net id="246"><net_src comp="0" pin="0"/><net_sink comp="242" pin=0"/></net>

<net id="247"><net_src comp="242" pin="2"/><net_sink comp="104" pin=1"/></net>

<net id="251"><net_src comp="248" pin="1"/><net_sink comp="109" pin=2"/></net>

<net id="252"><net_src comp="248" pin="1"/><net_sink comp="116" pin=2"/></net>

<net id="253"><net_src comp="248" pin="1"/><net_sink comp="123" pin=2"/></net>

<net id="254"><net_src comp="248" pin="1"/><net_sink comp="130" pin=2"/></net>

<net id="255"><net_src comp="248" pin="1"/><net_sink comp="137" pin=2"/></net>

<net id="256"><net_src comp="248" pin="1"/><net_sink comp="144" pin=2"/></net>

<net id="257"><net_src comp="248" pin="1"/><net_sink comp="151" pin=2"/></net>

<net id="258"><net_src comp="248" pin="1"/><net_sink comp="158" pin=2"/></net>

<net id="262"><net_src comp="88" pin="1"/><net_sink comp="259" pin=0"/></net>

<net id="263"><net_src comp="259" pin="1"/><net_sink comp="217" pin=1"/></net>

<net id="264"><net_src comp="259" pin="1"/><net_sink comp="222" pin=0"/></net>

<net id="265"><net_src comp="259" pin="1"/><net_sink comp="237" pin=1"/></net>

<net id="269"><net_src comp="92" pin="2"/><net_sink comp="266" pin=0"/></net>

<net id="273"><net_src comp="213" pin="1"/><net_sink comp="270" pin=0"/></net>

<net id="274"><net_src comp="270" pin="1"/><net_sink comp="242" pin=1"/></net>

<net id="278"><net_src comp="222" pin="1"/><net_sink comp="275" pin=0"/></net>

<net id="279"><net_src comp="275" pin="1"/><net_sink comp="248" pin=0"/></net>

<net id="283"><net_src comp="225" pin="2"/><net_sink comp="280" pin=0"/></net>

<net id="287"><net_src comp="104" pin="2"/><net_sink comp="284" pin=0"/></net>

<net id="288"><net_src comp="284" pin="1"/><net_sink comp="165" pin=1"/></net>

<net id="289"><net_src comp="284" pin="1"/><net_sink comp="171" pin=1"/></net>

<net id="290"><net_src comp="284" pin="1"/><net_sink comp="177" pin=1"/></net>

<net id="291"><net_src comp="284" pin="1"/><net_sink comp="183" pin=1"/></net>

<net id="292"><net_src comp="284" pin="1"/><net_sink comp="189" pin=1"/></net>

<net id="293"><net_src comp="284" pin="1"/><net_sink comp="195" pin=1"/></net>

<net id="294"><net_src comp="284" pin="1"/><net_sink comp="201" pin=1"/></net>

<net id="295"><net_src comp="284" pin="1"/><net_sink comp="207" pin=1"/></net>

</net_list>

</model> 
---------------- Datapath Model END ------------------

* FSMD analyzer results:
  - Output states:
	Port: w_local_7 | {3 }
	Port: w_local_6 | {3 }
	Port: w_local_5 | {3 }
	Port: w_local_4 | {3 }
	Port: w_local_3 | {3 }
	Port: w_local_2 | {3 }
	Port: w_local_1 | {3 }
	Port: w_local | {3 }
 - Input state : 
	Port: UpConv_Fused_Row<8, 64, 64, 240, 120>_Pipeline_W_FLAT : gmem_weight | {2 }
	Port: UpConv_Fused_Row<8, 64, 64, 240, 120>_Pipeline_W_FLAT : sext_ln93 | {1 }
	Port: UpConv_Fused_Row<8, 64, 64, 240, 120>_Pipeline_W_FLAT : tc | {1 }
  - Chain level:
	State 1
		store_ln93 : 1
		kci_1 : 1
		icmp_ln93 : 2
		add_ln93 : 2
		br_ln93 : 3
		store_ln93 : 3
	State 2
		gmem_weight_addr_read : 1
	State 3
		w_local_addr : 1
		w_local_1_addr : 1
		w_local_2_addr : 1
		w_local_3_addr : 1
		w_local_4_addr : 1
		w_local_5_addr : 1
		w_local_6_addr : 1
		w_local_7_addr : 1
		store_ln95 : 2
		store_ln95 : 2
		store_ln95 : 2
		store_ln95 : 2
		store_ln95 : 2
		store_ln95 : 2
		store_ln95 : 2
		store_ln95 : 2


============================================================
+ Verbose Summary: Datapath Resource usage 
============================================================

* Functional unit list:
|----------|-----------------------------------|---------|---------|
| Operation|          Functional Unit          |    FF   |   LUT   |
|----------|-----------------------------------|---------|---------|
|   icmp   |          icmp_ln93_fu_225         |    0    |    15   |
|----------|-----------------------------------|---------|---------|
|    add   |          add_ln93_fu_231          |    0    |    15   |
|----------|-----------------------------------|---------|---------|
|          |         tc_read_read_fu_92        |    0    |    0    |
|   read   |     sext_ln93_read_read_fu_98     |    0    |    0    |
|          | gmem_weight_addr_read_read_fu_104 |    0    |    0    |
|----------|-----------------------------------|---------|---------|
|   sext   |       sext_ln93_cast_fu_213       |    0    |    0    |
|----------|-----------------------------------|---------|---------|
|   zext   |          zext_ln93_fu_248         |    0    |    0    |
|----------|-----------------------------------|---------|---------|
|   Total  |                                   |    0    |    30   |
|----------|-----------------------------------|---------|---------|

Memories:
N/A

* Register list:
+-----------------------------+--------+
|                             |   FF   |
+-----------------------------+--------+
|gmem_weight_addr_read_reg_284|   256  |
|      icmp_ln93_reg_280      |    1   |
|        kci_1_reg_275        |    8   |
|         kci_reg_259         |    8   |
|    sext_ln93_cast_reg_270   |   64   |
|       tc_read_reg_266       |    3   |
+-----------------------------+--------+
|            Total            |   340  |
+-----------------------------+--------+

* Multiplexer (MUX) list: 
|--------|------|------|------|--------|
|  Comp  |  Pin | Size |  BW  | S x BW |
|--------|------|------|------|--------|
|  Total |      |      |      |    0   |
|--------|------|------|------|--------|



* Summary:
+-----------+--------+--------+
|           |   FF   |   LUT  |
+-----------+--------+--------+
|  Function |    0   |   30   |
|   Memory  |    -   |    -   |
|Multiplexer|    -   |    -   |
|  Register |   340  |    -   |
+-----------+--------+--------+
|   Total   |   340  |   30   |
+-----------+--------+--------+
