

================================================================
== Vitis HLS Report for 'UpConv_Fused_Row_8_64_64_240_120_Pipeline_W_FLAT'
================================================================
* Date:           Tue Jun  2 22:29:38 2026

* Version:        2024.2 (Build 5238294 on Nov  8 2024)
* Project:        upconv_core_top_ucb2
* Solution:       hls (Vivado IP Flow Target)
* Product family: zynquplus
* Target device:  xczu7ev-ffvc1156-2-e


================================================================
== Performance Estimates
================================================================
+ Timing: 
    * Summary: 
    +--------+---------+----------+------------+
    |  Clock |  Target | Estimated| Uncertainty|
    +--------+---------+----------+------------+
    |ap_clk  |  3.33 ns|  2.433 ns|     0.90 ns|
    +--------+---------+----------+------------+

+ Latency: 
    * Summary: 
    +---------+---------+----------+----------+-----+-----+------------------------------------------------+
    |  Latency (cycles) |  Latency (absolute) |  Interval |                    Pipeline                    |
    |   min   |   max   |    min   |    max   | min | max |                      Type                      |
    +---------+---------+----------+----------+-----+-----+------------------------------------------------+
    |      138|      138|  0.460 us|  0.460 us|  136|  136|  loop auto-rewind stp (delay=0 clock cycles(s))|
    +---------+---------+----------+----------+-----+-----+------------------------------------------------+

    + Detail: 
        * Instance: 
        N/A

        * Loop: 
        +----------+---------+---------+----------+-----------+-----------+------+----------+
        |          |  Latency (cycles) | Iteration|  Initiation Interval  | Trip |          |
        | Loop Name|   min   |   max   |  Latency |  achieved |   target  | Count| Pipelined|
        +----------+---------+---------+----------+-----------+-----------+------+----------+
        |- W_FLAT  |      136|      136|         3|          1|          1|   135|       yes|
        +----------+---------+---------+----------+-----------+-----------+------+----------+

============================================================
+ Verbose Summary: Synthesis Manager
============================================================
InlineROM: 1
ExposeGlobal: 0
============================================================
+ Verbose Summary: CDFG Model
============================================================
IsTopModel: 0
ResetActiveHigh: 1
IsCombinational: 0
IsDatapathOnly: 0
HasWiredReturn: 1
HasMFsm: 2
HasVarLatency: 1
IsPipeline: 0
IsRtlPipelined: 0
IsInstanceOverlapped: 0
IsDontTouch: 0
HasImplIP: 0
IsGatedGlobalClock: 0

+ Individual pipeline summary: 
  * Pipeline-0: initiation interval (II) = 1, depth = 3


============================================================
+ Verbose Summary: Schedule
============================================================
* Number of FSM states : 3
* Pipeline : 1
  Pipeline-0 : II = 1, D = 3, States = { 1 2 3 }
* Dataflow Pipeline: 0

* FSM state transitions: 
1 --> 2 
2 --> 3 
3 --> 

* FSM state operations: 

State 1 <SV = 0> <Delay = 1.61>
ST_1 : Operation 6 [1/1] (0.00ns)   --->   "%kci = alloca i32 1" [../gen/Hls_Layers_UpConv.tpp:93->../gen/Hls_Layers_UpConv.tpp:357]   --->   Operation 6 'alloca' 'kci' <Predicate = true> <Delay = 0.00>
ST_1 : Operation 7 [1/1] (0.00ns)   --->   "%tc_read = read i3 @_ssdm_op_Read.ap_auto.i3, i3 %tc"   --->   Operation 7 'read' 'tc_read' <Predicate = true> <Delay = 0.00>
ST_1 : Operation 8 [1/1] (0.00ns)   --->   "%sext_ln93_read = read i59 @_ssdm_op_Read.ap_auto.i59, i59 %sext_ln93"   --->   Operation 8 'read' 'sext_ln93_read' <Predicate = true> <Delay = 0.00>
ST_1 : Operation 9 [1/1] (0.00ns)   --->   "%sext_ln93_cast = sext i59 %sext_ln93_read"   --->   Operation 9 'sext' 'sext_ln93_cast' <Predicate = true> <Delay = 0.00>
ST_1 : Operation 10 [1/1] (0.00ns)   --->   "%specmemcore_ln0 = specmemcore void @_ssdm_op_SpecMemCore, i256 %w_local_7, i64 666, i64 30, i64 2"   --->   Operation 10 'specmemcore' 'specmemcore_ln0' <Predicate = true> <Delay = 0.00>
ST_1 : Operation 11 [1/1] (0.00ns)   --->   "%specmemcore_ln0 = specmemcore void @_ssdm_op_SpecMemCore, i256 %w_local_6, i64 666, i64 30, i64 2"   --->   Operation 11 'specmemcore' 'specmemcore_ln0' <Predicate = true> <Delay = 0.00>
ST_1 : Operation 12 [1/1] (0.00ns)   --->   "%specmemcore_ln0 = specmemcore void @_ssdm_op_SpecMemCore, i256 %w_local_5, i64 666, i64 30, i64 2"   --->   Operation 12 'specmemcore' 'specmemcore_ln0' <Predicate = true> <Delay = 0.00>
ST_1 : Operation 13 [1/1] (0.00ns)   --->   "%specmemcore_ln0 = specmemcore void @_ssdm_op_SpecMemCore, i256 %w_local_4, i64 666, i64 30, i64 2"   --->   Operation 13 'specmemcore' 'specmemcore_ln0' <Predicate = true> <Delay = 0.00>
ST_1 : Operation 14 [1/1] (0.00ns)   --->   "%specmemcore_ln0 = specmemcore void @_ssdm_op_SpecMemCore, i256 %w_local_3, i64 666, i64 30, i64 2"   --->   Operation 14 'specmemcore' 'specmemcore_ln0' <Predicate = true> <Delay = 0.00>
ST_1 : Operation 15 [1/1] (0.00ns)   --->   "%specmemcore_ln0 = specmemcore void @_ssdm_op_SpecMemCore, i256 %w_local_2, i64 666, i64 30, i64 2"   --->   Operation 15 'specmemcore' 'specmemcore_ln0' <Predicate = true> <Delay = 0.00>
ST_1 : Operation 16 [1/1] (0.00ns)   --->   "%specmemcore_ln0 = specmemcore void @_ssdm_op_SpecMemCore, i256 %w_local_1, i64 666, i64 30, i64 2"   --->   Operation 16 'specmemcore' 'specmemcore_ln0' <Predicate = true> <Delay = 0.00>
ST_1 : Operation 17 [1/1] (0.00ns)   --->   "%specmemcore_ln0 = specmemcore void @_ssdm_op_SpecMemCore, i256 %w_local, i64 666, i64 30, i64 2"   --->   Operation 17 'specmemcore' 'specmemcore_ln0' <Predicate = true> <Delay = 0.00>
ST_1 : Operation 18 [1/1] (0.00ns)   --->   "%specinterface_ln0 = specinterface void @_ssdm_op_SpecInterface, i256 %gmem_weight, void @empty_2, i32 0, i32 0, void @empty_1, i32 0, i32 0, void @empty_11, void @empty_13, void @empty_1, i32 16, i32 16, i32 64, i32 16, void @empty_1, void @empty_1, i32 4294967295, i32 0, i32 0"   --->   Operation 18 'specinterface' 'specinterface_ln0' <Predicate = true> <Delay = 0.00>
ST_1 : Operation 19 [1/1] (0.42ns)   --->   "%store_ln93 = store i8 0, i8 %kci" [../gen/Hls_Layers_UpConv.tpp:93->../gen/Hls_Layers_UpConv.tpp:357]   --->   Operation 19 'store' 'store_ln93' <Predicate = true> <Delay = 0.42>
ST_1 : Operation 20 [1/1] (0.00ns)   --->   "%br_ln93 = br void %for.body7.i" [../gen/Hls_Layers_UpConv.tpp:93->../gen/Hls_Layers_UpConv.tpp:357]   --->   Operation 20 'br' 'br_ln93' <Predicate = true> <Delay = 0.00>
ST_1 : Operation 21 [1/1] (0.00ns)   --->   "%kci_1 = load i8 %kci" [../gen/Hls_Layers_UpConv.tpp:93->../gen/Hls_Layers_UpConv.tpp:357]   --->   Operation 21 'load' 'kci_1' <Predicate = true> <Delay = 0.00>
ST_1 : Operation 22 [1/1] (0.76ns)   --->   "%icmp_ln93 = icmp_eq  i8 %kci_1, i8 135" [../gen/Hls_Layers_UpConv.tpp:93->../gen/Hls_Layers_UpConv.tpp:357]   --->   Operation 22 'icmp' 'icmp_ln93' <Predicate = true> <Delay = 0.76> <CoreInst = "Cmp">   --->   Core 9 'Cmp' <Latency = 0> <II = 1> <Delay = 0.76> <FuncUnit> <Opcode : 'seteq' 'setne' 'setle' 'setge' 'setlt' 'setgt'> <InPorts = 2> <OutPorts = 1>
ST_1 : Operation 23 [1/1] (0.76ns)   --->   "%add_ln93 = add i8 %kci_1, i8 1" [../gen/Hls_Layers_UpConv.tpp:93->../gen/Hls_Layers_UpConv.tpp:357]   --->   Operation 23 'add' 'add_ln93' <Predicate = true> <Delay = 0.76> <CoreInst = "Adder">   --->   Core 1 'Adder' <Latency = 0> <II = 1> <Delay = 0.76> <FuncUnit> <Opcode : 'add' 'sub'> <InPorts = 2> <OutPorts = 1>
ST_1 : Operation 24 [1/1] (0.00ns)   --->   "%br_ln93 = br i1 %icmp_ln93, void %for.body7.i.split, void %if.end.i65.loopexit.exitStub" [../gen/Hls_Layers_UpConv.tpp:93->../gen/Hls_Layers_UpConv.tpp:357]   --->   Operation 24 'br' 'br_ln93' <Predicate = true> <Delay = 0.00>
ST_1 : Operation 25 [1/1] (0.67ns)   --->   "%switch_ln95 = switch i3 %tc_read, void %arrayidx121.i.case.7, i3 0, void %arrayidx121.i.case.0, i3 1, void %arrayidx121.i.case.1, i3 2, void %arrayidx121.i.case.2, i3 3, void %arrayidx121.i.case.3, i3 4, void %arrayidx121.i.case.4, i3 5, void %arrayidx121.i.case.5, i3 6, void %arrayidx121.i.case.6" [../gen/Hls_Layers_UpConv.tpp:95->../gen/Hls_Layers_UpConv.tpp:357]   --->   Operation 25 'switch' 'switch_ln95' <Predicate = (!icmp_ln93)> <Delay = 0.67>
ST_1 : Operation 26 [1/1] (0.42ns)   --->   "%store_ln93 = store i8 %add_ln93, i8 %kci" [../gen/Hls_Layers_UpConv.tpp:93->../gen/Hls_Layers_UpConv.tpp:357]   --->   Operation 26 'store' 'store_ln93' <Predicate = (!icmp_ln93)> <Delay = 0.42>
ST_1 : Operation 27 [1/1] (0.00ns)   --->   "%br_ln93 = br void %for.body7.i" [../gen/Hls_Layers_UpConv.tpp:93->../gen/Hls_Layers_UpConv.tpp:357]   --->   Operation 27 'br' 'br_ln93' <Predicate = (!icmp_ln93)> <Delay = 0.00>

State 2 <SV = 1> <Delay = 2.43>
ST_2 : Operation 28 [1/1] (0.00ns)   --->   "%gmem_weight_addr = getelementptr i256 %gmem_weight, i64 %sext_ln93_cast" [../gen/Hls_Layers_UpConv.tpp:93->../gen/Hls_Layers_UpConv.tpp:357]   --->   Operation 28 'getelementptr' 'gmem_weight_addr' <Predicate = true> <Delay = 0.00>
ST_2 : Operation 29 [1/1] (2.43ns)   --->   "%gmem_weight_addr_read = read i256 @_ssdm_op_Read.m_axi.p1i256, i256 %gmem_weight_addr" [../gen/Hls_Layers_UpConv.tpp:95->../gen/Hls_Layers_UpConv.tpp:357]   --->   Operation 29 'read' 'gmem_weight_addr_read' <Predicate = true> <Delay = 2.43> <CoreInst = "m_axi">   --->   Core 119 'm_axi' <Latency = 3> <II = 1> <Delay = 1.00> <Adapter> <Opcode : 'read' 'write' 'readreq' 'writereq' 'writeresp'>
ST_2 : Operation 58 [1/1] (0.42ns)   --->   "%ret_ln0 = ret"   --->   Operation 58 'ret' 'ret_ln0' <Predicate = (icmp_ln93)> <Delay = 0.42>

State 3 <SV = 2> <Delay = 1.23>
ST_3 : Operation 30 [1/1] (0.00ns)   --->   "%zext_ln93 = zext i8 %kci_1" [../gen/Hls_Layers_UpConv.tpp:93->../gen/Hls_Layers_UpConv.tpp:357]   --->   Operation 30 'zext' 'zext_ln93' <Predicate = true> <Delay = 0.00>
ST_3 : Operation 31 [1/1] (0.00ns)   --->   "%specpipeline_ln94 = specpipeline void @_ssdm_op_SpecPipeline, i32 1, i32 0, i32 0, i32 0, void @empty_1" [../gen/Hls_Layers_UpConv.tpp:94->../gen/Hls_Layers_UpConv.tpp:357]   --->   Operation 31 'specpipeline' 'specpipeline_ln94' <Predicate = true> <Delay = 0.00>
ST_3 : Operation 32 [1/1] (0.00ns)   --->   "%speclooptripcount_ln93 = speclooptripcount void @_ssdm_op_SpecLoopTripCount, i64 135, i64 135, i64 135" [../gen/Hls_Layers_UpConv.tpp:93->../gen/Hls_Layers_UpConv.tpp:357]   --->   Operation 32 'speclooptripcount' 'speclooptripcount_ln93' <Predicate = true> <Delay = 0.00>
ST_3 : Operation 33 [1/1] (0.00ns)   --->   "%specloopname_ln93 = specloopname void @_ssdm_op_SpecLoopName, void @empty_25" [../gen/Hls_Layers_UpConv.tpp:93->../gen/Hls_Layers_UpConv.tpp:357]   --->   Operation 33 'specloopname' 'specloopname_ln93' <Predicate = true> <Delay = 0.00>
ST_3 : Operation 34 [1/1] (0.00ns)   --->   "%w_local_addr = getelementptr i256 %w_local, i64 0, i64 %zext_ln93" [../gen/Hls_Layers_UpConv.tpp:95->../gen/Hls_Layers_UpConv.tpp:357]   --->   Operation 34 'getelementptr' 'w_local_addr' <Predicate = true> <Delay = 0.00>
ST_3 : Operation 35 [1/1] (0.00ns)   --->   "%w_local_1_addr = getelementptr i256 %w_local_1, i64 0, i64 %zext_ln93" [../gen/Hls_Layers_UpConv.tpp:95->../gen/Hls_Layers_UpConv.tpp:357]   --->   Operation 35 'getelementptr' 'w_local_1_addr' <Predicate = true> <Delay = 0.00>
ST_3 : Operation 36 [1/1] (0.00ns)   --->   "%w_local_2_addr = getelementptr i256 %w_local_2, i64 0, i64 %zext_ln93" [../gen/Hls_Layers_UpConv.tpp:95->../gen/Hls_Layers_UpConv.tpp:357]   --->   Operation 36 'getelementptr' 'w_local_2_addr' <Predicate = true> <Delay = 0.00>
ST_3 : Operation 37 [1/1] (0.00ns)   --->   "%w_local_3_addr = getelementptr i256 %w_local_3, i64 0, i64 %zext_ln93" [../gen/Hls_Layers_UpConv.tpp:95->../gen/Hls_Layers_UpConv.tpp:357]   --->   Operation 37 'getelementptr' 'w_local_3_addr' <Predicate = true> <Delay = 0.00>
ST_3 : Operation 38 [1/1] (0.00ns)   --->   "%w_local_4_addr = getelementptr i256 %w_local_4, i64 0, i64 %zext_ln93" [../gen/Hls_Layers_UpConv.tpp:95->../gen/Hls_Layers_UpConv.tpp:357]   --->   Operation 38 'getelementptr' 'w_local_4_addr' <Predicate = true> <Delay = 0.00>
ST_3 : Operation 39 [1/1] (0.00ns)   --->   "%w_local_5_addr = getelementptr i256 %w_local_5, i64 0, i64 %zext_ln93" [../gen/Hls_Layers_UpConv.tpp:95->../gen/Hls_Layers_UpConv.tpp:357]   --->   Operation 39 'getelementptr' 'w_local_5_addr' <Predicate = true> <Delay = 0.00>
ST_3 : Operation 40 [1/1] (0.00ns)   --->   "%w_local_6_addr = getelementptr i256 %w_local_6, i64 0, i64 %zext_ln93" [../gen/Hls_Layers_UpConv.tpp:95->../gen/Hls_Layers_UpConv.tpp:357]   --->   Operation 40 'getelementptr' 'w_local_6_addr' <Predicate = true> <Delay = 0.00>
ST_3 : Operation 41 [1/1] (0.00ns)   --->   "%w_local_7_addr = getelementptr i256 %w_local_7, i64 0, i64 %zext_ln93" [../gen/Hls_Layers_UpConv.tpp:95->../gen/Hls_Layers_UpConv.tpp:357]   --->   Operation 41 'getelementptr' 'w_local_7_addr' <Predicate = true> <Delay = 0.00>
ST_3 : Operation 42 [1/1] ( I:1.23ns O:1.23ns )   --->   "%store_ln95 = store i256 %gmem_weight_addr_read, i8 %w_local_6_addr" [../gen/Hls_Layers_UpConv.tpp:95->../gen/Hls_Layers_UpConv.tpp:357]   --->   Operation 42 'store' 'store_ln95' <Predicate = (tc_read == 6)> <Delay = 1.23> <CoreInst = "RAM_T2P_BRAM">   --->   Core 98 'RAM_T2P_BRAM' <Latency = 2> <II = 1> <Delay = 1.23> <Storage> <Opcode : 'load' 'store'> <Ports = 2> <Width = 256> <Depth = 135> <RAM>
ST_3 : Operation 43 [1/1] (0.00ns)   --->   "%br_ln95 = br void %arrayidx121.i.exit" [../gen/Hls_Layers_UpConv.tpp:95->../gen/Hls_Layers_UpConv.tpp:357]   --->   Operation 43 'br' 'br_ln95' <Predicate = (tc_read == 6)> <Delay = 0.00>
ST_3 : Operation 44 [1/1] ( I:1.23ns O:1.23ns )   --->   "%store_ln95 = store i256 %gmem_weight_addr_read, i8 %w_local_5_addr" [../gen/Hls_Layers_UpConv.tpp:95->../gen/Hls_Layers_UpConv.tpp:357]   --->   Operation 44 'store' 'store_ln95' <Predicate = (tc_read == 5)> <Delay = 1.23> <CoreInst = "RAM_T2P_BRAM">   --->   Core 98 'RAM_T2P_BRAM' <Latency = 2> <II = 1> <Delay = 1.23> <Storage> <Opcode : 'load' 'store'> <Ports = 2> <Width = 256> <Depth = 135> <RAM>
ST_3 : Operation 45 [1/1] (0.00ns)   --->   "%br_ln95 = br void %arrayidx121.i.exit" [../gen/Hls_Layers_UpConv.tpp:95->../gen/Hls_Layers_UpConv.tpp:357]   --->   Operation 45 'br' 'br_ln95' <Predicate = (tc_read == 5)> <Delay = 0.00>
ST_3 : Operation 46 [1/1] ( I:1.23ns O:1.23ns )   --->   "%store_ln95 = store i256 %gmem_weight_addr_read, i8 %w_local_4_addr" [../gen/Hls_Layers_UpConv.tpp:95->../gen/Hls_Layers_UpConv.tpp:357]   --->   Operation 46 'store' 'store_ln95' <Predicate = (tc_read == 4)> <Delay = 1.23> <CoreInst = "RAM_T2P_BRAM">   --->   Core 98 'RAM_T2P_BRAM' <Latency = 2> <II = 1> <Delay = 1.23> <Storage> <Opcode : 'load' 'store'> <Ports = 2> <Width = 256> <Depth = 135> <RAM>
ST_3 : Operation 47 [1/1] (0.00ns)   --->   "%br_ln95 = br void %arrayidx121.i.exit" [../gen/Hls_Layers_UpConv.tpp:95->../gen/Hls_Layers_UpConv.tpp:357]   --->   Operation 47 'br' 'br_ln95' <Predicate = (tc_read == 4)> <Delay = 0.00>
ST_3 : Operation 48 [1/1] ( I:1.23ns O:1.23ns )   --->   "%store_ln95 = store i256 %gmem_weight_addr_read, i8 %w_local_3_addr" [../gen/Hls_Layers_UpConv.tpp:95->../gen/Hls_Layers_UpConv.tpp:357]   --->   Operation 48 'store' 'store_ln95' <Predicate = (tc_read == 3)> <Delay = 1.23> <CoreInst = "RAM_T2P_BRAM">   --->   Core 98 'RAM_T2P_BRAM' <Latency = 2> <II = 1> <Delay = 1.23> <Storage> <Opcode : 'load' 'store'> <Ports = 2> <Width = 256> <Depth = 135> <RAM>
ST_3 : Operation 49 [1/1] (0.00ns)   --->   "%br_ln95 = br void %arrayidx121.i.exit" [../gen/Hls_Layers_UpConv.tpp:95->../gen/Hls_Layers_UpConv.tpp:357]   --->   Operation 49 'br' 'br_ln95' <Predicate = (tc_read == 3)> <Delay = 0.00>
ST_3 : Operation 50 [1/1] ( I:1.23ns O:1.23ns )   --->   "%store_ln95 = store i256 %gmem_weight_addr_read, i8 %w_local_2_addr" [../gen/Hls_Layers_UpConv.tpp:95->../gen/Hls_Layers_UpConv.tpp:357]   --->   Operation 50 'store' 'store_ln95' <Predicate = (tc_read == 2)> <Delay = 1.23> <CoreInst = "RAM_T2P_BRAM">   --->   Core 98 'RAM_T2P_BRAM' <Latency = 2> <II = 1> <Delay = 1.23> <Storage> <Opcode : 'load' 'store'> <Ports = 2> <Width = 256> <Depth = 135> <RAM>
ST_3 : Operation 51 [1/1] (0.00ns)   --->   "%br_ln95 = br void %arrayidx121.i.exit" [../gen/Hls_Layers_UpConv.tpp:95->../gen/Hls_Layers_UpConv.tpp:357]   --->   Operation 51 'br' 'br_ln95' <Predicate = (tc_read == 2)> <Delay = 0.00>
ST_3 : Operation 52 [1/1] ( I:1.23ns O:1.23ns )   --->   "%store_ln95 = store i256 %gmem_weight_addr_read, i8 %w_local_1_addr" [../gen/Hls_Layers_UpConv.tpp:95->../gen/Hls_Layers_UpConv.tpp:357]   --->   Operation 52 'store' 'store_ln95' <Predicate = (tc_read == 1)> <Delay = 1.23> <CoreInst = "RAM_T2P_BRAM">   --->   Core 98 'RAM_T2P_BRAM' <Latency = 2> <II = 1> <Delay = 1.23> <Storage> <Opcode : 'load' 'store'> <Ports = 2> <Width = 256> <Depth = 135> <RAM>
ST_3 : Operation 53 [1/1] (0.00ns)   --->   "%br_ln95 = br void %arrayidx121.i.exit" [../gen/Hls_Layers_UpConv.tpp:95->../gen/Hls_Layers_UpConv.tpp:357]   --->   Operation 53 'br' 'br_ln95' <Predicate = (tc_read == 1)> <Delay = 0.00>
ST_3 : Operation 54 [1/1] ( I:1.23ns O:1.23ns )   --->   "%store_ln95 = store i256 %gmem_weight_addr_read, i8 %w_local_addr" [../gen/Hls_Layers_UpConv.tpp:95->../gen/Hls_Layers_UpConv.tpp:357]   --->   Operation 54 'store' 'store_ln95' <Predicate = (tc_read == 0)> <Delay = 1.23> <CoreInst = "RAM_T2P_BRAM">   --->   Core 98 'RAM_T2P_BRAM' <Latency = 2> <II = 1> <Delay = 1.23> <Storage> <Opcode : 'load' 'store'> <Ports = 2> <Width = 256> <Depth = 135> <RAM>
ST_3 : Operation 55 [1/1] (0.00ns)   --->   "%br_ln95 = br void %arrayidx121.i.exit" [../gen/Hls_Layers_UpConv.tpp:95->../gen/Hls_Layers_UpConv.tpp:357]   --->   Operation 55 'br' 'br_ln95' <Predicate = (tc_read == 0)> <Delay = 0.00>
ST_3 : Operation 56 [1/1] ( I:1.23ns O:1.23ns )   --->   "%store_ln95 = store i256 %gmem_weight_addr_read, i8 %w_local_7_addr" [../gen/Hls_Layers_UpConv.tpp:95->../gen/Hls_Layers_UpConv.tpp:357]   --->   Operation 56 'store' 'store_ln95' <Predicate = (tc_read == 7)> <Delay = 1.23> <CoreInst = "RAM_T2P_BRAM">   --->   Core 98 'RAM_T2P_BRAM' <Latency = 2> <II = 1> <Delay = 1.23> <Storage> <Opcode : 'load' 'store'> <Ports = 2> <Width = 256> <Depth = 135> <RAM>
ST_3 : Operation 57 [1/1] (0.00ns)   --->   "%br_ln95 = br void %arrayidx121.i.exit" [../gen/Hls_Layers_UpConv.tpp:95->../gen/Hls_Layers_UpConv.tpp:357]   --->   Operation 57 'br' 'br_ln95' <Predicate = (tc_read == 7)> <Delay = 0.00>


============================================================
+ Verbose Summary: Timing violations
============================================================
Target clock period: 3.333ns, clock uncertainty: 0.900ns.

 <State 1>: 1.619ns
The critical path consists of the following:
	'store' operation 0 bit ('store_ln93', ../gen/Hls_Layers_UpConv.tpp:93->../gen/Hls_Layers_UpConv.tpp:357) of constant 0 on local variable 'kci', ../gen/Hls_Layers_UpConv.tpp:93->../gen/Hls_Layers_UpConv.tpp:357 [25]  (0.427 ns)
	'load' operation 8 bit ('kci', ../gen/Hls_Layers_UpConv.tpp:93->../gen/Hls_Layers_UpConv.tpp:357) on local variable 'kci', ../gen/Hls_Layers_UpConv.tpp:93->../gen/Hls_Layers_UpConv.tpp:357 [28]  (0.000 ns)
	'icmp' operation 1 bit ('icmp_ln93', ../gen/Hls_Layers_UpConv.tpp:93->../gen/Hls_Layers_UpConv.tpp:357) [29]  (0.765 ns)
	'store' operation 0 bit ('store_ln93', ../gen/Hls_Layers_UpConv.tpp:93->../gen/Hls_Layers_UpConv.tpp:357) of variable 'add_ln93', ../gen/Hls_Layers_UpConv.tpp:93->../gen/Hls_Layers_UpConv.tpp:357 on local variable 'kci', ../gen/Hls_Layers_UpConv.tpp:93->../gen/Hls_Layers_UpConv.tpp:357 [73]  (0.427 ns)

 <State 2>: 2.433ns
The critical path consists of the following:
	'getelementptr' operation 256 bit ('gmem_weight_addr', ../gen/Hls_Layers_UpConv.tpp:93->../gen/Hls_Layers_UpConv.tpp:357) [33]  (0.000 ns)
	bus read operation ('gmem_weight_addr_read', ../gen/Hls_Layers_UpConv.tpp:95->../gen/Hls_Layers_UpConv.tpp:357) on port 'gmem_weight' (../gen/Hls_Layers_UpConv.tpp:95->../gen/Hls_Layers_UpConv.tpp:357) [46]  (2.433 ns)

 <State 3>: 1.237ns
The critical path consists of the following:
	'getelementptr' operation 8 bit ('w_local_4_addr', ../gen/Hls_Layers_UpConv.tpp:95->../gen/Hls_Layers_UpConv.tpp:357) [42]  (0.000 ns)
	'store' operation 0 bit ('store_ln95', ../gen/Hls_Layers_UpConv.tpp:95->../gen/Hls_Layers_UpConv.tpp:357) of variable 'gmem_weight_addr_read', ../gen/Hls_Layers_UpConv.tpp:95->../gen/Hls_Layers_UpConv.tpp:357 on array 'w_local_4' [55]  (1.237 ns)


============================================================
+ Verbose Summary: Binding
============================================================
N/A
* FSMD analyzer results:
  - Output states:
 - Input state : 
  - Chain level:
	State 1
	State 2
	State 3


============================================================
+ Verbose Summary: Datapath Resource usage 
============================================================
N/A
