  **** HLS Build v2024.2 5238294
INFO: [HLS 200-2005] Using work_dir /home/hoinguyen/Documents/Vitis/UpConv_HLS/upconv_block3/upconv_core_top_ucb3 
INFO: [HLS 200-1505] Using default flow_target 'vivado'
Resolution: For help on HLS 200-1505 see docs.xilinx.com/access/sources/dita/topic?Doc_Version=2024.2%20English&url=ug1448-hls-guidance&resourceid=200-1505.html
INFO: [HLS 200-1465] Applying ini 'syn.file=/home/hoinguyen/Documents/Vitis/UpConv_HLS/gen/upconv_core_top_ucb3.cpp' from /home/hoinguyen/Documents/Vitis/UpConv_HLS/upconv_block3/hls_config.cfg(8)
INFO: [HLS 200-10] Adding design file '/home/hoinguyen/Documents/Vitis/UpConv_HLS/gen/upconv_core_top_ucb3.cpp' to the project
INFO: [HLS 200-1465] Applying ini 'tb.file=/home/hoinguyen/Documents/Vitis/UpConv_HLS/test_ucb3.cpp' from /home/hoinguyen/Documents/Vitis/UpConv_HLS/upconv_block3/hls_config.cfg(9)
INFO: [HLS 200-10] Adding test bench file '/home/hoinguyen/Documents/Vitis/UpConv_HLS/test_ucb3.cpp' to the project
INFO: [HLS 200-1465] Applying ini 'syn.top=upconv_core_top_ucb3' from /home/hoinguyen/Documents/Vitis/UpConv_HLS/upconv_block3/hls_config.cfg(7)
INFO: [HLS 200-1465] Applying ini 'flow_target=vivado' from /home/hoinguyen/Documents/Vitis/UpConv_HLS/upconv_block3/hls_config.cfg(4)
INFO: [HLS 200-1505] Using flow_target 'vivado'
Resolution: For help on HLS 200-1505 see docs.xilinx.com/access/sources/dita/topic?Doc_Version=2024.2%20English&url=ug1448-hls-guidance&resourceid=200-1505.html
INFO: [HLS 200-1465] Applying ini 'part=xczu7ev-ffvc1156-2-e' from /home/hoinguyen/Documents/Vitis/UpConv_HLS/upconv_block3/hls_config.cfg(1)
INFO: [HLS 200-1611] Setting target device to 'xczu7ev-ffvc1156-2-e'
INFO: [HLS 200-1465] Applying ini 'clock=300MHz' from /home/hoinguyen/Documents/Vitis/UpConv_HLS/upconv_block3/hls_config.cfg(10)
INFO: [SYN 201-201] Setting up clock 'default' with a period of 3.333ns.
INFO: [HLS 200-1465] Applying ini 'package.output.format=ip_catalog' from /home/hoinguyen/Documents/Vitis/UpConv_HLS/upconv_block3/hls_config.cfg(5)
INFO: [HLS 200-111] Finished File checks and directory preparation: CPU user time: 1.9 seconds. CPU system time: 0.17 seconds. Elapsed time: 1.9 seconds; current allocated memory: 324.895 MB.
INFO: [HLS 200-10] Analyzing design file '../gen/upconv_core_top_ucb3.cpp' ... 
INFO: [HLS 200-111] Finished Source Code Analysis and Preprocessing: CPU user time: 11.68 seconds. CPU system time: 0.72 seconds. Elapsed time: 12.4 seconds; current allocated memory: 331.496 MB.
INFO: [HLS 200-777] Using interface defaults for 'Vivado' flow target.
INFO: [HLS 200-1995] There were 3,965 instructions in the design after the 'Compile/Link' phase of compilation. See the Design Size Report for more details: /home/hoinguyen/Documents/Vitis/UpConv_HLS/upconv_block3/upconv_core_top_ucb3/hls/syn/report/csynth_design_size.rpt
INFO: [HLS 200-1995] There were 7,829 instructions in the design after the 'Unroll/Inline (step 1)' phase of compilation. See the Design Size Report for more details: /home/hoinguyen/Documents/Vitis/UpConv_HLS/upconv_block3/upconv_core_top_ucb3/hls/syn/report/csynth_design_size.rpt
INFO: [HLS 200-1995] There were 6,245 instructions in the design after the 'Unroll/Inline (step 2)' phase of compilation. See the Design Size Report for more details: /home/hoinguyen/Documents/Vitis/UpConv_HLS/upconv_block3/upconv_core_top_ucb3/hls/syn/report/csynth_design_size.rpt
INFO: [HLS 200-1995] There were 6,088 instructions in the design after the 'Unroll/Inline (step 3)' phase of compilation. See the Design Size Report for more details: /home/hoinguyen/Documents/Vitis/UpConv_HLS/upconv_block3/upconv_core_top_ucb3/hls/syn/report/csynth_design_size.rpt
INFO: [HLS 200-1995] There were 6,007 instructions in the design after the 'Unroll/Inline (step 4)' phase of compilation. See the Design Size Report for more details: /home/hoinguyen/Documents/Vitis/UpConv_HLS/upconv_block3/upconv_core_top_ucb3/hls/syn/report/csynth_design_size.rpt
INFO: [HLS 200-1995] There were 12,743 instructions in the design after the 'Array/Struct (step 1)' phase of compilation. See the Design Size Report for more details: /home/hoinguyen/Documents/Vitis/UpConv_HLS/upconv_block3/upconv_core_top_ucb3/hls/syn/report/csynth_design_size.rpt
INFO: [HLS 200-1995] There were 8,434 instructions in the design after the 'Array/Struct (step 2)' phase of compilation. See the Design Size Report for more details: /home/hoinguyen/Documents/Vitis/UpConv_HLS/upconv_block3/upconv_core_top_ucb3/hls/syn/report/csynth_design_size.rpt
INFO: [HLS 200-1995] There were 8,434 instructions in the design after the 'Array/Struct (step 3)' phase of compilation. See the Design Size Report for more details: /home/hoinguyen/Documents/Vitis/UpConv_HLS/upconv_block3/upconv_core_top_ucb3/hls/syn/report/csynth_design_size.rpt
INFO: [HLS 200-1995] There were 8,414 instructions in the design after the 'Array/Struct (step 4)' phase of compilation. See the Design Size Report for more details: /home/hoinguyen/Documents/Vitis/UpConv_HLS/upconv_block3/upconv_core_top_ucb3/hls/syn/report/csynth_design_size.rpt
INFO: [HLS 200-1995] There were 8,401 instructions in the design after the 'Array/Struct (step 5)' phase of compilation. See the Design Size Report for more details: /home/hoinguyen/Documents/Vitis/UpConv_HLS/upconv_block3/upconv_core_top_ucb3/hls/syn/report/csynth_design_size.rpt
INFO: [HLS 200-1995] There were 8,401 instructions in the design after the 'Performance (step 1)' phase of compilation. See the Design Size Report for more details: /home/hoinguyen/Documents/Vitis/UpConv_HLS/upconv_block3/upconv_core_top_ucb3/hls/syn/report/csynth_design_size.rpt
INFO: [HLS 200-1995] There were 8,401 instructions in the design after the 'Performance (step 2)' phase of compilation. See the Design Size Report for more details: /home/hoinguyen/Documents/Vitis/UpConv_HLS/upconv_block3/upconv_core_top_ucb3/hls/syn/report/csynth_design_size.rpt
INFO: [HLS 200-1995] There were 8,393 instructions in the design after the 'Performance (step 3)' phase of compilation. See the Design Size Report for more details: /home/hoinguyen/Documents/Vitis/UpConv_HLS/upconv_block3/upconv_core_top_ucb3/hls/syn/report/csynth_design_size.rpt
INFO: [HLS 200-1995] There were 8,393 instructions in the design after the 'Performance (step 4)' phase of compilation. See the Design Size Report for more details: /home/hoinguyen/Documents/Vitis/UpConv_HLS/upconv_block3/upconv_core_top_ucb3/hls/syn/report/csynth_design_size.rpt
INFO: [HLS 200-1995] There were 8,455 instructions in the design after the 'HW Transforms (step 1)' phase of compilation. See the Design Size Report for more details: /home/hoinguyen/Documents/Vitis/UpConv_HLS/upconv_block3/upconv_core_top_ucb3/hls/syn/report/csynth_design_size.rpt
INFO: [HLS 200-1995] There were 7,906 instructions in the design after the 'HW Transforms (step 2)' phase of compilation. See the Design Size Report for more details: /home/hoinguyen/Documents/Vitis/UpConv_HLS/upconv_block3/upconv_core_top_ucb3/hls/syn/report/csynth_design_size.rpt
INFO: [HLS 214-131] Inlining function 'ap_uint<16> half_to_bits<half>(half)' into 'void UpConv_Fused_Row<8, 128, 128, 120, 60>(ap_uint<256>*, ap_uint<256> const*, ap_uint<256> const*, ap_uint<256> const*, ap_uint<256> const*, ap_uint<256>*, half, int)' (../gen/Hls_Layers_UpConv.tpp:291:45)
INFO: [HLS 214-131] Inlining function 'half bits_to_half<half>(ap_uint<16>)' into 'void UpConv_Fused_Row<8, 128, 128, 120, 60>(ap_uint<256>*, ap_uint<256> const*, ap_uint<256> const*, ap_uint<256> const*, ap_uint<256> const*, ap_uint<256>*, half, int)' (../gen/Hls_Layers_UpConv.tpp:288:25)
INFO: [HLS 214-131] Inlining function 'my_sqrt_f(float)' into 'void UpConv_Fused_Row<8, 128, 128, 120, 60>(ap_uint<256>*, ap_uint<256> const*, ap_uint<256> const*, ap_uint<256> const*, ap_uint<256> const*, ap_uint<256>*, half, int)' (../gen/Hls_Layers_UpConv.tpp:270:43)
INFO: [HLS 214-131] Inlining function 'void UpConv_Fused_Top<8, 128, 128, 120, 60>(ap_uint<256>*, ap_uint<256> const*, ap_uint<256> const*, ap_uint<256> const*, ap_uint<256> const*, ap_uint<256> const*, ap_uint<256>*, half)' into 'upconv_core_top_ucb3' (../gen/upconv_core_top_ucb3.cpp:41:2)
INFO: [HLS 214-291] Loop 'VITIS_LOOP_283_4' is marked as complete unroll implied by the pipeline pragma (../gen/Hls_Layers_UpConv.tpp:283:27)
INFO: [HLS 214-291] Loop 'VITIS_LOOP_262_3' is marked as complete unroll implied by the pipeline pragma (../gen/Hls_Layers_UpConv.tpp:262:31)
INFO: [HLS 214-291] Loop 'TC_MAC' is marked as complete unroll implied by the pipeline pragma (../gen/Hls_Layers_UpConv.tpp:177:29)
INFO: [HLS 214-291] Loop 'VITIS_LOOP_181_2' is marked as complete unroll implied by the pipeline pragma (../gen/Hls_Layers_UpConv.tpp:181:43)
INFO: [HLS 214-291] Loop 'ACC_WRITE' is marked as complete unroll implied by the pipeline pragma (../gen/Hls_Layers_UpConv.tpp:194:40)
INFO: [HLS 214-291] Loop 'VITIS_LOOP_118_1' is marked as complete unroll implied by the pipeline pragma (../gen/Hls_Layers_UpConv.tpp:118:20)
INFO: [HLS 214-186] Unrolling loop 'VITIS_LOOP_283_4' (../gen/Hls_Layers_UpConv.tpp:283:27) in function 'UpConv_Fused_Row<8, 128, 128, 120, 60>' completely with a factor of 16 (../gen/Hls_Layers_UpConv.tpp:88:0)
INFO: [HLS 214-186] Unrolling loop 'VITIS_LOOP_262_3' (../gen/Hls_Layers_UpConv.tpp:262:31) in function 'UpConv_Fused_Row<8, 128, 128, 120, 60>' completely with a factor of 8 (../gen/Hls_Layers_UpConv.tpp:88:0)
INFO: [HLS 214-186] Unrolling loop 'TC_MAC' (../gen/Hls_Layers_UpConv.tpp:177:29) in function 'UpConv_Fused_Row<8, 128, 128, 120, 60>' completely with a factor of 8 (../gen/Hls_Layers_UpConv.tpp:88:0)
INFO: [HLS 214-186] Unrolling loop 'VITIS_LOOP_181_2' (../gen/Hls_Layers_UpConv.tpp:181:43) in function 'UpConv_Fused_Row<8, 128, 128, 120, 60>' completely with a factor of 16 (../gen/Hls_Layers_UpConv.tpp:88:0)
INFO: [HLS 214-186] Unrolling loop 'ACC_WRITE' (../gen/Hls_Layers_UpConv.tpp:194:40) in function 'UpConv_Fused_Row<8, 128, 128, 120, 60>' completely with a factor of 8 (../gen/Hls_Layers_UpConv.tpp:88:0)
INFO: [HLS 214-186] Unrolling loop 'VITIS_LOOP_118_1' (../gen/Hls_Layers_UpConv.tpp:118:20) in function 'UpConv_Fused_Row<8, 128, 128, 120, 60>' completely with a factor of 16 (../gen/Hls_Layers_UpConv.tpp:88:0)
INFO: [HLS 214-178] Inlining function 'hls::sqrtf(float)' into 'void UpConv_Fused_Row<8, 128, 128, 120, 60>(ap_uint<256>*, ap_uint<256> const*, ap_uint<256> const*, ap_uint<256> const*, ap_uint<256> const*, ap_uint<256>*, half, int)' (../gen/Hls_Layers_UpConv.tpp:88:0)
INFO: [HLS 214-248] Applying array_partition to '_ZZ16UpConv_Fused_RowILi8ELi128ELi128ELi120ELi60EEvP7ap_uintILi256EEPKS1_S4_S4_S4_S2_DhiE7row_acc': Cyclic partitioning with factor 16 on dimension 2. (../gen/Hls_Layers_UpConv.tpp:106:0)
INFO: [HLS 214-248] Applying array_partition to 'w_local': Complete partitioning on dimension 1. (../gen/Hls_Layers_UpConv.tpp:128:16)
INFO: [HLS 214-248] Applying array_partition to 'psum': Complete partitioning on dimension 1. Complete partitioning on dimension 2. (../gen/Hls_Layers_UpConv.tpp:166:24)
INFO: [HLS 214-248] Applying array_partition to 'sum_rot': Complete partitioning on dimension 1. (../gen/Hls_Layers_UpConv.tpp:236:8)
INFO: [HLS 214-248] Applying array_partition to 'sumsq_rot': Complete partitioning on dimension 1. (../gen/Hls_Layers_UpConv.tpp:236:20)
INFO: [HLS 214-437] Automatically disabling loop flattening for loop 'ROW_LOOP'. (../gen/Hls_Layers_UpConv.tpp:325:15)
INFO: [HLS 214-115] Multiple burst reads of length 1024 and bit width 256 in loop 'LOAD_ROW0'(../gen/Hls_Layers_UpConv.tpp:316:16) has been inferred on bundle 'gmem_in'. These burst requests might be further partitioned into multiple requests during RTL generation, based on max_read_burst_length or max_write_burst_length settings. (../gen/Hls_Layers_UpConv.tpp:316:16)
INFO: [HLS 200-111] Finished Compiling Optimization and Transform: CPU user time: 2.43 seconds. CPU system time: 0.24 seconds. Elapsed time: 6.8 seconds; current allocated memory: 332.594 MB.
INFO: [HLS 200-111] Finished Checking Pragmas: CPU user time: 0 seconds. CPU system time: 0 seconds. Elapsed time: 0 seconds; current allocated memory: 332.594 MB.
INFO: [HLS 200-10] Starting code transformations ...
INFO: [HLS 200-111] Finished Standard Transforms: CPU user time: 0.1 seconds. CPU system time: 0.01 seconds. Elapsed time: 0.1 seconds; current allocated memory: 336.965 MB.
INFO: [HLS 200-10] Checking synthesizability ...
WARNING: [SYNCHK 200-23] ../gen/Hls_Layers_UpConv.tpp:247: variable-indexed range selection may cause suboptimal QoR.
INFO: [SYNCHK 200-10] 0 error(s), 1 warning(s).
INFO: [HLS 200-111] Finished Checking Synthesizability: CPU user time: 0.07 seconds. CPU system time: 0 seconds. Elapsed time: 0.08 seconds; current allocated memory: 337.863 MB.
WARNING: [XFORM 203-561] Updating loop lower bound from 0 to 3 for loop 'KH_LOOP' (../gen/Hls_Layers_UpConv.tpp:151:27) in function 'UpConv_Fused_Row<8, 128, 128, 120, 60>'.
WARNING: [XFORM 203-561] Updating loop lower bound from 0 to 8 for loop 'TILE_LOOP' (../gen/Hls_Layers_UpConv.tpp:135:22) in function 'UpConv_Fused_Row<8, 128, 128, 120, 60>'.
INFO: [XFORM 203-401] Performing if-conversion on hyperblock from (../gen/Hls_Layers_UpConv.tpp:171:9) in function 'UpConv_Fused_Row<8, 128, 128, 120, 60>'... converting 3 basic blocks.
INFO: [XFORM 203-401] Performing if-conversion on hyperblock from (../gen/Hls_Layers_UpConv.tpp:279:9) to (../gen/Hls_Layers_UpConv.tpp:278:17) in function 'UpConv_Fused_Row<8, 128, 128, 120, 60>'... converting 33 basic blocks.
INFO: [XFORM 203-11] Balancing expressions in function 'upconv_core_top_ucb3' (../gen/Hls_Layers_UpConv.tpp:11:31)...3 expression(s) balanced.
INFO: [HLS 200-111] Finished Loop, function and other optimizations: CPU user time: 0.41 seconds. CPU system time: 0 seconds. Elapsed time: 0.41 seconds; current allocated memory: 367.379 MB.
INFO: [HLS 200-2061] Successfully converted nested loops 'LOAD_ROW0'(../gen/Hls_Layers_UpConv.tpp:316:16) and 'VITIS_LOOP_317_1'(../gen/Hls_Layers_UpConv.tpp:317:27) in function 'upconv_core_top_ucb3' into perfectly nested loops.
INFO: [HLS 200-2061] Successfully converted nested loops 'LOAD_ROW'(../gen/Hls_Layers_UpConv.tpp:327:19) and 'VITIS_LOOP_328_2'(../gen/Hls_Layers_UpConv.tpp:328:31) in function 'upconv_core_top_ucb3' into perfectly nested loops.
INFO: [HLS 200-2061] Successfully converted nested loops 'KW_LOOP'(../gen/Hls_Layers_UpConv.tpp:158:22) and 'FLAT_LOOP'(../gen/Hls_Layers_UpConv.tpp:170:28) in function 'UpConv_Fused_Row<8, 128, 128, 120, 60>' into perfectly nested loops.
INFO: [XFORM 203-541] Flattening a loop nest 'LOAD_ROW0' (../gen/Hls_Layers_UpConv.tpp:316:16) in function 'upconv_core_top_ucb3'.
INFO: [XFORM 203-541] Flattening a loop nest 'LOAD_ROW' (../gen/Hls_Layers_UpConv.tpp:327:19) in function 'upconv_core_top_ucb3'.
WARNING: [HLS 200-960] Cannot flatten loop 'PRELOAD_W' (../gen/Hls_Layers_UpConv.tpp:138:20) in function 'UpConv_Fused_Row<8, 128, 128, 120, 60>' the outer loop is not a perfect loop because there is nontrivial logic before entering the inner loop.
Resolution: For help on HLS 200-960 see docs.xilinx.com/access/sources/dita/topic?Doc_Version=2024.2%20English&url=ug1448-hls-guidance&resourceid=200-960.html
INFO: [XFORM 203-541] Flattening a loop nest 'KW_LOOP' (../gen/Hls_Layers_UpConv.tpp:158:22) in function 'UpConv_Fused_Row<8, 128, 128, 120, 60>'.
WARNING: [HLS 200-1946] Dependence pragma (../gen/Hls_Layers_UpConv.tpp:172:9) in loop 'FLAT_LOOP' may become invalid because the loop was flattened with the outer loop 'KW_LOOP'.
WARNING: [HLS 200-1946] Dependence pragma (../gen/Hls_Layers_UpConv.tpp:172:9) in loop 'FLAT_LOOP' may become invalid because the loop was flattened with the outer loop 'KW_LOOP'.
WARNING: [HLS 200-1946] Dependence pragma (../gen/Hls_Layers_UpConv.tpp:172:9) in loop 'FLAT_LOOP' may become invalid because the loop was flattened with the outer loop 'KW_LOOP'.
WARNING: [HLS 200-1946] Dependence pragma (../gen/Hls_Layers_UpConv.tpp:172:9) in loop 'FLAT_LOOP' may become invalid because the loop was flattened with the outer loop 'KW_LOOP'.
WARNING: [HLS 200-1946] Dependence pragma (../gen/Hls_Layers_UpConv.tpp:172:9) in loop 'FLAT_LOOP' may become invalid because the loop was flattened with the outer loop 'KW_LOOP'.
WARNING: [HLS 200-1946] Dependence pragma (../gen/Hls_Layers_UpConv.tpp:172:9) in loop 'FLAT_LOOP' may become invalid because the loop was flattened with the outer loop 'KW_LOOP'.
WARNING: [HLS 200-1946] Dependence pragma (../gen/Hls_Layers_UpConv.tpp:172:9) in loop 'FLAT_LOOP' may become invalid because the loop was flattened with the outer loop 'KW_LOOP'.
WARNING: [HLS 200-1946] Dependence pragma (../gen/Hls_Layers_UpConv.tpp:172:9) in loop 'FLAT_LOOP' may become invalid because the loop was flattened with the outer loop 'KW_LOOP'.
WARNING: [HLS 200-1946] Dependence pragma (../gen/Hls_Layers_UpConv.tpp:172:9) in loop 'FLAT_LOOP' may become invalid because the loop was flattened with the outer loop 'KW_LOOP'.
WARNING: [HLS 200-1946] Dependence pragma (../gen/Hls_Layers_UpConv.tpp:172:9) in loop 'FLAT_LOOP' may become invalid because the loop was flattened with the outer loop 'KW_LOOP'.
WARNING: [HLS 200-1946] Dependence pragma (../gen/Hls_Layers_UpConv.tpp:172:9) in loop 'FLAT_LOOP' may become invalid because the loop was flattened with the outer loop 'KW_LOOP'.
WARNING: [HLS 200-1946] Dependence pragma (../gen/Hls_Layers_UpConv.tpp:172:9) in loop 'FLAT_LOOP' may become invalid because the loop was flattened with the outer loop 'KW_LOOP'.
WARNING: [HLS 200-1946] Dependence pragma (../gen/Hls_Layers_UpConv.tpp:172:9) in loop 'FLAT_LOOP' may become invalid because the loop was flattened with the outer loop 'KW_LOOP'.
WARNING: [HLS 200-1946] Dependence pragma (../gen/Hls_Layers_UpConv.tpp:172:9) in loop 'FLAT_LOOP' may become invalid because the loop was flattened with the outer loop 'KW_LOOP'.
WARNING: [HLS 200-1946] Dependence pragma (../gen/Hls_Layers_UpConv.tpp:172:9) in loop 'FLAT_LOOP' may become invalid because the loop was flattened with the outer loop 'KW_LOOP'.
WARNING: [HLS 200-1946] Dependence pragma (../gen/Hls_Layers_UpConv.tpp:172:9) in loop 'FLAT_LOOP' may become invalid because the loop was flattened with the outer loop 'KW_LOOP'.
WARNING: [HLS 200-1946] Dependence pragma (../gen/Hls_Layers_UpConv.tpp:172:9) in loop 'FLAT_LOOP' may become invalid because the loop was flattened with the outer loop 'KW_LOOP'.
WARNING: [HLS 200-1946] Dependence pragma (../gen/Hls_Layers_UpConv.tpp:172:9) in loop 'FLAT_LOOP' may become invalid because the loop was flattened with the outer loop 'KW_LOOP'.
WARNING: [HLS 200-1946] Dependence pragma (../gen/Hls_Layers_UpConv.tpp:172:9) in loop 'FLAT_LOOP' may become invalid because the loop was flattened with the outer loop 'KW_LOOP'.
WARNING: [HLS 200-1946] Dependence pragma (../gen/Hls_Layers_UpConv.tpp:172:9) in loop 'FLAT_LOOP' may become invalid because the loop was flattened with the outer loop 'KW_LOOP'.
WARNING: [HLS 200-1946] Dependence pragma (../gen/Hls_Layers_UpConv.tpp:172:9) in loop 'FLAT_LOOP' may become invalid because the loop was flattened with the outer loop 'KW_LOOP'.
WARNING: [HLS 200-1946] Dependence pragma (../gen/Hls_Layers_UpConv.tpp:172:9) in loop 'FLAT_LOOP' may become invalid because the loop was flattened with the outer loop 'KW_LOOP'.
WARNING: [HLS 200-1946] Dependence pragma (../gen/Hls_Layers_UpConv.tpp:172:9) in loop 'FLAT_LOOP' may become invalid because the loop was flattened with the outer loop 'KW_LOOP'.
WARNING: [HLS 200-1946] Dependence pragma (../gen/Hls_Layers_UpConv.tpp:172:9) in loop 'FLAT_LOOP' may become invalid because the loop was flattened with the outer loop 'KW_LOOP'.
WARNING: [HLS 200-1946] Dependence pragma (../gen/Hls_Layers_UpConv.tpp:172:9) in loop 'FLAT_LOOP' may become invalid because the loop was flattened with the outer loop 'KW_LOOP'.
WARNING: [HLS 200-1946] Dependence pragma (../gen/Hls_Layers_UpConv.tpp:172:9) in loop 'FLAT_LOOP' may become invalid because the loop was flattened with the outer loop 'KW_LOOP'.
WARNING: [HLS 200-1946] Dependence pragma (../gen/Hls_Layers_UpConv.tpp:172:9) in loop 'FLAT_LOOP' may become invalid because the loop was flattened with the outer loop 'KW_LOOP'.
WARNING: [HLS 200-1946] Dependence pragma (../gen/Hls_Layers_UpConv.tpp:172:9) in loop 'FLAT_LOOP' may become invalid because the loop was flattened with the outer loop 'KW_LOOP'.
WARNING: [HLS 200-1946] Dependence pragma (../gen/Hls_Layers_UpConv.tpp:172:9) in loop 'FLAT_LOOP' may become invalid because the loop was flattened with the outer loop 'KW_LOOP'.
WARNING: [HLS 200-1946] Dependence pragma (../gen/Hls_Layers_UpConv.tpp:172:9) in loop 'FLAT_LOOP' may become invalid because the loop was flattened with the outer loop 'KW_LOOP'.
WARNING: [HLS 200-1946] Dependence pragma (../gen/Hls_Layers_UpConv.tpp:172:9) in loop 'FLAT_LOOP' may become invalid because the loop was flattened with the outer loop 'KW_LOOP'.
WARNING: [HLS 200-1946] Dependence pragma (../gen/Hls_Layers_UpConv.tpp:172:9) in loop 'FLAT_LOOP' may become invalid because the loop was flattened with the outer loop 'KW_LOOP'.
WARNING: [HLS 200-1946] Dependence pragma (../gen/Hls_Layers_UpConv.tpp:173:9) in loop 'FLAT_LOOP' may become invalid because the loop was flattened with the outer loop 'KW_LOOP'.
WARNING: [HLS 200-1946] Dependence pragma (../gen/Hls_Layers_UpConv.tpp:173:9) in loop 'FLAT_LOOP' may become invalid because the loop was flattened with the outer loop 'KW_LOOP'.
WARNING: [HLS 200-1946] Dependence pragma (../gen/Hls_Layers_UpConv.tpp:173:9) in loop 'FLAT_LOOP' may become invalid because the loop was flattened with the outer loop 'KW_LOOP'.
WARNING: [HLS 200-1946] Dependence pragma (../gen/Hls_Layers_UpConv.tpp:173:9) in loop 'FLAT_LOOP' may become invalid because the loop was flattened with the outer loop 'KW_LOOP'.
WARNING: [HLS 200-1946] Dependence pragma (../gen/Hls_Layers_UpConv.tpp:173:9) in loop 'FLAT_LOOP' may become invalid because the loop was flattened with the outer loop 'KW_LOOP'.
WARNING: [HLS 200-1946] Dependence pragma (../gen/Hls_Layers_UpConv.tpp:173:9) in loop 'FLAT_LOOP' may become invalid because the loop was flattened with the outer loop 'KW_LOOP'.
WARNING: [HLS 200-1946] Dependence pragma (../gen/Hls_Layers_UpConv.tpp:173:9) in loop 'FLAT_LOOP' may become invalid because the loop was flattened with the outer loop 'KW_LOOP'.
WARNING: [HLS 200-1946] Dependence pragma (../gen/Hls_Layers_UpConv.tpp:173:9) in loop 'FLAT_LOOP' may become invalid because the loop was flattened with the outer loop 'KW_LOOP'.
WARNING: [HLS 200-1946] Dependence pragma (../gen/Hls_Layers_UpConv.tpp:173:9) in loop 'FLAT_LOOP' may become invalid because the loop was flattened with the outer loop 'KW_LOOP'.
WARNING: [HLS 200-1946] Dependence pragma (../gen/Hls_Layers_UpConv.tpp:173:9) in loop 'FLAT_LOOP' may become invalid because the loop was flattened with the outer loop 'KW_LOOP'.
WARNING: [HLS 200-1946] Dependence pragma (../gen/Hls_Layers_UpConv.tpp:173:9) in loop 'FLAT_LOOP' may become invalid because the loop was flattened with the outer loop 'KW_LOOP'.
WARNING: [HLS 200-1946] Dependence pragma (../gen/Hls_Layers_UpConv.tpp:173:9) in loop 'FLAT_LOOP' may become invalid because the loop was flattened with the outer loop 'KW_LOOP'.
WARNING: [HLS 200-1946] Dependence pragma (../gen/Hls_Layers_UpConv.tpp:173:9) in loop 'FLAT_LOOP' may become invalid because the loop was flattened with the outer loop 'KW_LOOP'.
WARNING: [HLS 200-1946] Dependence pragma (../gen/Hls_Layers_UpConv.tpp:173:9) in loop 'FLAT_LOOP' may become invalid because the loop was flattened with the outer loop 'KW_LOOP'.
WARNING: [HLS 200-1946] Dependence pragma (../gen/Hls_Layers_UpConv.tpp:173:9) in loop 'FLAT_LOOP' may become invalid because the loop was flattened with the outer loop 'KW_LOOP'.
WARNING: [HLS 200-1946] Dependence pragma (../gen/Hls_Layers_UpConv.tpp:173:9) in loop 'FLAT_LOOP' may become invalid because the loop was flattened with the outer loop 'KW_LOOP'.
WARNING: [HLS 200-960] Cannot flatten loop 'KH_LOOP' (../gen/Hls_Layers_UpConv.tpp:151:18) in function 'UpConv_Fused_Row<8, 128, 128, 120, 60>' the outer loop is not a perfect loop because there is nontrivial logic before entering the inner loop.
Resolution: For help on HLS 200-960 see docs.xilinx.com/access/sources/dita/topic?Doc_Version=2024.2%20English&url=ug1448-hls-guidance&resourceid=200-960.html
WARNING: [ANALYSIS 214-52] Found false inter dependency for variable 'psum.31' (../gen/Hls_Layers_UpConv.tpp:166).
WARNING: [ANALYSIS 214-52] Found false inter dependency for variable 'psum.30' (../gen/Hls_Layers_UpConv.tpp:166).
WARNING: [ANALYSIS 214-52] Found false inter dependency for variable 'psum.29' (../gen/Hls_Layers_UpConv.tpp:166).
WARNING: [ANALYSIS 214-52] Found false inter dependency for variable 'psum.28' (../gen/Hls_Layers_UpConv.tpp:166).
WARNING: [ANALYSIS 214-52] Found false inter dependency for variable 'psum.27' (../gen/Hls_Layers_UpConv.tpp:166).
WARNING: [ANALYSIS 214-52] Found false inter dependency for variable 'psum.26' (../gen/Hls_Layers_UpConv.tpp:166).
WARNING: [ANALYSIS 214-52] Found false inter dependency for variable 'psum.25' (../gen/Hls_Layers_UpConv.tpp:166).
WARNING: [ANALYSIS 214-52] Found false inter dependency for variable 'psum.24' (../gen/Hls_Layers_UpConv.tpp:166).
WARNING: [ANALYSIS 214-52] Found false inter dependency for variable 'psum.23' (../gen/Hls_Layers_UpConv.tpp:166).
WARNING: [ANALYSIS 214-52] Found false inter dependency for variable 'psum.22' (../gen/Hls_Layers_UpConv.tpp:166).
WARNING: [ANALYSIS 214-52] Found false inter dependency for variable 'psum.21' (../gen/Hls_Layers_UpConv.tpp:166).
WARNING: [ANALYSIS 214-52] Found false inter dependency for variable 'psum.20' (../gen/Hls_Layers_UpConv.tpp:166).
WARNING: [ANALYSIS 214-52] Found false inter dependency for variable 'psum.19' (../gen/Hls_Layers_UpConv.tpp:166).
WARNING: [ANALYSIS 214-52] Found false inter dependency for variable 'psum.18' (../gen/Hls_Layers_UpConv.tpp:166).
WARNING: [ANALYSIS 214-52] Found false inter dependency for variable 'psum.17' (../gen/Hls_Layers_UpConv.tpp:166).
WARNING: [ANALYSIS 214-52] Found false inter dependency for variable 'psum.16' (../gen/Hls_Layers_UpConv.tpp:166).
WARNING: [ANALYSIS 214-52] Found false inter dependency for variable 'psum.15' (../gen/Hls_Layers_UpConv.tpp:166).
WARNING: [ANALYSIS 214-52] Found false inter dependency for variable 'psum.14' (../gen/Hls_Layers_UpConv.tpp:166).
WARNING: [ANALYSIS 214-52] Found false inter dependency for variable 'psum.13' (../gen/Hls_Layers_UpConv.tpp:166).
WARNING: [ANALYSIS 214-52] Found false inter dependency for variable 'psum.12' (../gen/Hls_Layers_UpConv.tpp:166).
WARNING: [ANALYSIS 214-52] Found false inter dependency for variable 'psum.11' (../gen/Hls_Layers_UpConv.tpp:166).
WARNING: [ANALYSIS 214-52] Found false inter dependency for variable 'psum.10' (../gen/Hls_Layers_UpConv.tpp:166).
WARNING: [ANALYSIS 214-52] Found false inter dependency for variable 'psum.9' (../gen/Hls_Layers_UpConv.tpp:166).
WARNING: [ANALYSIS 214-52] Found false inter dependency for variable 'psum.8' (../gen/Hls_Layers_UpConv.tpp:166).
WARNING: [ANALYSIS 214-52] Found false inter dependency for variable 'psum.7' (../gen/Hls_Layers_UpConv.tpp:166).
WARNING: [ANALYSIS 214-52] Found false inter dependency for variable 'psum.6' (../gen/Hls_Layers_UpConv.tpp:166).
WARNING: [ANALYSIS 214-52] Found false inter dependency for variable 'psum.5' (../gen/Hls_Layers_UpConv.tpp:166).
WARNING: [ANALYSIS 214-52] Found false inter dependency for variable 'psum.4' (../gen/Hls_Layers_UpConv.tpp:166).
WARNING: [ANALYSIS 214-52] Found false inter dependency for variable 'psum.3' (../gen/Hls_Layers_UpConv.tpp:166).
WARNING: [ANALYSIS 214-52] Found false inter dependency for variable 'psum.2' (../gen/Hls_Layers_UpConv.tpp:166).
WARNING: [ANALYSIS 214-52] Found false inter dependency for variable 'psum.1' (../gen/Hls_Layers_UpConv.tpp:166).
WARNING: [ANALYSIS 214-52] Found false inter dependency for variable 'psum' (../gen/Hls_Layers_UpConv.tpp:166).
WARNING: [ANALYSIS 214-52] Found false inter dependency for variable '_ZZ16UpConv_Fused_RowILi8ELi128ELi128ELi120ELi60EEvP7ap_uintILi256EEPKS1_S4_S4_S'.
WARNING: [ANALYSIS 214-52] Found false inter dependency for variable '_ZZ16UpConv_Fused_RowILi8ELi128ELi128ELi120ELi60EEvP7ap_uintILi256EEPKS1_S4_S4_S.1'.
WARNING: [ANALYSIS 214-52] Found false inter dependency for variable '_ZZ16UpConv_Fused_RowILi8ELi128ELi128ELi120ELi60EEvP7ap_uintILi256EEPKS1_S4_S4_S.2'.
WARNING: [ANALYSIS 214-52] Found false inter dependency for variable '_ZZ16UpConv_Fused_RowILi8ELi128ELi128ELi120ELi60EEvP7ap_uintILi256EEPKS1_S4_S4_S.3'.
WARNING: [ANALYSIS 214-52] Found false inter dependency for variable '_ZZ16UpConv_Fused_RowILi8ELi128ELi128ELi120ELi60EEvP7ap_uintILi256EEPKS1_S4_S4_S.4'.
WARNING: [ANALYSIS 214-52] Found false inter dependency for variable '_ZZ16UpConv_Fused_RowILi8ELi128ELi128ELi120ELi60EEvP7ap_uintILi256EEPKS1_S4_S4_S.5'.
WARNING: [ANALYSIS 214-52] Found false inter dependency for variable 'void UpConv_Fused_Row(ap_uint*,ap_uint const*,ap_uint const*,ap_uint const*,ap_u'.
WARNING: [ANALYSIS 214-52] Found false inter dependency for variable 'void UpConv_Fused_Row(ap_uint*,ap_uint const*,ap_uint const*,ap_uint const*,ap_u.1'.
WARNING: [ANALYSIS 214-52] Found false inter dependency for variable 'void UpConv_Fused_Row(ap_uint*,ap_uint const*,ap_uint const*,ap_uint const*,ap_u.2'.
WARNING: [ANALYSIS 214-52] Found false inter dependency for variable 'void UpConv_Fused_Row(ap_uint*,ap_uint const*,ap_uint const*,ap_uint const*,ap_u.3'.
WARNING: [ANALYSIS 214-52] Found false inter dependency for variable 'void UpConv_Fused_Row(ap_uint*,ap_uint const*,ap_uint const*,ap_uint const*,ap_u.4'.
WARNING: [ANALYSIS 214-52] Found false inter dependency for variable 'void UpConv_Fused_Row(ap_uint*,ap_uint const*,ap_uint const*,ap_uint const*,ap_u.5'.
WARNING: [ANALYSIS 214-52] Found false inter dependency for variable 'void UpConv_Fused_Row(ap_uint*,ap_uint const*,ap_uint const*,ap_uint const*,ap_u.6'.
WARNING: [ANALYSIS 214-52] Found false inter dependency for variable 'void UpConv_Fused_Row(ap_uint*,ap_uint const*,ap_uint const*,ap_uint const*,ap_u.7'.
WARNING: [ANALYSIS 214-52] Found false inter dependency for variable 'void UpConv_Fused_Row(ap_uint*,ap_uint const*,ap_uint const*,ap_uint const*,ap_u.8'.
WARNING: [ANALYSIS 214-52] Found false inter dependency for variable 'void UpConv_Fused_Row(ap_uint*,ap_uint const*,ap_uint const*,ap_uint const*,ap_u.9'.
WARNING: [ANALYSIS 214-52] Found false inter dependency for variable 'sum_rot.7' (../gen/Hls_Layers_UpConv.tpp:236).
WARNING: [ANALYSIS 214-52] Found false inter dependency for variable 'sum_rot.6' (../gen/Hls_Layers_UpConv.tpp:236).
WARNING: [ANALYSIS 214-52] Found false inter dependency for variable 'sum_rot.5' (../gen/Hls_Layers_UpConv.tpp:236).
WARNING: [ANALYSIS 214-52] Found false inter dependency for variable 'sum_rot.4' (../gen/Hls_Layers_UpConv.tpp:236).
WARNING: [ANALYSIS 214-52] Found false inter dependency for variable 'sum_rot.3' (../gen/Hls_Layers_UpConv.tpp:236).
WARNING: [ANALYSIS 214-52] Found false inter dependency for variable 'sum_rot.2' (../gen/Hls_Layers_UpConv.tpp:236).
WARNING: [ANALYSIS 214-52] Found false inter dependency for variable 'sum_rot.1' (../gen/Hls_Layers_UpConv.tpp:236).
WARNING: [ANALYSIS 214-52] Found false inter dependency for variable 'sum_rot' (../gen/Hls_Layers_UpConv.tpp:236).
WARNING: [ANALYSIS 214-52] Found false inter dependency for variable 'sumsq_rot.7' (../gen/Hls_Layers_UpConv.tpp:236).
WARNING: [ANALYSIS 214-52] Found false inter dependency for variable 'sumsq_rot.6' (../gen/Hls_Layers_UpConv.tpp:236).
WARNING: [ANALYSIS 214-52] Found false inter dependency for variable 'sumsq_rot.5' (../gen/Hls_Layers_UpConv.tpp:236).
WARNING: [ANALYSIS 214-52] Found false inter dependency for variable 'sumsq_rot.4' (../gen/Hls_Layers_UpConv.tpp:236).
WARNING: [ANALYSIS 214-52] Found false inter dependency for variable 'sumsq_rot.3' (../gen/Hls_Layers_UpConv.tpp:236).
WARNING: [ANALYSIS 214-52] Found false inter dependency for variable 'sumsq_rot.2' (../gen/Hls_Layers_UpConv.tpp:236).
WARNING: [ANALYSIS 214-52] Found false inter dependency for variable 'sumsq_rot.1' (../gen/Hls_Layers_UpConv.tpp:236).
WARNING: [ANALYSIS 214-52] Found false inter dependency for variable 'sumsq_rot' (../gen/Hls_Layers_UpConv.tpp:236).
WARNING: [ANALYSIS 214-52] Found false inter dependency for variable '_ZZ16UpConv_Fused_RowILi8ELi128ELi128ELi120ELi60EEvP7ap_uintILi256EEPKS1_S4_S4_S'.
WARNING: [ANALYSIS 214-52] Found false inter dependency for variable '_ZZ16UpConv_Fused_RowILi8ELi128ELi128ELi120ELi60EEvP7ap_uintILi256EEPKS1_S4_S4_S.1'.
WARNING: [ANALYSIS 214-52] Found false inter dependency for variable '_ZZ16UpConv_Fused_RowILi8ELi128ELi128ELi120ELi60EEvP7ap_uintILi256EEPKS1_S4_S4_S.2'.
WARNING: [ANALYSIS 214-52] Found false inter dependency for variable '_ZZ16UpConv_Fused_RowILi8ELi128ELi128ELi120ELi60EEvP7ap_uintILi256EEPKS1_S4_S4_S.3'.
WARNING: [ANALYSIS 214-52] Found false inter dependency for variable '_ZZ16UpConv_Fused_RowILi8ELi128ELi128ELi120ELi60EEvP7ap_uintILi256EEPKS1_S4_S4_S.4'.
WARNING: [ANALYSIS 214-52] Found false inter dependency for variable '_ZZ16UpConv_Fused_RowILi8ELi128ELi128ELi120ELi60EEvP7ap_uintILi256EEPKS1_S4_S4_S.5'.
WARNING: [ANALYSIS 214-52] Found false inter dependency for variable 'void UpConv_Fused_Row(ap_uint*,ap_uint const*,ap_uint const*,ap_uint const*,ap_u'.
WARNING: [ANALYSIS 214-52] Found false inter dependency for variable 'void UpConv_Fused_Row(ap_uint*,ap_uint const*,ap_uint const*,ap_uint const*,ap_u.1'.
WARNING: [ANALYSIS 214-52] Found false inter dependency for variable 'void UpConv_Fused_Row(ap_uint*,ap_uint const*,ap_uint const*,ap_uint const*,ap_u.2'.
WARNING: [ANALYSIS 214-52] Found false inter dependency for variable 'void UpConv_Fused_Row(ap_uint*,ap_uint const*,ap_uint const*,ap_uint const*,ap_u.3'.
WARNING: [ANALYSIS 214-52] Found false inter dependency for variable 'void UpConv_Fused_Row(ap_uint*,ap_uint const*,ap_uint const*,ap_uint const*,ap_u.4'.
WARNING: [ANALYSIS 214-52] Found false inter dependency for variable 'void UpConv_Fused_Row(ap_uint*,ap_uint const*,ap_uint const*,ap_uint const*,ap_u.5'.
WARNING: [ANALYSIS 214-52] Found false inter dependency for variable 'void UpConv_Fused_Row(ap_uint*,ap_uint const*,ap_uint const*,ap_uint const*,ap_u.6'.
WARNING: [ANALYSIS 214-52] Found false inter dependency for variable 'void UpConv_Fused_Row(ap_uint*,ap_uint const*,ap_uint const*,ap_uint const*,ap_u.7'.
WARNING: [ANALYSIS 214-52] Found false inter dependency for variable 'void UpConv_Fused_Row(ap_uint*,ap_uint const*,ap_uint const*,ap_uint const*,ap_u.8'.
WARNING: [ANALYSIS 214-52] Found false inter dependency for variable 'void UpConv_Fused_Row(ap_uint*,ap_uint const*,ap_uint const*,ap_uint const*,ap_u.9'.
WARNING: [ANALYSIS 214-52] Found false inter dependency for variable 'sum_rot.7' (../gen/Hls_Layers_UpConv.tpp:236).
WARNING: [ANALYSIS 214-52] Found false inter dependency for variable 'sum_rot.6' (../gen/Hls_Layers_UpConv.tpp:236).
WARNING: [ANALYSIS 214-52] Found false inter dependency for variable 'sum_rot.5' (../gen/Hls_Layers_UpConv.tpp:236).
WARNING: [ANALYSIS 214-52] Found false inter dependency for variable 'sum_rot.4' (../gen/Hls_Layers_UpConv.tpp:236).
WARNING: [ANALYSIS 214-52] Found false inter dependency for variable 'sum_rot.3' (../gen/Hls_Layers_UpConv.tpp:236).
WARNING: [ANALYSIS 214-52] Found false inter dependency for variable 'sum_rot.2' (../gen/Hls_Layers_UpConv.tpp:236).
WARNING: [ANALYSIS 214-52] Found false inter dependency for variable 'sum_rot.1' (../gen/Hls_Layers_UpConv.tpp:236).
WARNING: [ANALYSIS 214-52] Found false inter dependency for variable 'sum_rot' (../gen/Hls_Layers_UpConv.tpp:236).
WARNING: [ANALYSIS 214-52] Found false inter dependency for variable 'sumsq_rot.7' (../gen/Hls_Layers_UpConv.tpp:236).
WARNING: [ANALYSIS 214-52] Found false inter dependency for variable 'sumsq_rot.6' (../gen/Hls_Layers_UpConv.tpp:236).
WARNING: [ANALYSIS 214-52] Found false inter dependency for variable 'sumsq_rot.5' (../gen/Hls_Layers_UpConv.tpp:236).
WARNING: [ANALYSIS 214-52] Found false inter dependency for variable 'sumsq_rot.4' (../gen/Hls_Layers_UpConv.tpp:236).
WARNING: [ANALYSIS 214-52] Found false inter dependency for variable 'sumsq_rot.3' (../gen/Hls_Layers_UpConv.tpp:236).
WARNING: [ANALYSIS 214-52] Found false inter dependency for variable 'sumsq_rot.2' (../gen/Hls_Layers_UpConv.tpp:236).
WARNING: [ANALYSIS 214-52] Found false inter dependency for variable 'sumsq_rot.1' (../gen/Hls_Layers_UpConv.tpp:236).
WARNING: [ANALYSIS 214-52] Found false inter dependency for variable 'sumsq_rot' (../gen/Hls_Layers_UpConv.tpp:236).
WARNING: [ANALYSIS 214-52] Found false inter dependency for variable '_ZZ16UpConv_Fused_RowILi8ELi128ELi128ELi120ELi60EEvP7ap_uintILi256EEPKS1_S4_S4_S'.
WARNING: [ANALYSIS 214-52] Found false inter dependency for variable '_ZZ16UpConv_Fused_RowILi8ELi128ELi128ELi120ELi60EEvP7ap_uintILi256EEPKS1_S4_S4_S.1'.
WARNING: [ANALYSIS 214-52] Found false inter dependency for variable '_ZZ16UpConv_Fused_RowILi8ELi128ELi128ELi120ELi60EEvP7ap_uintILi256EEPKS1_S4_S4_S.2'.
WARNING: [ANALYSIS 214-52] Found false inter dependency for variable '_ZZ16UpConv_Fused_RowILi8ELi128ELi128ELi120ELi60EEvP7ap_uintILi256EEPKS1_S4_S4_S.3'.
WARNING: [ANALYSIS 214-52] Found false inter dependency for variable '_ZZ16UpConv_Fused_RowILi8ELi128ELi128ELi120ELi60EEvP7ap_uintILi256EEPKS1_S4_S4_S.4'.
WARNING: [ANALYSIS 214-52] Found false inter dependency for variable '_ZZ16UpConv_Fused_RowILi8ELi128ELi128ELi120ELi60EEvP7ap_uintILi256EEPKS1_S4_S4_S.5'.
WARNING: [ANALYSIS 214-52] Found false inter dependency for variable 'void UpConv_Fused_Row(ap_uint*,ap_uint const*,ap_uint const*,ap_uint const*,ap_u'.
WARNING: [ANALYSIS 214-52] Found false inter dependency for variable 'void UpConv_Fused_Row(ap_uint*,ap_uint const*,ap_uint const*,ap_uint const*,ap_u.1'.
WARNING: [ANALYSIS 214-52] Found false inter dependency for variable 'void UpConv_Fused_Row(ap_uint*,ap_uint const*,ap_uint const*,ap_uint const*,ap_u.2'.
WARNING: [ANALYSIS 214-52] Found false inter dependency for variable 'void UpConv_Fused_Row(ap_uint*,ap_uint const*,ap_uint const*,ap_uint const*,ap_u.3'.
WARNING: [ANALYSIS 214-52] Found false inter dependency for variable 'void UpConv_Fused_Row(ap_uint*,ap_uint const*,ap_uint const*,ap_uint const*,ap_u.4'.
WARNING: [ANALYSIS 214-52] Found false inter dependency for variable 'void UpConv_Fused_Row(ap_uint*,ap_uint const*,ap_uint const*,ap_uint const*,ap_u.5'.
WARNING: [ANALYSIS 214-52] Found false inter dependency for variable 'void UpConv_Fused_Row(ap_uint*,ap_uint const*,ap_uint const*,ap_uint const*,ap_u.6'.
WARNING: [ANALYSIS 214-52] Found false inter dependency for variable 'void UpConv_Fused_Row(ap_uint*,ap_uint const*,ap_uint const*,ap_uint const*,ap_u.7'.
WARNING: [ANALYSIS 214-52] Found false inter dependency for variable 'void UpConv_Fused_Row(ap_uint*,ap_uint const*,ap_uint const*,ap_uint const*,ap_u.8'.
WARNING: [ANALYSIS 214-52] Found false inter dependency for variable 'void UpConv_Fused_Row(ap_uint*,ap_uint const*,ap_uint const*,ap_uint const*,ap_u.9'.
WARNING: [ANALYSIS 214-52] Found false inter dependency for variable 'psum.31' (../gen/Hls_Layers_UpConv.tpp:166).
WARNING: [ANALYSIS 214-52] Found false inter dependency for variable 'psum.30' (../gen/Hls_Layers_UpConv.tpp:166).
WARNING: [ANALYSIS 214-52] Found false inter dependency for variable 'psum.29' (../gen/Hls_Layers_UpConv.tpp:166).
WARNING: [ANALYSIS 214-52] Found false inter dependency for variable 'psum.28' (../gen/Hls_Layers_UpConv.tpp:166).
WARNING: [ANALYSIS 214-52] Found false inter dependency for variable 'psum.27' (../gen/Hls_Layers_UpConv.tpp:166).
WARNING: [ANALYSIS 214-52] Found false inter dependency for variable 'psum.26' (../gen/Hls_Layers_UpConv.tpp:166).
WARNING: [ANALYSIS 214-52] Found false inter dependency for variable 'psum.25' (../gen/Hls_Layers_UpConv.tpp:166).
WARNING: [ANALYSIS 214-52] Found false inter dependency for variable 'psum.24' (../gen/Hls_Layers_UpConv.tpp:166).
WARNING: [ANALYSIS 214-52] Found false inter dependency for variable 'psum.23' (../gen/Hls_Layers_UpConv.tpp:166).
WARNING: [ANALYSIS 214-52] Found false inter dependency for variable 'psum.22' (../gen/Hls_Layers_UpConv.tpp:166).
WARNING: [ANALYSIS 214-52] Found false inter dependency for variable 'psum.21' (../gen/Hls_Layers_UpConv.tpp:166).
WARNING: [ANALYSIS 214-52] Found false inter dependency for variable 'psum.20' (../gen/Hls_Layers_UpConv.tpp:166).
WARNING: [ANALYSIS 214-52] Found false inter dependency for variable 'psum.19' (../gen/Hls_Layers_UpConv.tpp:166).
WARNING: [ANALYSIS 214-52] Found false inter dependency for variable 'psum.18' (../gen/Hls_Layers_UpConv.tpp:166).
WARNING: [ANALYSIS 214-52] Found false inter dependency for variable 'psum.17' (../gen/Hls_Layers_UpConv.tpp:166).
WARNING: [ANALYSIS 214-52] Found false inter dependency for variable 'psum.16' (../gen/Hls_Layers_UpConv.tpp:166).
WARNING: [ANALYSIS 214-52] Found false inter dependency for variable 'psum.15' (../gen/Hls_Layers_UpConv.tpp:166).
WARNING: [ANALYSIS 214-52] Found false inter dependency for variable 'psum.14' (../gen/Hls_Layers_UpConv.tpp:166).
WARNING: [ANALYSIS 214-52] Found false inter dependency for variable 'psum.13' (../gen/Hls_Layers_UpConv.tpp:166).
WARNING: [ANALYSIS 214-52] Found false inter dependency for variable 'psum.12' (../gen/Hls_Layers_UpConv.tpp:166).
WARNING: [ANALYSIS 214-52] Found false inter dependency for variable 'psum.11' (../gen/Hls_Layers_UpConv.tpp:166).
WARNING: [ANALYSIS 214-52] Found false inter dependency for variable 'psum.10' (../gen/Hls_Layers_UpConv.tpp:166).
WARNING: [ANALYSIS 214-52] Found false inter dependency for variable 'psum.9' (../gen/Hls_Layers_UpConv.tpp:166).
WARNING: [ANALYSIS 214-52] Found false inter dependency for variable 'psum.8' (../gen/Hls_Layers_UpConv.tpp:166).
WARNING: [ANALYSIS 214-52] Found false inter dependency for variable 'psum.7' (../gen/Hls_Layers_UpConv.tpp:166).
WARNING: [ANALYSIS 214-52] Found false inter dependency for variable 'psum.6' (../gen/Hls_Layers_UpConv.tpp:166).
WARNING: [ANALYSIS 214-52] Found false inter dependency for variable 'psum.5' (../gen/Hls_Layers_UpConv.tpp:166).
WARNING: [ANALYSIS 214-52] Found false inter dependency for variable 'psum.4' (../gen/Hls_Layers_UpConv.tpp:166).
WARNING: [ANALYSIS 214-52] Found false inter dependency for variable 'psum.3' (../gen/Hls_Layers_UpConv.tpp:166).
WARNING: [ANALYSIS 214-52] Found false inter dependency for variable 'psum.2' (../gen/Hls_Layers_UpConv.tpp:166).
WARNING: [ANALYSIS 214-52] Found false inter dependency for variable 'psum.1' (../gen/Hls_Layers_UpConv.tpp:166).
WARNING: [ANALYSIS 214-52] Found false inter dependency for variable 'psum' (../gen/Hls_Layers_UpConv.tpp:166).
WARNING: [ANALYSIS 214-52] Found false inter dependency for variable '_ZZ16UpConv_Fused_RowILi8ELi128ELi128ELi120ELi60EEvP7ap_uintILi256EEPKS1_S4_S4_S'.
WARNING: [ANALYSIS 214-52] Found false inter dependency for variable '_ZZ16UpConv_Fused_RowILi8ELi128ELi128ELi120ELi60EEvP7ap_uintILi256EEPKS1_S4_S4_S.1'.
WARNING: [ANALYSIS 214-52] Found false inter dependency for variable '_ZZ16UpConv_Fused_RowILi8ELi128ELi128ELi120ELi60EEvP7ap_uintILi256EEPKS1_S4_S4_S.2'.
WARNING: [ANALYSIS 214-52] Found false inter dependency for variable '_ZZ16UpConv_Fused_RowILi8ELi128ELi128ELi120ELi60EEvP7ap_uintILi256EEPKS1_S4_S4_S.3'.
WARNING: [ANALYSIS 214-52] Found false inter dependency for variable '_ZZ16UpConv_Fused_RowILi8ELi128ELi128ELi120ELi60EEvP7ap_uintILi256EEPKS1_S4_S4_S.4'.
WARNING: [ANALYSIS 214-52] Found false inter dependency for variable '_ZZ16UpConv_Fused_RowILi8ELi128ELi128ELi120ELi60EEvP7ap_uintILi256EEPKS1_S4_S4_S.5'.
WARNING: [ANALYSIS 214-52] Found false inter dependency for variable 'void UpConv_Fused_Row(ap_uint*,ap_uint const*,ap_uint const*,ap_uint const*,ap_u'.
WARNING: [ANALYSIS 214-52] Found false inter dependency for variable 'void UpConv_Fused_Row(ap_uint*,ap_uint const*,ap_uint const*,ap_uint const*,ap_u.1'.
WARNING: [ANALYSIS 214-52] Found false inter dependency for variable 'void UpConv_Fused_Row(ap_uint*,ap_uint const*,ap_uint const*,ap_uint const*,ap_u.2'.
WARNING: [ANALYSIS 214-52] Found false inter dependency for variable 'void UpConv_Fused_Row(ap_uint*,ap_uint const*,ap_uint const*,ap_uint const*,ap_u.3'.
WARNING: [ANALYSIS 214-52] Found false inter dependency for variable 'void UpConv_Fused_Row(ap_uint*,ap_uint const*,ap_uint const*,ap_uint const*,ap_u.4'.
WARNING: [ANALYSIS 214-52] Found false inter dependency for variable 'void UpConv_Fused_Row(ap_uint*,ap_uint const*,ap_uint const*,ap_uint const*,ap_u.5'.
WARNING: [ANALYSIS 214-52] Found false inter dependency for variable 'void UpConv_Fused_Row(ap_uint*,ap_uint const*,ap_uint const*,ap_uint const*,ap_u.6'.
WARNING: [ANALYSIS 214-52] Found false inter dependency for variable 'void UpConv_Fused_Row(ap_uint*,ap_uint const*,ap_uint const*,ap_uint const*,ap_u.7'.
WARNING: [ANALYSIS 214-52] Found false inter dependency for variable 'void UpConv_Fused_Row(ap_uint*,ap_uint const*,ap_uint const*,ap_uint const*,ap_u.8'.
WARNING: [ANALYSIS 214-52] Found false inter dependency for variable 'void UpConv_Fused_Row(ap_uint*,ap_uint const*,ap_uint const*,ap_uint const*,ap_u.9'.
INFO: [HLS 200-111] Finished Architecture Synthesis: CPU user time: 0.54 seconds. CPU system time: 0.03 seconds. Elapsed time: 0.56 seconds; current allocated memory: 454.793 MB.
INFO: [HLS 200-10] Starting hardware synthesis ...
INFO: [HLS 200-10] Synthesizing 'upconv_core_top_ucb3' ...
WARNING: [SYN 201-103] Legalizing function name 'UpConv_Fused_Row<8, 128, 128, 120, 60>_Pipeline_RESET_ROW_ACC' to 'UpConv_Fused_Row_8_128_128_120_60_Pipeline_RESET_ROW_ACC'.
WARNING: [SYN 201-103] Legalizing function name 'UpConv_Fused_Row<8, 128, 128, 120, 60>_Pipeline_W_FLAT' to 'UpConv_Fused_Row_8_128_128_120_60_Pipeline_W_FLAT'.
WARNING: [SYN 201-103] Legalizing function name 'UpConv_Fused_Row<8, 128, 128, 120, 60>_Pipeline_KW_LOOP_FLAT_LOOP' to 'UpConv_Fused_Row_8_128_128_120_60_Pipeline_KW_LOOP_FLAT_LOOP'.
WARNING: [SYN 201-103] Legalizing function name 'UpConv_Fused_Row<8, 128, 128, 120, 60>_Outline_TILE_LOOP' to 'UpConv_Fused_Row_8_128_128_120_60_Outline_TILE_LOOP'.
WARNING: [SYN 201-103] Legalizing function name 'UpConv_Fused_Row<8, 128, 128, 120, 60>_Pipeline_LOAD_PARAMS' to 'UpConv_Fused_Row_8_128_128_120_60_Pipeline_LOAD_PARAMS'.
WARNING: [SYN 201-103] Legalizing function name 'UpConv_Fused_Row<8, 128, 128, 120, 60>_Pipeline_PIXEL_STATS' to 'UpConv_Fused_Row_8_128_128_120_60_Pipeline_PIXEL_STATS'.
WARNING: [SYN 201-103] Legalizing function name 'UpConv_Fused_Row<8, 128, 128, 120, 60>_Pipeline_PIXEL_NORM' to 'UpConv_Fused_Row_8_128_128_120_60_Pipeline_PIXEL_NORM'.
WARNING: [SYN 201-103] Legalizing function name 'UpConv_Fused_Row<8, 128, 128, 120, 60>' to 'UpConv_Fused_Row_8_128_128_120_60_s'.
INFO: [HLS 200-10] ----------------------------------------------------------------
INFO: [HLS 200-42] -- Implementing module 'upconv_core_top_ucb3_Pipeline_LOAD_ROW0_VITIS_LOOP_317_1' 
INFO: [HLS 200-10] ----------------------------------------------------------------
INFO: [SCHED 204-11] Starting scheduling ...
WARNING: [HLS 200-2042] Usage of URAM can potentially cause worse II as Vitis HLS does not exploit read-first mode for URAMs. Consider using BRAMs instead.
INFO: [SCHED 204-61] Pipelining loop 'LOAD_ROW0_VITIS_LOOP_317_1'.
INFO: [HLS 200-1470] Pipelining result : Target II = 1, Final II = 1, Depth = 3, loop 'LOAD_ROW0_VITIS_LOOP_317_1'
INFO: [SCHED 204-11] Finished scheduling.
INFO: [HLS 200-111] Finished Scheduling: CPU user time: 0.07 seconds. CPU system time: 0.01 seconds. Elapsed time: 0.1 seconds; current allocated memory: 455.430 MB.
INFO: [BIND 205-100] Starting micro-architecture generation ...
INFO: [BIND 205-101] Performing variable lifetime analysis.
INFO: [BIND 205-101] Exploring resource sharing.
INFO: [BIND 205-101] Binding ...
INFO: [BIND 205-100] Finished micro-architecture generation.
INFO: [HLS 200-111] Finished Binding: CPU user time: 0.02 seconds. CPU system time: 0 seconds. Elapsed time: 0.02 seconds; current allocated memory: 455.430 MB.
INFO: [HLS 200-10] ----------------------------------------------------------------
INFO: [HLS 200-42] -- Implementing module 'UpConv_Fused_Row_8_128_128_120_60_Pipeline_RESET_ROW_ACC' 
INFO: [HLS 200-10] ----------------------------------------------------------------
INFO: [SCHED 204-11] Starting scheduling ...
WARNING: [HLS 200-2042] Usage of URAM can potentially cause worse II as Vitis HLS does not exploit read-first mode for URAMs. Consider using BRAMs instead.
WARNING: [HLS 200-2042] Usage of URAM can potentially cause worse II as Vitis HLS does not exploit read-first mode for URAMs. Consider using BRAMs instead.
WARNING: [HLS 200-2042] Usage of URAM can potentially cause worse II as Vitis HLS does not exploit read-first mode for URAMs. Consider using BRAMs instead.
WARNING: [HLS 200-2042] Usage of URAM can potentially cause worse II as Vitis HLS does not exploit read-first mode for URAMs. Consider using BRAMs instead.
WARNING: [HLS 200-2042] Usage of URAM can potentially cause worse II as Vitis HLS does not exploit read-first mode for URAMs. Consider using BRAMs instead.
WARNING: [HLS 200-2042] Usage of URAM can potentially cause worse II as Vitis HLS does not exploit read-first mode for URAMs. Consider using BRAMs instead.
WARNING: [HLS 200-2042] Usage of URAM can potentially cause worse II as Vitis HLS does not exploit read-first mode for URAMs. Consider using BRAMs instead.
WARNING: [HLS 200-2042] Usage of URAM can potentially cause worse II as Vitis HLS does not exploit read-first mode for URAMs. Consider using BRAMs instead.
WARNING: [HLS 200-2042] Usage of URAM can potentially cause worse II as Vitis HLS does not exploit read-first mode for URAMs. Consider using BRAMs instead.
WARNING: [HLS 200-2042] Usage of URAM can potentially cause worse II as Vitis HLS does not exploit read-first mode for URAMs. Consider using BRAMs instead.
WARNING: [HLS 200-2042] Usage of URAM can potentially cause worse II as Vitis HLS does not exploit read-first mode for URAMs. Consider using BRAMs instead.
WARNING: [HLS 200-2042] Usage of URAM can potentially cause worse II as Vitis HLS does not exploit read-first mode for URAMs. Consider using BRAMs instead.
WARNING: [HLS 200-2042] Usage of URAM can potentially cause worse II as Vitis HLS does not exploit read-first mode for URAMs. Consider using BRAMs instead.
WARNING: [HLS 200-2042] Usage of URAM can potentially cause worse II as Vitis HLS does not exploit read-first mode for URAMs. Consider using BRAMs instead.
WARNING: [HLS 200-2042] Usage of URAM can potentially cause worse II as Vitis HLS does not exploit read-first mode for URAMs. Consider using BRAMs instead.
WARNING: [HLS 200-2042] Usage of URAM can potentially cause worse II as Vitis HLS does not exploit read-first mode for URAMs. Consider using BRAMs instead.
INFO: [SCHED 204-61] Pipelining loop 'RESET_ROW_ACC'.
INFO: [HLS 200-1470] Pipelining result : Target II = 1, Final II = 1, Depth = 2, loop 'RESET_ROW_ACC'
INFO: [SCHED 204-11] Finished scheduling.
INFO: [HLS 200-111] Finished Scheduling: CPU user time: 0.06 seconds. CPU system time: 0 seconds. Elapsed time: 0.06 seconds; current allocated memory: 456.215 MB.
INFO: [BIND 205-100] Starting micro-architecture generation ...
INFO: [BIND 205-101] Performing variable lifetime analysis.
INFO: [BIND 205-101] Exploring resource sharing.
INFO: [BIND 205-101] Binding ...
INFO: [BIND 205-100] Finished micro-architecture generation.
INFO: [HLS 200-111] Finished Binding: CPU user time: 0.02 seconds. CPU system time: 0.01 seconds. Elapsed time: 0.01 seconds; current allocated memory: 456.215 MB.
INFO: [HLS 200-10] ----------------------------------------------------------------
INFO: [HLS 200-42] -- Implementing module 'UpConv_Fused_Row_8_128_128_120_60_Pipeline_W_FLAT' 
INFO: [HLS 200-10] ----------------------------------------------------------------
INFO: [SCHED 204-11] Starting scheduling ...
INFO: [SCHED 204-61] Pipelining loop 'W_FLAT'.
INFO: [HLS 200-1470] Pipelining result : Target II = 1, Final II = 1, Depth = 13, loop 'W_FLAT'
WARNING: [HLS 200-871] Estimated clock period (2.877 ns) exceeds the target (target clock period: 3.333 ns, clock uncertainty: 0.900 ns, effective delay budget: 2.433 ns).
Resolution: For help on HLS 200-871 see docs.xilinx.com/access/sources/dita/topic?Doc_Version=2024.2%20English&url=ug1448-hls-guidance&resourceid=200-871.html
WARNING: [HLS 200-1016] The critical path in module 'UpConv_Fused_Row_8_128_128_120_60_Pipeline_W_FLAT' consists of the following:
	'load' operation 32 bit ('ci_cnt_load_1', ../gen/Hls_Layers_UpConv.tpp:145) on local variable 'ci_cnt', ../gen/Hls_Layers_UpConv.tpp:141 [95]  (0.000 ns)
	'add' operation 32 bit ('ci_cnt', ../gen/Hls_Layers_UpConv.tpp:145) [97]  (1.016 ns)
	'icmp' operation 1 bit ('icmp_ln146', ../gen/Hls_Layers_UpConv.tpp:146) [99]  (0.985 ns)
	'select' operation 32 bit ('k_cnt', ../gen/Hls_Layers_UpConv.tpp:146) [102]  (0.449 ns)
	'store' operation 0 bit ('k_cnt_write_ln141', ../gen/Hls_Layers_UpConv.tpp:141) of variable 'k_cnt', ../gen/Hls_Layers_UpConv.tpp:146 on local variable 'k_cnt', ../gen/Hls_Layers_UpConv.tpp:141 [103]  (0.427 ns)

Resolution: For help on HLS 200-1016 see docs.xilinx.com/access/sources/dita/topic?Doc_Version=2024.2%20English&url=ug1448-hls-guidance&resourceid=200-1016.html
INFO: [SCHED 204-11] Finished scheduling.
INFO: [HLS 200-111] Finished Scheduling: CPU user time: 0.05 seconds. CPU system time: 0 seconds. Elapsed time: 0.06 seconds; current allocated memory: 456.984 MB.
INFO: [BIND 205-100] Starting micro-architecture generation ...
INFO: [BIND 205-101] Performing variable lifetime analysis.
INFO: [BIND 205-101] Exploring resource sharing.
INFO: [BIND 205-101] Binding ...
INFO: [BIND 205-100] Finished micro-architecture generation.
INFO: [HLS 200-111] Finished Binding: CPU user time: 0.02 seconds. CPU system time: 0 seconds. Elapsed time: 0.02 seconds; current allocated memory: 456.984 MB.
INFO: [HLS 200-10] ----------------------------------------------------------------
INFO: [HLS 200-42] -- Implementing module 'UpConv_Fused_Row_8_128_128_120_60_Pipeline_KW_LOOP_FLAT_LOOP' 
INFO: [HLS 200-10] ----------------------------------------------------------------
INFO: [SCHED 204-11] Starting scheduling ...
WARNING: [HLS 200-2042] Usage of URAM can potentially cause worse II as Vitis HLS does not exploit read-first mode for URAMs. Consider using BRAMs instead.
WARNING: [HLS 200-2042] Usage of URAM can potentially cause worse II as Vitis HLS does not exploit read-first mode for URAMs. Consider using BRAMs instead.
WARNING: [HLS 200-2042] Usage of URAM can potentially cause worse II as Vitis HLS does not exploit read-first mode for URAMs. Consider using BRAMs instead.
WARNING: [HLS 200-2042] Usage of URAM can potentially cause worse II as Vitis HLS does not exploit read-first mode for URAMs. Consider using BRAMs instead.
WARNING: [HLS 200-2042] Usage of URAM can potentially cause worse II as Vitis HLS does not exploit read-first mode for URAMs. Consider using BRAMs instead.
WARNING: [HLS 200-2042] Usage of URAM can potentially cause worse II as Vitis HLS does not exploit read-first mode for URAMs. Consider using BRAMs instead.
WARNING: [HLS 200-2042] Usage of URAM can potentially cause worse II as Vitis HLS does not exploit read-first mode for URAMs. Consider using BRAMs instead.
WARNING: [HLS 200-2042] Usage of URAM can potentially cause worse II as Vitis HLS does not exploit read-first mode for URAMs. Consider using BRAMs instead.
WARNING: [HLS 200-2042] Usage of URAM can potentially cause worse II as Vitis HLS does not exploit read-first mode for URAMs. Consider using BRAMs instead.
WARNING: [HLS 200-2042] Usage of URAM can potentially cause worse II as Vitis HLS does not exploit read-first mode for URAMs. Consider using BRAMs instead.
WARNING: [HLS 200-2042] Usage of URAM can potentially cause worse II as Vitis HLS does not exploit read-first mode for URAMs. Consider using BRAMs instead.
WARNING: [HLS 200-2042] Usage of URAM can potentially cause worse II as Vitis HLS does not exploit read-first mode for URAMs. Consider using BRAMs instead.
WARNING: [HLS 200-2042] Usage of URAM can potentially cause worse II as Vitis HLS does not exploit read-first mode for URAMs. Consider using BRAMs instead.
WARNING: [HLS 200-2042] Usage of URAM can potentially cause worse II as Vitis HLS does not exploit read-first mode for URAMs. Consider using BRAMs instead.
WARNING: [HLS 200-2042] Usage of URAM can potentially cause worse II as Vitis HLS does not exploit read-first mode for URAMs. Consider using BRAMs instead.
WARNING: [HLS 200-2042] Usage of URAM can potentially cause worse II as Vitis HLS does not exploit read-first mode for URAMs. Consider using BRAMs instead.
WARNING: [HLS 200-2042] Usage of URAM can potentially cause worse II as Vitis HLS does not exploit read-first mode for URAMs. Consider using BRAMs instead.
WARNING: [HLS 200-2042] Usage of URAM can potentially cause worse II as Vitis HLS does not exploit read-first mode for URAMs. Consider using BRAMs instead.
WARNING: [HLS 200-2042] Usage of URAM can potentially cause worse II as Vitis HLS does not exploit read-first mode for URAMs. Consider using BRAMs instead.
WARNING: [HLS 200-2042] Usage of URAM can potentially cause worse II as Vitis HLS does not exploit read-first mode for URAMs. Consider using BRAMs instead.
WARNING: [HLS 200-2042] Usage of URAM can potentially cause worse II as Vitis HLS does not exploit read-first mode for URAMs. Consider using BRAMs instead.
WARNING: [HLS 200-2042] Usage of URAM can potentially cause worse II as Vitis HLS does not exploit read-first mode for URAMs. Consider using BRAMs instead.
WARNING: [HLS 200-2042] Usage of URAM can potentially cause worse II as Vitis HLS does not exploit read-first mode for URAMs. Consider using BRAMs instead.
WARNING: [HLS 200-2042] Usage of URAM can potentially cause worse II as Vitis HLS does not exploit read-first mode for URAMs. Consider using BRAMs instead.
WARNING: [HLS 200-2042] Usage of URAM can potentially cause worse II as Vitis HLS does not exploit read-first mode for URAMs. Consider using BRAMs instead.
WARNING: [HLS 200-2042] Usage of URAM can potentially cause worse II as Vitis HLS does not exploit read-first mode for URAMs. Consider using BRAMs instead.
WARNING: [HLS 200-2042] Usage of URAM can potentially cause worse II as Vitis HLS does not exploit read-first mode for URAMs. Consider using BRAMs instead.
WARNING: [HLS 200-2042] Usage of URAM can potentially cause worse II as Vitis HLS does not exploit read-first mode for URAMs. Consider using BRAMs instead.
WARNING: [HLS 200-2042] Usage of URAM can potentially cause worse II as Vitis HLS does not exploit read-first mode for URAMs. Consider using BRAMs instead.
WARNING: [HLS 200-2042] Usage of URAM can potentially cause worse II as Vitis HLS does not exploit read-first mode for URAMs. Consider using BRAMs instead.
WARNING: [HLS 200-2042] Usage of URAM can potentially cause worse II as Vitis HLS does not exploit read-first mode for URAMs. Consider using BRAMs instead.
WARNING: [HLS 200-2042] Usage of URAM can potentially cause worse II as Vitis HLS does not exploit read-first mode for URAMs. Consider using BRAMs instead.
WARNING: [HLS 200-2042] Usage of URAM can potentially cause worse II as Vitis HLS does not exploit read-first mode for URAMs. Consider using BRAMs instead.
INFO: [SCHED 204-61] Pipelining loop 'KW_LOOP_FLAT_LOOP'.
INFO: [HLS 200-1470] Pipelining result : Target II = 1, Final II = 1, Depth = 116, loop 'KW_LOOP_FLAT_LOOP'
INFO: [SCHED 204-11] Finished scheduling.
INFO: [HLS 200-111] Finished Scheduling: CPU user time: 0.41 seconds. CPU system time: 0.01 seconds. Elapsed time: 0.43 seconds; current allocated memory: 466.969 MB.
INFO: [BIND 205-100] Starting micro-architecture generation ...
INFO: [BIND 205-101] Performing variable lifetime analysis.
INFO: [BIND 205-101] Exploring resource sharing.
INFO: [BIND 205-101] Binding ...
INFO: [BIND 205-100] Finished micro-architecture generation.
INFO: [HLS 200-111] Finished Binding: CPU user time: 0.12 seconds. CPU system time: 0.01 seconds. Elapsed time: 0.13 seconds; current allocated memory: 467.242 MB.
INFO: [HLS 200-10] ----------------------------------------------------------------
INFO: [HLS 200-42] -- Implementing module 'UpConv_Fused_Row_8_128_128_120_60_Outline_TILE_LOOP' 
INFO: [HLS 200-10] ----------------------------------------------------------------
INFO: [SCHED 204-11] Starting scheduling ...
INFO: [SCHED 204-11] Finished scheduling.
INFO: [HLS 200-111] Finished Scheduling: CPU user time: 0.09 seconds. CPU system time: 0 seconds. Elapsed time: 0.09 seconds; current allocated memory: 468.594 MB.
INFO: [BIND 205-100] Starting micro-architecture generation ...
INFO: [BIND 205-101] Performing variable lifetime analysis.
INFO: [BIND 205-101] Exploring resource sharing.
INFO: [BIND 205-101] Binding ...
INFO: [BIND 205-100] Finished micro-architecture generation.
INFO: [HLS 200-111] Finished Binding: CPU user time: 0.02 seconds. CPU system time: 0 seconds. Elapsed time: 0.03 seconds; current allocated memory: 468.594 MB.
INFO: [HLS 200-10] ----------------------------------------------------------------
INFO: [HLS 200-42] -- Implementing module 'UpConv_Fused_Row_8_128_128_120_60_Pipeline_LOAD_PARAMS' 
INFO: [HLS 200-10] ----------------------------------------------------------------
INFO: [SCHED 204-11] Starting scheduling ...
INFO: [SCHED 204-61] Pipelining loop 'LOAD_PARAMS'.
WARNING: [HLS 200-885] The II Violation in module 'UpConv_Fused_Row_8_128_128_120_60_Pipeline_LOAD_PARAMS' (loop 'LOAD_PARAMS'): Unable to schedule bus request operation ('gmem_param_load_1_req', ../gen/Hls_Layers_UpConv.tpp:224) on port 'gmem_param' (../gen/Hls_Layers_UpConv.tpp:224) due to limited memory ports (II = 1). Please consider using a memory core with more ports or partitioning the array.
Resolution: For help on HLS 200-885 see docs.xilinx.com/access/sources/dita/topic?Doc_Version=2024.2%20English&url=ug1448-hls-guidance&resourceid=200-885.html
WARNING: [HLS 200-885] The II Violation in module 'UpConv_Fused_Row_8_128_128_120_60_Pipeline_LOAD_PARAMS' (loop 'LOAD_PARAMS'): Unable to schedule bus request operation ('gmem_param_load_2_req', ../gen/Hls_Layers_UpConv.tpp:225) on port 'gmem_param' (../gen/Hls_Layers_UpConv.tpp:225) due to limited memory ports (II = 2). Please consider using a memory core with more ports or partitioning the array.
Resolution: For help on HLS 200-885 see docs.xilinx.com/access/sources/dita/topic?Doc_Version=2024.2%20English&url=ug1448-hls-guidance&resourceid=200-885.html
INFO: [HLS 200-1470] Pipelining result : Target II = 1, Final II = 3, Depth = 13, loop 'LOAD_PARAMS'
INFO: [SCHED 204-11] Finished scheduling.
INFO: [HLS 200-111] Finished Scheduling: CPU user time: 0.05 seconds. CPU system time: 0.01 seconds. Elapsed time: 0.06 seconds; current allocated memory: 469.488 MB.
INFO: [BIND 205-100] Starting micro-architecture generation ...
INFO: [BIND 205-101] Performing variable lifetime analysis.
INFO: [BIND 205-101] Exploring resource sharing.
INFO: [BIND 205-101] Binding ...
INFO: [BIND 205-100] Finished micro-architecture generation.
INFO: [HLS 200-111] Finished Binding: CPU user time: 0.02 seconds. CPU system time: 0 seconds. Elapsed time: 0.02 seconds; current allocated memory: 469.488 MB.
INFO: [HLS 200-10] ----------------------------------------------------------------
INFO: [HLS 200-42] -- Implementing module 'UpConv_Fused_Row_8_128_128_120_60_Pipeline_PIXEL_STATS' 
INFO: [HLS 200-10] ----------------------------------------------------------------
INFO: [SCHED 204-11] Starting scheduling ...
WARNING: [HLS 200-2042] Usage of URAM can potentially cause worse II as Vitis HLS does not exploit read-first mode for URAMs. Consider using BRAMs instead.
WARNING: [HLS 200-2042] Usage of URAM can potentially cause worse II as Vitis HLS does not exploit read-first mode for URAMs. Consider using BRAMs instead.
WARNING: [HLS 200-2042] Usage of URAM can potentially cause worse II as Vitis HLS does not exploit read-first mode for URAMs. Consider using BRAMs instead.
WARNING: [HLS 200-2042] Usage of URAM can potentially cause worse II as Vitis HLS does not exploit read-first mode for URAMs. Consider using BRAMs instead.
WARNING: [HLS 200-2042] Usage of URAM can potentially cause worse II as Vitis HLS does not exploit read-first mode for URAMs. Consider using BRAMs instead.
WARNING: [HLS 200-2042] Usage of URAM can potentially cause worse II as Vitis HLS does not exploit read-first mode for URAMs. Consider using BRAMs instead.
WARNING: [HLS 200-2042] Usage of URAM can potentially cause worse II as Vitis HLS does not exploit read-first mode for URAMs. Consider using BRAMs instead.
WARNING: [HLS 200-2042] Usage of URAM can potentially cause worse II as Vitis HLS does not exploit read-first mode for URAMs. Consider using BRAMs instead.
WARNING: [HLS 200-2042] Usage of URAM can potentially cause worse II as Vitis HLS does not exploit read-first mode for URAMs. Consider using BRAMs instead.
WARNING: [HLS 200-2042] Usage of URAM can potentially cause worse II as Vitis HLS does not exploit read-first mode for URAMs. Consider using BRAMs instead.
WARNING: [HLS 200-2042] Usage of URAM can potentially cause worse II as Vitis HLS does not exploit read-first mode for URAMs. Consider using BRAMs instead.
WARNING: [HLS 200-2042] Usage of URAM can potentially cause worse II as Vitis HLS does not exploit read-first mode for URAMs. Consider using BRAMs instead.
WARNING: [HLS 200-2042] Usage of URAM can potentially cause worse II as Vitis HLS does not exploit read-first mode for URAMs. Consider using BRAMs instead.
WARNING: [HLS 200-2042] Usage of URAM can potentially cause worse II as Vitis HLS does not exploit read-first mode for URAMs. Consider using BRAMs instead.
WARNING: [HLS 200-2042] Usage of URAM can potentially cause worse II as Vitis HLS does not exploit read-first mode for URAMs. Consider using BRAMs instead.
WARNING: [HLS 200-2042] Usage of URAM can potentially cause worse II as Vitis HLS does not exploit read-first mode for URAMs. Consider using BRAMs instead.
WARNING: [HLS 200-2042] Usage of URAM can potentially cause worse II as Vitis HLS does not exploit read-first mode for URAMs. Consider using BRAMs instead.
WARNING: [HLS 200-2042] Usage of URAM can potentially cause worse II as Vitis HLS does not exploit read-first mode for URAMs. Consider using BRAMs instead.
WARNING: [HLS 200-2042] Usage of URAM can potentially cause worse II as Vitis HLS does not exploit read-first mode for URAMs. Consider using BRAMs instead.
WARNING: [HLS 200-2042] Usage of URAM can potentially cause worse II as Vitis HLS does not exploit read-first mode for URAMs. Consider using BRAMs instead.
WARNING: [HLS 200-2042] Usage of URAM can potentially cause worse II as Vitis HLS does not exploit read-first mode for URAMs. Consider using BRAMs instead.
WARNING: [HLS 200-2042] Usage of URAM can potentially cause worse II as Vitis HLS does not exploit read-first mode for URAMs. Consider using BRAMs instead.
WARNING: [HLS 200-2042] Usage of URAM can potentially cause worse II as Vitis HLS does not exploit read-first mode for URAMs. Consider using BRAMs instead.
WARNING: [HLS 200-2042] Usage of URAM can potentially cause worse II as Vitis HLS does not exploit read-first mode for URAMs. Consider using BRAMs instead.
WARNING: [HLS 200-2042] Usage of URAM can potentially cause worse II as Vitis HLS does not exploit read-first mode for URAMs. Consider using BRAMs instead.
WARNING: [HLS 200-2042] Usage of URAM can potentially cause worse II as Vitis HLS does not exploit read-first mode for URAMs. Consider using BRAMs instead.
WARNING: [HLS 200-2042] Usage of URAM can potentially cause worse II as Vitis HLS does not exploit read-first mode for URAMs. Consider using BRAMs instead.
WARNING: [HLS 200-2042] Usage of URAM can potentially cause worse II as Vitis HLS does not exploit read-first mode for URAMs. Consider using BRAMs instead.
WARNING: [HLS 200-2042] Usage of URAM can potentially cause worse II as Vitis HLS does not exploit read-first mode for URAMs. Consider using BRAMs instead.
WARNING: [HLS 200-2042] Usage of URAM can potentially cause worse II as Vitis HLS does not exploit read-first mode for URAMs. Consider using BRAMs instead.
WARNING: [HLS 200-2042] Usage of URAM can potentially cause worse II as Vitis HLS does not exploit read-first mode for URAMs. Consider using BRAMs instead.
WARNING: [HLS 200-2042] Usage of URAM can potentially cause worse II as Vitis HLS does not exploit read-first mode for URAMs. Consider using BRAMs instead.
INFO: [SCHED 204-61] Pipelining loop 'PIXEL_STATS'.
INFO: [HLS 200-1470] Pipelining result : Target II = 1, Final II = 1, Depth = 231, loop 'PIXEL_STATS'
INFO: [SCHED 204-11] Finished scheduling.
INFO: [HLS 200-111] Finished Scheduling: CPU user time: 0.19 seconds. CPU system time: 0.01 seconds. Elapsed time: 0.2 seconds; current allocated memory: 473.348 MB.
INFO: [BIND 205-100] Starting micro-architecture generation ...
INFO: [BIND 205-101] Performing variable lifetime analysis.
INFO: [BIND 205-101] Exploring resource sharing.
INFO: [BIND 205-101] Binding ...
INFO: [BIND 205-100] Finished micro-architecture generation.
INFO: [HLS 200-111] Finished Binding: CPU user time: 0.04 seconds. CPU system time: 0 seconds. Elapsed time: 0.05 seconds; current allocated memory: 473.449 MB.
INFO: [HLS 200-10] ----------------------------------------------------------------
INFO: [HLS 200-42] -- Implementing module 'UpConv_Fused_Row_8_128_128_120_60_Pipeline_PIXEL_NORM' 
INFO: [HLS 200-10] ----------------------------------------------------------------
INFO: [SCHED 204-11] Starting scheduling ...
WARNING: [HLS 200-2042] Usage of URAM can potentially cause worse II as Vitis HLS does not exploit read-first mode for URAMs. Consider using BRAMs instead.
WARNING: [HLS 200-2042] Usage of URAM can potentially cause worse II as Vitis HLS does not exploit read-first mode for URAMs. Consider using BRAMs instead.
WARNING: [HLS 200-2042] Usage of URAM can potentially cause worse II as Vitis HLS does not exploit read-first mode for URAMs. Consider using BRAMs instead.
WARNING: [HLS 200-2042] Usage of URAM can potentially cause worse II as Vitis HLS does not exploit read-first mode for URAMs. Consider using BRAMs instead.
WARNING: [HLS 200-2042] Usage of URAM can potentially cause worse II as Vitis HLS does not exploit read-first mode for URAMs. Consider using BRAMs instead.
WARNING: [HLS 200-2042] Usage of URAM can potentially cause worse II as Vitis HLS does not exploit read-first mode for URAMs. Consider using BRAMs instead.
WARNING: [HLS 200-2042] Usage of URAM can potentially cause worse II as Vitis HLS does not exploit read-first mode for URAMs. Consider using BRAMs instead.
WARNING: [HLS 200-2042] Usage of URAM can potentially cause worse II as Vitis HLS does not exploit read-first mode for URAMs. Consider using BRAMs instead.
WARNING: [HLS 200-2042] Usage of URAM can potentially cause worse II as Vitis HLS does not exploit read-first mode for URAMs. Consider using BRAMs instead.
WARNING: [HLS 200-2042] Usage of URAM can potentially cause worse II as Vitis HLS does not exploit read-first mode for URAMs. Consider using BRAMs instead.
WARNING: [HLS 200-2042] Usage of URAM can potentially cause worse II as Vitis HLS does not exploit read-first mode for URAMs. Consider using BRAMs instead.
WARNING: [HLS 200-2042] Usage of URAM can potentially cause worse II as Vitis HLS does not exploit read-first mode for URAMs. Consider using BRAMs instead.
WARNING: [HLS 200-2042] Usage of URAM can potentially cause worse II as Vitis HLS does not exploit read-first mode for URAMs. Consider using BRAMs instead.
WARNING: [HLS 200-2042] Usage of URAM can potentially cause worse II as Vitis HLS does not exploit read-first mode for URAMs. Consider using BRAMs instead.
WARNING: [HLS 200-2042] Usage of URAM can potentially cause worse II as Vitis HLS does not exploit read-first mode for URAMs. Consider using BRAMs instead.
WARNING: [HLS 200-2042] Usage of URAM can potentially cause worse II as Vitis HLS does not exploit read-first mode for URAMs. Consider using BRAMs instead.
INFO: [SCHED 204-61] Pipelining loop 'PIXEL_NORM'.
INFO: [HLS 200-1470] Pipelining result : Target II = 1, Final II = 1, Depth = 31, loop 'PIXEL_NORM'
INFO: [SCHED 204-11] Finished scheduling.
INFO: [HLS 200-111] Finished Scheduling: CPU user time: 0.18 seconds. CPU system time: 0.01 seconds. Elapsed time: 0.18 seconds; current allocated memory: 476.852 MB.
INFO: [BIND 205-100] Starting micro-architecture generation ...
INFO: [BIND 205-101] Performing variable lifetime analysis.
INFO: [BIND 205-101] Exploring resource sharing.
INFO: [BIND 205-101] Binding ...
INFO: [BIND 205-100] Finished micro-architecture generation.
INFO: [HLS 200-111] Finished Binding: CPU user time: 0.04 seconds. CPU system time: 0 seconds. Elapsed time: 0.04 seconds; current allocated memory: 477.410 MB.
INFO: [HLS 200-10] ----------------------------------------------------------------
INFO: [HLS 200-42] -- Implementing module 'UpConv_Fused_Row_8_128_128_120_60_s' 
INFO: [HLS 200-10] ----------------------------------------------------------------
INFO: [SCHED 204-11] Starting scheduling ...
INFO: [SCHED 204-11] Finished scheduling.
INFO: [HLS 200-111] Finished Scheduling: CPU user time: 0.05 seconds. CPU system time: 0 seconds. Elapsed time: 0.04 seconds; current allocated memory: 478.336 MB.
INFO: [BIND 205-100] Starting micro-architecture generation ...
INFO: [BIND 205-101] Performing variable lifetime analysis.
INFO: [BIND 205-101] Exploring resource sharing.
INFO: [BIND 205-101] Binding ...
INFO: [BIND 205-100] Finished micro-architecture generation.
INFO: [HLS 200-111] Finished Binding: CPU user time: 0.04 seconds. CPU system time: 0.01 seconds. Elapsed time: 0.04 seconds; current allocated memory: 478.688 MB.
INFO: [HLS 200-10] ----------------------------------------------------------------
INFO: [HLS 200-42] -- Implementing module 'upconv_core_top_ucb3_Pipeline_LOAD_ROW_VITIS_LOOP_328_2' 
INFO: [HLS 200-10] ----------------------------------------------------------------
INFO: [SCHED 204-11] Starting scheduling ...
WARNING: [HLS 200-2042] Usage of URAM can potentially cause worse II as Vitis HLS does not exploit read-first mode for URAMs. Consider using BRAMs instead.
INFO: [SCHED 204-61] Pipelining loop 'LOAD_ROW_VITIS_LOOP_328_2'.
INFO: [HLS 200-1470] Pipelining result : Target II = 1, Final II = 1, Depth = 12, loop 'LOAD_ROW_VITIS_LOOP_328_2'
INFO: [SCHED 204-11] Finished scheduling.
INFO: [HLS 200-111] Finished Scheduling: CPU user time: 0.07 seconds. CPU system time: 0 seconds. Elapsed time: 0.07 seconds; current allocated memory: 479.871 MB.
INFO: [BIND 205-100] Starting micro-architecture generation ...
INFO: [BIND 205-101] Performing variable lifetime analysis.
INFO: [BIND 205-101] Exploring resource sharing.
INFO: [BIND 205-101] Binding ...
INFO: [BIND 205-100] Finished micro-architecture generation.
INFO: [HLS 200-111] Finished Binding: CPU user time: 0.03 seconds. CPU system time: 0 seconds. Elapsed time: 0.03 seconds; current allocated memory: 479.871 MB.
INFO: [HLS 200-10] ----------------------------------------------------------------
INFO: [HLS 200-42] -- Implementing module 'upconv_core_top_ucb3' 
INFO: [HLS 200-10] ----------------------------------------------------------------
INFO: [SCHED 204-11] Starting scheduling ...
INFO: [SCHED 204-11] Finished scheduling.
INFO: [HLS 200-111] Finished Scheduling: CPU user time: 0.03 seconds. CPU system time: 0 seconds. Elapsed time: 0.04 seconds; current allocated memory: 480.156 MB.
INFO: [BIND 205-100] Starting micro-architecture generation ...
INFO: [BIND 205-101] Performing variable lifetime analysis.
INFO: [BIND 205-101] Exploring resource sharing.
INFO: [BIND 205-101] Binding ...
INFO: [BIND 205-100] Finished micro-architecture generation.
INFO: [HLS 200-111] Finished Binding: CPU user time: 0.03 seconds. CPU system time: 0 seconds. Elapsed time: 0.03 seconds; current allocated memory: 480.156 MB.
INFO: [HLS 200-10] ----------------------------------------------------------------
INFO: [HLS 200-10] -- Generating RTL for module 'upconv_core_top_ucb3_Pipeline_LOAD_ROW0_VITIS_LOOP_317_1' 
INFO: [HLS 200-10] ----------------------------------------------------------------
INFO: [HLS 200-1030] Apply Unified Pipeline Control on module 'upconv_core_top_ucb3_Pipeline_LOAD_ROW0_VITIS_LOOP_317_1' pipeline 'LOAD_ROW0_VITIS_LOOP_317_1' pipeline type 'loop pipeline'
WARNING: [RTGEN 206-101] Setting dangling out port 'upconv_core_top_ucb3_Pipeline_LOAD_ROW0_VITIS_LOOP_317_1/m_axi_gmem_in_0_ARVALID' to 0.
WARNING: [RTGEN 206-101] Setting dangling out port 'upconv_core_top_ucb3_Pipeline_LOAD_ROW0_VITIS_LOOP_317_1/m_axi_gmem_in_0_ARADDR' to 0.
WARNING: [RTGEN 206-101] Setting dangling out port 'upconv_core_top_ucb3_Pipeline_LOAD_ROW0_VITIS_LOOP_317_1/m_axi_gmem_in_0_ARID' to 0.
WARNING: [RTGEN 206-101] Setting dangling out port 'upconv_core_top_ucb3_Pipeline_LOAD_ROW0_VITIS_LOOP_317_1/m_axi_gmem_in_0_ARLEN' to 0.
WARNING: [RTGEN 206-101] Setting dangling out port 'upconv_core_top_ucb3_Pipeline_LOAD_ROW0_VITIS_LOOP_317_1/m_axi_gmem_in_0_ARSIZE' to 0.
WARNING: [RTGEN 206-101] Setting dangling out port 'upconv_core_top_ucb3_Pipeline_LOAD_ROW0_VITIS_LOOP_317_1/m_axi_gmem_in_0_ARBURST' to 0.
WARNING: [RTGEN 206-101] Setting dangling out port 'upconv_core_top_ucb3_Pipeline_LOAD_ROW0_VITIS_LOOP_317_1/m_axi_gmem_in_0_ARLOCK' to 0.
WARNING: [RTGEN 206-101] Setting dangling out port 'upconv_core_top_ucb3_Pipeline_LOAD_ROW0_VITIS_LOOP_317_1/m_axi_gmem_in_0_ARCACHE' to 0.
WARNING: [RTGEN 206-101] Setting dangling out port 'upconv_core_top_ucb3_Pipeline_LOAD_ROW0_VITIS_LOOP_317_1/m_axi_gmem_in_0_ARPROT' to 0.
WARNING: [RTGEN 206-101] Setting dangling out port 'upconv_core_top_ucb3_Pipeline_LOAD_ROW0_VITIS_LOOP_317_1/m_axi_gmem_in_0_ARQOS' to 0.
WARNING: [RTGEN 206-101] Setting dangling out port 'upconv_core_top_ucb3_Pipeline_LOAD_ROW0_VITIS_LOOP_317_1/m_axi_gmem_in_0_ARREGION' to 0.
WARNING: [RTGEN 206-101] Setting dangling out port 'upconv_core_top_ucb3_Pipeline_LOAD_ROW0_VITIS_LOOP_317_1/m_axi_gmem_in_0_ARUSER' to 0.
INFO: [RTGEN 206-100] Finished creating RTL model for 'upconv_core_top_ucb3_Pipeline_LOAD_ROW0_VITIS_LOOP_317_1'.
INFO: [HLS 200-111] Finished Creating RTL model: CPU user time: 0.1 seconds. CPU system time: 0 seconds. Elapsed time: 0.1 seconds; current allocated memory: 480.629 MB.
INFO: [HLS 200-10] ----------------------------------------------------------------
INFO: [HLS 200-10] -- Generating RTL for module 'UpConv_Fused_Row_8_128_128_120_60_Pipeline_RESET_ROW_ACC' 
INFO: [HLS 200-10] ----------------------------------------------------------------
INFO: [HLS 200-1030] Apply Unified Pipeline Control on module 'UpConv_Fused_Row_8_128_128_120_60_Pipeline_RESET_ROW_ACC' pipeline 'RESET_ROW_ACC' pipeline type 'loop pipeline'
INFO: [RTGEN 206-100] Finished creating RTL model for 'UpConv_Fused_Row_8_128_128_120_60_Pipeline_RESET_ROW_ACC'.
INFO: [HLS 200-111] Finished Creating RTL model: CPU user time: 0.05 seconds. CPU system time: 0 seconds. Elapsed time: 0.05 seconds; current allocated memory: 482.246 MB.
INFO: [HLS 200-10] ----------------------------------------------------------------
INFO: [HLS 200-10] -- Generating RTL for module 'UpConv_Fused_Row_8_128_128_120_60_Pipeline_W_FLAT' 
INFO: [HLS 200-10] ----------------------------------------------------------------
INFO: [HLS 200-1030] Apply Unified Pipeline Control on module 'UpConv_Fused_Row_8_128_128_120_60_Pipeline_W_FLAT' pipeline 'W_FLAT' pipeline type 'loop pipeline'
INFO: [RTGEN 206-100] Finished creating RTL model for 'UpConv_Fused_Row_8_128_128_120_60_Pipeline_W_FLAT'.
INFO: [HLS 200-111] Finished Creating RTL model: CPU user time: 0.07 seconds. CPU system time: 0 seconds. Elapsed time: 0.07 seconds; current allocated memory: 484.430 MB.
INFO: [HLS 200-10] ----------------------------------------------------------------
INFO: [HLS 200-10] -- Generating RTL for module 'UpConv_Fused_Row_8_128_128_120_60_Pipeline_KW_LOOP_FLAT_LOOP' 
INFO: [HLS 200-10] ----------------------------------------------------------------
INFO: [HLS 200-1030] Apply Unified Pipeline Control on module 'UpConv_Fused_Row_8_128_128_120_60_Pipeline_KW_LOOP_FLAT_LOOP' pipeline 'KW_LOOP_FLAT_LOOP' pipeline type 'loop pipeline'
INFO: [RTGEN 206-104] Estimated max fanout for 'UpConv_Fused_Row_8_128_128_120_60_Pipeline_KW_LOOP_FLAT_LOOP' is 86812 from HDL expression: (1'b0 == ap_block_pp0_stage0_11001)
INFO: [RTGEN 206-100] Generating core module 'hadd_16ns_16ns_16_5_full_dsp_1': 168 instance(s).
INFO: [RTGEN 206-100] Generating core module 'hmul_16ns_16ns_16_4_max_dsp_1': 128 instance(s).
INFO: [RTGEN 206-100] Generating core module 'sparsemux_9_2_16_1_1': 8 instance(s).
INFO: [RTGEN 206-100] Finished creating RTL model for 'UpConv_Fused_Row_8_128_128_120_60_Pipeline_KW_LOOP_FLAT_LOOP'.
INFO: [HLS 200-111] Finished Creating RTL model: CPU user time: 0.54 seconds. CPU system time: 0.02 seconds. Elapsed time: 0.56 seconds; current allocated memory: 520.363 MB.
INFO: [HLS 200-10] ----------------------------------------------------------------
INFO: [HLS 200-10] -- Generating RTL for module 'UpConv_Fused_Row_8_128_128_120_60_Outline_TILE_LOOP' 
INFO: [HLS 200-10] ----------------------------------------------------------------
INFO: [RTGEN 206-100] Generating core module 'hadd_16ns_16ns_16_5_full_dsp_1': 16 instance(s).
INFO: [RTGEN 206-100] Generating core module 'hmul_16ns_16ns_16_4_max_dsp_1': 32 instance(s).
INFO: [RTGEN 206-100] Finished creating RTL model for 'UpConv_Fused_Row_8_128_128_120_60_Outline_TILE_LOOP'.
INFO: [RTMG 210-278] Implementing memory 'upconv_core_top_ucb3_UpConv_Fused_Row_8_128_128_120_60_Outline_TILE_LOOP_w_local_7_RAM_T2P_BRAM_1R1W' using block RAMs.
INFO: [HLS 200-111] Finished Creating RTL model: CPU user time: 0.5 seconds. CPU system time: 0.01 seconds. Elapsed time: 0.51 seconds; current allocated memory: 536.660 MB.
INFO: [HLS 200-10] ----------------------------------------------------------------
INFO: [HLS 200-10] -- Generating RTL for module 'UpConv_Fused_Row_8_128_128_120_60_Pipeline_LOAD_PARAMS' 
INFO: [HLS 200-10] ----------------------------------------------------------------
INFO: [HLS 200-1030] Apply Unified Pipeline Control on module 'UpConv_Fused_Row_8_128_128_120_60_Pipeline_LOAD_PARAMS' pipeline 'LOAD_PARAMS' pipeline type 'loop pipeline'
INFO: [RTGEN 206-100] Finished creating RTL model for 'UpConv_Fused_Row_8_128_128_120_60_Pipeline_LOAD_PARAMS'.
INFO: [HLS 200-111] Finished Creating RTL model: CPU user time: 0.1 seconds. CPU system time: 0.01 seconds. Elapsed time: 0.1 seconds; current allocated memory: 539.121 MB.
INFO: [HLS 200-10] ----------------------------------------------------------------
INFO: [HLS 200-10] -- Generating RTL for module 'UpConv_Fused_Row_8_128_128_120_60_Pipeline_PIXEL_STATS' 
INFO: [HLS 200-10] ----------------------------------------------------------------
INFO: [HLS 200-1030] Apply Unified Pipeline Control on module 'UpConv_Fused_Row_8_128_128_120_60_Pipeline_PIXEL_STATS' pipeline 'PIXEL_STATS' pipeline type 'loop pipeline'
INFO: [RTGEN 206-104] Estimated max fanout for 'UpConv_Fused_Row_8_128_128_120_60_Pipeline_PIXEL_STATS' is 13167 from HDL expression: (1'b0 == ap_block_pp0_stage0_11001)
INFO: [RTGEN 206-100] Generating core module 'fadd_32ns_32ns_32_11_full_dsp_1': 19 instance(s).
INFO: [RTGEN 206-100] Generating core module 'fdiv_32ns_32ns_32_30_no_dsp_1': 3 instance(s).
INFO: [RTGEN 206-100] Generating core module 'fmul_32ns_32ns_32_7_max_dsp_1': 2 instance(s).
INFO: [RTGEN 206-100] Generating core module 'fsqrt_32ns_32ns_32_28_no_dsp_1': 1 instance(s).
INFO: [RTGEN 206-100] Generating core module 'fsub_32ns_32ns_32_11_full_dsp_1': 1 instance(s).
INFO: [RTGEN 206-100] Generating core module 'hadd_16ns_16ns_16_5_full_dsp_1': 1 instance(s).
INFO: [RTGEN 206-100] Generating core module 'hptosp_16ns_32_2_no_dsp_1': 1 instance(s).
INFO: [RTGEN 206-100] Generating core module 'partselect_16ns_256ns_32s_16_1_1': 1 instance(s).
INFO: [RTGEN 206-100] Generating core module 'sparsemux_17_3_32_1_1': 2 instance(s).
INFO: [RTGEN 206-100] Generating core module 'sparsemux_33_4_16_1_1': 1 instance(s).
INFO: [RTGEN 206-100] Generating core module 'sptohp_32ns_16_2_no_dsp_1': 1 instance(s).
INFO: [RTGEN 206-100] Finished creating RTL model for 'UpConv_Fused_Row_8_128_128_120_60_Pipeline_PIXEL_STATS'.
INFO: [HLS 200-111] Finished Creating RTL model: CPU user time: 0.27 seconds. CPU system time: 0 seconds. Elapsed time: 0.28 seconds; current allocated memory: 551.848 MB.
INFO: [HLS 200-10] ----------------------------------------------------------------
INFO: [HLS 200-10] -- Generating RTL for module 'UpConv_Fused_Row_8_128_128_120_60_Pipeline_PIXEL_NORM' 
INFO: [HLS 200-10] ----------------------------------------------------------------
INFO: [HLS 200-1030] Apply Unified Pipeline Control on module 'UpConv_Fused_Row_8_128_128_120_60_Pipeline_PIXEL_NORM' pipeline 'PIXEL_NORM' pipeline type 'loop pipeline'
INFO: [RTGEN 206-100] Generating core module 'hadd_16ns_16ns_16_5_full_dsp_1': 16 instance(s).
INFO: [RTGEN 206-100] Generating core module 'hcmp_16ns_16ns_1_2_no_dsp_1': 16 instance(s).
INFO: [RTGEN 206-100] Generating core module 'hmul_16ns_16ns_16_4_max_dsp_1': 32 instance(s).
INFO: [RTGEN 206-100] Generating core module 'hsub_16ns_16ns_16_5_full_dsp_1': 16 instance(s).
INFO: [RTGEN 206-100] Generating core module 'sptohp_32ns_16_2_no_dsp_1': 1 instance(s).
INFO: [RTGEN 206-100] Finished creating RTL model for 'UpConv_Fused_Row_8_128_128_120_60_Pipeline_PIXEL_NORM'.
INFO: [HLS 200-111] Finished Creating RTL model: CPU user time: 0.27 seconds. CPU system time: 0.02 seconds. Elapsed time: 0.29 seconds; current allocated memory: 564.289 MB.
INFO: [HLS 200-10] ----------------------------------------------------------------
INFO: [HLS 200-10] -- Generating RTL for module 'UpConv_Fused_Row_8_128_128_120_60_s' 
INFO: [HLS 200-10] ----------------------------------------------------------------
INFO: [SYN 201-210] Renamed object name 'UpConv_Fused_Row_8_128_128_120_60_s_void_UpConv_Fused_Row_ap_uint_ap_uint_const_ap_uint_const_ap_uint_const_ap_u_9_RAM_T2P_URAM_1R1W' to 'UpConv_Fused_Row_8_128_128_120_60_s_void_UpConv_Fused_Row_ap_uint_ap_uint_conbkb' due to the length limit 80
INFO: [SYN 201-210] Renamed object name 'UpConv_Fused_Row_8_128_128_120_60_s_void_UpConv_Fused_Row_ap_uint_ap_uint_const_ap_uint_const_ap_uint_const_ap_u_8_RAM_T2P_URAM_1R1W' to 'UpConv_Fused_Row_8_128_128_120_60_s_void_UpConv_Fused_Row_ap_uint_ap_uint_concud' due to the length limit 80
INFO: [SYN 201-210] Renamed object name 'UpConv_Fused_Row_8_128_128_120_60_s_void_UpConv_Fused_Row_ap_uint_ap_uint_const_ap_uint_const_ap_uint_const_ap_u_7_RAM_T2P_URAM_1R1W' to 'UpConv_Fused_Row_8_128_128_120_60_s_void_UpConv_Fused_Row_ap_uint_ap_uint_condEe' due to the length limit 80
INFO: [SYN 201-210] Renamed object name 'UpConv_Fused_Row_8_128_128_120_60_s_void_UpConv_Fused_Row_ap_uint_ap_uint_const_ap_uint_const_ap_uint_const_ap_u_6_RAM_T2P_URAM_1R1W' to 'UpConv_Fused_Row_8_128_128_120_60_s_void_UpConv_Fused_Row_ap_uint_ap_uint_coneOg' due to the length limit 80
INFO: [SYN 201-210] Renamed object name 'UpConv_Fused_Row_8_128_128_120_60_s_void_UpConv_Fused_Row_ap_uint_ap_uint_const_ap_uint_const_ap_uint_const_ap_u_5_RAM_T2P_URAM_1R1W' to 'UpConv_Fused_Row_8_128_128_120_60_s_void_UpConv_Fused_Row_ap_uint_ap_uint_confYi' due to the length limit 80
INFO: [SYN 201-210] Renamed object name 'UpConv_Fused_Row_8_128_128_120_60_s_void_UpConv_Fused_Row_ap_uint_ap_uint_const_ap_uint_const_ap_uint_const_ap_u_4_RAM_T2P_URAM_1R1W' to 'UpConv_Fused_Row_8_128_128_120_60_s_void_UpConv_Fused_Row_ap_uint_ap_uint_cong8j' due to the length limit 80
INFO: [SYN 201-210] Renamed object name 'UpConv_Fused_Row_8_128_128_120_60_s_void_UpConv_Fused_Row_ap_uint_ap_uint_const_ap_uint_const_ap_uint_const_ap_u_3_RAM_T2P_URAM_1R1W' to 'UpConv_Fused_Row_8_128_128_120_60_s_void_UpConv_Fused_Row_ap_uint_ap_uint_conhbi' due to the length limit 80
INFO: [SYN 201-210] Renamed object name 'UpConv_Fused_Row_8_128_128_120_60_s_void_UpConv_Fused_Row_ap_uint_ap_uint_const_ap_uint_const_ap_uint_const_ap_u_2_RAM_T2P_URAM_1R1W' to 'UpConv_Fused_Row_8_128_128_120_60_s_void_UpConv_Fused_Row_ap_uint_ap_uint_conibs' due to the length limit 80
INFO: [SYN 201-210] Renamed object name 'UpConv_Fused_Row_8_128_128_120_60_s_void_UpConv_Fused_Row_ap_uint_ap_uint_const_ap_uint_const_ap_uint_const_ap_u_1_RAM_T2P_URAM_1R1W' to 'UpConv_Fused_Row_8_128_128_120_60_s_void_UpConv_Fused_Row_ap_uint_ap_uint_conjbC' due to the length limit 80
INFO: [SYN 201-210] Renamed object name 'UpConv_Fused_Row_8_128_128_120_60_s_void_UpConv_Fused_Row_ap_uint_ap_uint_const_ap_uint_const_ap_uint_const_ap_u_RAM_T2P_URAM_1R1W' to 'UpConv_Fused_Row_8_128_128_120_60_s_void_UpConv_Fused_Row_ap_uint_ap_uint_conkbM' due to the length limit 80
INFO: [SYN 201-210] Renamed object name 'UpConv_Fused_Row_8_128_128_120_60_s_p_ZZ16UpConv_Fused_RowILi8ELi128ELi128ELi120ELi60EEvP7ap_uintILi256EEPKS1_S4_S4_S_5_RAM_T2P_URAM_1R1W' to 'UpConv_Fused_Row_8_128_128_120_60_s_p_ZZ16UpConv_Fused_RowILi8ELi128ELi128ELilbW' due to the length limit 80
INFO: [SYN 201-210] Renamed object name 'UpConv_Fused_Row_8_128_128_120_60_s_p_ZZ16UpConv_Fused_RowILi8ELi128ELi128ELi120ELi60EEvP7ap_uintILi256EEPKS1_S4_S4_S_4_RAM_T2P_URAM_1R1W' to 'UpConv_Fused_Row_8_128_128_120_60_s_p_ZZ16UpConv_Fused_RowILi8ELi128ELi128ELimb6' due to the length limit 80
INFO: [SYN 201-210] Renamed object name 'UpConv_Fused_Row_8_128_128_120_60_s_p_ZZ16UpConv_Fused_RowILi8ELi128ELi128ELi120ELi60EEvP7ap_uintILi256EEPKS1_S4_S4_S_3_RAM_T2P_URAM_1R1W' to 'UpConv_Fused_Row_8_128_128_120_60_s_p_ZZ16UpConv_Fused_RowILi8ELi128ELi128ELincg' due to the length limit 80
INFO: [SYN 201-210] Renamed object name 'UpConv_Fused_Row_8_128_128_120_60_s_p_ZZ16UpConv_Fused_RowILi8ELi128ELi128ELi120ELi60EEvP7ap_uintILi256EEPKS1_S4_S4_S_2_RAM_T2P_URAM_1R1W' to 'UpConv_Fused_Row_8_128_128_120_60_s_p_ZZ16UpConv_Fused_RowILi8ELi128ELi128ELiocq' due to the length limit 80
INFO: [SYN 201-210] Renamed object name 'UpConv_Fused_Row_8_128_128_120_60_s_p_ZZ16UpConv_Fused_RowILi8ELi128ELi128ELi120ELi60EEvP7ap_uintILi256EEPKS1_S4_S4_S_1_RAM_T2P_URAM_1R1W' to 'UpConv_Fused_Row_8_128_128_120_60_s_p_ZZ16UpConv_Fused_RowILi8ELi128ELi128ELipcA' due to the length limit 80
INFO: [SYN 201-210] Renamed object name 'UpConv_Fused_Row_8_128_128_120_60_s_p_ZZ16UpConv_Fused_RowILi8ELi128ELi128ELi120ELi60EEvP7ap_uintILi256EEPKS1_S4_S4_S_RAM_T2P_URAM_1R1W' to 'UpConv_Fused_Row_8_128_128_120_60_s_p_ZZ16UpConv_Fused_RowILi8ELi128ELi128ELiqcK' due to the length limit 80
INFO: [RTGEN 206-100] Generating core module 'hadd_16ns_16ns_16_5_full_dsp_1': 16 instance(s).
INFO: [RTGEN 206-100] Generating core module 'hmul_16ns_16ns_16_4_max_dsp_1': 32 instance(s).
INFO: [RTGEN 206-100] Generating core module 'hptosp_16ns_32_2_no_dsp_1': 1 instance(s).
INFO: [RTGEN 206-100] Generating core module 'sptohp_32ns_16_2_no_dsp_1': 1 instance(s).
INFO: [RTGEN 206-100] Finished creating RTL model for 'UpConv_Fused_Row_8_128_128_120_60_s'.
INFO: [RTMG 210-278] Implementing memory 'upconv_core_top_ucb3_UpConv_Fused_Row_8_128_128_120_60_s_void_UpConv_Fused_Row_ap_uint_ap_uint_conbkb' using ultra RAMs.
INFO: [RTMG 210-278] Implementing memory 'upconv_core_top_ucb3_UpConv_Fused_Row_8_128_128_120_60_s_mean_buf_RAM_2P_LUTRAM_1R1W' using distributed RAMs.
INFO: [RTMG 210-278] Implementing memory 'upconv_core_top_ucb3_UpConv_Fused_Row_8_128_128_120_60_s_inv_buf_RAM_2P_LUTRAM_1R1W' using distributed RAMs.
INFO: [RTMG 210-278] Implementing memory 'upconv_core_top_ucb3_UpConv_Fused_Row_8_128_128_120_60_s_b_buf_RAM_T2P_BRAM_1R1W' using block RAMs.
INFO: [HLS 200-111] Finished Creating RTL model: CPU user time: 0.24 seconds. CPU system time: 0.02 seconds. Elapsed time: 0.26 seconds; current allocated memory: 577.098 MB.
INFO: [HLS 200-10] ----------------------------------------------------------------
INFO: [HLS 200-10] -- Generating RTL for module 'upconv_core_top_ucb3_Pipeline_LOAD_ROW_VITIS_LOOP_328_2' 
INFO: [HLS 200-10] ----------------------------------------------------------------
INFO: [HLS 200-1030] Apply Unified Pipeline Control on module 'upconv_core_top_ucb3_Pipeline_LOAD_ROW_VITIS_LOOP_328_2' pipeline 'LOAD_ROW_VITIS_LOOP_328_2' pipeline type 'loop pipeline'
INFO: [RTGEN 206-100] Finished creating RTL model for 'upconv_core_top_ucb3_Pipeline_LOAD_ROW_VITIS_LOOP_328_2'.
INFO: [HLS 200-111] Finished Creating RTL model: CPU user time: 0.12 seconds. CPU system time: 0 seconds. Elapsed time: 0.13 seconds; current allocated memory: 579.812 MB.
INFO: [HLS 200-10] ----------------------------------------------------------------
INFO: [HLS 200-10] -- Generating RTL for module 'upconv_core_top_ucb3' 
INFO: [HLS 200-10] ----------------------------------------------------------------
WARNING: [RTGEN 206-101] Design contains AXI ports. Reset is fixed to synchronous and active low.
INFO: [RTGEN 206-500] Setting interface mode on port 'upconv_core_top_ucb3/gmem_in' to 'm_axi'.
INFO: [RTGEN 206-500] Setting interface mode on port 'upconv_core_top_ucb3/gmem_weight' to 'm_axi'.
INFO: [RTGEN 206-500] Setting interface mode on port 'upconv_core_top_ucb3/gmem_param' to 'm_axi'.
INFO: [RTGEN 206-500] Setting interface mode on port 'upconv_core_top_ucb3/gmem_out' to 'm_axi'.
INFO: [RTGEN 206-500] Setting interface mode on port 'upconv_core_top_ucb3/X' to 's_axilite & ap_none'.
INFO: [RTGEN 206-500] Setting interface mode on port 'upconv_core_top_ucb3/W' to 's_axilite & ap_none'.
INFO: [RTGEN 206-500] Setting interface mode on port 'upconv_core_top_ucb3/B' to 's_axilite & ap_none'.
INFO: [RTGEN 206-500] Setting interface mode on port 'upconv_core_top_ucb3/G' to 's_axilite & ap_none'.
INFO: [RTGEN 206-500] Setting interface mode on port 'upconv_core_top_ucb3/BE' to 's_axilite & ap_none'.
INFO: [RTGEN 206-500] Setting interface mode on port 'upconv_core_top_ucb3/Y' to 's_axilite & ap_none'.
INFO: [RTGEN 206-500] Setting interface mode on port 'upconv_core_top_ucb3/epsilon' to 's_axilite & ap_none'.
INFO: [RTGEN 206-500] Setting interface mode on function 'upconv_core_top_ucb3' to 's_axilite & ap_ctrl_hs'.
INFO: [RTGEN 206-100] Bundling port 'X', 'W', 'B', 'G', 'BE', 'Y', 'epsilon' and 'return' to AXI-Lite port control.
INFO: [RTGEN 206-100] Finished creating RTL model for 'upconv_core_top_ucb3'.
INFO: [RTMG 210-278] Implementing memory 'upconv_core_top_ucb3_x_buf_RAM_T2P_URAM_1R1W' using ultra RAMs.
INFO: [HLS 200-111] Finished Creating RTL model: CPU user time: 0.11 seconds. CPU system time: 0.01 seconds. Elapsed time: 0.12 seconds; current allocated memory: 583.496 MB.
INFO: [HLS 200-111] Finished Generating all RTL models: CPU user time: 0.29 seconds. CPU system time: 0.03 seconds. Elapsed time: 0.32 seconds; current allocated memory: 585.859 MB.
INFO: [HLS 200-1603] Design has inferred MAXI bursts and missed bursts, see Vitis HLS GUI synthesis summary report for detailed information.
INFO: [HLS 200-111] Finished Updating report files: CPU user time: 0.98 seconds. CPU system time: 0.02 seconds. Elapsed time: 1 seconds; current allocated memory: 608.137 MB.
INFO: [VHDL 208-304] Generating VHDL RTL for upconv_core_top_ucb3.
INFO: [VLOG 209-307] Generating Verilog RTL for upconv_core_top_ucb3.
INFO: [HLS 200-790] **** Loop Constraint Status: All loop constraints were satisfied.
INFO: [HLS 200-789] **** Estimated Fmax: 347.53 MHz
INFO: [HLS 200-112] Total CPU user time: 22.58 seconds. Total CPU system time: 1.41 seconds. Total elapsed time: 27.97 seconds; peak allocated memory: 608.137 MB.
INFO: [v++ 60-791] Total elapsed time: 0h 0m 31s
