  **** HLS Build v2024.2 5238294
INFO: [HLS 200-2005] Using work_dir /home/hoinguyen/Documents/Vitis/UpConv_HLS/upconv_block3/upconv_core_top_ucb3 
INFO: [HLS 200-1505] Using default flow_target 'vivado'
Resolution: For help on HLS 200-1505 see docs.xilinx.com/access/sources/dita/topic?Doc_Version=2024.2%20English&url=ug1448-hls-guidance&resourceid=200-1505.html
INFO: [HLS 200-1465] Applying ini 'syn.file=/home/hoinguyen/Documents/Vitis/UpConv_HLS/gen/upconv_core_top_ucb3.cpp' from /home/hoinguyen/Documents/Vitis/UpConv_HLS/upconv_block3/hls_config.cfg(8)
INFO: [HLS 200-10] Adding design file '/home/hoinguyen/Documents/Vitis/UpConv_HLS/gen/upconv_core_top_ucb3.cpp' to the project
INFO: [HLS 200-1465] Applying ini 'tb.file=/home/hoinguyen/Documents/Vitis/UpConv_HLS/test_ucb3.cpp' from /home/hoinguyen/Documents/Vitis/UpConv_HLS/upconv_block3/hls_config.cfg(9)
INFO: [HLS 200-10] Adding test bench file '/home/hoinguyen/Documents/Vitis/UpConv_HLS/test_ucb3.cpp' to the project
INFO: [HLS 200-1465] Applying ini 'syn.top=upconv_core_top_ucb3' from /home/hoinguyen/Documents/Vitis/UpConv_HLS/upconv_block3/hls_config.cfg(7)
INFO: [HLS 200-1465] Applying ini 'flow_target=vivado' from /home/hoinguyen/Documents/Vitis/UpConv_HLS/upconv_block3/hls_config.cfg(4)
INFO: [HLS 200-1505] Using flow_target 'vivado'
Resolution: For help on HLS 200-1505 see docs.xilinx.com/access/sources/dita/topic?Doc_Version=2024.2%20English&url=ug1448-hls-guidance&resourceid=200-1505.html
INFO: [HLS 200-1465] Applying ini 'part=xczu7ev-ffvc1156-2-e' from /home/hoinguyen/Documents/Vitis/UpConv_HLS/upconv_block3/hls_config.cfg(1)
INFO: [HLS 200-1611] Setting target device to 'xczu7ev-ffvc1156-2-e'
INFO: [HLS 200-1465] Applying ini 'clock=300MHz' from /home/hoinguyen/Documents/Vitis/UpConv_HLS/upconv_block3/hls_config.cfg(10)
INFO: [SYN 201-201] Setting up clock 'default' with a period of 3.333ns.
INFO: [HLS 200-1465] Applying ini 'package.output.format=ip_catalog' from /home/hoinguyen/Documents/Vitis/UpConv_HLS/upconv_block3/hls_config.cfg(5)
INFO: [HLS 200-111] Finished File checks and directory preparation: CPU user time: 1.77 seconds. CPU system time: 0.15 seconds. Elapsed time: 1.76 seconds; current allocated memory: 325.020 MB.
INFO: [HLS 200-10] Analyzing design file '../gen/upconv_core_top_ucb3.cpp' ... 
INFO: [HLS 200-111] Finished Source Code Analysis and Preprocessing: CPU user time: 11 seconds. CPU system time: 0.7 seconds. Elapsed time: 11.72 seconds; current allocated memory: 331.520 MB.
INFO: [HLS 200-777] Using interface defaults for 'Vivado' flow target.
INFO: [HLS 200-1995] There were 3,705 instructions in the design after the 'Compile/Link' phase of compilation. See the Design Size Report for more details: /home/hoinguyen/Documents/Vitis/UpConv_HLS/upconv_block3/upconv_core_top_ucb3/hls/syn/report/csynth_design_size.rpt
INFO: [HLS 200-1995] There were 7,745 instructions in the design after the 'Unroll/Inline (step 1)' phase of compilation. See the Design Size Report for more details: /home/hoinguyen/Documents/Vitis/UpConv_HLS/upconv_block3/upconv_core_top_ucb3/hls/syn/report/csynth_design_size.rpt
INFO: [HLS 200-1995] There were 6,017 instructions in the design after the 'Unroll/Inline (step 2)' phase of compilation. See the Design Size Report for more details: /home/hoinguyen/Documents/Vitis/UpConv_HLS/upconv_block3/upconv_core_top_ucb3/hls/syn/report/csynth_design_size.rpt
INFO: [HLS 200-1995] There were 5,460 instructions in the design after the 'Unroll/Inline (step 3)' phase of compilation. See the Design Size Report for more details: /home/hoinguyen/Documents/Vitis/UpConv_HLS/upconv_block3/upconv_core_top_ucb3/hls/syn/report/csynth_design_size.rpt
INFO: [HLS 200-1995] There were 5,459 instructions in the design after the 'Unroll/Inline (step 4)' phase of compilation. See the Design Size Report for more details: /home/hoinguyen/Documents/Vitis/UpConv_HLS/upconv_block3/upconv_core_top_ucb3/hls/syn/report/csynth_design_size.rpt
INFO: [HLS 200-1995] There were 14,015 instructions in the design after the 'Array/Struct (step 1)' phase of compilation. See the Design Size Report for more details: /home/hoinguyen/Documents/Vitis/UpConv_HLS/upconv_block3/upconv_core_top_ucb3/hls/syn/report/csynth_design_size.rpt
INFO: [HLS 200-1995] There were 7,450 instructions in the design after the 'Array/Struct (step 2)' phase of compilation. See the Design Size Report for more details: /home/hoinguyen/Documents/Vitis/UpConv_HLS/upconv_block3/upconv_core_top_ucb3/hls/syn/report/csynth_design_size.rpt
INFO: [HLS 200-1995] There were 7,450 instructions in the design after the 'Array/Struct (step 3)' phase of compilation. See the Design Size Report for more details: /home/hoinguyen/Documents/Vitis/UpConv_HLS/upconv_block3/upconv_core_top_ucb3/hls/syn/report/csynth_design_size.rpt
INFO: [HLS 200-1995] There were 7,434 instructions in the design after the 'Array/Struct (step 4)' phase of compilation. See the Design Size Report for more details: /home/hoinguyen/Documents/Vitis/UpConv_HLS/upconv_block3/upconv_core_top_ucb3/hls/syn/report/csynth_design_size.rpt
INFO: [HLS 200-1995] There were 7,437 instructions in the design after the 'Array/Struct (step 5)' phase of compilation. See the Design Size Report for more details: /home/hoinguyen/Documents/Vitis/UpConv_HLS/upconv_block3/upconv_core_top_ucb3/hls/syn/report/csynth_design_size.rpt
INFO: [HLS 200-1995] There were 7,437 instructions in the design after the 'Performance (step 1)' phase of compilation. See the Design Size Report for more details: /home/hoinguyen/Documents/Vitis/UpConv_HLS/upconv_block3/upconv_core_top_ucb3/hls/syn/report/csynth_design_size.rpt
INFO: [HLS 200-1995] There were 7,429 instructions in the design after the 'Performance (step 2)' phase of compilation. See the Design Size Report for more details: /home/hoinguyen/Documents/Vitis/UpConv_HLS/upconv_block3/upconv_core_top_ucb3/hls/syn/report/csynth_design_size.rpt
INFO: [HLS 200-1995] There were 7,425 instructions in the design after the 'Performance (step 3)' phase of compilation. See the Design Size Report for more details: /home/hoinguyen/Documents/Vitis/UpConv_HLS/upconv_block3/upconv_core_top_ucb3/hls/syn/report/csynth_design_size.rpt
INFO: [HLS 200-1995] There were 7,425 instructions in the design after the 'Performance (step 4)' phase of compilation. See the Design Size Report for more details: /home/hoinguyen/Documents/Vitis/UpConv_HLS/upconv_block3/upconv_core_top_ucb3/hls/syn/report/csynth_design_size.rpt
INFO: [HLS 200-1995] There were 7,487 instructions in the design after the 'HW Transforms (step 1)' phase of compilation. See the Design Size Report for more details: /home/hoinguyen/Documents/Vitis/UpConv_HLS/upconv_block3/upconv_core_top_ucb3/hls/syn/report/csynth_design_size.rpt
INFO: [HLS 200-1995] There were 7,150 instructions in the design after the 'HW Transforms (step 2)' phase of compilation. See the Design Size Report for more details: /home/hoinguyen/Documents/Vitis/UpConv_HLS/upconv_block3/upconv_core_top_ucb3/hls/syn/report/csynth_design_size.rpt
INFO: [HLS 214-131] Inlining function 'ap_uint<16> half_to_bits<half>(half)' into 'void UpConv_Fused_Row<8, 128, 128, 120, 60>(ap_uint<256>*, ap_uint<256> const*, ap_uint<256> const*, ap_uint<256> const*, ap_uint<256> const*, ap_uint<256>*, half, int)' (../gen/Hls_Layers_UpConv.tpp:270:49)
INFO: [HLS 214-131] Inlining function 'half bits_to_half<half>(ap_uint<16>)' into 'void UpConv_Fused_Row<8, 128, 128, 120, 60>(ap_uint<256>*, ap_uint<256> const*, ap_uint<256> const*, ap_uint<256> const*, ap_uint<256> const*, ap_uint<256>*, half, int)' (../gen/Hls_Layers_UpConv.tpp:265:29)
INFO: [HLS 214-131] Inlining function 'my_sqrt_f(float)' into 'void UpConv_Fused_Row<8, 128, 128, 120, 60>(ap_uint<256>*, ap_uint<256> const*, ap_uint<256> const*, ap_uint<256> const*, ap_uint<256> const*, ap_uint<256>*, half, int)' (../gen/Hls_Layers_UpConv.tpp:255:42)
INFO: [HLS 214-131] Inlining function 'void UpConv_Fused_Top<8, 128, 128, 120, 60>(ap_uint<256>*, ap_uint<256> const*, ap_uint<256> const*, ap_uint<256> const*, ap_uint<256> const*, ap_uint<256> const*, ap_uint<256>*, half)' into 'upconv_core_top_ucb3' (../gen/upconv_core_top_ucb3.cpp:41:2)
INFO: [HLS 214-291] Loop 'VITIS_LOOP_260_6' is marked as complete unroll implied by the pipeline pragma (../gen/Hls_Layers_UpConv.tpp:260:31)
INFO: [HLS 214-291] Loop 'TC_MAC' is marked as complete unroll implied by the pipeline pragma (../gen/Hls_Layers_UpConv.tpp:189:33)
INFO: [HLS 214-291] Loop 'VITIS_LOOP_194_5' is marked as complete unroll implied by the pipeline pragma (../gen/Hls_Layers_UpConv.tpp:194:47)
INFO: [HLS 214-291] Loop 'VITIS_LOOP_119_1' is marked as complete unroll implied by the pipeline pragma (../gen/Hls_Layers_UpConv.tpp:119:20)
INFO: [HLS 214-186] Unrolling loop 'VITIS_LOOP_260_6' (../gen/Hls_Layers_UpConv.tpp:260:31) in function 'UpConv_Fused_Row<8, 128, 128, 120, 60>' completely with a factor of 16 (../gen/Hls_Layers_UpConv.tpp:88:0)
INFO: [HLS 214-186] Unrolling loop 'RESET_PSUM' (../gen/Hls_Layers_UpConv.tpp:174:14) in function 'UpConv_Fused_Row<8, 128, 128, 120, 60>' completely with a factor of 8 (../gen/Hls_Layers_UpConv.tpp:88:0)
INFO: [HLS 214-186] Unrolling loop 'VITIS_LOOP_176_4' (../gen/Hls_Layers_UpConv.tpp:176:20) in function 'UpConv_Fused_Row<8, 128, 128, 120, 60>' completely with a factor of 4 (../gen/Hls_Layers_UpConv.tpp:88:0)
INFO: [HLS 214-186] Unrolling loop 'TC_MAC' (../gen/Hls_Layers_UpConv.tpp:189:33) in function 'UpConv_Fused_Row<8, 128, 128, 120, 60>' completely with a factor of 8 (../gen/Hls_Layers_UpConv.tpp:88:0)
INFO: [HLS 214-186] Unrolling loop 'VITIS_LOOP_194_5' (../gen/Hls_Layers_UpConv.tpp:194:47) in function 'UpConv_Fused_Row<8, 128, 128, 120, 60>' completely with a factor of 16 (../gen/Hls_Layers_UpConv.tpp:88:0)
INFO: [HLS 214-186] Unrolling loop 'ACC_WRITE' (../gen/Hls_Layers_UpConv.tpp:205:32) in function 'UpConv_Fused_Row<8, 128, 128, 120, 60>' completely with a factor of 8 (../gen/Hls_Layers_UpConv.tpp:88:0)
INFO: [HLS 214-186] Unrolling loop 'VITIS_LOOP_119_1' (../gen/Hls_Layers_UpConv.tpp:119:20) in function 'UpConv_Fused_Row<8, 128, 128, 120, 60>' completely with a factor of 64 (../gen/Hls_Layers_UpConv.tpp:88:0)
INFO: [HLS 214-178] Inlining function 'hls::sqrtf(float)' into 'void UpConv_Fused_Row<8, 128, 128, 120, 60>(ap_uint<256>*, ap_uint<256> const*, ap_uint<256> const*, ap_uint<256> const*, ap_uint<256> const*, ap_uint<256>*, half, int)' (../gen/Hls_Layers_UpConv.tpp:88:0)
INFO: [HLS 214-248] Applying array_partition to '_ZZ16UpConv_Fused_RowILi8ELi128ELi128ELi120ELi60EEvP7ap_uintILi256EEPKS1_S4_S4_S4_S2_DhiE7row_acc': Cyclic partitioning with factor 16 on dimension 2. (../gen/Hls_Layers_UpConv.tpp:108:0)
INFO: [HLS 214-248] Applying array_partition to 'w_local': Complete partitioning on dimension 1. (../gen/Hls_Layers_UpConv.tpp:128:16)
INFO: [HLS 214-248] Applying array_partition to 'psum': Complete partitioning on dimension 1. Complete partitioning on dimension 2. (../gen/Hls_Layers_UpConv.tpp:171:28)
INFO: [HLS 214-437] Automatically disabling loop flattening for loop 'ROW_LOOP'. (../gen/Hls_Layers_UpConv.tpp:304:15)
INFO: [HLS 214-437] Automatically disabling loop flattening for loop 'KW_LOOP'. (../gen/Hls_Layers_UpConv.tpp:161:22)
INFO: [HLS 214-115] Multiple burst reads of length 72 and bit width 256 in loop 'VITIS_LOOP_142_2'(../gen/Hls_Layers_UpConv.tpp:142:35) has been inferred on bundle 'gmem_weight'. These burst requests might be further partitioned into multiple requests during RTL generation, based on max_read_burst_length or max_write_burst_length settings. (../gen/Hls_Layers_UpConv.tpp:142:35)
INFO: [HLS 214-115] Multiple burst writes of length 1024 and bit width 256 in loop 'PIXEL_NORM'(../gen/Hls_Layers_UpConv.tpp:238:17) has been inferred on bundle 'gmem_out'. These burst requests might be further partitioned into multiple requests during RTL generation, based on max_read_burst_length or max_write_burst_length settings. (../gen/Hls_Layers_UpConv.tpp:238:17)
INFO: [HLS 214-115] Multiple burst reads of length 1024 and bit width 256 in loop 'LOAD_ROW0'(../gen/Hls_Layers_UpConv.tpp:295:16) has been inferred on bundle 'gmem_in'. These burst requests might be further partitioned into multiple requests during RTL generation, based on max_read_burst_length or max_write_burst_length settings. (../gen/Hls_Layers_UpConv.tpp:295:16)
INFO: [HLS 200-111] Finished Compiling Optimization and Transform: CPU user time: 2.35 seconds. CPU system time: 0.3 seconds. Elapsed time: 6.85 seconds; current allocated memory: 332.672 MB.
INFO: [HLS 200-111] Finished Checking Pragmas: CPU user time: 0 seconds. CPU system time: 0 seconds. Elapsed time: 0 seconds; current allocated memory: 332.672 MB.
INFO: [HLS 200-10] Starting code transformations ...
INFO: [HLS 200-111] Finished Standard Transforms: CPU user time: 0.08 seconds. CPU system time: 0 seconds. Elapsed time: 0.08 seconds; current allocated memory: 336.473 MB.
INFO: [HLS 200-10] Checking synthesizability ...
WARNING: [SYNCHK 200-23] ../gen/Hls_Layers_UpConv.tpp:245: variable-indexed range selection may cause suboptimal QoR.
INFO: [SYNCHK 200-10] 0 error(s), 1 warning(s).
INFO: [HLS 200-111] Finished Checking Synthesizability: CPU user time: 0.07 seconds. CPU system time: 0.01 seconds. Elapsed time: 0.07 seconds; current allocated memory: 337.395 MB.
WARNING: [XFORM 203-561] Updating loop lower bound from 0 to 256 for loop 'WO_LOOP' (../gen/Hls_Layers_UpConv.tpp:164:35) in function 'UpConv_Fused_Row<8, 128, 128, 120, 60>'.
WARNING: [XFORM 203-561] Updating loop lower bound from 0 to 3 for loop 'KW_LOOP' (../gen/Hls_Layers_UpConv.tpp:161:31) in function 'UpConv_Fused_Row<8, 128, 128, 120, 60>'.
WARNING: [XFORM 203-561] Updating loop lower bound from 0 to 3 for loop 'KH_LOOP' (../gen/Hls_Layers_UpConv.tpp:154:27) in function 'UpConv_Fused_Row<8, 128, 128, 120, 60>'.
WARNING: [XFORM 203-561] Updating loop lower bound from 0 to 8 for loop 'TILE_LOOP' (../gen/Hls_Layers_UpConv.tpp:135:22) in function 'UpConv_Fused_Row<8, 128, 128, 120, 60>'.
INFO: [XFORM 203-401] Performing if-conversion on hyperblock from (../gen/Hls_Layers_UpConv.tpp:258:9) to (../gen/Hls_Layers_UpConv.tpp:257:21) in function 'UpConv_Fused_Row<8, 128, 128, 120, 60>'... converting 9 basic blocks.
INFO: [XFORM 203-11] Balancing expressions in function 'upconv_core_top_ucb3' (../gen/Hls_Layers_UpConv.tpp:11:31)...3 expression(s) balanced.
INFO: [HLS 200-111] Finished Loop, function and other optimizations: CPU user time: 0.34 seconds. CPU system time: 0 seconds. Elapsed time: 0.35 seconds; current allocated memory: 366.176 MB.
INFO: [HLS 200-2061] Successfully converted nested loops 'LOAD_ROW0'(../gen/Hls_Layers_UpConv.tpp:295:16) and 'VITIS_LOOP_296_1'(../gen/Hls_Layers_UpConv.tpp:296:27) in function 'upconv_core_top_ucb3' into perfectly nested loops.
INFO: [HLS 200-2061] Successfully converted nested loops 'LOAD_ROW'(../gen/Hls_Layers_UpConv.tpp:306:19) and 'VITIS_LOOP_307_2'(../gen/Hls_Layers_UpConv.tpp:307:31) in function 'upconv_core_top_ucb3' into perfectly nested loops.
INFO: [HLS 200-2061] Successfully converted nested loops 'VITIS_LOOP_142_2'(../gen/Hls_Layers_UpConv.tpp:142:35) and 'VITIS_LOOP_143_3'(../gen/Hls_Layers_UpConv.tpp:143:39) in function 'UpConv_Fused_Row<8, 128, 128, 120, 60>' into perfectly nested loops.
INFO: [XFORM 203-541] Flattening a loop nest 'LOAD_ROW0' (../gen/Hls_Layers_UpConv.tpp:295:16) in function 'upconv_core_top_ucb3'.
INFO: [XFORM 203-541] Flattening a loop nest 'LOAD_ROW' (../gen/Hls_Layers_UpConv.tpp:306:19) in function 'upconv_core_top_ucb3'.
INFO: [XFORM 203-541] Flattening a loop nest 'VITIS_LOOP_142_2' (../gen/Hls_Layers_UpConv.tpp:142:35) in function 'UpConv_Fused_Row<8, 128, 128, 120, 60>'.
WARNING: [HLS 200-960] Cannot flatten loop 'PRELOAD_W' (../gen/Hls_Layers_UpConv.tpp:139:20) in function 'UpConv_Fused_Row<8, 128, 128, 120, 60>' the outer loop is not a perfect loop because there is nontrivial logic before entering the inner loop.
Resolution: For help on HLS 200-960 see docs.xilinx.com/access/sources/dita/topic?Doc_Version=2024.2%20English&url=ug1448-hls-guidance&resourceid=200-960.html
WARNING: [HLS 200-960] Cannot flatten loop 'WO_LOOP' (../gen/Hls_Layers_UpConv.tpp:164:26) in function 'UpConv_Fused_Row<8, 128, 128, 120, 60>' the outer loop is not a perfect loop because there is nontrivial logic before entering the inner loop.
Resolution: For help on HLS 200-960 see docs.xilinx.com/access/sources/dita/topic?Doc_Version=2024.2%20English&url=ug1448-hls-guidance&resourceid=200-960.html
WARNING: [ANALYSIS 214-52] Found false inter dependency for variable 'psum.31' (../gen/Hls_Layers_UpConv.tpp:171).
WARNING: [ANALYSIS 214-52] Found false inter dependency for variable 'psum.30' (../gen/Hls_Layers_UpConv.tpp:171).
WARNING: [ANALYSIS 214-52] Found false inter dependency for variable 'psum.29' (../gen/Hls_Layers_UpConv.tpp:171).
WARNING: [ANALYSIS 214-52] Found false inter dependency for variable 'psum.28' (../gen/Hls_Layers_UpConv.tpp:171).
WARNING: [ANALYSIS 214-52] Found false inter dependency for variable 'psum.27' (../gen/Hls_Layers_UpConv.tpp:171).
WARNING: [ANALYSIS 214-52] Found false inter dependency for variable 'psum.26' (../gen/Hls_Layers_UpConv.tpp:171).
WARNING: [ANALYSIS 214-52] Found false inter dependency for variable 'psum.25' (../gen/Hls_Layers_UpConv.tpp:171).
WARNING: [ANALYSIS 214-52] Found false inter dependency for variable 'psum.24' (../gen/Hls_Layers_UpConv.tpp:171).
WARNING: [ANALYSIS 214-52] Found false inter dependency for variable 'psum.23' (../gen/Hls_Layers_UpConv.tpp:171).
WARNING: [ANALYSIS 214-52] Found false inter dependency for variable 'psum.22' (../gen/Hls_Layers_UpConv.tpp:171).
WARNING: [ANALYSIS 214-52] Found false inter dependency for variable 'psum.21' (../gen/Hls_Layers_UpConv.tpp:171).
WARNING: [ANALYSIS 214-52] Found false inter dependency for variable 'psum.20' (../gen/Hls_Layers_UpConv.tpp:171).
WARNING: [ANALYSIS 214-52] Found false inter dependency for variable 'psum.19' (../gen/Hls_Layers_UpConv.tpp:171).
WARNING: [ANALYSIS 214-52] Found false inter dependency for variable 'psum.18' (../gen/Hls_Layers_UpConv.tpp:171).
WARNING: [ANALYSIS 214-52] Found false inter dependency for variable 'psum.17' (../gen/Hls_Layers_UpConv.tpp:171).
WARNING: [ANALYSIS 214-52] Found false inter dependency for variable 'psum.16' (../gen/Hls_Layers_UpConv.tpp:171).
WARNING: [ANALYSIS 214-52] Found false inter dependency for variable 'psum.15' (../gen/Hls_Layers_UpConv.tpp:171).
WARNING: [ANALYSIS 214-52] Found false inter dependency for variable 'psum.14' (../gen/Hls_Layers_UpConv.tpp:171).
WARNING: [ANALYSIS 214-52] Found false inter dependency for variable 'psum.13' (../gen/Hls_Layers_UpConv.tpp:171).
WARNING: [ANALYSIS 214-52] Found false inter dependency for variable 'psum.12' (../gen/Hls_Layers_UpConv.tpp:171).
WARNING: [ANALYSIS 214-52] Found false inter dependency for variable 'psum.11' (../gen/Hls_Layers_UpConv.tpp:171).
WARNING: [ANALYSIS 214-52] Found false inter dependency for variable 'psum.10' (../gen/Hls_Layers_UpConv.tpp:171).
WARNING: [ANALYSIS 214-52] Found false inter dependency for variable 'psum.9' (../gen/Hls_Layers_UpConv.tpp:171).
WARNING: [ANALYSIS 214-52] Found false inter dependency for variable 'psum.8' (../gen/Hls_Layers_UpConv.tpp:171).
WARNING: [ANALYSIS 214-52] Found false inter dependency for variable 'psum.7' (../gen/Hls_Layers_UpConv.tpp:171).
WARNING: [ANALYSIS 214-52] Found false inter dependency for variable 'psum.6' (../gen/Hls_Layers_UpConv.tpp:171).
WARNING: [ANALYSIS 214-52] Found false inter dependency for variable 'psum.5' (../gen/Hls_Layers_UpConv.tpp:171).
WARNING: [ANALYSIS 214-52] Found false inter dependency for variable 'psum.4' (../gen/Hls_Layers_UpConv.tpp:171).
WARNING: [ANALYSIS 214-52] Found false inter dependency for variable 'psum.3' (../gen/Hls_Layers_UpConv.tpp:171).
WARNING: [ANALYSIS 214-52] Found false inter dependency for variable 'psum.2' (../gen/Hls_Layers_UpConv.tpp:171).
WARNING: [ANALYSIS 214-52] Found false inter dependency for variable 'psum.1' (../gen/Hls_Layers_UpConv.tpp:171).
WARNING: [ANALYSIS 214-52] Found false inter dependency for variable 'psum' (../gen/Hls_Layers_UpConv.tpp:171).
WARNING: [ANALYSIS 214-52] Found false inter dependency for variable 'psum.31' (../gen/Hls_Layers_UpConv.tpp:171).
WARNING: [ANALYSIS 214-52] Found false inter dependency for variable 'psum.30' (../gen/Hls_Layers_UpConv.tpp:171).
WARNING: [ANALYSIS 214-52] Found false inter dependency for variable 'psum.29' (../gen/Hls_Layers_UpConv.tpp:171).
WARNING: [ANALYSIS 214-52] Found false inter dependency for variable 'psum.28' (../gen/Hls_Layers_UpConv.tpp:171).
WARNING: [ANALYSIS 214-52] Found false inter dependency for variable 'psum.27' (../gen/Hls_Layers_UpConv.tpp:171).
WARNING: [ANALYSIS 214-52] Found false inter dependency for variable 'psum.26' (../gen/Hls_Layers_UpConv.tpp:171).
WARNING: [ANALYSIS 214-52] Found false inter dependency for variable 'psum.25' (../gen/Hls_Layers_UpConv.tpp:171).
WARNING: [ANALYSIS 214-52] Found false inter dependency for variable 'psum.24' (../gen/Hls_Layers_UpConv.tpp:171).
WARNING: [ANALYSIS 214-52] Found false inter dependency for variable 'psum.23' (../gen/Hls_Layers_UpConv.tpp:171).
WARNING: [ANALYSIS 214-52] Found false inter dependency for variable 'psum.22' (../gen/Hls_Layers_UpConv.tpp:171).
WARNING: [ANALYSIS 214-52] Found false inter dependency for variable 'psum.21' (../gen/Hls_Layers_UpConv.tpp:171).
WARNING: [ANALYSIS 214-52] Found false inter dependency for variable 'psum.20' (../gen/Hls_Layers_UpConv.tpp:171).
WARNING: [ANALYSIS 214-52] Found false inter dependency for variable 'psum.19' (../gen/Hls_Layers_UpConv.tpp:171).
WARNING: [ANALYSIS 214-52] Found false inter dependency for variable 'psum.18' (../gen/Hls_Layers_UpConv.tpp:171).
WARNING: [ANALYSIS 214-52] Found false inter dependency for variable 'psum.17' (../gen/Hls_Layers_UpConv.tpp:171).
WARNING: [ANALYSIS 214-52] Found false inter dependency for variable 'psum.16' (../gen/Hls_Layers_UpConv.tpp:171).
WARNING: [ANALYSIS 214-52] Found false inter dependency for variable 'psum.15' (../gen/Hls_Layers_UpConv.tpp:171).
WARNING: [ANALYSIS 214-52] Found false inter dependency for variable 'psum.14' (../gen/Hls_Layers_UpConv.tpp:171).
WARNING: [ANALYSIS 214-52] Found false inter dependency for variable 'psum.13' (../gen/Hls_Layers_UpConv.tpp:171).
WARNING: [ANALYSIS 214-52] Found false inter dependency for variable 'psum.12' (../gen/Hls_Layers_UpConv.tpp:171).
WARNING: [ANALYSIS 214-52] Found false inter dependency for variable 'psum.11' (../gen/Hls_Layers_UpConv.tpp:171).
WARNING: [ANALYSIS 214-52] Found false inter dependency for variable 'psum.10' (../gen/Hls_Layers_UpConv.tpp:171).
WARNING: [ANALYSIS 214-52] Found false inter dependency for variable 'psum.9' (../gen/Hls_Layers_UpConv.tpp:171).
WARNING: [ANALYSIS 214-52] Found false inter dependency for variable 'psum.8' (../gen/Hls_Layers_UpConv.tpp:171).
WARNING: [ANALYSIS 214-52] Found false inter dependency for variable 'psum.7' (../gen/Hls_Layers_UpConv.tpp:171).
WARNING: [ANALYSIS 214-52] Found false inter dependency for variable 'psum.6' (../gen/Hls_Layers_UpConv.tpp:171).
WARNING: [ANALYSIS 214-52] Found false inter dependency for variable 'psum.5' (../gen/Hls_Layers_UpConv.tpp:171).
WARNING: [ANALYSIS 214-52] Found false inter dependency for variable 'psum.4' (../gen/Hls_Layers_UpConv.tpp:171).
WARNING: [ANALYSIS 214-52] Found false inter dependency for variable 'psum.3' (../gen/Hls_Layers_UpConv.tpp:171).
WARNING: [ANALYSIS 214-52] Found false inter dependency for variable 'psum.2' (../gen/Hls_Layers_UpConv.tpp:171).
WARNING: [ANALYSIS 214-52] Found false inter dependency for variable 'psum.1' (../gen/Hls_Layers_UpConv.tpp:171).
WARNING: [ANALYSIS 214-52] Found false inter dependency for variable 'psum' (../gen/Hls_Layers_UpConv.tpp:171).
INFO: [HLS 200-111] Finished Architecture Synthesis: CPU user time: 0.34 seconds. CPU system time: 0.03 seconds. Elapsed time: 0.37 seconds; current allocated memory: 453.199 MB.
INFO: [HLS 200-10] Starting hardware synthesis ...
INFO: [HLS 200-10] Synthesizing 'upconv_core_top_ucb3' ...
WARNING: [SYN 201-103] Legalizing function name 'UpConv_Fused_Row<8, 128, 128, 120, 60>_Pipeline_RESET_ROW_ACC' to 'UpConv_Fused_Row_8_128_128_120_60_Pipeline_RESET_ROW_ACC'.
WARNING: [SYN 201-103] Legalizing function name 'UpConv_Fused_Row<8, 128, 128, 120, 60>_Pipeline_CI_LOOP' to 'UpConv_Fused_Row_8_128_128_120_60_Pipeline_CI_LOOP'.
WARNING: [SYN 201-103] Legalizing function name 'UpConv_Fused_Row<8, 128, 128, 120, 60>_Outline_TILE_LOOP' to 'UpConv_Fused_Row_8_128_128_120_60_Outline_TILE_LOOP'.
WARNING: [SYN 201-103] Legalizing function name 'UpConv_Fused_Row<8, 128, 128, 120, 60>_Pipeline_LOAD_PARAMS' to 'UpConv_Fused_Row_8_128_128_120_60_Pipeline_LOAD_PARAMS'.
WARNING: [SYN 201-103] Legalizing function name 'UpConv_Fused_Row<8, 128, 128, 120, 60>_Pipeline_BIAS_STATS' to 'UpConv_Fused_Row_8_128_128_120_60_Pipeline_BIAS_STATS'.
WARNING: [SYN 201-103] Legalizing function name 'UpConv_Fused_Row<8, 128, 128, 120, 60>_Pipeline_NORM_WRITE' to 'UpConv_Fused_Row_8_128_128_120_60_Pipeline_NORM_WRITE'.
WARNING: [SYN 201-103] Legalizing function name 'UpConv_Fused_Row<8, 128, 128, 120, 60>' to 'UpConv_Fused_Row_8_128_128_120_60_s'.
INFO: [HLS 200-10] ----------------------------------------------------------------
INFO: [HLS 200-42] -- Implementing module 'upconv_core_top_ucb3_Pipeline_LOAD_ROW0_VITIS_LOOP_296_1' 
INFO: [HLS 200-10] ----------------------------------------------------------------
INFO: [SCHED 204-11] Starting scheduling ...
WARNING: [HLS 200-2042] Usage of URAM can potentially cause worse II as Vitis HLS does not exploit read-first mode for URAMs. Consider using BRAMs instead.
INFO: [SCHED 204-61] Pipelining loop 'LOAD_ROW0_VITIS_LOOP_296_1'.
INFO: [HLS 200-1470] Pipelining result : Target II = 1, Final II = 1, Depth = 3, loop 'LOAD_ROW0_VITIS_LOOP_296_1'
INFO: [SCHED 204-11] Finished scheduling.
INFO: [HLS 200-111] Finished Scheduling: CPU user time: 0.06 seconds. CPU system time: 0.02 seconds. Elapsed time: 0.08 seconds; current allocated memory: 454.191 MB.
INFO: [BIND 205-100] Starting micro-architecture generation ...
INFO: [BIND 205-101] Performing variable lifetime analysis.
INFO: [BIND 205-101] Exploring resource sharing.
INFO: [BIND 205-101] Binding ...
INFO: [BIND 205-100] Finished micro-architecture generation.
INFO: [HLS 200-111] Finished Binding: CPU user time: 0.01 seconds. CPU system time: 0 seconds. Elapsed time: 0.01 seconds; current allocated memory: 454.191 MB.
INFO: [HLS 200-10] ----------------------------------------------------------------
INFO: [HLS 200-42] -- Implementing module 'UpConv_Fused_Row_8_128_128_120_60_Pipeline_RESET_ROW_ACC' 
INFO: [HLS 200-10] ----------------------------------------------------------------
INFO: [SCHED 204-11] Starting scheduling ...
WARNING: [HLS 200-2042] Usage of URAM can potentially cause worse II as Vitis HLS does not exploit read-first mode for URAMs. Consider using BRAMs instead.
WARNING: [HLS 200-2042] Usage of URAM can potentially cause worse II as Vitis HLS does not exploit read-first mode for URAMs. Consider using BRAMs instead.
WARNING: [HLS 200-2042] Usage of URAM can potentially cause worse II as Vitis HLS does not exploit read-first mode for URAMs. Consider using BRAMs instead.
WARNING: [HLS 200-2042] Usage of URAM can potentially cause worse II as Vitis HLS does not exploit read-first mode for URAMs. Consider using BRAMs instead.
WARNING: [HLS 200-2042] Usage of URAM can potentially cause worse II as Vitis HLS does not exploit read-first mode for URAMs. Consider using BRAMs instead.
WARNING: [HLS 200-2042] Usage of URAM can potentially cause worse II as Vitis HLS does not exploit read-first mode for URAMs. Consider using BRAMs instead.
WARNING: [HLS 200-2042] Usage of URAM can potentially cause worse II as Vitis HLS does not exploit read-first mode for URAMs. Consider using BRAMs instead.
WARNING: [HLS 200-2042] Usage of URAM can potentially cause worse II as Vitis HLS does not exploit read-first mode for URAMs. Consider using BRAMs instead.
WARNING: [HLS 200-2042] Usage of URAM can potentially cause worse II as Vitis HLS does not exploit read-first mode for URAMs. Consider using BRAMs instead.
WARNING: [HLS 200-2042] Usage of URAM can potentially cause worse II as Vitis HLS does not exploit read-first mode for URAMs. Consider using BRAMs instead.
WARNING: [HLS 200-2042] Usage of URAM can potentially cause worse II as Vitis HLS does not exploit read-first mode for URAMs. Consider using BRAMs instead.
WARNING: [HLS 200-2042] Usage of URAM can potentially cause worse II as Vitis HLS does not exploit read-first mode for URAMs. Consider using BRAMs instead.
WARNING: [HLS 200-2042] Usage of URAM can potentially cause worse II as Vitis HLS does not exploit read-first mode for URAMs. Consider using BRAMs instead.
WARNING: [HLS 200-2042] Usage of URAM can potentially cause worse II as Vitis HLS does not exploit read-first mode for URAMs. Consider using BRAMs instead.
WARNING: [HLS 200-2042] Usage of URAM can potentially cause worse II as Vitis HLS does not exploit read-first mode for URAMs. Consider using BRAMs instead.
WARNING: [HLS 200-2042] Usage of URAM can potentially cause worse II as Vitis HLS does not exploit read-first mode for URAMs. Consider using BRAMs instead.
WARNING: [HLS 200-2042] Usage of URAM can potentially cause worse II as Vitis HLS does not exploit read-first mode for URAMs. Consider using BRAMs instead.
WARNING: [HLS 200-2042] Usage of URAM can potentially cause worse II as Vitis HLS does not exploit read-first mode for URAMs. Consider using BRAMs instead.
WARNING: [HLS 200-2042] Usage of URAM can potentially cause worse II as Vitis HLS does not exploit read-first mode for URAMs. Consider using BRAMs instead.
WARNING: [HLS 200-2042] Usage of URAM can potentially cause worse II as Vitis HLS does not exploit read-first mode for URAMs. Consider using BRAMs instead.
WARNING: [HLS 200-2042] Usage of URAM can potentially cause worse II as Vitis HLS does not exploit read-first mode for URAMs. Consider using BRAMs instead.
WARNING: [HLS 200-2042] Usage of URAM can potentially cause worse II as Vitis HLS does not exploit read-first mode for URAMs. Consider using BRAMs instead.
WARNING: [HLS 200-2042] Usage of URAM can potentially cause worse II as Vitis HLS does not exploit read-first mode for URAMs. Consider using BRAMs instead.
WARNING: [HLS 200-2042] Usage of URAM can potentially cause worse II as Vitis HLS does not exploit read-first mode for URAMs. Consider using BRAMs instead.
WARNING: [HLS 200-2042] Usage of URAM can potentially cause worse II as Vitis HLS does not exploit read-first mode for URAMs. Consider using BRAMs instead.
WARNING: [HLS 200-2042] Usage of URAM can potentially cause worse II as Vitis HLS does not exploit read-first mode for URAMs. Consider using BRAMs instead.
WARNING: [HLS 200-2042] Usage of URAM can potentially cause worse II as Vitis HLS does not exploit read-first mode for URAMs. Consider using BRAMs instead.
WARNING: [HLS 200-2042] Usage of URAM can potentially cause worse II as Vitis HLS does not exploit read-first mode for URAMs. Consider using BRAMs instead.
WARNING: [HLS 200-2042] Usage of URAM can potentially cause worse II as Vitis HLS does not exploit read-first mode for URAMs. Consider using BRAMs instead.
WARNING: [HLS 200-2042] Usage of URAM can potentially cause worse II as Vitis HLS does not exploit read-first mode for URAMs. Consider using BRAMs instead.
WARNING: [HLS 200-2042] Usage of URAM can potentially cause worse II as Vitis HLS does not exploit read-first mode for URAMs. Consider using BRAMs instead.
WARNING: [HLS 200-2042] Usage of URAM can potentially cause worse II as Vitis HLS does not exploit read-first mode for URAMs. Consider using BRAMs instead.
WARNING: [HLS 200-2042] Usage of URAM can potentially cause worse II as Vitis HLS does not exploit read-first mode for URAMs. Consider using BRAMs instead.
WARNING: [HLS 200-2042] Usage of URAM can potentially cause worse II as Vitis HLS does not exploit read-first mode for URAMs. Consider using BRAMs instead.
WARNING: [HLS 200-2042] Usage of URAM can potentially cause worse II as Vitis HLS does not exploit read-first mode for URAMs. Consider using BRAMs instead.
WARNING: [HLS 200-2042] Usage of URAM can potentially cause worse II as Vitis HLS does not exploit read-first mode for URAMs. Consider using BRAMs instead.
WARNING: [HLS 200-2042] Usage of URAM can potentially cause worse II as Vitis HLS does not exploit read-first mode for URAMs. Consider using BRAMs instead.
WARNING: [HLS 200-2042] Usage of URAM can potentially cause worse II as Vitis HLS does not exploit read-first mode for URAMs. Consider using BRAMs instead.
WARNING: [HLS 200-2042] Usage of URAM can potentially cause worse II as Vitis HLS does not exploit read-first mode for URAMs. Consider using BRAMs instead.
WARNING: [HLS 200-2042] Usage of URAM can potentially cause worse II as Vitis HLS does not exploit read-first mode for URAMs. Consider using BRAMs instead.
WARNING: [HLS 200-2042] Usage of URAM can potentially cause worse II as Vitis HLS does not exploit read-first mode for URAMs. Consider using BRAMs instead.
WARNING: [HLS 200-2042] Usage of URAM can potentially cause worse II as Vitis HLS does not exploit read-first mode for URAMs. Consider using BRAMs instead.
WARNING: [HLS 200-2042] Usage of URAM can potentially cause worse II as Vitis HLS does not exploit read-first mode for URAMs. Consider using BRAMs instead.
WARNING: [HLS 200-2042] Usage of URAM can potentially cause worse II as Vitis HLS does not exploit read-first mode for URAMs. Consider using BRAMs instead.
WARNING: [HLS 200-2042] Usage of URAM can potentially cause worse II as Vitis HLS does not exploit read-first mode for URAMs. Consider using BRAMs instead.
WARNING: [HLS 200-2042] Usage of URAM can potentially cause worse II as Vitis HLS does not exploit read-first mode for URAMs. Consider using BRAMs instead.
WARNING: [HLS 200-2042] Usage of URAM can potentially cause worse II as Vitis HLS does not exploit read-first mode for URAMs. Consider using BRAMs instead.
WARNING: [HLS 200-2042] Usage of URAM can potentially cause worse II as Vitis HLS does not exploit read-first mode for URAMs. Consider using BRAMs instead.
WARNING: [HLS 200-2042] Usage of URAM can potentially cause worse II as Vitis HLS does not exploit read-first mode for URAMs. Consider using BRAMs instead.
WARNING: [HLS 200-2042] Usage of URAM can potentially cause worse II as Vitis HLS does not exploit read-first mode for URAMs. Consider using BRAMs instead.
WARNING: [HLS 200-2042] Usage of URAM can potentially cause worse II as Vitis HLS does not exploit read-first mode for URAMs. Consider using BRAMs instead.
WARNING: [HLS 200-2042] Usage of URAM can potentially cause worse II as Vitis HLS does not exploit read-first mode for URAMs. Consider using BRAMs instead.
WARNING: [HLS 200-2042] Usage of URAM can potentially cause worse II as Vitis HLS does not exploit read-first mode for URAMs. Consider using BRAMs instead.
WARNING: [HLS 200-2042] Usage of URAM can potentially cause worse II as Vitis HLS does not exploit read-first mode for URAMs. Consider using BRAMs instead.
WARNING: [HLS 200-2042] Usage of URAM can potentially cause worse II as Vitis HLS does not exploit read-first mode for URAMs. Consider using BRAMs instead.
WARNING: [HLS 200-2042] Usage of URAM can potentially cause worse II as Vitis HLS does not exploit read-first mode for URAMs. Consider using BRAMs instead.
WARNING: [HLS 200-2042] Usage of URAM can potentially cause worse II as Vitis HLS does not exploit read-first mode for URAMs. Consider using BRAMs instead.
WARNING: [HLS 200-2042] Usage of URAM can potentially cause worse II as Vitis HLS does not exploit read-first mode for URAMs. Consider using BRAMs instead.
WARNING: [HLS 200-2042] Usage of URAM can potentially cause worse II as Vitis HLS does not exploit read-first mode for URAMs. Consider using BRAMs instead.
WARNING: [HLS 200-2042] Usage of URAM can potentially cause worse II as Vitis HLS does not exploit read-first mode for URAMs. Consider using BRAMs instead.
WARNING: [HLS 200-2042] Usage of URAM can potentially cause worse II as Vitis HLS does not exploit read-first mode for URAMs. Consider using BRAMs instead.
WARNING: [HLS 200-2042] Usage of URAM can potentially cause worse II as Vitis HLS does not exploit read-first mode for URAMs. Consider using BRAMs instead.
WARNING: [HLS 200-2042] Usage of URAM can potentially cause worse II as Vitis HLS does not exploit read-first mode for URAMs. Consider using BRAMs instead.
WARNING: [HLS 200-2042] Usage of URAM can potentially cause worse II as Vitis HLS does not exploit read-first mode for URAMs. Consider using BRAMs instead.
INFO: [SCHED 204-61] Pipelining loop 'RESET_ROW_ACC'.
WARNING: [HLS 200-885] The II Violation in module 'UpConv_Fused_Row_8_128_128_120_60_Pipeline_RESET_ROW_ACC' (loop 'RESET_ROW_ACC'): Unable to schedule 'store' operation 0 bit ('void_UpConv_Fused_Row_ap_uint_ap_uint_const_ap_uint_const_ap_uint_const_ap_u_11_write_ln121', ../gen/Hls_Layers_UpConv.tpp:121) of constant 0 on array 'void_UpConv_Fused_Row_ap_uint_ap_uint_const_ap_uint_const_ap_uint_const_ap_u_9' due to limited memory ports (II = 1). Please consider using a memory core with more ports or partitioning the array 'void_UpConv_Fused_Row_ap_uint_ap_uint_const_ap_uint_const_ap_uint_const_ap_u_9'.
Resolution: For help on HLS 200-885 see docs.xilinx.com/access/sources/dita/topic?Doc_Version=2024.2%20English&url=ug1448-hls-guidance&resourceid=200-885.html
INFO: [HLS 200-1470] Pipelining result : Target II = 1, Final II = 2, Depth = 3, loop 'RESET_ROW_ACC'
INFO: [SCHED 204-11] Finished scheduling.
INFO: [HLS 200-111] Finished Scheduling: CPU user time: 0.11 seconds. CPU system time: 0.01 seconds. Elapsed time: 0.11 seconds; current allocated memory: 455.453 MB.
INFO: [BIND 205-100] Starting micro-architecture generation ...
INFO: [BIND 205-101] Performing variable lifetime analysis.
INFO: [BIND 205-101] Exploring resource sharing.
INFO: [BIND 205-101] Binding ...
INFO: [BIND 205-100] Finished micro-architecture generation.
INFO: [HLS 200-111] Finished Binding: CPU user time: 0.01 seconds. CPU system time: 0 seconds. Elapsed time: 0.01 seconds; current allocated memory: 455.453 MB.
INFO: [HLS 200-10] ----------------------------------------------------------------
INFO: [HLS 200-42] -- Implementing module 'UpConv_Fused_Row_Pipeline_VITIS_LOOP_142_2_VITIS_LOOP_143_3' 
INFO: [HLS 200-10] ----------------------------------------------------------------
INFO: [SCHED 204-11] Starting scheduling ...
INFO: [SCHED 204-61] Pipelining loop 'VITIS_LOOP_142_2_VITIS_LOOP_143_3'.
INFO: [HLS 200-1470] Pipelining result : Target II = 1, Final II = 1, Depth = 3, loop 'VITIS_LOOP_142_2_VITIS_LOOP_143_3'
INFO: [SCHED 204-11] Finished scheduling.
INFO: [HLS 200-111] Finished Scheduling: CPU user time: 0.03 seconds. CPU system time: 0 seconds. Elapsed time: 0.04 seconds; current allocated memory: 456.086 MB.
INFO: [BIND 205-100] Starting micro-architecture generation ...
INFO: [BIND 205-101] Performing variable lifetime analysis.
INFO: [BIND 205-101] Exploring resource sharing.
INFO: [BIND 205-101] Binding ...
INFO: [BIND 205-100] Finished micro-architecture generation.
INFO: [HLS 200-111] Finished Binding: CPU user time: 0.02 seconds. CPU system time: 0 seconds. Elapsed time: 0.02 seconds; current allocated memory: 456.086 MB.
INFO: [HLS 200-10] ----------------------------------------------------------------
INFO: [HLS 200-42] -- Implementing module 'UpConv_Fused_Row_8_128_128_120_60_Pipeline_CI_LOOP' 
INFO: [HLS 200-10] ----------------------------------------------------------------
INFO: [SCHED 204-11] Starting scheduling ...
WARNING: [HLS 200-2042] Usage of URAM can potentially cause worse II as Vitis HLS does not exploit read-first mode for URAMs. Consider using BRAMs instead.
INFO: [SCHED 204-61] Pipelining loop 'CI_LOOP'.
INFO: [HLS 200-1470] Pipelining result : Target II = 1, Final II = 1, Depth = 93, loop 'CI_LOOP'
INFO: [SCHED 204-11] Finished scheduling.
INFO: [HLS 200-111] Finished Scheduling: CPU user time: 0.25 seconds. CPU system time: 0 seconds. Elapsed time: 0.25 seconds; current allocated memory: 463.719 MB.
INFO: [BIND 205-100] Starting micro-architecture generation ...
INFO: [BIND 205-101] Performing variable lifetime analysis.
INFO: [BIND 205-101] Exploring resource sharing.
INFO: [BIND 205-101] Binding ...
INFO: [BIND 205-100] Finished micro-architecture generation.
INFO: [HLS 200-111] Finished Binding: CPU user time: 0.09 seconds. CPU system time: 0 seconds. Elapsed time: 0.1 seconds; current allocated memory: 464.598 MB.
INFO: [HLS 200-10] ----------------------------------------------------------------
INFO: [HLS 200-42] -- Implementing module 'UpConv_Fused_Row_8_128_128_120_60_Outline_TILE_LOOP' 
INFO: [HLS 200-10] ----------------------------------------------------------------
INFO: [SCHED 204-11] Starting scheduling ...
WARNING: [HLS 200-2042] Usage of URAM can potentially cause worse II as Vitis HLS does not exploit read-first mode for URAMs. Consider using BRAMs instead.
WARNING: [HLS 200-2042] Usage of URAM can potentially cause worse II as Vitis HLS does not exploit read-first mode for URAMs. Consider using BRAMs instead.
WARNING: [HLS 200-2042] Usage of URAM can potentially cause worse II as Vitis HLS does not exploit read-first mode for URAMs. Consider using BRAMs instead.
WARNING: [HLS 200-2042] Usage of URAM can potentially cause worse II as Vitis HLS does not exploit read-first mode for URAMs. Consider using BRAMs instead.
WARNING: [HLS 200-2042] Usage of URAM can potentially cause worse II as Vitis HLS does not exploit read-first mode for URAMs. Consider using BRAMs instead.
WARNING: [HLS 200-2042] Usage of URAM can potentially cause worse II as Vitis HLS does not exploit read-first mode for URAMs. Consider using BRAMs instead.
WARNING: [HLS 200-2042] Usage of URAM can potentially cause worse II as Vitis HLS does not exploit read-first mode for URAMs. Consider using BRAMs instead.
WARNING: [HLS 200-2042] Usage of URAM can potentially cause worse II as Vitis HLS does not exploit read-first mode for URAMs. Consider using BRAMs instead.
WARNING: [HLS 200-2042] Usage of URAM can potentially cause worse II as Vitis HLS does not exploit read-first mode for URAMs. Consider using BRAMs instead.
WARNING: [HLS 200-2042] Usage of URAM can potentially cause worse II as Vitis HLS does not exploit read-first mode for URAMs. Consider using BRAMs instead.
WARNING: [HLS 200-2042] Usage of URAM can potentially cause worse II as Vitis HLS does not exploit read-first mode for URAMs. Consider using BRAMs instead.
WARNING: [HLS 200-2042] Usage of URAM can potentially cause worse II as Vitis HLS does not exploit read-first mode for URAMs. Consider using BRAMs instead.
WARNING: [HLS 200-2042] Usage of URAM can potentially cause worse II as Vitis HLS does not exploit read-first mode for URAMs. Consider using BRAMs instead.
WARNING: [HLS 200-2042] Usage of URAM can potentially cause worse II as Vitis HLS does not exploit read-first mode for URAMs. Consider using BRAMs instead.
WARNING: [HLS 200-2042] Usage of URAM can potentially cause worse II as Vitis HLS does not exploit read-first mode for URAMs. Consider using BRAMs instead.
WARNING: [HLS 200-2042] Usage of URAM can potentially cause worse II as Vitis HLS does not exploit read-first mode for URAMs. Consider using BRAMs instead.
WARNING: [HLS 200-2042] Usage of URAM can potentially cause worse II as Vitis HLS does not exploit read-first mode for URAMs. Consider using BRAMs instead.
WARNING: [HLS 200-2042] Usage of URAM can potentially cause worse II as Vitis HLS does not exploit read-first mode for URAMs. Consider using BRAMs instead.
WARNING: [HLS 200-2042] Usage of URAM can potentially cause worse II as Vitis HLS does not exploit read-first mode for URAMs. Consider using BRAMs instead.
WARNING: [HLS 200-2042] Usage of URAM can potentially cause worse II as Vitis HLS does not exploit read-first mode for URAMs. Consider using BRAMs instead.
WARNING: [HLS 200-2042] Usage of URAM can potentially cause worse II as Vitis HLS does not exploit read-first mode for URAMs. Consider using BRAMs instead.
WARNING: [HLS 200-2042] Usage of URAM can potentially cause worse II as Vitis HLS does not exploit read-first mode for URAMs. Consider using BRAMs instead.
WARNING: [HLS 200-2042] Usage of URAM can potentially cause worse II as Vitis HLS does not exploit read-first mode for URAMs. Consider using BRAMs instead.
WARNING: [HLS 200-2042] Usage of URAM can potentially cause worse II as Vitis HLS does not exploit read-first mode for URAMs. Consider using BRAMs instead.
WARNING: [HLS 200-2042] Usage of URAM can potentially cause worse II as Vitis HLS does not exploit read-first mode for URAMs. Consider using BRAMs instead.
WARNING: [HLS 200-2042] Usage of URAM can potentially cause worse II as Vitis HLS does not exploit read-first mode for URAMs. Consider using BRAMs instead.
WARNING: [HLS 200-2042] Usage of URAM can potentially cause worse II as Vitis HLS does not exploit read-first mode for URAMs. Consider using BRAMs instead.
WARNING: [HLS 200-2042] Usage of URAM can potentially cause worse II as Vitis HLS does not exploit read-first mode for URAMs. Consider using BRAMs instead.
WARNING: [HLS 200-2042] Usage of URAM can potentially cause worse II as Vitis HLS does not exploit read-first mode for URAMs. Consider using BRAMs instead.
WARNING: [HLS 200-2042] Usage of URAM can potentially cause worse II as Vitis HLS does not exploit read-first mode for URAMs. Consider using BRAMs instead.
WARNING: [HLS 200-2042] Usage of URAM can potentially cause worse II as Vitis HLS does not exploit read-first mode for URAMs. Consider using BRAMs instead.
WARNING: [HLS 200-2042] Usage of URAM can potentially cause worse II as Vitis HLS does not exploit read-first mode for URAMs. Consider using BRAMs instead.
INFO: [SCHED 204-11] Finished scheduling.
INFO: [HLS 200-111] Finished Scheduling: CPU user time: 0.2 seconds. CPU system time: 0.01 seconds. Elapsed time: 0.2 seconds; current allocated memory: 469.336 MB.
INFO: [BIND 205-100] Starting micro-architecture generation ...
INFO: [BIND 205-101] Performing variable lifetime analysis.
INFO: [BIND 205-101] Exploring resource sharing.
INFO: [BIND 205-101] Binding ...
INFO: [BIND 205-100] Finished micro-architecture generation.
INFO: [HLS 200-111] Finished Binding: CPU user time: 0.04 seconds. CPU system time: 0 seconds. Elapsed time: 0.04 seconds; current allocated memory: 469.336 MB.
INFO: [HLS 200-10] ----------------------------------------------------------------
INFO: [HLS 200-42] -- Implementing module 'UpConv_Fused_Row_8_128_128_120_60_Pipeline_LOAD_PARAMS' 
INFO: [HLS 200-10] ----------------------------------------------------------------
INFO: [SCHED 204-11] Starting scheduling ...
INFO: [SCHED 204-61] Pipelining loop 'LOAD_PARAMS'.
WARNING: [HLS 200-885] The II Violation in module 'UpConv_Fused_Row_8_128_128_120_60_Pipeline_LOAD_PARAMS' (loop 'LOAD_PARAMS'): Unable to schedule bus request operation ('gmem_param_load_1_req', ../gen/Hls_Layers_UpConv.tpp:231) on port 'gmem_param' (../gen/Hls_Layers_UpConv.tpp:231) due to limited memory ports (II = 1). Please consider using a memory core with more ports or partitioning the array.
Resolution: For help on HLS 200-885 see docs.xilinx.com/access/sources/dita/topic?Doc_Version=2024.2%20English&url=ug1448-hls-guidance&resourceid=200-885.html
WARNING: [HLS 200-885] The II Violation in module 'UpConv_Fused_Row_8_128_128_120_60_Pipeline_LOAD_PARAMS' (loop 'LOAD_PARAMS'): Unable to schedule bus request operation ('gmem_param_load_2_req', ../gen/Hls_Layers_UpConv.tpp:232) on port 'gmem_param' (../gen/Hls_Layers_UpConv.tpp:232) due to limited memory ports (II = 2). Please consider using a memory core with more ports or partitioning the array.
Resolution: For help on HLS 200-885 see docs.xilinx.com/access/sources/dita/topic?Doc_Version=2024.2%20English&url=ug1448-hls-guidance&resourceid=200-885.html
INFO: [HLS 200-1470] Pipelining result : Target II = 1, Final II = 3, Depth = 13, loop 'LOAD_PARAMS'
INFO: [SCHED 204-11] Finished scheduling.
INFO: [HLS 200-111] Finished Scheduling: CPU user time: 0.05 seconds. CPU system time: 0.01 seconds. Elapsed time: 0.06 seconds; current allocated memory: 469.336 MB.
INFO: [BIND 205-100] Starting micro-architecture generation ...
INFO: [BIND 205-101] Performing variable lifetime analysis.
INFO: [BIND 205-101] Exploring resource sharing.
INFO: [BIND 205-101] Binding ...
INFO: [BIND 205-100] Finished micro-architecture generation.
INFO: [HLS 200-111] Finished Binding: CPU user time: 0.02 seconds. CPU system time: 0 seconds. Elapsed time: 0.02 seconds; current allocated memory: 469.336 MB.
INFO: [HLS 200-10] ----------------------------------------------------------------
INFO: [HLS 200-42] -- Implementing module 'UpConv_Fused_Row_8_128_128_120_60_Pipeline_BIAS_STATS' 
INFO: [HLS 200-10] ----------------------------------------------------------------
INFO: [SCHED 204-11] Starting scheduling ...
WARNING: [HLS 200-2042] Usage of URAM can potentially cause worse II as Vitis HLS does not exploit read-first mode for URAMs. Consider using BRAMs instead.
WARNING: [HLS 200-2042] Usage of URAM can potentially cause worse II as Vitis HLS does not exploit read-first mode for URAMs. Consider using BRAMs instead.
WARNING: [HLS 200-2042] Usage of URAM can potentially cause worse II as Vitis HLS does not exploit read-first mode for URAMs. Consider using BRAMs instead.
WARNING: [HLS 200-2042] Usage of URAM can potentially cause worse II as Vitis HLS does not exploit read-first mode for URAMs. Consider using BRAMs instead.
WARNING: [HLS 200-2042] Usage of URAM can potentially cause worse II as Vitis HLS does not exploit read-first mode for URAMs. Consider using BRAMs instead.
WARNING: [HLS 200-2042] Usage of URAM can potentially cause worse II as Vitis HLS does not exploit read-first mode for URAMs. Consider using BRAMs instead.
WARNING: [HLS 200-2042] Usage of URAM can potentially cause worse II as Vitis HLS does not exploit read-first mode for URAMs. Consider using BRAMs instead.
WARNING: [HLS 200-2042] Usage of URAM can potentially cause worse II as Vitis HLS does not exploit read-first mode for URAMs. Consider using BRAMs instead.
WARNING: [HLS 200-2042] Usage of URAM can potentially cause worse II as Vitis HLS does not exploit read-first mode for URAMs. Consider using BRAMs instead.
WARNING: [HLS 200-2042] Usage of URAM can potentially cause worse II as Vitis HLS does not exploit read-first mode for URAMs. Consider using BRAMs instead.
WARNING: [HLS 200-2042] Usage of URAM can potentially cause worse II as Vitis HLS does not exploit read-first mode for URAMs. Consider using BRAMs instead.
WARNING: [HLS 200-2042] Usage of URAM can potentially cause worse II as Vitis HLS does not exploit read-first mode for URAMs. Consider using BRAMs instead.
WARNING: [HLS 200-2042] Usage of URAM can potentially cause worse II as Vitis HLS does not exploit read-first mode for URAMs. Consider using BRAMs instead.
WARNING: [HLS 200-2042] Usage of URAM can potentially cause worse II as Vitis HLS does not exploit read-first mode for URAMs. Consider using BRAMs instead.
WARNING: [HLS 200-2042] Usage of URAM can potentially cause worse II as Vitis HLS does not exploit read-first mode for URAMs. Consider using BRAMs instead.
WARNING: [HLS 200-2042] Usage of URAM can potentially cause worse II as Vitis HLS does not exploit read-first mode for URAMs. Consider using BRAMs instead.
WARNING: [HLS 200-2042] Usage of URAM can potentially cause worse II as Vitis HLS does not exploit read-first mode for URAMs. Consider using BRAMs instead.
WARNING: [HLS 200-2042] Usage of URAM can potentially cause worse II as Vitis HLS does not exploit read-first mode for URAMs. Consider using BRAMs instead.
WARNING: [HLS 200-2042] Usage of URAM can potentially cause worse II as Vitis HLS does not exploit read-first mode for URAMs. Consider using BRAMs instead.
WARNING: [HLS 200-2042] Usage of URAM can potentially cause worse II as Vitis HLS does not exploit read-first mode for URAMs. Consider using BRAMs instead.
WARNING: [HLS 200-2042] Usage of URAM can potentially cause worse II as Vitis HLS does not exploit read-first mode for URAMs. Consider using BRAMs instead.
WARNING: [HLS 200-2042] Usage of URAM can potentially cause worse II as Vitis HLS does not exploit read-first mode for URAMs. Consider using BRAMs instead.
WARNING: [HLS 200-2042] Usage of URAM can potentially cause worse II as Vitis HLS does not exploit read-first mode for URAMs. Consider using BRAMs instead.
WARNING: [HLS 200-2042] Usage of URAM can potentially cause worse II as Vitis HLS does not exploit read-first mode for URAMs. Consider using BRAMs instead.
WARNING: [HLS 200-2042] Usage of URAM can potentially cause worse II as Vitis HLS does not exploit read-first mode for URAMs. Consider using BRAMs instead.
WARNING: [HLS 200-2042] Usage of URAM can potentially cause worse II as Vitis HLS does not exploit read-first mode for URAMs. Consider using BRAMs instead.
WARNING: [HLS 200-2042] Usage of URAM can potentially cause worse II as Vitis HLS does not exploit read-first mode for URAMs. Consider using BRAMs instead.
WARNING: [HLS 200-2042] Usage of URAM can potentially cause worse II as Vitis HLS does not exploit read-first mode for URAMs. Consider using BRAMs instead.
WARNING: [HLS 200-2042] Usage of URAM can potentially cause worse II as Vitis HLS does not exploit read-first mode for URAMs. Consider using BRAMs instead.
WARNING: [HLS 200-2042] Usage of URAM can potentially cause worse II as Vitis HLS does not exploit read-first mode for URAMs. Consider using BRAMs instead.
WARNING: [HLS 200-2042] Usage of URAM can potentially cause worse II as Vitis HLS does not exploit read-first mode for URAMs. Consider using BRAMs instead.
WARNING: [HLS 200-2042] Usage of URAM can potentially cause worse II as Vitis HLS does not exploit read-first mode for URAMs. Consider using BRAMs instead.
INFO: [SCHED 204-61] Pipelining loop 'BIAS_STATS'.
WARNING: [HLS 200-880] The II Violation in module 'UpConv_Fused_Row_8_128_128_120_60_Pipeline_BIAS_STATS' (loop 'BIAS_STATS'): Unable to enforce a carried dependence constraint (II = 1, distance = 1, offset = 0) between 'store' operation 0 bit ('sum_write_ln240', ../gen/Hls_Layers_UpConv.tpp:240) of variable 'sum', ../gen/Hls_Layers_UpConv.tpp:249 on local variable 'sum', ../gen/Hls_Layers_UpConv.tpp:240 and 'load' operation 32 bit ('sum_load', ../gen/Hls_Layers_UpConv.tpp:249) on local variable 'sum', ../gen/Hls_Layers_UpConv.tpp:240.
Resolution: For help on HLS 200-880 see docs.xilinx.com/access/sources/dita/topic?Doc_Version=2024.2%20English&url=ug1448-hls-guidance&resourceid=200-880.html
WARNING: [HLS 200-880] The II Violation in module 'UpConv_Fused_Row_8_128_128_120_60_Pipeline_BIAS_STATS' (loop 'BIAS_STATS'): Unable to enforce a carried dependence constraint (II = 2, distance = 1, offset = 0) between 'store' operation 0 bit ('sum_write_ln240', ../gen/Hls_Layers_UpConv.tpp:240) of variable 'sum', ../gen/Hls_Layers_UpConv.tpp:249 on local variable 'sum', ../gen/Hls_Layers_UpConv.tpp:240 and 'load' operation 32 bit ('sum_load', ../gen/Hls_Layers_UpConv.tpp:249) on local variable 'sum', ../gen/Hls_Layers_UpConv.tpp:240.
Resolution: For help on HLS 200-880 see docs.xilinx.com/access/sources/dita/topic?Doc_Version=2024.2%20English&url=ug1448-hls-guidance&resourceid=200-880.html
WARNING: [HLS 200-880] The II Violation in module 'UpConv_Fused_Row_8_128_128_120_60_Pipeline_BIAS_STATS' (loop 'BIAS_STATS'): Unable to enforce a carried dependence constraint (II = 3, distance = 1, offset = 0) between 'store' operation 0 bit ('sum_write_ln240', ../gen/Hls_Layers_UpConv.tpp:240) of variable 'sum', ../gen/Hls_Layers_UpConv.tpp:249 on local variable 'sum', ../gen/Hls_Layers_UpConv.tpp:240 and 'load' operation 32 bit ('sum_load', ../gen/Hls_Layers_UpConv.tpp:249) on local variable 'sum', ../gen/Hls_Layers_UpConv.tpp:240.
Resolution: For help on HLS 200-880 see docs.xilinx.com/access/sources/dita/topic?Doc_Version=2024.2%20English&url=ug1448-hls-guidance&resourceid=200-880.html
WARNING: [HLS 200-880] The II Violation in module 'UpConv_Fused_Row_8_128_128_120_60_Pipeline_BIAS_STATS' (loop 'BIAS_STATS'): Unable to enforce a carried dependence constraint (II = 4, distance = 1, offset = 0) between 'store' operation 0 bit ('sum_write_ln240', ../gen/Hls_Layers_UpConv.tpp:240) of variable 'sum', ../gen/Hls_Layers_UpConv.tpp:249 on local variable 'sum', ../gen/Hls_Layers_UpConv.tpp:240 and 'load' operation 32 bit ('sum_load', ../gen/Hls_Layers_UpConv.tpp:249) on local variable 'sum', ../gen/Hls_Layers_UpConv.tpp:240.
Resolution: For help on HLS 200-880 see docs.xilinx.com/access/sources/dita/topic?Doc_Version=2024.2%20English&url=ug1448-hls-guidance&resourceid=200-880.html
WARNING: [HLS 200-880] The II Violation in module 'UpConv_Fused_Row_8_128_128_120_60_Pipeline_BIAS_STATS' (loop 'BIAS_STATS'): Unable to enforce a carried dependence constraint (II = 5, distance = 1, offset = 0) between 'store' operation 0 bit ('sum_write_ln240', ../gen/Hls_Layers_UpConv.tpp:240) of variable 'sum', ../gen/Hls_Layers_UpConv.tpp:249 on local variable 'sum', ../gen/Hls_Layers_UpConv.tpp:240 and 'load' operation 32 bit ('sum_load', ../gen/Hls_Layers_UpConv.tpp:249) on local variable 'sum', ../gen/Hls_Layers_UpConv.tpp:240.
Resolution: For help on HLS 200-880 see docs.xilinx.com/access/sources/dita/topic?Doc_Version=2024.2%20English&url=ug1448-hls-guidance&resourceid=200-880.html
WARNING: [HLS 200-880] The II Violation in module 'UpConv_Fused_Row_8_128_128_120_60_Pipeline_BIAS_STATS' (loop 'BIAS_STATS'): Unable to enforce a carried dependence constraint (II = 6, distance = 1, offset = 0) between 'store' operation 0 bit ('sum_write_ln240', ../gen/Hls_Layers_UpConv.tpp:240) of variable 'sum', ../gen/Hls_Layers_UpConv.tpp:249 on local variable 'sum', ../gen/Hls_Layers_UpConv.tpp:240 and 'load' operation 32 bit ('sum_load', ../gen/Hls_Layers_UpConv.tpp:249) on local variable 'sum', ../gen/Hls_Layers_UpConv.tpp:240.
Resolution: For help on HLS 200-880 see docs.xilinx.com/access/sources/dita/topic?Doc_Version=2024.2%20English&url=ug1448-hls-guidance&resourceid=200-880.html
INFO: [HLS 200-1470] Pipelining result : Target II = 1, Final II = 7, Depth = 25, loop 'BIAS_STATS'
WARNING: [HLS 200-871] Estimated clock period (2.719 ns) exceeds the target (target clock period: 3.333 ns, clock uncertainty: 0.900 ns, effective delay budget: 2.433 ns).
Resolution: For help on HLS 200-871 see docs.xilinx.com/access/sources/dita/topic?Doc_Version=2024.2%20English&url=ug1448-hls-guidance&resourceid=200-871.html
WARNING: [HLS 200-1016] The critical path in module 'UpConv_Fused_Row_8_128_128_120_60_Pipeline_BIAS_STATS' consists of the following:
	'fadd' operation 32 bit ('sum', ../gen/Hls_Layers_UpConv.tpp:249) [153]  (2.292 ns)
	'store' operation 0 bit ('sum_write_ln240', ../gen/Hls_Layers_UpConv.tpp:240) of variable 'sum', ../gen/Hls_Layers_UpConv.tpp:249 on local variable 'sum', ../gen/Hls_Layers_UpConv.tpp:240 [158]  (0.427 ns)

Resolution: For help on HLS 200-1016 see docs.xilinx.com/access/sources/dita/topic?Doc_Version=2024.2%20English&url=ug1448-hls-guidance&resourceid=200-1016.html
INFO: [SCHED 204-11] Finished scheduling.
INFO: [HLS 200-111] Finished Scheduling: CPU user time: 0.13 seconds. CPU system time: 0 seconds. Elapsed time: 0.14 seconds; current allocated memory: 470.395 MB.
INFO: [BIND 205-100] Starting micro-architecture generation ...
INFO: [BIND 205-101] Performing variable lifetime analysis.
INFO: [BIND 205-101] Exploring resource sharing.
INFO: [BIND 205-101] Binding ...
INFO: [BIND 205-100] Finished micro-architecture generation.
INFO: [HLS 200-111] Finished Binding: CPU user time: 0.02 seconds. CPU system time: 0.01 seconds. Elapsed time: 0.02 seconds; current allocated memory: 470.395 MB.
INFO: [HLS 200-10] ----------------------------------------------------------------
INFO: [HLS 200-42] -- Implementing module 'UpConv_Fused_Row_8_128_128_120_60_Pipeline_NORM_WRITE' 
INFO: [HLS 200-10] ----------------------------------------------------------------
INFO: [SCHED 204-11] Starting scheduling ...
WARNING: [HLS 200-2042] Usage of URAM can potentially cause worse II as Vitis HLS does not exploit read-first mode for URAMs. Consider using BRAMs instead.
WARNING: [HLS 200-2042] Usage of URAM can potentially cause worse II as Vitis HLS does not exploit read-first mode for URAMs. Consider using BRAMs instead.
WARNING: [HLS 200-2042] Usage of URAM can potentially cause worse II as Vitis HLS does not exploit read-first mode for URAMs. Consider using BRAMs instead.
WARNING: [HLS 200-2042] Usage of URAM can potentially cause worse II as Vitis HLS does not exploit read-first mode for URAMs. Consider using BRAMs instead.
WARNING: [HLS 200-2042] Usage of URAM can potentially cause worse II as Vitis HLS does not exploit read-first mode for URAMs. Consider using BRAMs instead.
WARNING: [HLS 200-2042] Usage of URAM can potentially cause worse II as Vitis HLS does not exploit read-first mode for URAMs. Consider using BRAMs instead.
WARNING: [HLS 200-2042] Usage of URAM can potentially cause worse II as Vitis HLS does not exploit read-first mode for URAMs. Consider using BRAMs instead.
WARNING: [HLS 200-2042] Usage of URAM can potentially cause worse II as Vitis HLS does not exploit read-first mode for URAMs. Consider using BRAMs instead.
WARNING: [HLS 200-2042] Usage of URAM can potentially cause worse II as Vitis HLS does not exploit read-first mode for URAMs. Consider using BRAMs instead.
WARNING: [HLS 200-2042] Usage of URAM can potentially cause worse II as Vitis HLS does not exploit read-first mode for URAMs. Consider using BRAMs instead.
WARNING: [HLS 200-2042] Usage of URAM can potentially cause worse II as Vitis HLS does not exploit read-first mode for URAMs. Consider using BRAMs instead.
WARNING: [HLS 200-2042] Usage of URAM can potentially cause worse II as Vitis HLS does not exploit read-first mode for URAMs. Consider using BRAMs instead.
WARNING: [HLS 200-2042] Usage of URAM can potentially cause worse II as Vitis HLS does not exploit read-first mode for URAMs. Consider using BRAMs instead.
WARNING: [HLS 200-2042] Usage of URAM can potentially cause worse II as Vitis HLS does not exploit read-first mode for URAMs. Consider using BRAMs instead.
WARNING: [HLS 200-2042] Usage of URAM can potentially cause worse II as Vitis HLS does not exploit read-first mode for URAMs. Consider using BRAMs instead.
WARNING: [HLS 200-2042] Usage of URAM can potentially cause worse II as Vitis HLS does not exploit read-first mode for URAMs. Consider using BRAMs instead.
INFO: [SCHED 204-61] Pipelining loop 'NORM_WRITE'.
INFO: [HLS 200-1470] Pipelining result : Target II = 1, Final II = 1, Depth = 24, loop 'NORM_WRITE'
INFO: [SCHED 204-11] Finished scheduling.
INFO: [HLS 200-111] Finished Scheduling: CPU user time: 0.11 seconds. CPU system time: 0.01 seconds. Elapsed time: 0.12 seconds; current allocated memory: 472.641 MB.
INFO: [BIND 205-100] Starting micro-architecture generation ...
INFO: [BIND 205-101] Performing variable lifetime analysis.
INFO: [BIND 205-101] Exploring resource sharing.
INFO: [BIND 205-101] Binding ...
INFO: [BIND 205-100] Finished micro-architecture generation.
INFO: [HLS 200-111] Finished Binding: CPU user time: 0.04 seconds. CPU system time: 0 seconds. Elapsed time: 0.04 seconds; current allocated memory: 472.930 MB.
INFO: [HLS 200-10] ----------------------------------------------------------------
INFO: [HLS 200-42] -- Implementing module 'UpConv_Fused_Row_8_128_128_120_60_s' 
INFO: [HLS 200-10] ----------------------------------------------------------------
INFO: [SCHED 204-11] Starting scheduling ...
INFO: [SCHED 204-11] Finished scheduling.
INFO: [HLS 200-111] Finished Scheduling: CPU user time: 0.06 seconds. CPU system time: 0 seconds. Elapsed time: 0.07 seconds; current allocated memory: 474.055 MB.
INFO: [BIND 205-100] Starting micro-architecture generation ...
INFO: [BIND 205-101] Performing variable lifetime analysis.
INFO: [BIND 205-101] Exploring resource sharing.
INFO: [BIND 205-101] Binding ...
INFO: [BIND 205-100] Finished micro-architecture generation.
INFO: [HLS 200-111] Finished Binding: CPU user time: 0.04 seconds. CPU system time: 0 seconds. Elapsed time: 0.04 seconds; current allocated memory: 474.906 MB.
INFO: [HLS 200-10] ----------------------------------------------------------------
INFO: [HLS 200-42] -- Implementing module 'upconv_core_top_ucb3_Pipeline_LOAD_ROW_VITIS_LOOP_307_2' 
INFO: [HLS 200-10] ----------------------------------------------------------------
INFO: [SCHED 204-11] Starting scheduling ...
WARNING: [HLS 200-2042] Usage of URAM can potentially cause worse II as Vitis HLS does not exploit read-first mode for URAMs. Consider using BRAMs instead.
INFO: [SCHED 204-61] Pipelining loop 'LOAD_ROW_VITIS_LOOP_307_2'.
INFO: [HLS 200-1470] Pipelining result : Target II = 1, Final II = 1, Depth = 12, loop 'LOAD_ROW_VITIS_LOOP_307_2'
INFO: [SCHED 204-11] Finished scheduling.
INFO: [HLS 200-111] Finished Scheduling: CPU user time: 0.05 seconds. CPU system time: 0.01 seconds. Elapsed time: 0.06 seconds; current allocated memory: 476.152 MB.
INFO: [BIND 205-100] Starting micro-architecture generation ...
INFO: [BIND 205-101] Performing variable lifetime analysis.
INFO: [BIND 205-101] Exploring resource sharing.
INFO: [BIND 205-101] Binding ...
INFO: [BIND 205-100] Finished micro-architecture generation.
INFO: [HLS 200-111] Finished Binding: CPU user time: 0.02 seconds. CPU system time: 0 seconds. Elapsed time: 0.01 seconds; current allocated memory: 476.152 MB.
INFO: [HLS 200-10] ----------------------------------------------------------------
INFO: [HLS 200-42] -- Implementing module 'upconv_core_top_ucb3' 
INFO: [HLS 200-10] ----------------------------------------------------------------
INFO: [SCHED 204-11] Starting scheduling ...
INFO: [SCHED 204-11] Finished scheduling.
INFO: [HLS 200-111] Finished Scheduling: CPU user time: 0.03 seconds. CPU system time: 0 seconds. Elapsed time: 0.03 seconds; current allocated memory: 476.469 MB.
INFO: [BIND 205-100] Starting micro-architecture generation ...
INFO: [BIND 205-101] Performing variable lifetime analysis.
INFO: [BIND 205-101] Exploring resource sharing.
INFO: [BIND 205-101] Binding ...
INFO: [BIND 205-100] Finished micro-architecture generation.
INFO: [HLS 200-111] Finished Binding: CPU user time: 0.03 seconds. CPU system time: 0 seconds. Elapsed time: 0.03 seconds; current allocated memory: 476.469 MB.
INFO: [HLS 200-10] ----------------------------------------------------------------
INFO: [HLS 200-10] -- Generating RTL for module 'upconv_core_top_ucb3_Pipeline_LOAD_ROW0_VITIS_LOOP_296_1' 
INFO: [HLS 200-10] ----------------------------------------------------------------
INFO: [HLS 200-1030] Apply Unified Pipeline Control on module 'upconv_core_top_ucb3_Pipeline_LOAD_ROW0_VITIS_LOOP_296_1' pipeline 'LOAD_ROW0_VITIS_LOOP_296_1' pipeline type 'loop pipeline'
WARNING: [RTGEN 206-101] Setting dangling out port 'upconv_core_top_ucb3_Pipeline_LOAD_ROW0_VITIS_LOOP_296_1/m_axi_gmem_in_0_ARVALID' to 0.
WARNING: [RTGEN 206-101] Setting dangling out port 'upconv_core_top_ucb3_Pipeline_LOAD_ROW0_VITIS_LOOP_296_1/m_axi_gmem_in_0_ARADDR' to 0.
WARNING: [RTGEN 206-101] Setting dangling out port 'upconv_core_top_ucb3_Pipeline_LOAD_ROW0_VITIS_LOOP_296_1/m_axi_gmem_in_0_ARID' to 0.
WARNING: [RTGEN 206-101] Setting dangling out port 'upconv_core_top_ucb3_Pipeline_LOAD_ROW0_VITIS_LOOP_296_1/m_axi_gmem_in_0_ARLEN' to 0.
WARNING: [RTGEN 206-101] Setting dangling out port 'upconv_core_top_ucb3_Pipeline_LOAD_ROW0_VITIS_LOOP_296_1/m_axi_gmem_in_0_ARSIZE' to 0.
WARNING: [RTGEN 206-101] Setting dangling out port 'upconv_core_top_ucb3_Pipeline_LOAD_ROW0_VITIS_LOOP_296_1/m_axi_gmem_in_0_ARBURST' to 0.
WARNING: [RTGEN 206-101] Setting dangling out port 'upconv_core_top_ucb3_Pipeline_LOAD_ROW0_VITIS_LOOP_296_1/m_axi_gmem_in_0_ARLOCK' to 0.
WARNING: [RTGEN 206-101] Setting dangling out port 'upconv_core_top_ucb3_Pipeline_LOAD_ROW0_VITIS_LOOP_296_1/m_axi_gmem_in_0_ARCACHE' to 0.
WARNING: [RTGEN 206-101] Setting dangling out port 'upconv_core_top_ucb3_Pipeline_LOAD_ROW0_VITIS_LOOP_296_1/m_axi_gmem_in_0_ARPROT' to 0.
WARNING: [RTGEN 206-101] Setting dangling out port 'upconv_core_top_ucb3_Pipeline_LOAD_ROW0_VITIS_LOOP_296_1/m_axi_gmem_in_0_ARQOS' to 0.
WARNING: [RTGEN 206-101] Setting dangling out port 'upconv_core_top_ucb3_Pipeline_LOAD_ROW0_VITIS_LOOP_296_1/m_axi_gmem_in_0_ARREGION' to 0.
WARNING: [RTGEN 206-101] Setting dangling out port 'upconv_core_top_ucb3_Pipeline_LOAD_ROW0_VITIS_LOOP_296_1/m_axi_gmem_in_0_ARUSER' to 0.
INFO: [RTGEN 206-100] Finished creating RTL model for 'upconv_core_top_ucb3_Pipeline_LOAD_ROW0_VITIS_LOOP_296_1'.
INFO: [HLS 200-111] Finished Creating RTL model: CPU user time: 0.08 seconds. CPU system time: 0.01 seconds. Elapsed time: 0.08 seconds; current allocated memory: 476.922 MB.
INFO: [HLS 200-10] ----------------------------------------------------------------
INFO: [HLS 200-10] -- Generating RTL for module 'UpConv_Fused_Row_8_128_128_120_60_Pipeline_RESET_ROW_ACC' 
INFO: [HLS 200-10] ----------------------------------------------------------------
INFO: [HLS 200-1030] Apply Unified Pipeline Control on module 'UpConv_Fused_Row_8_128_128_120_60_Pipeline_RESET_ROW_ACC' pipeline 'RESET_ROW_ACC' pipeline type 'loop pipeline'
INFO: [RTGEN 206-100] Finished creating RTL model for 'UpConv_Fused_Row_8_128_128_120_60_Pipeline_RESET_ROW_ACC'.
INFO: [HLS 200-111] Finished Creating RTL model: CPU user time: 0.06 seconds. CPU system time: 0 seconds. Elapsed time: 0.06 seconds; current allocated memory: 479.188 MB.
INFO: [HLS 200-10] ----------------------------------------------------------------
INFO: [HLS 200-10] -- Generating RTL for module 'UpConv_Fused_Row_Pipeline_VITIS_LOOP_142_2_VITIS_LOOP_143_3' 
INFO: [HLS 200-10] ----------------------------------------------------------------
INFO: [HLS 200-1030] Apply Unified Pipeline Control on module 'UpConv_Fused_Row_Pipeline_VITIS_LOOP_142_2_VITIS_LOOP_143_3' pipeline 'VITIS_LOOP_142_2_VITIS_LOOP_143_3' pipeline type 'loop pipeline'
WARNING: [RTGEN 206-101] Setting dangling out port 'UpConv_Fused_Row_Pipeline_VITIS_LOOP_142_2_VITIS_LOOP_143_3/m_axi_gmem_weight_0_ARVALID' to 0.
WARNING: [RTGEN 206-101] Setting dangling out port 'UpConv_Fused_Row_Pipeline_VITIS_LOOP_142_2_VITIS_LOOP_143_3/m_axi_gmem_weight_0_ARADDR' to 0.
WARNING: [RTGEN 206-101] Setting dangling out port 'UpConv_Fused_Row_Pipeline_VITIS_LOOP_142_2_VITIS_LOOP_143_3/m_axi_gmem_weight_0_ARID' to 0.
WARNING: [RTGEN 206-101] Setting dangling out port 'UpConv_Fused_Row_Pipeline_VITIS_LOOP_142_2_VITIS_LOOP_143_3/m_axi_gmem_weight_0_ARLEN' to 0.
WARNING: [RTGEN 206-101] Setting dangling out port 'UpConv_Fused_Row_Pipeline_VITIS_LOOP_142_2_VITIS_LOOP_143_3/m_axi_gmem_weight_0_ARSIZE' to 0.
WARNING: [RTGEN 206-101] Setting dangling out port 'UpConv_Fused_Row_Pipeline_VITIS_LOOP_142_2_VITIS_LOOP_143_3/m_axi_gmem_weight_0_ARBURST' to 0.
WARNING: [RTGEN 206-101] Setting dangling out port 'UpConv_Fused_Row_Pipeline_VITIS_LOOP_142_2_VITIS_LOOP_143_3/m_axi_gmem_weight_0_ARLOCK' to 0.
WARNING: [RTGEN 206-101] Setting dangling out port 'UpConv_Fused_Row_Pipeline_VITIS_LOOP_142_2_VITIS_LOOP_143_3/m_axi_gmem_weight_0_ARCACHE' to 0.
WARNING: [RTGEN 206-101] Setting dangling out port 'UpConv_Fused_Row_Pipeline_VITIS_LOOP_142_2_VITIS_LOOP_143_3/m_axi_gmem_weight_0_ARPROT' to 0.
WARNING: [RTGEN 206-101] Setting dangling out port 'UpConv_Fused_Row_Pipeline_VITIS_LOOP_142_2_VITIS_LOOP_143_3/m_axi_gmem_weight_0_ARQOS' to 0.
WARNING: [RTGEN 206-101] Setting dangling out port 'UpConv_Fused_Row_Pipeline_VITIS_LOOP_142_2_VITIS_LOOP_143_3/m_axi_gmem_weight_0_ARREGION' to 0.
WARNING: [RTGEN 206-101] Setting dangling out port 'UpConv_Fused_Row_Pipeline_VITIS_LOOP_142_2_VITIS_LOOP_143_3/m_axi_gmem_weight_0_ARUSER' to 0.
INFO: [RTGEN 206-100] Finished creating RTL model for 'UpConv_Fused_Row_Pipeline_VITIS_LOOP_142_2_VITIS_LOOP_143_3'.
INFO: [HLS 200-111] Finished Creating RTL model: CPU user time: 0.1 seconds. CPU system time: 0.01 seconds. Elapsed time: 0.1 seconds; current allocated memory: 482.355 MB.
INFO: [HLS 200-10] ----------------------------------------------------------------
INFO: [HLS 200-10] -- Generating RTL for module 'UpConv_Fused_Row_8_128_128_120_60_Pipeline_CI_LOOP' 
INFO: [HLS 200-10] ----------------------------------------------------------------
INFO: [HLS 200-1030] Apply Unified Pipeline Control on module 'UpConv_Fused_Row_8_128_128_120_60_Pipeline_CI_LOOP' pipeline 'CI_LOOP' pipeline type 'loop pipeline'
INFO: [RTGEN 206-104] Estimated max fanout for 'UpConv_Fused_Row_8_128_128_120_60_Pipeline_CI_LOOP' is 84326 from HDL expression: (1'b0 == ap_block_pp0_stage0_11001)
INFO: [RTGEN 206-100] Generating core module 'hadd_16ns_16ns_16_5_full_dsp_1': 136 instance(s).
INFO: [RTGEN 206-100] Generating core module 'hmul_16ns_16ns_16_4_max_dsp_1': 128 instance(s).
INFO: [RTGEN 206-100] Generating core module 'sparsemux_9_2_16_1_1': 8 instance(s).
INFO: [RTGEN 206-100] Finished creating RTL model for 'UpConv_Fused_Row_8_128_128_120_60_Pipeline_CI_LOOP'.
INFO: [HLS 200-111] Finished Creating RTL model: CPU user time: 0.49 seconds. CPU system time: 0.01 seconds. Elapsed time: 0.51 seconds; current allocated memory: 513.324 MB.
INFO: [HLS 200-10] ----------------------------------------------------------------
INFO: [HLS 200-10] -- Generating RTL for module 'UpConv_Fused_Row_8_128_128_120_60_Outline_TILE_LOOP' 
INFO: [HLS 200-10] ----------------------------------------------------------------
INFO: [RTGEN 206-100] Generating core module 'hadd_16ns_16ns_16_5_full_dsp_1': 16 instance(s).
INFO: [RTGEN 206-100] Generating core module 'hmul_16ns_16ns_16_4_max_dsp_1': 32 instance(s).
INFO: [RTGEN 206-100] Finished creating RTL model for 'UpConv_Fused_Row_8_128_128_120_60_Outline_TILE_LOOP'.
INFO: [RTMG 210-278] Implementing memory 'upconv_core_top_ucb3_UpConv_Fused_Row_8_128_128_120_60_Outline_TILE_LOOP_w_local_7_RAM_T2P_BRAM_1R1W' using block RAMs.
INFO: [HLS 200-111] Finished Creating RTL model: CPU user time: 0.42 seconds. CPU system time: 0.02 seconds. Elapsed time: 0.45 seconds; current allocated memory: 529.145 MB.
INFO: [HLS 200-10] ----------------------------------------------------------------
INFO: [HLS 200-10] -- Generating RTL for module 'UpConv_Fused_Row_8_128_128_120_60_Pipeline_LOAD_PARAMS' 
INFO: [HLS 200-10] ----------------------------------------------------------------
INFO: [HLS 200-1030] Apply Unified Pipeline Control on module 'UpConv_Fused_Row_8_128_128_120_60_Pipeline_LOAD_PARAMS' pipeline 'LOAD_PARAMS' pipeline type 'loop pipeline'
INFO: [RTGEN 206-100] Finished creating RTL model for 'UpConv_Fused_Row_8_128_128_120_60_Pipeline_LOAD_PARAMS'.
INFO: [HLS 200-111] Finished Creating RTL model: CPU user time: 0.13 seconds. CPU system time: 0 seconds. Elapsed time: 0.15 seconds; current allocated memory: 535.160 MB.
INFO: [HLS 200-10] ----------------------------------------------------------------
INFO: [HLS 200-10] -- Generating RTL for module 'UpConv_Fused_Row_8_128_128_120_60_Pipeline_BIAS_STATS' 
INFO: [HLS 200-10] ----------------------------------------------------------------
INFO: [HLS 200-1030] Apply Unified Pipeline Control on module 'UpConv_Fused_Row_8_128_128_120_60_Pipeline_BIAS_STATS' pipeline 'BIAS_STATS' pipeline type 'loop pipeline'
INFO: [RTGEN 206-100] Generating core module 'fadd_32ns_32ns_32_8_no_dsp_1': 1 instance(s).
INFO: [RTGEN 206-100] Generating core module 'fmul_32ns_32ns_32_7_max_dsp_1': 1 instance(s).
INFO: [RTGEN 206-100] Generating core module 'hadd_16ns_16ns_16_5_full_dsp_1': 1 instance(s).
INFO: [RTGEN 206-100] Generating core module 'hptosp_16ns_32_2_no_dsp_1': 1 instance(s).
INFO: [RTGEN 206-100] Generating core module 'partselect_16ns_256ns_32ns_16_1_1': 1 instance(s).
INFO: [RTGEN 206-100] Generating core module 'sparsemux_33_4_16_1_1': 1 instance(s).
INFO: [RTGEN 206-100] Finished creating RTL model for 'UpConv_Fused_Row_8_128_128_120_60_Pipeline_BIAS_STATS'.
INFO: [HLS 200-111] Finished Creating RTL model: CPU user time: 0.07 seconds. CPU system time: 0.01 seconds. Elapsed time: 0.12 seconds; current allocated memory: 537.980 MB.
INFO: [HLS 200-10] ----------------------------------------------------------------
INFO: [HLS 200-10] -- Generating RTL for module 'UpConv_Fused_Row_8_128_128_120_60_Pipeline_NORM_WRITE' 
INFO: [HLS 200-10] ----------------------------------------------------------------
INFO: [HLS 200-1030] Apply Unified Pipeline Control on module 'UpConv_Fused_Row_8_128_128_120_60_Pipeline_NORM_WRITE' pipeline 'NORM_WRITE' pipeline type 'loop pipeline'
WARNING: [RTGEN 206-101] Setting dangling out port 'UpConv_Fused_Row_8_128_128_120_60_Pipeline_NORM_WRITE/m_axi_gmem_out_0_AWVALID' to 0.
WARNING: [RTGEN 206-101] Setting dangling out port 'UpConv_Fused_Row_8_128_128_120_60_Pipeline_NORM_WRITE/m_axi_gmem_out_0_AWADDR' to 0.
WARNING: [RTGEN 206-101] Setting dangling out port 'UpConv_Fused_Row_8_128_128_120_60_Pipeline_NORM_WRITE/m_axi_gmem_out_0_AWID' to 0.
WARNING: [RTGEN 206-101] Setting dangling out port 'UpConv_Fused_Row_8_128_128_120_60_Pipeline_NORM_WRITE/m_axi_gmem_out_0_AWLEN' to 0.
WARNING: [RTGEN 206-101] Setting dangling out port 'UpConv_Fused_Row_8_128_128_120_60_Pipeline_NORM_WRITE/m_axi_gmem_out_0_AWSIZE' to 0.
WARNING: [RTGEN 206-101] Setting dangling out port 'UpConv_Fused_Row_8_128_128_120_60_Pipeline_NORM_WRITE/m_axi_gmem_out_0_AWBURST' to 0.
WARNING: [RTGEN 206-101] Setting dangling out port 'UpConv_Fused_Row_8_128_128_120_60_Pipeline_NORM_WRITE/m_axi_gmem_out_0_AWLOCK' to 0.
WARNING: [RTGEN 206-101] Setting dangling out port 'UpConv_Fused_Row_8_128_128_120_60_Pipeline_NORM_WRITE/m_axi_gmem_out_0_AWCACHE' to 0.
WARNING: [RTGEN 206-101] Setting dangling out port 'UpConv_Fused_Row_8_128_128_120_60_Pipeline_NORM_WRITE/m_axi_gmem_out_0_AWPROT' to 0.
WARNING: [RTGEN 206-101] Setting dangling out port 'UpConv_Fused_Row_8_128_128_120_60_Pipeline_NORM_WRITE/m_axi_gmem_out_0_AWQOS' to 0.
WARNING: [RTGEN 206-101] Setting dangling out port 'UpConv_Fused_Row_8_128_128_120_60_Pipeline_NORM_WRITE/m_axi_gmem_out_0_AWREGION' to 0.
WARNING: [RTGEN 206-101] Setting dangling out port 'UpConv_Fused_Row_8_128_128_120_60_Pipeline_NORM_WRITE/m_axi_gmem_out_0_AWUSER' to 0.
WARNING: [RTGEN 206-101] Setting dangling out port 'UpConv_Fused_Row_8_128_128_120_60_Pipeline_NORM_WRITE/m_axi_gmem_out_0_BREADY' to 0.
INFO: [RTGEN 206-100] Generating core module 'hadd_16ns_16ns_16_5_full_dsp_1': 16 instance(s).
INFO: [RTGEN 206-100] Generating core module 'hcmp_16ns_16ns_1_2_no_dsp_1': 16 instance(s).
INFO: [RTGEN 206-100] Generating core module 'hmul_16ns_16ns_16_4_max_dsp_1': 32 instance(s).
INFO: [RTGEN 206-100] Generating core module 'hsub_16ns_16ns_16_5_full_dsp_1': 16 instance(s).
INFO: [RTGEN 206-100] Finished creating RTL model for 'UpConv_Fused_Row_8_128_128_120_60_Pipeline_NORM_WRITE'.
INFO: [HLS 200-111] Finished Creating RTL model: CPU user time: 0.16 seconds. CPU system time: 0.01 seconds. Elapsed time: 0.16 seconds; current allocated memory: 544.984 MB.
INFO: [HLS 200-10] ----------------------------------------------------------------
INFO: [HLS 200-10] -- Generating RTL for module 'UpConv_Fused_Row_8_128_128_120_60_s' 
INFO: [HLS 200-10] ----------------------------------------------------------------
INFO: [SYN 201-210] Renamed object name 'UpConv_Fused_Row_8_128_128_120_60_s_void_UpConv_Fused_Row_ap_uint_ap_uint_const_ap_uint_const_ap_uint_const_ap_u_9_RAM_T2P_URAM_1R1W' to 'UpConv_Fused_Row_8_128_128_120_60_s_void_UpConv_Fused_Row_ap_uint_ap_uint_conbkb' due to the length limit 80
INFO: [SYN 201-210] Renamed object name 'UpConv_Fused_Row_8_128_128_120_60_s_void_UpConv_Fused_Row_ap_uint_ap_uint_const_ap_uint_const_ap_uint_const_ap_u_8_RAM_T2P_URAM_1R1W' to 'UpConv_Fused_Row_8_128_128_120_60_s_void_UpConv_Fused_Row_ap_uint_ap_uint_concud' due to the length limit 80
INFO: [SYN 201-210] Renamed object name 'UpConv_Fused_Row_8_128_128_120_60_s_void_UpConv_Fused_Row_ap_uint_ap_uint_const_ap_uint_const_ap_uint_const_ap_u_7_RAM_T2P_URAM_1R1W' to 'UpConv_Fused_Row_8_128_128_120_60_s_void_UpConv_Fused_Row_ap_uint_ap_uint_condEe' due to the length limit 80
INFO: [SYN 201-210] Renamed object name 'UpConv_Fused_Row_8_128_128_120_60_s_void_UpConv_Fused_Row_ap_uint_ap_uint_const_ap_uint_const_ap_uint_const_ap_u_6_RAM_T2P_URAM_1R1W' to 'UpConv_Fused_Row_8_128_128_120_60_s_void_UpConv_Fused_Row_ap_uint_ap_uint_coneOg' due to the length limit 80
INFO: [SYN 201-210] Renamed object name 'UpConv_Fused_Row_8_128_128_120_60_s_void_UpConv_Fused_Row_ap_uint_ap_uint_const_ap_uint_const_ap_uint_const_ap_u_5_RAM_T2P_URAM_1R1W' to 'UpConv_Fused_Row_8_128_128_120_60_s_void_UpConv_Fused_Row_ap_uint_ap_uint_confYi' due to the length limit 80
INFO: [SYN 201-210] Renamed object name 'UpConv_Fused_Row_8_128_128_120_60_s_void_UpConv_Fused_Row_ap_uint_ap_uint_const_ap_uint_const_ap_uint_const_ap_u_4_RAM_T2P_URAM_1R1W' to 'UpConv_Fused_Row_8_128_128_120_60_s_void_UpConv_Fused_Row_ap_uint_ap_uint_cong8j' due to the length limit 80
INFO: [SYN 201-210] Renamed object name 'UpConv_Fused_Row_8_128_128_120_60_s_void_UpConv_Fused_Row_ap_uint_ap_uint_const_ap_uint_const_ap_uint_const_ap_u_3_RAM_T2P_URAM_1R1W' to 'UpConv_Fused_Row_8_128_128_120_60_s_void_UpConv_Fused_Row_ap_uint_ap_uint_conhbi' due to the length limit 80
INFO: [SYN 201-210] Renamed object name 'UpConv_Fused_Row_8_128_128_120_60_s_void_UpConv_Fused_Row_ap_uint_ap_uint_const_ap_uint_const_ap_uint_const_ap_u_2_RAM_T2P_URAM_1R1W' to 'UpConv_Fused_Row_8_128_128_120_60_s_void_UpConv_Fused_Row_ap_uint_ap_uint_conibs' due to the length limit 80
INFO: [SYN 201-210] Renamed object name 'UpConv_Fused_Row_8_128_128_120_60_s_void_UpConv_Fused_Row_ap_uint_ap_uint_const_ap_uint_const_ap_uint_const_ap_u_1_RAM_T2P_URAM_1R1W' to 'UpConv_Fused_Row_8_128_128_120_60_s_void_UpConv_Fused_Row_ap_uint_ap_uint_conjbC' due to the length limit 80
INFO: [SYN 201-210] Renamed object name 'UpConv_Fused_Row_8_128_128_120_60_s_void_UpConv_Fused_Row_ap_uint_ap_uint_const_ap_uint_const_ap_uint_const_ap_u_RAM_T2P_URAM_1R1W' to 'UpConv_Fused_Row_8_128_128_120_60_s_void_UpConv_Fused_Row_ap_uint_ap_uint_conkbM' due to the length limit 80
INFO: [SYN 201-210] Renamed object name 'UpConv_Fused_Row_8_128_128_120_60_s_p_ZZ16UpConv_Fused_RowILi8ELi128ELi128ELi120ELi60EEvP7ap_uintILi256EEPKS1_S4_S4_S_5_RAM_T2P_URAM_1R1W' to 'UpConv_Fused_Row_8_128_128_120_60_s_p_ZZ16UpConv_Fused_RowILi8ELi128ELi128ELilbW' due to the length limit 80
INFO: [SYN 201-210] Renamed object name 'UpConv_Fused_Row_8_128_128_120_60_s_p_ZZ16UpConv_Fused_RowILi8ELi128ELi128ELi120ELi60EEvP7ap_uintILi256EEPKS1_S4_S4_S_4_RAM_T2P_URAM_1R1W' to 'UpConv_Fused_Row_8_128_128_120_60_s_p_ZZ16UpConv_Fused_RowILi8ELi128ELi128ELimb6' due to the length limit 80
INFO: [SYN 201-210] Renamed object name 'UpConv_Fused_Row_8_128_128_120_60_s_p_ZZ16UpConv_Fused_RowILi8ELi128ELi128ELi120ELi60EEvP7ap_uintILi256EEPKS1_S4_S4_S_3_RAM_T2P_URAM_1R1W' to 'UpConv_Fused_Row_8_128_128_120_60_s_p_ZZ16UpConv_Fused_RowILi8ELi128ELi128ELincg' due to the length limit 80
INFO: [SYN 201-210] Renamed object name 'UpConv_Fused_Row_8_128_128_120_60_s_p_ZZ16UpConv_Fused_RowILi8ELi128ELi128ELi120ELi60EEvP7ap_uintILi256EEPKS1_S4_S4_S_2_RAM_T2P_URAM_1R1W' to 'UpConv_Fused_Row_8_128_128_120_60_s_p_ZZ16UpConv_Fused_RowILi8ELi128ELi128ELiocq' due to the length limit 80
INFO: [SYN 201-210] Renamed object name 'UpConv_Fused_Row_8_128_128_120_60_s_p_ZZ16UpConv_Fused_RowILi8ELi128ELi128ELi120ELi60EEvP7ap_uintILi256EEPKS1_S4_S4_S_1_RAM_T2P_URAM_1R1W' to 'UpConv_Fused_Row_8_128_128_120_60_s_p_ZZ16UpConv_Fused_RowILi8ELi128ELi128ELipcA' due to the length limit 80
INFO: [SYN 201-210] Renamed object name 'UpConv_Fused_Row_8_128_128_120_60_s_p_ZZ16UpConv_Fused_RowILi8ELi128ELi128ELi120ELi60EEvP7ap_uintILi256EEPKS1_S4_S4_S_RAM_T2P_URAM_1R1W' to 'UpConv_Fused_Row_8_128_128_120_60_s_p_ZZ16UpConv_Fused_RowILi8ELi128ELi128ELiqcK' due to the length limit 80
INFO: [RTGEN 206-100] Generating core module 'faddfsub_32ns_32ns_32_11_full_dsp_1': 1 instance(s).
INFO: [RTGEN 206-100] Generating core module 'fdiv_32ns_32ns_32_30_no_dsp_1': 1 instance(s).
INFO: [RTGEN 206-100] Generating core module 'fmul_32ns_32ns_32_7_max_dsp_1': 1 instance(s).
INFO: [RTGEN 206-100] Generating core module 'fsqrt_32ns_32ns_32_28_no_dsp_1': 1 instance(s).
INFO: [RTGEN 206-100] Generating core module 'hadd_16ns_16ns_16_5_full_dsp_1': 16 instance(s).
INFO: [RTGEN 206-100] Generating core module 'hmul_16ns_16ns_16_4_max_dsp_1': 32 instance(s).
INFO: [RTGEN 206-100] Generating core module 'hptosp_16ns_32_2_no_dsp_1': 1 instance(s).
INFO: [RTGEN 206-100] Generating core module 'sptohp_32ns_16_2_no_dsp_1': 1 instance(s).
INFO: [RTGEN 206-100] Finished creating RTL model for 'UpConv_Fused_Row_8_128_128_120_60_s'.
INFO: [RTMG 210-278] Implementing memory 'upconv_core_top_ucb3_UpConv_Fused_Row_8_128_128_120_60_s_void_UpConv_Fused_Row_ap_uint_ap_uint_conbkb' using ultra RAMs.
INFO: [RTMG 210-278] Implementing memory 'upconv_core_top_ucb3_UpConv_Fused_Row_8_128_128_120_60_s_b_buf_RAM_T2P_BRAM_1R1W' using block RAMs.
INFO: [HLS 200-111] Finished Creating RTL model: CPU user time: 0.22 seconds. CPU system time: 0.01 seconds. Elapsed time: 0.23 seconds; current allocated memory: 558.375 MB.
INFO: [HLS 200-10] ----------------------------------------------------------------
INFO: [HLS 200-10] -- Generating RTL for module 'upconv_core_top_ucb3_Pipeline_LOAD_ROW_VITIS_LOOP_307_2' 
INFO: [HLS 200-10] ----------------------------------------------------------------
INFO: [HLS 200-1030] Apply Unified Pipeline Control on module 'upconv_core_top_ucb3_Pipeline_LOAD_ROW_VITIS_LOOP_307_2' pipeline 'LOAD_ROW_VITIS_LOOP_307_2' pipeline type 'loop pipeline'
INFO: [RTGEN 206-100] Finished creating RTL model for 'upconv_core_top_ucb3_Pipeline_LOAD_ROW_VITIS_LOOP_307_2'.
INFO: [HLS 200-111] Finished Creating RTL model: CPU user time: 0.12 seconds. CPU system time: 0.01 seconds. Elapsed time: 0.14 seconds; current allocated memory: 562.031 MB.
INFO: [HLS 200-10] ----------------------------------------------------------------
INFO: [HLS 200-10] -- Generating RTL for module 'upconv_core_top_ucb3' 
INFO: [HLS 200-10] ----------------------------------------------------------------
WARNING: [RTGEN 206-101] Design contains AXI ports. Reset is fixed to synchronous and active low.
INFO: [RTGEN 206-500] Setting interface mode on port 'upconv_core_top_ucb3/gmem_in' to 'm_axi'.
INFO: [RTGEN 206-500] Setting interface mode on port 'upconv_core_top_ucb3/gmem_weight' to 'm_axi'.
INFO: [RTGEN 206-500] Setting interface mode on port 'upconv_core_top_ucb3/gmem_param' to 'm_axi'.
INFO: [RTGEN 206-500] Setting interface mode on port 'upconv_core_top_ucb3/gmem_out' to 'm_axi'.
INFO: [RTGEN 206-500] Setting interface mode on port 'upconv_core_top_ucb3/X' to 's_axilite & ap_none'.
INFO: [RTGEN 206-500] Setting interface mode on port 'upconv_core_top_ucb3/W' to 's_axilite & ap_none'.
INFO: [RTGEN 206-500] Setting interface mode on port 'upconv_core_top_ucb3/B' to 's_axilite & ap_none'.
INFO: [RTGEN 206-500] Setting interface mode on port 'upconv_core_top_ucb3/G' to 's_axilite & ap_none'.
INFO: [RTGEN 206-500] Setting interface mode on port 'upconv_core_top_ucb3/BE' to 's_axilite & ap_none'.
INFO: [RTGEN 206-500] Setting interface mode on port 'upconv_core_top_ucb3/Y' to 's_axilite & ap_none'.
INFO: [RTGEN 206-500] Setting interface mode on port 'upconv_core_top_ucb3/epsilon' to 's_axilite & ap_none'.
INFO: [RTGEN 206-500] Setting interface mode on function 'upconv_core_top_ucb3' to 's_axilite & ap_ctrl_hs'.
INFO: [RTGEN 206-100] Bundling port 'X', 'W', 'B', 'G', 'BE', 'Y', 'epsilon' and 'return' to AXI-Lite port control.
INFO: [RTGEN 206-100] Finished creating RTL model for 'upconv_core_top_ucb3'.
INFO: [RTMG 210-278] Implementing memory 'upconv_core_top_ucb3_x_buf_RAM_T2P_URAM_1R1W' using ultra RAMs.
INFO: [HLS 200-111] Finished Creating RTL model: CPU user time: 0.1 seconds. CPU system time: 0.01 seconds. Elapsed time: 0.11 seconds; current allocated memory: 565.770 MB.
INFO: [HLS 200-111] Finished Generating all RTL models: CPU user time: 0.26 seconds. CPU system time: 0.03 seconds. Elapsed time: 0.29 seconds; current allocated memory: 568.254 MB.
INFO: [HLS 200-1603] Design has inferred MAXI bursts and missed bursts, see Vitis HLS GUI synthesis summary report for detailed information.
INFO: [HLS 200-111] Finished Updating report files: CPU user time: 0.93 seconds. CPU system time: 0.02 seconds. Elapsed time: 0.95 seconds; current allocated memory: 588.402 MB.
INFO: [VHDL 208-304] Generating VHDL RTL for upconv_core_top_ucb3.
INFO: [VLOG 209-307] Generating Verilog RTL for upconv_core_top_ucb3.
INFO: [HLS 200-790] **** Loop Constraint Status: All loop constraints were NOT satisfied.
INFO: [HLS 200-789] **** Estimated Fmax: 344.33 MHz
INFO: [HLS 200-112] Total CPU user time: 20.65 seconds. Total CPU system time: 1.42 seconds. Total elapsed time: 26.19 seconds; peak allocated memory: 588.402 MB.
INFO: [v++ 60-791] Total elapsed time: 0h 0m 29s
