================================================================
== Design Size Report
================================================================

* Total Instructions per Compilation Phase
+---------------+-----------------------------+--------------+----------------------------------------------------------------------------------------+
| Phase         | Step                        | Instructions | Description                                                                            |
+---------------+-----------------------------+--------------+----------------------------------------------------------------------------------------+
| Compile/Link  |                             |  18,478      | After all functions are compiled and linked into a single design                       |
|               |                             |              |                                                                                        |
| Unroll/Inline |                             |              | After user unroll and inline pragmas are applied                                       |
|               | (1) unroll                  |  43,510      | user unroll pragmas are applied                                                        |
|               | (2) simplification          |  33,859      | simplification of applied user unroll pragmas                                          |
|               | (3) inline                  |  30,922      | user inline pragmas are applied                                                        |
|               | (4) simplification          |  30,913      | simplification of applied user inline pragmas                                          |
|               |                             |              |                                                                                        |
| Array/Struct  |                             |              | After user array partition and struct aggregate/disaggregate pragmas are applied       |
|               | (1) array partition         | 108,409 *    | user array partition pragmas are applied                                               |
|               | (2) simplification          |  39,864      | simplification of applied user array partition & struct aggregate/disaggregate pragmas |
|               | (3) aggregate/disaggregate  |  39,864      | user struct aggregate/disaggregate pragmas are applied                                 |
|               | (4) array reshape           |  39,848      | apply array reshape pragmas                                                            |
|               | (5) access patterns         |  39,907      | array access pattern optmizations                                                      |
|               |                             |              |                                                                                        |
| Performance   |                             |              | After transformations are applied to meet performance pragma targets                   |
|               | (1) loop simplification     |  39,851      | loop and instruction simplification                                                    |
|               | (2) parallelization         |  39,747      | loops are unrolled or pipelined to meet performance targets                            |
|               | (3) array partition         |  39,727      | arrays are partitioned to meet performance targets                                     |
|               | (4) simplification          |  39,727      | simplification of design after performance transformations                             |
|               |                             |              |                                                                                        |
| HW Transforms |                             |              | After hardware transfomations                                                          |
|               | (1) lowering                |  39,979      | initial conversion to HW specific instructions                                         |
|               | (2) optimizations           |  38,712      | high level synthesis optimizations                                                     |
+---------------+-----------------------------+--------------+----------------------------------------------------------------------------------------+
    * - Exceeded design size warning message threshold

* Instructions per Function for each Compilation Phase
+-------------------------------------+---------------------------+------------------+-----------------+------------------+------------------+------------------+
| Function                            | Location                  | Compile/Link     | Unroll/Inline   | Array/Struct     | Performance      | HW Transforms    |
+-------------------------------------+---------------------------+------------------+-----------------+------------------+------------------+------------------+
| + upconv_core_top                   | upconv_core_top.cpp:11    | 18,478           | 30,913          | 39,907           | 39,727           | 38,712           |
|  + UpConv_Fused_Top<8, 16, 16, ...  | Hls_Layers_UpConv.tpp:281 | 3,688            |                 |                  |                  |                  |
|   + UpConv_Fused_Row<8, 16, 16, ... | Hls_Layers_UpConv.tpp:79  | 3,608 (4 calls)  |                 |                  |                  |                  |
|      bits_to_half<__fp16>           | Hls_Layers_UpConv.tpp:38  |   360 (20 calls) |                 |                  |                  |                  |
|    + my_sqrt_f                      | Hls_Layers_UpConv.tpp:52  |    16 (4 calls)  |                 |                  |                  |                  |
|       sqrtf                         | sqrtfloat.cpp:11          |     8 (4 calls)  |                 |                  |                  |                  |
|      half_to_bits<__fp16>           | Hls_Layers_UpConv.tpp:22  |   104 (4 calls)  |                 |                  |                  |                  |
|  + UpConv_Fused_Top<8, 32, 32, ...  | Hls_Layers_UpConv.tpp:281 | 3,688            |                 |                  |                  |                  |
|   + UpConv_Fused_Row<8, 32, 32, ... | Hls_Layers_UpConv.tpp:79  | 3,608 (4 calls)  |                 |                  |                  |                  |
|      bits_to_half<__fp16>           | Hls_Layers_UpConv.tpp:38  |   360 (20 calls) |                 |                  |                  |                  |
|    + my_sqrt_f                      | Hls_Layers_UpConv.tpp:52  |    16 (4 calls)  |                 |                  |                  |                  |
|       sqrtf                         | sqrtfloat.cpp:11          |     8 (4 calls)  |                 |                  |                  |                  |
|      half_to_bits<__fp16>           | Hls_Layers_UpConv.tpp:22  |   104 (4 calls)  |                 |                  |                  |                  |
|  + UpConv_Fused_Top<8, 64, 64, ...  | Hls_Layers_UpConv.tpp:281 | 3,688            |                 |                  |                  |                  |
|   + UpConv_Fused_Row<8, 64, 64, ... | Hls_Layers_UpConv.tpp:79  | 3,608 (4 calls)  |                 |                  |                  |                  |
|      bits_to_half<__fp16>           | Hls_Layers_UpConv.tpp:38  |   360 (20 calls) |                 |                  |                  |                  |
|    + my_sqrt_f                      | Hls_Layers_UpConv.tpp:52  |    16 (4 calls)  |                 |                  |                  |                  |
|       sqrtf                         | sqrtfloat.cpp:11          |     8 (4 calls)  |                 |                  |                  |                  |
|      half_to_bits<__fp16>           | Hls_Layers_UpConv.tpp:22  |   104 (4 calls)  |                 |                  |                  |                  |
|  + UpConv_Fused_Top<8, 128, 128...  | Hls_Layers_UpConv.tpp:281 | 3,688            |                 |                  |                  |                  |
|   + UpConv_Fused_Row<8, 128, 128... | Hls_Layers_UpConv.tpp:79  | 3,608 (4 calls)  |                 |                  |                  |                  |
|      bits_to_half<__fp16>           | Hls_Layers_UpConv.tpp:38  |   360 (20 calls) |                 |                  |                  |                  |
|    + my_sqrt_f                      | Hls_Layers_UpConv.tpp:52  |    16 (4 calls)  |                 |                  |                  |                  |
|       sqrtf                         | sqrtfloat.cpp:11          |     8 (4 calls)  |                 |                  |                  |                  |
|      half_to_bits<__fp16>           | Hls_Layers_UpConv.tpp:22  |   104 (4 calls)  |                 |                  |                  |                  |
|  + UpConv_Fused_Top<8, 16, 16, ...  | Hls_Layers_UpConv.tpp:281 | 3,688            |                 |                  |                  |                  |
|   + UpConv_Fused_Row<8, 16, 16, ... | Hls_Layers_UpConv.tpp:79  | 3,608 (4 calls)  |                 |                  |                  |                  |
|      bits_to_half<__fp16>           | Hls_Layers_UpConv.tpp:38  |   360 (20 calls) |                 |                  |                  |                  |
|    + my_sqrt_f                      | Hls_Layers_UpConv.tpp:52  |    16 (4 calls)  |                 |                  |                  |                  |
|       sqrtf                         | sqrtfloat.cpp:11          |     8 (4 calls)  |                 |                  |                  |                  |
|      half_to_bits<__fp16>           | Hls_Layers_UpConv.tpp:22  |   104 (4 calls)  |                 |                  |                  |                  |
|    UpConv_Fused_Row<8, 16, 16, ...  | Hls_Layers_UpConv.tpp:79  |                  | 8,536 (4 calls) | 10,472 (4 calls) | 10,460 (4 calls) | 10,140 (4 calls) |
|    UpConv_Fused_Row<8, 32, 32, ...  | Hls_Layers_UpConv.tpp:79  |                  | 6,616 (4 calls) | 8,552 (4 calls)  | 8,540 (4 calls)  | 8,220 (4 calls)  |
|    UpConv_Fused_Row<8, 64, 64, ...  | Hls_Layers_UpConv.tpp:79  |                  | 6,060 (4 calls) | 8,124 (4 calls)  | 8,056 (4 calls)  | 7,760 (4 calls)  |
|    UpConv_Fused_Row<8, 128, 128...  | Hls_Layers_UpConv.tpp:79  |                  | 5,388 (4 calls) | 7,360 (4 calls)  | 7,348 (4 calls)  | 7,044 (4 calls)  |
|    UpConv_Fused_Row<8, 16, 16, ...  | Hls_Layers_UpConv.tpp:79  |                  | 4,036 (4 calls) | 5,100 (4 calls)  | 5,024 (4 calls)  | 5,152 (4 calls)  |
+-------------------------------------+---------------------------+------------------+-----------------+------------------+------------------+------------------+

* Design Size Message Settings
+---------------------------------------------+--------+------------------------------------------------------------------+
| Message Setting                             | Value  | Description                                                      |
+---------------------------------------------+--------+------------------------------------------------------------------+
| config_compile -design_size_maximum_warning | 100000 | Show a warning when total design instructions exceeds this value |
+---------------------------------------------+--------+------------------------------------------------------------------+


