

================================================================
== Vitis HLS Report for 'UpConv_Fused_Row_8_32_32_480_240_s'
================================================================
* Date:           Mon Jun  1 23:46:59 2026

* Version:        2024.2 (Build 5238294 on Nov  8 2024)
* Project:        upconv_core_top
* Solution:       hls (Vivado IP Flow Target)
* Product family: zynquplus
* Target device:  xczu7ev-ffvc1156-2-e


================================================================
== Performance Estimates
================================================================
+ Timing: 
    * Summary: 
    +--------+---------+----------+------------+
    |  Clock |  Target | Estimated| Uncertainty|
    +--------+---------+----------+------------+
    |ap_clk  |  3.33 ns|  3.357 ns|     0.90 ns|
    +--------+---------+----------+------------+

+ Latency: 
    * Summary: 
    +---------+---------+----------+----------+-------+--------+---------+
    |  Latency (cycles) |  Latency (absolute) |    Interval    | Pipeline|
    |   min   |   max   |    min   |    max   |  min  |   max  |   Type  |
    +---------+---------+----------+----------+-------+--------+---------+
    |    82980|   352620|  0.279 ms|  1.184 ms|  82980|  352620|       no|
    +---------+---------+----------+----------+-------+--------+---------+

    + Detail: 
        * Instance: 
        +--------------------------------------------------------------------+---------------------------------------------------------+---------+---------+-----------+-----------+-------+--------+------------------------------------------------+
        |                                                                    |                                                         |  Latency (cycles) |   Latency (absolute)  |    Interval    |                    Pipeline                    |
        |                              Instance                              |                          Module                         |   min   |   max   |    min    |    max    |  min  |   max  |                      Type                      |
        +--------------------------------------------------------------------+---------------------------------------------------------+---------+---------+-----------+-----------+-------+--------+------------------------------------------------+
        |grp_UpConv_Fused_Row_8_32_32_480_240_Pipeline_RESET_ROW_ACC_fu_176  |UpConv_Fused_Row_8_32_32_480_240_Pipeline_RESET_ROW_ACC  |      962|      962|   3.206 us|   3.206 us|    961|     961|  loop auto-rewind stp (delay=0 clock cycles(s))|
        |grp_UpConv_Fused_Row_8_32_32_480_240_Pipeline_LOAD_PARAMS_fu_212    |UpConv_Fused_Row_8_32_32_480_240_Pipeline_LOAD_PARAMS    |       56|       56|   0.187 us|   0.187 us|     48|      48|  loop auto-rewind stp (delay=0 clock cycles(s))|
        |grp_UpConv_Fused_Row_8_32_32_480_240_Outline_TILE_LOOP_fu_227       |UpConv_Fused_Row_8_32_32_480_240_Outline_TILE_LOOP       |    65431|   335071|   0.220 ms|   1.125 ms|  65431|  335071|                                              no|
        |grp_UpConv_Fused_Row_8_32_32_480_240_Pipeline_PIXEL_STATS_fu_270    |UpConv_Fused_Row_8_32_32_480_240_Pipeline_PIXEL_STATS    |    15590|    15590|  51.961 us|  51.961 us|  15361|   15361|  loop auto-rewind stp (delay=0 clock cycles(s))|
        |grp_UpConv_Fused_Row_8_32_32_480_240_Pipeline_PIXEL_NORM_fu_312     |UpConv_Fused_Row_8_32_32_480_240_Pipeline_PIXEL_NORM     |      990|      990|   3.300 us|   3.300 us|    961|     961|  loop auto-rewind stp (delay=0 clock cycles(s))|
        +--------------------------------------------------------------------+---------------------------------------------------------+---------+---------+-----------+-----------+-------+--------+------------------------------------------------+

        * Loop: 
        N/A



================================================================
== Utilization Estimates
================================================================
* Summary: 
+-----------------+---------+------+--------+--------+-----+
|       Name      | BRAM_18K|  DSP |   FF   |   LUT  | URAM|
+-----------------+---------+------+--------+--------+-----+
|DSP              |        -|     -|       -|       -|    -|
|Expression       |        -|     -|       0|      16|    -|
|FIFO             |        -|     -|       -|       -|    -|
|Instance         |       64|   670|   68151|   42167|    -|
|Memory           |       24|     -|      96|      48|   16|
|Multiplexer      |        -|     -|       0|    4224|    -|
|Register         |        -|     -|     235|       -|    -|
+-----------------+---------+------+--------+--------+-----+
|Total            |       88|   670|   68482|   46455|   16|
+-----------------+---------+------+--------+--------+-----+
|Available        |      624|  1728|  460800|  230400|   96|
+-----------------+---------+------+--------+--------+-----+
|Utilization (%)  |       14|    38|      14|      20|   16|
+-----------------+---------+------+--------+--------+-----+

+ Detail: 
    * Instance: 
    +--------------------------------------------------------------------+---------------------------------------------------------+---------+-----+-------+-------+-----+
    |                              Instance                              |                          Module                         | BRAM_18K| DSP |   FF  |  LUT  | URAM|
    +--------------------------------------------------------------------+---------------------------------------------------------+---------+-----+-------+-------+-----+
    |grp_UpConv_Fused_Row_8_32_32_480_240_Outline_TILE_LOOP_fu_227       |UpConv_Fused_Row_8_32_32_480_240_Outline_TILE_LOOP       |       64|  496|  43932|  27956|    0|
    |grp_UpConv_Fused_Row_8_32_32_480_240_Pipeline_LOAD_PARAMS_fu_212    |UpConv_Fused_Row_8_32_32_480_240_Pipeline_LOAD_PARAMS    |        0|    0|   1234|    450|    0|
    |grp_UpConv_Fused_Row_8_32_32_480_240_Pipeline_PIXEL_NORM_fu_312     |UpConv_Fused_Row_8_32_32_480_240_Pipeline_PIXEL_NORM     |        0|   32|   5761|   4096|    0|
    |grp_UpConv_Fused_Row_8_32_32_480_240_Pipeline_PIXEL_STATS_fu_270    |UpConv_Fused_Row_8_32_32_480_240_Pipeline_PIXEL_STATS    |        0|   46|  12491|   6462|    0|
    |grp_UpConv_Fused_Row_8_32_32_480_240_Pipeline_RESET_ROW_ACC_fu_176  |UpConv_Fused_Row_8_32_32_480_240_Pipeline_RESET_ROW_ACC  |        0|    0|     77|    307|    0|
    |hadd_16ns_16ns_16_5_full_dsp_1_U1979                                |hadd_16ns_16ns_16_5_full_dsp_1                           |        0|    2|    109|    113|    0|
    |hadd_16ns_16ns_16_5_full_dsp_1_U1980                                |hadd_16ns_16ns_16_5_full_dsp_1                           |        0|    2|    109|    113|    0|
    |hadd_16ns_16ns_16_5_full_dsp_1_U1981                                |hadd_16ns_16ns_16_5_full_dsp_1                           |        0|    2|    109|    113|    0|
    |hadd_16ns_16ns_16_5_full_dsp_1_U1982                                |hadd_16ns_16ns_16_5_full_dsp_1                           |        0|    2|    109|    113|    0|
    |hadd_16ns_16ns_16_5_full_dsp_1_U1983                                |hadd_16ns_16ns_16_5_full_dsp_1                           |        0|    2|    109|    113|    0|
    |hadd_16ns_16ns_16_5_full_dsp_1_U1984                                |hadd_16ns_16ns_16_5_full_dsp_1                           |        0|    2|    109|    113|    0|
    |hadd_16ns_16ns_16_5_full_dsp_1_U1985                                |hadd_16ns_16ns_16_5_full_dsp_1                           |        0|    2|    109|    113|    0|
    |hadd_16ns_16ns_16_5_full_dsp_1_U1986                                |hadd_16ns_16ns_16_5_full_dsp_1                           |        0|    2|    109|    113|    0|
    |hadd_16ns_16ns_16_5_full_dsp_1_U1987                                |hadd_16ns_16ns_16_5_full_dsp_1                           |        0|    2|    109|    113|    0|
    |hadd_16ns_16ns_16_5_full_dsp_1_U1988                                |hadd_16ns_16ns_16_5_full_dsp_1                           |        0|    2|    109|    113|    0|
    |hadd_16ns_16ns_16_5_full_dsp_1_U1989                                |hadd_16ns_16ns_16_5_full_dsp_1                           |        0|    2|    109|    113|    0|
    |hadd_16ns_16ns_16_5_full_dsp_1_U1990                                |hadd_16ns_16ns_16_5_full_dsp_1                           |        0|    2|    109|    113|    0|
    |hadd_16ns_16ns_16_5_full_dsp_1_U1991                                |hadd_16ns_16ns_16_5_full_dsp_1                           |        0|    2|    109|    113|    0|
    |hadd_16ns_16ns_16_5_full_dsp_1_U1992                                |hadd_16ns_16ns_16_5_full_dsp_1                           |        0|    2|    109|    113|    0|
    |hadd_16ns_16ns_16_5_full_dsp_1_U1993                                |hadd_16ns_16ns_16_5_full_dsp_1                           |        0|    2|    109|    113|    0|
    |hadd_16ns_16ns_16_5_full_dsp_1_U1994                                |hadd_16ns_16ns_16_5_full_dsp_1                           |        0|    2|    109|    113|    0|
    |hmul_16ns_16ns_16_4_max_dsp_1_U1995                                 |hmul_16ns_16ns_16_4_max_dsp_1                            |        0|    2|     91|     34|    0|
    |hmul_16ns_16ns_16_4_max_dsp_1_U1996                                 |hmul_16ns_16ns_16_4_max_dsp_1                            |        0|    2|     91|     34|    0|
    |hmul_16ns_16ns_16_4_max_dsp_1_U1997                                 |hmul_16ns_16ns_16_4_max_dsp_1                            |        0|    2|     91|     34|    0|
    |hmul_16ns_16ns_16_4_max_dsp_1_U1998                                 |hmul_16ns_16ns_16_4_max_dsp_1                            |        0|    2|     91|     34|    0|
    |hmul_16ns_16ns_16_4_max_dsp_1_U1999                                 |hmul_16ns_16ns_16_4_max_dsp_1                            |        0|    2|     91|     34|    0|
    |hmul_16ns_16ns_16_4_max_dsp_1_U2000                                 |hmul_16ns_16ns_16_4_max_dsp_1                            |        0|    2|     91|     34|    0|
    |hmul_16ns_16ns_16_4_max_dsp_1_U2001                                 |hmul_16ns_16ns_16_4_max_dsp_1                            |        0|    2|     91|     34|    0|
    |hmul_16ns_16ns_16_4_max_dsp_1_U2002                                 |hmul_16ns_16ns_16_4_max_dsp_1                            |        0|    2|     91|     34|    0|
    |hmul_16ns_16ns_16_4_max_dsp_1_U2003                                 |hmul_16ns_16ns_16_4_max_dsp_1                            |        0|    2|     91|     34|    0|
    |hmul_16ns_16ns_16_4_max_dsp_1_U2004                                 |hmul_16ns_16ns_16_4_max_dsp_1                            |        0|    2|     91|     34|    0|
    |hmul_16ns_16ns_16_4_max_dsp_1_U2005                                 |hmul_16ns_16ns_16_4_max_dsp_1                            |        0|    2|     91|     34|    0|
    |hmul_16ns_16ns_16_4_max_dsp_1_U2006                                 |hmul_16ns_16ns_16_4_max_dsp_1                            |        0|    2|     91|     34|    0|
    |hmul_16ns_16ns_16_4_max_dsp_1_U2007                                 |hmul_16ns_16ns_16_4_max_dsp_1                            |        0|    2|     91|     34|    0|
    |hmul_16ns_16ns_16_4_max_dsp_1_U2008                                 |hmul_16ns_16ns_16_4_max_dsp_1                            |        0|    2|     91|     34|    0|
    |hmul_16ns_16ns_16_4_max_dsp_1_U2009                                 |hmul_16ns_16ns_16_4_max_dsp_1                            |        0|    2|     91|     34|    0|
    |hmul_16ns_16ns_16_4_max_dsp_1_U2010                                 |hmul_16ns_16ns_16_4_max_dsp_1                            |        0|    2|     91|     34|    0|
    |hmul_16ns_16ns_16_4_max_dsp_1_U2011                                 |hmul_16ns_16ns_16_4_max_dsp_1                            |        0|    2|     91|     34|    0|
    |hmul_16ns_16ns_16_4_max_dsp_1_U2012                                 |hmul_16ns_16ns_16_4_max_dsp_1                            |        0|    2|     91|     34|    0|
    |hmul_16ns_16ns_16_4_max_dsp_1_U2013                                 |hmul_16ns_16ns_16_4_max_dsp_1                            |        0|    2|     91|     34|    0|
    |hmul_16ns_16ns_16_4_max_dsp_1_U2014                                 |hmul_16ns_16ns_16_4_max_dsp_1                            |        0|    2|     91|     34|    0|
    |hmul_16ns_16ns_16_4_max_dsp_1_U2015                                 |hmul_16ns_16ns_16_4_max_dsp_1                            |        0|    2|     91|     34|    0|
    |hmul_16ns_16ns_16_4_max_dsp_1_U2016                                 |hmul_16ns_16ns_16_4_max_dsp_1                            |        0|    2|     91|     34|    0|
    |hmul_16ns_16ns_16_4_max_dsp_1_U2017                                 |hmul_16ns_16ns_16_4_max_dsp_1                            |        0|    2|     91|     34|    0|
    |hmul_16ns_16ns_16_4_max_dsp_1_U2018                                 |hmul_16ns_16ns_16_4_max_dsp_1                            |        0|    2|     91|     34|    0|
    |hmul_16ns_16ns_16_4_max_dsp_1_U2019                                 |hmul_16ns_16ns_16_4_max_dsp_1                            |        0|    2|     91|     34|    0|
    |hmul_16ns_16ns_16_4_max_dsp_1_U2020                                 |hmul_16ns_16ns_16_4_max_dsp_1                            |        0|    2|     91|     34|    0|
    |hmul_16ns_16ns_16_4_max_dsp_1_U2021                                 |hmul_16ns_16ns_16_4_max_dsp_1                            |        0|    2|     91|     34|    0|
    |hmul_16ns_16ns_16_4_max_dsp_1_U2022                                 |hmul_16ns_16ns_16_4_max_dsp_1                            |        0|    2|     91|     34|    0|
    |hmul_16ns_16ns_16_4_max_dsp_1_U2023                                 |hmul_16ns_16ns_16_4_max_dsp_1                            |        0|    2|     91|     34|    0|
    |hmul_16ns_16ns_16_4_max_dsp_1_U2024                                 |hmul_16ns_16ns_16_4_max_dsp_1                            |        0|    2|     91|     34|    0|
    |hmul_16ns_16ns_16_4_max_dsp_1_U2025                                 |hmul_16ns_16ns_16_4_max_dsp_1                            |        0|    2|     91|     34|    0|
    |hmul_16ns_16ns_16_4_max_dsp_1_U2026                                 |hmul_16ns_16ns_16_4_max_dsp_1                            |        0|    2|     91|     34|    0|
    |hptosp_16ns_32_2_no_dsp_1_U1978                                     |hptosp_16ns_32_2_no_dsp_1                                |        0|    0|      0|      0|    0|
    |sptohp_32ns_16_2_no_dsp_1_U2027                                     |sptohp_32ns_16_2_no_dsp_1                                |        0|    0|      0|      0|    0|
    +--------------------------------------------------------------------+---------------------------------------------------------+---------+-----+-------+-------+-----+
    |Total                                                               |                                                         |       64|  670|  68151|  42167|    0|
    +--------------------------------------------------------------------+---------------------------------------------------------+---------+-----+-------+-------+-----+

    * DSP: 
    N/A

    * Memory: 
    +---------------------------------------------------------------------------------------+----------------------------------------------------------------------------------+---------+----+----+-----+------+-----+------+-------------+
    |                                         Memory                                        |                                      Module                                      | BRAM_18K| FF | LUT| URAM| Words| Bits| Banks| W*Bits*Banks|
    +---------------------------------------------------------------------------------------+----------------------------------------------------------------------------------+---------+----+----+-----+------+-----+------+-------------+
    |b_buf_U                                                                                |UpConv_Fused_Row_8_32_32_480_240_s_b_buf_RAM_T2P_BRAM_1R1W                        |        8|   0|   0|    0|    15|  256|     1|         3840|
    |g_buf_U                                                                                |UpConv_Fused_Row_8_32_32_480_240_s_b_buf_RAM_T2P_BRAM_1R1W                        |        8|   0|   0|    0|    15|  256|     1|         3840|
    |be_buf_U                                                                               |UpConv_Fused_Row_8_32_32_480_240_s_b_buf_RAM_T2P_BRAM_1R1W                        |        8|   0|   0|    0|    15|  256|     1|         3840|
    |inv_buf_1_U                                                                            |UpConv_Fused_Row_8_32_32_480_240_s_inv_buf_1_RAM_2P_LUTRAM_1R1W                   |        0|  32|  16|    0|    64|   16|     1|         1024|
    |mean_buf_1_U                                                                           |UpConv_Fused_Row_8_32_32_480_240_s_mean_buf_1_RAM_2P_LUTRAM_1R1W                  |        0|  64|  32|    0|    64|   32|     1|         2048|
    |void_UpConv_Fused_Row_ap_uint_ap_uint_const_ap_uint_const_ap_uint_const_ap_u_19_U      |UpConv_Fused_Row_8_32_32_480_240_s_void_UpConv_Fused_Row_ap_uint_ap_uint_consHfu  |        0|   0|   0|    1|   960|   16|     1|        15360|
    |void_UpConv_Fused_Row_ap_uint_ap_uint_const_ap_uint_const_ap_uint_const_ap_u_18_U      |UpConv_Fused_Row_8_32_32_480_240_s_void_UpConv_Fused_Row_ap_uint_ap_uint_consHfu  |        0|   0|   0|    1|   960|   16|     1|        15360|
    |void_UpConv_Fused_Row_ap_uint_ap_uint_const_ap_uint_const_ap_uint_const_ap_u_17_U      |UpConv_Fused_Row_8_32_32_480_240_s_void_UpConv_Fused_Row_ap_uint_ap_uint_consHfu  |        0|   0|   0|    1|   960|   16|     1|        15360|
    |void_UpConv_Fused_Row_ap_uint_ap_uint_const_ap_uint_const_ap_uint_const_ap_u_16_U      |UpConv_Fused_Row_8_32_32_480_240_s_void_UpConv_Fused_Row_ap_uint_ap_uint_consHfu  |        0|   0|   0|    1|   960|   16|     1|        15360|
    |void_UpConv_Fused_Row_ap_uint_ap_uint_const_ap_uint_const_ap_uint_const_ap_u_15_U      |UpConv_Fused_Row_8_32_32_480_240_s_void_UpConv_Fused_Row_ap_uint_ap_uint_consHfu  |        0|   0|   0|    1|   960|   16|     1|        15360|
    |void_UpConv_Fused_Row_ap_uint_ap_uint_const_ap_uint_const_ap_uint_const_ap_u_14_U      |UpConv_Fused_Row_8_32_32_480_240_s_void_UpConv_Fused_Row_ap_uint_ap_uint_consHfu  |        0|   0|   0|    1|   960|   16|     1|        15360|
    |void_UpConv_Fused_Row_ap_uint_ap_uint_const_ap_uint_const_ap_uint_const_ap_u_13_U      |UpConv_Fused_Row_8_32_32_480_240_s_void_UpConv_Fused_Row_ap_uint_ap_uint_consHfu  |        0|   0|   0|    1|   960|   16|     1|        15360|
    |void_UpConv_Fused_Row_ap_uint_ap_uint_const_ap_uint_const_ap_uint_const_ap_u_12_U      |UpConv_Fused_Row_8_32_32_480_240_s_void_UpConv_Fused_Row_ap_uint_ap_uint_consHfu  |        0|   0|   0|    1|   960|   16|     1|        15360|
    |void_UpConv_Fused_Row_ap_uint_ap_uint_const_ap_uint_const_ap_uint_const_ap_u_11_U      |UpConv_Fused_Row_8_32_32_480_240_s_void_UpConv_Fused_Row_ap_uint_ap_uint_consHfu  |        0|   0|   0|    1|   960|   16|     1|        15360|
    |void_UpConv_Fused_Row_ap_uint_ap_uint_const_ap_uint_const_ap_uint_const_ap_u_10_U      |UpConv_Fused_Row_8_32_32_480_240_s_void_UpConv_Fused_Row_ap_uint_ap_uint_consHfu  |        0|   0|   0|    1|   960|   16|     1|        15360|
    |p_ZZ16UpConv_Fused_RowILi8ELi32ELi32ELi480ELi240EEvP7ap_uintILi256EEPKS1_S4_S4_S4_5_U  |UpConv_Fused_Row_8_32_32_480_240_s_void_UpConv_Fused_Row_ap_uint_ap_uint_consHfu  |        0|   0|   0|    1|   960|   16|     1|        15360|
    |p_ZZ16UpConv_Fused_RowILi8ELi32ELi32ELi480ELi240EEvP7ap_uintILi256EEPKS1_S4_S4_S4_4_U  |UpConv_Fused_Row_8_32_32_480_240_s_void_UpConv_Fused_Row_ap_uint_ap_uint_consHfu  |        0|   0|   0|    1|   960|   16|     1|        15360|
    |p_ZZ16UpConv_Fused_RowILi8ELi32ELi32ELi480ELi240EEvP7ap_uintILi256EEPKS1_S4_S4_S4_3_U  |UpConv_Fused_Row_8_32_32_480_240_s_void_UpConv_Fused_Row_ap_uint_ap_uint_consHfu  |        0|   0|   0|    1|   960|   16|     1|        15360|
    |p_ZZ16UpConv_Fused_RowILi8ELi32ELi32ELi480ELi240EEvP7ap_uintILi256EEPKS1_S4_S4_S4_2_U  |UpConv_Fused_Row_8_32_32_480_240_s_void_UpConv_Fused_Row_ap_uint_ap_uint_consHfu  |        0|   0|   0|    1|   960|   16|     1|        15360|
    |p_ZZ16UpConv_Fused_RowILi8ELi32ELi32ELi480ELi240EEvP7ap_uintILi256EEPKS1_S4_S4_S4_1_U  |UpConv_Fused_Row_8_32_32_480_240_s_void_UpConv_Fused_Row_ap_uint_ap_uint_consHfu  |        0|   0|   0|    1|   960|   16|     1|        15360|
    |p_ZZ16UpConv_Fused_RowILi8ELi32ELi32ELi480ELi240EEvP7ap_uintILi256EEPKS1_S4_S4_S4_U    |UpConv_Fused_Row_8_32_32_480_240_s_void_UpConv_Fused_Row_ap_uint_ap_uint_consHfu  |        0|   0|   0|    1|   960|   16|     1|        15360|
    +---------------------------------------------------------------------------------------+----------------------------------------------------------------------------------+---------+----+----+-----+------+-----+------+-------------+
    |Total                                                                                  |                                                                                  |       24|  96|  48|   16| 15533| 1072|    21|       260352|
    +---------------------------------------------------------------------------------------+----------------------------------------------------------------------------------+---------+----+----+-----+------+-----+------+-------------+

    * FIFO: 
    N/A

    * Expression: 
    +---------------------------------+----------+----+---+----+------------+------------+
    |          Variable Name          | Operation| DSP| FF| LUT| Bitwidth P0| Bitwidth P1|
    +---------------------------------+----------+----+---+----+------------+------------+
    |add57_fu_400_p2                  |         +|   0|  0|  14|           7|           1|
    |ap_block_state2_on_subcall_done  |        or|   0|  0|   2|           1|           1|
    +---------------------------------+----------+----+---+----+------------+------------+
    |Total                            |          |   0|  0|  16|           8|           2|
    +---------------------------------+----------+----+---+----+------------+------------+

    * Multiplexer: 
    +----------------------------------------------------------------------------------------------+----+-----------+-----+-----------+
    |                                             Name                                             | LUT| Input Size| Bits| Total Bits|
    +----------------------------------------------------------------------------------------------+----+-----------+-----+-----------+
    |ap_NS_fsm                                                                                     |  49|          9|    1|          9|
    |b_buf_address0                                                                                |  14|          3|    4|         12|
    |b_buf_ce0                                                                                     |  14|          3|    1|          3|
    |b_buf_we0                                                                                     |   9|          2|    1|          2|
    |be_buf_address0                                                                               |  14|          3|    4|         12|
    |be_buf_ce0                                                                                    |  14|          3|    1|          3|
    |be_buf_we0                                                                                    |   9|          2|    1|          2|
    |g_buf_address0                                                                                |  14|          3|    4|         12|
    |g_buf_ce0                                                                                     |  14|          3|    1|          3|
    |g_buf_we0                                                                                     |   9|          2|    1|          2|
    |grp_fu_359_ce                                                                                 |  14|          3|    1|          3|
    |grp_fu_359_p0                                                                                 |  14|          3|   16|         48|
    |grp_fu_465_ce                                                                                 |  20|          4|    1|          4|
    |grp_fu_465_p0                                                                                 |  20|          4|   16|         64|
    |grp_fu_465_p1                                                                                 |  20|          4|   16|         64|
    |grp_fu_469_ce                                                                                 |  14|          3|    1|          3|
    |grp_fu_469_p0                                                                                 |  14|          3|   16|         48|
    |grp_fu_469_p1                                                                                 |  14|          3|   16|         48|
    |grp_fu_473_ce                                                                                 |  14|          3|    1|          3|
    |grp_fu_473_p0                                                                                 |  14|          3|   16|         48|
    |grp_fu_473_p1                                                                                 |  14|          3|   16|         48|
    |grp_fu_477_ce                                                                                 |  14|          3|    1|          3|
    |grp_fu_477_p0                                                                                 |  14|          3|   16|         48|
    |grp_fu_477_p1                                                                                 |  14|          3|   16|         48|
    |grp_fu_481_ce                                                                                 |  14|          3|    1|          3|
    |grp_fu_481_p0                                                                                 |  14|          3|   16|         48|
    |grp_fu_481_p1                                                                                 |  14|          3|   16|         48|
    |grp_fu_485_ce                                                                                 |  14|          3|    1|          3|
    |grp_fu_485_p0                                                                                 |  14|          3|   16|         48|
    |grp_fu_485_p1                                                                                 |  14|          3|   16|         48|
    |grp_fu_489_ce                                                                                 |  14|          3|    1|          3|
    |grp_fu_489_p0                                                                                 |  14|          3|   16|         48|
    |grp_fu_489_p1                                                                                 |  14|          3|   16|         48|
    |grp_fu_493_ce                                                                                 |  14|          3|    1|          3|
    |grp_fu_493_p0                                                                                 |  14|          3|   16|         48|
    |grp_fu_493_p1                                                                                 |  14|          3|   16|         48|
    |grp_fu_497_ce                                                                                 |  14|          3|    1|          3|
    |grp_fu_497_p0                                                                                 |  14|          3|   16|         48|
    |grp_fu_497_p1                                                                                 |  14|          3|   16|         48|
    |grp_fu_501_ce                                                                                 |  14|          3|    1|          3|
    |grp_fu_501_p0                                                                                 |  14|          3|   16|         48|
    |grp_fu_501_p1                                                                                 |  14|          3|   16|         48|
    |grp_fu_505_ce                                                                                 |  14|          3|    1|          3|
    |grp_fu_505_p0                                                                                 |  14|          3|   16|         48|
    |grp_fu_505_p1                                                                                 |  14|          3|   16|         48|
    |grp_fu_509_ce                                                                                 |  14|          3|    1|          3|
    |grp_fu_509_p0                                                                                 |  14|          3|   16|         48|
    |grp_fu_509_p1                                                                                 |  14|          3|   16|         48|
    |grp_fu_513_ce                                                                                 |  14|          3|    1|          3|
    |grp_fu_513_p0                                                                                 |  14|          3|   16|         48|
    |grp_fu_513_p1                                                                                 |  14|          3|   16|         48|
    |grp_fu_517_ce                                                                                 |  14|          3|    1|          3|
    |grp_fu_517_p0                                                                                 |  14|          3|   16|         48|
    |grp_fu_517_p1                                                                                 |  14|          3|   16|         48|
    |grp_fu_521_ce                                                                                 |  14|          3|    1|          3|
    |grp_fu_521_p0                                                                                 |  14|          3|   16|         48|
    |grp_fu_521_p1                                                                                 |  14|          3|   16|         48|
    |grp_fu_525_ce                                                                                 |  14|          3|    1|          3|
    |grp_fu_525_p0                                                                                 |  14|          3|   16|         48|
    |grp_fu_525_p1                                                                                 |  14|          3|   16|         48|
    |grp_fu_529_ce                                                                                 |  14|          3|    1|          3|
    |grp_fu_529_p0                                                                                 |  14|          3|   16|         48|
    |grp_fu_529_p1                                                                                 |  14|          3|   16|         48|
    |grp_fu_533_ce                                                                                 |  14|          3|    1|          3|
    |grp_fu_533_p0                                                                                 |  14|          3|   16|         48|
    |grp_fu_533_p1                                                                                 |  14|          3|   16|         48|
    |grp_fu_537_ce                                                                                 |  14|          3|    1|          3|
    |grp_fu_537_p0                                                                                 |  14|          3|   16|         48|
    |grp_fu_537_p1                                                                                 |  14|          3|   16|         48|
    |grp_fu_541_ce                                                                                 |  14|          3|    1|          3|
    |grp_fu_541_p0                                                                                 |  14|          3|   16|         48|
    |grp_fu_541_p1                                                                                 |  14|          3|   16|         48|
    |grp_fu_545_ce                                                                                 |  14|          3|    1|          3|
    |grp_fu_545_p0                                                                                 |  14|          3|   16|         48|
    |grp_fu_545_p1                                                                                 |  14|          3|   16|         48|
    |grp_fu_549_ce                                                                                 |  14|          3|    1|          3|
    |grp_fu_549_p0                                                                                 |  14|          3|   16|         48|
    |grp_fu_549_p1                                                                                 |  14|          3|   16|         48|
    |grp_fu_553_ce                                                                                 |  14|          3|    1|          3|
    |grp_fu_553_p0                                                                                 |  14|          3|   16|         48|
    |grp_fu_553_p1                                                                                 |  14|          3|   16|         48|
    |grp_fu_557_ce                                                                                 |  14|          3|    1|          3|
    |grp_fu_557_p0                                                                                 |  14|          3|   16|         48|
    |grp_fu_557_p1                                                                                 |  14|          3|   16|         48|
    |grp_fu_561_ce                                                                                 |  14|          3|    1|          3|
    |grp_fu_561_p0                                                                                 |  14|          3|   16|         48|
    |grp_fu_561_p1                                                                                 |  14|          3|   16|         48|
    |grp_fu_565_ce                                                                                 |  14|          3|    1|          3|
    |grp_fu_565_p0                                                                                 |  14|          3|   16|         48|
    |grp_fu_565_p1                                                                                 |  14|          3|   16|         48|
    |grp_fu_569_ce                                                                                 |  14|          3|    1|          3|
    |grp_fu_569_p0                                                                                 |  14|          3|   16|         48|
    |grp_fu_569_p1                                                                                 |  14|          3|   16|         48|
    |grp_fu_573_ce                                                                                 |  14|          3|    1|          3|
    |grp_fu_573_p0                                                                                 |  14|          3|   16|         48|
    |grp_fu_573_p1                                                                                 |  14|          3|   16|         48|
    |grp_fu_577_ce                                                                                 |  14|          3|    1|          3|
    |grp_fu_577_p0                                                                                 |  14|          3|   16|         48|
    |grp_fu_577_p1                                                                                 |  14|          3|   16|         48|
    |grp_fu_581_ce                                                                                 |  14|          3|    1|          3|
    |grp_fu_581_p0                                                                                 |  14|          3|   16|         48|
    |grp_fu_581_p1                                                                                 |  14|          3|   16|         48|
    |grp_fu_585_ce                                                                                 |  14|          3|    1|          3|
    |grp_fu_585_p0                                                                                 |  14|          3|   16|         48|
    |grp_fu_585_p1                                                                                 |  14|          3|   16|         48|
    |grp_fu_589_ce                                                                                 |  14|          3|    1|          3|
    |grp_fu_589_p0                                                                                 |  14|          3|   16|         48|
    |grp_fu_589_p1                                                                                 |  14|          3|   16|         48|
    |grp_fu_593_ce                                                                                 |  14|          3|    1|          3|
    |grp_fu_593_p0                                                                                 |  14|          3|   16|         48|
    |grp_fu_593_p1                                                                                 |  14|          3|   16|         48|
    |grp_fu_597_ce                                                                                 |  14|          3|    1|          3|
    |grp_fu_597_p0                                                                                 |  14|          3|   16|         48|
    |grp_fu_597_p1                                                                                 |  14|          3|   16|         48|
    |grp_fu_601_ce                                                                                 |  14|          3|    1|          3|
    |grp_fu_601_p0                                                                                 |  14|          3|   16|         48|
    |grp_fu_601_p1                                                                                 |  14|          3|   16|         48|
    |grp_fu_605_ce                                                                                 |  14|          3|    1|          3|
    |grp_fu_605_p0                                                                                 |  14|          3|   16|         48|
    |grp_fu_605_p1                                                                                 |  14|          3|   16|         48|
    |grp_fu_609_ce                                                                                 |  14|          3|    1|          3|
    |grp_fu_609_p0                                                                                 |  14|          3|   16|         48|
    |grp_fu_609_p1                                                                                 |  14|          3|   16|         48|
    |grp_fu_613_ce                                                                                 |  14|          3|    1|          3|
    |grp_fu_613_p0                                                                                 |  14|          3|   16|         48|
    |grp_fu_613_p1                                                                                 |  14|          3|   16|         48|
    |grp_fu_617_ce                                                                                 |  14|          3|    1|          3|
    |grp_fu_617_p0                                                                                 |  14|          3|   16|         48|
    |grp_fu_617_p1                                                                                 |  14|          3|   16|         48|
    |grp_fu_621_ce                                                                                 |  14|          3|    1|          3|
    |grp_fu_621_p0                                                                                 |  14|          3|   16|         48|
    |grp_fu_621_p1                                                                                 |  14|          3|   16|         48|
    |grp_fu_625_ce                                                                                 |  14|          3|    1|          3|
    |grp_fu_625_p0                                                                                 |  14|          3|   16|         48|
    |grp_fu_625_p1                                                                                 |  14|          3|   16|         48|
    |grp_fu_629_ce                                                                                 |  14|          3|    1|          3|
    |grp_fu_629_p0                                                                                 |  14|          3|   16|         48|
    |grp_fu_629_p1                                                                                 |  14|          3|   16|         48|
    |grp_fu_633_ce                                                                                 |  14|          3|    1|          3|
    |grp_fu_633_p0                                                                                 |  14|          3|   16|         48|
    |grp_fu_633_p1                                                                                 |  14|          3|   16|         48|
    |grp_fu_637_ce                                                                                 |  14|          3|    1|          3|
    |grp_fu_637_p0                                                                                 |  14|          3|   16|         48|
    |grp_fu_637_p1                                                                                 |  14|          3|   16|         48|
    |grp_fu_641_ce                                                                                 |  14|          3|    1|          3|
    |grp_fu_641_p0                                                                                 |  14|          3|   16|         48|
    |grp_fu_641_p1                                                                                 |  14|          3|   16|         48|
    |grp_fu_645_ce                                                                                 |  14|          3|    1|          3|
    |grp_fu_645_p0                                                                                 |  14|          3|   16|         48|
    |grp_fu_645_p1                                                                                 |  14|          3|   16|         48|
    |grp_fu_649_ce                                                                                 |  14|          3|    1|          3|
    |grp_fu_649_p0                                                                                 |  14|          3|   16|         48|
    |grp_fu_649_p1                                                                                 |  14|          3|   16|         48|
    |grp_fu_653_ce                                                                                 |  14|          3|    1|          3|
    |grp_fu_653_p0                                                                                 |  14|          3|   16|         48|
    |grp_fu_653_p1                                                                                 |  14|          3|   16|         48|
    |grp_fu_657_ce                                                                                 |  14|          3|    1|          3|
    |grp_fu_657_p0                                                                                 |  14|          3|   32|         96|
    |inv_buf_1_ce0                                                                                 |   9|          2|    1|          2|
    |inv_buf_1_ce1                                                                                 |   9|          2|    1|          2|
    |inv_buf_1_we1                                                                                 |   9|          2|    1|          2|
    |mean_buf_1_ce0                                                                                |   9|          2|    1|          2|
    |mean_buf_1_ce1                                                                                |   9|          2|    1|          2|
    |mean_buf_1_we1                                                                                |   9|          2|    1|          2|
    |p_ZZ16UpConv_Fused_RowILi8ELi32ELi32ELi480ELi240EEvP7ap_uintILi256EEPKS1_S4_S4_S4_1_address0  |  26|          5|   10|         50|
    |p_ZZ16UpConv_Fused_RowILi8ELi32ELi32ELi480ELi240EEvP7ap_uintILi256EEPKS1_S4_S4_S4_1_address1  |  14|          3|   10|         30|
    |p_ZZ16UpConv_Fused_RowILi8ELi32ELi32ELi480ELi240EEvP7ap_uintILi256EEPKS1_S4_S4_S4_1_ce0       |  26|          5|    1|          5|
    |p_ZZ16UpConv_Fused_RowILi8ELi32ELi32ELi480ELi240EEvP7ap_uintILi256EEPKS1_S4_S4_S4_1_ce1       |  14|          3|    1|          3|
    |p_ZZ16UpConv_Fused_RowILi8ELi32ELi32ELi480ELi240EEvP7ap_uintILi256EEPKS1_S4_S4_S4_1_d0        |  20|          4|   16|         64|
    |p_ZZ16UpConv_Fused_RowILi8ELi32ELi32ELi480ELi240EEvP7ap_uintILi256EEPKS1_S4_S4_S4_1_we0       |  20|          4|    1|          4|
    |p_ZZ16UpConv_Fused_RowILi8ELi32ELi32ELi480ELi240EEvP7ap_uintILi256EEPKS1_S4_S4_S4_2_address0  |  26|          5|   10|         50|
    |p_ZZ16UpConv_Fused_RowILi8ELi32ELi32ELi480ELi240EEvP7ap_uintILi256EEPKS1_S4_S4_S4_2_address1  |  14|          3|   10|         30|
    |p_ZZ16UpConv_Fused_RowILi8ELi32ELi32ELi480ELi240EEvP7ap_uintILi256EEPKS1_S4_S4_S4_2_ce0       |  26|          5|    1|          5|
    |p_ZZ16UpConv_Fused_RowILi8ELi32ELi32ELi480ELi240EEvP7ap_uintILi256EEPKS1_S4_S4_S4_2_ce1       |  14|          3|    1|          3|
    |p_ZZ16UpConv_Fused_RowILi8ELi32ELi32ELi480ELi240EEvP7ap_uintILi256EEPKS1_S4_S4_S4_2_d0        |  20|          4|   16|         64|
    |p_ZZ16UpConv_Fused_RowILi8ELi32ELi32ELi480ELi240EEvP7ap_uintILi256EEPKS1_S4_S4_S4_2_we0       |  20|          4|    1|          4|
    |p_ZZ16UpConv_Fused_RowILi8ELi32ELi32ELi480ELi240EEvP7ap_uintILi256EEPKS1_S4_S4_S4_3_address0  |  26|          5|   10|         50|
    |p_ZZ16UpConv_Fused_RowILi8ELi32ELi32ELi480ELi240EEvP7ap_uintILi256EEPKS1_S4_S4_S4_3_address1  |  14|          3|   10|         30|
    |p_ZZ16UpConv_Fused_RowILi8ELi32ELi32ELi480ELi240EEvP7ap_uintILi256EEPKS1_S4_S4_S4_3_ce0       |  26|          5|    1|          5|
    |p_ZZ16UpConv_Fused_RowILi8ELi32ELi32ELi480ELi240EEvP7ap_uintILi256EEPKS1_S4_S4_S4_3_ce1       |  14|          3|    1|          3|
    |p_ZZ16UpConv_Fused_RowILi8ELi32ELi32ELi480ELi240EEvP7ap_uintILi256EEPKS1_S4_S4_S4_3_d0        |  20|          4|   16|         64|
    |p_ZZ16UpConv_Fused_RowILi8ELi32ELi32ELi480ELi240EEvP7ap_uintILi256EEPKS1_S4_S4_S4_3_we0       |  20|          4|    1|          4|
    |p_ZZ16UpConv_Fused_RowILi8ELi32ELi32ELi480ELi240EEvP7ap_uintILi256EEPKS1_S4_S4_S4_4_address0  |  26|          5|   10|         50|
    |p_ZZ16UpConv_Fused_RowILi8ELi32ELi32ELi480ELi240EEvP7ap_uintILi256EEPKS1_S4_S4_S4_4_address1  |  14|          3|   10|         30|
    |p_ZZ16UpConv_Fused_RowILi8ELi32ELi32ELi480ELi240EEvP7ap_uintILi256EEPKS1_S4_S4_S4_4_ce0       |  26|          5|    1|          5|
    |p_ZZ16UpConv_Fused_RowILi8ELi32ELi32ELi480ELi240EEvP7ap_uintILi256EEPKS1_S4_S4_S4_4_ce1       |  14|          3|    1|          3|
    |p_ZZ16UpConv_Fused_RowILi8ELi32ELi32ELi480ELi240EEvP7ap_uintILi256EEPKS1_S4_S4_S4_4_d0        |  20|          4|   16|         64|
    |p_ZZ16UpConv_Fused_RowILi8ELi32ELi32ELi480ELi240EEvP7ap_uintILi256EEPKS1_S4_S4_S4_4_we0       |  20|          4|    1|          4|
    |p_ZZ16UpConv_Fused_RowILi8ELi32ELi32ELi480ELi240EEvP7ap_uintILi256EEPKS1_S4_S4_S4_5_address0  |  26|          5|   10|         50|
    |p_ZZ16UpConv_Fused_RowILi8ELi32ELi32ELi480ELi240EEvP7ap_uintILi256EEPKS1_S4_S4_S4_5_address1  |  14|          3|   10|         30|
    |p_ZZ16UpConv_Fused_RowILi8ELi32ELi32ELi480ELi240EEvP7ap_uintILi256EEPKS1_S4_S4_S4_5_ce0       |  26|          5|    1|          5|
    |p_ZZ16UpConv_Fused_RowILi8ELi32ELi32ELi480ELi240EEvP7ap_uintILi256EEPKS1_S4_S4_S4_5_ce1       |  14|          3|    1|          3|
    |p_ZZ16UpConv_Fused_RowILi8ELi32ELi32ELi480ELi240EEvP7ap_uintILi256EEPKS1_S4_S4_S4_5_d0        |  20|          4|   16|         64|
    |p_ZZ16UpConv_Fused_RowILi8ELi32ELi32ELi480ELi240EEvP7ap_uintILi256EEPKS1_S4_S4_S4_5_we0       |  20|          4|    1|          4|
    |p_ZZ16UpConv_Fused_RowILi8ELi32ELi32ELi480ELi240EEvP7ap_uintILi256EEPKS1_S4_S4_S4_address0    |  26|          5|   10|         50|
    |p_ZZ16UpConv_Fused_RowILi8ELi32ELi32ELi480ELi240EEvP7ap_uintILi256EEPKS1_S4_S4_S4_address1    |  14|          3|   10|         30|
    |p_ZZ16UpConv_Fused_RowILi8ELi32ELi32ELi480ELi240EEvP7ap_uintILi256EEPKS1_S4_S4_S4_ce0         |  26|          5|    1|          5|
    |p_ZZ16UpConv_Fused_RowILi8ELi32ELi32ELi480ELi240EEvP7ap_uintILi256EEPKS1_S4_S4_S4_ce1         |  14|          3|    1|          3|
    |p_ZZ16UpConv_Fused_RowILi8ELi32ELi32ELi480ELi240EEvP7ap_uintILi256EEPKS1_S4_S4_S4_d0          |  20|          4|   16|         64|
    |p_ZZ16UpConv_Fused_RowILi8ELi32ELi32ELi480ELi240EEvP7ap_uintILi256EEPKS1_S4_S4_S4_we0         |  20|          4|    1|          4|
    |void_UpConv_Fused_Row_ap_uint_ap_uint_const_ap_uint_const_ap_uint_const_ap_u_10_address0      |  26|          5|   10|         50|
    |void_UpConv_Fused_Row_ap_uint_ap_uint_const_ap_uint_const_ap_uint_const_ap_u_10_address1      |  14|          3|   10|         30|
    |void_UpConv_Fused_Row_ap_uint_ap_uint_const_ap_uint_const_ap_uint_const_ap_u_10_ce0           |  26|          5|    1|          5|
    |void_UpConv_Fused_Row_ap_uint_ap_uint_const_ap_uint_const_ap_uint_const_ap_u_10_ce1           |  14|          3|    1|          3|
    |void_UpConv_Fused_Row_ap_uint_ap_uint_const_ap_uint_const_ap_uint_const_ap_u_10_d0            |  20|          4|   16|         64|
    |void_UpConv_Fused_Row_ap_uint_ap_uint_const_ap_uint_const_ap_uint_const_ap_u_10_we0           |  20|          4|    1|          4|
    |void_UpConv_Fused_Row_ap_uint_ap_uint_const_ap_uint_const_ap_uint_const_ap_u_11_address0      |  26|          5|   10|         50|
    |void_UpConv_Fused_Row_ap_uint_ap_uint_const_ap_uint_const_ap_uint_const_ap_u_11_address1      |  14|          3|   10|         30|
    |void_UpConv_Fused_Row_ap_uint_ap_uint_const_ap_uint_const_ap_uint_const_ap_u_11_ce0           |  26|          5|    1|          5|
    |void_UpConv_Fused_Row_ap_uint_ap_uint_const_ap_uint_const_ap_uint_const_ap_u_11_ce1           |  14|          3|    1|          3|
    |void_UpConv_Fused_Row_ap_uint_ap_uint_const_ap_uint_const_ap_uint_const_ap_u_11_d0            |  20|          4|   16|         64|
    |void_UpConv_Fused_Row_ap_uint_ap_uint_const_ap_uint_const_ap_uint_const_ap_u_11_we0           |  20|          4|    1|          4|
    |void_UpConv_Fused_Row_ap_uint_ap_uint_const_ap_uint_const_ap_uint_const_ap_u_12_address0      |  26|          5|   10|         50|
    |void_UpConv_Fused_Row_ap_uint_ap_uint_const_ap_uint_const_ap_uint_const_ap_u_12_address1      |  14|          3|   10|         30|
    |void_UpConv_Fused_Row_ap_uint_ap_uint_const_ap_uint_const_ap_uint_const_ap_u_12_ce0           |  26|          5|    1|          5|
    |void_UpConv_Fused_Row_ap_uint_ap_uint_const_ap_uint_const_ap_uint_const_ap_u_12_ce1           |  14|          3|    1|          3|
    |void_UpConv_Fused_Row_ap_uint_ap_uint_const_ap_uint_const_ap_uint_const_ap_u_12_d0            |  20|          4|   16|         64|
    |void_UpConv_Fused_Row_ap_uint_ap_uint_const_ap_uint_const_ap_uint_const_ap_u_12_we0           |  20|          4|    1|          4|
    |void_UpConv_Fused_Row_ap_uint_ap_uint_const_ap_uint_const_ap_uint_const_ap_u_13_address0      |  26|          5|   10|         50|
    |void_UpConv_Fused_Row_ap_uint_ap_uint_const_ap_uint_const_ap_uint_const_ap_u_13_address1      |  14|          3|   10|         30|
    |void_UpConv_Fused_Row_ap_uint_ap_uint_const_ap_uint_const_ap_uint_const_ap_u_13_ce0           |  26|          5|    1|          5|
    |void_UpConv_Fused_Row_ap_uint_ap_uint_const_ap_uint_const_ap_uint_const_ap_u_13_ce1           |  14|          3|    1|          3|
    |void_UpConv_Fused_Row_ap_uint_ap_uint_const_ap_uint_const_ap_uint_const_ap_u_13_d0            |  20|          4|   16|         64|
    |void_UpConv_Fused_Row_ap_uint_ap_uint_const_ap_uint_const_ap_uint_const_ap_u_13_we0           |  20|          4|    1|          4|
    |void_UpConv_Fused_Row_ap_uint_ap_uint_const_ap_uint_const_ap_uint_const_ap_u_14_address0      |  26|          5|   10|         50|
    |void_UpConv_Fused_Row_ap_uint_ap_uint_const_ap_uint_const_ap_uint_const_ap_u_14_address1      |  14|          3|   10|         30|
    |void_UpConv_Fused_Row_ap_uint_ap_uint_const_ap_uint_const_ap_uint_const_ap_u_14_ce0           |  26|          5|    1|          5|
    |void_UpConv_Fused_Row_ap_uint_ap_uint_const_ap_uint_const_ap_uint_const_ap_u_14_ce1           |  14|          3|    1|          3|
    |void_UpConv_Fused_Row_ap_uint_ap_uint_const_ap_uint_const_ap_uint_const_ap_u_14_d0            |  20|          4|   16|         64|
    |void_UpConv_Fused_Row_ap_uint_ap_uint_const_ap_uint_const_ap_uint_const_ap_u_14_we0           |  20|          4|    1|          4|
    |void_UpConv_Fused_Row_ap_uint_ap_uint_const_ap_uint_const_ap_uint_const_ap_u_15_address0      |  26|          5|   10|         50|
    |void_UpConv_Fused_Row_ap_uint_ap_uint_const_ap_uint_const_ap_uint_const_ap_u_15_address1      |  14|          3|   10|         30|
    |void_UpConv_Fused_Row_ap_uint_ap_uint_const_ap_uint_const_ap_uint_const_ap_u_15_ce0           |  26|          5|    1|          5|
    |void_UpConv_Fused_Row_ap_uint_ap_uint_const_ap_uint_const_ap_uint_const_ap_u_15_ce1           |  14|          3|    1|          3|
    |void_UpConv_Fused_Row_ap_uint_ap_uint_const_ap_uint_const_ap_uint_const_ap_u_15_d0            |  20|          4|   16|         64|
    |void_UpConv_Fused_Row_ap_uint_ap_uint_const_ap_uint_const_ap_uint_const_ap_u_15_we0           |  20|          4|    1|          4|
    |void_UpConv_Fused_Row_ap_uint_ap_uint_const_ap_uint_const_ap_uint_const_ap_u_16_address0      |  26|          5|   10|         50|
    |void_UpConv_Fused_Row_ap_uint_ap_uint_const_ap_uint_const_ap_uint_const_ap_u_16_address1      |  14|          3|   10|         30|
    |void_UpConv_Fused_Row_ap_uint_ap_uint_const_ap_uint_const_ap_uint_const_ap_u_16_ce0           |  26|          5|    1|          5|
    |void_UpConv_Fused_Row_ap_uint_ap_uint_const_ap_uint_const_ap_uint_const_ap_u_16_ce1           |  14|          3|    1|          3|
    |void_UpConv_Fused_Row_ap_uint_ap_uint_const_ap_uint_const_ap_uint_const_ap_u_16_d0            |  20|          4|   16|         64|
    |void_UpConv_Fused_Row_ap_uint_ap_uint_const_ap_uint_const_ap_uint_const_ap_u_16_we0           |  20|          4|    1|          4|
    |void_UpConv_Fused_Row_ap_uint_ap_uint_const_ap_uint_const_ap_uint_const_ap_u_17_address0      |  26|          5|   10|         50|
    |void_UpConv_Fused_Row_ap_uint_ap_uint_const_ap_uint_const_ap_uint_const_ap_u_17_address1      |  14|          3|   10|         30|
    |void_UpConv_Fused_Row_ap_uint_ap_uint_const_ap_uint_const_ap_uint_const_ap_u_17_ce0           |  26|          5|    1|          5|
    |void_UpConv_Fused_Row_ap_uint_ap_uint_const_ap_uint_const_ap_uint_const_ap_u_17_ce1           |  14|          3|    1|          3|
    |void_UpConv_Fused_Row_ap_uint_ap_uint_const_ap_uint_const_ap_uint_const_ap_u_17_d0            |  20|          4|   16|         64|
    |void_UpConv_Fused_Row_ap_uint_ap_uint_const_ap_uint_const_ap_uint_const_ap_u_17_we0           |  20|          4|    1|          4|
    |void_UpConv_Fused_Row_ap_uint_ap_uint_const_ap_uint_const_ap_uint_const_ap_u_18_address0      |  26|          5|   10|         50|
    |void_UpConv_Fused_Row_ap_uint_ap_uint_const_ap_uint_const_ap_uint_const_ap_u_18_address1      |  14|          3|   10|         30|
    |void_UpConv_Fused_Row_ap_uint_ap_uint_const_ap_uint_const_ap_uint_const_ap_u_18_ce0           |  26|          5|    1|          5|
    |void_UpConv_Fused_Row_ap_uint_ap_uint_const_ap_uint_const_ap_uint_const_ap_u_18_ce1           |  14|          3|    1|          3|
    |void_UpConv_Fused_Row_ap_uint_ap_uint_const_ap_uint_const_ap_uint_const_ap_u_18_d0            |  20|          4|   16|         64|
    |void_UpConv_Fused_Row_ap_uint_ap_uint_const_ap_uint_const_ap_uint_const_ap_u_18_we0           |  20|          4|    1|          4|
    |void_UpConv_Fused_Row_ap_uint_ap_uint_const_ap_uint_const_ap_uint_const_ap_u_19_address0      |  26|          5|   10|         50|
    |void_UpConv_Fused_Row_ap_uint_ap_uint_const_ap_uint_const_ap_uint_const_ap_u_19_address1      |  14|          3|   10|         30|
    |void_UpConv_Fused_Row_ap_uint_ap_uint_const_ap_uint_const_ap_uint_const_ap_u_19_ce0           |  26|          5|    1|          5|
    |void_UpConv_Fused_Row_ap_uint_ap_uint_const_ap_uint_const_ap_uint_const_ap_u_19_ce1           |  14|          3|    1|          3|
    |void_UpConv_Fused_Row_ap_uint_ap_uint_const_ap_uint_const_ap_uint_const_ap_u_19_d0            |  20|          4|   16|         64|
    |void_UpConv_Fused_Row_ap_uint_ap_uint_const_ap_uint_const_ap_uint_const_ap_u_19_we0           |  20|          4|    1|          4|
    +----------------------------------------------------------------------------------------------+----+-----------+-----+-----------+
    |Total                                                                                         |4224|        876| 2283|       7503|
    +----------------------------------------------------------------------------------------------+----+-----------+-----+-----------+

    * Register: 
    +---------------------------------------------------------------------------------+----+----+-----+-----------+
    |                                       Name                                      | FF | LUT| Bits| Const Bits|
    +---------------------------------------------------------------------------------+----+----+-----+-----------+
    |add57_reg_445                                                                    |   7|   0|    7|          0|
    |ap_CS_fsm                                                                        |   8|   0|    8|          0|
    |conv3_reg_450                                                                    |  32|   0|   32|          0|
    |grp_UpConv_Fused_Row_8_32_32_480_240_Outline_TILE_LOOP_fu_227_ap_start_reg       |   1|   0|    1|          0|
    |grp_UpConv_Fused_Row_8_32_32_480_240_Pipeline_LOAD_PARAMS_fu_212_ap_start_reg    |   1|   0|    1|          0|
    |grp_UpConv_Fused_Row_8_32_32_480_240_Pipeline_PIXEL_NORM_fu_312_ap_start_reg     |   1|   0|    1|          0|
    |grp_UpConv_Fused_Row_8_32_32_480_240_Pipeline_PIXEL_STATS_fu_270_ap_start_reg    |   1|   0|    1|          0|
    |grp_UpConv_Fused_Row_8_32_32_480_240_Pipeline_RESET_ROW_ACC_fu_176_ap_start_reg  |   1|   0|    1|          0|
    |mul9_reg_460                                                                     |   6|   0|   12|          6|
    |trunc_ln221_3_reg_420                                                            |  59|   0|   59|          0|
    |trunc_ln221_4_reg_425                                                            |  59|   0|   59|          0|
    |trunc_ln_reg_415                                                                 |  59|   0|   59|          0|
    +---------------------------------------------------------------------------------+----+----+-----+-----------+
    |Total                                                                            | 235|   0|  241|          6|
    +---------------------------------------------------------------------------------+----+----+-----+-----------+



================================================================
== Interface
================================================================
* Summary: 
+------------------------------+-----+-----+------------+---------------------------------------+--------------+
|           RTL Ports          | Dir | Bits|  Protocol  |             Source Object             |    C Type    |
+------------------------------+-----+-----+------------+---------------------------------------+--------------+
|ap_clk                        |   in|    1|  ap_ctrl_hs|  UpConv_Fused_Row<8, 32, 32, 480, 240>|  return value|
|ap_rst                        |   in|    1|  ap_ctrl_hs|  UpConv_Fused_Row<8, 32, 32, 480, 240>|  return value|
|ap_start                      |   in|    1|  ap_ctrl_hs|  UpConv_Fused_Row<8, 32, 32, 480, 240>|  return value|
|ap_done                       |  out|    1|  ap_ctrl_hs|  UpConv_Fused_Row<8, 32, 32, 480, 240>|  return value|
|ap_idle                       |  out|    1|  ap_ctrl_hs|  UpConv_Fused_Row<8, 32, 32, 480, 240>|  return value|
|ap_ready                      |  out|    1|  ap_ctrl_hs|  UpConv_Fused_Row<8, 32, 32, 480, 240>|  return value|
|m_axi_gmem_weight_0_AWVALID   |  out|    1|       m_axi|                            gmem_weight|       pointer|
|m_axi_gmem_weight_0_AWREADY   |   in|    1|       m_axi|                            gmem_weight|       pointer|
|m_axi_gmem_weight_0_AWADDR    |  out|   64|       m_axi|                            gmem_weight|       pointer|
|m_axi_gmem_weight_0_AWID      |  out|    1|       m_axi|                            gmem_weight|       pointer|
|m_axi_gmem_weight_0_AWLEN     |  out|   32|       m_axi|                            gmem_weight|       pointer|
|m_axi_gmem_weight_0_AWSIZE    |  out|    3|       m_axi|                            gmem_weight|       pointer|
|m_axi_gmem_weight_0_AWBURST   |  out|    2|       m_axi|                            gmem_weight|       pointer|
|m_axi_gmem_weight_0_AWLOCK    |  out|    2|       m_axi|                            gmem_weight|       pointer|
|m_axi_gmem_weight_0_AWCACHE   |  out|    4|       m_axi|                            gmem_weight|       pointer|
|m_axi_gmem_weight_0_AWPROT    |  out|    3|       m_axi|                            gmem_weight|       pointer|
|m_axi_gmem_weight_0_AWQOS     |  out|    4|       m_axi|                            gmem_weight|       pointer|
|m_axi_gmem_weight_0_AWREGION  |  out|    4|       m_axi|                            gmem_weight|       pointer|
|m_axi_gmem_weight_0_AWUSER    |  out|    1|       m_axi|                            gmem_weight|       pointer|
|m_axi_gmem_weight_0_WVALID    |  out|    1|       m_axi|                            gmem_weight|       pointer|
|m_axi_gmem_weight_0_WREADY    |   in|    1|       m_axi|                            gmem_weight|       pointer|
|m_axi_gmem_weight_0_WDATA     |  out|  256|       m_axi|                            gmem_weight|       pointer|
|m_axi_gmem_weight_0_WSTRB     |  out|   32|       m_axi|                            gmem_weight|       pointer|
|m_axi_gmem_weight_0_WLAST     |  out|    1|       m_axi|                            gmem_weight|       pointer|
|m_axi_gmem_weight_0_WID       |  out|    1|       m_axi|                            gmem_weight|       pointer|
|m_axi_gmem_weight_0_WUSER     |  out|    1|       m_axi|                            gmem_weight|       pointer|
|m_axi_gmem_weight_0_ARVALID   |  out|    1|       m_axi|                            gmem_weight|       pointer|
|m_axi_gmem_weight_0_ARREADY   |   in|    1|       m_axi|                            gmem_weight|       pointer|
|m_axi_gmem_weight_0_ARADDR    |  out|   64|       m_axi|                            gmem_weight|       pointer|
|m_axi_gmem_weight_0_ARID      |  out|    1|       m_axi|                            gmem_weight|       pointer|
|m_axi_gmem_weight_0_ARLEN     |  out|   32|       m_axi|                            gmem_weight|       pointer|
|m_axi_gmem_weight_0_ARSIZE    |  out|    3|       m_axi|                            gmem_weight|       pointer|
|m_axi_gmem_weight_0_ARBURST   |  out|    2|       m_axi|                            gmem_weight|       pointer|
|m_axi_gmem_weight_0_ARLOCK    |  out|    2|       m_axi|                            gmem_weight|       pointer|
|m_axi_gmem_weight_0_ARCACHE   |  out|    4|       m_axi|                            gmem_weight|       pointer|
|m_axi_gmem_weight_0_ARPROT    |  out|    3|       m_axi|                            gmem_weight|       pointer|
|m_axi_gmem_weight_0_ARQOS     |  out|    4|       m_axi|                            gmem_weight|       pointer|
|m_axi_gmem_weight_0_ARREGION  |  out|    4|       m_axi|                            gmem_weight|       pointer|
|m_axi_gmem_weight_0_ARUSER    |  out|    1|       m_axi|                            gmem_weight|       pointer|
|m_axi_gmem_weight_0_RVALID    |   in|    1|       m_axi|                            gmem_weight|       pointer|
|m_axi_gmem_weight_0_RREADY    |  out|    1|       m_axi|                            gmem_weight|       pointer|
|m_axi_gmem_weight_0_RDATA     |   in|  256|       m_axi|                            gmem_weight|       pointer|
|m_axi_gmem_weight_0_RLAST     |   in|    1|       m_axi|                            gmem_weight|       pointer|
|m_axi_gmem_weight_0_RID       |   in|    1|       m_axi|                            gmem_weight|       pointer|
|m_axi_gmem_weight_0_RFIFONUM  |   in|   11|       m_axi|                            gmem_weight|       pointer|
|m_axi_gmem_weight_0_RUSER     |   in|    1|       m_axi|                            gmem_weight|       pointer|
|m_axi_gmem_weight_0_RRESP     |   in|    2|       m_axi|                            gmem_weight|       pointer|
|m_axi_gmem_weight_0_BVALID    |   in|    1|       m_axi|                            gmem_weight|       pointer|
|m_axi_gmem_weight_0_BREADY    |  out|    1|       m_axi|                            gmem_weight|       pointer|
|m_axi_gmem_weight_0_BRESP     |   in|    2|       m_axi|                            gmem_weight|       pointer|
|m_axi_gmem_weight_0_BID       |   in|    1|       m_axi|                            gmem_weight|       pointer|
|m_axi_gmem_weight_0_BUSER     |   in|    1|       m_axi|                            gmem_weight|       pointer|
|W_ptr                         |   in|   64|     ap_none|                                  W_ptr|        scalar|
|m_axi_gmem_param_0_AWVALID    |  out|    1|       m_axi|                             gmem_param|       pointer|
|m_axi_gmem_param_0_AWREADY    |   in|    1|       m_axi|                             gmem_param|       pointer|
|m_axi_gmem_param_0_AWADDR     |  out|   64|       m_axi|                             gmem_param|       pointer|
|m_axi_gmem_param_0_AWID       |  out|    1|       m_axi|                             gmem_param|       pointer|
|m_axi_gmem_param_0_AWLEN      |  out|   32|       m_axi|                             gmem_param|       pointer|
|m_axi_gmem_param_0_AWSIZE     |  out|    3|       m_axi|                             gmem_param|       pointer|
|m_axi_gmem_param_0_AWBURST    |  out|    2|       m_axi|                             gmem_param|       pointer|
|m_axi_gmem_param_0_AWLOCK     |  out|    2|       m_axi|                             gmem_param|       pointer|
|m_axi_gmem_param_0_AWCACHE    |  out|    4|       m_axi|                             gmem_param|       pointer|
|m_axi_gmem_param_0_AWPROT     |  out|    3|       m_axi|                             gmem_param|       pointer|
|m_axi_gmem_param_0_AWQOS      |  out|    4|       m_axi|                             gmem_param|       pointer|
|m_axi_gmem_param_0_AWREGION   |  out|    4|       m_axi|                             gmem_param|       pointer|
|m_axi_gmem_param_0_AWUSER     |  out|    1|       m_axi|                             gmem_param|       pointer|
|m_axi_gmem_param_0_WVALID     |  out|    1|       m_axi|                             gmem_param|       pointer|
|m_axi_gmem_param_0_WREADY     |   in|    1|       m_axi|                             gmem_param|       pointer|
|m_axi_gmem_param_0_WDATA      |  out|  256|       m_axi|                             gmem_param|       pointer|
|m_axi_gmem_param_0_WSTRB      |  out|   32|       m_axi|                             gmem_param|       pointer|
|m_axi_gmem_param_0_WLAST      |  out|    1|       m_axi|                             gmem_param|       pointer|
|m_axi_gmem_param_0_WID        |  out|    1|       m_axi|                             gmem_param|       pointer|
|m_axi_gmem_param_0_WUSER      |  out|    1|       m_axi|                             gmem_param|       pointer|
|m_axi_gmem_param_0_ARVALID    |  out|    1|       m_axi|                             gmem_param|       pointer|
|m_axi_gmem_param_0_ARREADY    |   in|    1|       m_axi|                             gmem_param|       pointer|
|m_axi_gmem_param_0_ARADDR     |  out|   64|       m_axi|                             gmem_param|       pointer|
|m_axi_gmem_param_0_ARID       |  out|    1|       m_axi|                             gmem_param|       pointer|
|m_axi_gmem_param_0_ARLEN      |  out|   32|       m_axi|                             gmem_param|       pointer|
|m_axi_gmem_param_0_ARSIZE     |  out|    3|       m_axi|                             gmem_param|       pointer|
|m_axi_gmem_param_0_ARBURST    |  out|    2|       m_axi|                             gmem_param|       pointer|
|m_axi_gmem_param_0_ARLOCK     |  out|    2|       m_axi|                             gmem_param|       pointer|
|m_axi_gmem_param_0_ARCACHE    |  out|    4|       m_axi|                             gmem_param|       pointer|
|m_axi_gmem_param_0_ARPROT     |  out|    3|       m_axi|                             gmem_param|       pointer|
|m_axi_gmem_param_0_ARQOS      |  out|    4|       m_axi|                             gmem_param|       pointer|
|m_axi_gmem_param_0_ARREGION   |  out|    4|       m_axi|                             gmem_param|       pointer|
|m_axi_gmem_param_0_ARUSER     |  out|    1|       m_axi|                             gmem_param|       pointer|
|m_axi_gmem_param_0_RVALID     |   in|    1|       m_axi|                             gmem_param|       pointer|
|m_axi_gmem_param_0_RREADY     |  out|    1|       m_axi|                             gmem_param|       pointer|
|m_axi_gmem_param_0_RDATA      |   in|  256|       m_axi|                             gmem_param|       pointer|
|m_axi_gmem_param_0_RLAST      |   in|    1|       m_axi|                             gmem_param|       pointer|
|m_axi_gmem_param_0_RID        |   in|    1|       m_axi|                             gmem_param|       pointer|
|m_axi_gmem_param_0_RFIFONUM   |   in|   11|       m_axi|                             gmem_param|       pointer|
|m_axi_gmem_param_0_RUSER      |   in|    1|       m_axi|                             gmem_param|       pointer|
|m_axi_gmem_param_0_RRESP      |   in|    2|       m_axi|                             gmem_param|       pointer|
|m_axi_gmem_param_0_BVALID     |   in|    1|       m_axi|                             gmem_param|       pointer|
|m_axi_gmem_param_0_BREADY     |  out|    1|       m_axi|                             gmem_param|       pointer|
|m_axi_gmem_param_0_BRESP      |   in|    2|       m_axi|                             gmem_param|       pointer|
|m_axi_gmem_param_0_BID        |   in|    1|       m_axi|                             gmem_param|       pointer|
|m_axi_gmem_param_0_BUSER      |   in|    1|       m_axi|                             gmem_param|       pointer|
|B_ptr                         |   in|   64|     ap_none|                                  B_ptr|        scalar|
|G_ptr                         |   in|   64|     ap_none|                                  G_ptr|        scalar|
|BE_ptr                        |   in|   64|     ap_none|                                 BE_ptr|        scalar|
|m_axi_gmem_out_0_AWVALID      |  out|    1|       m_axi|                               gmem_out|       pointer|
|m_axi_gmem_out_0_AWREADY      |   in|    1|       m_axi|                               gmem_out|       pointer|
|m_axi_gmem_out_0_AWADDR       |  out|   64|       m_axi|                               gmem_out|       pointer|
|m_axi_gmem_out_0_AWID         |  out|    1|       m_axi|                               gmem_out|       pointer|
|m_axi_gmem_out_0_AWLEN        |  out|   32|       m_axi|                               gmem_out|       pointer|
|m_axi_gmem_out_0_AWSIZE       |  out|    3|       m_axi|                               gmem_out|       pointer|
|m_axi_gmem_out_0_AWBURST      |  out|    2|       m_axi|                               gmem_out|       pointer|
|m_axi_gmem_out_0_AWLOCK       |  out|    2|       m_axi|                               gmem_out|       pointer|
|m_axi_gmem_out_0_AWCACHE      |  out|    4|       m_axi|                               gmem_out|       pointer|
|m_axi_gmem_out_0_AWPROT       |  out|    3|       m_axi|                               gmem_out|       pointer|
|m_axi_gmem_out_0_AWQOS        |  out|    4|       m_axi|                               gmem_out|       pointer|
|m_axi_gmem_out_0_AWREGION     |  out|    4|       m_axi|                               gmem_out|       pointer|
|m_axi_gmem_out_0_AWUSER       |  out|    1|       m_axi|                               gmem_out|       pointer|
|m_axi_gmem_out_0_WVALID       |  out|    1|       m_axi|                               gmem_out|       pointer|
|m_axi_gmem_out_0_WREADY       |   in|    1|       m_axi|                               gmem_out|       pointer|
|m_axi_gmem_out_0_WDATA        |  out|  256|       m_axi|                               gmem_out|       pointer|
|m_axi_gmem_out_0_WSTRB        |  out|   32|       m_axi|                               gmem_out|       pointer|
|m_axi_gmem_out_0_WLAST        |  out|    1|       m_axi|                               gmem_out|       pointer|
|m_axi_gmem_out_0_WID          |  out|    1|       m_axi|                               gmem_out|       pointer|
|m_axi_gmem_out_0_WUSER        |  out|    1|       m_axi|                               gmem_out|       pointer|
|m_axi_gmem_out_0_ARVALID      |  out|    1|       m_axi|                               gmem_out|       pointer|
|m_axi_gmem_out_0_ARREADY      |   in|    1|       m_axi|                               gmem_out|       pointer|
|m_axi_gmem_out_0_ARADDR       |  out|   64|       m_axi|                               gmem_out|       pointer|
|m_axi_gmem_out_0_ARID         |  out|    1|       m_axi|                               gmem_out|       pointer|
|m_axi_gmem_out_0_ARLEN        |  out|   32|       m_axi|                               gmem_out|       pointer|
|m_axi_gmem_out_0_ARSIZE       |  out|    3|       m_axi|                               gmem_out|       pointer|
|m_axi_gmem_out_0_ARBURST      |  out|    2|       m_axi|                               gmem_out|       pointer|
|m_axi_gmem_out_0_ARLOCK       |  out|    2|       m_axi|                               gmem_out|       pointer|
|m_axi_gmem_out_0_ARCACHE      |  out|    4|       m_axi|                               gmem_out|       pointer|
|m_axi_gmem_out_0_ARPROT       |  out|    3|       m_axi|                               gmem_out|       pointer|
|m_axi_gmem_out_0_ARQOS        |  out|    4|       m_axi|                               gmem_out|       pointer|
|m_axi_gmem_out_0_ARREGION     |  out|    4|       m_axi|                               gmem_out|       pointer|
|m_axi_gmem_out_0_ARUSER       |  out|    1|       m_axi|                               gmem_out|       pointer|
|m_axi_gmem_out_0_RVALID       |   in|    1|       m_axi|                               gmem_out|       pointer|
|m_axi_gmem_out_0_RREADY       |  out|    1|       m_axi|                               gmem_out|       pointer|
|m_axi_gmem_out_0_RDATA        |   in|  256|       m_axi|                               gmem_out|       pointer|
|m_axi_gmem_out_0_RLAST        |   in|    1|       m_axi|                               gmem_out|       pointer|
|m_axi_gmem_out_0_RID          |   in|    1|       m_axi|                               gmem_out|       pointer|
|m_axi_gmem_out_0_RFIFONUM     |   in|    9|       m_axi|                               gmem_out|       pointer|
|m_axi_gmem_out_0_RUSER        |   in|    1|       m_axi|                               gmem_out|       pointer|
|m_axi_gmem_out_0_RRESP        |   in|    2|       m_axi|                               gmem_out|       pointer|
|m_axi_gmem_out_0_BVALID       |   in|    1|       m_axi|                               gmem_out|       pointer|
|m_axi_gmem_out_0_BREADY       |  out|    1|       m_axi|                               gmem_out|       pointer|
|m_axi_gmem_out_0_BRESP        |   in|    2|       m_axi|                               gmem_out|       pointer|
|m_axi_gmem_out_0_BID          |   in|    1|       m_axi|                               gmem_out|       pointer|
|m_axi_gmem_out_0_BUSER        |   in|    1|       m_axi|                               gmem_out|       pointer|
|Y                             |   in|   64|     ap_none|                                      Y|        scalar|
|epsilon                       |   in|   16|     ap_none|                                epsilon|        scalar|
|ho                            |   in|    6|     ap_none|                                     ho|        scalar|
|x_buf_address0                |  out|   11|   ap_memory|                                  x_buf|         array|
|x_buf_ce0                     |  out|    1|   ap_memory|                                  x_buf|         array|
|x_buf_q0                      |   in|  256|   ap_memory|                                  x_buf|         array|
+------------------------------+-----+-----+------------+---------------------------------------+--------------+

