

================================================================
== Vitis HLS Report for 'UpConv_Fused_Row_8_32_32_480_240_Pipeline_PRELOAD_W_W_FLAT'
================================================================
* Date:           Mon Jun  1 23:46:56 2026

* Version:        2024.2 (Build 5238294 on Nov  8 2024)
* Project:        upconv_core_top
* Solution:       hls (Vivado IP Flow Target)
* Product family: zynquplus
* Target device:  xczu7ev-ffvc1156-2-e


================================================================
== Performance Estimates
================================================================
+ Timing: 
    * Summary: 
    +--------+---------+----------+------------+
    |  Clock |  Target | Estimated| Uncertainty|
    +--------+---------+----------+------------+
    |ap_clk  |  3.33 ns|  3.357 ns|     0.90 ns|
    +--------+---------+----------+------------+

+ Latency: 
    * Summary: 
    +---------+---------+----------+----------+------+------+------------------------------------------------+
    |  Latency (cycles) |  Latency (absolute) |   Interval  |                    Pipeline                    |
    |   min   |   max   |    min   |    max   |  min |  max |                      Type                      |
    +---------+---------+----------+----------+------+------+------------------------------------------------+
    |     2172|     2172|  7.291 us|  7.291 us|  2161|  2161|  loop auto-rewind stp (delay=0 clock cycles(s))|
    +---------+---------+----------+----------+------+------+------------------------------------------------+

    + Detail: 
        * Instance: 
        N/A

        * Loop: 
        +--------------------+---------+---------+----------+-----------+-----------+------+----------+
        |                    |  Latency (cycles) | Iteration|  Initiation Interval  | Trip |          |
        |      Loop Name     |   min   |   max   |  Latency |  achieved |   target  | Count| Pipelined|
        +--------------------+---------+---------+----------+-----------+-----------+------+----------+
        |- PRELOAD_W_W_FLAT  |     2170|     2170|        12|          1|          1|  2160|       yes|
        +--------------------+---------+---------+----------+-----------+-----------+------+----------+



================================================================
== Utilization Estimates
================================================================
* Summary: 
+-----------------+---------+------+--------+--------+-----+
|       Name      | BRAM_18K|  DSP |   FF   |   LUT  | URAM|
+-----------------+---------+------+--------+--------+-----+
|DSP              |        -|     -|       -|       -|    -|
|Expression       |        -|     -|       0|     573|    -|
|FIFO             |        -|     -|       -|       -|    -|
|Instance         |        -|     -|       -|       -|    -|
|Memory           |        -|     -|       -|       -|    -|
|Multiplexer      |        -|     -|       0|     108|    -|
|Register         |        -|     -|     581|      64|    -|
+-----------------+---------+------+--------+--------+-----+
|Total            |        0|     0|     581|     745|    0|
+-----------------+---------+------+--------+--------+-----+
|Available        |      624|  1728|  460800|  230400|   96|
+-----------------+---------+------+--------+--------+-----+
|Utilization (%)  |        0|     0|      ~0|      ~0|    0|
+-----------------+---------+------+--------+--------+-----+

+ Detail: 
    * Instance: 
    N/A

    * DSP: 
    N/A

    * Memory: 
    N/A

    * FIFO: 
    N/A

    * Expression: 
    +---------------------------+----------+----+---+----+------------+------------+
    |       Variable Name       | Operation| DSP| FF| LUT| Bitwidth P0| Bitwidth P1|
    +---------------------------+----------+----+---+----+------------+------------+
    |add_ln138_1_fu_309_p2      |         +|   0|  0|  19|          12|           1|
    |add_ln138_fu_318_p2        |         +|   0|  0|  12|           4|           1|
    |add_ln142_fu_374_p2        |         +|   0|  0|  16|           9|           1|
    |add_ln144_4_fu_454_p2      |         +|   0|  0|  32|          32|          32|
    |add_ln144_5_fu_472_p2      |         +|   0|  0|  71|          64|          64|
    |add_ln144_6_fu_507_p2      |         +|   0|  0|  18|           9|           9|
    |add_ln144_fu_430_p2        |         +|   0|  0|  39|          32|          32|
    |add_ln146_fu_535_p2        |         +|   0|  0|  39|          32|           1|
    |ci_cnt_3_fu_523_p2         |         +|   0|  0|  39|          32|           1|
    |empty_fu_368_p2            |         +|   0|  0|  19|          12|          12|
    |sub_ln144_2_fu_501_p2      |         -|   0|  0|  18|           9|           9|
    |sub_ln144_fu_448_p2        |         -|   0|  0|  32|          32|          32|
    |icmp_ln138_fu_303_p2       |      icmp|   0|  0|  19|          12|          12|
    |icmp_ln142_fu_324_p2       |      icmp|   0|  0|  16|           9|           9|
    |icmp_ln146_fu_529_p2       |      icmp|   0|  0|  39|          32|           5|
    |ap_block_pp0_stage0_11001  |        or|   0|  0|   2|           1|           1|
    |ci_cnt_4_fu_541_p3         |    select|   0|  0|  32|           1|           1|
    |k_cnt_2_fu_549_p3          |    select|   0|  0|  32|           1|          32|
    |kci_4_fu_380_p3            |    select|   0|  0|   9|           1|           1|
    |select_ln138_1_fu_416_p3   |    select|   0|  0|  32|           1|           1|
    |select_ln138_2_fu_330_p3   |    select|   0|  0|   4|           1|           4|
    |select_ln138_fu_409_p3     |    select|   0|  0|  32|           1|           1|
    |ap_enable_pp0              |       xor|   0|  0|   2|           1|           2|
    +---------------------------+----------+----+---+----+------------+------------+
    |Total                      |          |   0|  0| 573|         340|         264|
    +---------------------------+----------+----+---+----+------------+------------+

    * Multiplexer: 
    +--------------------------------------+----+-----------+-----+-----------+
    |                 Name                 | LUT| Input Size| Bits| Total Bits|
    +--------------------------------------+----+-----------+-----+-----------+
    |ap_done_int                           |   9|          2|    1|          2|
    |ap_enable_reg_pp0_iter1               |   9|          2|    1|          2|
    |ap_sig_allocacmp_indvar_flatten_load  |   9|          2|   12|         24|
    |ap_sig_allocacmp_kci_3                |   9|          2|    9|         18|
    |ap_sig_allocacmp_tc_load              |   9|          2|    4|          8|
    |ci_cnt_fu_128                         |   9|          2|   32|         64|
    |gmem_weight_blk_n_AR                  |   9|          2|    1|          2|
    |gmem_weight_blk_n_R                   |   9|          2|    1|          2|
    |indvar_flatten_fu_140                 |   9|          2|   12|         24|
    |k_cnt_fu_132                          |   9|          2|   32|         64|
    |kci_fu_124                            |   9|          2|    9|         18|
    |tc_fu_136                             |   9|          2|    4|          8|
    +--------------------------------------+----+-----------+-----+-----------+
    |Total                                 | 108|         24|  118|        236|
    +--------------------------------------+----+-----------+-----+-----------+

    * Register: 
    +-------------------------------------------+-----+----+-----+-----------+
    |                    Name                   |  FF | LUT| Bits| Const Bits|
    +-------------------------------------------+-----+----+-----+-----------+
    |add_ln144_6_reg_647                        |    9|   0|    9|          0|
    |ap_CS_fsm                                  |    1|   0|    1|          0|
    |ap_block_pp0_stage0_subdone_grp0_done_reg  |    1|   0|    1|          0|
    |ap_done_reg                                |    1|   0|    1|          0|
    |ap_enable_reg_pp0_iter1                    |    1|   0|    1|          0|
    |ap_enable_reg_pp0_iter10                   |    1|   0|    1|          0|
    |ap_enable_reg_pp0_iter11                   |    1|   0|    1|          0|
    |ap_enable_reg_pp0_iter2                    |    1|   0|    1|          0|
    |ap_enable_reg_pp0_iter3                    |    1|   0|    1|          0|
    |ap_enable_reg_pp0_iter4                    |    1|   0|    1|          0|
    |ap_enable_reg_pp0_iter5                    |    1|   0|    1|          0|
    |ap_enable_reg_pp0_iter6                    |    1|   0|    1|          0|
    |ap_enable_reg_pp0_iter7                    |    1|   0|    1|          0|
    |ap_enable_reg_pp0_iter8                    |    1|   0|    1|          0|
    |ap_enable_reg_pp0_iter9                    |    1|   0|    1|          0|
    |ap_loop_exit_ready_pp0_iter10_reg          |    1|   0|    1|          0|
    |ap_loop_exit_ready_pp0_iter1_reg           |    1|   0|    1|          0|
    |ap_loop_exit_ready_pp0_iter2_reg           |    1|   0|    1|          0|
    |ap_loop_exit_ready_pp0_iter3_reg           |    1|   0|    1|          0|
    |ap_loop_exit_ready_pp0_iter4_reg           |    1|   0|    1|          0|
    |ap_loop_exit_ready_pp0_iter5_reg           |    1|   0|    1|          0|
    |ap_loop_exit_ready_pp0_iter6_reg           |    1|   0|    1|          0|
    |ap_loop_exit_ready_pp0_iter7_reg           |    1|   0|    1|          0|
    |ap_loop_exit_ready_pp0_iter8_reg           |    1|   0|    1|          0|
    |ap_loop_exit_ready_pp0_iter9_reg           |    1|   0|    1|          0|
    |ci_cnt_fu_128                              |   32|   0|   32|          0|
    |empty_reg_642                              |   12|   0|   12|          0|
    |gmem_weight_addr_read_reg_663              |  256|   0|  256|          0|
    |icmp_ln142_reg_632                         |    1|   0|    1|          0|
    |indvar_flatten_fu_140                      |   12|   0|   12|          0|
    |k_cnt_fu_132                               |   32|   0|   32|          0|
    |kci_fu_124                                 |    9|   0|    9|          0|
    |tc_fu_136                                  |    4|   0|    4|          0|
    |trunc_ln138_reg_638                        |    3|   0|    3|          0|
    |trunc_ln_reg_652                           |   59|   0|   59|          0|
    |add_ln144_6_reg_647                        |   64|  32|    9|          0|
    |trunc_ln138_reg_638                        |   64|  32|    3|          0|
    +-------------------------------------------+-----+----+-----+-----------+
    |Total                                      |  581|  64|  465|          0|
    +-------------------------------------------+-----+----+-----+-----------+



================================================================
== Interface
================================================================
* Summary: 
+------------------------------+-----+-----+------------+-----------------------------------------------------------------+--------------+
|           RTL Ports          | Dir | Bits|  Protocol  |                          Source Object                          |    C Type    |
+------------------------------+-----+-----+------------+-----------------------------------------------------------------+--------------+
|ap_clk                        |   in|    1|  ap_ctrl_hs|  UpConv_Fused_Row<8, 32, 32, 480, 240>_Pipeline_PRELOAD_W_W_FLAT|  return value|
|ap_rst                        |   in|    1|  ap_ctrl_hs|  UpConv_Fused_Row<8, 32, 32, 480, 240>_Pipeline_PRELOAD_W_W_FLAT|  return value|
|ap_start                      |   in|    1|  ap_ctrl_hs|  UpConv_Fused_Row<8, 32, 32, 480, 240>_Pipeline_PRELOAD_W_W_FLAT|  return value|
|ap_done                       |  out|    1|  ap_ctrl_hs|  UpConv_Fused_Row<8, 32, 32, 480, 240>_Pipeline_PRELOAD_W_W_FLAT|  return value|
|ap_idle                       |  out|    1|  ap_ctrl_hs|  UpConv_Fused_Row<8, 32, 32, 480, 240>_Pipeline_PRELOAD_W_W_FLAT|  return value|
|ap_ready                      |  out|    1|  ap_ctrl_hs|  UpConv_Fused_Row<8, 32, 32, 480, 240>_Pipeline_PRELOAD_W_W_FLAT|  return value|
|m_axi_gmem_weight_0_AWVALID   |  out|    1|       m_axi|                                                      gmem_weight|       pointer|
|m_axi_gmem_weight_0_AWREADY   |   in|    1|       m_axi|                                                      gmem_weight|       pointer|
|m_axi_gmem_weight_0_AWADDR    |  out|   64|       m_axi|                                                      gmem_weight|       pointer|
|m_axi_gmem_weight_0_AWID      |  out|    1|       m_axi|                                                      gmem_weight|       pointer|
|m_axi_gmem_weight_0_AWLEN     |  out|   32|       m_axi|                                                      gmem_weight|       pointer|
|m_axi_gmem_weight_0_AWSIZE    |  out|    3|       m_axi|                                                      gmem_weight|       pointer|
|m_axi_gmem_weight_0_AWBURST   |  out|    2|       m_axi|                                                      gmem_weight|       pointer|
|m_axi_gmem_weight_0_AWLOCK    |  out|    2|       m_axi|                                                      gmem_weight|       pointer|
|m_axi_gmem_weight_0_AWCACHE   |  out|    4|       m_axi|                                                      gmem_weight|       pointer|
|m_axi_gmem_weight_0_AWPROT    |  out|    3|       m_axi|                                                      gmem_weight|       pointer|
|m_axi_gmem_weight_0_AWQOS     |  out|    4|       m_axi|                                                      gmem_weight|       pointer|
|m_axi_gmem_weight_0_AWREGION  |  out|    4|       m_axi|                                                      gmem_weight|       pointer|
|m_axi_gmem_weight_0_AWUSER    |  out|    1|       m_axi|                                                      gmem_weight|       pointer|
|m_axi_gmem_weight_0_WVALID    |  out|    1|       m_axi|                                                      gmem_weight|       pointer|
|m_axi_gmem_weight_0_WREADY    |   in|    1|       m_axi|                                                      gmem_weight|       pointer|
|m_axi_gmem_weight_0_WDATA     |  out|  256|       m_axi|                                                      gmem_weight|       pointer|
|m_axi_gmem_weight_0_WSTRB     |  out|   32|       m_axi|                                                      gmem_weight|       pointer|
|m_axi_gmem_weight_0_WLAST     |  out|    1|       m_axi|                                                      gmem_weight|       pointer|
|m_axi_gmem_weight_0_WID       |  out|    1|       m_axi|                                                      gmem_weight|       pointer|
|m_axi_gmem_weight_0_WUSER     |  out|    1|       m_axi|                                                      gmem_weight|       pointer|
|m_axi_gmem_weight_0_ARVALID   |  out|    1|       m_axi|                                                      gmem_weight|       pointer|
|m_axi_gmem_weight_0_ARREADY   |   in|    1|       m_axi|                                                      gmem_weight|       pointer|
|m_axi_gmem_weight_0_ARADDR    |  out|   64|       m_axi|                                                      gmem_weight|       pointer|
|m_axi_gmem_weight_0_ARID      |  out|    1|       m_axi|                                                      gmem_weight|       pointer|
|m_axi_gmem_weight_0_ARLEN     |  out|   32|       m_axi|                                                      gmem_weight|       pointer|
|m_axi_gmem_weight_0_ARSIZE    |  out|    3|       m_axi|                                                      gmem_weight|       pointer|
|m_axi_gmem_weight_0_ARBURST   |  out|    2|       m_axi|                                                      gmem_weight|       pointer|
|m_axi_gmem_weight_0_ARLOCK    |  out|    2|       m_axi|                                                      gmem_weight|       pointer|
|m_axi_gmem_weight_0_ARCACHE   |  out|    4|       m_axi|                                                      gmem_weight|       pointer|
|m_axi_gmem_weight_0_ARPROT    |  out|    3|       m_axi|                                                      gmem_weight|       pointer|
|m_axi_gmem_weight_0_ARQOS     |  out|    4|       m_axi|                                                      gmem_weight|       pointer|
|m_axi_gmem_weight_0_ARREGION  |  out|    4|       m_axi|                                                      gmem_weight|       pointer|
|m_axi_gmem_weight_0_ARUSER    |  out|    1|       m_axi|                                                      gmem_weight|       pointer|
|m_axi_gmem_weight_0_RVALID    |   in|    1|       m_axi|                                                      gmem_weight|       pointer|
|m_axi_gmem_weight_0_RREADY    |  out|    1|       m_axi|                                                      gmem_weight|       pointer|
|m_axi_gmem_weight_0_RDATA     |   in|  256|       m_axi|                                                      gmem_weight|       pointer|
|m_axi_gmem_weight_0_RLAST     |   in|    1|       m_axi|                                                      gmem_weight|       pointer|
|m_axi_gmem_weight_0_RID       |   in|    1|       m_axi|                                                      gmem_weight|       pointer|
|m_axi_gmem_weight_0_RFIFONUM  |   in|   11|       m_axi|                                                      gmem_weight|       pointer|
|m_axi_gmem_weight_0_RUSER     |   in|    1|       m_axi|                                                      gmem_weight|       pointer|
|m_axi_gmem_weight_0_RRESP     |   in|    2|       m_axi|                                                      gmem_weight|       pointer|
|m_axi_gmem_weight_0_BVALID    |   in|    1|       m_axi|                                                      gmem_weight|       pointer|
|m_axi_gmem_weight_0_BREADY    |  out|    1|       m_axi|                                                      gmem_weight|       pointer|
|m_axi_gmem_weight_0_BRESP     |   in|    2|       m_axi|                                                      gmem_weight|       pointer|
|m_axi_gmem_weight_0_BID       |   in|    1|       m_axi|                                                      gmem_weight|       pointer|
|m_axi_gmem_weight_0_BUSER     |   in|    1|       m_axi|                                                      gmem_weight|       pointer|
|tile                          |   in|    5|     ap_none|                                                             tile|        scalar|
|w_local_7_address0            |  out|    9|   ap_memory|                                                        w_local_7|         array|
|w_local_7_ce0                 |  out|    1|   ap_memory|                                                        w_local_7|         array|
|w_local_7_we0                 |  out|    1|   ap_memory|                                                        w_local_7|         array|
|w_local_7_d0                  |  out|  256|   ap_memory|                                                        w_local_7|         array|
|w_local_6_address0            |  out|    9|   ap_memory|                                                        w_local_6|         array|
|w_local_6_ce0                 |  out|    1|   ap_memory|                                                        w_local_6|         array|
|w_local_6_we0                 |  out|    1|   ap_memory|                                                        w_local_6|         array|
|w_local_6_d0                  |  out|  256|   ap_memory|                                                        w_local_6|         array|
|w_local_5_address0            |  out|    9|   ap_memory|                                                        w_local_5|         array|
|w_local_5_ce0                 |  out|    1|   ap_memory|                                                        w_local_5|         array|
|w_local_5_we0                 |  out|    1|   ap_memory|                                                        w_local_5|         array|
|w_local_5_d0                  |  out|  256|   ap_memory|                                                        w_local_5|         array|
|w_local_4_address0            |  out|    9|   ap_memory|                                                        w_local_4|         array|
|w_local_4_ce0                 |  out|    1|   ap_memory|                                                        w_local_4|         array|
|w_local_4_we0                 |  out|    1|   ap_memory|                                                        w_local_4|         array|
|w_local_4_d0                  |  out|  256|   ap_memory|                                                        w_local_4|         array|
|w_local_3_address0            |  out|    9|   ap_memory|                                                        w_local_3|         array|
|w_local_3_ce0                 |  out|    1|   ap_memory|                                                        w_local_3|         array|
|w_local_3_we0                 |  out|    1|   ap_memory|                                                        w_local_3|         array|
|w_local_3_d0                  |  out|  256|   ap_memory|                                                        w_local_3|         array|
|w_local_2_address0            |  out|    9|   ap_memory|                                                        w_local_2|         array|
|w_local_2_ce0                 |  out|    1|   ap_memory|                                                        w_local_2|         array|
|w_local_2_we0                 |  out|    1|   ap_memory|                                                        w_local_2|         array|
|w_local_2_d0                  |  out|  256|   ap_memory|                                                        w_local_2|         array|
|w_local_1_address0            |  out|    9|   ap_memory|                                                        w_local_1|         array|
|w_local_1_ce0                 |  out|    1|   ap_memory|                                                        w_local_1|         array|
|w_local_1_we0                 |  out|    1|   ap_memory|                                                        w_local_1|         array|
|w_local_1_d0                  |  out|  256|   ap_memory|                                                        w_local_1|         array|
|w_local_address0              |  out|    9|   ap_memory|                                                          w_local|         array|
|w_local_ce0                   |  out|    1|   ap_memory|                                                          w_local|         array|
|w_local_we0                   |  out|    1|   ap_memory|                                                          w_local|         array|
|w_local_d0                    |  out|  256|   ap_memory|                                                          w_local|         array|
|W_ptr                         |   in|   64|     ap_none|                                                            W_ptr|        scalar|
+------------------------------+-----+-----+------------+-----------------------------------------------------------------+--------------+

