

================================================================
== Vitis HLS Report for 'UpConv_Fused_Row_8_32_32_480_240_Pipeline_BIAS_STATS'
================================================================
* Date:           Thu May  7 18:52:32 2026

* Version:        2024.2 (Build 5238294 on Nov  8 2024)
* Project:        upconv_core_top
* Solution:       hls (Vivado IP Flow Target)
* Product family: zynquplus
* Target device:  xczu7ev-ffvc1156-2-e


================================================================
== Performance Estimates
================================================================
+ Timing: 
    * Summary: 
    +--------+---------+----------+------------+
    |  Clock |  Target | Estimated| Uncertainty|
    +--------+---------+----------+------------+
    |ap_clk  |  3.33 ns|  2.719 ns|     0.90 ns|
    +--------+---------+----------+------------+

+ Latency: 
    * Summary: 
    +---------+---------+----------+----------+------+------+------------------------------------------------+
    |  Latency (cycles) |  Latency (absolute) |   Interval  |                    Pipeline                    |
    |   min   |   max   |    min   |    max   |  min |  max |                      Type                      |
    +---------+---------+----------+----------+------+------+------------------------------------------------+
    |     1699|     1699|  5.663 us|  5.663 us|  1687|  1687|  loop auto-rewind stp (delay=0 clock cycles(s))|
    +---------+---------+----------+----------+------+------+------------------------------------------------+

    + Detail: 
        * Instance: 
        N/A

        * Loop: 
        +--------------+---------+---------+----------+-----------+-----------+------+----------+
        |              |  Latency (cycles) | Iteration|  Initiation Interval  | Trip |          |
        |   Loop Name  |   min   |   max   |  Latency |  achieved |   target  | Count| Pipelined|
        +--------------+---------+---------+----------+-----------+-----------+------+----------+
        |- BIAS_STATS  |     1697|     1697|        25|          7|          1|   240|       yes|
        +--------------+---------+---------+----------+-----------+-----------+------+----------+



================================================================
== Utilization Estimates
================================================================
* Summary: 
+-----------------+---------+------+--------+--------+-----+
|       Name      | BRAM_18K|  DSP |   FF   |   LUT  | URAM|
+-----------------+---------+------+--------+--------+-----+
|DSP              |        -|     -|       -|       -|    -|
|Expression       |        -|     -|       0|      49|    -|
|FIFO             |        -|     -|       -|       -|    -|
|Instance         |        -|     0|     374|     509|    -|
|Memory           |        -|     -|       -|       -|    -|
|Multiplexer      |        -|     -|       0|     179|    -|
|Register         |        -|     -|     435|      32|    -|
+-----------------+---------+------+--------+--------+-----+
|Total            |        0|     0|     809|     769|    0|
+-----------------+---------+------+--------+--------+-----+
|Available        |      624|  1728|  460800|  230400|   96|
+-----------------+---------+------+--------+--------+-----+
|Utilization (%)  |        0|     0|      ~0|      ~0|    0|
+-----------------+---------+------+--------+--------+-----+

+ Detail: 
    * Instance: 
    +-----------------------------------------+-----------------------------------+---------+----+-----+-----+-----+
    |                 Instance                |               Module              | BRAM_18K| DSP|  FF | LUT | URAM|
    +-----------------------------------------+-----------------------------------+---------+----+-----+-----+-----+
    |fadd_32ns_32ns_32_8_no_dsp_1_U1710       |fadd_32ns_32ns_32_8_no_dsp_1       |        0|   0|  374|  376|    0|
    |partselect_16ns_256ns_32ns_16_1_1_U1714  |partselect_16ns_256ns_32ns_16_1_1  |        0|   0|    0|   68|    0|
    |sparsemux_33_4_16_1_1_U1715              |sparsemux_33_4_16_1_1              |        0|   0|    0|   65|    0|
    +-----------------------------------------+-----------------------------------+---------+----+-----+-----+-----+
    |Total                                    |                                   |        0|   0|  374|  509|    0|
    +-----------------------------------------+-----------------------------------+---------+----+-----+-----+-----+

    * DSP: 
    N/A

    * Memory: 
    N/A

    * FIFO: 
    N/A

    * Expression: 
    +----------------------+----------+----+---+----+------------+------------+
    |     Variable Name    | Operation| DSP| FF| LUT| Bitwidth P0| Bitwidth P1|
    +----------------------+----------+----+---+----+------------+------------+
    |add_ln242_fu_531_p2   |         +|   0|  0|  15|           8|           1|
    |add_ln246_fu_505_p2   |         +|   0|  0|  17|          10|          10|
    |icmp_ln242_fu_476_p2  |      icmp|   0|  0|  15|           8|           6|
    |ap_enable_pp0         |       xor|   0|  0|   2|           1|           2|
    +----------------------+----------+----+---+----+------------+------------+
    |Total                 |          |   0|  0|  49|          27|          19|
    +----------------------+----------+----+---+----+------------+------------+

    * Multiplexer: 
    +----------------------------------+----+-----------+-----+-----------+
    |               Name               | LUT| Input Size| Bits| Total Bits|
    +----------------------------------+----+-----------+-----+-----------+
    |ap_NS_fsm                         |  43|          8|    1|          8|
    |ap_done_int                       |   9|          2|    1|          2|
    |ap_enable_reg_pp0_iter0           |   9|          2|    1|          2|
    |ap_enable_reg_pp0_iter1           |   9|          2|    1|          2|
    |ap_enable_reg_pp0_iter3           |   9|          2|    1|          2|
    |ap_loop_exit_ready_pp0_iter1_reg  |   9|          2|    1|          2|
    |ap_loop_exit_ready_pp0_iter2_reg  |   9|          2|    1|          2|
    |ap_sig_allocacmp_c_2              |   9|          2|    8|         16|
    |ap_sig_allocacmp_sum_load         |   9|          2|   32|         64|
    |ap_sig_allocacmp_sumsq_load       |   9|          2|   32|         64|
    |c_fu_134                          |   9|          2|    8|         16|
    |grp_fu_443_p0                     |  14|          3|   32|         96|
    |grp_fu_443_p1                     |  14|          3|   32|         96|
    |sum_fu_126                        |   9|          2|   32|         64|
    |sumsq_fu_130                      |   9|          2|   32|         64|
    +----------------------------------+----+-----------+-----+-----------+
    |Total                             | 179|         38|  215|        500|
    +----------------------------------+----+-----------+-----+-----------+

    * Register: 
    +-----------------------------------------------------------------------------------------------+----+----+-----+-----------+
    |                                              Name                                             | FF | LUT| Bits| Const Bits|
    +-----------------------------------------------------------------------------------------------+----+----+-----+-----------+
    |ap_CS_fsm                                                                                      |   7|   0|    7|          0|
    |ap_done_reg                                                                                    |   1|   0|    1|          0|
    |ap_enable_reg_pp0_iter0_reg                                                                    |   1|   0|    1|          0|
    |ap_enable_reg_pp0_iter1                                                                        |   1|   0|    1|          0|
    |ap_enable_reg_pp0_iter2                                                                        |   1|   0|    1|          0|
    |ap_enable_reg_pp0_iter3                                                                        |   1|   0|    1|          0|
    |ap_loop_exit_ready_pp0_iter1_reg                                                               |   1|   0|    1|          0|
    |ap_loop_exit_ready_pp0_iter2_reg                                                               |   1|   0|    1|          0|
    |c_2_reg_682                                                                                    |   8|   0|    8|          0|
    |c_fu_134                                                                                       |   8|   0|    8|          0|
    |fv_reg_834                                                                                     |  32|   0|   32|          0|
    |icmp_ln242_reg_688                                                                             |   1|   0|    1|          0|
    |mul7_reg_846                                                                                   |  32|   0|   32|          0|
    |p_ZZ16UpConv_Fused_RowILi8ELi32ELi32ELi480ELi240EEvP7ap_uintILi256EEPKS1_S4_S4_S4_102_reg_697  |  10|   0|   10|          0|
    |p_ZZ16UpConv_Fused_RowILi8ELi32ELi32ELi480ELi240EEvP7ap_uintILi256EEPKS1_S4_S4_S4_103_reg_703  |  10|   0|   10|          0|
    |p_ZZ16UpConv_Fused_RowILi8ELi32ELi32ELi480ELi240EEvP7ap_uintILi256EEPKS1_S4_S4_S4_104_reg_709  |  10|   0|   10|          0|
    |p_ZZ16UpConv_Fused_RowILi8ELi32ELi32ELi480ELi240EEvP7ap_uintILi256EEPKS1_S4_S4_S4_105_reg_715  |  10|   0|   10|          0|
    |p_ZZ16UpConv_Fused_RowILi8ELi32ELi32ELi480ELi240EEvP7ap_uintILi256EEPKS1_S4_S4_S4_106_reg_721  |  10|   0|   10|          0|
    |p_ZZ16UpConv_Fused_RowILi8ELi32ELi32ELi480ELi240EEvP7ap_uintILi256EEPKS1_S4_S4_S4_107_reg_727  |  10|   0|   10|          0|
    |sum_fu_126                                                                                     |  32|   0|   32|          0|
    |sumsq_fu_130                                                                                   |  32|   0|   32|          0|
    |tmp_s_reg_803                                                                                  |  16|   0|   16|          0|
    |trunc_ln242_reg_692                                                                            |   4|   0|    4|          0|
    |u_reg_798                                                                                      |  16|   0|   16|          0|
    |val_reg_813                                                                                    |  16|   0|   16|          0|
    |void_UpConv_Fused_Row_ap_uint_ap_uint_const_ap_uint_const_ap_uint_const_ap_u_342_reg_733       |  10|   0|   10|          0|
    |void_UpConv_Fused_Row_ap_uint_ap_uint_const_ap_uint_const_ap_uint_const_ap_u_343_reg_739       |  10|   0|   10|          0|
    |void_UpConv_Fused_Row_ap_uint_ap_uint_const_ap_uint_const_ap_uint_const_ap_u_344_reg_745       |  10|   0|   10|          0|
    |void_UpConv_Fused_Row_ap_uint_ap_uint_const_ap_uint_const_ap_uint_const_ap_u_345_reg_751       |  10|   0|   10|          0|
    |void_UpConv_Fused_Row_ap_uint_ap_uint_const_ap_uint_const_ap_uint_const_ap_u_346_reg_757       |  10|   0|   10|          0|
    |void_UpConv_Fused_Row_ap_uint_ap_uint_const_ap_uint_const_ap_uint_const_ap_u_347_reg_763       |  10|   0|   10|          0|
    |void_UpConv_Fused_Row_ap_uint_ap_uint_const_ap_uint_const_ap_uint_const_ap_u_348_reg_769       |  10|   0|   10|          0|
    |void_UpConv_Fused_Row_ap_uint_ap_uint_const_ap_uint_const_ap_uint_const_ap_u_349_reg_775       |  10|   0|   10|          0|
    |void_UpConv_Fused_Row_ap_uint_ap_uint_const_ap_uint_const_ap_uint_const_ap_u_350_reg_781       |  10|   0|   10|          0|
    |void_UpConv_Fused_Row_ap_uint_ap_uint_const_ap_uint_const_ap_uint_const_ap_u_351_reg_787       |  10|   0|   10|          0|
    |icmp_ln242_reg_688                                                                             |  64|  32|    1|          0|
    +-----------------------------------------------------------------------------------------------+----+----+-----+-----------+
    |Total                                                                                          | 435|  32|  372|          0|
    +-----------------------------------------------------------------------------------------------+----+----+-----+-----------+



================================================================
== Interface
================================================================
* Summary: 
+----------------------------------------------------------------------------------------------+-----+-----+------------+-------------------------------------------------------------------------------------+--------------+
|                                           RTL Ports                                          | Dir | Bits|  Protocol  |                                    Source Object                                    |    C Type    |
+----------------------------------------------------------------------------------------------+-----+-----+------------+-------------------------------------------------------------------------------------+--------------+
|ap_clk                                                                                        |   in|    1|  ap_ctrl_hs|                            UpConv_Fused_Row<8, 32, 32, 480, 240>_Pipeline_BIAS_STATS|  return value|
|ap_rst                                                                                        |   in|    1|  ap_ctrl_hs|                            UpConv_Fused_Row<8, 32, 32, 480, 240>_Pipeline_BIAS_STATS|  return value|
|ap_start                                                                                      |   in|    1|  ap_ctrl_hs|                            UpConv_Fused_Row<8, 32, 32, 480, 240>_Pipeline_BIAS_STATS|  return value|
|ap_done                                                                                       |  out|    1|  ap_ctrl_hs|                            UpConv_Fused_Row<8, 32, 32, 480, 240>_Pipeline_BIAS_STATS|  return value|
|ap_idle                                                                                       |  out|    1|  ap_ctrl_hs|                            UpConv_Fused_Row<8, 32, 32, 480, 240>_Pipeline_BIAS_STATS|  return value|
|ap_ready                                                                                      |  out|    1|  ap_ctrl_hs|                            UpConv_Fused_Row<8, 32, 32, 480, 240>_Pipeline_BIAS_STATS|  return value|
|grp_fu_418_p_din0                                                                             |  out|   32|  ap_ctrl_hs|                            UpConv_Fused_Row<8, 32, 32, 480, 240>_Pipeline_BIAS_STATS|  return value|
|grp_fu_418_p_din1                                                                             |  out|   32|  ap_ctrl_hs|                            UpConv_Fused_Row<8, 32, 32, 480, 240>_Pipeline_BIAS_STATS|  return value|
|grp_fu_418_p_dout0                                                                            |   in|   32|  ap_ctrl_hs|                            UpConv_Fused_Row<8, 32, 32, 480, 240>_Pipeline_BIAS_STATS|  return value|
|grp_fu_418_p_ce                                                                               |  out|    1|  ap_ctrl_hs|                            UpConv_Fused_Row<8, 32, 32, 480, 240>_Pipeline_BIAS_STATS|  return value|
|grp_fu_437_p_din0                                                                             |  out|   16|  ap_ctrl_hs|                            UpConv_Fused_Row<8, 32, 32, 480, 240>_Pipeline_BIAS_STATS|  return value|
|grp_fu_437_p_dout0                                                                            |   in|   32|  ap_ctrl_hs|                            UpConv_Fused_Row<8, 32, 32, 480, 240>_Pipeline_BIAS_STATS|  return value|
|grp_fu_437_p_ce                                                                               |  out|    1|  ap_ctrl_hs|                            UpConv_Fused_Row<8, 32, 32, 480, 240>_Pipeline_BIAS_STATS|  return value|
|grp_fu_900_p_din0                                                                             |  out|   16|  ap_ctrl_hs|                            UpConv_Fused_Row<8, 32, 32, 480, 240>_Pipeline_BIAS_STATS|  return value|
|grp_fu_900_p_din1                                                                             |  out|   16|  ap_ctrl_hs|                            UpConv_Fused_Row<8, 32, 32, 480, 240>_Pipeline_BIAS_STATS|  return value|
|grp_fu_900_p_dout0                                                                            |   in|   16|  ap_ctrl_hs|                            UpConv_Fused_Row<8, 32, 32, 480, 240>_Pipeline_BIAS_STATS|  return value|
|grp_fu_900_p_ce                                                                               |  out|    1|  ap_ctrl_hs|                            UpConv_Fused_Row<8, 32, 32, 480, 240>_Pipeline_BIAS_STATS|  return value|
|mul_ln246                                                                                     |   in|   10|     ap_none|                                                                            mul_ln246|        scalar|
|b_buf_address0                                                                                |  out|    4|   ap_memory|                                                                                b_buf|         array|
|b_buf_ce0                                                                                     |  out|    1|   ap_memory|                                                                                b_buf|         array|
|b_buf_q0                                                                                      |   in|  256|   ap_memory|                                                                                b_buf|         array|
|sumsq_out                                                                                     |  out|   32|      ap_vld|                                                                            sumsq_out|       pointer|
|sumsq_out_ap_vld                                                                              |  out|    1|      ap_vld|                                                                            sumsq_out|       pointer|
|sum_out                                                                                       |  out|   32|      ap_vld|                                                                              sum_out|       pointer|
|sum_out_ap_vld                                                                                |  out|    1|      ap_vld|                                                                              sum_out|       pointer|
|void_UpConv_Fused_Row_ap_uint_ap_uint_const_ap_uint_const_ap_uint_const_ap_u_19_address0      |  out|   10|   ap_memory|      void_UpConv_Fused_Row_ap_uint_ap_uint_const_ap_uint_const_ap_uint_const_ap_u_19|         array|
|void_UpConv_Fused_Row_ap_uint_ap_uint_const_ap_uint_const_ap_uint_const_ap_u_19_ce0           |  out|    1|   ap_memory|      void_UpConv_Fused_Row_ap_uint_ap_uint_const_ap_uint_const_ap_uint_const_ap_u_19|         array|
|void_UpConv_Fused_Row_ap_uint_ap_uint_const_ap_uint_const_ap_uint_const_ap_u_19_we0           |  out|    1|   ap_memory|      void_UpConv_Fused_Row_ap_uint_ap_uint_const_ap_uint_const_ap_uint_const_ap_u_19|         array|
|void_UpConv_Fused_Row_ap_uint_ap_uint_const_ap_uint_const_ap_uint_const_ap_u_19_d0            |  out|   16|   ap_memory|      void_UpConv_Fused_Row_ap_uint_ap_uint_const_ap_uint_const_ap_uint_const_ap_u_19|         array|
|void_UpConv_Fused_Row_ap_uint_ap_uint_const_ap_uint_const_ap_uint_const_ap_u_19_address1      |  out|   10|   ap_memory|      void_UpConv_Fused_Row_ap_uint_ap_uint_const_ap_uint_const_ap_uint_const_ap_u_19|         array|
|void_UpConv_Fused_Row_ap_uint_ap_uint_const_ap_uint_const_ap_uint_const_ap_u_19_ce1           |  out|    1|   ap_memory|      void_UpConv_Fused_Row_ap_uint_ap_uint_const_ap_uint_const_ap_uint_const_ap_u_19|         array|
|void_UpConv_Fused_Row_ap_uint_ap_uint_const_ap_uint_const_ap_uint_const_ap_u_19_q1            |   in|   16|   ap_memory|      void_UpConv_Fused_Row_ap_uint_ap_uint_const_ap_uint_const_ap_uint_const_ap_u_19|         array|
|void_UpConv_Fused_Row_ap_uint_ap_uint_const_ap_uint_const_ap_uint_const_ap_u_18_address0      |  out|   10|   ap_memory|      void_UpConv_Fused_Row_ap_uint_ap_uint_const_ap_uint_const_ap_uint_const_ap_u_18|         array|
|void_UpConv_Fused_Row_ap_uint_ap_uint_const_ap_uint_const_ap_uint_const_ap_u_18_ce0           |  out|    1|   ap_memory|      void_UpConv_Fused_Row_ap_uint_ap_uint_const_ap_uint_const_ap_uint_const_ap_u_18|         array|
|void_UpConv_Fused_Row_ap_uint_ap_uint_const_ap_uint_const_ap_uint_const_ap_u_18_we0           |  out|    1|   ap_memory|      void_UpConv_Fused_Row_ap_uint_ap_uint_const_ap_uint_const_ap_uint_const_ap_u_18|         array|
|void_UpConv_Fused_Row_ap_uint_ap_uint_const_ap_uint_const_ap_uint_const_ap_u_18_d0            |  out|   16|   ap_memory|      void_UpConv_Fused_Row_ap_uint_ap_uint_const_ap_uint_const_ap_uint_const_ap_u_18|         array|
|void_UpConv_Fused_Row_ap_uint_ap_uint_const_ap_uint_const_ap_uint_const_ap_u_18_address1      |  out|   10|   ap_memory|      void_UpConv_Fused_Row_ap_uint_ap_uint_const_ap_uint_const_ap_uint_const_ap_u_18|         array|
|void_UpConv_Fused_Row_ap_uint_ap_uint_const_ap_uint_const_ap_uint_const_ap_u_18_ce1           |  out|    1|   ap_memory|      void_UpConv_Fused_Row_ap_uint_ap_uint_const_ap_uint_const_ap_uint_const_ap_u_18|         array|
|void_UpConv_Fused_Row_ap_uint_ap_uint_const_ap_uint_const_ap_uint_const_ap_u_18_q1            |   in|   16|   ap_memory|      void_UpConv_Fused_Row_ap_uint_ap_uint_const_ap_uint_const_ap_uint_const_ap_u_18|         array|
|void_UpConv_Fused_Row_ap_uint_ap_uint_const_ap_uint_const_ap_uint_const_ap_u_17_address0      |  out|   10|   ap_memory|      void_UpConv_Fused_Row_ap_uint_ap_uint_const_ap_uint_const_ap_uint_const_ap_u_17|         array|
|void_UpConv_Fused_Row_ap_uint_ap_uint_const_ap_uint_const_ap_uint_const_ap_u_17_ce0           |  out|    1|   ap_memory|      void_UpConv_Fused_Row_ap_uint_ap_uint_const_ap_uint_const_ap_uint_const_ap_u_17|         array|
|void_UpConv_Fused_Row_ap_uint_ap_uint_const_ap_uint_const_ap_uint_const_ap_u_17_we0           |  out|    1|   ap_memory|      void_UpConv_Fused_Row_ap_uint_ap_uint_const_ap_uint_const_ap_uint_const_ap_u_17|         array|
|void_UpConv_Fused_Row_ap_uint_ap_uint_const_ap_uint_const_ap_uint_const_ap_u_17_d0            |  out|   16|   ap_memory|      void_UpConv_Fused_Row_ap_uint_ap_uint_const_ap_uint_const_ap_uint_const_ap_u_17|         array|
|void_UpConv_Fused_Row_ap_uint_ap_uint_const_ap_uint_const_ap_uint_const_ap_u_17_address1      |  out|   10|   ap_memory|      void_UpConv_Fused_Row_ap_uint_ap_uint_const_ap_uint_const_ap_uint_const_ap_u_17|         array|
|void_UpConv_Fused_Row_ap_uint_ap_uint_const_ap_uint_const_ap_uint_const_ap_u_17_ce1           |  out|    1|   ap_memory|      void_UpConv_Fused_Row_ap_uint_ap_uint_const_ap_uint_const_ap_uint_const_ap_u_17|         array|
|void_UpConv_Fused_Row_ap_uint_ap_uint_const_ap_uint_const_ap_uint_const_ap_u_17_q1            |   in|   16|   ap_memory|      void_UpConv_Fused_Row_ap_uint_ap_uint_const_ap_uint_const_ap_uint_const_ap_u_17|         array|
|void_UpConv_Fused_Row_ap_uint_ap_uint_const_ap_uint_const_ap_uint_const_ap_u_16_address0      |  out|   10|   ap_memory|      void_UpConv_Fused_Row_ap_uint_ap_uint_const_ap_uint_const_ap_uint_const_ap_u_16|         array|
|void_UpConv_Fused_Row_ap_uint_ap_uint_const_ap_uint_const_ap_uint_const_ap_u_16_ce0           |  out|    1|   ap_memory|      void_UpConv_Fused_Row_ap_uint_ap_uint_const_ap_uint_const_ap_uint_const_ap_u_16|         array|
|void_UpConv_Fused_Row_ap_uint_ap_uint_const_ap_uint_const_ap_uint_const_ap_u_16_we0           |  out|    1|   ap_memory|      void_UpConv_Fused_Row_ap_uint_ap_uint_const_ap_uint_const_ap_uint_const_ap_u_16|         array|
|void_UpConv_Fused_Row_ap_uint_ap_uint_const_ap_uint_const_ap_uint_const_ap_u_16_d0            |  out|   16|   ap_memory|      void_UpConv_Fused_Row_ap_uint_ap_uint_const_ap_uint_const_ap_uint_const_ap_u_16|         array|
|void_UpConv_Fused_Row_ap_uint_ap_uint_const_ap_uint_const_ap_uint_const_ap_u_16_address1      |  out|   10|   ap_memory|      void_UpConv_Fused_Row_ap_uint_ap_uint_const_ap_uint_const_ap_uint_const_ap_u_16|         array|
|void_UpConv_Fused_Row_ap_uint_ap_uint_const_ap_uint_const_ap_uint_const_ap_u_16_ce1           |  out|    1|   ap_memory|      void_UpConv_Fused_Row_ap_uint_ap_uint_const_ap_uint_const_ap_uint_const_ap_u_16|         array|
|void_UpConv_Fused_Row_ap_uint_ap_uint_const_ap_uint_const_ap_uint_const_ap_u_16_q1            |   in|   16|   ap_memory|      void_UpConv_Fused_Row_ap_uint_ap_uint_const_ap_uint_const_ap_uint_const_ap_u_16|         array|
|void_UpConv_Fused_Row_ap_uint_ap_uint_const_ap_uint_const_ap_uint_const_ap_u_15_address0      |  out|   10|   ap_memory|      void_UpConv_Fused_Row_ap_uint_ap_uint_const_ap_uint_const_ap_uint_const_ap_u_15|         array|
|void_UpConv_Fused_Row_ap_uint_ap_uint_const_ap_uint_const_ap_uint_const_ap_u_15_ce0           |  out|    1|   ap_memory|      void_UpConv_Fused_Row_ap_uint_ap_uint_const_ap_uint_const_ap_uint_const_ap_u_15|         array|
|void_UpConv_Fused_Row_ap_uint_ap_uint_const_ap_uint_const_ap_uint_const_ap_u_15_we0           |  out|    1|   ap_memory|      void_UpConv_Fused_Row_ap_uint_ap_uint_const_ap_uint_const_ap_uint_const_ap_u_15|         array|
|void_UpConv_Fused_Row_ap_uint_ap_uint_const_ap_uint_const_ap_uint_const_ap_u_15_d0            |  out|   16|   ap_memory|      void_UpConv_Fused_Row_ap_uint_ap_uint_const_ap_uint_const_ap_uint_const_ap_u_15|         array|
|void_UpConv_Fused_Row_ap_uint_ap_uint_const_ap_uint_const_ap_uint_const_ap_u_15_address1      |  out|   10|   ap_memory|      void_UpConv_Fused_Row_ap_uint_ap_uint_const_ap_uint_const_ap_uint_const_ap_u_15|         array|
|void_UpConv_Fused_Row_ap_uint_ap_uint_const_ap_uint_const_ap_uint_const_ap_u_15_ce1           |  out|    1|   ap_memory|      void_UpConv_Fused_Row_ap_uint_ap_uint_const_ap_uint_const_ap_uint_const_ap_u_15|         array|
|void_UpConv_Fused_Row_ap_uint_ap_uint_const_ap_uint_const_ap_uint_const_ap_u_15_q1            |   in|   16|   ap_memory|      void_UpConv_Fused_Row_ap_uint_ap_uint_const_ap_uint_const_ap_uint_const_ap_u_15|         array|
|void_UpConv_Fused_Row_ap_uint_ap_uint_const_ap_uint_const_ap_uint_const_ap_u_14_address0      |  out|   10|   ap_memory|      void_UpConv_Fused_Row_ap_uint_ap_uint_const_ap_uint_const_ap_uint_const_ap_u_14|         array|
|void_UpConv_Fused_Row_ap_uint_ap_uint_const_ap_uint_const_ap_uint_const_ap_u_14_ce0           |  out|    1|   ap_memory|      void_UpConv_Fused_Row_ap_uint_ap_uint_const_ap_uint_const_ap_uint_const_ap_u_14|         array|
|void_UpConv_Fused_Row_ap_uint_ap_uint_const_ap_uint_const_ap_uint_const_ap_u_14_we0           |  out|    1|   ap_memory|      void_UpConv_Fused_Row_ap_uint_ap_uint_const_ap_uint_const_ap_uint_const_ap_u_14|         array|
|void_UpConv_Fused_Row_ap_uint_ap_uint_const_ap_uint_const_ap_uint_const_ap_u_14_d0            |  out|   16|   ap_memory|      void_UpConv_Fused_Row_ap_uint_ap_uint_const_ap_uint_const_ap_uint_const_ap_u_14|         array|
|void_UpConv_Fused_Row_ap_uint_ap_uint_const_ap_uint_const_ap_uint_const_ap_u_14_address1      |  out|   10|   ap_memory|      void_UpConv_Fused_Row_ap_uint_ap_uint_const_ap_uint_const_ap_uint_const_ap_u_14|         array|
|void_UpConv_Fused_Row_ap_uint_ap_uint_const_ap_uint_const_ap_uint_const_ap_u_14_ce1           |  out|    1|   ap_memory|      void_UpConv_Fused_Row_ap_uint_ap_uint_const_ap_uint_const_ap_uint_const_ap_u_14|         array|
|void_UpConv_Fused_Row_ap_uint_ap_uint_const_ap_uint_const_ap_uint_const_ap_u_14_q1            |   in|   16|   ap_memory|      void_UpConv_Fused_Row_ap_uint_ap_uint_const_ap_uint_const_ap_uint_const_ap_u_14|         array|
|void_UpConv_Fused_Row_ap_uint_ap_uint_const_ap_uint_const_ap_uint_const_ap_u_13_address0      |  out|   10|   ap_memory|      void_UpConv_Fused_Row_ap_uint_ap_uint_const_ap_uint_const_ap_uint_const_ap_u_13|         array|
|void_UpConv_Fused_Row_ap_uint_ap_uint_const_ap_uint_const_ap_uint_const_ap_u_13_ce0           |  out|    1|   ap_memory|      void_UpConv_Fused_Row_ap_uint_ap_uint_const_ap_uint_const_ap_uint_const_ap_u_13|         array|
|void_UpConv_Fused_Row_ap_uint_ap_uint_const_ap_uint_const_ap_uint_const_ap_u_13_we0           |  out|    1|   ap_memory|      void_UpConv_Fused_Row_ap_uint_ap_uint_const_ap_uint_const_ap_uint_const_ap_u_13|         array|
|void_UpConv_Fused_Row_ap_uint_ap_uint_const_ap_uint_const_ap_uint_const_ap_u_13_d0            |  out|   16|   ap_memory|      void_UpConv_Fused_Row_ap_uint_ap_uint_const_ap_uint_const_ap_uint_const_ap_u_13|         array|
|void_UpConv_Fused_Row_ap_uint_ap_uint_const_ap_uint_const_ap_uint_const_ap_u_13_address1      |  out|   10|   ap_memory|      void_UpConv_Fused_Row_ap_uint_ap_uint_const_ap_uint_const_ap_uint_const_ap_u_13|         array|
|void_UpConv_Fused_Row_ap_uint_ap_uint_const_ap_uint_const_ap_uint_const_ap_u_13_ce1           |  out|    1|   ap_memory|      void_UpConv_Fused_Row_ap_uint_ap_uint_const_ap_uint_const_ap_uint_const_ap_u_13|         array|
|void_UpConv_Fused_Row_ap_uint_ap_uint_const_ap_uint_const_ap_uint_const_ap_u_13_q1            |   in|   16|   ap_memory|      void_UpConv_Fused_Row_ap_uint_ap_uint_const_ap_uint_const_ap_uint_const_ap_u_13|         array|
|void_UpConv_Fused_Row_ap_uint_ap_uint_const_ap_uint_const_ap_uint_const_ap_u_12_address0      |  out|   10|   ap_memory|      void_UpConv_Fused_Row_ap_uint_ap_uint_const_ap_uint_const_ap_uint_const_ap_u_12|         array|
|void_UpConv_Fused_Row_ap_uint_ap_uint_const_ap_uint_const_ap_uint_const_ap_u_12_ce0           |  out|    1|   ap_memory|      void_UpConv_Fused_Row_ap_uint_ap_uint_const_ap_uint_const_ap_uint_const_ap_u_12|         array|
|void_UpConv_Fused_Row_ap_uint_ap_uint_const_ap_uint_const_ap_uint_const_ap_u_12_we0           |  out|    1|   ap_memory|      void_UpConv_Fused_Row_ap_uint_ap_uint_const_ap_uint_const_ap_uint_const_ap_u_12|         array|
|void_UpConv_Fused_Row_ap_uint_ap_uint_const_ap_uint_const_ap_uint_const_ap_u_12_d0            |  out|   16|   ap_memory|      void_UpConv_Fused_Row_ap_uint_ap_uint_const_ap_uint_const_ap_uint_const_ap_u_12|         array|
|void_UpConv_Fused_Row_ap_uint_ap_uint_const_ap_uint_const_ap_uint_const_ap_u_12_address1      |  out|   10|   ap_memory|      void_UpConv_Fused_Row_ap_uint_ap_uint_const_ap_uint_const_ap_uint_const_ap_u_12|         array|
|void_UpConv_Fused_Row_ap_uint_ap_uint_const_ap_uint_const_ap_uint_const_ap_u_12_ce1           |  out|    1|   ap_memory|      void_UpConv_Fused_Row_ap_uint_ap_uint_const_ap_uint_const_ap_uint_const_ap_u_12|         array|
|void_UpConv_Fused_Row_ap_uint_ap_uint_const_ap_uint_const_ap_uint_const_ap_u_12_q1            |   in|   16|   ap_memory|      void_UpConv_Fused_Row_ap_uint_ap_uint_const_ap_uint_const_ap_uint_const_ap_u_12|         array|
|void_UpConv_Fused_Row_ap_uint_ap_uint_const_ap_uint_const_ap_uint_const_ap_u_11_address0      |  out|   10|   ap_memory|      void_UpConv_Fused_Row_ap_uint_ap_uint_const_ap_uint_const_ap_uint_const_ap_u_11|         array|
|void_UpConv_Fused_Row_ap_uint_ap_uint_const_ap_uint_const_ap_uint_const_ap_u_11_ce0           |  out|    1|   ap_memory|      void_UpConv_Fused_Row_ap_uint_ap_uint_const_ap_uint_const_ap_uint_const_ap_u_11|         array|
|void_UpConv_Fused_Row_ap_uint_ap_uint_const_ap_uint_const_ap_uint_const_ap_u_11_we0           |  out|    1|   ap_memory|      void_UpConv_Fused_Row_ap_uint_ap_uint_const_ap_uint_const_ap_uint_const_ap_u_11|         array|
|void_UpConv_Fused_Row_ap_uint_ap_uint_const_ap_uint_const_ap_uint_const_ap_u_11_d0            |  out|   16|   ap_memory|      void_UpConv_Fused_Row_ap_uint_ap_uint_const_ap_uint_const_ap_uint_const_ap_u_11|         array|
|void_UpConv_Fused_Row_ap_uint_ap_uint_const_ap_uint_const_ap_uint_const_ap_u_11_address1      |  out|   10|   ap_memory|      void_UpConv_Fused_Row_ap_uint_ap_uint_const_ap_uint_const_ap_uint_const_ap_u_11|         array|
|void_UpConv_Fused_Row_ap_uint_ap_uint_const_ap_uint_const_ap_uint_const_ap_u_11_ce1           |  out|    1|   ap_memory|      void_UpConv_Fused_Row_ap_uint_ap_uint_const_ap_uint_const_ap_uint_const_ap_u_11|         array|
|void_UpConv_Fused_Row_ap_uint_ap_uint_const_ap_uint_const_ap_uint_const_ap_u_11_q1            |   in|   16|   ap_memory|      void_UpConv_Fused_Row_ap_uint_ap_uint_const_ap_uint_const_ap_uint_const_ap_u_11|         array|
|void_UpConv_Fused_Row_ap_uint_ap_uint_const_ap_uint_const_ap_uint_const_ap_u_10_address0      |  out|   10|   ap_memory|      void_UpConv_Fused_Row_ap_uint_ap_uint_const_ap_uint_const_ap_uint_const_ap_u_10|         array|
|void_UpConv_Fused_Row_ap_uint_ap_uint_const_ap_uint_const_ap_uint_const_ap_u_10_ce0           |  out|    1|   ap_memory|      void_UpConv_Fused_Row_ap_uint_ap_uint_const_ap_uint_const_ap_uint_const_ap_u_10|         array|
|void_UpConv_Fused_Row_ap_uint_ap_uint_const_ap_uint_const_ap_uint_const_ap_u_10_we0           |  out|    1|   ap_memory|      void_UpConv_Fused_Row_ap_uint_ap_uint_const_ap_uint_const_ap_uint_const_ap_u_10|         array|
|void_UpConv_Fused_Row_ap_uint_ap_uint_const_ap_uint_const_ap_uint_const_ap_u_10_d0            |  out|   16|   ap_memory|      void_UpConv_Fused_Row_ap_uint_ap_uint_const_ap_uint_const_ap_uint_const_ap_u_10|         array|
|void_UpConv_Fused_Row_ap_uint_ap_uint_const_ap_uint_const_ap_uint_const_ap_u_10_address1      |  out|   10|   ap_memory|      void_UpConv_Fused_Row_ap_uint_ap_uint_const_ap_uint_const_ap_uint_const_ap_u_10|         array|
|void_UpConv_Fused_Row_ap_uint_ap_uint_const_ap_uint_const_ap_uint_const_ap_u_10_ce1           |  out|    1|   ap_memory|      void_UpConv_Fused_Row_ap_uint_ap_uint_const_ap_uint_const_ap_uint_const_ap_u_10|         array|
|void_UpConv_Fused_Row_ap_uint_ap_uint_const_ap_uint_const_ap_uint_const_ap_u_10_q1            |   in|   16|   ap_memory|      void_UpConv_Fused_Row_ap_uint_ap_uint_const_ap_uint_const_ap_uint_const_ap_u_10|         array|
|p_ZZ16UpConv_Fused_RowILi8ELi32ELi32ELi480ELi240EEvP7ap_uintILi256EEPKS1_S4_S4_S4_5_address0  |  out|   10|   ap_memory|  p_ZZ16UpConv_Fused_RowILi8ELi32ELi32ELi480ELi240EEvP7ap_uintILi256EEPKS1_S4_S4_S4_5|         array|
|p_ZZ16UpConv_Fused_RowILi8ELi32ELi32ELi480ELi240EEvP7ap_uintILi256EEPKS1_S4_S4_S4_5_ce0       |  out|    1|   ap_memory|  p_ZZ16UpConv_Fused_RowILi8ELi32ELi32ELi480ELi240EEvP7ap_uintILi256EEPKS1_S4_S4_S4_5|         array|
|p_ZZ16UpConv_Fused_RowILi8ELi32ELi32ELi480ELi240EEvP7ap_uintILi256EEPKS1_S4_S4_S4_5_we0       |  out|    1|   ap_memory|  p_ZZ16UpConv_Fused_RowILi8ELi32ELi32ELi480ELi240EEvP7ap_uintILi256EEPKS1_S4_S4_S4_5|         array|
|p_ZZ16UpConv_Fused_RowILi8ELi32ELi32ELi480ELi240EEvP7ap_uintILi256EEPKS1_S4_S4_S4_5_d0        |  out|   16|   ap_memory|  p_ZZ16UpConv_Fused_RowILi8ELi32ELi32ELi480ELi240EEvP7ap_uintILi256EEPKS1_S4_S4_S4_5|         array|
|p_ZZ16UpConv_Fused_RowILi8ELi32ELi32ELi480ELi240EEvP7ap_uintILi256EEPKS1_S4_S4_S4_5_address1  |  out|   10|   ap_memory|  p_ZZ16UpConv_Fused_RowILi8ELi32ELi32ELi480ELi240EEvP7ap_uintILi256EEPKS1_S4_S4_S4_5|         array|
|p_ZZ16UpConv_Fused_RowILi8ELi32ELi32ELi480ELi240EEvP7ap_uintILi256EEPKS1_S4_S4_S4_5_ce1       |  out|    1|   ap_memory|  p_ZZ16UpConv_Fused_RowILi8ELi32ELi32ELi480ELi240EEvP7ap_uintILi256EEPKS1_S4_S4_S4_5|         array|
|p_ZZ16UpConv_Fused_RowILi8ELi32ELi32ELi480ELi240EEvP7ap_uintILi256EEPKS1_S4_S4_S4_5_q1        |   in|   16|   ap_memory|  p_ZZ16UpConv_Fused_RowILi8ELi32ELi32ELi480ELi240EEvP7ap_uintILi256EEPKS1_S4_S4_S4_5|         array|
|p_ZZ16UpConv_Fused_RowILi8ELi32ELi32ELi480ELi240EEvP7ap_uintILi256EEPKS1_S4_S4_S4_4_address0  |  out|   10|   ap_memory|  p_ZZ16UpConv_Fused_RowILi8ELi32ELi32ELi480ELi240EEvP7ap_uintILi256EEPKS1_S4_S4_S4_4|         array|
|p_ZZ16UpConv_Fused_RowILi8ELi32ELi32ELi480ELi240EEvP7ap_uintILi256EEPKS1_S4_S4_S4_4_ce0       |  out|    1|   ap_memory|  p_ZZ16UpConv_Fused_RowILi8ELi32ELi32ELi480ELi240EEvP7ap_uintILi256EEPKS1_S4_S4_S4_4|         array|
|p_ZZ16UpConv_Fused_RowILi8ELi32ELi32ELi480ELi240EEvP7ap_uintILi256EEPKS1_S4_S4_S4_4_we0       |  out|    1|   ap_memory|  p_ZZ16UpConv_Fused_RowILi8ELi32ELi32ELi480ELi240EEvP7ap_uintILi256EEPKS1_S4_S4_S4_4|         array|
|p_ZZ16UpConv_Fused_RowILi8ELi32ELi32ELi480ELi240EEvP7ap_uintILi256EEPKS1_S4_S4_S4_4_d0        |  out|   16|   ap_memory|  p_ZZ16UpConv_Fused_RowILi8ELi32ELi32ELi480ELi240EEvP7ap_uintILi256EEPKS1_S4_S4_S4_4|         array|
|p_ZZ16UpConv_Fused_RowILi8ELi32ELi32ELi480ELi240EEvP7ap_uintILi256EEPKS1_S4_S4_S4_4_address1  |  out|   10|   ap_memory|  p_ZZ16UpConv_Fused_RowILi8ELi32ELi32ELi480ELi240EEvP7ap_uintILi256EEPKS1_S4_S4_S4_4|         array|
|p_ZZ16UpConv_Fused_RowILi8ELi32ELi32ELi480ELi240EEvP7ap_uintILi256EEPKS1_S4_S4_S4_4_ce1       |  out|    1|   ap_memory|  p_ZZ16UpConv_Fused_RowILi8ELi32ELi32ELi480ELi240EEvP7ap_uintILi256EEPKS1_S4_S4_S4_4|         array|
|p_ZZ16UpConv_Fused_RowILi8ELi32ELi32ELi480ELi240EEvP7ap_uintILi256EEPKS1_S4_S4_S4_4_q1        |   in|   16|   ap_memory|  p_ZZ16UpConv_Fused_RowILi8ELi32ELi32ELi480ELi240EEvP7ap_uintILi256EEPKS1_S4_S4_S4_4|         array|
|p_ZZ16UpConv_Fused_RowILi8ELi32ELi32ELi480ELi240EEvP7ap_uintILi256EEPKS1_S4_S4_S4_3_address0  |  out|   10|   ap_memory|  p_ZZ16UpConv_Fused_RowILi8ELi32ELi32ELi480ELi240EEvP7ap_uintILi256EEPKS1_S4_S4_S4_3|         array|
|p_ZZ16UpConv_Fused_RowILi8ELi32ELi32ELi480ELi240EEvP7ap_uintILi256EEPKS1_S4_S4_S4_3_ce0       |  out|    1|   ap_memory|  p_ZZ16UpConv_Fused_RowILi8ELi32ELi32ELi480ELi240EEvP7ap_uintILi256EEPKS1_S4_S4_S4_3|         array|
|p_ZZ16UpConv_Fused_RowILi8ELi32ELi32ELi480ELi240EEvP7ap_uintILi256EEPKS1_S4_S4_S4_3_we0       |  out|    1|   ap_memory|  p_ZZ16UpConv_Fused_RowILi8ELi32ELi32ELi480ELi240EEvP7ap_uintILi256EEPKS1_S4_S4_S4_3|         array|
|p_ZZ16UpConv_Fused_RowILi8ELi32ELi32ELi480ELi240EEvP7ap_uintILi256EEPKS1_S4_S4_S4_3_d0        |  out|   16|   ap_memory|  p_ZZ16UpConv_Fused_RowILi8ELi32ELi32ELi480ELi240EEvP7ap_uintILi256EEPKS1_S4_S4_S4_3|         array|
|p_ZZ16UpConv_Fused_RowILi8ELi32ELi32ELi480ELi240EEvP7ap_uintILi256EEPKS1_S4_S4_S4_3_address1  |  out|   10|   ap_memory|  p_ZZ16UpConv_Fused_RowILi8ELi32ELi32ELi480ELi240EEvP7ap_uintILi256EEPKS1_S4_S4_S4_3|         array|
|p_ZZ16UpConv_Fused_RowILi8ELi32ELi32ELi480ELi240EEvP7ap_uintILi256EEPKS1_S4_S4_S4_3_ce1       |  out|    1|   ap_memory|  p_ZZ16UpConv_Fused_RowILi8ELi32ELi32ELi480ELi240EEvP7ap_uintILi256EEPKS1_S4_S4_S4_3|         array|
|p_ZZ16UpConv_Fused_RowILi8ELi32ELi32ELi480ELi240EEvP7ap_uintILi256EEPKS1_S4_S4_S4_3_q1        |   in|   16|   ap_memory|  p_ZZ16UpConv_Fused_RowILi8ELi32ELi32ELi480ELi240EEvP7ap_uintILi256EEPKS1_S4_S4_S4_3|         array|
|p_ZZ16UpConv_Fused_RowILi8ELi32ELi32ELi480ELi240EEvP7ap_uintILi256EEPKS1_S4_S4_S4_2_address0  |  out|   10|   ap_memory|  p_ZZ16UpConv_Fused_RowILi8ELi32ELi32ELi480ELi240EEvP7ap_uintILi256EEPKS1_S4_S4_S4_2|         array|
|p_ZZ16UpConv_Fused_RowILi8ELi32ELi32ELi480ELi240EEvP7ap_uintILi256EEPKS1_S4_S4_S4_2_ce0       |  out|    1|   ap_memory|  p_ZZ16UpConv_Fused_RowILi8ELi32ELi32ELi480ELi240EEvP7ap_uintILi256EEPKS1_S4_S4_S4_2|         array|
|p_ZZ16UpConv_Fused_RowILi8ELi32ELi32ELi480ELi240EEvP7ap_uintILi256EEPKS1_S4_S4_S4_2_we0       |  out|    1|   ap_memory|  p_ZZ16UpConv_Fused_RowILi8ELi32ELi32ELi480ELi240EEvP7ap_uintILi256EEPKS1_S4_S4_S4_2|         array|
|p_ZZ16UpConv_Fused_RowILi8ELi32ELi32ELi480ELi240EEvP7ap_uintILi256EEPKS1_S4_S4_S4_2_d0        |  out|   16|   ap_memory|  p_ZZ16UpConv_Fused_RowILi8ELi32ELi32ELi480ELi240EEvP7ap_uintILi256EEPKS1_S4_S4_S4_2|         array|
|p_ZZ16UpConv_Fused_RowILi8ELi32ELi32ELi480ELi240EEvP7ap_uintILi256EEPKS1_S4_S4_S4_2_address1  |  out|   10|   ap_memory|  p_ZZ16UpConv_Fused_RowILi8ELi32ELi32ELi480ELi240EEvP7ap_uintILi256EEPKS1_S4_S4_S4_2|         array|
|p_ZZ16UpConv_Fused_RowILi8ELi32ELi32ELi480ELi240EEvP7ap_uintILi256EEPKS1_S4_S4_S4_2_ce1       |  out|    1|   ap_memory|  p_ZZ16UpConv_Fused_RowILi8ELi32ELi32ELi480ELi240EEvP7ap_uintILi256EEPKS1_S4_S4_S4_2|         array|
|p_ZZ16UpConv_Fused_RowILi8ELi32ELi32ELi480ELi240EEvP7ap_uintILi256EEPKS1_S4_S4_S4_2_q1        |   in|   16|   ap_memory|  p_ZZ16UpConv_Fused_RowILi8ELi32ELi32ELi480ELi240EEvP7ap_uintILi256EEPKS1_S4_S4_S4_2|         array|
|p_ZZ16UpConv_Fused_RowILi8ELi32ELi32ELi480ELi240EEvP7ap_uintILi256EEPKS1_S4_S4_S4_1_address0  |  out|   10|   ap_memory|  p_ZZ16UpConv_Fused_RowILi8ELi32ELi32ELi480ELi240EEvP7ap_uintILi256EEPKS1_S4_S4_S4_1|         array|
|p_ZZ16UpConv_Fused_RowILi8ELi32ELi32ELi480ELi240EEvP7ap_uintILi256EEPKS1_S4_S4_S4_1_ce0       |  out|    1|   ap_memory|  p_ZZ16UpConv_Fused_RowILi8ELi32ELi32ELi480ELi240EEvP7ap_uintILi256EEPKS1_S4_S4_S4_1|         array|
|p_ZZ16UpConv_Fused_RowILi8ELi32ELi32ELi480ELi240EEvP7ap_uintILi256EEPKS1_S4_S4_S4_1_we0       |  out|    1|   ap_memory|  p_ZZ16UpConv_Fused_RowILi8ELi32ELi32ELi480ELi240EEvP7ap_uintILi256EEPKS1_S4_S4_S4_1|         array|
|p_ZZ16UpConv_Fused_RowILi8ELi32ELi32ELi480ELi240EEvP7ap_uintILi256EEPKS1_S4_S4_S4_1_d0        |  out|   16|   ap_memory|  p_ZZ16UpConv_Fused_RowILi8ELi32ELi32ELi480ELi240EEvP7ap_uintILi256EEPKS1_S4_S4_S4_1|         array|
|p_ZZ16UpConv_Fused_RowILi8ELi32ELi32ELi480ELi240EEvP7ap_uintILi256EEPKS1_S4_S4_S4_1_address1  |  out|   10|   ap_memory|  p_ZZ16UpConv_Fused_RowILi8ELi32ELi32ELi480ELi240EEvP7ap_uintILi256EEPKS1_S4_S4_S4_1|         array|
|p_ZZ16UpConv_Fused_RowILi8ELi32ELi32ELi480ELi240EEvP7ap_uintILi256EEPKS1_S4_S4_S4_1_ce1       |  out|    1|   ap_memory|  p_ZZ16UpConv_Fused_RowILi8ELi32ELi32ELi480ELi240EEvP7ap_uintILi256EEPKS1_S4_S4_S4_1|         array|
|p_ZZ16UpConv_Fused_RowILi8ELi32ELi32ELi480ELi240EEvP7ap_uintILi256EEPKS1_S4_S4_S4_1_q1        |   in|   16|   ap_memory|  p_ZZ16UpConv_Fused_RowILi8ELi32ELi32ELi480ELi240EEvP7ap_uintILi256EEPKS1_S4_S4_S4_1|         array|
|p_ZZ16UpConv_Fused_RowILi8ELi32ELi32ELi480ELi240EEvP7ap_uintILi256EEPKS1_S4_S4_S4_address0    |  out|   10|   ap_memory|    p_ZZ16UpConv_Fused_RowILi8ELi32ELi32ELi480ELi240EEvP7ap_uintILi256EEPKS1_S4_S4_S4|         array|
|p_ZZ16UpConv_Fused_RowILi8ELi32ELi32ELi480ELi240EEvP7ap_uintILi256EEPKS1_S4_S4_S4_ce0         |  out|    1|   ap_memory|    p_ZZ16UpConv_Fused_RowILi8ELi32ELi32ELi480ELi240EEvP7ap_uintILi256EEPKS1_S4_S4_S4|         array|
|p_ZZ16UpConv_Fused_RowILi8ELi32ELi32ELi480ELi240EEvP7ap_uintILi256EEPKS1_S4_S4_S4_we0         |  out|    1|   ap_memory|    p_ZZ16UpConv_Fused_RowILi8ELi32ELi32ELi480ELi240EEvP7ap_uintILi256EEPKS1_S4_S4_S4|         array|
|p_ZZ16UpConv_Fused_RowILi8ELi32ELi32ELi480ELi240EEvP7ap_uintILi256EEPKS1_S4_S4_S4_d0          |  out|   16|   ap_memory|    p_ZZ16UpConv_Fused_RowILi8ELi32ELi32ELi480ELi240EEvP7ap_uintILi256EEPKS1_S4_S4_S4|         array|
|p_ZZ16UpConv_Fused_RowILi8ELi32ELi32ELi480ELi240EEvP7ap_uintILi256EEPKS1_S4_S4_S4_address1    |  out|   10|   ap_memory|    p_ZZ16UpConv_Fused_RowILi8ELi32ELi32ELi480ELi240EEvP7ap_uintILi256EEPKS1_S4_S4_S4|         array|
|p_ZZ16UpConv_Fused_RowILi8ELi32ELi32ELi480ELi240EEvP7ap_uintILi256EEPKS1_S4_S4_S4_ce1         |  out|    1|   ap_memory|    p_ZZ16UpConv_Fused_RowILi8ELi32ELi32ELi480ELi240EEvP7ap_uintILi256EEPKS1_S4_S4_S4|         array|
|p_ZZ16UpConv_Fused_RowILi8ELi32ELi32ELi480ELi240EEvP7ap_uintILi256EEPKS1_S4_S4_S4_q1          |   in|   16|   ap_memory|    p_ZZ16UpConv_Fused_RowILi8ELi32ELi32ELi480ELi240EEvP7ap_uintILi256EEPKS1_S4_S4_S4|         array|
+----------------------------------------------------------------------------------------------+-----+-----+------------+-------------------------------------------------------------------------------------+--------------+

