

================================================================
== Vitis HLS Report for 'UpConv_Fused_Row_8_32_32_480_240_Outline_TILE_LOOP'
================================================================
* Date:           Mon Jun  1 23:46:58 2026

* Version:        2024.2 (Build 5238294 on Nov  8 2024)
* Project:        upconv_core_top
* Solution:       hls (Vivado IP Flow Target)
* Product family: zynquplus
* Target device:  xczu7ev-ffvc1156-2-e


================================================================
== Performance Estimates
================================================================
+ Timing: 
    * Summary: 
    +--------+---------+----------+------------+
    |  Clock |  Target | Estimated| Uncertainty|
    +--------+---------+----------+------------+
    |ap_clk  |  3.33 ns|  3.357 ns|     0.90 ns|
    +--------+---------+----------+------------+

+ Latency: 
    * Summary: 
    +---------+---------+----------+----------+-------+--------+---------+
    |  Latency (cycles) |  Latency (absolute) |    Interval    | Pipeline|
    |   min   |   max   |    min   |    max   |  min  |   max  |   Type  |
    +---------+---------+----------+----------+-------+--------+---------+
    |    65431|   335071|  0.220 ms|  1.125 ms|  65431|  335071|       no|
    +---------+---------+----------+----------+-------+--------+---------+

    + Detail: 
        * Instance: 
        +------------------------------------------------------------------------+-------------------------------------------------------------+---------+---------+----------+----------+------+------+------------------------------------------------+
        |                                                                        |                                                             |  Latency (cycles) |  Latency (absolute) |   Interval  |                    Pipeline                    |
        |                                Instance                                |                            Module                           |   min   |   max   |    min   |    max   |  min |  max |                      Type                      |
        +------------------------------------------------------------------------+-------------------------------------------------------------+---------+---------+----------+----------+------+------+------------------------------------------------+
        |grp_UpConv_Fused_Row_8_32_32_480_240_Pipeline_PRELOAD_W_W_FLAT_fu_185   |UpConv_Fused_Row_8_32_32_480_240_Pipeline_PRELOAD_W_W_FLAT   |     2172|     2172|  7.291 us|  7.291 us|  2161|  2161|  loop auto-rewind stp (delay=0 clock cycles(s))|
        |grp_UpConv_Fused_Row_8_32_32_480_240_Pipeline_KW_LOOP_FLAT_LOOP_fu_201  |UpConv_Fused_Row_8_32_32_480_240_Pipeline_KW_LOOP_FLAT_LOOP  |     2996|     2996|  9.986 us|  9.986 us|  2881|  2881|  loop auto-rewind stp (delay=0 clock cycles(s))|
        +------------------------------------------------------------------------+-------------------------------------------------------------+---------+---------+----------+----------+------+------+------------------------------------------------+

        * Loop: 
        +-------------+---------+---------+--------------+-----------+-----------+------+----------+
        |             |  Latency (cycles) |   Iteration  |  Initiation Interval  | Trip |          |
        |  Loop Name  |   min   |   max   |    Latency   |  achieved |   target  | Count| Pipelined|
        +-------------+---------+---------+--------------+-----------+-----------+------+----------+
        |- TILE_LOOP  |    65430|   335070|  2181 ~ 11169|          -|          -|    30|        no|
        | + KH_LOOP   |        6|     8994|      2 ~ 2998|          -|          -|     3|        no|
        +-------------+---------+---------+--------------+-----------+-----------+------+----------+



================================================================
== Utilization Estimates
================================================================
* Summary: 
+-----------------+---------+------+--------+--------+-----+
|       Name      | BRAM_18K|  DSP |   FF   |   LUT  | URAM|
+-----------------+---------+------+--------+--------+-----+
|DSP              |        -|     -|       -|       -|    -|
|Expression       |        -|     -|       0|     137|    -|
|FIFO             |        -|     -|       -|       -|    -|
|Instance         |        -|   496|   43890|   27042|    -|
|Memory           |       64|     -|       0|       0|    -|
|Multiplexer      |        -|     -|       0|     777|    -|
|Register         |        -|     -|      42|       -|    -|
+-----------------+---------+------+--------+--------+-----+
|Total            |       64|   496|   43932|   27956|    0|
+-----------------+---------+------+--------+--------+-----+
|Available        |      624|  1728|  460800|  230400|   96|
+-----------------+---------+------+--------+--------+-----+
|Utilization (%)  |       10|    28|       9|      12|    0|
+-----------------+---------+------+--------+--------+-----+

+ Detail: 
    * Instance: 
    +------------------------------------------------------------------------+-------------------------------------------------------------+---------+-----+-------+-------+-----+
    |                                Instance                                |                            Module                           | BRAM_18K| DSP |   FF  |  LUT  | URAM|
    +------------------------------------------------------------------------+-------------------------------------------------------------+---------+-----+-------+-------+-----+
    |grp_UpConv_Fused_Row_8_32_32_480_240_Pipeline_KW_LOOP_FLAT_LOOP_fu_201  |UpConv_Fused_Row_8_32_32_480_240_Pipeline_KW_LOOP_FLAT_LOOP  |        0|  496|  43309|  26297|    0|
    |grp_UpConv_Fused_Row_8_32_32_480_240_Pipeline_PRELOAD_W_W_FLAT_fu_185   |UpConv_Fused_Row_8_32_32_480_240_Pipeline_PRELOAD_W_W_FLAT   |        0|    0|    581|    745|    0|
    +------------------------------------------------------------------------+-------------------------------------------------------------+---------+-----+-------+-------+-----+
    |Total                                                                   |                                                             |        0|  496|  43890|  27042|    0|
    +------------------------------------------------------------------------+-------------------------------------------------------------+---------+-----+-------+-------+-----+

    * DSP: 
    N/A

    * Memory: 
    +-------------+--------------------------------------------------------------------------------+---------+---+----+-----+------+-----+------+-------------+
    |    Memory   |                                     Module                                     | BRAM_18K| FF| LUT| URAM| Words| Bits| Banks| W*Bits*Banks|
    +-------------+--------------------------------------------------------------------------------+---------+---+----+-----+------+-----+------+-------------+
    |w_local_7_U  |UpConv_Fused_Row_8_32_32_480_240_Outline_TILE_LOOP_w_local_7_RAM_T2P_BRAM_1R1W  |        8|  0|   0|    0|   270|  256|     1|        69120|
    |w_local_6_U  |UpConv_Fused_Row_8_32_32_480_240_Outline_TILE_LOOP_w_local_7_RAM_T2P_BRAM_1R1W  |        8|  0|   0|    0|   270|  256|     1|        69120|
    |w_local_5_U  |UpConv_Fused_Row_8_32_32_480_240_Outline_TILE_LOOP_w_local_7_RAM_T2P_BRAM_1R1W  |        8|  0|   0|    0|   270|  256|     1|        69120|
    |w_local_4_U  |UpConv_Fused_Row_8_32_32_480_240_Outline_TILE_LOOP_w_local_7_RAM_T2P_BRAM_1R1W  |        8|  0|   0|    0|   270|  256|     1|        69120|
    |w_local_3_U  |UpConv_Fused_Row_8_32_32_480_240_Outline_TILE_LOOP_w_local_7_RAM_T2P_BRAM_1R1W  |        8|  0|   0|    0|   270|  256|     1|        69120|
    |w_local_2_U  |UpConv_Fused_Row_8_32_32_480_240_Outline_TILE_LOOP_w_local_7_RAM_T2P_BRAM_1R1W  |        8|  0|   0|    0|   270|  256|     1|        69120|
    |w_local_1_U  |UpConv_Fused_Row_8_32_32_480_240_Outline_TILE_LOOP_w_local_7_RAM_T2P_BRAM_1R1W  |        8|  0|   0|    0|   270|  256|     1|        69120|
    |w_local_U    |UpConv_Fused_Row_8_32_32_480_240_Outline_TILE_LOOP_w_local_7_RAM_T2P_BRAM_1R1W  |        8|  0|   0|    0|   270|  256|     1|        69120|
    +-------------+--------------------------------------------------------------------------------+---------+---+----+-----+------+-----+------+-------------+
    |Total        |                                                                                |       64|  0|   0|    0|  2160| 2048|     8|       552960|
    +-------------+--------------------------------------------------------------------------------+---------+---+----+-----+------+-----+------+-------------+

    * FIFO: 
    N/A

    * Expression: 
    +---------------------------------+----------+----+---+----+------------+------------+
    |          Variable Name          | Operation| DSP| FF| LUT| Bitwidth P0| Bitwidth P1|
    +---------------------------------+----------+----+---+----+------------+------------+
    |add_ln135_fu_270_p2              |         +|   0|  0|  12|           5|           1|
    |kh_2_fu_294_p2                   |         +|   0|  0|   9|           2|           1|
    |empty_357_fu_375_p2              |         -|   0|  0|  10|           3|           3|
    |hpk_fu_304_p2                    |         -|   0|  0|  15|           8|           8|
    |x_base_fu_410_p2                 |         -|   0|  0|  18|          11|          11|
    |ap_block_state5_on_subcall_done  |       and|   0|  0|   2|           1|           1|
    |icmp_ln135_fu_264_p2             |      icmp|   0|  0|  12|           5|           3|
    |icmp_ln151_fu_288_p2             |      icmp|   0|  0|   9|           2|           2|
    |icmp_ln155_2_fu_347_p2           |      icmp|   0|  0|   9|           2|           1|
    |icmp_ln155_fu_331_p2             |      icmp|   0|  0|  39|          32|           1|
    |or_ln155_fu_353_p2               |        or|   0|  0|   2|           1|           1|
    +---------------------------------+----------+----+---+----+------------+------------+
    |Total                            |          |   0|  0| 137|          72|          33|
    +---------------------------------+----------+----+---+----+------------+------------+

    * Multiplexer: 
    +--------------------+----+-----------+-----+-----------+
    |        Name        | LUT| Input Size| Bits| Total Bits|
    +--------------------+----+-----------+-----+-----------+
    |ap_NS_fsm           |  31|          6|    1|          6|
    |grp_fu_481_ce       |   9|          2|    1|          2|
    |grp_fu_485_ce       |   9|          2|    1|          2|
    |grp_fu_489_ce       |   9|          2|    1|          2|
    |grp_fu_493_ce       |   9|          2|    1|          2|
    |grp_fu_497_ce       |   9|          2|    1|          2|
    |grp_fu_501_ce       |   9|          2|    1|          2|
    |grp_fu_505_ce       |   9|          2|    1|          2|
    |grp_fu_509_ce       |   9|          2|    1|          2|
    |grp_fu_513_ce       |   9|          2|    1|          2|
    |grp_fu_517_ce       |   9|          2|    1|          2|
    |grp_fu_521_ce       |   9|          2|    1|          2|
    |grp_fu_525_ce       |   9|          2|    1|          2|
    |grp_fu_529_ce       |   9|          2|    1|          2|
    |grp_fu_533_ce       |   9|          2|    1|          2|
    |grp_fu_537_ce       |   9|          2|    1|          2|
    |grp_fu_541_ce       |   9|          2|    1|          2|
    |grp_fu_545_ce       |   9|          2|    1|          2|
    |grp_fu_549_ce       |   9|          2|    1|          2|
    |grp_fu_553_ce       |   9|          2|    1|          2|
    |grp_fu_557_ce       |   9|          2|    1|          2|
    |grp_fu_561_ce       |   9|          2|    1|          2|
    |grp_fu_565_ce       |   9|          2|    1|          2|
    |grp_fu_569_ce       |   9|          2|    1|          2|
    |grp_fu_573_ce       |   9|          2|    1|          2|
    |grp_fu_577_ce       |   9|          2|    1|          2|
    |grp_fu_581_ce       |   9|          2|    1|          2|
    |grp_fu_585_ce       |   9|          2|    1|          2|
    |grp_fu_589_ce       |   9|          2|    1|          2|
    |grp_fu_593_ce       |   9|          2|    1|          2|
    |grp_fu_597_ce       |   9|          2|    1|          2|
    |grp_fu_601_ce       |   9|          2|    1|          2|
    |grp_fu_605_ce       |   9|          2|    1|          2|
    |grp_fu_609_ce       |   9|          2|    1|          2|
    |grp_fu_613_ce       |   9|          2|    1|          2|
    |grp_fu_617_ce       |   9|          2|    1|          2|
    |grp_fu_621_ce       |   9|          2|    1|          2|
    |grp_fu_625_ce       |   9|          2|    1|          2|
    |grp_fu_629_ce       |   9|          2|    1|          2|
    |grp_fu_633_ce       |   9|          2|    1|          2|
    |grp_fu_637_ce       |   9|          2|    1|          2|
    |grp_fu_641_ce       |   9|          2|    1|          2|
    |grp_fu_645_ce       |   9|          2|    1|          2|
    |grp_fu_649_ce       |   9|          2|    1|          2|
    |grp_fu_653_ce       |   9|          2|    1|          2|
    |grp_fu_657_ce       |   9|          2|    1|          2|
    |grp_fu_661_ce       |   9|          2|    1|          2|
    |grp_fu_665_ce       |   9|          2|    1|          2|
    |grp_fu_669_ce       |   9|          2|    1|          2|
    |kh_reg_174          |   9|          2|    2|          4|
    |tile_fu_126         |   9|          2|    5|         10|
    |w_local_1_address0  |  14|          3|    9|         27|
    |w_local_1_ce0       |  14|          3|    1|          3|
    |w_local_1_we0       |   9|          2|    1|          2|
    |w_local_2_address0  |  14|          3|    9|         27|
    |w_local_2_ce0       |  14|          3|    1|          3|
    |w_local_2_we0       |   9|          2|    1|          2|
    |w_local_3_address0  |  14|          3|    9|         27|
    |w_local_3_ce0       |  14|          3|    1|          3|
    |w_local_3_we0       |   9|          2|    1|          2|
    |w_local_4_address0  |  14|          3|    9|         27|
    |w_local_4_ce0       |  14|          3|    1|          3|
    |w_local_4_we0       |   9|          2|    1|          2|
    |w_local_5_address0  |  14|          3|    9|         27|
    |w_local_5_ce0       |  14|          3|    1|          3|
    |w_local_5_we0       |   9|          2|    1|          2|
    |w_local_6_address0  |  14|          3|    9|         27|
    |w_local_6_ce0       |  14|          3|    1|          3|
    |w_local_6_we0       |   9|          2|    1|          2|
    |w_local_7_address0  |  14|          3|    9|         27|
    |w_local_7_ce0       |  14|          3|    1|          3|
    |w_local_7_we0       |   9|          2|    1|          2|
    |w_local_address0    |  14|          3|    9|         27|
    |w_local_ce0         |  14|          3|    1|          3|
    |w_local_we0         |   9|          2|    1|          2|
    +--------------------+----+-----------+-----+-----------+
    |Total               | 777|        170|  144|        372|
    +--------------------+----+-----------+-----+-----------+

    * Register: 
    +-------------------------------------------------------------------------------------+---+----+-----+-----------+
    |                                         Name                                        | FF| LUT| Bits| Const Bits|
    +-------------------------------------------------------------------------------------+---+----+-----+-----------+
    |add_ln135_reg_444                                                                    |  5|   0|    5|          0|
    |ap_CS_fsm                                                                            |  5|   0|    5|          0|
    |empty_357_reg_471                                                                    |  3|   0|    3|          0|
    |grp_UpConv_Fused_Row_8_32_32_480_240_Pipeline_KW_LOOP_FLAT_LOOP_fu_201_ap_start_reg  |  1|   0|    1|          0|
    |grp_UpConv_Fused_Row_8_32_32_480_240_Pipeline_PRELOAD_W_W_FLAT_fu_185_ap_start_reg   |  1|   0|    1|          0|
    |kh_2_reg_462                                                                         |  2|   0|    2|          0|
    |kh_reg_174                                                                           |  2|   0|    2|          0|
    |lshr_ln_reg_454                                                                      |  4|   0|    4|          0|
    |or_ln155_reg_467                                                                     |  1|   0|    1|          0|
    |tile_fu_126                                                                          |  5|   0|    5|          0|
    |trunc_ln135_reg_449                                                                  |  1|   0|    1|          0|
    |x_base_reg_476                                                                       |  5|   0|   11|          6|
    |zext_ln135_cast_reg_433                                                              |  7|   0|    8|          1|
    +-------------------------------------------------------------------------------------+---+----+-----+-----------+
    |Total                                                                                | 42|   0|   49|          7|
    +-------------------------------------------------------------------------------------+---+----+-----+-----------+



================================================================
== Interface
================================================================
* Summary: 
+----------------------------------------------------------------------------------------------+-----+-----+------------+-------------------------------------------------------------------------------------+--------------+
|                                           RTL Ports                                          | Dir | Bits|  Protocol  |                                    Source Object                                    |    C Type    |
+----------------------------------------------------------------------------------------------+-----+-----+------------+-------------------------------------------------------------------------------------+--------------+
|ap_clk                                                                                        |   in|    1|  ap_ctrl_hs|                              UpConv_Fused_Row<8, 32, 32, 480, 240>_Outline_TILE_LOOP|  return value|
|ap_rst                                                                                        |   in|    1|  ap_ctrl_hs|                              UpConv_Fused_Row<8, 32, 32, 480, 240>_Outline_TILE_LOOP|  return value|
|ap_start                                                                                      |   in|    1|  ap_ctrl_hs|                              UpConv_Fused_Row<8, 32, 32, 480, 240>_Outline_TILE_LOOP|  return value|
|ap_done                                                                                       |  out|    1|  ap_ctrl_hs|                              UpConv_Fused_Row<8, 32, 32, 480, 240>_Outline_TILE_LOOP|  return value|
|ap_idle                                                                                       |  out|    1|  ap_ctrl_hs|                              UpConv_Fused_Row<8, 32, 32, 480, 240>_Outline_TILE_LOOP|  return value|
|ap_ready                                                                                      |  out|    1|  ap_ctrl_hs|                              UpConv_Fused_Row<8, 32, 32, 480, 240>_Outline_TILE_LOOP|  return value|
|grp_fu_465_p_din0                                                                             |  out|   16|  ap_ctrl_hs|                              UpConv_Fused_Row<8, 32, 32, 480, 240>_Outline_TILE_LOOP|  return value|
|grp_fu_465_p_din1                                                                             |  out|   16|  ap_ctrl_hs|                              UpConv_Fused_Row<8, 32, 32, 480, 240>_Outline_TILE_LOOP|  return value|
|grp_fu_465_p_dout0                                                                            |   in|   16|  ap_ctrl_hs|                              UpConv_Fused_Row<8, 32, 32, 480, 240>_Outline_TILE_LOOP|  return value|
|grp_fu_465_p_ce                                                                               |  out|    1|  ap_ctrl_hs|                              UpConv_Fused_Row<8, 32, 32, 480, 240>_Outline_TILE_LOOP|  return value|
|grp_fu_469_p_din0                                                                             |  out|   16|  ap_ctrl_hs|                              UpConv_Fused_Row<8, 32, 32, 480, 240>_Outline_TILE_LOOP|  return value|
|grp_fu_469_p_din1                                                                             |  out|   16|  ap_ctrl_hs|                              UpConv_Fused_Row<8, 32, 32, 480, 240>_Outline_TILE_LOOP|  return value|
|grp_fu_469_p_dout0                                                                            |   in|   16|  ap_ctrl_hs|                              UpConv_Fused_Row<8, 32, 32, 480, 240>_Outline_TILE_LOOP|  return value|
|grp_fu_469_p_ce                                                                               |  out|    1|  ap_ctrl_hs|                              UpConv_Fused_Row<8, 32, 32, 480, 240>_Outline_TILE_LOOP|  return value|
|grp_fu_473_p_din0                                                                             |  out|   16|  ap_ctrl_hs|                              UpConv_Fused_Row<8, 32, 32, 480, 240>_Outline_TILE_LOOP|  return value|
|grp_fu_473_p_din1                                                                             |  out|   16|  ap_ctrl_hs|                              UpConv_Fused_Row<8, 32, 32, 480, 240>_Outline_TILE_LOOP|  return value|
|grp_fu_473_p_dout0                                                                            |   in|   16|  ap_ctrl_hs|                              UpConv_Fused_Row<8, 32, 32, 480, 240>_Outline_TILE_LOOP|  return value|
|grp_fu_473_p_ce                                                                               |  out|    1|  ap_ctrl_hs|                              UpConv_Fused_Row<8, 32, 32, 480, 240>_Outline_TILE_LOOP|  return value|
|grp_fu_477_p_din0                                                                             |  out|   16|  ap_ctrl_hs|                              UpConv_Fused_Row<8, 32, 32, 480, 240>_Outline_TILE_LOOP|  return value|
|grp_fu_477_p_din1                                                                             |  out|   16|  ap_ctrl_hs|                              UpConv_Fused_Row<8, 32, 32, 480, 240>_Outline_TILE_LOOP|  return value|
|grp_fu_477_p_dout0                                                                            |   in|   16|  ap_ctrl_hs|                              UpConv_Fused_Row<8, 32, 32, 480, 240>_Outline_TILE_LOOP|  return value|
|grp_fu_477_p_ce                                                                               |  out|    1|  ap_ctrl_hs|                              UpConv_Fused_Row<8, 32, 32, 480, 240>_Outline_TILE_LOOP|  return value|
|grp_fu_481_p_din0                                                                             |  out|   16|  ap_ctrl_hs|                              UpConv_Fused_Row<8, 32, 32, 480, 240>_Outline_TILE_LOOP|  return value|
|grp_fu_481_p_din1                                                                             |  out|   16|  ap_ctrl_hs|                              UpConv_Fused_Row<8, 32, 32, 480, 240>_Outline_TILE_LOOP|  return value|
|grp_fu_481_p_dout0                                                                            |   in|   16|  ap_ctrl_hs|                              UpConv_Fused_Row<8, 32, 32, 480, 240>_Outline_TILE_LOOP|  return value|
|grp_fu_481_p_ce                                                                               |  out|    1|  ap_ctrl_hs|                              UpConv_Fused_Row<8, 32, 32, 480, 240>_Outline_TILE_LOOP|  return value|
|grp_fu_485_p_din0                                                                             |  out|   16|  ap_ctrl_hs|                              UpConv_Fused_Row<8, 32, 32, 480, 240>_Outline_TILE_LOOP|  return value|
|grp_fu_485_p_din1                                                                             |  out|   16|  ap_ctrl_hs|                              UpConv_Fused_Row<8, 32, 32, 480, 240>_Outline_TILE_LOOP|  return value|
|grp_fu_485_p_dout0                                                                            |   in|   16|  ap_ctrl_hs|                              UpConv_Fused_Row<8, 32, 32, 480, 240>_Outline_TILE_LOOP|  return value|
|grp_fu_485_p_ce                                                                               |  out|    1|  ap_ctrl_hs|                              UpConv_Fused_Row<8, 32, 32, 480, 240>_Outline_TILE_LOOP|  return value|
|grp_fu_489_p_din0                                                                             |  out|   16|  ap_ctrl_hs|                              UpConv_Fused_Row<8, 32, 32, 480, 240>_Outline_TILE_LOOP|  return value|
|grp_fu_489_p_din1                                                                             |  out|   16|  ap_ctrl_hs|                              UpConv_Fused_Row<8, 32, 32, 480, 240>_Outline_TILE_LOOP|  return value|
|grp_fu_489_p_dout0                                                                            |   in|   16|  ap_ctrl_hs|                              UpConv_Fused_Row<8, 32, 32, 480, 240>_Outline_TILE_LOOP|  return value|
|grp_fu_489_p_ce                                                                               |  out|    1|  ap_ctrl_hs|                              UpConv_Fused_Row<8, 32, 32, 480, 240>_Outline_TILE_LOOP|  return value|
|grp_fu_493_p_din0                                                                             |  out|   16|  ap_ctrl_hs|                              UpConv_Fused_Row<8, 32, 32, 480, 240>_Outline_TILE_LOOP|  return value|
|grp_fu_493_p_din1                                                                             |  out|   16|  ap_ctrl_hs|                              UpConv_Fused_Row<8, 32, 32, 480, 240>_Outline_TILE_LOOP|  return value|
|grp_fu_493_p_dout0                                                                            |   in|   16|  ap_ctrl_hs|                              UpConv_Fused_Row<8, 32, 32, 480, 240>_Outline_TILE_LOOP|  return value|
|grp_fu_493_p_ce                                                                               |  out|    1|  ap_ctrl_hs|                              UpConv_Fused_Row<8, 32, 32, 480, 240>_Outline_TILE_LOOP|  return value|
|grp_fu_497_p_din0                                                                             |  out|   16|  ap_ctrl_hs|                              UpConv_Fused_Row<8, 32, 32, 480, 240>_Outline_TILE_LOOP|  return value|
|grp_fu_497_p_din1                                                                             |  out|   16|  ap_ctrl_hs|                              UpConv_Fused_Row<8, 32, 32, 480, 240>_Outline_TILE_LOOP|  return value|
|grp_fu_497_p_dout0                                                                            |   in|   16|  ap_ctrl_hs|                              UpConv_Fused_Row<8, 32, 32, 480, 240>_Outline_TILE_LOOP|  return value|
|grp_fu_497_p_ce                                                                               |  out|    1|  ap_ctrl_hs|                              UpConv_Fused_Row<8, 32, 32, 480, 240>_Outline_TILE_LOOP|  return value|
|grp_fu_501_p_din0                                                                             |  out|   16|  ap_ctrl_hs|                              UpConv_Fused_Row<8, 32, 32, 480, 240>_Outline_TILE_LOOP|  return value|
|grp_fu_501_p_din1                                                                             |  out|   16|  ap_ctrl_hs|                              UpConv_Fused_Row<8, 32, 32, 480, 240>_Outline_TILE_LOOP|  return value|
|grp_fu_501_p_dout0                                                                            |   in|   16|  ap_ctrl_hs|                              UpConv_Fused_Row<8, 32, 32, 480, 240>_Outline_TILE_LOOP|  return value|
|grp_fu_501_p_ce                                                                               |  out|    1|  ap_ctrl_hs|                              UpConv_Fused_Row<8, 32, 32, 480, 240>_Outline_TILE_LOOP|  return value|
|grp_fu_505_p_din0                                                                             |  out|   16|  ap_ctrl_hs|                              UpConv_Fused_Row<8, 32, 32, 480, 240>_Outline_TILE_LOOP|  return value|
|grp_fu_505_p_din1                                                                             |  out|   16|  ap_ctrl_hs|                              UpConv_Fused_Row<8, 32, 32, 480, 240>_Outline_TILE_LOOP|  return value|
|grp_fu_505_p_dout0                                                                            |   in|   16|  ap_ctrl_hs|                              UpConv_Fused_Row<8, 32, 32, 480, 240>_Outline_TILE_LOOP|  return value|
|grp_fu_505_p_ce                                                                               |  out|    1|  ap_ctrl_hs|                              UpConv_Fused_Row<8, 32, 32, 480, 240>_Outline_TILE_LOOP|  return value|
|grp_fu_509_p_din0                                                                             |  out|   16|  ap_ctrl_hs|                              UpConv_Fused_Row<8, 32, 32, 480, 240>_Outline_TILE_LOOP|  return value|
|grp_fu_509_p_din1                                                                             |  out|   16|  ap_ctrl_hs|                              UpConv_Fused_Row<8, 32, 32, 480, 240>_Outline_TILE_LOOP|  return value|
|grp_fu_509_p_dout0                                                                            |   in|   16|  ap_ctrl_hs|                              UpConv_Fused_Row<8, 32, 32, 480, 240>_Outline_TILE_LOOP|  return value|
|grp_fu_509_p_ce                                                                               |  out|    1|  ap_ctrl_hs|                              UpConv_Fused_Row<8, 32, 32, 480, 240>_Outline_TILE_LOOP|  return value|
|grp_fu_513_p_din0                                                                             |  out|   16|  ap_ctrl_hs|                              UpConv_Fused_Row<8, 32, 32, 480, 240>_Outline_TILE_LOOP|  return value|
|grp_fu_513_p_din1                                                                             |  out|   16|  ap_ctrl_hs|                              UpConv_Fused_Row<8, 32, 32, 480, 240>_Outline_TILE_LOOP|  return value|
|grp_fu_513_p_dout0                                                                            |   in|   16|  ap_ctrl_hs|                              UpConv_Fused_Row<8, 32, 32, 480, 240>_Outline_TILE_LOOP|  return value|
|grp_fu_513_p_ce                                                                               |  out|    1|  ap_ctrl_hs|                              UpConv_Fused_Row<8, 32, 32, 480, 240>_Outline_TILE_LOOP|  return value|
|grp_fu_517_p_din0                                                                             |  out|   16|  ap_ctrl_hs|                              UpConv_Fused_Row<8, 32, 32, 480, 240>_Outline_TILE_LOOP|  return value|
|grp_fu_517_p_din1                                                                             |  out|   16|  ap_ctrl_hs|                              UpConv_Fused_Row<8, 32, 32, 480, 240>_Outline_TILE_LOOP|  return value|
|grp_fu_517_p_dout0                                                                            |   in|   16|  ap_ctrl_hs|                              UpConv_Fused_Row<8, 32, 32, 480, 240>_Outline_TILE_LOOP|  return value|
|grp_fu_517_p_ce                                                                               |  out|    1|  ap_ctrl_hs|                              UpConv_Fused_Row<8, 32, 32, 480, 240>_Outline_TILE_LOOP|  return value|
|grp_fu_521_p_din0                                                                             |  out|   16|  ap_ctrl_hs|                              UpConv_Fused_Row<8, 32, 32, 480, 240>_Outline_TILE_LOOP|  return value|
|grp_fu_521_p_din1                                                                             |  out|   16|  ap_ctrl_hs|                              UpConv_Fused_Row<8, 32, 32, 480, 240>_Outline_TILE_LOOP|  return value|
|grp_fu_521_p_dout0                                                                            |   in|   16|  ap_ctrl_hs|                              UpConv_Fused_Row<8, 32, 32, 480, 240>_Outline_TILE_LOOP|  return value|
|grp_fu_521_p_ce                                                                               |  out|    1|  ap_ctrl_hs|                              UpConv_Fused_Row<8, 32, 32, 480, 240>_Outline_TILE_LOOP|  return value|
|grp_fu_525_p_din0                                                                             |  out|   16|  ap_ctrl_hs|                              UpConv_Fused_Row<8, 32, 32, 480, 240>_Outline_TILE_LOOP|  return value|
|grp_fu_525_p_din1                                                                             |  out|   16|  ap_ctrl_hs|                              UpConv_Fused_Row<8, 32, 32, 480, 240>_Outline_TILE_LOOP|  return value|
|grp_fu_525_p_dout0                                                                            |   in|   16|  ap_ctrl_hs|                              UpConv_Fused_Row<8, 32, 32, 480, 240>_Outline_TILE_LOOP|  return value|
|grp_fu_525_p_ce                                                                               |  out|    1|  ap_ctrl_hs|                              UpConv_Fused_Row<8, 32, 32, 480, 240>_Outline_TILE_LOOP|  return value|
|grp_fu_529_p_din0                                                                             |  out|   16|  ap_ctrl_hs|                              UpConv_Fused_Row<8, 32, 32, 480, 240>_Outline_TILE_LOOP|  return value|
|grp_fu_529_p_din1                                                                             |  out|   16|  ap_ctrl_hs|                              UpConv_Fused_Row<8, 32, 32, 480, 240>_Outline_TILE_LOOP|  return value|
|grp_fu_529_p_dout0                                                                            |   in|   16|  ap_ctrl_hs|                              UpConv_Fused_Row<8, 32, 32, 480, 240>_Outline_TILE_LOOP|  return value|
|grp_fu_529_p_ce                                                                               |  out|    1|  ap_ctrl_hs|                              UpConv_Fused_Row<8, 32, 32, 480, 240>_Outline_TILE_LOOP|  return value|
|grp_fu_533_p_din0                                                                             |  out|   16|  ap_ctrl_hs|                              UpConv_Fused_Row<8, 32, 32, 480, 240>_Outline_TILE_LOOP|  return value|
|grp_fu_533_p_din1                                                                             |  out|   16|  ap_ctrl_hs|                              UpConv_Fused_Row<8, 32, 32, 480, 240>_Outline_TILE_LOOP|  return value|
|grp_fu_533_p_dout0                                                                            |   in|   16|  ap_ctrl_hs|                              UpConv_Fused_Row<8, 32, 32, 480, 240>_Outline_TILE_LOOP|  return value|
|grp_fu_533_p_ce                                                                               |  out|    1|  ap_ctrl_hs|                              UpConv_Fused_Row<8, 32, 32, 480, 240>_Outline_TILE_LOOP|  return value|
|grp_fu_537_p_din0                                                                             |  out|   16|  ap_ctrl_hs|                              UpConv_Fused_Row<8, 32, 32, 480, 240>_Outline_TILE_LOOP|  return value|
|grp_fu_537_p_din1                                                                             |  out|   16|  ap_ctrl_hs|                              UpConv_Fused_Row<8, 32, 32, 480, 240>_Outline_TILE_LOOP|  return value|
|grp_fu_537_p_dout0                                                                            |   in|   16|  ap_ctrl_hs|                              UpConv_Fused_Row<8, 32, 32, 480, 240>_Outline_TILE_LOOP|  return value|
|grp_fu_537_p_ce                                                                               |  out|    1|  ap_ctrl_hs|                              UpConv_Fused_Row<8, 32, 32, 480, 240>_Outline_TILE_LOOP|  return value|
|grp_fu_541_p_din0                                                                             |  out|   16|  ap_ctrl_hs|                              UpConv_Fused_Row<8, 32, 32, 480, 240>_Outline_TILE_LOOP|  return value|
|grp_fu_541_p_din1                                                                             |  out|   16|  ap_ctrl_hs|                              UpConv_Fused_Row<8, 32, 32, 480, 240>_Outline_TILE_LOOP|  return value|
|grp_fu_541_p_dout0                                                                            |   in|   16|  ap_ctrl_hs|                              UpConv_Fused_Row<8, 32, 32, 480, 240>_Outline_TILE_LOOP|  return value|
|grp_fu_541_p_ce                                                                               |  out|    1|  ap_ctrl_hs|                              UpConv_Fused_Row<8, 32, 32, 480, 240>_Outline_TILE_LOOP|  return value|
|grp_fu_545_p_din0                                                                             |  out|   16|  ap_ctrl_hs|                              UpConv_Fused_Row<8, 32, 32, 480, 240>_Outline_TILE_LOOP|  return value|
|grp_fu_545_p_din1                                                                             |  out|   16|  ap_ctrl_hs|                              UpConv_Fused_Row<8, 32, 32, 480, 240>_Outline_TILE_LOOP|  return value|
|grp_fu_545_p_dout0                                                                            |   in|   16|  ap_ctrl_hs|                              UpConv_Fused_Row<8, 32, 32, 480, 240>_Outline_TILE_LOOP|  return value|
|grp_fu_545_p_ce                                                                               |  out|    1|  ap_ctrl_hs|                              UpConv_Fused_Row<8, 32, 32, 480, 240>_Outline_TILE_LOOP|  return value|
|grp_fu_549_p_din0                                                                             |  out|   16|  ap_ctrl_hs|                              UpConv_Fused_Row<8, 32, 32, 480, 240>_Outline_TILE_LOOP|  return value|
|grp_fu_549_p_din1                                                                             |  out|   16|  ap_ctrl_hs|                              UpConv_Fused_Row<8, 32, 32, 480, 240>_Outline_TILE_LOOP|  return value|
|grp_fu_549_p_dout0                                                                            |   in|   16|  ap_ctrl_hs|                              UpConv_Fused_Row<8, 32, 32, 480, 240>_Outline_TILE_LOOP|  return value|
|grp_fu_549_p_ce                                                                               |  out|    1|  ap_ctrl_hs|                              UpConv_Fused_Row<8, 32, 32, 480, 240>_Outline_TILE_LOOP|  return value|
|grp_fu_553_p_din0                                                                             |  out|   16|  ap_ctrl_hs|                              UpConv_Fused_Row<8, 32, 32, 480, 240>_Outline_TILE_LOOP|  return value|
|grp_fu_553_p_din1                                                                             |  out|   16|  ap_ctrl_hs|                              UpConv_Fused_Row<8, 32, 32, 480, 240>_Outline_TILE_LOOP|  return value|
|grp_fu_553_p_dout0                                                                            |   in|   16|  ap_ctrl_hs|                              UpConv_Fused_Row<8, 32, 32, 480, 240>_Outline_TILE_LOOP|  return value|
|grp_fu_553_p_ce                                                                               |  out|    1|  ap_ctrl_hs|                              UpConv_Fused_Row<8, 32, 32, 480, 240>_Outline_TILE_LOOP|  return value|
|grp_fu_557_p_din0                                                                             |  out|   16|  ap_ctrl_hs|                              UpConv_Fused_Row<8, 32, 32, 480, 240>_Outline_TILE_LOOP|  return value|
|grp_fu_557_p_din1                                                                             |  out|   16|  ap_ctrl_hs|                              UpConv_Fused_Row<8, 32, 32, 480, 240>_Outline_TILE_LOOP|  return value|
|grp_fu_557_p_dout0                                                                            |   in|   16|  ap_ctrl_hs|                              UpConv_Fused_Row<8, 32, 32, 480, 240>_Outline_TILE_LOOP|  return value|
|grp_fu_557_p_ce                                                                               |  out|    1|  ap_ctrl_hs|                              UpConv_Fused_Row<8, 32, 32, 480, 240>_Outline_TILE_LOOP|  return value|
|grp_fu_561_p_din0                                                                             |  out|   16|  ap_ctrl_hs|                              UpConv_Fused_Row<8, 32, 32, 480, 240>_Outline_TILE_LOOP|  return value|
|grp_fu_561_p_din1                                                                             |  out|   16|  ap_ctrl_hs|                              UpConv_Fused_Row<8, 32, 32, 480, 240>_Outline_TILE_LOOP|  return value|
|grp_fu_561_p_dout0                                                                            |   in|   16|  ap_ctrl_hs|                              UpConv_Fused_Row<8, 32, 32, 480, 240>_Outline_TILE_LOOP|  return value|
|grp_fu_561_p_ce                                                                               |  out|    1|  ap_ctrl_hs|                              UpConv_Fused_Row<8, 32, 32, 480, 240>_Outline_TILE_LOOP|  return value|
|grp_fu_565_p_din0                                                                             |  out|   16|  ap_ctrl_hs|                              UpConv_Fused_Row<8, 32, 32, 480, 240>_Outline_TILE_LOOP|  return value|
|grp_fu_565_p_din1                                                                             |  out|   16|  ap_ctrl_hs|                              UpConv_Fused_Row<8, 32, 32, 480, 240>_Outline_TILE_LOOP|  return value|
|grp_fu_565_p_dout0                                                                            |   in|   16|  ap_ctrl_hs|                              UpConv_Fused_Row<8, 32, 32, 480, 240>_Outline_TILE_LOOP|  return value|
|grp_fu_565_p_ce                                                                               |  out|    1|  ap_ctrl_hs|                              UpConv_Fused_Row<8, 32, 32, 480, 240>_Outline_TILE_LOOP|  return value|
|grp_fu_569_p_din0                                                                             |  out|   16|  ap_ctrl_hs|                              UpConv_Fused_Row<8, 32, 32, 480, 240>_Outline_TILE_LOOP|  return value|
|grp_fu_569_p_din1                                                                             |  out|   16|  ap_ctrl_hs|                              UpConv_Fused_Row<8, 32, 32, 480, 240>_Outline_TILE_LOOP|  return value|
|grp_fu_569_p_dout0                                                                            |   in|   16|  ap_ctrl_hs|                              UpConv_Fused_Row<8, 32, 32, 480, 240>_Outline_TILE_LOOP|  return value|
|grp_fu_569_p_ce                                                                               |  out|    1|  ap_ctrl_hs|                              UpConv_Fused_Row<8, 32, 32, 480, 240>_Outline_TILE_LOOP|  return value|
|grp_fu_573_p_din0                                                                             |  out|   16|  ap_ctrl_hs|                              UpConv_Fused_Row<8, 32, 32, 480, 240>_Outline_TILE_LOOP|  return value|
|grp_fu_573_p_din1                                                                             |  out|   16|  ap_ctrl_hs|                              UpConv_Fused_Row<8, 32, 32, 480, 240>_Outline_TILE_LOOP|  return value|
|grp_fu_573_p_dout0                                                                            |   in|   16|  ap_ctrl_hs|                              UpConv_Fused_Row<8, 32, 32, 480, 240>_Outline_TILE_LOOP|  return value|
|grp_fu_573_p_ce                                                                               |  out|    1|  ap_ctrl_hs|                              UpConv_Fused_Row<8, 32, 32, 480, 240>_Outline_TILE_LOOP|  return value|
|grp_fu_577_p_din0                                                                             |  out|   16|  ap_ctrl_hs|                              UpConv_Fused_Row<8, 32, 32, 480, 240>_Outline_TILE_LOOP|  return value|
|grp_fu_577_p_din1                                                                             |  out|   16|  ap_ctrl_hs|                              UpConv_Fused_Row<8, 32, 32, 480, 240>_Outline_TILE_LOOP|  return value|
|grp_fu_577_p_dout0                                                                            |   in|   16|  ap_ctrl_hs|                              UpConv_Fused_Row<8, 32, 32, 480, 240>_Outline_TILE_LOOP|  return value|
|grp_fu_577_p_ce                                                                               |  out|    1|  ap_ctrl_hs|                              UpConv_Fused_Row<8, 32, 32, 480, 240>_Outline_TILE_LOOP|  return value|
|grp_fu_581_p_din0                                                                             |  out|   16|  ap_ctrl_hs|                              UpConv_Fused_Row<8, 32, 32, 480, 240>_Outline_TILE_LOOP|  return value|
|grp_fu_581_p_din1                                                                             |  out|   16|  ap_ctrl_hs|                              UpConv_Fused_Row<8, 32, 32, 480, 240>_Outline_TILE_LOOP|  return value|
|grp_fu_581_p_dout0                                                                            |   in|   16|  ap_ctrl_hs|                              UpConv_Fused_Row<8, 32, 32, 480, 240>_Outline_TILE_LOOP|  return value|
|grp_fu_581_p_ce                                                                               |  out|    1|  ap_ctrl_hs|                              UpConv_Fused_Row<8, 32, 32, 480, 240>_Outline_TILE_LOOP|  return value|
|grp_fu_585_p_din0                                                                             |  out|   16|  ap_ctrl_hs|                              UpConv_Fused_Row<8, 32, 32, 480, 240>_Outline_TILE_LOOP|  return value|
|grp_fu_585_p_din1                                                                             |  out|   16|  ap_ctrl_hs|                              UpConv_Fused_Row<8, 32, 32, 480, 240>_Outline_TILE_LOOP|  return value|
|grp_fu_585_p_dout0                                                                            |   in|   16|  ap_ctrl_hs|                              UpConv_Fused_Row<8, 32, 32, 480, 240>_Outline_TILE_LOOP|  return value|
|grp_fu_585_p_ce                                                                               |  out|    1|  ap_ctrl_hs|                              UpConv_Fused_Row<8, 32, 32, 480, 240>_Outline_TILE_LOOP|  return value|
|grp_fu_589_p_din0                                                                             |  out|   16|  ap_ctrl_hs|                              UpConv_Fused_Row<8, 32, 32, 480, 240>_Outline_TILE_LOOP|  return value|
|grp_fu_589_p_din1                                                                             |  out|   16|  ap_ctrl_hs|                              UpConv_Fused_Row<8, 32, 32, 480, 240>_Outline_TILE_LOOP|  return value|
|grp_fu_589_p_dout0                                                                            |   in|   16|  ap_ctrl_hs|                              UpConv_Fused_Row<8, 32, 32, 480, 240>_Outline_TILE_LOOP|  return value|
|grp_fu_589_p_ce                                                                               |  out|    1|  ap_ctrl_hs|                              UpConv_Fused_Row<8, 32, 32, 480, 240>_Outline_TILE_LOOP|  return value|
|grp_fu_593_p_din0                                                                             |  out|   16|  ap_ctrl_hs|                              UpConv_Fused_Row<8, 32, 32, 480, 240>_Outline_TILE_LOOP|  return value|
|grp_fu_593_p_din1                                                                             |  out|   16|  ap_ctrl_hs|                              UpConv_Fused_Row<8, 32, 32, 480, 240>_Outline_TILE_LOOP|  return value|
|grp_fu_593_p_dout0                                                                            |   in|   16|  ap_ctrl_hs|                              UpConv_Fused_Row<8, 32, 32, 480, 240>_Outline_TILE_LOOP|  return value|
|grp_fu_593_p_ce                                                                               |  out|    1|  ap_ctrl_hs|                              UpConv_Fused_Row<8, 32, 32, 480, 240>_Outline_TILE_LOOP|  return value|
|grp_fu_597_p_din0                                                                             |  out|   16|  ap_ctrl_hs|                              UpConv_Fused_Row<8, 32, 32, 480, 240>_Outline_TILE_LOOP|  return value|
|grp_fu_597_p_din1                                                                             |  out|   16|  ap_ctrl_hs|                              UpConv_Fused_Row<8, 32, 32, 480, 240>_Outline_TILE_LOOP|  return value|
|grp_fu_597_p_dout0                                                                            |   in|   16|  ap_ctrl_hs|                              UpConv_Fused_Row<8, 32, 32, 480, 240>_Outline_TILE_LOOP|  return value|
|grp_fu_597_p_ce                                                                               |  out|    1|  ap_ctrl_hs|                              UpConv_Fused_Row<8, 32, 32, 480, 240>_Outline_TILE_LOOP|  return value|
|grp_fu_601_p_din0                                                                             |  out|   16|  ap_ctrl_hs|                              UpConv_Fused_Row<8, 32, 32, 480, 240>_Outline_TILE_LOOP|  return value|
|grp_fu_601_p_din1                                                                             |  out|   16|  ap_ctrl_hs|                              UpConv_Fused_Row<8, 32, 32, 480, 240>_Outline_TILE_LOOP|  return value|
|grp_fu_601_p_dout0                                                                            |   in|   16|  ap_ctrl_hs|                              UpConv_Fused_Row<8, 32, 32, 480, 240>_Outline_TILE_LOOP|  return value|
|grp_fu_601_p_ce                                                                               |  out|    1|  ap_ctrl_hs|                              UpConv_Fused_Row<8, 32, 32, 480, 240>_Outline_TILE_LOOP|  return value|
|grp_fu_605_p_din0                                                                             |  out|   16|  ap_ctrl_hs|                              UpConv_Fused_Row<8, 32, 32, 480, 240>_Outline_TILE_LOOP|  return value|
|grp_fu_605_p_din1                                                                             |  out|   16|  ap_ctrl_hs|                              UpConv_Fused_Row<8, 32, 32, 480, 240>_Outline_TILE_LOOP|  return value|
|grp_fu_605_p_dout0                                                                            |   in|   16|  ap_ctrl_hs|                              UpConv_Fused_Row<8, 32, 32, 480, 240>_Outline_TILE_LOOP|  return value|
|grp_fu_605_p_ce                                                                               |  out|    1|  ap_ctrl_hs|                              UpConv_Fused_Row<8, 32, 32, 480, 240>_Outline_TILE_LOOP|  return value|
|grp_fu_609_p_din0                                                                             |  out|   16|  ap_ctrl_hs|                              UpConv_Fused_Row<8, 32, 32, 480, 240>_Outline_TILE_LOOP|  return value|
|grp_fu_609_p_din1                                                                             |  out|   16|  ap_ctrl_hs|                              UpConv_Fused_Row<8, 32, 32, 480, 240>_Outline_TILE_LOOP|  return value|
|grp_fu_609_p_dout0                                                                            |   in|   16|  ap_ctrl_hs|                              UpConv_Fused_Row<8, 32, 32, 480, 240>_Outline_TILE_LOOP|  return value|
|grp_fu_609_p_ce                                                                               |  out|    1|  ap_ctrl_hs|                              UpConv_Fused_Row<8, 32, 32, 480, 240>_Outline_TILE_LOOP|  return value|
|grp_fu_613_p_din0                                                                             |  out|   16|  ap_ctrl_hs|                              UpConv_Fused_Row<8, 32, 32, 480, 240>_Outline_TILE_LOOP|  return value|
|grp_fu_613_p_din1                                                                             |  out|   16|  ap_ctrl_hs|                              UpConv_Fused_Row<8, 32, 32, 480, 240>_Outline_TILE_LOOP|  return value|
|grp_fu_613_p_dout0                                                                            |   in|   16|  ap_ctrl_hs|                              UpConv_Fused_Row<8, 32, 32, 480, 240>_Outline_TILE_LOOP|  return value|
|grp_fu_613_p_ce                                                                               |  out|    1|  ap_ctrl_hs|                              UpConv_Fused_Row<8, 32, 32, 480, 240>_Outline_TILE_LOOP|  return value|
|grp_fu_617_p_din0                                                                             |  out|   16|  ap_ctrl_hs|                              UpConv_Fused_Row<8, 32, 32, 480, 240>_Outline_TILE_LOOP|  return value|
|grp_fu_617_p_din1                                                                             |  out|   16|  ap_ctrl_hs|                              UpConv_Fused_Row<8, 32, 32, 480, 240>_Outline_TILE_LOOP|  return value|
|grp_fu_617_p_dout0                                                                            |   in|   16|  ap_ctrl_hs|                              UpConv_Fused_Row<8, 32, 32, 480, 240>_Outline_TILE_LOOP|  return value|
|grp_fu_617_p_ce                                                                               |  out|    1|  ap_ctrl_hs|                              UpConv_Fused_Row<8, 32, 32, 480, 240>_Outline_TILE_LOOP|  return value|
|grp_fu_621_p_din0                                                                             |  out|   16|  ap_ctrl_hs|                              UpConv_Fused_Row<8, 32, 32, 480, 240>_Outline_TILE_LOOP|  return value|
|grp_fu_621_p_din1                                                                             |  out|   16|  ap_ctrl_hs|                              UpConv_Fused_Row<8, 32, 32, 480, 240>_Outline_TILE_LOOP|  return value|
|grp_fu_621_p_dout0                                                                            |   in|   16|  ap_ctrl_hs|                              UpConv_Fused_Row<8, 32, 32, 480, 240>_Outline_TILE_LOOP|  return value|
|grp_fu_621_p_ce                                                                               |  out|    1|  ap_ctrl_hs|                              UpConv_Fused_Row<8, 32, 32, 480, 240>_Outline_TILE_LOOP|  return value|
|grp_fu_625_p_din0                                                                             |  out|   16|  ap_ctrl_hs|                              UpConv_Fused_Row<8, 32, 32, 480, 240>_Outline_TILE_LOOP|  return value|
|grp_fu_625_p_din1                                                                             |  out|   16|  ap_ctrl_hs|                              UpConv_Fused_Row<8, 32, 32, 480, 240>_Outline_TILE_LOOP|  return value|
|grp_fu_625_p_dout0                                                                            |   in|   16|  ap_ctrl_hs|                              UpConv_Fused_Row<8, 32, 32, 480, 240>_Outline_TILE_LOOP|  return value|
|grp_fu_625_p_ce                                                                               |  out|    1|  ap_ctrl_hs|                              UpConv_Fused_Row<8, 32, 32, 480, 240>_Outline_TILE_LOOP|  return value|
|grp_fu_629_p_din0                                                                             |  out|   16|  ap_ctrl_hs|                              UpConv_Fused_Row<8, 32, 32, 480, 240>_Outline_TILE_LOOP|  return value|
|grp_fu_629_p_din1                                                                             |  out|   16|  ap_ctrl_hs|                              UpConv_Fused_Row<8, 32, 32, 480, 240>_Outline_TILE_LOOP|  return value|
|grp_fu_629_p_dout0                                                                            |   in|   16|  ap_ctrl_hs|                              UpConv_Fused_Row<8, 32, 32, 480, 240>_Outline_TILE_LOOP|  return value|
|grp_fu_629_p_ce                                                                               |  out|    1|  ap_ctrl_hs|                              UpConv_Fused_Row<8, 32, 32, 480, 240>_Outline_TILE_LOOP|  return value|
|grp_fu_633_p_din0                                                                             |  out|   16|  ap_ctrl_hs|                              UpConv_Fused_Row<8, 32, 32, 480, 240>_Outline_TILE_LOOP|  return value|
|grp_fu_633_p_din1                                                                             |  out|   16|  ap_ctrl_hs|                              UpConv_Fused_Row<8, 32, 32, 480, 240>_Outline_TILE_LOOP|  return value|
|grp_fu_633_p_dout0                                                                            |   in|   16|  ap_ctrl_hs|                              UpConv_Fused_Row<8, 32, 32, 480, 240>_Outline_TILE_LOOP|  return value|
|grp_fu_633_p_ce                                                                               |  out|    1|  ap_ctrl_hs|                              UpConv_Fused_Row<8, 32, 32, 480, 240>_Outline_TILE_LOOP|  return value|
|grp_fu_637_p_din0                                                                             |  out|   16|  ap_ctrl_hs|                              UpConv_Fused_Row<8, 32, 32, 480, 240>_Outline_TILE_LOOP|  return value|
|grp_fu_637_p_din1                                                                             |  out|   16|  ap_ctrl_hs|                              UpConv_Fused_Row<8, 32, 32, 480, 240>_Outline_TILE_LOOP|  return value|
|grp_fu_637_p_dout0                                                                            |   in|   16|  ap_ctrl_hs|                              UpConv_Fused_Row<8, 32, 32, 480, 240>_Outline_TILE_LOOP|  return value|
|grp_fu_637_p_ce                                                                               |  out|    1|  ap_ctrl_hs|                              UpConv_Fused_Row<8, 32, 32, 480, 240>_Outline_TILE_LOOP|  return value|
|grp_fu_641_p_din0                                                                             |  out|   16|  ap_ctrl_hs|                              UpConv_Fused_Row<8, 32, 32, 480, 240>_Outline_TILE_LOOP|  return value|
|grp_fu_641_p_din1                                                                             |  out|   16|  ap_ctrl_hs|                              UpConv_Fused_Row<8, 32, 32, 480, 240>_Outline_TILE_LOOP|  return value|
|grp_fu_641_p_dout0                                                                            |   in|   16|  ap_ctrl_hs|                              UpConv_Fused_Row<8, 32, 32, 480, 240>_Outline_TILE_LOOP|  return value|
|grp_fu_641_p_ce                                                                               |  out|    1|  ap_ctrl_hs|                              UpConv_Fused_Row<8, 32, 32, 480, 240>_Outline_TILE_LOOP|  return value|
|grp_fu_645_p_din0                                                                             |  out|   16|  ap_ctrl_hs|                              UpConv_Fused_Row<8, 32, 32, 480, 240>_Outline_TILE_LOOP|  return value|
|grp_fu_645_p_din1                                                                             |  out|   16|  ap_ctrl_hs|                              UpConv_Fused_Row<8, 32, 32, 480, 240>_Outline_TILE_LOOP|  return value|
|grp_fu_645_p_dout0                                                                            |   in|   16|  ap_ctrl_hs|                              UpConv_Fused_Row<8, 32, 32, 480, 240>_Outline_TILE_LOOP|  return value|
|grp_fu_645_p_ce                                                                               |  out|    1|  ap_ctrl_hs|                              UpConv_Fused_Row<8, 32, 32, 480, 240>_Outline_TILE_LOOP|  return value|
|grp_fu_649_p_din0                                                                             |  out|   16|  ap_ctrl_hs|                              UpConv_Fused_Row<8, 32, 32, 480, 240>_Outline_TILE_LOOP|  return value|
|grp_fu_649_p_din1                                                                             |  out|   16|  ap_ctrl_hs|                              UpConv_Fused_Row<8, 32, 32, 480, 240>_Outline_TILE_LOOP|  return value|
|grp_fu_649_p_dout0                                                                            |   in|   16|  ap_ctrl_hs|                              UpConv_Fused_Row<8, 32, 32, 480, 240>_Outline_TILE_LOOP|  return value|
|grp_fu_649_p_ce                                                                               |  out|    1|  ap_ctrl_hs|                              UpConv_Fused_Row<8, 32, 32, 480, 240>_Outline_TILE_LOOP|  return value|
|grp_fu_653_p_din0                                                                             |  out|   16|  ap_ctrl_hs|                              UpConv_Fused_Row<8, 32, 32, 480, 240>_Outline_TILE_LOOP|  return value|
|grp_fu_653_p_din1                                                                             |  out|   16|  ap_ctrl_hs|                              UpConv_Fused_Row<8, 32, 32, 480, 240>_Outline_TILE_LOOP|  return value|
|grp_fu_653_p_dout0                                                                            |   in|   16|  ap_ctrl_hs|                              UpConv_Fused_Row<8, 32, 32, 480, 240>_Outline_TILE_LOOP|  return value|
|grp_fu_653_p_ce                                                                               |  out|    1|  ap_ctrl_hs|                              UpConv_Fused_Row<8, 32, 32, 480, 240>_Outline_TILE_LOOP|  return value|
|W_ptr                                                                                         |   in|   64|     ap_none|                                                                                W_ptr|        scalar|
|m_axi_gmem_weight_0_AWVALID                                                                   |  out|    1|       m_axi|                                                                          gmem_weight|       pointer|
|m_axi_gmem_weight_0_AWREADY                                                                   |   in|    1|       m_axi|                                                                          gmem_weight|       pointer|
|m_axi_gmem_weight_0_AWADDR                                                                    |  out|   64|       m_axi|                                                                          gmem_weight|       pointer|
|m_axi_gmem_weight_0_AWID                                                                      |  out|    1|       m_axi|                                                                          gmem_weight|       pointer|
|m_axi_gmem_weight_0_AWLEN                                                                     |  out|   32|       m_axi|                                                                          gmem_weight|       pointer|
|m_axi_gmem_weight_0_AWSIZE                                                                    |  out|    3|       m_axi|                                                                          gmem_weight|       pointer|
|m_axi_gmem_weight_0_AWBURST                                                                   |  out|    2|       m_axi|                                                                          gmem_weight|       pointer|
|m_axi_gmem_weight_0_AWLOCK                                                                    |  out|    2|       m_axi|                                                                          gmem_weight|       pointer|
|m_axi_gmem_weight_0_AWCACHE                                                                   |  out|    4|       m_axi|                                                                          gmem_weight|       pointer|
|m_axi_gmem_weight_0_AWPROT                                                                    |  out|    3|       m_axi|                                                                          gmem_weight|       pointer|
|m_axi_gmem_weight_0_AWQOS                                                                     |  out|    4|       m_axi|                                                                          gmem_weight|       pointer|
|m_axi_gmem_weight_0_AWREGION                                                                  |  out|    4|       m_axi|                                                                          gmem_weight|       pointer|
|m_axi_gmem_weight_0_AWUSER                                                                    |  out|    1|       m_axi|                                                                          gmem_weight|       pointer|
|m_axi_gmem_weight_0_WVALID                                                                    |  out|    1|       m_axi|                                                                          gmem_weight|       pointer|
|m_axi_gmem_weight_0_WREADY                                                                    |   in|    1|       m_axi|                                                                          gmem_weight|       pointer|
|m_axi_gmem_weight_0_WDATA                                                                     |  out|  256|       m_axi|                                                                          gmem_weight|       pointer|
|m_axi_gmem_weight_0_WSTRB                                                                     |  out|   32|       m_axi|                                                                          gmem_weight|       pointer|
|m_axi_gmem_weight_0_WLAST                                                                     |  out|    1|       m_axi|                                                                          gmem_weight|       pointer|
|m_axi_gmem_weight_0_WID                                                                       |  out|    1|       m_axi|                                                                          gmem_weight|       pointer|
|m_axi_gmem_weight_0_WUSER                                                                     |  out|    1|       m_axi|                                                                          gmem_weight|       pointer|
|m_axi_gmem_weight_0_ARVALID                                                                   |  out|    1|       m_axi|                                                                          gmem_weight|       pointer|
|m_axi_gmem_weight_0_ARREADY                                                                   |   in|    1|       m_axi|                                                                          gmem_weight|       pointer|
|m_axi_gmem_weight_0_ARADDR                                                                    |  out|   64|       m_axi|                                                                          gmem_weight|       pointer|
|m_axi_gmem_weight_0_ARID                                                                      |  out|    1|       m_axi|                                                                          gmem_weight|       pointer|
|m_axi_gmem_weight_0_ARLEN                                                                     |  out|   32|       m_axi|                                                                          gmem_weight|       pointer|
|m_axi_gmem_weight_0_ARSIZE                                                                    |  out|    3|       m_axi|                                                                          gmem_weight|       pointer|
|m_axi_gmem_weight_0_ARBURST                                                                   |  out|    2|       m_axi|                                                                          gmem_weight|       pointer|
|m_axi_gmem_weight_0_ARLOCK                                                                    |  out|    2|       m_axi|                                                                          gmem_weight|       pointer|
|m_axi_gmem_weight_0_ARCACHE                                                                   |  out|    4|       m_axi|                                                                          gmem_weight|       pointer|
|m_axi_gmem_weight_0_ARPROT                                                                    |  out|    3|       m_axi|                                                                          gmem_weight|       pointer|
|m_axi_gmem_weight_0_ARQOS                                                                     |  out|    4|       m_axi|                                                                          gmem_weight|       pointer|
|m_axi_gmem_weight_0_ARREGION                                                                  |  out|    4|       m_axi|                                                                          gmem_weight|       pointer|
|m_axi_gmem_weight_0_ARUSER                                                                    |  out|    1|       m_axi|                                                                          gmem_weight|       pointer|
|m_axi_gmem_weight_0_RVALID                                                                    |   in|    1|       m_axi|                                                                          gmem_weight|       pointer|
|m_axi_gmem_weight_0_RREADY                                                                    |  out|    1|       m_axi|                                                                          gmem_weight|       pointer|
|m_axi_gmem_weight_0_RDATA                                                                     |   in|  256|       m_axi|                                                                          gmem_weight|       pointer|
|m_axi_gmem_weight_0_RLAST                                                                     |   in|    1|       m_axi|                                                                          gmem_weight|       pointer|
|m_axi_gmem_weight_0_RID                                                                       |   in|    1|       m_axi|                                                                          gmem_weight|       pointer|
|m_axi_gmem_weight_0_RFIFONUM                                                                  |   in|   11|       m_axi|                                                                          gmem_weight|       pointer|
|m_axi_gmem_weight_0_RUSER                                                                     |   in|    1|       m_axi|                                                                          gmem_weight|       pointer|
|m_axi_gmem_weight_0_RRESP                                                                     |   in|    2|       m_axi|                                                                          gmem_weight|       pointer|
|m_axi_gmem_weight_0_BVALID                                                                    |   in|    1|       m_axi|                                                                          gmem_weight|       pointer|
|m_axi_gmem_weight_0_BREADY                                                                    |  out|    1|       m_axi|                                                                          gmem_weight|       pointer|
|m_axi_gmem_weight_0_BRESP                                                                     |   in|    2|       m_axi|                                                                          gmem_weight|       pointer|
|m_axi_gmem_weight_0_BID                                                                       |   in|    1|       m_axi|                                                                          gmem_weight|       pointer|
|m_axi_gmem_weight_0_BUSER                                                                     |   in|    1|       m_axi|                                                                          gmem_weight|       pointer|
|zext_ln135                                                                                    |   in|    7|     ap_none|                                                                           zext_ln135|        scalar|
|x_buf_address0                                                                                |  out|   11|   ap_memory|                                                                                x_buf|         array|
|x_buf_ce0                                                                                     |  out|    1|   ap_memory|                                                                                x_buf|         array|
|x_buf_q0                                                                                      |   in|  256|   ap_memory|                                                                                x_buf|         array|
|void_UpConv_Fused_Row_ap_uint_ap_uint_const_ap_uint_const_ap_uint_const_ap_u_19_address0      |  out|   10|   ap_memory|      void_UpConv_Fused_Row_ap_uint_ap_uint_const_ap_uint_const_ap_uint_const_ap_u_19|         array|
|void_UpConv_Fused_Row_ap_uint_ap_uint_const_ap_uint_const_ap_uint_const_ap_u_19_ce0           |  out|    1|   ap_memory|      void_UpConv_Fused_Row_ap_uint_ap_uint_const_ap_uint_const_ap_uint_const_ap_u_19|         array|
|void_UpConv_Fused_Row_ap_uint_ap_uint_const_ap_uint_const_ap_uint_const_ap_u_19_we0           |  out|    1|   ap_memory|      void_UpConv_Fused_Row_ap_uint_ap_uint_const_ap_uint_const_ap_uint_const_ap_u_19|         array|
|void_UpConv_Fused_Row_ap_uint_ap_uint_const_ap_uint_const_ap_uint_const_ap_u_19_d0            |  out|   16|   ap_memory|      void_UpConv_Fused_Row_ap_uint_ap_uint_const_ap_uint_const_ap_uint_const_ap_u_19|         array|
|void_UpConv_Fused_Row_ap_uint_ap_uint_const_ap_uint_const_ap_uint_const_ap_u_19_address1      |  out|   10|   ap_memory|      void_UpConv_Fused_Row_ap_uint_ap_uint_const_ap_uint_const_ap_uint_const_ap_u_19|         array|
|void_UpConv_Fused_Row_ap_uint_ap_uint_const_ap_uint_const_ap_uint_const_ap_u_19_ce1           |  out|    1|   ap_memory|      void_UpConv_Fused_Row_ap_uint_ap_uint_const_ap_uint_const_ap_uint_const_ap_u_19|         array|
|void_UpConv_Fused_Row_ap_uint_ap_uint_const_ap_uint_const_ap_uint_const_ap_u_19_q1            |   in|   16|   ap_memory|      void_UpConv_Fused_Row_ap_uint_ap_uint_const_ap_uint_const_ap_uint_const_ap_u_19|         array|
|void_UpConv_Fused_Row_ap_uint_ap_uint_const_ap_uint_const_ap_uint_const_ap_u_18_address0      |  out|   10|   ap_memory|      void_UpConv_Fused_Row_ap_uint_ap_uint_const_ap_uint_const_ap_uint_const_ap_u_18|         array|
|void_UpConv_Fused_Row_ap_uint_ap_uint_const_ap_uint_const_ap_uint_const_ap_u_18_ce0           |  out|    1|   ap_memory|      void_UpConv_Fused_Row_ap_uint_ap_uint_const_ap_uint_const_ap_uint_const_ap_u_18|         array|
|void_UpConv_Fused_Row_ap_uint_ap_uint_const_ap_uint_const_ap_uint_const_ap_u_18_we0           |  out|    1|   ap_memory|      void_UpConv_Fused_Row_ap_uint_ap_uint_const_ap_uint_const_ap_uint_const_ap_u_18|         array|
|void_UpConv_Fused_Row_ap_uint_ap_uint_const_ap_uint_const_ap_uint_const_ap_u_18_d0            |  out|   16|   ap_memory|      void_UpConv_Fused_Row_ap_uint_ap_uint_const_ap_uint_const_ap_uint_const_ap_u_18|         array|
|void_UpConv_Fused_Row_ap_uint_ap_uint_const_ap_uint_const_ap_uint_const_ap_u_18_address1      |  out|   10|   ap_memory|      void_UpConv_Fused_Row_ap_uint_ap_uint_const_ap_uint_const_ap_uint_const_ap_u_18|         array|
|void_UpConv_Fused_Row_ap_uint_ap_uint_const_ap_uint_const_ap_uint_const_ap_u_18_ce1           |  out|    1|   ap_memory|      void_UpConv_Fused_Row_ap_uint_ap_uint_const_ap_uint_const_ap_uint_const_ap_u_18|         array|
|void_UpConv_Fused_Row_ap_uint_ap_uint_const_ap_uint_const_ap_uint_const_ap_u_18_q1            |   in|   16|   ap_memory|      void_UpConv_Fused_Row_ap_uint_ap_uint_const_ap_uint_const_ap_uint_const_ap_u_18|         array|
|void_UpConv_Fused_Row_ap_uint_ap_uint_const_ap_uint_const_ap_uint_const_ap_u_17_address0      |  out|   10|   ap_memory|      void_UpConv_Fused_Row_ap_uint_ap_uint_const_ap_uint_const_ap_uint_const_ap_u_17|         array|
|void_UpConv_Fused_Row_ap_uint_ap_uint_const_ap_uint_const_ap_uint_const_ap_u_17_ce0           |  out|    1|   ap_memory|      void_UpConv_Fused_Row_ap_uint_ap_uint_const_ap_uint_const_ap_uint_const_ap_u_17|         array|
|void_UpConv_Fused_Row_ap_uint_ap_uint_const_ap_uint_const_ap_uint_const_ap_u_17_we0           |  out|    1|   ap_memory|      void_UpConv_Fused_Row_ap_uint_ap_uint_const_ap_uint_const_ap_uint_const_ap_u_17|         array|
|void_UpConv_Fused_Row_ap_uint_ap_uint_const_ap_uint_const_ap_uint_const_ap_u_17_d0            |  out|   16|   ap_memory|      void_UpConv_Fused_Row_ap_uint_ap_uint_const_ap_uint_const_ap_uint_const_ap_u_17|         array|
|void_UpConv_Fused_Row_ap_uint_ap_uint_const_ap_uint_const_ap_uint_const_ap_u_17_address1      |  out|   10|   ap_memory|      void_UpConv_Fused_Row_ap_uint_ap_uint_const_ap_uint_const_ap_uint_const_ap_u_17|         array|
|void_UpConv_Fused_Row_ap_uint_ap_uint_const_ap_uint_const_ap_uint_const_ap_u_17_ce1           |  out|    1|   ap_memory|      void_UpConv_Fused_Row_ap_uint_ap_uint_const_ap_uint_const_ap_uint_const_ap_u_17|         array|
|void_UpConv_Fused_Row_ap_uint_ap_uint_const_ap_uint_const_ap_uint_const_ap_u_17_q1            |   in|   16|   ap_memory|      void_UpConv_Fused_Row_ap_uint_ap_uint_const_ap_uint_const_ap_uint_const_ap_u_17|         array|
|void_UpConv_Fused_Row_ap_uint_ap_uint_const_ap_uint_const_ap_uint_const_ap_u_16_address0      |  out|   10|   ap_memory|      void_UpConv_Fused_Row_ap_uint_ap_uint_const_ap_uint_const_ap_uint_const_ap_u_16|         array|
|void_UpConv_Fused_Row_ap_uint_ap_uint_const_ap_uint_const_ap_uint_const_ap_u_16_ce0           |  out|    1|   ap_memory|      void_UpConv_Fused_Row_ap_uint_ap_uint_const_ap_uint_const_ap_uint_const_ap_u_16|         array|
|void_UpConv_Fused_Row_ap_uint_ap_uint_const_ap_uint_const_ap_uint_const_ap_u_16_we0           |  out|    1|   ap_memory|      void_UpConv_Fused_Row_ap_uint_ap_uint_const_ap_uint_const_ap_uint_const_ap_u_16|         array|
|void_UpConv_Fused_Row_ap_uint_ap_uint_const_ap_uint_const_ap_uint_const_ap_u_16_d0            |  out|   16|   ap_memory|      void_UpConv_Fused_Row_ap_uint_ap_uint_const_ap_uint_const_ap_uint_const_ap_u_16|         array|
|void_UpConv_Fused_Row_ap_uint_ap_uint_const_ap_uint_const_ap_uint_const_ap_u_16_address1      |  out|   10|   ap_memory|      void_UpConv_Fused_Row_ap_uint_ap_uint_const_ap_uint_const_ap_uint_const_ap_u_16|         array|
|void_UpConv_Fused_Row_ap_uint_ap_uint_const_ap_uint_const_ap_uint_const_ap_u_16_ce1           |  out|    1|   ap_memory|      void_UpConv_Fused_Row_ap_uint_ap_uint_const_ap_uint_const_ap_uint_const_ap_u_16|         array|
|void_UpConv_Fused_Row_ap_uint_ap_uint_const_ap_uint_const_ap_uint_const_ap_u_16_q1            |   in|   16|   ap_memory|      void_UpConv_Fused_Row_ap_uint_ap_uint_const_ap_uint_const_ap_uint_const_ap_u_16|         array|
|void_UpConv_Fused_Row_ap_uint_ap_uint_const_ap_uint_const_ap_uint_const_ap_u_15_address0      |  out|   10|   ap_memory|      void_UpConv_Fused_Row_ap_uint_ap_uint_const_ap_uint_const_ap_uint_const_ap_u_15|         array|
|void_UpConv_Fused_Row_ap_uint_ap_uint_const_ap_uint_const_ap_uint_const_ap_u_15_ce0           |  out|    1|   ap_memory|      void_UpConv_Fused_Row_ap_uint_ap_uint_const_ap_uint_const_ap_uint_const_ap_u_15|         array|
|void_UpConv_Fused_Row_ap_uint_ap_uint_const_ap_uint_const_ap_uint_const_ap_u_15_we0           |  out|    1|   ap_memory|      void_UpConv_Fused_Row_ap_uint_ap_uint_const_ap_uint_const_ap_uint_const_ap_u_15|         array|
|void_UpConv_Fused_Row_ap_uint_ap_uint_const_ap_uint_const_ap_uint_const_ap_u_15_d0            |  out|   16|   ap_memory|      void_UpConv_Fused_Row_ap_uint_ap_uint_const_ap_uint_const_ap_uint_const_ap_u_15|         array|
|void_UpConv_Fused_Row_ap_uint_ap_uint_const_ap_uint_const_ap_uint_const_ap_u_15_address1      |  out|   10|   ap_memory|      void_UpConv_Fused_Row_ap_uint_ap_uint_const_ap_uint_const_ap_uint_const_ap_u_15|         array|
|void_UpConv_Fused_Row_ap_uint_ap_uint_const_ap_uint_const_ap_uint_const_ap_u_15_ce1           |  out|    1|   ap_memory|      void_UpConv_Fused_Row_ap_uint_ap_uint_const_ap_uint_const_ap_uint_const_ap_u_15|         array|
|void_UpConv_Fused_Row_ap_uint_ap_uint_const_ap_uint_const_ap_uint_const_ap_u_15_q1            |   in|   16|   ap_memory|      void_UpConv_Fused_Row_ap_uint_ap_uint_const_ap_uint_const_ap_uint_const_ap_u_15|         array|
|void_UpConv_Fused_Row_ap_uint_ap_uint_const_ap_uint_const_ap_uint_const_ap_u_14_address0      |  out|   10|   ap_memory|      void_UpConv_Fused_Row_ap_uint_ap_uint_const_ap_uint_const_ap_uint_const_ap_u_14|         array|
|void_UpConv_Fused_Row_ap_uint_ap_uint_const_ap_uint_const_ap_uint_const_ap_u_14_ce0           |  out|    1|   ap_memory|      void_UpConv_Fused_Row_ap_uint_ap_uint_const_ap_uint_const_ap_uint_const_ap_u_14|         array|
|void_UpConv_Fused_Row_ap_uint_ap_uint_const_ap_uint_const_ap_uint_const_ap_u_14_we0           |  out|    1|   ap_memory|      void_UpConv_Fused_Row_ap_uint_ap_uint_const_ap_uint_const_ap_uint_const_ap_u_14|         array|
|void_UpConv_Fused_Row_ap_uint_ap_uint_const_ap_uint_const_ap_uint_const_ap_u_14_d0            |  out|   16|   ap_memory|      void_UpConv_Fused_Row_ap_uint_ap_uint_const_ap_uint_const_ap_uint_const_ap_u_14|         array|
|void_UpConv_Fused_Row_ap_uint_ap_uint_const_ap_uint_const_ap_uint_const_ap_u_14_address1      |  out|   10|   ap_memory|      void_UpConv_Fused_Row_ap_uint_ap_uint_const_ap_uint_const_ap_uint_const_ap_u_14|         array|
|void_UpConv_Fused_Row_ap_uint_ap_uint_const_ap_uint_const_ap_uint_const_ap_u_14_ce1           |  out|    1|   ap_memory|      void_UpConv_Fused_Row_ap_uint_ap_uint_const_ap_uint_const_ap_uint_const_ap_u_14|         array|
|void_UpConv_Fused_Row_ap_uint_ap_uint_const_ap_uint_const_ap_uint_const_ap_u_14_q1            |   in|   16|   ap_memory|      void_UpConv_Fused_Row_ap_uint_ap_uint_const_ap_uint_const_ap_uint_const_ap_u_14|         array|
|void_UpConv_Fused_Row_ap_uint_ap_uint_const_ap_uint_const_ap_uint_const_ap_u_13_address0      |  out|   10|   ap_memory|      void_UpConv_Fused_Row_ap_uint_ap_uint_const_ap_uint_const_ap_uint_const_ap_u_13|         array|
|void_UpConv_Fused_Row_ap_uint_ap_uint_const_ap_uint_const_ap_uint_const_ap_u_13_ce0           |  out|    1|   ap_memory|      void_UpConv_Fused_Row_ap_uint_ap_uint_const_ap_uint_const_ap_uint_const_ap_u_13|         array|
|void_UpConv_Fused_Row_ap_uint_ap_uint_const_ap_uint_const_ap_uint_const_ap_u_13_we0           |  out|    1|   ap_memory|      void_UpConv_Fused_Row_ap_uint_ap_uint_const_ap_uint_const_ap_uint_const_ap_u_13|         array|
|void_UpConv_Fused_Row_ap_uint_ap_uint_const_ap_uint_const_ap_uint_const_ap_u_13_d0            |  out|   16|   ap_memory|      void_UpConv_Fused_Row_ap_uint_ap_uint_const_ap_uint_const_ap_uint_const_ap_u_13|         array|
|void_UpConv_Fused_Row_ap_uint_ap_uint_const_ap_uint_const_ap_uint_const_ap_u_13_address1      |  out|   10|   ap_memory|      void_UpConv_Fused_Row_ap_uint_ap_uint_const_ap_uint_const_ap_uint_const_ap_u_13|         array|
|void_UpConv_Fused_Row_ap_uint_ap_uint_const_ap_uint_const_ap_uint_const_ap_u_13_ce1           |  out|    1|   ap_memory|      void_UpConv_Fused_Row_ap_uint_ap_uint_const_ap_uint_const_ap_uint_const_ap_u_13|         array|
|void_UpConv_Fused_Row_ap_uint_ap_uint_const_ap_uint_const_ap_uint_const_ap_u_13_q1            |   in|   16|   ap_memory|      void_UpConv_Fused_Row_ap_uint_ap_uint_const_ap_uint_const_ap_uint_const_ap_u_13|         array|
|void_UpConv_Fused_Row_ap_uint_ap_uint_const_ap_uint_const_ap_uint_const_ap_u_12_address0      |  out|   10|   ap_memory|      void_UpConv_Fused_Row_ap_uint_ap_uint_const_ap_uint_const_ap_uint_const_ap_u_12|         array|
|void_UpConv_Fused_Row_ap_uint_ap_uint_const_ap_uint_const_ap_uint_const_ap_u_12_ce0           |  out|    1|   ap_memory|      void_UpConv_Fused_Row_ap_uint_ap_uint_const_ap_uint_const_ap_uint_const_ap_u_12|         array|
|void_UpConv_Fused_Row_ap_uint_ap_uint_const_ap_uint_const_ap_uint_const_ap_u_12_we0           |  out|    1|   ap_memory|      void_UpConv_Fused_Row_ap_uint_ap_uint_const_ap_uint_const_ap_uint_const_ap_u_12|         array|
|void_UpConv_Fused_Row_ap_uint_ap_uint_const_ap_uint_const_ap_uint_const_ap_u_12_d0            |  out|   16|   ap_memory|      void_UpConv_Fused_Row_ap_uint_ap_uint_const_ap_uint_const_ap_uint_const_ap_u_12|         array|
|void_UpConv_Fused_Row_ap_uint_ap_uint_const_ap_uint_const_ap_uint_const_ap_u_12_address1      |  out|   10|   ap_memory|      void_UpConv_Fused_Row_ap_uint_ap_uint_const_ap_uint_const_ap_uint_const_ap_u_12|         array|
|void_UpConv_Fused_Row_ap_uint_ap_uint_const_ap_uint_const_ap_uint_const_ap_u_12_ce1           |  out|    1|   ap_memory|      void_UpConv_Fused_Row_ap_uint_ap_uint_const_ap_uint_const_ap_uint_const_ap_u_12|         array|
|void_UpConv_Fused_Row_ap_uint_ap_uint_const_ap_uint_const_ap_uint_const_ap_u_12_q1            |   in|   16|   ap_memory|      void_UpConv_Fused_Row_ap_uint_ap_uint_const_ap_uint_const_ap_uint_const_ap_u_12|         array|
|void_UpConv_Fused_Row_ap_uint_ap_uint_const_ap_uint_const_ap_uint_const_ap_u_11_address0      |  out|   10|   ap_memory|      void_UpConv_Fused_Row_ap_uint_ap_uint_const_ap_uint_const_ap_uint_const_ap_u_11|         array|
|void_UpConv_Fused_Row_ap_uint_ap_uint_const_ap_uint_const_ap_uint_const_ap_u_11_ce0           |  out|    1|   ap_memory|      void_UpConv_Fused_Row_ap_uint_ap_uint_const_ap_uint_const_ap_uint_const_ap_u_11|         array|
|void_UpConv_Fused_Row_ap_uint_ap_uint_const_ap_uint_const_ap_uint_const_ap_u_11_we0           |  out|    1|   ap_memory|      void_UpConv_Fused_Row_ap_uint_ap_uint_const_ap_uint_const_ap_uint_const_ap_u_11|         array|
|void_UpConv_Fused_Row_ap_uint_ap_uint_const_ap_uint_const_ap_uint_const_ap_u_11_d0            |  out|   16|   ap_memory|      void_UpConv_Fused_Row_ap_uint_ap_uint_const_ap_uint_const_ap_uint_const_ap_u_11|         array|
|void_UpConv_Fused_Row_ap_uint_ap_uint_const_ap_uint_const_ap_uint_const_ap_u_11_address1      |  out|   10|   ap_memory|      void_UpConv_Fused_Row_ap_uint_ap_uint_const_ap_uint_const_ap_uint_const_ap_u_11|         array|
|void_UpConv_Fused_Row_ap_uint_ap_uint_const_ap_uint_const_ap_uint_const_ap_u_11_ce1           |  out|    1|   ap_memory|      void_UpConv_Fused_Row_ap_uint_ap_uint_const_ap_uint_const_ap_uint_const_ap_u_11|         array|
|void_UpConv_Fused_Row_ap_uint_ap_uint_const_ap_uint_const_ap_uint_const_ap_u_11_q1            |   in|   16|   ap_memory|      void_UpConv_Fused_Row_ap_uint_ap_uint_const_ap_uint_const_ap_uint_const_ap_u_11|         array|
|void_UpConv_Fused_Row_ap_uint_ap_uint_const_ap_uint_const_ap_uint_const_ap_u_10_address0      |  out|   10|   ap_memory|      void_UpConv_Fused_Row_ap_uint_ap_uint_const_ap_uint_const_ap_uint_const_ap_u_10|         array|
|void_UpConv_Fused_Row_ap_uint_ap_uint_const_ap_uint_const_ap_uint_const_ap_u_10_ce0           |  out|    1|   ap_memory|      void_UpConv_Fused_Row_ap_uint_ap_uint_const_ap_uint_const_ap_uint_const_ap_u_10|         array|
|void_UpConv_Fused_Row_ap_uint_ap_uint_const_ap_uint_const_ap_uint_const_ap_u_10_we0           |  out|    1|   ap_memory|      void_UpConv_Fused_Row_ap_uint_ap_uint_const_ap_uint_const_ap_uint_const_ap_u_10|         array|
|void_UpConv_Fused_Row_ap_uint_ap_uint_const_ap_uint_const_ap_uint_const_ap_u_10_d0            |  out|   16|   ap_memory|      void_UpConv_Fused_Row_ap_uint_ap_uint_const_ap_uint_const_ap_uint_const_ap_u_10|         array|
|void_UpConv_Fused_Row_ap_uint_ap_uint_const_ap_uint_const_ap_uint_const_ap_u_10_address1      |  out|   10|   ap_memory|      void_UpConv_Fused_Row_ap_uint_ap_uint_const_ap_uint_const_ap_uint_const_ap_u_10|         array|
|void_UpConv_Fused_Row_ap_uint_ap_uint_const_ap_uint_const_ap_uint_const_ap_u_10_ce1           |  out|    1|   ap_memory|      void_UpConv_Fused_Row_ap_uint_ap_uint_const_ap_uint_const_ap_uint_const_ap_u_10|         array|
|void_UpConv_Fused_Row_ap_uint_ap_uint_const_ap_uint_const_ap_uint_const_ap_u_10_q1            |   in|   16|   ap_memory|      void_UpConv_Fused_Row_ap_uint_ap_uint_const_ap_uint_const_ap_uint_const_ap_u_10|         array|
|p_ZZ16UpConv_Fused_RowILi8ELi32ELi32ELi480ELi240EEvP7ap_uintILi256EEPKS1_S4_S4_S4_5_address0  |  out|   10|   ap_memory|  p_ZZ16UpConv_Fused_RowILi8ELi32ELi32ELi480ELi240EEvP7ap_uintILi256EEPKS1_S4_S4_S4_5|         array|
|p_ZZ16UpConv_Fused_RowILi8ELi32ELi32ELi480ELi240EEvP7ap_uintILi256EEPKS1_S4_S4_S4_5_ce0       |  out|    1|   ap_memory|  p_ZZ16UpConv_Fused_RowILi8ELi32ELi32ELi480ELi240EEvP7ap_uintILi256EEPKS1_S4_S4_S4_5|         array|
|p_ZZ16UpConv_Fused_RowILi8ELi32ELi32ELi480ELi240EEvP7ap_uintILi256EEPKS1_S4_S4_S4_5_we0       |  out|    1|   ap_memory|  p_ZZ16UpConv_Fused_RowILi8ELi32ELi32ELi480ELi240EEvP7ap_uintILi256EEPKS1_S4_S4_S4_5|         array|
|p_ZZ16UpConv_Fused_RowILi8ELi32ELi32ELi480ELi240EEvP7ap_uintILi256EEPKS1_S4_S4_S4_5_d0        |  out|   16|   ap_memory|  p_ZZ16UpConv_Fused_RowILi8ELi32ELi32ELi480ELi240EEvP7ap_uintILi256EEPKS1_S4_S4_S4_5|         array|
|p_ZZ16UpConv_Fused_RowILi8ELi32ELi32ELi480ELi240EEvP7ap_uintILi256EEPKS1_S4_S4_S4_5_address1  |  out|   10|   ap_memory|  p_ZZ16UpConv_Fused_RowILi8ELi32ELi32ELi480ELi240EEvP7ap_uintILi256EEPKS1_S4_S4_S4_5|         array|
|p_ZZ16UpConv_Fused_RowILi8ELi32ELi32ELi480ELi240EEvP7ap_uintILi256EEPKS1_S4_S4_S4_5_ce1       |  out|    1|   ap_memory|  p_ZZ16UpConv_Fused_RowILi8ELi32ELi32ELi480ELi240EEvP7ap_uintILi256EEPKS1_S4_S4_S4_5|         array|
|p_ZZ16UpConv_Fused_RowILi8ELi32ELi32ELi480ELi240EEvP7ap_uintILi256EEPKS1_S4_S4_S4_5_q1        |   in|   16|   ap_memory|  p_ZZ16UpConv_Fused_RowILi8ELi32ELi32ELi480ELi240EEvP7ap_uintILi256EEPKS1_S4_S4_S4_5|         array|
|p_ZZ16UpConv_Fused_RowILi8ELi32ELi32ELi480ELi240EEvP7ap_uintILi256EEPKS1_S4_S4_S4_4_address0  |  out|   10|   ap_memory|  p_ZZ16UpConv_Fused_RowILi8ELi32ELi32ELi480ELi240EEvP7ap_uintILi256EEPKS1_S4_S4_S4_4|         array|
|p_ZZ16UpConv_Fused_RowILi8ELi32ELi32ELi480ELi240EEvP7ap_uintILi256EEPKS1_S4_S4_S4_4_ce0       |  out|    1|   ap_memory|  p_ZZ16UpConv_Fused_RowILi8ELi32ELi32ELi480ELi240EEvP7ap_uintILi256EEPKS1_S4_S4_S4_4|         array|
|p_ZZ16UpConv_Fused_RowILi8ELi32ELi32ELi480ELi240EEvP7ap_uintILi256EEPKS1_S4_S4_S4_4_we0       |  out|    1|   ap_memory|  p_ZZ16UpConv_Fused_RowILi8ELi32ELi32ELi480ELi240EEvP7ap_uintILi256EEPKS1_S4_S4_S4_4|         array|
|p_ZZ16UpConv_Fused_RowILi8ELi32ELi32ELi480ELi240EEvP7ap_uintILi256EEPKS1_S4_S4_S4_4_d0        |  out|   16|   ap_memory|  p_ZZ16UpConv_Fused_RowILi8ELi32ELi32ELi480ELi240EEvP7ap_uintILi256EEPKS1_S4_S4_S4_4|         array|
|p_ZZ16UpConv_Fused_RowILi8ELi32ELi32ELi480ELi240EEvP7ap_uintILi256EEPKS1_S4_S4_S4_4_address1  |  out|   10|   ap_memory|  p_ZZ16UpConv_Fused_RowILi8ELi32ELi32ELi480ELi240EEvP7ap_uintILi256EEPKS1_S4_S4_S4_4|         array|
|p_ZZ16UpConv_Fused_RowILi8ELi32ELi32ELi480ELi240EEvP7ap_uintILi256EEPKS1_S4_S4_S4_4_ce1       |  out|    1|   ap_memory|  p_ZZ16UpConv_Fused_RowILi8ELi32ELi32ELi480ELi240EEvP7ap_uintILi256EEPKS1_S4_S4_S4_4|         array|
|p_ZZ16UpConv_Fused_RowILi8ELi32ELi32ELi480ELi240EEvP7ap_uintILi256EEPKS1_S4_S4_S4_4_q1        |   in|   16|   ap_memory|  p_ZZ16UpConv_Fused_RowILi8ELi32ELi32ELi480ELi240EEvP7ap_uintILi256EEPKS1_S4_S4_S4_4|         array|
|p_ZZ16UpConv_Fused_RowILi8ELi32ELi32ELi480ELi240EEvP7ap_uintILi256EEPKS1_S4_S4_S4_3_address0  |  out|   10|   ap_memory|  p_ZZ16UpConv_Fused_RowILi8ELi32ELi32ELi480ELi240EEvP7ap_uintILi256EEPKS1_S4_S4_S4_3|         array|
|p_ZZ16UpConv_Fused_RowILi8ELi32ELi32ELi480ELi240EEvP7ap_uintILi256EEPKS1_S4_S4_S4_3_ce0       |  out|    1|   ap_memory|  p_ZZ16UpConv_Fused_RowILi8ELi32ELi32ELi480ELi240EEvP7ap_uintILi256EEPKS1_S4_S4_S4_3|         array|
|p_ZZ16UpConv_Fused_RowILi8ELi32ELi32ELi480ELi240EEvP7ap_uintILi256EEPKS1_S4_S4_S4_3_we0       |  out|    1|   ap_memory|  p_ZZ16UpConv_Fused_RowILi8ELi32ELi32ELi480ELi240EEvP7ap_uintILi256EEPKS1_S4_S4_S4_3|         array|
|p_ZZ16UpConv_Fused_RowILi8ELi32ELi32ELi480ELi240EEvP7ap_uintILi256EEPKS1_S4_S4_S4_3_d0        |  out|   16|   ap_memory|  p_ZZ16UpConv_Fused_RowILi8ELi32ELi32ELi480ELi240EEvP7ap_uintILi256EEPKS1_S4_S4_S4_3|         array|
|p_ZZ16UpConv_Fused_RowILi8ELi32ELi32ELi480ELi240EEvP7ap_uintILi256EEPKS1_S4_S4_S4_3_address1  |  out|   10|   ap_memory|  p_ZZ16UpConv_Fused_RowILi8ELi32ELi32ELi480ELi240EEvP7ap_uintILi256EEPKS1_S4_S4_S4_3|         array|
|p_ZZ16UpConv_Fused_RowILi8ELi32ELi32ELi480ELi240EEvP7ap_uintILi256EEPKS1_S4_S4_S4_3_ce1       |  out|    1|   ap_memory|  p_ZZ16UpConv_Fused_RowILi8ELi32ELi32ELi480ELi240EEvP7ap_uintILi256EEPKS1_S4_S4_S4_3|         array|
|p_ZZ16UpConv_Fused_RowILi8ELi32ELi32ELi480ELi240EEvP7ap_uintILi256EEPKS1_S4_S4_S4_3_q1        |   in|   16|   ap_memory|  p_ZZ16UpConv_Fused_RowILi8ELi32ELi32ELi480ELi240EEvP7ap_uintILi256EEPKS1_S4_S4_S4_3|         array|
|p_ZZ16UpConv_Fused_RowILi8ELi32ELi32ELi480ELi240EEvP7ap_uintILi256EEPKS1_S4_S4_S4_2_address0  |  out|   10|   ap_memory|  p_ZZ16UpConv_Fused_RowILi8ELi32ELi32ELi480ELi240EEvP7ap_uintILi256EEPKS1_S4_S4_S4_2|         array|
|p_ZZ16UpConv_Fused_RowILi8ELi32ELi32ELi480ELi240EEvP7ap_uintILi256EEPKS1_S4_S4_S4_2_ce0       |  out|    1|   ap_memory|  p_ZZ16UpConv_Fused_RowILi8ELi32ELi32ELi480ELi240EEvP7ap_uintILi256EEPKS1_S4_S4_S4_2|         array|
|p_ZZ16UpConv_Fused_RowILi8ELi32ELi32ELi480ELi240EEvP7ap_uintILi256EEPKS1_S4_S4_S4_2_we0       |  out|    1|   ap_memory|  p_ZZ16UpConv_Fused_RowILi8ELi32ELi32ELi480ELi240EEvP7ap_uintILi256EEPKS1_S4_S4_S4_2|         array|
|p_ZZ16UpConv_Fused_RowILi8ELi32ELi32ELi480ELi240EEvP7ap_uintILi256EEPKS1_S4_S4_S4_2_d0        |  out|   16|   ap_memory|  p_ZZ16UpConv_Fused_RowILi8ELi32ELi32ELi480ELi240EEvP7ap_uintILi256EEPKS1_S4_S4_S4_2|         array|
|p_ZZ16UpConv_Fused_RowILi8ELi32ELi32ELi480ELi240EEvP7ap_uintILi256EEPKS1_S4_S4_S4_2_address1  |  out|   10|   ap_memory|  p_ZZ16UpConv_Fused_RowILi8ELi32ELi32ELi480ELi240EEvP7ap_uintILi256EEPKS1_S4_S4_S4_2|         array|
|p_ZZ16UpConv_Fused_RowILi8ELi32ELi32ELi480ELi240EEvP7ap_uintILi256EEPKS1_S4_S4_S4_2_ce1       |  out|    1|   ap_memory|  p_ZZ16UpConv_Fused_RowILi8ELi32ELi32ELi480ELi240EEvP7ap_uintILi256EEPKS1_S4_S4_S4_2|         array|
|p_ZZ16UpConv_Fused_RowILi8ELi32ELi32ELi480ELi240EEvP7ap_uintILi256EEPKS1_S4_S4_S4_2_q1        |   in|   16|   ap_memory|  p_ZZ16UpConv_Fused_RowILi8ELi32ELi32ELi480ELi240EEvP7ap_uintILi256EEPKS1_S4_S4_S4_2|         array|
|p_ZZ16UpConv_Fused_RowILi8ELi32ELi32ELi480ELi240EEvP7ap_uintILi256EEPKS1_S4_S4_S4_1_address0  |  out|   10|   ap_memory|  p_ZZ16UpConv_Fused_RowILi8ELi32ELi32ELi480ELi240EEvP7ap_uintILi256EEPKS1_S4_S4_S4_1|         array|
|p_ZZ16UpConv_Fused_RowILi8ELi32ELi32ELi480ELi240EEvP7ap_uintILi256EEPKS1_S4_S4_S4_1_ce0       |  out|    1|   ap_memory|  p_ZZ16UpConv_Fused_RowILi8ELi32ELi32ELi480ELi240EEvP7ap_uintILi256EEPKS1_S4_S4_S4_1|         array|
|p_ZZ16UpConv_Fused_RowILi8ELi32ELi32ELi480ELi240EEvP7ap_uintILi256EEPKS1_S4_S4_S4_1_we0       |  out|    1|   ap_memory|  p_ZZ16UpConv_Fused_RowILi8ELi32ELi32ELi480ELi240EEvP7ap_uintILi256EEPKS1_S4_S4_S4_1|         array|
|p_ZZ16UpConv_Fused_RowILi8ELi32ELi32ELi480ELi240EEvP7ap_uintILi256EEPKS1_S4_S4_S4_1_d0        |  out|   16|   ap_memory|  p_ZZ16UpConv_Fused_RowILi8ELi32ELi32ELi480ELi240EEvP7ap_uintILi256EEPKS1_S4_S4_S4_1|         array|
|p_ZZ16UpConv_Fused_RowILi8ELi32ELi32ELi480ELi240EEvP7ap_uintILi256EEPKS1_S4_S4_S4_1_address1  |  out|   10|   ap_memory|  p_ZZ16UpConv_Fused_RowILi8ELi32ELi32ELi480ELi240EEvP7ap_uintILi256EEPKS1_S4_S4_S4_1|         array|
|p_ZZ16UpConv_Fused_RowILi8ELi32ELi32ELi480ELi240EEvP7ap_uintILi256EEPKS1_S4_S4_S4_1_ce1       |  out|    1|   ap_memory|  p_ZZ16UpConv_Fused_RowILi8ELi32ELi32ELi480ELi240EEvP7ap_uintILi256EEPKS1_S4_S4_S4_1|         array|
|p_ZZ16UpConv_Fused_RowILi8ELi32ELi32ELi480ELi240EEvP7ap_uintILi256EEPKS1_S4_S4_S4_1_q1        |   in|   16|   ap_memory|  p_ZZ16UpConv_Fused_RowILi8ELi32ELi32ELi480ELi240EEvP7ap_uintILi256EEPKS1_S4_S4_S4_1|         array|
|p_ZZ16UpConv_Fused_RowILi8ELi32ELi32ELi480ELi240EEvP7ap_uintILi256EEPKS1_S4_S4_S4_address0    |  out|   10|   ap_memory|    p_ZZ16UpConv_Fused_RowILi8ELi32ELi32ELi480ELi240EEvP7ap_uintILi256EEPKS1_S4_S4_S4|         array|
|p_ZZ16UpConv_Fused_RowILi8ELi32ELi32ELi480ELi240EEvP7ap_uintILi256EEPKS1_S4_S4_S4_ce0         |  out|    1|   ap_memory|    p_ZZ16UpConv_Fused_RowILi8ELi32ELi32ELi480ELi240EEvP7ap_uintILi256EEPKS1_S4_S4_S4|         array|
|p_ZZ16UpConv_Fused_RowILi8ELi32ELi32ELi480ELi240EEvP7ap_uintILi256EEPKS1_S4_S4_S4_we0         |  out|    1|   ap_memory|    p_ZZ16UpConv_Fused_RowILi8ELi32ELi32ELi480ELi240EEvP7ap_uintILi256EEPKS1_S4_S4_S4|         array|
|p_ZZ16UpConv_Fused_RowILi8ELi32ELi32ELi480ELi240EEvP7ap_uintILi256EEPKS1_S4_S4_S4_d0          |  out|   16|   ap_memory|    p_ZZ16UpConv_Fused_RowILi8ELi32ELi32ELi480ELi240EEvP7ap_uintILi256EEPKS1_S4_S4_S4|         array|
|p_ZZ16UpConv_Fused_RowILi8ELi32ELi32ELi480ELi240EEvP7ap_uintILi256EEPKS1_S4_S4_S4_address1    |  out|   10|   ap_memory|    p_ZZ16UpConv_Fused_RowILi8ELi32ELi32ELi480ELi240EEvP7ap_uintILi256EEPKS1_S4_S4_S4|         array|
|p_ZZ16UpConv_Fused_RowILi8ELi32ELi32ELi480ELi240EEvP7ap_uintILi256EEPKS1_S4_S4_S4_ce1         |  out|    1|   ap_memory|    p_ZZ16UpConv_Fused_RowILi8ELi32ELi32ELi480ELi240EEvP7ap_uintILi256EEPKS1_S4_S4_S4|         array|
|p_ZZ16UpConv_Fused_RowILi8ELi32ELi32ELi480ELi240EEvP7ap_uintILi256EEPKS1_S4_S4_S4_q1          |   in|   16|   ap_memory|    p_ZZ16UpConv_Fused_RowILi8ELi32ELi32ELi480ELi240EEvP7ap_uintILi256EEPKS1_S4_S4_S4|         array|
+----------------------------------------------------------------------------------------------+-----+-----+------------+-------------------------------------------------------------------------------------+--------------+

