

================================================================
== Vitis HLS Report for 'upconv_core_top'
================================================================
* Date:           Wed Jun  3 12:32:24 2026

* Version:        2024.2 (Build 5238294 on Nov  8 2024)
* Project:        upconv_core_top
* Solution:       hls (Vivado IP Flow Target)
* Product family: zynquplus
* Target device:  xczu7ev-ffvc1156-2-e


================================================================
== Performance Estimates
================================================================
+ Timing: 
    * Summary: 
    +--------+---------+----------+------------+
    |  Clock |  Target | Estimated| Uncertainty|
    +--------+---------+----------+------------+
    |ap_clk  |  3.33 ns|  2.433 ns|     0.90 ns|
    +--------+---------+----------+------------+

+ Latency: 
    * Summary: 
    +---------+------------+----------+-----------+-------+------------+---------+
    |   Latency (cycles)   |  Latency (absolute)  |      Interval      | Pipeline|
    |   min   |     max    |    min   |    max    |  min  |     max    |   Type  |
    +---------+------------+----------+-----------+-------+------------+---------+
    |    64515|  1163580687|  0.215 ms|  3.878 sec|  64516|  1163580688|       no|
    +---------+------------+----------+-----------+-------+------------+---------+

    + Detail: 
        * Instance: 
        +-----------------------------------------------+------------------------------------+---------+---------+-----------+-----------+------+---------+------------------------------------------------+
        |                                               |                                    |  Latency (cycles) |   Latency (absolute)  |    Interval    |                    Pipeline                    |
        |                    Instance                   |               Module               |   min   |   max   |    min    |    max    |  min |   max   |                      Type                      |
        +-----------------------------------------------+------------------------------------+---------+---------+-----------+-----------+------+---------+------------------------------------------------+
        |grp_upconv_core_top_Pipeline_LOAD_B_fu_344     |upconv_core_top_Pipeline_LOAD_B     |        7|       33|  23.331 ns|   0.110 us|     5|       31|  loop auto-rewind stp (delay=0 clock cycles(s))|
        |grp_upconv_core_top_Pipeline_LOAD_ROW0_fu_353  |upconv_core_top_Pipeline_LOAD_ROW0  |       67|     7683|   0.223 us|  25.607 us|    65|     7681|  loop auto-rewind stp (delay=0 clock cycles(s))|
        |grp_upconv_core_top_Pipeline_LOAD_G_fu_363     |upconv_core_top_Pipeline_LOAD_G     |        7|       33|  23.331 ns|   0.110 us|     5|       31|  loop auto-rewind stp (delay=0 clock cycles(s))|
        |grp_upconv_core_top_Pipeline_LOAD_BE_fu_372    |upconv_core_top_Pipeline_LOAD_BE    |        7|       33|  23.331 ns|   0.110 us|     5|       31|  loop auto-rewind stp (delay=0 clock cycles(s))|
        |grp_UpConv_Fused_Row_8_s_fu_381                |UpConv_Fused_Row_8_s                |     1855|  4508947|   6.183 us|  15.028 ms|  1855|  4508947|                                              no|
        |grp_upconv_core_top_Pipeline_LOAD_ROW_fu_440   |upconv_core_top_Pipeline_LOAD_ROW   |       76|     2060|   0.253 us|   6.866 us|    65|     2049|  loop auto-rewind stp (delay=0 clock cycles(s))|
        +-----------------------------------------------+------------------------------------+---------+---------+-----------+-----------+------+---------+------------------------------------------------+

        * Loop: 
        +------------+---------+------------+----------------+-----------+-----------+----------+----------+
        |            |   Latency (cycles)   |    Iteration   |  Initiation Interval  |   Trip   |          |
        |  Loop Name |   min   |     max    |     Latency    |  achieved |   target  |   Count  | Pipelined|
        +------------+---------+------------+----------------+-----------+-----------+----------+----------+
        |- ROW_LOOP  |    60688|  1154555008|  3793 ~ 9019961|          -|          -|  16 ~ 128|        no|
        +------------+---------+------------+----------------+-----------+-----------+----------+----------+



================================================================
== Utilization Estimates
================================================================
* Summary: 
+-----------------+---------+------+--------+--------+-----+
|       Name      | BRAM_18K|  DSP |   FF   |   LUT  | URAM|
+-----------------+---------+------+--------+--------+-----+
|DSP              |        -|     -|       -|       -|    -|
|Expression       |        -|     -|       0|     479|    -|
|FIFO             |        -|     -|       -|       -|    -|
|Instance         |      180|   680|   74201|   52079|   32|
|Memory           |       24|     -|       0|       0|    4|
|Multiplexer      |        -|     -|       0|     676|    -|
|Register         |        -|     -|     771|       -|    -|
+-----------------+---------+------+--------+--------+-----+
|Total            |      204|   680|   74972|   53234|   36|
+-----------------+---------+------+--------+--------+-----+
|Available        |      624|  1728|  460800|  230400|   96|
+-----------------+---------+------+--------+--------+-----+
|Utilization (%)  |       32|    39|      16|      23|   37|
+-----------------+---------+------+--------+--------+-----+

+ Detail: 
    * Instance: 
    +-----------------------------------------------+------------------------------------+---------+-----+-------+-------+-----+
    |                    Instance                   |               Module               | BRAM_18K| DSP |   FF  |  LUT  | URAM|
    +-----------------------------------------------+------------------------------------+---------+-----+-------+-------+-----+
    |grp_UpConv_Fused_Row_8_s_fu_381                |UpConv_Fused_Row_8_s                |      120|  679|  67887|  46071|   32|
    |control_s_axi_U                                |control_s_axi                       |        0|    0|    516|    904|    0|
    |gmem_in_m_axi_U                                |gmem_in_m_axi                       |       15|    0|   1044|   1114|    0|
    |gmem_out_m_axi_U                               |gmem_out_m_axi                      |       15|    0|   1038|   1104|    0|
    |gmem_param_m_axi_U                             |gmem_param_m_axi                    |       15|    0|   1044|   1114|    0|
    |gmem_weight_m_axi_U                            |gmem_weight_m_axi                   |       15|    0|   1044|   1114|    0|
    |mul_6ns_8ns_14_1_1_U698                        |mul_6ns_8ns_14_1_1                  |        0|    0|      0|     40|    0|
    |mul_7ns_14ns_20_1_1_U699                       |mul_7ns_14ns_20_1_1                 |        0|    1|      0|      5|    0|
    |sparsemux_9_32_10_1_1_U696                     |sparsemux_9_32_10_1_1               |        0|    0|      0|     20|    0|
    |sparsemux_9_32_8_1_1_U697                      |sparsemux_9_32_8_1_1                |        0|    0|      0|     20|    0|
    |sparsemux_9_32_9_1_1_U695                      |sparsemux_9_32_9_1_1                |        0|    0|      0|     20|    0|
    |grp_upconv_core_top_Pipeline_LOAD_B_fu_344     |upconv_core_top_Pipeline_LOAD_B     |        0|    0|    277|     73|    0|
    |grp_upconv_core_top_Pipeline_LOAD_BE_fu_372    |upconv_core_top_Pipeline_LOAD_BE    |        0|    0|    277|     73|    0|
    |grp_upconv_core_top_Pipeline_LOAD_G_fu_363     |upconv_core_top_Pipeline_LOAD_G     |        0|    0|    277|     73|    0|
    |grp_upconv_core_top_Pipeline_LOAD_ROW_fu_440   |upconv_core_top_Pipeline_LOAD_ROW   |        0|    0|    499|    246|    0|
    |grp_upconv_core_top_Pipeline_LOAD_ROW0_fu_353  |upconv_core_top_Pipeline_LOAD_ROW0  |        0|    0|    298|     88|    0|
    +-----------------------------------------------+------------------------------------+---------+-----+-------+-------+-----+
    |Total                                          |                                    |      180|  680|  74201|  52079|   32|
    +-----------------------------------------------+------------------------------------+---------+-----+-------+-------+-----+

    * DSP: 
    N/A

    * Memory: 
    +----------+-------------------------+---------+---+----+-----+------+-----+------+-------------+
    |  Memory  |          Module         | BRAM_18K| FF| LUT| URAM| Words| Bits| Banks| W*Bits*Banks|
    +----------+-------------------------+---------+---+----+-----+------+-----+------+-------------+
    |b_buf_U   |b_buf_RAM_T2P_BRAM_1R1W  |        8|  0|   0|    0|    30|  256|     1|         7680|
    |g_buf_U   |b_buf_RAM_T2P_BRAM_1R1W  |        8|  0|   0|    0|    30|  256|     1|         7680|
    |be_buf_U  |b_buf_RAM_T2P_BRAM_1R1W  |        8|  0|   0|    0|    30|  256|     1|         7680|
    |x_buf_U   |x_buf_RAM_T2P_URAM_1R1W  |        0|  0|   0|    4|  2048|  256|     1|       524288|
    +----------+-------------------------+---------+---+----+-----+------+-----+------+-------------+
    |Total     |                         |       24|  0|   0|    4|  2138| 1024|     4|       547328|
    +----------+-------------------------+---------+---+----+-----+------+-----+------+-------------+

    * FIFO: 
    N/A

    * Expression: 
    +----------------------------------+----------+----+---+----+------------+------------+
    |           Variable Name          | Operation| DSP| FF| LUT| Bitwidth P0| Bitwidth P1|
    +----------------------------------+----------+----+---+----+------------+------------+
    |add_ln373_fu_578_p2               |         +|   0|  0|  17|          10|           4|
    |add_ln374_fu_617_p2               |         +|   0|  0|  16|           9|           4|
    |add_ln395_1_fu_794_p2             |         +|   0|  0|  15|           8|           1|
    |add_ln395_2_fu_779_p2             |         +|   0|  0|  14|           7|           1|
    |add_ln395_fu_692_p2               |         +|   0|  0|  71|          64|          64|
    |add_ln405_fu_851_p2               |         +|   0|  0|  15|           8|           2|
    |add_ln410_fu_815_p2               |         +|   0|  0|  15|           8|           2|
    |base_buf_fu_840_p2                |       and|   0|  0|  11|          11|          11|
    |icmp_ln395_fu_774_p2              |      icmp|   0|  0|  15|           8|           8|
    |icmp_ln46_1_fu_458_p2             |      icmp|   0|  0|  39|          32|           1|
    |icmp_ln46_2_fu_464_p2             |      icmp|   0|  0|  39|          32|           2|
    |icmp_ln46_3_fu_470_p2             |      icmp|   0|  0|  39|          32|           2|
    |icmp_ln46_fu_452_p2               |      icmp|   0|  0|  39|          32|           1|
    |ap_block_state12_on_subcall_done  |        or|   0|  0|   2|           1|           1|
    |ap_block_state3_io                |        or|   0|  0|   2|           1|           1|
    |empty_54_fu_753_p2                |        or|   0|  0|   2|           1|           1|
    |or_ln46_fu_734_p2                 |        or|   0|  0|   2|           1|           1|
    |empty_fu_746_p3                   |    select|   0|  0|  30|           1|          30|
    |inv_C_OUT_fu_757_p3               |    select|   0|  0|  32|           1|          32|
    |select_ln399_fu_832_p3            |    select|   0|  0|   2|           1|           2|
    |select_ln46_1_fu_738_p3           |    select|   0|  0|  32|           1|          32|
    |select_ln46_fu_727_p3             |    select|   0|  0|  30|           1|          30|
    +----------------------------------+----------+----+---+----+------------+------------+
    |Total                             |          |   0|  0| 479|         270|         233|
    +----------------------------------+----------+----+---+----+------------+------------+

    * Multiplexer: 
    +------------------------------------+-----+-----------+-----+-----------+
    |                Name                | LUT | Input Size| Bits| Total Bits|
    +------------------------------------+-----+-----------+-----+-----------+
    |ap_NS_fsm                           |  202|         44|    1|         44|
    |b_buf_address0                      |   14|          3|    5|         15|
    |b_buf_ce0                           |   14|          3|    1|          3|
    |b_buf_we0                           |    9|          2|    1|          2|
    |be_buf_address0                     |   14|          3|    5|         15|
    |be_buf_ce0                          |   14|          3|    1|          3|
    |be_buf_we0                          |    9|          2|    1|          2|
    |g_buf_address0                      |   14|          3|    5|         15|
    |g_buf_ce0                           |   14|          3|    1|          3|
    |g_buf_we0                           |    9|          2|    1|          2|
    |gmem_in_0_ARADDR                    |   20|          4|   64|        256|
    |gmem_in_0_ARLEN                     |   20|          4|   32|        128|
    |gmem_in_0_ARVALID                   |   20|          4|    1|          4|
    |gmem_in_0_RREADY                    |   14|          3|    1|          3|
    |gmem_in_blk_n_AR                    |    9|          2|    1|          2|
    |gmem_out_0_AWVALID                  |    9|          2|    1|          2|
    |gmem_out_0_BREADY                   |    9|          2|    1|          2|
    |gmem_out_0_WVALID                   |    9|          2|    1|          2|
    |gmem_param_0_ARADDR                 |   37|          7|   64|        448|
    |gmem_param_0_ARLEN                  |   31|          6|   32|        192|
    |gmem_param_0_ARVALID                |   26|          5|    1|          5|
    |gmem_param_0_RREADY                 |   20|          4|    1|          4|
    |gmem_param_blk_n_AR                 |    9|          2|    1|          2|
    |gmem_weight_0_ARVALID               |    9|          2|    1|          2|
    |gmem_weight_0_RREADY                |    9|          2|    1|          2|
    |grp_UpConv_Fused_Row_8_s_fu_381_ho  |   26|          5|    8|         40|
    |hi_fu_252                           |    9|          2|    8|         16|
    |indvar_fu_256                       |    9|          2|    7|         14|
    |x_buf_address0                      |   20|          4|   11|         44|
    |x_buf_ce0                           |   20|          4|    1|          4|
    |x_buf_d0                            |   14|          3|  256|        768|
    |x_buf_we0                           |   14|          3|    1|          3|
    +------------------------------------+-----+-----------+-----+-----------+
    |Total                               |  676|        142|  517|       2047|
    +------------------------------------+-----+-----------+-----+-----------+

    * Register: 
    +------------------------------------------------------------+----+----+-----+-----------+
    |                            Name                            | FF | LUT| Bits| Const Bits|
    +------------------------------------------------------------+----+----+-----+-----------+
    |CI_W_reg_951                                                |   6|   0|    6|          0|
    |C_IN_reg_919                                                |  10|   0|   10|          0|
    |C_OUT_reg_913                                               |   9|   0|    9|          0|
    |C_WORDS_OUT_reg_962                                         |   5|   0|    5|          0|
    |W_IN_reg_924                                                |   8|   0|    8|          0|
    |W_read_reg_881                                              |  64|   0|   64|          0|
    |X_read_reg_886                                              |  64|   0|   64|          0|
    |Y_read_reg_876                                              |  64|   0|   64|          0|
    |add_ln405_reg_1073                                          |   8|   0|    8|          0|
    |add_ln410_reg_1053                                          |   8|   0|    8|          0|
    |ap_CS_fsm                                                   |  43|   0|   43|          0|
    |base_buf_reg_1063                                           |  11|   0|   11|          0|
    |epsilon_read_reg_871                                        |  16|   0|   16|          0|
    |grp_UpConv_Fused_Row_8_s_fu_381_ap_start_reg                |   1|   0|    1|          0|
    |grp_upconv_core_top_Pipeline_LOAD_BE_fu_372_ap_start_reg    |   1|   0|    1|          0|
    |grp_upconv_core_top_Pipeline_LOAD_B_fu_344_ap_start_reg     |   1|   0|    1|          0|
    |grp_upconv_core_top_Pipeline_LOAD_G_fu_363_ap_start_reg     |   1|   0|    1|          0|
    |grp_upconv_core_top_Pipeline_LOAD_ROW0_fu_353_ap_start_reg  |   1|   0|    1|          0|
    |grp_upconv_core_top_Pipeline_LOAD_ROW_fu_440_ap_start_reg   |   1|   0|    1|          0|
    |hi_1_reg_1039                                               |   8|   0|    8|          0|
    |hi_fu_252                                                   |   8|   0|    8|          0|
    |icmp_ln46_1_reg_896                                         |   1|   0|    1|          0|
    |icmp_ln46_2_reg_902                                         |   1|   0|    1|          0|
    |icmp_ln46_3_reg_907                                         |   1|   0|    1|          0|
    |icmp_ln46_reg_891                                           |   1|   0|    1|          0|
    |indvar_fu_256                                               |   7|   0|    7|          0|
    |inv_C_OUT_reg_1029                                          |  10|   0|   32|         22|
    |mul_ln397_reg_1048                                          |  20|   0|   20|          0|
    |shl_ln1_reg_1058                                            |  20|   0|   25|          5|
    |shl_ln405_reg_1068                                          |   8|   0|    8|          0|
    |total_reg_970                                               |  14|   0|   14|          0|
    |trunc_ln1_reg_939                                           |  59|   0|   59|          0|
    |trunc_ln2_reg_945                                           |  59|   0|   59|          0|
    |trunc_ln386_reg_976                                         |  11|   0|   11|          0|
    |trunc_ln387_reg_981                                         |  13|   0|   13|          0|
    |trunc_ln395_reg_987                                         |  12|   0|   12|          0|
    |trunc_ln4_reg_956                                           |  59|   0|   59|          0|
    |trunc_ln5_reg_1014                                          |  59|   0|   59|          0|
    |trunc_ln_reg_933                                            |  59|   0|   59|          0|
    |wide_trip_count36_reg_992                                   |   5|   0|   64|         59|
    |zext_ln395_1_reg_1034                                       |  14|   0|   20|          6|
    +------------------------------------------------------------+----+----+-----+-----------+
    |Total                                                       | 771|   0|  863|         92|
    +------------------------------------------------------------+----+----+-----+-----------+



================================================================
== Interface
================================================================
* Summary: 
+----------------------------+-----+-----+------------+-----------------+--------------+
|          RTL Ports         | Dir | Bits|  Protocol  |  Source Object  |    C Type    |
+----------------------------+-----+-----+------------+-----------------+--------------+
|s_axi_control_AWVALID       |   in|    1|       s_axi|          control|        scalar|
|s_axi_control_AWREADY       |  out|    1|       s_axi|          control|        scalar|
|s_axi_control_AWADDR        |   in|    7|       s_axi|          control|        scalar|
|s_axi_control_WVALID        |   in|    1|       s_axi|          control|        scalar|
|s_axi_control_WREADY        |  out|    1|       s_axi|          control|        scalar|
|s_axi_control_WDATA         |   in|   32|       s_axi|          control|        scalar|
|s_axi_control_WSTRB         |   in|    4|       s_axi|          control|        scalar|
|s_axi_control_ARVALID       |   in|    1|       s_axi|          control|        scalar|
|s_axi_control_ARREADY       |  out|    1|       s_axi|          control|        scalar|
|s_axi_control_ARADDR        |   in|    7|       s_axi|          control|        scalar|
|s_axi_control_RVALID        |  out|    1|       s_axi|          control|        scalar|
|s_axi_control_RREADY        |   in|    1|       s_axi|          control|        scalar|
|s_axi_control_RDATA         |  out|   32|       s_axi|          control|        scalar|
|s_axi_control_RRESP         |  out|    2|       s_axi|          control|        scalar|
|s_axi_control_BVALID        |  out|    1|       s_axi|          control|        scalar|
|s_axi_control_BREADY        |   in|    1|       s_axi|          control|        scalar|
|s_axi_control_BRESP         |  out|    2|       s_axi|          control|        scalar|
|ap_clk                      |   in|    1|  ap_ctrl_hs|  upconv_core_top|  return value|
|ap_rst_n                    |   in|    1|  ap_ctrl_hs|  upconv_core_top|  return value|
|interrupt                   |  out|    1|  ap_ctrl_hs|  upconv_core_top|  return value|
|m_axi_gmem_in_AWVALID       |  out|    1|       m_axi|          gmem_in|       pointer|
|m_axi_gmem_in_AWREADY       |   in|    1|       m_axi|          gmem_in|       pointer|
|m_axi_gmem_in_AWADDR        |  out|   64|       m_axi|          gmem_in|       pointer|
|m_axi_gmem_in_AWID          |  out|    1|       m_axi|          gmem_in|       pointer|
|m_axi_gmem_in_AWLEN         |  out|    8|       m_axi|          gmem_in|       pointer|
|m_axi_gmem_in_AWSIZE        |  out|    3|       m_axi|          gmem_in|       pointer|
|m_axi_gmem_in_AWBURST       |  out|    2|       m_axi|          gmem_in|       pointer|
|m_axi_gmem_in_AWLOCK        |  out|    2|       m_axi|          gmem_in|       pointer|
|m_axi_gmem_in_AWCACHE       |  out|    4|       m_axi|          gmem_in|       pointer|
|m_axi_gmem_in_AWPROT        |  out|    3|       m_axi|          gmem_in|       pointer|
|m_axi_gmem_in_AWQOS         |  out|    4|       m_axi|          gmem_in|       pointer|
|m_axi_gmem_in_AWREGION      |  out|    4|       m_axi|          gmem_in|       pointer|
|m_axi_gmem_in_AWUSER        |  out|    1|       m_axi|          gmem_in|       pointer|
|m_axi_gmem_in_WVALID        |  out|    1|       m_axi|          gmem_in|       pointer|
|m_axi_gmem_in_WREADY        |   in|    1|       m_axi|          gmem_in|       pointer|
|m_axi_gmem_in_WDATA         |  out|  256|       m_axi|          gmem_in|       pointer|
|m_axi_gmem_in_WSTRB         |  out|   32|       m_axi|          gmem_in|       pointer|
|m_axi_gmem_in_WLAST         |  out|    1|       m_axi|          gmem_in|       pointer|
|m_axi_gmem_in_WID           |  out|    1|       m_axi|          gmem_in|       pointer|
|m_axi_gmem_in_WUSER         |  out|    1|       m_axi|          gmem_in|       pointer|
|m_axi_gmem_in_ARVALID       |  out|    1|       m_axi|          gmem_in|       pointer|
|m_axi_gmem_in_ARREADY       |   in|    1|       m_axi|          gmem_in|       pointer|
|m_axi_gmem_in_ARADDR        |  out|   64|       m_axi|          gmem_in|       pointer|
|m_axi_gmem_in_ARID          |  out|    1|       m_axi|          gmem_in|       pointer|
|m_axi_gmem_in_ARLEN         |  out|    8|       m_axi|          gmem_in|       pointer|
|m_axi_gmem_in_ARSIZE        |  out|    3|       m_axi|          gmem_in|       pointer|
|m_axi_gmem_in_ARBURST       |  out|    2|       m_axi|          gmem_in|       pointer|
|m_axi_gmem_in_ARLOCK        |  out|    2|       m_axi|          gmem_in|       pointer|
|m_axi_gmem_in_ARCACHE       |  out|    4|       m_axi|          gmem_in|       pointer|
|m_axi_gmem_in_ARPROT        |  out|    3|       m_axi|          gmem_in|       pointer|
|m_axi_gmem_in_ARQOS         |  out|    4|       m_axi|          gmem_in|       pointer|
|m_axi_gmem_in_ARREGION      |  out|    4|       m_axi|          gmem_in|       pointer|
|m_axi_gmem_in_ARUSER        |  out|    1|       m_axi|          gmem_in|       pointer|
|m_axi_gmem_in_RVALID        |   in|    1|       m_axi|          gmem_in|       pointer|
|m_axi_gmem_in_RREADY        |  out|    1|       m_axi|          gmem_in|       pointer|
|m_axi_gmem_in_RDATA         |   in|  256|       m_axi|          gmem_in|       pointer|
|m_axi_gmem_in_RLAST         |   in|    1|       m_axi|          gmem_in|       pointer|
|m_axi_gmem_in_RID           |   in|    1|       m_axi|          gmem_in|       pointer|
|m_axi_gmem_in_RUSER         |   in|    1|       m_axi|          gmem_in|       pointer|
|m_axi_gmem_in_RRESP         |   in|    2|       m_axi|          gmem_in|       pointer|
|m_axi_gmem_in_BVALID        |   in|    1|       m_axi|          gmem_in|       pointer|
|m_axi_gmem_in_BREADY        |  out|    1|       m_axi|          gmem_in|       pointer|
|m_axi_gmem_in_BRESP         |   in|    2|       m_axi|          gmem_in|       pointer|
|m_axi_gmem_in_BID           |   in|    1|       m_axi|          gmem_in|       pointer|
|m_axi_gmem_in_BUSER         |   in|    1|       m_axi|          gmem_in|       pointer|
|m_axi_gmem_weight_AWVALID   |  out|    1|       m_axi|      gmem_weight|       pointer|
|m_axi_gmem_weight_AWREADY   |   in|    1|       m_axi|      gmem_weight|       pointer|
|m_axi_gmem_weight_AWADDR    |  out|   64|       m_axi|      gmem_weight|       pointer|
|m_axi_gmem_weight_AWID      |  out|    1|       m_axi|      gmem_weight|       pointer|
|m_axi_gmem_weight_AWLEN     |  out|    8|       m_axi|      gmem_weight|       pointer|
|m_axi_gmem_weight_AWSIZE    |  out|    3|       m_axi|      gmem_weight|       pointer|
|m_axi_gmem_weight_AWBURST   |  out|    2|       m_axi|      gmem_weight|       pointer|
|m_axi_gmem_weight_AWLOCK    |  out|    2|       m_axi|      gmem_weight|       pointer|
|m_axi_gmem_weight_AWCACHE   |  out|    4|       m_axi|      gmem_weight|       pointer|
|m_axi_gmem_weight_AWPROT    |  out|    3|       m_axi|      gmem_weight|       pointer|
|m_axi_gmem_weight_AWQOS     |  out|    4|       m_axi|      gmem_weight|       pointer|
|m_axi_gmem_weight_AWREGION  |  out|    4|       m_axi|      gmem_weight|       pointer|
|m_axi_gmem_weight_AWUSER    |  out|    1|       m_axi|      gmem_weight|       pointer|
|m_axi_gmem_weight_WVALID    |  out|    1|       m_axi|      gmem_weight|       pointer|
|m_axi_gmem_weight_WREADY    |   in|    1|       m_axi|      gmem_weight|       pointer|
|m_axi_gmem_weight_WDATA     |  out|  256|       m_axi|      gmem_weight|       pointer|
|m_axi_gmem_weight_WSTRB     |  out|   32|       m_axi|      gmem_weight|       pointer|
|m_axi_gmem_weight_WLAST     |  out|    1|       m_axi|      gmem_weight|       pointer|
|m_axi_gmem_weight_WID       |  out|    1|       m_axi|      gmem_weight|       pointer|
|m_axi_gmem_weight_WUSER     |  out|    1|       m_axi|      gmem_weight|       pointer|
|m_axi_gmem_weight_ARVALID   |  out|    1|       m_axi|      gmem_weight|       pointer|
|m_axi_gmem_weight_ARREADY   |   in|    1|       m_axi|      gmem_weight|       pointer|
|m_axi_gmem_weight_ARADDR    |  out|   64|       m_axi|      gmem_weight|       pointer|
|m_axi_gmem_weight_ARID      |  out|    1|       m_axi|      gmem_weight|       pointer|
|m_axi_gmem_weight_ARLEN     |  out|    8|       m_axi|      gmem_weight|       pointer|
|m_axi_gmem_weight_ARSIZE    |  out|    3|       m_axi|      gmem_weight|       pointer|
|m_axi_gmem_weight_ARBURST   |  out|    2|       m_axi|      gmem_weight|       pointer|
|m_axi_gmem_weight_ARLOCK    |  out|    2|       m_axi|      gmem_weight|       pointer|
|m_axi_gmem_weight_ARCACHE   |  out|    4|       m_axi|      gmem_weight|       pointer|
|m_axi_gmem_weight_ARPROT    |  out|    3|       m_axi|      gmem_weight|       pointer|
|m_axi_gmem_weight_ARQOS     |  out|    4|       m_axi|      gmem_weight|       pointer|
|m_axi_gmem_weight_ARREGION  |  out|    4|       m_axi|      gmem_weight|       pointer|
|m_axi_gmem_weight_ARUSER    |  out|    1|       m_axi|      gmem_weight|       pointer|
|m_axi_gmem_weight_RVALID    |   in|    1|       m_axi|      gmem_weight|       pointer|
|m_axi_gmem_weight_RREADY    |  out|    1|       m_axi|      gmem_weight|       pointer|
|m_axi_gmem_weight_RDATA     |   in|  256|       m_axi|      gmem_weight|       pointer|
|m_axi_gmem_weight_RLAST     |   in|    1|       m_axi|      gmem_weight|       pointer|
|m_axi_gmem_weight_RID       |   in|    1|       m_axi|      gmem_weight|       pointer|
|m_axi_gmem_weight_RUSER     |   in|    1|       m_axi|      gmem_weight|       pointer|
|m_axi_gmem_weight_RRESP     |   in|    2|       m_axi|      gmem_weight|       pointer|
|m_axi_gmem_weight_BVALID    |   in|    1|       m_axi|      gmem_weight|       pointer|
|m_axi_gmem_weight_BREADY    |  out|    1|       m_axi|      gmem_weight|       pointer|
|m_axi_gmem_weight_BRESP     |   in|    2|       m_axi|      gmem_weight|       pointer|
|m_axi_gmem_weight_BID       |   in|    1|       m_axi|      gmem_weight|       pointer|
|m_axi_gmem_weight_BUSER     |   in|    1|       m_axi|      gmem_weight|       pointer|
|m_axi_gmem_param_AWVALID    |  out|    1|       m_axi|       gmem_param|       pointer|
|m_axi_gmem_param_AWREADY    |   in|    1|       m_axi|       gmem_param|       pointer|
|m_axi_gmem_param_AWADDR     |  out|   64|       m_axi|       gmem_param|       pointer|
|m_axi_gmem_param_AWID       |  out|    1|       m_axi|       gmem_param|       pointer|
|m_axi_gmem_param_AWLEN      |  out|    8|       m_axi|       gmem_param|       pointer|
|m_axi_gmem_param_AWSIZE     |  out|    3|       m_axi|       gmem_param|       pointer|
|m_axi_gmem_param_AWBURST    |  out|    2|       m_axi|       gmem_param|       pointer|
|m_axi_gmem_param_AWLOCK     |  out|    2|       m_axi|       gmem_param|       pointer|
|m_axi_gmem_param_AWCACHE    |  out|    4|       m_axi|       gmem_param|       pointer|
|m_axi_gmem_param_AWPROT     |  out|    3|       m_axi|       gmem_param|       pointer|
|m_axi_gmem_param_AWQOS      |  out|    4|       m_axi|       gmem_param|       pointer|
|m_axi_gmem_param_AWREGION   |  out|    4|       m_axi|       gmem_param|       pointer|
|m_axi_gmem_param_AWUSER     |  out|    1|       m_axi|       gmem_param|       pointer|
|m_axi_gmem_param_WVALID     |  out|    1|       m_axi|       gmem_param|       pointer|
|m_axi_gmem_param_WREADY     |   in|    1|       m_axi|       gmem_param|       pointer|
|m_axi_gmem_param_WDATA      |  out|  256|       m_axi|       gmem_param|       pointer|
|m_axi_gmem_param_WSTRB      |  out|   32|       m_axi|       gmem_param|       pointer|
|m_axi_gmem_param_WLAST      |  out|    1|       m_axi|       gmem_param|       pointer|
|m_axi_gmem_param_WID        |  out|    1|       m_axi|       gmem_param|       pointer|
|m_axi_gmem_param_WUSER      |  out|    1|       m_axi|       gmem_param|       pointer|
|m_axi_gmem_param_ARVALID    |  out|    1|       m_axi|       gmem_param|       pointer|
|m_axi_gmem_param_ARREADY    |   in|    1|       m_axi|       gmem_param|       pointer|
|m_axi_gmem_param_ARADDR     |  out|   64|       m_axi|       gmem_param|       pointer|
|m_axi_gmem_param_ARID       |  out|    1|       m_axi|       gmem_param|       pointer|
|m_axi_gmem_param_ARLEN      |  out|    8|       m_axi|       gmem_param|       pointer|
|m_axi_gmem_param_ARSIZE     |  out|    3|       m_axi|       gmem_param|       pointer|
|m_axi_gmem_param_ARBURST    |  out|    2|       m_axi|       gmem_param|       pointer|
|m_axi_gmem_param_ARLOCK     |  out|    2|       m_axi|       gmem_param|       pointer|
|m_axi_gmem_param_ARCACHE    |  out|    4|       m_axi|       gmem_param|       pointer|
|m_axi_gmem_param_ARPROT     |  out|    3|       m_axi|       gmem_param|       pointer|
|m_axi_gmem_param_ARQOS      |  out|    4|       m_axi|       gmem_param|       pointer|
|m_axi_gmem_param_ARREGION   |  out|    4|       m_axi|       gmem_param|       pointer|
|m_axi_gmem_param_ARUSER     |  out|    1|       m_axi|       gmem_param|       pointer|
|m_axi_gmem_param_RVALID     |   in|    1|       m_axi|       gmem_param|       pointer|
|m_axi_gmem_param_RREADY     |  out|    1|       m_axi|       gmem_param|       pointer|
|m_axi_gmem_param_RDATA      |   in|  256|       m_axi|       gmem_param|       pointer|
|m_axi_gmem_param_RLAST      |   in|    1|       m_axi|       gmem_param|       pointer|
|m_axi_gmem_param_RID        |   in|    1|       m_axi|       gmem_param|       pointer|
|m_axi_gmem_param_RUSER      |   in|    1|       m_axi|       gmem_param|       pointer|
|m_axi_gmem_param_RRESP      |   in|    2|       m_axi|       gmem_param|       pointer|
|m_axi_gmem_param_BVALID     |   in|    1|       m_axi|       gmem_param|       pointer|
|m_axi_gmem_param_BREADY     |  out|    1|       m_axi|       gmem_param|       pointer|
|m_axi_gmem_param_BRESP      |   in|    2|       m_axi|       gmem_param|       pointer|
|m_axi_gmem_param_BID        |   in|    1|       m_axi|       gmem_param|       pointer|
|m_axi_gmem_param_BUSER      |   in|    1|       m_axi|       gmem_param|       pointer|
|m_axi_gmem_out_AWVALID      |  out|    1|       m_axi|         gmem_out|       pointer|
|m_axi_gmem_out_AWREADY      |   in|    1|       m_axi|         gmem_out|       pointer|
|m_axi_gmem_out_AWADDR       |  out|   64|       m_axi|         gmem_out|       pointer|
|m_axi_gmem_out_AWID         |  out|    1|       m_axi|         gmem_out|       pointer|
|m_axi_gmem_out_AWLEN        |  out|    8|       m_axi|         gmem_out|       pointer|
|m_axi_gmem_out_AWSIZE       |  out|    3|       m_axi|         gmem_out|       pointer|
|m_axi_gmem_out_AWBURST      |  out|    2|       m_axi|         gmem_out|       pointer|
|m_axi_gmem_out_AWLOCK       |  out|    2|       m_axi|         gmem_out|       pointer|
|m_axi_gmem_out_AWCACHE      |  out|    4|       m_axi|         gmem_out|       pointer|
|m_axi_gmem_out_AWPROT       |  out|    3|       m_axi|         gmem_out|       pointer|
|m_axi_gmem_out_AWQOS        |  out|    4|       m_axi|         gmem_out|       pointer|
|m_axi_gmem_out_AWREGION     |  out|    4|       m_axi|         gmem_out|       pointer|
|m_axi_gmem_out_AWUSER       |  out|    1|       m_axi|         gmem_out|       pointer|
|m_axi_gmem_out_WVALID       |  out|    1|       m_axi|         gmem_out|       pointer|
|m_axi_gmem_out_WREADY       |   in|    1|       m_axi|         gmem_out|       pointer|
|m_axi_gmem_out_WDATA        |  out|  256|       m_axi|         gmem_out|       pointer|
|m_axi_gmem_out_WSTRB        |  out|   32|       m_axi|         gmem_out|       pointer|
|m_axi_gmem_out_WLAST        |  out|    1|       m_axi|         gmem_out|       pointer|
|m_axi_gmem_out_WID          |  out|    1|       m_axi|         gmem_out|       pointer|
|m_axi_gmem_out_WUSER        |  out|    1|       m_axi|         gmem_out|       pointer|
|m_axi_gmem_out_ARVALID      |  out|    1|       m_axi|         gmem_out|       pointer|
|m_axi_gmem_out_ARREADY      |   in|    1|       m_axi|         gmem_out|       pointer|
|m_axi_gmem_out_ARADDR       |  out|   64|       m_axi|         gmem_out|       pointer|
|m_axi_gmem_out_ARID         |  out|    1|       m_axi|         gmem_out|       pointer|
|m_axi_gmem_out_ARLEN        |  out|    8|       m_axi|         gmem_out|       pointer|
|m_axi_gmem_out_ARSIZE       |  out|    3|       m_axi|         gmem_out|       pointer|
|m_axi_gmem_out_ARBURST      |  out|    2|       m_axi|         gmem_out|       pointer|
|m_axi_gmem_out_ARLOCK       |  out|    2|       m_axi|         gmem_out|       pointer|
|m_axi_gmem_out_ARCACHE      |  out|    4|       m_axi|         gmem_out|       pointer|
|m_axi_gmem_out_ARPROT       |  out|    3|       m_axi|         gmem_out|       pointer|
|m_axi_gmem_out_ARQOS        |  out|    4|       m_axi|         gmem_out|       pointer|
|m_axi_gmem_out_ARREGION     |  out|    4|       m_axi|         gmem_out|       pointer|
|m_axi_gmem_out_ARUSER       |  out|    1|       m_axi|         gmem_out|       pointer|
|m_axi_gmem_out_RVALID       |   in|    1|       m_axi|         gmem_out|       pointer|
|m_axi_gmem_out_RREADY       |  out|    1|       m_axi|         gmem_out|       pointer|
|m_axi_gmem_out_RDATA        |   in|  256|       m_axi|         gmem_out|       pointer|
|m_axi_gmem_out_RLAST        |   in|    1|       m_axi|         gmem_out|       pointer|
|m_axi_gmem_out_RID          |   in|    1|       m_axi|         gmem_out|       pointer|
|m_axi_gmem_out_RUSER        |   in|    1|       m_axi|         gmem_out|       pointer|
|m_axi_gmem_out_RRESP        |   in|    2|       m_axi|         gmem_out|       pointer|
|m_axi_gmem_out_BVALID       |   in|    1|       m_axi|         gmem_out|       pointer|
|m_axi_gmem_out_BREADY       |  out|    1|       m_axi|         gmem_out|       pointer|
|m_axi_gmem_out_BRESP        |   in|    2|       m_axi|         gmem_out|       pointer|
|m_axi_gmem_out_BID          |   in|    1|       m_axi|         gmem_out|       pointer|
|m_axi_gmem_out_BUSER        |   in|    1|       m_axi|         gmem_out|       pointer|
+----------------------------+-----+-----+------------+-----------------+--------------+

