

================================================================
== Vitis HLS Report for 'UpConv_Fused_Row_8_16_16_960_480_Outline_TILE_LOOP'
================================================================
* Date:           Mon Jun  1 23:47:02 2026

* Version:        2024.2 (Build 5238294 on Nov  8 2024)
* Project:        upconv_core_top
* Solution:       hls (Vivado IP Flow Target)
* Product family: zynquplus
* Target device:  xczu7ev-ffvc1156-2-e


================================================================
== Performance Estimates
================================================================
+ Timing: 
    * Summary: 
    +--------+---------+----------+------------+
    |  Clock |  Target | Estimated| Uncertainty|
    +--------+---------+----------+------------+
    |ap_clk  |  3.33 ns|  3.357 ns|     0.90 ns|
    +--------+---------+----------+------------+

+ Latency: 
    * Summary: 
    +---------+---------+----------+----------+--------+--------+---------+
    |  Latency (cycles) |  Latency (absolute) |     Interval    | Pipeline|
    |   min   |   max   |    min   |    max   |   min  |   max  |   Type  |
    +---------+---------+----------+----------+--------+--------+---------+
    |   260461|   799741|  0.874 ms|  2.685 ms|  260461|  799741|       no|
    +---------+---------+----------+----------+--------+--------+---------+

    + Detail: 
        * Instance: 
        +------------------------------------------------------------------------+-------------------------------------------------------------+---------+---------+-----------+-----------+------+------+------------------------------------------------+
        |                                                                        |                                                             |  Latency (cycles) |   Latency (absolute)  |   Interval  |                    Pipeline                    |
        |                                Instance                                |                            Module                           |   min   |   max   |    min    |    max    |  min |  max |                      Type                      |
        +------------------------------------------------------------------------+-------------------------------------------------------------+---------+---------+-----------+-----------+------+------+------------------------------------------------+
        |grp_UpConv_Fused_Row_8_16_16_960_480_Pipeline_PRELOAD_W_W_FLAT_fu_183   |UpConv_Fused_Row_8_16_16_960_480_Pipeline_PRELOAD_W_W_FLAT   |     4332|     4332|  14.543 us|  14.543 us|  4321|  4321|  loop auto-rewind stp (delay=0 clock cycles(s))|
        |grp_UpConv_Fused_Row_8_16_16_960_480_Pipeline_KW_LOOP_FLAT_LOOP_fu_199  |UpConv_Fused_Row_8_16_16_960_480_Pipeline_KW_LOOP_FLAT_LOOP  |     2996|     2996|   9.986 us|   9.986 us|  2881|  2881|  loop auto-rewind stp (delay=0 clock cycles(s))|
        +------------------------------------------------------------------------+-------------------------------------------------------------+---------+---------+-----------+-----------+------+------+------------------------------------------------+

        * Loop: 
        +-------------+---------+---------+--------------+-----------+-----------+------+----------+
        |             |  Latency (cycles) |   Iteration  |  Initiation Interval  | Trip |          |
        |  Loop Name  |   min   |   max   |    Latency   |  achieved |   target  | Count| Pipelined|
        +-------------+---------+---------+--------------+-----------+-----------+------+----------+
        |- TILE_LOOP  |   260460|   799740|  4341 ~ 13329|          -|          -|    60|        no|
        | + KH_LOOP   |        6|     8994|      2 ~ 2998|          -|          -|     3|        no|
        +-------------+---------+---------+--------------+-----------+-----------+------+----------+



================================================================
== Utilization Estimates
================================================================
* Summary: 
+-----------------+---------+------+--------+--------+-----+
|       Name      | BRAM_18K|  DSP |   FF   |   LUT  | URAM|
+-----------------+---------+------+--------+--------+-----+
|DSP              |        -|     -|       -|       -|    -|
|Expression       |        -|     -|       0|     138|    -|
|FIFO             |        -|     -|       -|       -|    -|
|Instance         |        -|   496|   43896|   27049|    -|
|Memory           |      120|     -|       0|       0|    -|
|Multiplexer      |        -|     -|       0|     777|    -|
|Register         |        -|     -|      44|       -|    -|
+-----------------+---------+------+--------+--------+-----+
|Total            |      120|   496|   43940|   27964|    0|
+-----------------+---------+------+--------+--------+-----+
|Available        |      624|  1728|  460800|  230400|   96|
+-----------------+---------+------+--------+--------+-----+
|Utilization (%)  |       19|    28|       9|      12|    0|
+-----------------+---------+------+--------+--------+-----+

+ Detail: 
    * Instance: 
    +------------------------------------------------------------------------+-------------------------------------------------------------+---------+-----+-------+-------+-----+
    |                                Instance                                |                            Module                           | BRAM_18K| DSP |   FF  |  LUT  | URAM|
    +------------------------------------------------------------------------+-------------------------------------------------------------+---------+-----+-------+-------+-----+
    |grp_UpConv_Fused_Row_8_16_16_960_480_Pipeline_KW_LOOP_FLAT_LOOP_fu_199  |UpConv_Fused_Row_8_16_16_960_480_Pipeline_KW_LOOP_FLAT_LOOP  |        0|  496|  43311|  26298|    0|
    |grp_UpConv_Fused_Row_8_16_16_960_480_Pipeline_PRELOAD_W_W_FLAT_fu_183   |UpConv_Fused_Row_8_16_16_960_480_Pipeline_PRELOAD_W_W_FLAT   |        0|    0|    585|    751|    0|
    +------------------------------------------------------------------------+-------------------------------------------------------------+---------+-----+-------+-------+-----+
    |Total                                                                   |                                                             |        0|  496|  43896|  27049|    0|
    +------------------------------------------------------------------------+-------------------------------------------------------------+---------+-----+-------+-------+-----+

    * DSP: 
    N/A

    * Memory: 
    +-------------+--------------------------------------------------------------------------------+---------+---+----+-----+------+-----+------+-------------+
    |    Memory   |                                     Module                                     | BRAM_18K| FF| LUT| URAM| Words| Bits| Banks| W*Bits*Banks|
    +-------------+--------------------------------------------------------------------------------+---------+---+----+-----+------+-----+------+-------------+
    |w_local_7_U  |UpConv_Fused_Row_8_16_16_960_480_Outline_TILE_LOOP_w_local_7_RAM_T2P_BRAM_1R1W  |       15|  0|   0|    0|   540|  256|     1|       138240|
    |w_local_6_U  |UpConv_Fused_Row_8_16_16_960_480_Outline_TILE_LOOP_w_local_7_RAM_T2P_BRAM_1R1W  |       15|  0|   0|    0|   540|  256|     1|       138240|
    |w_local_5_U  |UpConv_Fused_Row_8_16_16_960_480_Outline_TILE_LOOP_w_local_7_RAM_T2P_BRAM_1R1W  |       15|  0|   0|    0|   540|  256|     1|       138240|
    |w_local_4_U  |UpConv_Fused_Row_8_16_16_960_480_Outline_TILE_LOOP_w_local_7_RAM_T2P_BRAM_1R1W  |       15|  0|   0|    0|   540|  256|     1|       138240|
    |w_local_3_U  |UpConv_Fused_Row_8_16_16_960_480_Outline_TILE_LOOP_w_local_7_RAM_T2P_BRAM_1R1W  |       15|  0|   0|    0|   540|  256|     1|       138240|
    |w_local_2_U  |UpConv_Fused_Row_8_16_16_960_480_Outline_TILE_LOOP_w_local_7_RAM_T2P_BRAM_1R1W  |       15|  0|   0|    0|   540|  256|     1|       138240|
    |w_local_1_U  |UpConv_Fused_Row_8_16_16_960_480_Outline_TILE_LOOP_w_local_7_RAM_T2P_BRAM_1R1W  |       15|  0|   0|    0|   540|  256|     1|       138240|
    |w_local_U    |UpConv_Fused_Row_8_16_16_960_480_Outline_TILE_LOOP_w_local_7_RAM_T2P_BRAM_1R1W  |       15|  0|   0|    0|   540|  256|     1|       138240|
    +-------------+--------------------------------------------------------------------------------+---------+---+----+-----+------+-----+------+-------------+
    |Total        |                                                                                |      120|  0|   0|    0|  4320| 2048|     8|      1105920|
    +-------------+--------------------------------------------------------------------------------+---------+---+----+-----+------+-----+------+-------------+

    * FIFO: 
    N/A

    * Expression: 
    +---------------------------------+----------+----+---+----+------------+------------+
    |          Variable Name          | Operation| DSP| FF| LUT| Bitwidth P0| Bitwidth P1|
    +---------------------------------+----------+----+---+----+------------+------------+
    |add_ln135_fu_268_p2              |         +|   0|  0|  13|           6|           1|
    |kh_3_fu_292_p2                   |         +|   0|  0|   9|           2|           1|
    |empty_360_fu_373_p2              |         -|   0|  0|  10|           3|           3|
    |hpk_fu_302_p2                    |         -|   0|  0|  14|           7|           7|
    |x_base_fu_408_p2                 |         -|   0|  0|  18|          11|          11|
    |ap_block_state5_on_subcall_done  |       and|   0|  0|   2|           1|           1|
    |icmp_ln135_fu_262_p2             |      icmp|   0|  0|  13|           6|           4|
    |icmp_ln151_fu_286_p2             |      icmp|   0|  0|   9|           2|           2|
    |icmp_ln155_3_fu_345_p2           |      icmp|   0|  0|   9|           2|           1|
    |icmp_ln155_fu_329_p2             |      icmp|   0|  0|  39|          32|           1|
    |or_ln155_fu_351_p2               |        or|   0|  0|   2|           1|           1|
    +---------------------------------+----------+----+---+----+------------+------------+
    |Total                            |          |   0|  0| 138|          73|          33|
    +---------------------------------+----------+----+---+----+------------+------------+

    * Multiplexer: 
    +--------------------+----+-----------+-----+-----------+
    |        Name        | LUT| Input Size| Bits| Total Bits|
    +--------------------+----+-----------+-----+-----------+
    |ap_NS_fsm           |  31|          6|    1|          6|
    |grp_fu_479_ce       |   9|          2|    1|          2|
    |grp_fu_483_ce       |   9|          2|    1|          2|
    |grp_fu_487_ce       |   9|          2|    1|          2|
    |grp_fu_491_ce       |   9|          2|    1|          2|
    |grp_fu_495_ce       |   9|          2|    1|          2|
    |grp_fu_499_ce       |   9|          2|    1|          2|
    |grp_fu_503_ce       |   9|          2|    1|          2|
    |grp_fu_507_ce       |   9|          2|    1|          2|
    |grp_fu_511_ce       |   9|          2|    1|          2|
    |grp_fu_515_ce       |   9|          2|    1|          2|
    |grp_fu_519_ce       |   9|          2|    1|          2|
    |grp_fu_523_ce       |   9|          2|    1|          2|
    |grp_fu_527_ce       |   9|          2|    1|          2|
    |grp_fu_531_ce       |   9|          2|    1|          2|
    |grp_fu_535_ce       |   9|          2|    1|          2|
    |grp_fu_539_ce       |   9|          2|    1|          2|
    |grp_fu_543_ce       |   9|          2|    1|          2|
    |grp_fu_547_ce       |   9|          2|    1|          2|
    |grp_fu_551_ce       |   9|          2|    1|          2|
    |grp_fu_555_ce       |   9|          2|    1|          2|
    |grp_fu_559_ce       |   9|          2|    1|          2|
    |grp_fu_563_ce       |   9|          2|    1|          2|
    |grp_fu_567_ce       |   9|          2|    1|          2|
    |grp_fu_571_ce       |   9|          2|    1|          2|
    |grp_fu_575_ce       |   9|          2|    1|          2|
    |grp_fu_579_ce       |   9|          2|    1|          2|
    |grp_fu_583_ce       |   9|          2|    1|          2|
    |grp_fu_587_ce       |   9|          2|    1|          2|
    |grp_fu_591_ce       |   9|          2|    1|          2|
    |grp_fu_595_ce       |   9|          2|    1|          2|
    |grp_fu_599_ce       |   9|          2|    1|          2|
    |grp_fu_603_ce       |   9|          2|    1|          2|
    |grp_fu_607_ce       |   9|          2|    1|          2|
    |grp_fu_611_ce       |   9|          2|    1|          2|
    |grp_fu_615_ce       |   9|          2|    1|          2|
    |grp_fu_619_ce       |   9|          2|    1|          2|
    |grp_fu_623_ce       |   9|          2|    1|          2|
    |grp_fu_627_ce       |   9|          2|    1|          2|
    |grp_fu_631_ce       |   9|          2|    1|          2|
    |grp_fu_635_ce       |   9|          2|    1|          2|
    |grp_fu_639_ce       |   9|          2|    1|          2|
    |grp_fu_643_ce       |   9|          2|    1|          2|
    |grp_fu_647_ce       |   9|          2|    1|          2|
    |grp_fu_651_ce       |   9|          2|    1|          2|
    |grp_fu_655_ce       |   9|          2|    1|          2|
    |grp_fu_659_ce       |   9|          2|    1|          2|
    |grp_fu_663_ce       |   9|          2|    1|          2|
    |grp_fu_667_ce       |   9|          2|    1|          2|
    |kh_reg_172          |   9|          2|    2|          4|
    |tile_fu_124         |   9|          2|    6|         12|
    |w_local_1_address0  |  14|          3|   10|         30|
    |w_local_1_ce0       |  14|          3|    1|          3|
    |w_local_1_we0       |   9|          2|    1|          2|
    |w_local_2_address0  |  14|          3|   10|         30|
    |w_local_2_ce0       |  14|          3|    1|          3|
    |w_local_2_we0       |   9|          2|    1|          2|
    |w_local_3_address0  |  14|          3|   10|         30|
    |w_local_3_ce0       |  14|          3|    1|          3|
    |w_local_3_we0       |   9|          2|    1|          2|
    |w_local_4_address0  |  14|          3|   10|         30|
    |w_local_4_ce0       |  14|          3|    1|          3|
    |w_local_4_we0       |   9|          2|    1|          2|
    |w_local_5_address0  |  14|          3|   10|         30|
    |w_local_5_ce0       |  14|          3|    1|          3|
    |w_local_5_we0       |   9|          2|    1|          2|
    |w_local_6_address0  |  14|          3|   10|         30|
    |w_local_6_ce0       |  14|          3|    1|          3|
    |w_local_6_we0       |   9|          2|    1|          2|
    |w_local_7_address0  |  14|          3|   10|         30|
    |w_local_7_ce0       |  14|          3|    1|          3|
    |w_local_7_we0       |   9|          2|    1|          2|
    |w_local_address0    |  14|          3|   10|         30|
    |w_local_ce0         |  14|          3|    1|          3|
    |w_local_we0         |   9|          2|    1|          2|
    +--------------------+----+-----------+-----+-----------+
    |Total               | 777|        170|  153|        398|
    +--------------------+----+-----------+-----+-----------+

    * Register: 
    +-------------------------------------------------------------------------------------+---+----+-----+-----------+
    |                                         Name                                        | FF| LUT| Bits| Const Bits|
    +-------------------------------------------------------------------------------------+---+----+-----+-----------+
    |add_ln135_reg_442                                                                    |  6|   0|    6|          0|
    |ap_CS_fsm                                                                            |  5|   0|    5|          0|
    |empty_360_reg_469                                                                    |  3|   0|    3|          0|
    |grp_UpConv_Fused_Row_8_16_16_960_480_Pipeline_KW_LOOP_FLAT_LOOP_fu_199_ap_start_reg  |  1|   0|    1|          0|
    |grp_UpConv_Fused_Row_8_16_16_960_480_Pipeline_PRELOAD_W_W_FLAT_fu_183_ap_start_reg   |  1|   0|    1|          0|
    |kh_3_reg_460                                                                         |  2|   0|    2|          0|
    |kh_reg_172                                                                           |  2|   0|    2|          0|
    |lshr_ln_reg_452                                                                      |  5|   0|    5|          0|
    |or_ln155_reg_465                                                                     |  1|   0|    1|          0|
    |tile_fu_124                                                                          |  6|   0|    6|          0|
    |trunc_ln135_reg_447                                                                  |  1|   0|    1|          0|
    |x_base_reg_474                                                                       |  5|   0|   11|          6|
    |zext_ln135_cast_reg_431                                                              |  6|   0|    7|          1|
    +-------------------------------------------------------------------------------------+---+----+-----+-----------+
    |Total                                                                                | 44|   0|   51|          7|
    +-------------------------------------------------------------------------------------+---+----+-----+-----------+



================================================================
== Interface
================================================================
* Summary: 
+----------------------------------------------------------------------------------------------+-----+-----+------------+-------------------------------------------------------------------------------------+--------------+
|                                           RTL Ports                                          | Dir | Bits|  Protocol  |                                    Source Object                                    |    C Type    |
+----------------------------------------------------------------------------------------------+-----+-----+------------+-------------------------------------------------------------------------------------+--------------+
|ap_clk                                                                                        |   in|    1|  ap_ctrl_hs|                              UpConv_Fused_Row<8, 16, 16, 960, 480>_Outline_TILE_LOOP|  return value|
|ap_rst                                                                                        |   in|    1|  ap_ctrl_hs|                              UpConv_Fused_Row<8, 16, 16, 960, 480>_Outline_TILE_LOOP|  return value|
|ap_start                                                                                      |   in|    1|  ap_ctrl_hs|                              UpConv_Fused_Row<8, 16, 16, 960, 480>_Outline_TILE_LOOP|  return value|
|ap_done                                                                                       |  out|    1|  ap_ctrl_hs|                              UpConv_Fused_Row<8, 16, 16, 960, 480>_Outline_TILE_LOOP|  return value|
|ap_idle                                                                                       |  out|    1|  ap_ctrl_hs|                              UpConv_Fused_Row<8, 16, 16, 960, 480>_Outline_TILE_LOOP|  return value|
|ap_ready                                                                                      |  out|    1|  ap_ctrl_hs|                              UpConv_Fused_Row<8, 16, 16, 960, 480>_Outline_TILE_LOOP|  return value|
|grp_fu_465_p_din0                                                                             |  out|   16|  ap_ctrl_hs|                              UpConv_Fused_Row<8, 16, 16, 960, 480>_Outline_TILE_LOOP|  return value|
|grp_fu_465_p_din1                                                                             |  out|   16|  ap_ctrl_hs|                              UpConv_Fused_Row<8, 16, 16, 960, 480>_Outline_TILE_LOOP|  return value|
|grp_fu_465_p_dout0                                                                            |   in|   16|  ap_ctrl_hs|                              UpConv_Fused_Row<8, 16, 16, 960, 480>_Outline_TILE_LOOP|  return value|
|grp_fu_465_p_ce                                                                               |  out|    1|  ap_ctrl_hs|                              UpConv_Fused_Row<8, 16, 16, 960, 480>_Outline_TILE_LOOP|  return value|
|grp_fu_469_p_din0                                                                             |  out|   16|  ap_ctrl_hs|                              UpConv_Fused_Row<8, 16, 16, 960, 480>_Outline_TILE_LOOP|  return value|
|grp_fu_469_p_din1                                                                             |  out|   16|  ap_ctrl_hs|                              UpConv_Fused_Row<8, 16, 16, 960, 480>_Outline_TILE_LOOP|  return value|
|grp_fu_469_p_dout0                                                                            |   in|   16|  ap_ctrl_hs|                              UpConv_Fused_Row<8, 16, 16, 960, 480>_Outline_TILE_LOOP|  return value|
|grp_fu_469_p_ce                                                                               |  out|    1|  ap_ctrl_hs|                              UpConv_Fused_Row<8, 16, 16, 960, 480>_Outline_TILE_LOOP|  return value|
|grp_fu_473_p_din0                                                                             |  out|   16|  ap_ctrl_hs|                              UpConv_Fused_Row<8, 16, 16, 960, 480>_Outline_TILE_LOOP|  return value|
|grp_fu_473_p_din1                                                                             |  out|   16|  ap_ctrl_hs|                              UpConv_Fused_Row<8, 16, 16, 960, 480>_Outline_TILE_LOOP|  return value|
|grp_fu_473_p_dout0                                                                            |   in|   16|  ap_ctrl_hs|                              UpConv_Fused_Row<8, 16, 16, 960, 480>_Outline_TILE_LOOP|  return value|
|grp_fu_473_p_ce                                                                               |  out|    1|  ap_ctrl_hs|                              UpConv_Fused_Row<8, 16, 16, 960, 480>_Outline_TILE_LOOP|  return value|
|grp_fu_477_p_din0                                                                             |  out|   16|  ap_ctrl_hs|                              UpConv_Fused_Row<8, 16, 16, 960, 480>_Outline_TILE_LOOP|  return value|
|grp_fu_477_p_din1                                                                             |  out|   16|  ap_ctrl_hs|                              UpConv_Fused_Row<8, 16, 16, 960, 480>_Outline_TILE_LOOP|  return value|
|grp_fu_477_p_dout0                                                                            |   in|   16|  ap_ctrl_hs|                              UpConv_Fused_Row<8, 16, 16, 960, 480>_Outline_TILE_LOOP|  return value|
|grp_fu_477_p_ce                                                                               |  out|    1|  ap_ctrl_hs|                              UpConv_Fused_Row<8, 16, 16, 960, 480>_Outline_TILE_LOOP|  return value|
|grp_fu_481_p_din0                                                                             |  out|   16|  ap_ctrl_hs|                              UpConv_Fused_Row<8, 16, 16, 960, 480>_Outline_TILE_LOOP|  return value|
|grp_fu_481_p_din1                                                                             |  out|   16|  ap_ctrl_hs|                              UpConv_Fused_Row<8, 16, 16, 960, 480>_Outline_TILE_LOOP|  return value|
|grp_fu_481_p_dout0                                                                            |   in|   16|  ap_ctrl_hs|                              UpConv_Fused_Row<8, 16, 16, 960, 480>_Outline_TILE_LOOP|  return value|
|grp_fu_481_p_ce                                                                               |  out|    1|  ap_ctrl_hs|                              UpConv_Fused_Row<8, 16, 16, 960, 480>_Outline_TILE_LOOP|  return value|
|grp_fu_485_p_din0                                                                             |  out|   16|  ap_ctrl_hs|                              UpConv_Fused_Row<8, 16, 16, 960, 480>_Outline_TILE_LOOP|  return value|
|grp_fu_485_p_din1                                                                             |  out|   16|  ap_ctrl_hs|                              UpConv_Fused_Row<8, 16, 16, 960, 480>_Outline_TILE_LOOP|  return value|
|grp_fu_485_p_dout0                                                                            |   in|   16|  ap_ctrl_hs|                              UpConv_Fused_Row<8, 16, 16, 960, 480>_Outline_TILE_LOOP|  return value|
|grp_fu_485_p_ce                                                                               |  out|    1|  ap_ctrl_hs|                              UpConv_Fused_Row<8, 16, 16, 960, 480>_Outline_TILE_LOOP|  return value|
|grp_fu_489_p_din0                                                                             |  out|   16|  ap_ctrl_hs|                              UpConv_Fused_Row<8, 16, 16, 960, 480>_Outline_TILE_LOOP|  return value|
|grp_fu_489_p_din1                                                                             |  out|   16|  ap_ctrl_hs|                              UpConv_Fused_Row<8, 16, 16, 960, 480>_Outline_TILE_LOOP|  return value|
|grp_fu_489_p_dout0                                                                            |   in|   16|  ap_ctrl_hs|                              UpConv_Fused_Row<8, 16, 16, 960, 480>_Outline_TILE_LOOP|  return value|
|grp_fu_489_p_ce                                                                               |  out|    1|  ap_ctrl_hs|                              UpConv_Fused_Row<8, 16, 16, 960, 480>_Outline_TILE_LOOP|  return value|
|grp_fu_493_p_din0                                                                             |  out|   16|  ap_ctrl_hs|                              UpConv_Fused_Row<8, 16, 16, 960, 480>_Outline_TILE_LOOP|  return value|
|grp_fu_493_p_din1                                                                             |  out|   16|  ap_ctrl_hs|                              UpConv_Fused_Row<8, 16, 16, 960, 480>_Outline_TILE_LOOP|  return value|
|grp_fu_493_p_dout0                                                                            |   in|   16|  ap_ctrl_hs|                              UpConv_Fused_Row<8, 16, 16, 960, 480>_Outline_TILE_LOOP|  return value|
|grp_fu_493_p_ce                                                                               |  out|    1|  ap_ctrl_hs|                              UpConv_Fused_Row<8, 16, 16, 960, 480>_Outline_TILE_LOOP|  return value|
|grp_fu_497_p_din0                                                                             |  out|   16|  ap_ctrl_hs|                              UpConv_Fused_Row<8, 16, 16, 960, 480>_Outline_TILE_LOOP|  return value|
|grp_fu_497_p_din1                                                                             |  out|   16|  ap_ctrl_hs|                              UpConv_Fused_Row<8, 16, 16, 960, 480>_Outline_TILE_LOOP|  return value|
|grp_fu_497_p_dout0                                                                            |   in|   16|  ap_ctrl_hs|                              UpConv_Fused_Row<8, 16, 16, 960, 480>_Outline_TILE_LOOP|  return value|
|grp_fu_497_p_ce                                                                               |  out|    1|  ap_ctrl_hs|                              UpConv_Fused_Row<8, 16, 16, 960, 480>_Outline_TILE_LOOP|  return value|
|grp_fu_501_p_din0                                                                             |  out|   16|  ap_ctrl_hs|                              UpConv_Fused_Row<8, 16, 16, 960, 480>_Outline_TILE_LOOP|  return value|
|grp_fu_501_p_din1                                                                             |  out|   16|  ap_ctrl_hs|                              UpConv_Fused_Row<8, 16, 16, 960, 480>_Outline_TILE_LOOP|  return value|
|grp_fu_501_p_dout0                                                                            |   in|   16|  ap_ctrl_hs|                              UpConv_Fused_Row<8, 16, 16, 960, 480>_Outline_TILE_LOOP|  return value|
|grp_fu_501_p_ce                                                                               |  out|    1|  ap_ctrl_hs|                              UpConv_Fused_Row<8, 16, 16, 960, 480>_Outline_TILE_LOOP|  return value|
|grp_fu_505_p_din0                                                                             |  out|   16|  ap_ctrl_hs|                              UpConv_Fused_Row<8, 16, 16, 960, 480>_Outline_TILE_LOOP|  return value|
|grp_fu_505_p_din1                                                                             |  out|   16|  ap_ctrl_hs|                              UpConv_Fused_Row<8, 16, 16, 960, 480>_Outline_TILE_LOOP|  return value|
|grp_fu_505_p_dout0                                                                            |   in|   16|  ap_ctrl_hs|                              UpConv_Fused_Row<8, 16, 16, 960, 480>_Outline_TILE_LOOP|  return value|
|grp_fu_505_p_ce                                                                               |  out|    1|  ap_ctrl_hs|                              UpConv_Fused_Row<8, 16, 16, 960, 480>_Outline_TILE_LOOP|  return value|
|grp_fu_509_p_din0                                                                             |  out|   16|  ap_ctrl_hs|                              UpConv_Fused_Row<8, 16, 16, 960, 480>_Outline_TILE_LOOP|  return value|
|grp_fu_509_p_din1                                                                             |  out|   16|  ap_ctrl_hs|                              UpConv_Fused_Row<8, 16, 16, 960, 480>_Outline_TILE_LOOP|  return value|
|grp_fu_509_p_dout0                                                                            |   in|   16|  ap_ctrl_hs|                              UpConv_Fused_Row<8, 16, 16, 960, 480>_Outline_TILE_LOOP|  return value|
|grp_fu_509_p_ce                                                                               |  out|    1|  ap_ctrl_hs|                              UpConv_Fused_Row<8, 16, 16, 960, 480>_Outline_TILE_LOOP|  return value|
|grp_fu_513_p_din0                                                                             |  out|   16|  ap_ctrl_hs|                              UpConv_Fused_Row<8, 16, 16, 960, 480>_Outline_TILE_LOOP|  return value|
|grp_fu_513_p_din1                                                                             |  out|   16|  ap_ctrl_hs|                              UpConv_Fused_Row<8, 16, 16, 960, 480>_Outline_TILE_LOOP|  return value|
|grp_fu_513_p_dout0                                                                            |   in|   16|  ap_ctrl_hs|                              UpConv_Fused_Row<8, 16, 16, 960, 480>_Outline_TILE_LOOP|  return value|
|grp_fu_513_p_ce                                                                               |  out|    1|  ap_ctrl_hs|                              UpConv_Fused_Row<8, 16, 16, 960, 480>_Outline_TILE_LOOP|  return value|
|grp_fu_517_p_din0                                                                             |  out|   16|  ap_ctrl_hs|                              UpConv_Fused_Row<8, 16, 16, 960, 480>_Outline_TILE_LOOP|  return value|
|grp_fu_517_p_din1                                                                             |  out|   16|  ap_ctrl_hs|                              UpConv_Fused_Row<8, 16, 16, 960, 480>_Outline_TILE_LOOP|  return value|
|grp_fu_517_p_dout0                                                                            |   in|   16|  ap_ctrl_hs|                              UpConv_Fused_Row<8, 16, 16, 960, 480>_Outline_TILE_LOOP|  return value|
|grp_fu_517_p_ce                                                                               |  out|    1|  ap_ctrl_hs|                              UpConv_Fused_Row<8, 16, 16, 960, 480>_Outline_TILE_LOOP|  return value|
|grp_fu_521_p_din0                                                                             |  out|   16|  ap_ctrl_hs|                              UpConv_Fused_Row<8, 16, 16, 960, 480>_Outline_TILE_LOOP|  return value|
|grp_fu_521_p_din1                                                                             |  out|   16|  ap_ctrl_hs|                              UpConv_Fused_Row<8, 16, 16, 960, 480>_Outline_TILE_LOOP|  return value|
|grp_fu_521_p_dout0                                                                            |   in|   16|  ap_ctrl_hs|                              UpConv_Fused_Row<8, 16, 16, 960, 480>_Outline_TILE_LOOP|  return value|
|grp_fu_521_p_ce                                                                               |  out|    1|  ap_ctrl_hs|                              UpConv_Fused_Row<8, 16, 16, 960, 480>_Outline_TILE_LOOP|  return value|
|grp_fu_525_p_din0                                                                             |  out|   16|  ap_ctrl_hs|                              UpConv_Fused_Row<8, 16, 16, 960, 480>_Outline_TILE_LOOP|  return value|
|grp_fu_525_p_din1                                                                             |  out|   16|  ap_ctrl_hs|                              UpConv_Fused_Row<8, 16, 16, 960, 480>_Outline_TILE_LOOP|  return value|
|grp_fu_525_p_dout0                                                                            |   in|   16|  ap_ctrl_hs|                              UpConv_Fused_Row<8, 16, 16, 960, 480>_Outline_TILE_LOOP|  return value|
|grp_fu_525_p_ce                                                                               |  out|    1|  ap_ctrl_hs|                              UpConv_Fused_Row<8, 16, 16, 960, 480>_Outline_TILE_LOOP|  return value|
|grp_fu_529_p_din0                                                                             |  out|   16|  ap_ctrl_hs|                              UpConv_Fused_Row<8, 16, 16, 960, 480>_Outline_TILE_LOOP|  return value|
|grp_fu_529_p_din1                                                                             |  out|   16|  ap_ctrl_hs|                              UpConv_Fused_Row<8, 16, 16, 960, 480>_Outline_TILE_LOOP|  return value|
|grp_fu_529_p_dout0                                                                            |   in|   16|  ap_ctrl_hs|                              UpConv_Fused_Row<8, 16, 16, 960, 480>_Outline_TILE_LOOP|  return value|
|grp_fu_529_p_ce                                                                               |  out|    1|  ap_ctrl_hs|                              UpConv_Fused_Row<8, 16, 16, 960, 480>_Outline_TILE_LOOP|  return value|
|grp_fu_533_p_din0                                                                             |  out|   16|  ap_ctrl_hs|                              UpConv_Fused_Row<8, 16, 16, 960, 480>_Outline_TILE_LOOP|  return value|
|grp_fu_533_p_din1                                                                             |  out|   16|  ap_ctrl_hs|                              UpConv_Fused_Row<8, 16, 16, 960, 480>_Outline_TILE_LOOP|  return value|
|grp_fu_533_p_dout0                                                                            |   in|   16|  ap_ctrl_hs|                              UpConv_Fused_Row<8, 16, 16, 960, 480>_Outline_TILE_LOOP|  return value|
|grp_fu_533_p_ce                                                                               |  out|    1|  ap_ctrl_hs|                              UpConv_Fused_Row<8, 16, 16, 960, 480>_Outline_TILE_LOOP|  return value|
|grp_fu_537_p_din0                                                                             |  out|   16|  ap_ctrl_hs|                              UpConv_Fused_Row<8, 16, 16, 960, 480>_Outline_TILE_LOOP|  return value|
|grp_fu_537_p_din1                                                                             |  out|   16|  ap_ctrl_hs|                              UpConv_Fused_Row<8, 16, 16, 960, 480>_Outline_TILE_LOOP|  return value|
|grp_fu_537_p_dout0                                                                            |   in|   16|  ap_ctrl_hs|                              UpConv_Fused_Row<8, 16, 16, 960, 480>_Outline_TILE_LOOP|  return value|
|grp_fu_537_p_ce                                                                               |  out|    1|  ap_ctrl_hs|                              UpConv_Fused_Row<8, 16, 16, 960, 480>_Outline_TILE_LOOP|  return value|
|grp_fu_541_p_din0                                                                             |  out|   16|  ap_ctrl_hs|                              UpConv_Fused_Row<8, 16, 16, 960, 480>_Outline_TILE_LOOP|  return value|
|grp_fu_541_p_din1                                                                             |  out|   16|  ap_ctrl_hs|                              UpConv_Fused_Row<8, 16, 16, 960, 480>_Outline_TILE_LOOP|  return value|
|grp_fu_541_p_dout0                                                                            |   in|   16|  ap_ctrl_hs|                              UpConv_Fused_Row<8, 16, 16, 960, 480>_Outline_TILE_LOOP|  return value|
|grp_fu_541_p_ce                                                                               |  out|    1|  ap_ctrl_hs|                              UpConv_Fused_Row<8, 16, 16, 960, 480>_Outline_TILE_LOOP|  return value|
|grp_fu_545_p_din0                                                                             |  out|   16|  ap_ctrl_hs|                              UpConv_Fused_Row<8, 16, 16, 960, 480>_Outline_TILE_LOOP|  return value|
|grp_fu_545_p_din1                                                                             |  out|   16|  ap_ctrl_hs|                              UpConv_Fused_Row<8, 16, 16, 960, 480>_Outline_TILE_LOOP|  return value|
|grp_fu_545_p_dout0                                                                            |   in|   16|  ap_ctrl_hs|                              UpConv_Fused_Row<8, 16, 16, 960, 480>_Outline_TILE_LOOP|  return value|
|grp_fu_545_p_ce                                                                               |  out|    1|  ap_ctrl_hs|                              UpConv_Fused_Row<8, 16, 16, 960, 480>_Outline_TILE_LOOP|  return value|
|grp_fu_549_p_din0                                                                             |  out|   16|  ap_ctrl_hs|                              UpConv_Fused_Row<8, 16, 16, 960, 480>_Outline_TILE_LOOP|  return value|
|grp_fu_549_p_din1                                                                             |  out|   16|  ap_ctrl_hs|                              UpConv_Fused_Row<8, 16, 16, 960, 480>_Outline_TILE_LOOP|  return value|
|grp_fu_549_p_dout0                                                                            |   in|   16|  ap_ctrl_hs|                              UpConv_Fused_Row<8, 16, 16, 960, 480>_Outline_TILE_LOOP|  return value|
|grp_fu_549_p_ce                                                                               |  out|    1|  ap_ctrl_hs|                              UpConv_Fused_Row<8, 16, 16, 960, 480>_Outline_TILE_LOOP|  return value|
|grp_fu_553_p_din0                                                                             |  out|   16|  ap_ctrl_hs|                              UpConv_Fused_Row<8, 16, 16, 960, 480>_Outline_TILE_LOOP|  return value|
|grp_fu_553_p_din1                                                                             |  out|   16|  ap_ctrl_hs|                              UpConv_Fused_Row<8, 16, 16, 960, 480>_Outline_TILE_LOOP|  return value|
|grp_fu_553_p_dout0                                                                            |   in|   16|  ap_ctrl_hs|                              UpConv_Fused_Row<8, 16, 16, 960, 480>_Outline_TILE_LOOP|  return value|
|grp_fu_553_p_ce                                                                               |  out|    1|  ap_ctrl_hs|                              UpConv_Fused_Row<8, 16, 16, 960, 480>_Outline_TILE_LOOP|  return value|
|grp_fu_557_p_din0                                                                             |  out|   16|  ap_ctrl_hs|                              UpConv_Fused_Row<8, 16, 16, 960, 480>_Outline_TILE_LOOP|  return value|
|grp_fu_557_p_din1                                                                             |  out|   16|  ap_ctrl_hs|                              UpConv_Fused_Row<8, 16, 16, 960, 480>_Outline_TILE_LOOP|  return value|
|grp_fu_557_p_dout0                                                                            |   in|   16|  ap_ctrl_hs|                              UpConv_Fused_Row<8, 16, 16, 960, 480>_Outline_TILE_LOOP|  return value|
|grp_fu_557_p_ce                                                                               |  out|    1|  ap_ctrl_hs|                              UpConv_Fused_Row<8, 16, 16, 960, 480>_Outline_TILE_LOOP|  return value|
|grp_fu_561_p_din0                                                                             |  out|   16|  ap_ctrl_hs|                              UpConv_Fused_Row<8, 16, 16, 960, 480>_Outline_TILE_LOOP|  return value|
|grp_fu_561_p_din1                                                                             |  out|   16|  ap_ctrl_hs|                              UpConv_Fused_Row<8, 16, 16, 960, 480>_Outline_TILE_LOOP|  return value|
|grp_fu_561_p_dout0                                                                            |   in|   16|  ap_ctrl_hs|                              UpConv_Fused_Row<8, 16, 16, 960, 480>_Outline_TILE_LOOP|  return value|
|grp_fu_561_p_ce                                                                               |  out|    1|  ap_ctrl_hs|                              UpConv_Fused_Row<8, 16, 16, 960, 480>_Outline_TILE_LOOP|  return value|
|grp_fu_565_p_din0                                                                             |  out|   16|  ap_ctrl_hs|                              UpConv_Fused_Row<8, 16, 16, 960, 480>_Outline_TILE_LOOP|  return value|
|grp_fu_565_p_din1                                                                             |  out|   16|  ap_ctrl_hs|                              UpConv_Fused_Row<8, 16, 16, 960, 480>_Outline_TILE_LOOP|  return value|
|grp_fu_565_p_dout0                                                                            |   in|   16|  ap_ctrl_hs|                              UpConv_Fused_Row<8, 16, 16, 960, 480>_Outline_TILE_LOOP|  return value|
|grp_fu_565_p_ce                                                                               |  out|    1|  ap_ctrl_hs|                              UpConv_Fused_Row<8, 16, 16, 960, 480>_Outline_TILE_LOOP|  return value|
|grp_fu_569_p_din0                                                                             |  out|   16|  ap_ctrl_hs|                              UpConv_Fused_Row<8, 16, 16, 960, 480>_Outline_TILE_LOOP|  return value|
|grp_fu_569_p_din1                                                                             |  out|   16|  ap_ctrl_hs|                              UpConv_Fused_Row<8, 16, 16, 960, 480>_Outline_TILE_LOOP|  return value|
|grp_fu_569_p_dout0                                                                            |   in|   16|  ap_ctrl_hs|                              UpConv_Fused_Row<8, 16, 16, 960, 480>_Outline_TILE_LOOP|  return value|
|grp_fu_569_p_ce                                                                               |  out|    1|  ap_ctrl_hs|                              UpConv_Fused_Row<8, 16, 16, 960, 480>_Outline_TILE_LOOP|  return value|
|grp_fu_573_p_din0                                                                             |  out|   16|  ap_ctrl_hs|                              UpConv_Fused_Row<8, 16, 16, 960, 480>_Outline_TILE_LOOP|  return value|
|grp_fu_573_p_din1                                                                             |  out|   16|  ap_ctrl_hs|                              UpConv_Fused_Row<8, 16, 16, 960, 480>_Outline_TILE_LOOP|  return value|
|grp_fu_573_p_dout0                                                                            |   in|   16|  ap_ctrl_hs|                              UpConv_Fused_Row<8, 16, 16, 960, 480>_Outline_TILE_LOOP|  return value|
|grp_fu_573_p_ce                                                                               |  out|    1|  ap_ctrl_hs|                              UpConv_Fused_Row<8, 16, 16, 960, 480>_Outline_TILE_LOOP|  return value|
|grp_fu_577_p_din0                                                                             |  out|   16|  ap_ctrl_hs|                              UpConv_Fused_Row<8, 16, 16, 960, 480>_Outline_TILE_LOOP|  return value|
|grp_fu_577_p_din1                                                                             |  out|   16|  ap_ctrl_hs|                              UpConv_Fused_Row<8, 16, 16, 960, 480>_Outline_TILE_LOOP|  return value|
|grp_fu_577_p_dout0                                                                            |   in|   16|  ap_ctrl_hs|                              UpConv_Fused_Row<8, 16, 16, 960, 480>_Outline_TILE_LOOP|  return value|
|grp_fu_577_p_ce                                                                               |  out|    1|  ap_ctrl_hs|                              UpConv_Fused_Row<8, 16, 16, 960, 480>_Outline_TILE_LOOP|  return value|
|grp_fu_581_p_din0                                                                             |  out|   16|  ap_ctrl_hs|                              UpConv_Fused_Row<8, 16, 16, 960, 480>_Outline_TILE_LOOP|  return value|
|grp_fu_581_p_din1                                                                             |  out|   16|  ap_ctrl_hs|                              UpConv_Fused_Row<8, 16, 16, 960, 480>_Outline_TILE_LOOP|  return value|
|grp_fu_581_p_dout0                                                                            |   in|   16|  ap_ctrl_hs|                              UpConv_Fused_Row<8, 16, 16, 960, 480>_Outline_TILE_LOOP|  return value|
|grp_fu_581_p_ce                                                                               |  out|    1|  ap_ctrl_hs|                              UpConv_Fused_Row<8, 16, 16, 960, 480>_Outline_TILE_LOOP|  return value|
|grp_fu_585_p_din0                                                                             |  out|   16|  ap_ctrl_hs|                              UpConv_Fused_Row<8, 16, 16, 960, 480>_Outline_TILE_LOOP|  return value|
|grp_fu_585_p_din1                                                                             |  out|   16|  ap_ctrl_hs|                              UpConv_Fused_Row<8, 16, 16, 960, 480>_Outline_TILE_LOOP|  return value|
|grp_fu_585_p_dout0                                                                            |   in|   16|  ap_ctrl_hs|                              UpConv_Fused_Row<8, 16, 16, 960, 480>_Outline_TILE_LOOP|  return value|
|grp_fu_585_p_ce                                                                               |  out|    1|  ap_ctrl_hs|                              UpConv_Fused_Row<8, 16, 16, 960, 480>_Outline_TILE_LOOP|  return value|
|grp_fu_589_p_din0                                                                             |  out|   16|  ap_ctrl_hs|                              UpConv_Fused_Row<8, 16, 16, 960, 480>_Outline_TILE_LOOP|  return value|
|grp_fu_589_p_din1                                                                             |  out|   16|  ap_ctrl_hs|                              UpConv_Fused_Row<8, 16, 16, 960, 480>_Outline_TILE_LOOP|  return value|
|grp_fu_589_p_dout0                                                                            |   in|   16|  ap_ctrl_hs|                              UpConv_Fused_Row<8, 16, 16, 960, 480>_Outline_TILE_LOOP|  return value|
|grp_fu_589_p_ce                                                                               |  out|    1|  ap_ctrl_hs|                              UpConv_Fused_Row<8, 16, 16, 960, 480>_Outline_TILE_LOOP|  return value|
|grp_fu_593_p_din0                                                                             |  out|   16|  ap_ctrl_hs|                              UpConv_Fused_Row<8, 16, 16, 960, 480>_Outline_TILE_LOOP|  return value|
|grp_fu_593_p_din1                                                                             |  out|   16|  ap_ctrl_hs|                              UpConv_Fused_Row<8, 16, 16, 960, 480>_Outline_TILE_LOOP|  return value|
|grp_fu_593_p_dout0                                                                            |   in|   16|  ap_ctrl_hs|                              UpConv_Fused_Row<8, 16, 16, 960, 480>_Outline_TILE_LOOP|  return value|
|grp_fu_593_p_ce                                                                               |  out|    1|  ap_ctrl_hs|                              UpConv_Fused_Row<8, 16, 16, 960, 480>_Outline_TILE_LOOP|  return value|
|grp_fu_597_p_din0                                                                             |  out|   16|  ap_ctrl_hs|                              UpConv_Fused_Row<8, 16, 16, 960, 480>_Outline_TILE_LOOP|  return value|
|grp_fu_597_p_din1                                                                             |  out|   16|  ap_ctrl_hs|                              UpConv_Fused_Row<8, 16, 16, 960, 480>_Outline_TILE_LOOP|  return value|
|grp_fu_597_p_dout0                                                                            |   in|   16|  ap_ctrl_hs|                              UpConv_Fused_Row<8, 16, 16, 960, 480>_Outline_TILE_LOOP|  return value|
|grp_fu_597_p_ce                                                                               |  out|    1|  ap_ctrl_hs|                              UpConv_Fused_Row<8, 16, 16, 960, 480>_Outline_TILE_LOOP|  return value|
|grp_fu_601_p_din0                                                                             |  out|   16|  ap_ctrl_hs|                              UpConv_Fused_Row<8, 16, 16, 960, 480>_Outline_TILE_LOOP|  return value|
|grp_fu_601_p_din1                                                                             |  out|   16|  ap_ctrl_hs|                              UpConv_Fused_Row<8, 16, 16, 960, 480>_Outline_TILE_LOOP|  return value|
|grp_fu_601_p_dout0                                                                            |   in|   16|  ap_ctrl_hs|                              UpConv_Fused_Row<8, 16, 16, 960, 480>_Outline_TILE_LOOP|  return value|
|grp_fu_601_p_ce                                                                               |  out|    1|  ap_ctrl_hs|                              UpConv_Fused_Row<8, 16, 16, 960, 480>_Outline_TILE_LOOP|  return value|
|grp_fu_605_p_din0                                                                             |  out|   16|  ap_ctrl_hs|                              UpConv_Fused_Row<8, 16, 16, 960, 480>_Outline_TILE_LOOP|  return value|
|grp_fu_605_p_din1                                                                             |  out|   16|  ap_ctrl_hs|                              UpConv_Fused_Row<8, 16, 16, 960, 480>_Outline_TILE_LOOP|  return value|
|grp_fu_605_p_dout0                                                                            |   in|   16|  ap_ctrl_hs|                              UpConv_Fused_Row<8, 16, 16, 960, 480>_Outline_TILE_LOOP|  return value|
|grp_fu_605_p_ce                                                                               |  out|    1|  ap_ctrl_hs|                              UpConv_Fused_Row<8, 16, 16, 960, 480>_Outline_TILE_LOOP|  return value|
|grp_fu_609_p_din0                                                                             |  out|   16|  ap_ctrl_hs|                              UpConv_Fused_Row<8, 16, 16, 960, 480>_Outline_TILE_LOOP|  return value|
|grp_fu_609_p_din1                                                                             |  out|   16|  ap_ctrl_hs|                              UpConv_Fused_Row<8, 16, 16, 960, 480>_Outline_TILE_LOOP|  return value|
|grp_fu_609_p_dout0                                                                            |   in|   16|  ap_ctrl_hs|                              UpConv_Fused_Row<8, 16, 16, 960, 480>_Outline_TILE_LOOP|  return value|
|grp_fu_609_p_ce                                                                               |  out|    1|  ap_ctrl_hs|                              UpConv_Fused_Row<8, 16, 16, 960, 480>_Outline_TILE_LOOP|  return value|
|grp_fu_613_p_din0                                                                             |  out|   16|  ap_ctrl_hs|                              UpConv_Fused_Row<8, 16, 16, 960, 480>_Outline_TILE_LOOP|  return value|
|grp_fu_613_p_din1                                                                             |  out|   16|  ap_ctrl_hs|                              UpConv_Fused_Row<8, 16, 16, 960, 480>_Outline_TILE_LOOP|  return value|
|grp_fu_613_p_dout0                                                                            |   in|   16|  ap_ctrl_hs|                              UpConv_Fused_Row<8, 16, 16, 960, 480>_Outline_TILE_LOOP|  return value|
|grp_fu_613_p_ce                                                                               |  out|    1|  ap_ctrl_hs|                              UpConv_Fused_Row<8, 16, 16, 960, 480>_Outline_TILE_LOOP|  return value|
|grp_fu_617_p_din0                                                                             |  out|   16|  ap_ctrl_hs|                              UpConv_Fused_Row<8, 16, 16, 960, 480>_Outline_TILE_LOOP|  return value|
|grp_fu_617_p_din1                                                                             |  out|   16|  ap_ctrl_hs|                              UpConv_Fused_Row<8, 16, 16, 960, 480>_Outline_TILE_LOOP|  return value|
|grp_fu_617_p_dout0                                                                            |   in|   16|  ap_ctrl_hs|                              UpConv_Fused_Row<8, 16, 16, 960, 480>_Outline_TILE_LOOP|  return value|
|grp_fu_617_p_ce                                                                               |  out|    1|  ap_ctrl_hs|                              UpConv_Fused_Row<8, 16, 16, 960, 480>_Outline_TILE_LOOP|  return value|
|grp_fu_621_p_din0                                                                             |  out|   16|  ap_ctrl_hs|                              UpConv_Fused_Row<8, 16, 16, 960, 480>_Outline_TILE_LOOP|  return value|
|grp_fu_621_p_din1                                                                             |  out|   16|  ap_ctrl_hs|                              UpConv_Fused_Row<8, 16, 16, 960, 480>_Outline_TILE_LOOP|  return value|
|grp_fu_621_p_dout0                                                                            |   in|   16|  ap_ctrl_hs|                              UpConv_Fused_Row<8, 16, 16, 960, 480>_Outline_TILE_LOOP|  return value|
|grp_fu_621_p_ce                                                                               |  out|    1|  ap_ctrl_hs|                              UpConv_Fused_Row<8, 16, 16, 960, 480>_Outline_TILE_LOOP|  return value|
|grp_fu_625_p_din0                                                                             |  out|   16|  ap_ctrl_hs|                              UpConv_Fused_Row<8, 16, 16, 960, 480>_Outline_TILE_LOOP|  return value|
|grp_fu_625_p_din1                                                                             |  out|   16|  ap_ctrl_hs|                              UpConv_Fused_Row<8, 16, 16, 960, 480>_Outline_TILE_LOOP|  return value|
|grp_fu_625_p_dout0                                                                            |   in|   16|  ap_ctrl_hs|                              UpConv_Fused_Row<8, 16, 16, 960, 480>_Outline_TILE_LOOP|  return value|
|grp_fu_625_p_ce                                                                               |  out|    1|  ap_ctrl_hs|                              UpConv_Fused_Row<8, 16, 16, 960, 480>_Outline_TILE_LOOP|  return value|
|grp_fu_629_p_din0                                                                             |  out|   16|  ap_ctrl_hs|                              UpConv_Fused_Row<8, 16, 16, 960, 480>_Outline_TILE_LOOP|  return value|
|grp_fu_629_p_din1                                                                             |  out|   16|  ap_ctrl_hs|                              UpConv_Fused_Row<8, 16, 16, 960, 480>_Outline_TILE_LOOP|  return value|
|grp_fu_629_p_dout0                                                                            |   in|   16|  ap_ctrl_hs|                              UpConv_Fused_Row<8, 16, 16, 960, 480>_Outline_TILE_LOOP|  return value|
|grp_fu_629_p_ce                                                                               |  out|    1|  ap_ctrl_hs|                              UpConv_Fused_Row<8, 16, 16, 960, 480>_Outline_TILE_LOOP|  return value|
|grp_fu_633_p_din0                                                                             |  out|   16|  ap_ctrl_hs|                              UpConv_Fused_Row<8, 16, 16, 960, 480>_Outline_TILE_LOOP|  return value|
|grp_fu_633_p_din1                                                                             |  out|   16|  ap_ctrl_hs|                              UpConv_Fused_Row<8, 16, 16, 960, 480>_Outline_TILE_LOOP|  return value|
|grp_fu_633_p_dout0                                                                            |   in|   16|  ap_ctrl_hs|                              UpConv_Fused_Row<8, 16, 16, 960, 480>_Outline_TILE_LOOP|  return value|
|grp_fu_633_p_ce                                                                               |  out|    1|  ap_ctrl_hs|                              UpConv_Fused_Row<8, 16, 16, 960, 480>_Outline_TILE_LOOP|  return value|
|grp_fu_637_p_din0                                                                             |  out|   16|  ap_ctrl_hs|                              UpConv_Fused_Row<8, 16, 16, 960, 480>_Outline_TILE_LOOP|  return value|
|grp_fu_637_p_din1                                                                             |  out|   16|  ap_ctrl_hs|                              UpConv_Fused_Row<8, 16, 16, 960, 480>_Outline_TILE_LOOP|  return value|
|grp_fu_637_p_dout0                                                                            |   in|   16|  ap_ctrl_hs|                              UpConv_Fused_Row<8, 16, 16, 960, 480>_Outline_TILE_LOOP|  return value|
|grp_fu_637_p_ce                                                                               |  out|    1|  ap_ctrl_hs|                              UpConv_Fused_Row<8, 16, 16, 960, 480>_Outline_TILE_LOOP|  return value|
|grp_fu_641_p_din0                                                                             |  out|   16|  ap_ctrl_hs|                              UpConv_Fused_Row<8, 16, 16, 960, 480>_Outline_TILE_LOOP|  return value|
|grp_fu_641_p_din1                                                                             |  out|   16|  ap_ctrl_hs|                              UpConv_Fused_Row<8, 16, 16, 960, 480>_Outline_TILE_LOOP|  return value|
|grp_fu_641_p_dout0                                                                            |   in|   16|  ap_ctrl_hs|                              UpConv_Fused_Row<8, 16, 16, 960, 480>_Outline_TILE_LOOP|  return value|
|grp_fu_641_p_ce                                                                               |  out|    1|  ap_ctrl_hs|                              UpConv_Fused_Row<8, 16, 16, 960, 480>_Outline_TILE_LOOP|  return value|
|grp_fu_645_p_din0                                                                             |  out|   16|  ap_ctrl_hs|                              UpConv_Fused_Row<8, 16, 16, 960, 480>_Outline_TILE_LOOP|  return value|
|grp_fu_645_p_din1                                                                             |  out|   16|  ap_ctrl_hs|                              UpConv_Fused_Row<8, 16, 16, 960, 480>_Outline_TILE_LOOP|  return value|
|grp_fu_645_p_dout0                                                                            |   in|   16|  ap_ctrl_hs|                              UpConv_Fused_Row<8, 16, 16, 960, 480>_Outline_TILE_LOOP|  return value|
|grp_fu_645_p_ce                                                                               |  out|    1|  ap_ctrl_hs|                              UpConv_Fused_Row<8, 16, 16, 960, 480>_Outline_TILE_LOOP|  return value|
|grp_fu_649_p_din0                                                                             |  out|   16|  ap_ctrl_hs|                              UpConv_Fused_Row<8, 16, 16, 960, 480>_Outline_TILE_LOOP|  return value|
|grp_fu_649_p_din1                                                                             |  out|   16|  ap_ctrl_hs|                              UpConv_Fused_Row<8, 16, 16, 960, 480>_Outline_TILE_LOOP|  return value|
|grp_fu_649_p_dout0                                                                            |   in|   16|  ap_ctrl_hs|                              UpConv_Fused_Row<8, 16, 16, 960, 480>_Outline_TILE_LOOP|  return value|
|grp_fu_649_p_ce                                                                               |  out|    1|  ap_ctrl_hs|                              UpConv_Fused_Row<8, 16, 16, 960, 480>_Outline_TILE_LOOP|  return value|
|grp_fu_653_p_din0                                                                             |  out|   16|  ap_ctrl_hs|                              UpConv_Fused_Row<8, 16, 16, 960, 480>_Outline_TILE_LOOP|  return value|
|grp_fu_653_p_din1                                                                             |  out|   16|  ap_ctrl_hs|                              UpConv_Fused_Row<8, 16, 16, 960, 480>_Outline_TILE_LOOP|  return value|
|grp_fu_653_p_dout0                                                                            |   in|   16|  ap_ctrl_hs|                              UpConv_Fused_Row<8, 16, 16, 960, 480>_Outline_TILE_LOOP|  return value|
|grp_fu_653_p_ce                                                                               |  out|    1|  ap_ctrl_hs|                              UpConv_Fused_Row<8, 16, 16, 960, 480>_Outline_TILE_LOOP|  return value|
|W_ptr                                                                                         |   in|   64|     ap_none|                                                                                W_ptr|        scalar|
|m_axi_gmem_weight_0_AWVALID                                                                   |  out|    1|       m_axi|                                                                          gmem_weight|       pointer|
|m_axi_gmem_weight_0_AWREADY                                                                   |   in|    1|       m_axi|                                                                          gmem_weight|       pointer|
|m_axi_gmem_weight_0_AWADDR                                                                    |  out|   64|       m_axi|                                                                          gmem_weight|       pointer|
|m_axi_gmem_weight_0_AWID                                                                      |  out|    1|       m_axi|                                                                          gmem_weight|       pointer|
|m_axi_gmem_weight_0_AWLEN                                                                     |  out|   32|       m_axi|                                                                          gmem_weight|       pointer|
|m_axi_gmem_weight_0_AWSIZE                                                                    |  out|    3|       m_axi|                                                                          gmem_weight|       pointer|
|m_axi_gmem_weight_0_AWBURST                                                                   |  out|    2|       m_axi|                                                                          gmem_weight|       pointer|
|m_axi_gmem_weight_0_AWLOCK                                                                    |  out|    2|       m_axi|                                                                          gmem_weight|       pointer|
|m_axi_gmem_weight_0_AWCACHE                                                                   |  out|    4|       m_axi|                                                                          gmem_weight|       pointer|
|m_axi_gmem_weight_0_AWPROT                                                                    |  out|    3|       m_axi|                                                                          gmem_weight|       pointer|
|m_axi_gmem_weight_0_AWQOS                                                                     |  out|    4|       m_axi|                                                                          gmem_weight|       pointer|
|m_axi_gmem_weight_0_AWREGION                                                                  |  out|    4|       m_axi|                                                                          gmem_weight|       pointer|
|m_axi_gmem_weight_0_AWUSER                                                                    |  out|    1|       m_axi|                                                                          gmem_weight|       pointer|
|m_axi_gmem_weight_0_WVALID                                                                    |  out|    1|       m_axi|                                                                          gmem_weight|       pointer|
|m_axi_gmem_weight_0_WREADY                                                                    |   in|    1|       m_axi|                                                                          gmem_weight|       pointer|
|m_axi_gmem_weight_0_WDATA                                                                     |  out|  256|       m_axi|                                                                          gmem_weight|       pointer|
|m_axi_gmem_weight_0_WSTRB                                                                     |  out|   32|       m_axi|                                                                          gmem_weight|       pointer|
|m_axi_gmem_weight_0_WLAST                                                                     |  out|    1|       m_axi|                                                                          gmem_weight|       pointer|
|m_axi_gmem_weight_0_WID                                                                       |  out|    1|       m_axi|                                                                          gmem_weight|       pointer|
|m_axi_gmem_weight_0_WUSER                                                                     |  out|    1|       m_axi|                                                                          gmem_weight|       pointer|
|m_axi_gmem_weight_0_ARVALID                                                                   |  out|    1|       m_axi|                                                                          gmem_weight|       pointer|
|m_axi_gmem_weight_0_ARREADY                                                                   |   in|    1|       m_axi|                                                                          gmem_weight|       pointer|
|m_axi_gmem_weight_0_ARADDR                                                                    |  out|   64|       m_axi|                                                                          gmem_weight|       pointer|
|m_axi_gmem_weight_0_ARID                                                                      |  out|    1|       m_axi|                                                                          gmem_weight|       pointer|
|m_axi_gmem_weight_0_ARLEN                                                                     |  out|   32|       m_axi|                                                                          gmem_weight|       pointer|
|m_axi_gmem_weight_0_ARSIZE                                                                    |  out|    3|       m_axi|                                                                          gmem_weight|       pointer|
|m_axi_gmem_weight_0_ARBURST                                                                   |  out|    2|       m_axi|                                                                          gmem_weight|       pointer|
|m_axi_gmem_weight_0_ARLOCK                                                                    |  out|    2|       m_axi|                                                                          gmem_weight|       pointer|
|m_axi_gmem_weight_0_ARCACHE                                                                   |  out|    4|       m_axi|                                                                          gmem_weight|       pointer|
|m_axi_gmem_weight_0_ARPROT                                                                    |  out|    3|       m_axi|                                                                          gmem_weight|       pointer|
|m_axi_gmem_weight_0_ARQOS                                                                     |  out|    4|       m_axi|                                                                          gmem_weight|       pointer|
|m_axi_gmem_weight_0_ARREGION                                                                  |  out|    4|       m_axi|                                                                          gmem_weight|       pointer|
|m_axi_gmem_weight_0_ARUSER                                                                    |  out|    1|       m_axi|                                                                          gmem_weight|       pointer|
|m_axi_gmem_weight_0_RVALID                                                                    |   in|    1|       m_axi|                                                                          gmem_weight|       pointer|
|m_axi_gmem_weight_0_RREADY                                                                    |  out|    1|       m_axi|                                                                          gmem_weight|       pointer|
|m_axi_gmem_weight_0_RDATA                                                                     |   in|  256|       m_axi|                                                                          gmem_weight|       pointer|
|m_axi_gmem_weight_0_RLAST                                                                     |   in|    1|       m_axi|                                                                          gmem_weight|       pointer|
|m_axi_gmem_weight_0_RID                                                                       |   in|    1|       m_axi|                                                                          gmem_weight|       pointer|
|m_axi_gmem_weight_0_RFIFONUM                                                                  |   in|   11|       m_axi|                                                                          gmem_weight|       pointer|
|m_axi_gmem_weight_0_RUSER                                                                     |   in|    1|       m_axi|                                                                          gmem_weight|       pointer|
|m_axi_gmem_weight_0_RRESP                                                                     |   in|    2|       m_axi|                                                                          gmem_weight|       pointer|
|m_axi_gmem_weight_0_BVALID                                                                    |   in|    1|       m_axi|                                                                          gmem_weight|       pointer|
|m_axi_gmem_weight_0_BREADY                                                                    |  out|    1|       m_axi|                                                                          gmem_weight|       pointer|
|m_axi_gmem_weight_0_BRESP                                                                     |   in|    2|       m_axi|                                                                          gmem_weight|       pointer|
|m_axi_gmem_weight_0_BID                                                                       |   in|    1|       m_axi|                                                                          gmem_weight|       pointer|
|m_axi_gmem_weight_0_BUSER                                                                     |   in|    1|       m_axi|                                                                          gmem_weight|       pointer|
|zext_ln135                                                                                    |   in|    6|     ap_none|                                                                           zext_ln135|        scalar|
|x_buf_address0                                                                                |  out|   11|   ap_memory|                                                                                x_buf|         array|
|x_buf_ce0                                                                                     |  out|    1|   ap_memory|                                                                                x_buf|         array|
|x_buf_q0                                                                                      |   in|  256|   ap_memory|                                                                                x_buf|         array|
|void_UpConv_Fused_Row_ap_uint_ap_uint_const_ap_uint_const_ap_uint_const_ap_u_29_address0      |  out|   10|   ap_memory|      void_UpConv_Fused_Row_ap_uint_ap_uint_const_ap_uint_const_ap_uint_const_ap_u_29|         array|
|void_UpConv_Fused_Row_ap_uint_ap_uint_const_ap_uint_const_ap_uint_const_ap_u_29_ce0           |  out|    1|   ap_memory|      void_UpConv_Fused_Row_ap_uint_ap_uint_const_ap_uint_const_ap_uint_const_ap_u_29|         array|
|void_UpConv_Fused_Row_ap_uint_ap_uint_const_ap_uint_const_ap_uint_const_ap_u_29_we0           |  out|    1|   ap_memory|      void_UpConv_Fused_Row_ap_uint_ap_uint_const_ap_uint_const_ap_uint_const_ap_u_29|         array|
|void_UpConv_Fused_Row_ap_uint_ap_uint_const_ap_uint_const_ap_uint_const_ap_u_29_d0            |  out|   16|   ap_memory|      void_UpConv_Fused_Row_ap_uint_ap_uint_const_ap_uint_const_ap_uint_const_ap_u_29|         array|
|void_UpConv_Fused_Row_ap_uint_ap_uint_const_ap_uint_const_ap_uint_const_ap_u_29_address1      |  out|   10|   ap_memory|      void_UpConv_Fused_Row_ap_uint_ap_uint_const_ap_uint_const_ap_uint_const_ap_u_29|         array|
|void_UpConv_Fused_Row_ap_uint_ap_uint_const_ap_uint_const_ap_uint_const_ap_u_29_ce1           |  out|    1|   ap_memory|      void_UpConv_Fused_Row_ap_uint_ap_uint_const_ap_uint_const_ap_uint_const_ap_u_29|         array|
|void_UpConv_Fused_Row_ap_uint_ap_uint_const_ap_uint_const_ap_uint_const_ap_u_29_q1            |   in|   16|   ap_memory|      void_UpConv_Fused_Row_ap_uint_ap_uint_const_ap_uint_const_ap_uint_const_ap_u_29|         array|
|void_UpConv_Fused_Row_ap_uint_ap_uint_const_ap_uint_const_ap_uint_const_ap_u_28_address0      |  out|   10|   ap_memory|      void_UpConv_Fused_Row_ap_uint_ap_uint_const_ap_uint_const_ap_uint_const_ap_u_28|         array|
|void_UpConv_Fused_Row_ap_uint_ap_uint_const_ap_uint_const_ap_uint_const_ap_u_28_ce0           |  out|    1|   ap_memory|      void_UpConv_Fused_Row_ap_uint_ap_uint_const_ap_uint_const_ap_uint_const_ap_u_28|         array|
|void_UpConv_Fused_Row_ap_uint_ap_uint_const_ap_uint_const_ap_uint_const_ap_u_28_we0           |  out|    1|   ap_memory|      void_UpConv_Fused_Row_ap_uint_ap_uint_const_ap_uint_const_ap_uint_const_ap_u_28|         array|
|void_UpConv_Fused_Row_ap_uint_ap_uint_const_ap_uint_const_ap_uint_const_ap_u_28_d0            |  out|   16|   ap_memory|      void_UpConv_Fused_Row_ap_uint_ap_uint_const_ap_uint_const_ap_uint_const_ap_u_28|         array|
|void_UpConv_Fused_Row_ap_uint_ap_uint_const_ap_uint_const_ap_uint_const_ap_u_28_address1      |  out|   10|   ap_memory|      void_UpConv_Fused_Row_ap_uint_ap_uint_const_ap_uint_const_ap_uint_const_ap_u_28|         array|
|void_UpConv_Fused_Row_ap_uint_ap_uint_const_ap_uint_const_ap_uint_const_ap_u_28_ce1           |  out|    1|   ap_memory|      void_UpConv_Fused_Row_ap_uint_ap_uint_const_ap_uint_const_ap_uint_const_ap_u_28|         array|
|void_UpConv_Fused_Row_ap_uint_ap_uint_const_ap_uint_const_ap_uint_const_ap_u_28_q1            |   in|   16|   ap_memory|      void_UpConv_Fused_Row_ap_uint_ap_uint_const_ap_uint_const_ap_uint_const_ap_u_28|         array|
|void_UpConv_Fused_Row_ap_uint_ap_uint_const_ap_uint_const_ap_uint_const_ap_u_27_address0      |  out|   10|   ap_memory|      void_UpConv_Fused_Row_ap_uint_ap_uint_const_ap_uint_const_ap_uint_const_ap_u_27|         array|
|void_UpConv_Fused_Row_ap_uint_ap_uint_const_ap_uint_const_ap_uint_const_ap_u_27_ce0           |  out|    1|   ap_memory|      void_UpConv_Fused_Row_ap_uint_ap_uint_const_ap_uint_const_ap_uint_const_ap_u_27|         array|
|void_UpConv_Fused_Row_ap_uint_ap_uint_const_ap_uint_const_ap_uint_const_ap_u_27_we0           |  out|    1|   ap_memory|      void_UpConv_Fused_Row_ap_uint_ap_uint_const_ap_uint_const_ap_uint_const_ap_u_27|         array|
|void_UpConv_Fused_Row_ap_uint_ap_uint_const_ap_uint_const_ap_uint_const_ap_u_27_d0            |  out|   16|   ap_memory|      void_UpConv_Fused_Row_ap_uint_ap_uint_const_ap_uint_const_ap_uint_const_ap_u_27|         array|
|void_UpConv_Fused_Row_ap_uint_ap_uint_const_ap_uint_const_ap_uint_const_ap_u_27_address1      |  out|   10|   ap_memory|      void_UpConv_Fused_Row_ap_uint_ap_uint_const_ap_uint_const_ap_uint_const_ap_u_27|         array|
|void_UpConv_Fused_Row_ap_uint_ap_uint_const_ap_uint_const_ap_uint_const_ap_u_27_ce1           |  out|    1|   ap_memory|      void_UpConv_Fused_Row_ap_uint_ap_uint_const_ap_uint_const_ap_uint_const_ap_u_27|         array|
|void_UpConv_Fused_Row_ap_uint_ap_uint_const_ap_uint_const_ap_uint_const_ap_u_27_q1            |   in|   16|   ap_memory|      void_UpConv_Fused_Row_ap_uint_ap_uint_const_ap_uint_const_ap_uint_const_ap_u_27|         array|
|void_UpConv_Fused_Row_ap_uint_ap_uint_const_ap_uint_const_ap_uint_const_ap_u_26_address0      |  out|   10|   ap_memory|      void_UpConv_Fused_Row_ap_uint_ap_uint_const_ap_uint_const_ap_uint_const_ap_u_26|         array|
|void_UpConv_Fused_Row_ap_uint_ap_uint_const_ap_uint_const_ap_uint_const_ap_u_26_ce0           |  out|    1|   ap_memory|      void_UpConv_Fused_Row_ap_uint_ap_uint_const_ap_uint_const_ap_uint_const_ap_u_26|         array|
|void_UpConv_Fused_Row_ap_uint_ap_uint_const_ap_uint_const_ap_uint_const_ap_u_26_we0           |  out|    1|   ap_memory|      void_UpConv_Fused_Row_ap_uint_ap_uint_const_ap_uint_const_ap_uint_const_ap_u_26|         array|
|void_UpConv_Fused_Row_ap_uint_ap_uint_const_ap_uint_const_ap_uint_const_ap_u_26_d0            |  out|   16|   ap_memory|      void_UpConv_Fused_Row_ap_uint_ap_uint_const_ap_uint_const_ap_uint_const_ap_u_26|         array|
|void_UpConv_Fused_Row_ap_uint_ap_uint_const_ap_uint_const_ap_uint_const_ap_u_26_address1      |  out|   10|   ap_memory|      void_UpConv_Fused_Row_ap_uint_ap_uint_const_ap_uint_const_ap_uint_const_ap_u_26|         array|
|void_UpConv_Fused_Row_ap_uint_ap_uint_const_ap_uint_const_ap_uint_const_ap_u_26_ce1           |  out|    1|   ap_memory|      void_UpConv_Fused_Row_ap_uint_ap_uint_const_ap_uint_const_ap_uint_const_ap_u_26|         array|
|void_UpConv_Fused_Row_ap_uint_ap_uint_const_ap_uint_const_ap_uint_const_ap_u_26_q1            |   in|   16|   ap_memory|      void_UpConv_Fused_Row_ap_uint_ap_uint_const_ap_uint_const_ap_uint_const_ap_u_26|         array|
|void_UpConv_Fused_Row_ap_uint_ap_uint_const_ap_uint_const_ap_uint_const_ap_u_25_address0      |  out|   10|   ap_memory|      void_UpConv_Fused_Row_ap_uint_ap_uint_const_ap_uint_const_ap_uint_const_ap_u_25|         array|
|void_UpConv_Fused_Row_ap_uint_ap_uint_const_ap_uint_const_ap_uint_const_ap_u_25_ce0           |  out|    1|   ap_memory|      void_UpConv_Fused_Row_ap_uint_ap_uint_const_ap_uint_const_ap_uint_const_ap_u_25|         array|
|void_UpConv_Fused_Row_ap_uint_ap_uint_const_ap_uint_const_ap_uint_const_ap_u_25_we0           |  out|    1|   ap_memory|      void_UpConv_Fused_Row_ap_uint_ap_uint_const_ap_uint_const_ap_uint_const_ap_u_25|         array|
|void_UpConv_Fused_Row_ap_uint_ap_uint_const_ap_uint_const_ap_uint_const_ap_u_25_d0            |  out|   16|   ap_memory|      void_UpConv_Fused_Row_ap_uint_ap_uint_const_ap_uint_const_ap_uint_const_ap_u_25|         array|
|void_UpConv_Fused_Row_ap_uint_ap_uint_const_ap_uint_const_ap_uint_const_ap_u_25_address1      |  out|   10|   ap_memory|      void_UpConv_Fused_Row_ap_uint_ap_uint_const_ap_uint_const_ap_uint_const_ap_u_25|         array|
|void_UpConv_Fused_Row_ap_uint_ap_uint_const_ap_uint_const_ap_uint_const_ap_u_25_ce1           |  out|    1|   ap_memory|      void_UpConv_Fused_Row_ap_uint_ap_uint_const_ap_uint_const_ap_uint_const_ap_u_25|         array|
|void_UpConv_Fused_Row_ap_uint_ap_uint_const_ap_uint_const_ap_uint_const_ap_u_25_q1            |   in|   16|   ap_memory|      void_UpConv_Fused_Row_ap_uint_ap_uint_const_ap_uint_const_ap_uint_const_ap_u_25|         array|
|void_UpConv_Fused_Row_ap_uint_ap_uint_const_ap_uint_const_ap_uint_const_ap_u_24_address0      |  out|   10|   ap_memory|      void_UpConv_Fused_Row_ap_uint_ap_uint_const_ap_uint_const_ap_uint_const_ap_u_24|         array|
|void_UpConv_Fused_Row_ap_uint_ap_uint_const_ap_uint_const_ap_uint_const_ap_u_24_ce0           |  out|    1|   ap_memory|      void_UpConv_Fused_Row_ap_uint_ap_uint_const_ap_uint_const_ap_uint_const_ap_u_24|         array|
|void_UpConv_Fused_Row_ap_uint_ap_uint_const_ap_uint_const_ap_uint_const_ap_u_24_we0           |  out|    1|   ap_memory|      void_UpConv_Fused_Row_ap_uint_ap_uint_const_ap_uint_const_ap_uint_const_ap_u_24|         array|
|void_UpConv_Fused_Row_ap_uint_ap_uint_const_ap_uint_const_ap_uint_const_ap_u_24_d0            |  out|   16|   ap_memory|      void_UpConv_Fused_Row_ap_uint_ap_uint_const_ap_uint_const_ap_uint_const_ap_u_24|         array|
|void_UpConv_Fused_Row_ap_uint_ap_uint_const_ap_uint_const_ap_uint_const_ap_u_24_address1      |  out|   10|   ap_memory|      void_UpConv_Fused_Row_ap_uint_ap_uint_const_ap_uint_const_ap_uint_const_ap_u_24|         array|
|void_UpConv_Fused_Row_ap_uint_ap_uint_const_ap_uint_const_ap_uint_const_ap_u_24_ce1           |  out|    1|   ap_memory|      void_UpConv_Fused_Row_ap_uint_ap_uint_const_ap_uint_const_ap_uint_const_ap_u_24|         array|
|void_UpConv_Fused_Row_ap_uint_ap_uint_const_ap_uint_const_ap_uint_const_ap_u_24_q1            |   in|   16|   ap_memory|      void_UpConv_Fused_Row_ap_uint_ap_uint_const_ap_uint_const_ap_uint_const_ap_u_24|         array|
|void_UpConv_Fused_Row_ap_uint_ap_uint_const_ap_uint_const_ap_uint_const_ap_u_23_address0      |  out|   10|   ap_memory|      void_UpConv_Fused_Row_ap_uint_ap_uint_const_ap_uint_const_ap_uint_const_ap_u_23|         array|
|void_UpConv_Fused_Row_ap_uint_ap_uint_const_ap_uint_const_ap_uint_const_ap_u_23_ce0           |  out|    1|   ap_memory|      void_UpConv_Fused_Row_ap_uint_ap_uint_const_ap_uint_const_ap_uint_const_ap_u_23|         array|
|void_UpConv_Fused_Row_ap_uint_ap_uint_const_ap_uint_const_ap_uint_const_ap_u_23_we0           |  out|    1|   ap_memory|      void_UpConv_Fused_Row_ap_uint_ap_uint_const_ap_uint_const_ap_uint_const_ap_u_23|         array|
|void_UpConv_Fused_Row_ap_uint_ap_uint_const_ap_uint_const_ap_uint_const_ap_u_23_d0            |  out|   16|   ap_memory|      void_UpConv_Fused_Row_ap_uint_ap_uint_const_ap_uint_const_ap_uint_const_ap_u_23|         array|
|void_UpConv_Fused_Row_ap_uint_ap_uint_const_ap_uint_const_ap_uint_const_ap_u_23_address1      |  out|   10|   ap_memory|      void_UpConv_Fused_Row_ap_uint_ap_uint_const_ap_uint_const_ap_uint_const_ap_u_23|         array|
|void_UpConv_Fused_Row_ap_uint_ap_uint_const_ap_uint_const_ap_uint_const_ap_u_23_ce1           |  out|    1|   ap_memory|      void_UpConv_Fused_Row_ap_uint_ap_uint_const_ap_uint_const_ap_uint_const_ap_u_23|         array|
|void_UpConv_Fused_Row_ap_uint_ap_uint_const_ap_uint_const_ap_uint_const_ap_u_23_q1            |   in|   16|   ap_memory|      void_UpConv_Fused_Row_ap_uint_ap_uint_const_ap_uint_const_ap_uint_const_ap_u_23|         array|
|void_UpConv_Fused_Row_ap_uint_ap_uint_const_ap_uint_const_ap_uint_const_ap_u_22_address0      |  out|   10|   ap_memory|      void_UpConv_Fused_Row_ap_uint_ap_uint_const_ap_uint_const_ap_uint_const_ap_u_22|         array|
|void_UpConv_Fused_Row_ap_uint_ap_uint_const_ap_uint_const_ap_uint_const_ap_u_22_ce0           |  out|    1|   ap_memory|      void_UpConv_Fused_Row_ap_uint_ap_uint_const_ap_uint_const_ap_uint_const_ap_u_22|         array|
|void_UpConv_Fused_Row_ap_uint_ap_uint_const_ap_uint_const_ap_uint_const_ap_u_22_we0           |  out|    1|   ap_memory|      void_UpConv_Fused_Row_ap_uint_ap_uint_const_ap_uint_const_ap_uint_const_ap_u_22|         array|
|void_UpConv_Fused_Row_ap_uint_ap_uint_const_ap_uint_const_ap_uint_const_ap_u_22_d0            |  out|   16|   ap_memory|      void_UpConv_Fused_Row_ap_uint_ap_uint_const_ap_uint_const_ap_uint_const_ap_u_22|         array|
|void_UpConv_Fused_Row_ap_uint_ap_uint_const_ap_uint_const_ap_uint_const_ap_u_22_address1      |  out|   10|   ap_memory|      void_UpConv_Fused_Row_ap_uint_ap_uint_const_ap_uint_const_ap_uint_const_ap_u_22|         array|
|void_UpConv_Fused_Row_ap_uint_ap_uint_const_ap_uint_const_ap_uint_const_ap_u_22_ce1           |  out|    1|   ap_memory|      void_UpConv_Fused_Row_ap_uint_ap_uint_const_ap_uint_const_ap_uint_const_ap_u_22|         array|
|void_UpConv_Fused_Row_ap_uint_ap_uint_const_ap_uint_const_ap_uint_const_ap_u_22_q1            |   in|   16|   ap_memory|      void_UpConv_Fused_Row_ap_uint_ap_uint_const_ap_uint_const_ap_uint_const_ap_u_22|         array|
|void_UpConv_Fused_Row_ap_uint_ap_uint_const_ap_uint_const_ap_uint_const_ap_u_21_address0      |  out|   10|   ap_memory|      void_UpConv_Fused_Row_ap_uint_ap_uint_const_ap_uint_const_ap_uint_const_ap_u_21|         array|
|void_UpConv_Fused_Row_ap_uint_ap_uint_const_ap_uint_const_ap_uint_const_ap_u_21_ce0           |  out|    1|   ap_memory|      void_UpConv_Fused_Row_ap_uint_ap_uint_const_ap_uint_const_ap_uint_const_ap_u_21|         array|
|void_UpConv_Fused_Row_ap_uint_ap_uint_const_ap_uint_const_ap_uint_const_ap_u_21_we0           |  out|    1|   ap_memory|      void_UpConv_Fused_Row_ap_uint_ap_uint_const_ap_uint_const_ap_uint_const_ap_u_21|         array|
|void_UpConv_Fused_Row_ap_uint_ap_uint_const_ap_uint_const_ap_uint_const_ap_u_21_d0            |  out|   16|   ap_memory|      void_UpConv_Fused_Row_ap_uint_ap_uint_const_ap_uint_const_ap_uint_const_ap_u_21|         array|
|void_UpConv_Fused_Row_ap_uint_ap_uint_const_ap_uint_const_ap_uint_const_ap_u_21_address1      |  out|   10|   ap_memory|      void_UpConv_Fused_Row_ap_uint_ap_uint_const_ap_uint_const_ap_uint_const_ap_u_21|         array|
|void_UpConv_Fused_Row_ap_uint_ap_uint_const_ap_uint_const_ap_uint_const_ap_u_21_ce1           |  out|    1|   ap_memory|      void_UpConv_Fused_Row_ap_uint_ap_uint_const_ap_uint_const_ap_uint_const_ap_u_21|         array|
|void_UpConv_Fused_Row_ap_uint_ap_uint_const_ap_uint_const_ap_uint_const_ap_u_21_q1            |   in|   16|   ap_memory|      void_UpConv_Fused_Row_ap_uint_ap_uint_const_ap_uint_const_ap_uint_const_ap_u_21|         array|
|void_UpConv_Fused_Row_ap_uint_ap_uint_const_ap_uint_const_ap_uint_const_ap_u_20_address0      |  out|   10|   ap_memory|      void_UpConv_Fused_Row_ap_uint_ap_uint_const_ap_uint_const_ap_uint_const_ap_u_20|         array|
|void_UpConv_Fused_Row_ap_uint_ap_uint_const_ap_uint_const_ap_uint_const_ap_u_20_ce0           |  out|    1|   ap_memory|      void_UpConv_Fused_Row_ap_uint_ap_uint_const_ap_uint_const_ap_uint_const_ap_u_20|         array|
|void_UpConv_Fused_Row_ap_uint_ap_uint_const_ap_uint_const_ap_uint_const_ap_u_20_we0           |  out|    1|   ap_memory|      void_UpConv_Fused_Row_ap_uint_ap_uint_const_ap_uint_const_ap_uint_const_ap_u_20|         array|
|void_UpConv_Fused_Row_ap_uint_ap_uint_const_ap_uint_const_ap_uint_const_ap_u_20_d0            |  out|   16|   ap_memory|      void_UpConv_Fused_Row_ap_uint_ap_uint_const_ap_uint_const_ap_uint_const_ap_u_20|         array|
|void_UpConv_Fused_Row_ap_uint_ap_uint_const_ap_uint_const_ap_uint_const_ap_u_20_address1      |  out|   10|   ap_memory|      void_UpConv_Fused_Row_ap_uint_ap_uint_const_ap_uint_const_ap_uint_const_ap_u_20|         array|
|void_UpConv_Fused_Row_ap_uint_ap_uint_const_ap_uint_const_ap_uint_const_ap_u_20_ce1           |  out|    1|   ap_memory|      void_UpConv_Fused_Row_ap_uint_ap_uint_const_ap_uint_const_ap_uint_const_ap_u_20|         array|
|void_UpConv_Fused_Row_ap_uint_ap_uint_const_ap_uint_const_ap_uint_const_ap_u_20_q1            |   in|   16|   ap_memory|      void_UpConv_Fused_Row_ap_uint_ap_uint_const_ap_uint_const_ap_uint_const_ap_u_20|         array|
|p_ZZ16UpConv_Fused_RowILi8ELi16ELi16ELi960ELi480EEvP7ap_uintILi256EEPKS1_S4_S4_S4_5_address0  |  out|   10|   ap_memory|  p_ZZ16UpConv_Fused_RowILi8ELi16ELi16ELi960ELi480EEvP7ap_uintILi256EEPKS1_S4_S4_S4_5|         array|
|p_ZZ16UpConv_Fused_RowILi8ELi16ELi16ELi960ELi480EEvP7ap_uintILi256EEPKS1_S4_S4_S4_5_ce0       |  out|    1|   ap_memory|  p_ZZ16UpConv_Fused_RowILi8ELi16ELi16ELi960ELi480EEvP7ap_uintILi256EEPKS1_S4_S4_S4_5|         array|
|p_ZZ16UpConv_Fused_RowILi8ELi16ELi16ELi960ELi480EEvP7ap_uintILi256EEPKS1_S4_S4_S4_5_we0       |  out|    1|   ap_memory|  p_ZZ16UpConv_Fused_RowILi8ELi16ELi16ELi960ELi480EEvP7ap_uintILi256EEPKS1_S4_S4_S4_5|         array|
|p_ZZ16UpConv_Fused_RowILi8ELi16ELi16ELi960ELi480EEvP7ap_uintILi256EEPKS1_S4_S4_S4_5_d0        |  out|   16|   ap_memory|  p_ZZ16UpConv_Fused_RowILi8ELi16ELi16ELi960ELi480EEvP7ap_uintILi256EEPKS1_S4_S4_S4_5|         array|
|p_ZZ16UpConv_Fused_RowILi8ELi16ELi16ELi960ELi480EEvP7ap_uintILi256EEPKS1_S4_S4_S4_5_address1  |  out|   10|   ap_memory|  p_ZZ16UpConv_Fused_RowILi8ELi16ELi16ELi960ELi480EEvP7ap_uintILi256EEPKS1_S4_S4_S4_5|         array|
|p_ZZ16UpConv_Fused_RowILi8ELi16ELi16ELi960ELi480EEvP7ap_uintILi256EEPKS1_S4_S4_S4_5_ce1       |  out|    1|   ap_memory|  p_ZZ16UpConv_Fused_RowILi8ELi16ELi16ELi960ELi480EEvP7ap_uintILi256EEPKS1_S4_S4_S4_5|         array|
|p_ZZ16UpConv_Fused_RowILi8ELi16ELi16ELi960ELi480EEvP7ap_uintILi256EEPKS1_S4_S4_S4_5_q1        |   in|   16|   ap_memory|  p_ZZ16UpConv_Fused_RowILi8ELi16ELi16ELi960ELi480EEvP7ap_uintILi256EEPKS1_S4_S4_S4_5|         array|
|p_ZZ16UpConv_Fused_RowILi8ELi16ELi16ELi960ELi480EEvP7ap_uintILi256EEPKS1_S4_S4_S4_4_address0  |  out|   10|   ap_memory|  p_ZZ16UpConv_Fused_RowILi8ELi16ELi16ELi960ELi480EEvP7ap_uintILi256EEPKS1_S4_S4_S4_4|         array|
|p_ZZ16UpConv_Fused_RowILi8ELi16ELi16ELi960ELi480EEvP7ap_uintILi256EEPKS1_S4_S4_S4_4_ce0       |  out|    1|   ap_memory|  p_ZZ16UpConv_Fused_RowILi8ELi16ELi16ELi960ELi480EEvP7ap_uintILi256EEPKS1_S4_S4_S4_4|         array|
|p_ZZ16UpConv_Fused_RowILi8ELi16ELi16ELi960ELi480EEvP7ap_uintILi256EEPKS1_S4_S4_S4_4_we0       |  out|    1|   ap_memory|  p_ZZ16UpConv_Fused_RowILi8ELi16ELi16ELi960ELi480EEvP7ap_uintILi256EEPKS1_S4_S4_S4_4|         array|
|p_ZZ16UpConv_Fused_RowILi8ELi16ELi16ELi960ELi480EEvP7ap_uintILi256EEPKS1_S4_S4_S4_4_d0        |  out|   16|   ap_memory|  p_ZZ16UpConv_Fused_RowILi8ELi16ELi16ELi960ELi480EEvP7ap_uintILi256EEPKS1_S4_S4_S4_4|         array|
|p_ZZ16UpConv_Fused_RowILi8ELi16ELi16ELi960ELi480EEvP7ap_uintILi256EEPKS1_S4_S4_S4_4_address1  |  out|   10|   ap_memory|  p_ZZ16UpConv_Fused_RowILi8ELi16ELi16ELi960ELi480EEvP7ap_uintILi256EEPKS1_S4_S4_S4_4|         array|
|p_ZZ16UpConv_Fused_RowILi8ELi16ELi16ELi960ELi480EEvP7ap_uintILi256EEPKS1_S4_S4_S4_4_ce1       |  out|    1|   ap_memory|  p_ZZ16UpConv_Fused_RowILi8ELi16ELi16ELi960ELi480EEvP7ap_uintILi256EEPKS1_S4_S4_S4_4|         array|
|p_ZZ16UpConv_Fused_RowILi8ELi16ELi16ELi960ELi480EEvP7ap_uintILi256EEPKS1_S4_S4_S4_4_q1        |   in|   16|   ap_memory|  p_ZZ16UpConv_Fused_RowILi8ELi16ELi16ELi960ELi480EEvP7ap_uintILi256EEPKS1_S4_S4_S4_4|         array|
|p_ZZ16UpConv_Fused_RowILi8ELi16ELi16ELi960ELi480EEvP7ap_uintILi256EEPKS1_S4_S4_S4_3_address0  |  out|   10|   ap_memory|  p_ZZ16UpConv_Fused_RowILi8ELi16ELi16ELi960ELi480EEvP7ap_uintILi256EEPKS1_S4_S4_S4_3|         array|
|p_ZZ16UpConv_Fused_RowILi8ELi16ELi16ELi960ELi480EEvP7ap_uintILi256EEPKS1_S4_S4_S4_3_ce0       |  out|    1|   ap_memory|  p_ZZ16UpConv_Fused_RowILi8ELi16ELi16ELi960ELi480EEvP7ap_uintILi256EEPKS1_S4_S4_S4_3|         array|
|p_ZZ16UpConv_Fused_RowILi8ELi16ELi16ELi960ELi480EEvP7ap_uintILi256EEPKS1_S4_S4_S4_3_we0       |  out|    1|   ap_memory|  p_ZZ16UpConv_Fused_RowILi8ELi16ELi16ELi960ELi480EEvP7ap_uintILi256EEPKS1_S4_S4_S4_3|         array|
|p_ZZ16UpConv_Fused_RowILi8ELi16ELi16ELi960ELi480EEvP7ap_uintILi256EEPKS1_S4_S4_S4_3_d0        |  out|   16|   ap_memory|  p_ZZ16UpConv_Fused_RowILi8ELi16ELi16ELi960ELi480EEvP7ap_uintILi256EEPKS1_S4_S4_S4_3|         array|
|p_ZZ16UpConv_Fused_RowILi8ELi16ELi16ELi960ELi480EEvP7ap_uintILi256EEPKS1_S4_S4_S4_3_address1  |  out|   10|   ap_memory|  p_ZZ16UpConv_Fused_RowILi8ELi16ELi16ELi960ELi480EEvP7ap_uintILi256EEPKS1_S4_S4_S4_3|         array|
|p_ZZ16UpConv_Fused_RowILi8ELi16ELi16ELi960ELi480EEvP7ap_uintILi256EEPKS1_S4_S4_S4_3_ce1       |  out|    1|   ap_memory|  p_ZZ16UpConv_Fused_RowILi8ELi16ELi16ELi960ELi480EEvP7ap_uintILi256EEPKS1_S4_S4_S4_3|         array|
|p_ZZ16UpConv_Fused_RowILi8ELi16ELi16ELi960ELi480EEvP7ap_uintILi256EEPKS1_S4_S4_S4_3_q1        |   in|   16|   ap_memory|  p_ZZ16UpConv_Fused_RowILi8ELi16ELi16ELi960ELi480EEvP7ap_uintILi256EEPKS1_S4_S4_S4_3|         array|
|p_ZZ16UpConv_Fused_RowILi8ELi16ELi16ELi960ELi480EEvP7ap_uintILi256EEPKS1_S4_S4_S4_2_address0  |  out|   10|   ap_memory|  p_ZZ16UpConv_Fused_RowILi8ELi16ELi16ELi960ELi480EEvP7ap_uintILi256EEPKS1_S4_S4_S4_2|         array|
|p_ZZ16UpConv_Fused_RowILi8ELi16ELi16ELi960ELi480EEvP7ap_uintILi256EEPKS1_S4_S4_S4_2_ce0       |  out|    1|   ap_memory|  p_ZZ16UpConv_Fused_RowILi8ELi16ELi16ELi960ELi480EEvP7ap_uintILi256EEPKS1_S4_S4_S4_2|         array|
|p_ZZ16UpConv_Fused_RowILi8ELi16ELi16ELi960ELi480EEvP7ap_uintILi256EEPKS1_S4_S4_S4_2_we0       |  out|    1|   ap_memory|  p_ZZ16UpConv_Fused_RowILi8ELi16ELi16ELi960ELi480EEvP7ap_uintILi256EEPKS1_S4_S4_S4_2|         array|
|p_ZZ16UpConv_Fused_RowILi8ELi16ELi16ELi960ELi480EEvP7ap_uintILi256EEPKS1_S4_S4_S4_2_d0        |  out|   16|   ap_memory|  p_ZZ16UpConv_Fused_RowILi8ELi16ELi16ELi960ELi480EEvP7ap_uintILi256EEPKS1_S4_S4_S4_2|         array|
|p_ZZ16UpConv_Fused_RowILi8ELi16ELi16ELi960ELi480EEvP7ap_uintILi256EEPKS1_S4_S4_S4_2_address1  |  out|   10|   ap_memory|  p_ZZ16UpConv_Fused_RowILi8ELi16ELi16ELi960ELi480EEvP7ap_uintILi256EEPKS1_S4_S4_S4_2|         array|
|p_ZZ16UpConv_Fused_RowILi8ELi16ELi16ELi960ELi480EEvP7ap_uintILi256EEPKS1_S4_S4_S4_2_ce1       |  out|    1|   ap_memory|  p_ZZ16UpConv_Fused_RowILi8ELi16ELi16ELi960ELi480EEvP7ap_uintILi256EEPKS1_S4_S4_S4_2|         array|
|p_ZZ16UpConv_Fused_RowILi8ELi16ELi16ELi960ELi480EEvP7ap_uintILi256EEPKS1_S4_S4_S4_2_q1        |   in|   16|   ap_memory|  p_ZZ16UpConv_Fused_RowILi8ELi16ELi16ELi960ELi480EEvP7ap_uintILi256EEPKS1_S4_S4_S4_2|         array|
|p_ZZ16UpConv_Fused_RowILi8ELi16ELi16ELi960ELi480EEvP7ap_uintILi256EEPKS1_S4_S4_S4_1_address0  |  out|   10|   ap_memory|  p_ZZ16UpConv_Fused_RowILi8ELi16ELi16ELi960ELi480EEvP7ap_uintILi256EEPKS1_S4_S4_S4_1|         array|
|p_ZZ16UpConv_Fused_RowILi8ELi16ELi16ELi960ELi480EEvP7ap_uintILi256EEPKS1_S4_S4_S4_1_ce0       |  out|    1|   ap_memory|  p_ZZ16UpConv_Fused_RowILi8ELi16ELi16ELi960ELi480EEvP7ap_uintILi256EEPKS1_S4_S4_S4_1|         array|
|p_ZZ16UpConv_Fused_RowILi8ELi16ELi16ELi960ELi480EEvP7ap_uintILi256EEPKS1_S4_S4_S4_1_we0       |  out|    1|   ap_memory|  p_ZZ16UpConv_Fused_RowILi8ELi16ELi16ELi960ELi480EEvP7ap_uintILi256EEPKS1_S4_S4_S4_1|         array|
|p_ZZ16UpConv_Fused_RowILi8ELi16ELi16ELi960ELi480EEvP7ap_uintILi256EEPKS1_S4_S4_S4_1_d0        |  out|   16|   ap_memory|  p_ZZ16UpConv_Fused_RowILi8ELi16ELi16ELi960ELi480EEvP7ap_uintILi256EEPKS1_S4_S4_S4_1|         array|
|p_ZZ16UpConv_Fused_RowILi8ELi16ELi16ELi960ELi480EEvP7ap_uintILi256EEPKS1_S4_S4_S4_1_address1  |  out|   10|   ap_memory|  p_ZZ16UpConv_Fused_RowILi8ELi16ELi16ELi960ELi480EEvP7ap_uintILi256EEPKS1_S4_S4_S4_1|         array|
|p_ZZ16UpConv_Fused_RowILi8ELi16ELi16ELi960ELi480EEvP7ap_uintILi256EEPKS1_S4_S4_S4_1_ce1       |  out|    1|   ap_memory|  p_ZZ16UpConv_Fused_RowILi8ELi16ELi16ELi960ELi480EEvP7ap_uintILi256EEPKS1_S4_S4_S4_1|         array|
|p_ZZ16UpConv_Fused_RowILi8ELi16ELi16ELi960ELi480EEvP7ap_uintILi256EEPKS1_S4_S4_S4_1_q1        |   in|   16|   ap_memory|  p_ZZ16UpConv_Fused_RowILi8ELi16ELi16ELi960ELi480EEvP7ap_uintILi256EEPKS1_S4_S4_S4_1|         array|
|p_ZZ16UpConv_Fused_RowILi8ELi16ELi16ELi960ELi480EEvP7ap_uintILi256EEPKS1_S4_S4_S4_address0    |  out|   10|   ap_memory|    p_ZZ16UpConv_Fused_RowILi8ELi16ELi16ELi960ELi480EEvP7ap_uintILi256EEPKS1_S4_S4_S4|         array|
|p_ZZ16UpConv_Fused_RowILi8ELi16ELi16ELi960ELi480EEvP7ap_uintILi256EEPKS1_S4_S4_S4_ce0         |  out|    1|   ap_memory|    p_ZZ16UpConv_Fused_RowILi8ELi16ELi16ELi960ELi480EEvP7ap_uintILi256EEPKS1_S4_S4_S4|         array|
|p_ZZ16UpConv_Fused_RowILi8ELi16ELi16ELi960ELi480EEvP7ap_uintILi256EEPKS1_S4_S4_S4_we0         |  out|    1|   ap_memory|    p_ZZ16UpConv_Fused_RowILi8ELi16ELi16ELi960ELi480EEvP7ap_uintILi256EEPKS1_S4_S4_S4|         array|
|p_ZZ16UpConv_Fused_RowILi8ELi16ELi16ELi960ELi480EEvP7ap_uintILi256EEPKS1_S4_S4_S4_d0          |  out|   16|   ap_memory|    p_ZZ16UpConv_Fused_RowILi8ELi16ELi16ELi960ELi480EEvP7ap_uintILi256EEPKS1_S4_S4_S4|         array|
|p_ZZ16UpConv_Fused_RowILi8ELi16ELi16ELi960ELi480EEvP7ap_uintILi256EEPKS1_S4_S4_S4_address1    |  out|   10|   ap_memory|    p_ZZ16UpConv_Fused_RowILi8ELi16ELi16ELi960ELi480EEvP7ap_uintILi256EEPKS1_S4_S4_S4|         array|
|p_ZZ16UpConv_Fused_RowILi8ELi16ELi16ELi960ELi480EEvP7ap_uintILi256EEPKS1_S4_S4_S4_ce1         |  out|    1|   ap_memory|    p_ZZ16UpConv_Fused_RowILi8ELi16ELi16ELi960ELi480EEvP7ap_uintILi256EEPKS1_S4_S4_S4|         array|
|p_ZZ16UpConv_Fused_RowILi8ELi16ELi16ELi960ELi480EEvP7ap_uintILi256EEPKS1_S4_S4_S4_q1          |   in|   16|   ap_memory|    p_ZZ16UpConv_Fused_RowILi8ELi16ELi16ELi960ELi480EEvP7ap_uintILi256EEPKS1_S4_S4_S4|         array|
+----------------------------------------------------------------------------------------------+-----+-----+------------+-------------------------------------------------------------------------------------+--------------+

