

================================================================
== Vitis HLS Report for 'UpConv_Fused_Row_8_128_128_120_60_Pipeline_W_FLAT'
================================================================
* Date:           Mon Jun  1 23:46:49 2026

* Version:        2024.2 (Build 5238294 on Nov  8 2024)
* Project:        upconv_core_top
* Solution:       hls (Vivado IP Flow Target)
* Product family: zynquplus
* Target device:  xczu7ev-ffvc1156-2-e


================================================================
== Performance Estimates
================================================================
+ Timing: 
    * Summary: 
    +--------+---------+----------+------------+
    |  Clock |  Target | Estimated| Uncertainty|
    +--------+---------+----------+------------+
    |ap_clk  |  3.33 ns|  2.877 ns|     0.90 ns|
    +--------+---------+----------+------------+

+ Latency: 
    * Summary: 
    +---------+---------+----------+----------+-----+-----+------------------------------------------------+
    |  Latency (cycles) |  Latency (absolute) |  Interval |                    Pipeline                    |
    |   min   |   max   |    min   |    max   | min | max |                      Type                      |
    +---------+---------+----------+----------+-----+-----+------------------------------------------------+
    |       85|       85|  0.283 us|  0.283 us|   73|   73|  loop auto-rewind stp (delay=0 clock cycles(s))|
    +---------+---------+----------+----------+-----+-----+------------------------------------------------+

    + Detail: 
        * Instance: 
        N/A

        * Loop: 
        +----------+---------+---------+----------+-----------+-----------+------+----------+
        |          |  Latency (cycles) | Iteration|  Initiation Interval  | Trip |          |
        | Loop Name|   min   |   max   |  Latency |  achieved |   target  | Count| Pipelined|
        +----------+---------+---------+----------+-----------+-----------+------+----------+
        |- W_FLAT  |       83|       83|        13|          1|          1|    72|       yes|
        +----------+---------+---------+----------+-----------+-----------+------+----------+



================================================================
== Utilization Estimates
================================================================
* Summary: 
+-----------------+---------+------+--------+--------+-----+
|       Name      | BRAM_18K|  DSP |   FF   |   LUT  | URAM|
+-----------------+---------+------+--------+--------+-----+
|DSP              |        -|     -|       -|       -|    -|
|Expression       |        -|     -|       0|     370|    -|
|FIFO             |        -|     -|       -|       -|    -|
|Instance         |        -|     -|       -|       -|    -|
|Memory           |        -|     -|       -|       -|    -|
|Multiplexer      |        -|     -|       0|      72|    -|
|Register         |        -|     -|     525|      32|    -|
+-----------------+---------+------+--------+--------+-----+
|Total            |        0|     0|     525|     474|    0|
+-----------------+---------+------+--------+--------+-----+
|Available        |      624|  1728|  460800|  230400|   96|
+-----------------+---------+------+--------+--------+-----+
|Utilization (%)  |        0|     0|      ~0|      ~0|    0|
+-----------------+---------+------+--------+--------+-----+

+ Detail: 
    * Instance: 
    N/A

    * DSP: 
    N/A

    * Memory: 
    N/A

    * FIFO: 
    N/A

    * Expression: 
    +---------------------------+----------+----+---+----+------------+------------+
    |       Variable Name       | Operation| DSP| FF| LUT| Bitwidth P0| Bitwidth P1|
    +---------------------------+----------+----+---+----+------------+------------+
    |add_ln144_10_fu_330_p2     |         +|   0|  0|  39|          32|          32|
    |add_ln144_11_fu_425_p2     |         +|   0|  0|  71|          64|          64|
    |add_ln144_12_fu_348_p2     |         +|   0|  0|  14|           7|           7|
    |add_ln144_fu_317_p2        |         +|   0|  0|  36|          29|          29|
    |add_ln146_fu_382_p2        |         +|   0|  0|  39|          32|           1|
    |ci_cnt_7_fu_360_p2         |         +|   0|  0|  39|          32|           1|
    |kci_8_fu_292_p2            |         +|   0|  0|  14|           7|           1|
    |icmp_ln142_fu_286_p2       |      icmp|   0|  0|  14|           7|           7|
    |icmp_ln146_fu_376_p2       |      icmp|   0|  0|  36|          29|           1|
    |ap_block_pp0_stage0_11001  |        or|   0|  0|   2|           1|           1|
    |ci_cnt_8_fu_388_p3         |    select|   0|  0|  32|           1|           1|
    |k_cnt_4_fu_396_p3          |    select|   0|  0|  32|           1|          32|
    |ap_enable_pp0              |       xor|   0|  0|   2|           1|           2|
    +---------------------------+----------+----+---+----+------------+------------+
    |Total                      |          |   0|  0| 370|         243|         179|
    +---------------------------+----------+----+---+----+------------+------------+

    * Multiplexer: 
    +-------------------------+----+-----------+-----+-----------+
    |           Name          | LUT| Input Size| Bits| Total Bits|
    +-------------------------+----+-----------+-----+-----------+
    |ap_done_int              |   9|          2|    1|          2|
    |ap_enable_reg_pp0_iter1  |   9|          2|    1|          2|
    |ap_sig_allocacmp_kci_7   |   9|          2|    7|         14|
    |ci_cnt_fu_122            |   9|          2|   32|         64|
    |gmem_weight_blk_n_AR     |   9|          2|    1|          2|
    |gmem_weight_blk_n_R      |   9|          2|    1|          2|
    |k_cnt_fu_126             |   9|          2|   32|         64|
    |kci_fu_118               |   9|          2|    7|         14|
    +-------------------------+----+-----------+-----+-----------+
    |Total                    |  72|         16|   82|        164|
    +-------------------------+----+-----------+-----+-----------+

    * Register: 
    +-------------------------------------------+-----+----+-----+-----------+
    |                    Name                   |  FF | LUT| Bits| Const Bits|
    +-------------------------------------------+-----+----+-----+-----------+
    |add_ln144_10_reg_502                       |   32|   0|   32|          0|
    |add_ln144_12_reg_507                       |    7|   0|    7|          0|
    |ap_CS_fsm                                  |    1|   0|    1|          0|
    |ap_block_pp0_stage0_subdone_grp0_done_reg  |    1|   0|    1|          0|
    |ap_done_reg                                |    1|   0|    1|          0|
    |ap_enable_reg_pp0_iter1                    |    1|   0|    1|          0|
    |ap_enable_reg_pp0_iter10                   |    1|   0|    1|          0|
    |ap_enable_reg_pp0_iter11                   |    1|   0|    1|          0|
    |ap_enable_reg_pp0_iter12                   |    1|   0|    1|          0|
    |ap_enable_reg_pp0_iter2                    |    1|   0|    1|          0|
    |ap_enable_reg_pp0_iter3                    |    1|   0|    1|          0|
    |ap_enable_reg_pp0_iter4                    |    1|   0|    1|          0|
    |ap_enable_reg_pp0_iter5                    |    1|   0|    1|          0|
    |ap_enable_reg_pp0_iter6                    |    1|   0|    1|          0|
    |ap_enable_reg_pp0_iter7                    |    1|   0|    1|          0|
    |ap_enable_reg_pp0_iter8                    |    1|   0|    1|          0|
    |ap_enable_reg_pp0_iter9                    |    1|   0|    1|          0|
    |ap_loop_exit_ready_pp0_iter10_reg          |    1|   0|    1|          0|
    |ap_loop_exit_ready_pp0_iter11_reg          |    1|   0|    1|          0|
    |ap_loop_exit_ready_pp0_iter1_reg           |    1|   0|    1|          0|
    |ap_loop_exit_ready_pp0_iter2_reg           |    1|   0|    1|          0|
    |ap_loop_exit_ready_pp0_iter3_reg           |    1|   0|    1|          0|
    |ap_loop_exit_ready_pp0_iter4_reg           |    1|   0|    1|          0|
    |ap_loop_exit_ready_pp0_iter5_reg           |    1|   0|    1|          0|
    |ap_loop_exit_ready_pp0_iter6_reg           |    1|   0|    1|          0|
    |ap_loop_exit_ready_pp0_iter7_reg           |    1|   0|    1|          0|
    |ap_loop_exit_ready_pp0_iter8_reg           |    1|   0|    1|          0|
    |ap_loop_exit_ready_pp0_iter9_reg           |    1|   0|    1|          0|
    |ci_cnt_fu_122                              |   32|   0|   32|          0|
    |gmem_weight_addr_read_reg_523              |  256|   0|  256|          0|
    |k_cnt_fu_126                               |   32|   0|   32|          0|
    |kci_fu_118                                 |    7|   0|    7|          0|
    |p_cast10_cast_reg_493                      |   10|   0|   29|         19|
    |trunc_ln_reg_512                           |   59|   0|   59|          0|
    |add_ln144_12_reg_507                       |   64|  32|    7|          0|
    +-------------------------------------------+-----+----+-----+-----------+
    |Total                                      |  525|  32|  487|         19|
    +-------------------------------------------+-----+----+-----+-----------+



================================================================
== Interface
================================================================
* Summary: 
+------------------------------+-----+-----+------------+--------------------------------------------------------+--------------+
|           RTL Ports          | Dir | Bits|  Protocol  |                      Source Object                     |    C Type    |
+------------------------------+-----+-----+------------+--------------------------------------------------------+--------------+
|ap_clk                        |   in|    1|  ap_ctrl_hs|  UpConv_Fused_Row<8, 128, 128, 120, 60>_Pipeline_W_FLAT|  return value|
|ap_rst                        |   in|    1|  ap_ctrl_hs|  UpConv_Fused_Row<8, 128, 128, 120, 60>_Pipeline_W_FLAT|  return value|
|ap_start                      |   in|    1|  ap_ctrl_hs|  UpConv_Fused_Row<8, 128, 128, 120, 60>_Pipeline_W_FLAT|  return value|
|ap_done                       |  out|    1|  ap_ctrl_hs|  UpConv_Fused_Row<8, 128, 128, 120, 60>_Pipeline_W_FLAT|  return value|
|ap_idle                       |  out|    1|  ap_ctrl_hs|  UpConv_Fused_Row<8, 128, 128, 120, 60>_Pipeline_W_FLAT|  return value|
|ap_ready                      |  out|    1|  ap_ctrl_hs|  UpConv_Fused_Row<8, 128, 128, 120, 60>_Pipeline_W_FLAT|  return value|
|m_axi_gmem_weight_0_AWVALID   |  out|    1|       m_axi|                                             gmem_weight|       pointer|
|m_axi_gmem_weight_0_AWREADY   |   in|    1|       m_axi|                                             gmem_weight|       pointer|
|m_axi_gmem_weight_0_AWADDR    |  out|   64|       m_axi|                                             gmem_weight|       pointer|
|m_axi_gmem_weight_0_AWID      |  out|    1|       m_axi|                                             gmem_weight|       pointer|
|m_axi_gmem_weight_0_AWLEN     |  out|   32|       m_axi|                                             gmem_weight|       pointer|
|m_axi_gmem_weight_0_AWSIZE    |  out|    3|       m_axi|                                             gmem_weight|       pointer|
|m_axi_gmem_weight_0_AWBURST   |  out|    2|       m_axi|                                             gmem_weight|       pointer|
|m_axi_gmem_weight_0_AWLOCK    |  out|    2|       m_axi|                                             gmem_weight|       pointer|
|m_axi_gmem_weight_0_AWCACHE   |  out|    4|       m_axi|                                             gmem_weight|       pointer|
|m_axi_gmem_weight_0_AWPROT    |  out|    3|       m_axi|                                             gmem_weight|       pointer|
|m_axi_gmem_weight_0_AWQOS     |  out|    4|       m_axi|                                             gmem_weight|       pointer|
|m_axi_gmem_weight_0_AWREGION  |  out|    4|       m_axi|                                             gmem_weight|       pointer|
|m_axi_gmem_weight_0_AWUSER    |  out|    1|       m_axi|                                             gmem_weight|       pointer|
|m_axi_gmem_weight_0_WVALID    |  out|    1|       m_axi|                                             gmem_weight|       pointer|
|m_axi_gmem_weight_0_WREADY    |   in|    1|       m_axi|                                             gmem_weight|       pointer|
|m_axi_gmem_weight_0_WDATA     |  out|  256|       m_axi|                                             gmem_weight|       pointer|
|m_axi_gmem_weight_0_WSTRB     |  out|   32|       m_axi|                                             gmem_weight|       pointer|
|m_axi_gmem_weight_0_WLAST     |  out|    1|       m_axi|                                             gmem_weight|       pointer|
|m_axi_gmem_weight_0_WID       |  out|    1|       m_axi|                                             gmem_weight|       pointer|
|m_axi_gmem_weight_0_WUSER     |  out|    1|       m_axi|                                             gmem_weight|       pointer|
|m_axi_gmem_weight_0_ARVALID   |  out|    1|       m_axi|                                             gmem_weight|       pointer|
|m_axi_gmem_weight_0_ARREADY   |   in|    1|       m_axi|                                             gmem_weight|       pointer|
|m_axi_gmem_weight_0_ARADDR    |  out|   64|       m_axi|                                             gmem_weight|       pointer|
|m_axi_gmem_weight_0_ARID      |  out|    1|       m_axi|                                             gmem_weight|       pointer|
|m_axi_gmem_weight_0_ARLEN     |  out|   32|       m_axi|                                             gmem_weight|       pointer|
|m_axi_gmem_weight_0_ARSIZE    |  out|    3|       m_axi|                                             gmem_weight|       pointer|
|m_axi_gmem_weight_0_ARBURST   |  out|    2|       m_axi|                                             gmem_weight|       pointer|
|m_axi_gmem_weight_0_ARLOCK    |  out|    2|       m_axi|                                             gmem_weight|       pointer|
|m_axi_gmem_weight_0_ARCACHE   |  out|    4|       m_axi|                                             gmem_weight|       pointer|
|m_axi_gmem_weight_0_ARPROT    |  out|    3|       m_axi|                                             gmem_weight|       pointer|
|m_axi_gmem_weight_0_ARQOS     |  out|    4|       m_axi|                                             gmem_weight|       pointer|
|m_axi_gmem_weight_0_ARREGION  |  out|    4|       m_axi|                                             gmem_weight|       pointer|
|m_axi_gmem_weight_0_ARUSER    |  out|    1|       m_axi|                                             gmem_weight|       pointer|
|m_axi_gmem_weight_0_RVALID    |   in|    1|       m_axi|                                             gmem_weight|       pointer|
|m_axi_gmem_weight_0_RREADY    |  out|    1|       m_axi|                                             gmem_weight|       pointer|
|m_axi_gmem_weight_0_RDATA     |   in|  256|       m_axi|                                             gmem_weight|       pointer|
|m_axi_gmem_weight_0_RLAST     |   in|    1|       m_axi|                                             gmem_weight|       pointer|
|m_axi_gmem_weight_0_RID       |   in|    1|       m_axi|                                             gmem_weight|       pointer|
|m_axi_gmem_weight_0_RFIFONUM  |   in|   11|       m_axi|                                             gmem_weight|       pointer|
|m_axi_gmem_weight_0_RUSER     |   in|    1|       m_axi|                                             gmem_weight|       pointer|
|m_axi_gmem_weight_0_RRESP     |   in|    2|       m_axi|                                             gmem_weight|       pointer|
|m_axi_gmem_weight_0_BVALID    |   in|    1|       m_axi|                                             gmem_weight|       pointer|
|m_axi_gmem_weight_0_BREADY    |  out|    1|       m_axi|                                             gmem_weight|       pointer|
|m_axi_gmem_weight_0_BRESP     |   in|    2|       m_axi|                                             gmem_weight|       pointer|
|m_axi_gmem_weight_0_BID       |   in|    1|       m_axi|                                             gmem_weight|       pointer|
|m_axi_gmem_weight_0_BUSER     |   in|    1|       m_axi|                                             gmem_weight|       pointer|
|w_local_7_address0            |  out|    7|   ap_memory|                                               w_local_7|         array|
|w_local_7_ce0                 |  out|    1|   ap_memory|                                               w_local_7|         array|
|w_local_7_we0                 |  out|    1|   ap_memory|                                               w_local_7|         array|
|w_local_7_d0                  |  out|  256|   ap_memory|                                               w_local_7|         array|
|w_local_6_address0            |  out|    7|   ap_memory|                                               w_local_6|         array|
|w_local_6_ce0                 |  out|    1|   ap_memory|                                               w_local_6|         array|
|w_local_6_we0                 |  out|    1|   ap_memory|                                               w_local_6|         array|
|w_local_6_d0                  |  out|  256|   ap_memory|                                               w_local_6|         array|
|w_local_5_address0            |  out|    7|   ap_memory|                                               w_local_5|         array|
|w_local_5_ce0                 |  out|    1|   ap_memory|                                               w_local_5|         array|
|w_local_5_we0                 |  out|    1|   ap_memory|                                               w_local_5|         array|
|w_local_5_d0                  |  out|  256|   ap_memory|                                               w_local_5|         array|
|w_local_4_address0            |  out|    7|   ap_memory|                                               w_local_4|         array|
|w_local_4_ce0                 |  out|    1|   ap_memory|                                               w_local_4|         array|
|w_local_4_we0                 |  out|    1|   ap_memory|                                               w_local_4|         array|
|w_local_4_d0                  |  out|  256|   ap_memory|                                               w_local_4|         array|
|w_local_3_address0            |  out|    7|   ap_memory|                                               w_local_3|         array|
|w_local_3_ce0                 |  out|    1|   ap_memory|                                               w_local_3|         array|
|w_local_3_we0                 |  out|    1|   ap_memory|                                               w_local_3|         array|
|w_local_3_d0                  |  out|  256|   ap_memory|                                               w_local_3|         array|
|w_local_2_address0            |  out|    7|   ap_memory|                                               w_local_2|         array|
|w_local_2_ce0                 |  out|    1|   ap_memory|                                               w_local_2|         array|
|w_local_2_we0                 |  out|    1|   ap_memory|                                               w_local_2|         array|
|w_local_2_d0                  |  out|  256|   ap_memory|                                               w_local_2|         array|
|w_local_1_address0            |  out|    7|   ap_memory|                                               w_local_1|         array|
|w_local_1_ce0                 |  out|    1|   ap_memory|                                               w_local_1|         array|
|w_local_1_we0                 |  out|    1|   ap_memory|                                               w_local_1|         array|
|w_local_1_d0                  |  out|  256|   ap_memory|                                               w_local_1|         array|
|w_local_address0              |  out|    7|   ap_memory|                                                 w_local|         array|
|w_local_ce0                   |  out|    1|   ap_memory|                                                 w_local|         array|
|w_local_we0                   |  out|    1|   ap_memory|                                                 w_local|         array|
|w_local_d0                    |  out|  256|   ap_memory|                                                 w_local|         array|
|p_cast10                      |   in|   10|     ap_none|                                                p_cast10|        scalar|
|W_ptr                         |   in|   64|     ap_none|                                                   W_ptr|        scalar|
|tc                            |   in|    3|     ap_none|                                                      tc|        scalar|
+------------------------------+-----+-----+------------+--------------------------------------------------------+--------------+

