

================================================================
== Vitis HLS Report for 'UpConv_Fused_Row_8_128_128_120_60_Pipeline_BIAS_STATS'
================================================================
* Date:           Thu May  7 18:52:24 2026

* Version:        2024.2 (Build 5238294 on Nov  8 2024)
* Project:        upconv_core_top
* Solution:       hls (Vivado IP Flow Target)
* Product family: zynquplus
* Target device:  xczu7ev-ffvc1156-2-e


================================================================
== Performance Estimates
================================================================
+ Timing: 
    * Summary: 
    +--------+---------+----------+------------+
    |  Clock |  Target | Estimated| Uncertainty|
    +--------+---------+----------+------------+
    |ap_clk  |  3.33 ns|  2.719 ns|     0.90 ns|
    +--------+---------+----------+------------+

+ Latency: 
    * Summary: 
    +---------+---------+----------+----------+-----+-----+------------------------------------------------+
    |  Latency (cycles) |  Latency (absolute) |  Interval |                    Pipeline                    |
    |   min   |   max   |    min   |    max   | min | max |                      Type                      |
    +---------+---------+----------+----------+-----+-----+------------------------------------------------+
    |      439|      439|  1.463 us|  1.463 us|  427|  427|  loop auto-rewind stp (delay=0 clock cycles(s))|
    +---------+---------+----------+----------+-----+-----+------------------------------------------------+

    + Detail: 
        * Instance: 
        N/A

        * Loop: 
        +--------------+---------+---------+----------+-----------+-----------+------+----------+
        |              |  Latency (cycles) | Iteration|  Initiation Interval  | Trip |          |
        |   Loop Name  |   min   |   max   |  Latency |  achieved |   target  | Count| Pipelined|
        +--------------+---------+---------+----------+-----------+-----------+------+----------+
        |- BIAS_STATS  |      437|      437|        25|          7|          1|    60|       yes|
        +--------------+---------+---------+----------+-----------+-----------+------+----------+



================================================================
== Utilization Estimates
================================================================
* Summary: 
+-----------------+---------+------+--------+--------+-----+
|       Name      | BRAM_18K|  DSP |   FF   |   LUT  | URAM|
+-----------------+---------+------+--------+--------+-----+
|DSP              |        -|     -|       -|       -|    -|
|Expression       |        -|     -|       0|      28|    -|
|FIFO             |        -|     -|       -|       -|    -|
|Instance         |        -|     0|     374|     509|    -|
|Memory           |        -|     -|       -|       -|    -|
|Multiplexer      |        -|     -|       0|     179|    -|
|Register         |        -|     -|     431|      32|    -|
+-----------------+---------+------+--------+--------+-----+
|Total            |        0|     0|     805|     748|    0|
+-----------------+---------+------+--------+--------+-----+
|Available        |      624|  1728|  460800|  230400|   96|
+-----------------+---------+------+--------+--------+-----+
|Utilization (%)  |        0|     0|      ~0|      ~0|    0|
+-----------------+---------+------+--------+--------+-----+

+ Detail: 
    * Instance: 
    +----------------------------------------+-----------------------------------+---------+----+-----+-----+-----+
    |                Instance                |               Module              | BRAM_18K| DSP|  FF | LUT | URAM|
    +----------------------------------------+-----------------------------------+---------+----+-----+-----+-----+
    |fadd_32ns_32ns_32_8_no_dsp_1_U425       |fadd_32ns_32ns_32_8_no_dsp_1       |        0|   0|  374|  376|    0|
    |partselect_16ns_256ns_32ns_16_1_1_U429  |partselect_16ns_256ns_32ns_16_1_1  |        0|   0|    0|   68|    0|
    |sparsemux_33_4_16_1_1_U430              |sparsemux_33_4_16_1_1              |        0|   0|    0|   65|    0|
    +----------------------------------------+-----------------------------------+---------+----+-----+-----+-----+
    |Total                                   |                                   |        0|   0|  374|  509|    0|
    +----------------------------------------+-----------------------------------+---------+----+-----+-----+-----+

    * DSP: 
    N/A

    * Memory: 
    N/A

    * FIFO: 
    N/A

    * Expression: 
    +----------------------+----------+----+---+----+------------+------------+
    |     Variable Name    | Operation| DSP| FF| LUT| Bitwidth P0| Bitwidth P1|
    +----------------------+----------+----+---+----+------------+------------+
    |add_ln242_fu_484_p2   |         +|   0|  0|  13|           6|           1|
    |icmp_ln242_fu_478_p2  |      icmp|   0|  0|  13|           6|           4|
    |ap_enable_pp0         |       xor|   0|  0|   2|           1|           2|
    +----------------------+----------+----+---+----+------------+------------+
    |Total                 |          |   0|  0|  28|          13|           7|
    +----------------------+----------+----+---+----+------------+------------+

    * Multiplexer: 
    +----------------------------------+----+-----------+-----+-----------+
    |               Name               | LUT| Input Size| Bits| Total Bits|
    +----------------------------------+----+-----------+-----+-----------+
    |ap_NS_fsm                         |  43|          8|    1|          8|
    |ap_done_int                       |   9|          2|    1|          2|
    |ap_enable_reg_pp0_iter0           |   9|          2|    1|          2|
    |ap_enable_reg_pp0_iter1           |   9|          2|    1|          2|
    |ap_enable_reg_pp0_iter3           |   9|          2|    1|          2|
    |ap_loop_exit_ready_pp0_iter1_reg  |   9|          2|    1|          2|
    |ap_loop_exit_ready_pp0_iter2_reg  |   9|          2|    1|          2|
    |ap_sig_allocacmp_c_4              |   9|          2|    6|         12|
    |ap_sig_allocacmp_sum_03_load      |   9|          2|   32|         64|
    |ap_sig_allocacmp_sumsq_04_load    |   9|          2|   32|         64|
    |c_fu_136                          |   9|          2|    6|         12|
    |grp_fu_445_p0                     |  14|          3|   32|         96|
    |grp_fu_445_p1                     |  14|          3|   32|         96|
    |sum_03_fu_128                     |   9|          2|   32|         64|
    |sumsq_04_fu_132                   |   9|          2|   32|         64|
    +----------------------------------+----+-----------+-----+-----------+
    |Total                             | 179|         38|  211|        492|
    +----------------------------------+----+-----------+-----+-----------+

    * Register: 
    +----------------------------------------------------------------------------------------------+----+----+-----+-----------+
    |                                             Name                                             | FF | LUT| Bits| Const Bits|
    +----------------------------------------------------------------------------------------------+----+----+-----+-----------+
    |add_ln242_reg_688                                                                             |   6|   0|    6|          0|
    |ap_CS_fsm                                                                                     |   7|   0|    7|          0|
    |ap_done_reg                                                                                   |   1|   0|    1|          0|
    |ap_enable_reg_pp0_iter0_reg                                                                   |   1|   0|    1|          0|
    |ap_enable_reg_pp0_iter1                                                                       |   1|   0|    1|          0|
    |ap_enable_reg_pp0_iter2                                                                       |   1|   0|    1|          0|
    |ap_enable_reg_pp0_iter3                                                                       |   1|   0|    1|          0|
    |ap_loop_exit_ready_pp0_iter1_reg                                                              |   1|   0|    1|          0|
    |ap_loop_exit_ready_pp0_iter2_reg                                                              |   1|   0|    1|          0|
    |c_fu_136                                                                                      |   6|   0|    6|          0|
    |fv_reg_836                                                                                    |  32|   0|   32|          0|
    |icmp_ln242_reg_684                                                                            |   1|   0|    1|          0|
    |mul1_reg_848                                                                                  |  32|   0|   32|          0|
    |p_ZZ16UpConv_Fused_RowILi8ELi128ELi128ELi120ELi60EEvP7ap_uintILi256EEPKS1_S4_S4_S_40_reg_699  |  10|   0|   10|          0|
    |p_ZZ16UpConv_Fused_RowILi8ELi128ELi128ELi120ELi60EEvP7ap_uintILi256EEPKS1_S4_S4_S_41_reg_705  |  10|   0|   10|          0|
    |p_ZZ16UpConv_Fused_RowILi8ELi128ELi128ELi120ELi60EEvP7ap_uintILi256EEPKS1_S4_S4_S_42_reg_711  |  10|   0|   10|          0|
    |p_ZZ16UpConv_Fused_RowILi8ELi128ELi128ELi120ELi60EEvP7ap_uintILi256EEPKS1_S4_S4_S_43_reg_717  |  10|   0|   10|          0|
    |p_ZZ16UpConv_Fused_RowILi8ELi128ELi128ELi120ELi60EEvP7ap_uintILi256EEPKS1_S4_S4_S_44_reg_723  |  10|   0|   10|          0|
    |p_ZZ16UpConv_Fused_RowILi8ELi128ELi128ELi120ELi60EEvP7ap_uintILi256EEPKS1_S4_S4_S_45_reg_729  |  10|   0|   10|          0|
    |sum_03_fu_128                                                                                 |  32|   0|   32|          0|
    |sumsq_04_fu_132                                                                               |  32|   0|   32|          0|
    |tmp_s_reg_805                                                                                 |  16|   0|   16|          0|
    |trunc_ln242_reg_693                                                                           |   4|   0|    4|          0|
    |u_reg_800                                                                                     |  16|   0|   16|          0|
    |val_reg_815                                                                                   |  16|   0|   16|          0|
    |void_UpConv_Fused_Row_ap_uint_ap_uint_const_ap_uint_const_ap_uint_const_ap_u_832_reg_735      |  10|   0|   10|          0|
    |void_UpConv_Fused_Row_ap_uint_ap_uint_const_ap_uint_const_ap_uint_const_ap_u_833_reg_741      |  10|   0|   10|          0|
    |void_UpConv_Fused_Row_ap_uint_ap_uint_const_ap_uint_const_ap_uint_const_ap_u_834_reg_747      |  10|   0|   10|          0|
    |void_UpConv_Fused_Row_ap_uint_ap_uint_const_ap_uint_const_ap_uint_const_ap_u_835_reg_753      |  10|   0|   10|          0|
    |void_UpConv_Fused_Row_ap_uint_ap_uint_const_ap_uint_const_ap_uint_const_ap_u_836_reg_759      |  10|   0|   10|          0|
    |void_UpConv_Fused_Row_ap_uint_ap_uint_const_ap_uint_const_ap_uint_const_ap_u_837_reg_765      |  10|   0|   10|          0|
    |void_UpConv_Fused_Row_ap_uint_ap_uint_const_ap_uint_const_ap_uint_const_ap_u_838_reg_771      |  10|   0|   10|          0|
    |void_UpConv_Fused_Row_ap_uint_ap_uint_const_ap_uint_const_ap_uint_const_ap_u_839_reg_777      |  10|   0|   10|          0|
    |void_UpConv_Fused_Row_ap_uint_ap_uint_const_ap_uint_const_ap_uint_const_ap_u_840_reg_783      |  10|   0|   10|          0|
    |void_UpConv_Fused_Row_ap_uint_ap_uint_const_ap_uint_const_ap_uint_const_ap_u_841_reg_789      |  10|   0|   10|          0|
    |icmp_ln242_reg_684                                                                            |  64|  32|    1|          0|
    +----------------------------------------------------------------------------------------------+----+----+-----+-----------+
    |Total                                                                                         | 431|  32|  368|          0|
    +----------------------------------------------------------------------------------------------+----+----+-----+-----------+



================================================================
== Interface
================================================================
* Summary: 
+----------------------------------------------------------------------------------------------+-----+-----+------------+-------------------------------------------------------------------------------------+--------------+
|                                           RTL Ports                                          | Dir | Bits|  Protocol  |                                    Source Object                                    |    C Type    |
+----------------------------------------------------------------------------------------------+-----+-----+------------+-------------------------------------------------------------------------------------+--------------+
|ap_clk                                                                                        |   in|    1|  ap_ctrl_hs|                           UpConv_Fused_Row<8, 128, 128, 120, 60>_Pipeline_BIAS_STATS|  return value|
|ap_rst                                                                                        |   in|    1|  ap_ctrl_hs|                           UpConv_Fused_Row<8, 128, 128, 120, 60>_Pipeline_BIAS_STATS|  return value|
|ap_start                                                                                      |   in|    1|  ap_ctrl_hs|                           UpConv_Fused_Row<8, 128, 128, 120, 60>_Pipeline_BIAS_STATS|  return value|
|ap_done                                                                                       |  out|    1|  ap_ctrl_hs|                           UpConv_Fused_Row<8, 128, 128, 120, 60>_Pipeline_BIAS_STATS|  return value|
|ap_idle                                                                                       |  out|    1|  ap_ctrl_hs|                           UpConv_Fused_Row<8, 128, 128, 120, 60>_Pipeline_BIAS_STATS|  return value|
|ap_ready                                                                                      |  out|    1|  ap_ctrl_hs|                           UpConv_Fused_Row<8, 128, 128, 120, 60>_Pipeline_BIAS_STATS|  return value|
|grp_fu_404_p_din0                                                                             |  out|   32|  ap_ctrl_hs|                           UpConv_Fused_Row<8, 128, 128, 120, 60>_Pipeline_BIAS_STATS|  return value|
|grp_fu_404_p_din1                                                                             |  out|   32|  ap_ctrl_hs|                           UpConv_Fused_Row<8, 128, 128, 120, 60>_Pipeline_BIAS_STATS|  return value|
|grp_fu_404_p_dout0                                                                            |   in|   32|  ap_ctrl_hs|                           UpConv_Fused_Row<8, 128, 128, 120, 60>_Pipeline_BIAS_STATS|  return value|
|grp_fu_404_p_ce                                                                               |  out|    1|  ap_ctrl_hs|                           UpConv_Fused_Row<8, 128, 128, 120, 60>_Pipeline_BIAS_STATS|  return value|
|grp_fu_423_p_din0                                                                             |  out|   16|  ap_ctrl_hs|                           UpConv_Fused_Row<8, 128, 128, 120, 60>_Pipeline_BIAS_STATS|  return value|
|grp_fu_423_p_dout0                                                                            |   in|   32|  ap_ctrl_hs|                           UpConv_Fused_Row<8, 128, 128, 120, 60>_Pipeline_BIAS_STATS|  return value|
|grp_fu_423_p_ce                                                                               |  out|    1|  ap_ctrl_hs|                           UpConv_Fused_Row<8, 128, 128, 120, 60>_Pipeline_BIAS_STATS|  return value|
|grp_fu_854_p_din0                                                                             |  out|   16|  ap_ctrl_hs|                           UpConv_Fused_Row<8, 128, 128, 120, 60>_Pipeline_BIAS_STATS|  return value|
|grp_fu_854_p_din1                                                                             |  out|   16|  ap_ctrl_hs|                           UpConv_Fused_Row<8, 128, 128, 120, 60>_Pipeline_BIAS_STATS|  return value|
|grp_fu_854_p_dout0                                                                            |   in|   16|  ap_ctrl_hs|                           UpConv_Fused_Row<8, 128, 128, 120, 60>_Pipeline_BIAS_STATS|  return value|
|grp_fu_854_p_ce                                                                               |  out|    1|  ap_ctrl_hs|                           UpConv_Fused_Row<8, 128, 128, 120, 60>_Pipeline_BIAS_STATS|  return value|
|wo_9                                                                                          |   in|    8|     ap_none|                                                                                 wo_9|        scalar|
|b_buf_address0                                                                                |  out|    2|   ap_memory|                                                                                b_buf|         array|
|b_buf_ce0                                                                                     |  out|    1|   ap_memory|                                                                                b_buf|         array|
|b_buf_q0                                                                                      |   in|  256|   ap_memory|                                                                                b_buf|         array|
|sumsq_04_out                                                                                  |  out|   32|      ap_vld|                                                                         sumsq_04_out|       pointer|
|sumsq_04_out_ap_vld                                                                           |  out|    1|      ap_vld|                                                                         sumsq_04_out|       pointer|
|sum_03_out                                                                                    |  out|   32|      ap_vld|                                                                           sum_03_out|       pointer|
|sum_03_out_ap_vld                                                                             |  out|    1|      ap_vld|                                                                           sum_03_out|       pointer|
|void_UpConv_Fused_Row_ap_uint_ap_uint_const_ap_uint_const_ap_uint_const_ap_u_49_address0      |  out|   10|   ap_memory|      void_UpConv_Fused_Row_ap_uint_ap_uint_const_ap_uint_const_ap_uint_const_ap_u_49|         array|
|void_UpConv_Fused_Row_ap_uint_ap_uint_const_ap_uint_const_ap_uint_const_ap_u_49_ce0           |  out|    1|   ap_memory|      void_UpConv_Fused_Row_ap_uint_ap_uint_const_ap_uint_const_ap_uint_const_ap_u_49|         array|
|void_UpConv_Fused_Row_ap_uint_ap_uint_const_ap_uint_const_ap_uint_const_ap_u_49_we0           |  out|    1|   ap_memory|      void_UpConv_Fused_Row_ap_uint_ap_uint_const_ap_uint_const_ap_uint_const_ap_u_49|         array|
|void_UpConv_Fused_Row_ap_uint_ap_uint_const_ap_uint_const_ap_uint_const_ap_u_49_d0            |  out|   16|   ap_memory|      void_UpConv_Fused_Row_ap_uint_ap_uint_const_ap_uint_const_ap_uint_const_ap_u_49|         array|
|void_UpConv_Fused_Row_ap_uint_ap_uint_const_ap_uint_const_ap_uint_const_ap_u_49_address1      |  out|   10|   ap_memory|      void_UpConv_Fused_Row_ap_uint_ap_uint_const_ap_uint_const_ap_uint_const_ap_u_49|         array|
|void_UpConv_Fused_Row_ap_uint_ap_uint_const_ap_uint_const_ap_uint_const_ap_u_49_ce1           |  out|    1|   ap_memory|      void_UpConv_Fused_Row_ap_uint_ap_uint_const_ap_uint_const_ap_uint_const_ap_u_49|         array|
|void_UpConv_Fused_Row_ap_uint_ap_uint_const_ap_uint_const_ap_uint_const_ap_u_49_q1            |   in|   16|   ap_memory|      void_UpConv_Fused_Row_ap_uint_ap_uint_const_ap_uint_const_ap_uint_const_ap_u_49|         array|
|void_UpConv_Fused_Row_ap_uint_ap_uint_const_ap_uint_const_ap_uint_const_ap_u_48_address0      |  out|   10|   ap_memory|      void_UpConv_Fused_Row_ap_uint_ap_uint_const_ap_uint_const_ap_uint_const_ap_u_48|         array|
|void_UpConv_Fused_Row_ap_uint_ap_uint_const_ap_uint_const_ap_uint_const_ap_u_48_ce0           |  out|    1|   ap_memory|      void_UpConv_Fused_Row_ap_uint_ap_uint_const_ap_uint_const_ap_uint_const_ap_u_48|         array|
|void_UpConv_Fused_Row_ap_uint_ap_uint_const_ap_uint_const_ap_uint_const_ap_u_48_we0           |  out|    1|   ap_memory|      void_UpConv_Fused_Row_ap_uint_ap_uint_const_ap_uint_const_ap_uint_const_ap_u_48|         array|
|void_UpConv_Fused_Row_ap_uint_ap_uint_const_ap_uint_const_ap_uint_const_ap_u_48_d0            |  out|   16|   ap_memory|      void_UpConv_Fused_Row_ap_uint_ap_uint_const_ap_uint_const_ap_uint_const_ap_u_48|         array|
|void_UpConv_Fused_Row_ap_uint_ap_uint_const_ap_uint_const_ap_uint_const_ap_u_48_address1      |  out|   10|   ap_memory|      void_UpConv_Fused_Row_ap_uint_ap_uint_const_ap_uint_const_ap_uint_const_ap_u_48|         array|
|void_UpConv_Fused_Row_ap_uint_ap_uint_const_ap_uint_const_ap_uint_const_ap_u_48_ce1           |  out|    1|   ap_memory|      void_UpConv_Fused_Row_ap_uint_ap_uint_const_ap_uint_const_ap_uint_const_ap_u_48|         array|
|void_UpConv_Fused_Row_ap_uint_ap_uint_const_ap_uint_const_ap_uint_const_ap_u_48_q1            |   in|   16|   ap_memory|      void_UpConv_Fused_Row_ap_uint_ap_uint_const_ap_uint_const_ap_uint_const_ap_u_48|         array|
|void_UpConv_Fused_Row_ap_uint_ap_uint_const_ap_uint_const_ap_uint_const_ap_u_47_address0      |  out|   10|   ap_memory|      void_UpConv_Fused_Row_ap_uint_ap_uint_const_ap_uint_const_ap_uint_const_ap_u_47|         array|
|void_UpConv_Fused_Row_ap_uint_ap_uint_const_ap_uint_const_ap_uint_const_ap_u_47_ce0           |  out|    1|   ap_memory|      void_UpConv_Fused_Row_ap_uint_ap_uint_const_ap_uint_const_ap_uint_const_ap_u_47|         array|
|void_UpConv_Fused_Row_ap_uint_ap_uint_const_ap_uint_const_ap_uint_const_ap_u_47_we0           |  out|    1|   ap_memory|      void_UpConv_Fused_Row_ap_uint_ap_uint_const_ap_uint_const_ap_uint_const_ap_u_47|         array|
|void_UpConv_Fused_Row_ap_uint_ap_uint_const_ap_uint_const_ap_uint_const_ap_u_47_d0            |  out|   16|   ap_memory|      void_UpConv_Fused_Row_ap_uint_ap_uint_const_ap_uint_const_ap_uint_const_ap_u_47|         array|
|void_UpConv_Fused_Row_ap_uint_ap_uint_const_ap_uint_const_ap_uint_const_ap_u_47_address1      |  out|   10|   ap_memory|      void_UpConv_Fused_Row_ap_uint_ap_uint_const_ap_uint_const_ap_uint_const_ap_u_47|         array|
|void_UpConv_Fused_Row_ap_uint_ap_uint_const_ap_uint_const_ap_uint_const_ap_u_47_ce1           |  out|    1|   ap_memory|      void_UpConv_Fused_Row_ap_uint_ap_uint_const_ap_uint_const_ap_uint_const_ap_u_47|         array|
|void_UpConv_Fused_Row_ap_uint_ap_uint_const_ap_uint_const_ap_uint_const_ap_u_47_q1            |   in|   16|   ap_memory|      void_UpConv_Fused_Row_ap_uint_ap_uint_const_ap_uint_const_ap_uint_const_ap_u_47|         array|
|void_UpConv_Fused_Row_ap_uint_ap_uint_const_ap_uint_const_ap_uint_const_ap_u_46_address0      |  out|   10|   ap_memory|      void_UpConv_Fused_Row_ap_uint_ap_uint_const_ap_uint_const_ap_uint_const_ap_u_46|         array|
|void_UpConv_Fused_Row_ap_uint_ap_uint_const_ap_uint_const_ap_uint_const_ap_u_46_ce0           |  out|    1|   ap_memory|      void_UpConv_Fused_Row_ap_uint_ap_uint_const_ap_uint_const_ap_uint_const_ap_u_46|         array|
|void_UpConv_Fused_Row_ap_uint_ap_uint_const_ap_uint_const_ap_uint_const_ap_u_46_we0           |  out|    1|   ap_memory|      void_UpConv_Fused_Row_ap_uint_ap_uint_const_ap_uint_const_ap_uint_const_ap_u_46|         array|
|void_UpConv_Fused_Row_ap_uint_ap_uint_const_ap_uint_const_ap_uint_const_ap_u_46_d0            |  out|   16|   ap_memory|      void_UpConv_Fused_Row_ap_uint_ap_uint_const_ap_uint_const_ap_uint_const_ap_u_46|         array|
|void_UpConv_Fused_Row_ap_uint_ap_uint_const_ap_uint_const_ap_uint_const_ap_u_46_address1      |  out|   10|   ap_memory|      void_UpConv_Fused_Row_ap_uint_ap_uint_const_ap_uint_const_ap_uint_const_ap_u_46|         array|
|void_UpConv_Fused_Row_ap_uint_ap_uint_const_ap_uint_const_ap_uint_const_ap_u_46_ce1           |  out|    1|   ap_memory|      void_UpConv_Fused_Row_ap_uint_ap_uint_const_ap_uint_const_ap_uint_const_ap_u_46|         array|
|void_UpConv_Fused_Row_ap_uint_ap_uint_const_ap_uint_const_ap_uint_const_ap_u_46_q1            |   in|   16|   ap_memory|      void_UpConv_Fused_Row_ap_uint_ap_uint_const_ap_uint_const_ap_uint_const_ap_u_46|         array|
|void_UpConv_Fused_Row_ap_uint_ap_uint_const_ap_uint_const_ap_uint_const_ap_u_45_address0      |  out|   10|   ap_memory|      void_UpConv_Fused_Row_ap_uint_ap_uint_const_ap_uint_const_ap_uint_const_ap_u_45|         array|
|void_UpConv_Fused_Row_ap_uint_ap_uint_const_ap_uint_const_ap_uint_const_ap_u_45_ce0           |  out|    1|   ap_memory|      void_UpConv_Fused_Row_ap_uint_ap_uint_const_ap_uint_const_ap_uint_const_ap_u_45|         array|
|void_UpConv_Fused_Row_ap_uint_ap_uint_const_ap_uint_const_ap_uint_const_ap_u_45_we0           |  out|    1|   ap_memory|      void_UpConv_Fused_Row_ap_uint_ap_uint_const_ap_uint_const_ap_uint_const_ap_u_45|         array|
|void_UpConv_Fused_Row_ap_uint_ap_uint_const_ap_uint_const_ap_uint_const_ap_u_45_d0            |  out|   16|   ap_memory|      void_UpConv_Fused_Row_ap_uint_ap_uint_const_ap_uint_const_ap_uint_const_ap_u_45|         array|
|void_UpConv_Fused_Row_ap_uint_ap_uint_const_ap_uint_const_ap_uint_const_ap_u_45_address1      |  out|   10|   ap_memory|      void_UpConv_Fused_Row_ap_uint_ap_uint_const_ap_uint_const_ap_uint_const_ap_u_45|         array|
|void_UpConv_Fused_Row_ap_uint_ap_uint_const_ap_uint_const_ap_uint_const_ap_u_45_ce1           |  out|    1|   ap_memory|      void_UpConv_Fused_Row_ap_uint_ap_uint_const_ap_uint_const_ap_uint_const_ap_u_45|         array|
|void_UpConv_Fused_Row_ap_uint_ap_uint_const_ap_uint_const_ap_uint_const_ap_u_45_q1            |   in|   16|   ap_memory|      void_UpConv_Fused_Row_ap_uint_ap_uint_const_ap_uint_const_ap_uint_const_ap_u_45|         array|
|void_UpConv_Fused_Row_ap_uint_ap_uint_const_ap_uint_const_ap_uint_const_ap_u_44_address0      |  out|   10|   ap_memory|      void_UpConv_Fused_Row_ap_uint_ap_uint_const_ap_uint_const_ap_uint_const_ap_u_44|         array|
|void_UpConv_Fused_Row_ap_uint_ap_uint_const_ap_uint_const_ap_uint_const_ap_u_44_ce0           |  out|    1|   ap_memory|      void_UpConv_Fused_Row_ap_uint_ap_uint_const_ap_uint_const_ap_uint_const_ap_u_44|         array|
|void_UpConv_Fused_Row_ap_uint_ap_uint_const_ap_uint_const_ap_uint_const_ap_u_44_we0           |  out|    1|   ap_memory|      void_UpConv_Fused_Row_ap_uint_ap_uint_const_ap_uint_const_ap_uint_const_ap_u_44|         array|
|void_UpConv_Fused_Row_ap_uint_ap_uint_const_ap_uint_const_ap_uint_const_ap_u_44_d0            |  out|   16|   ap_memory|      void_UpConv_Fused_Row_ap_uint_ap_uint_const_ap_uint_const_ap_uint_const_ap_u_44|         array|
|void_UpConv_Fused_Row_ap_uint_ap_uint_const_ap_uint_const_ap_uint_const_ap_u_44_address1      |  out|   10|   ap_memory|      void_UpConv_Fused_Row_ap_uint_ap_uint_const_ap_uint_const_ap_uint_const_ap_u_44|         array|
|void_UpConv_Fused_Row_ap_uint_ap_uint_const_ap_uint_const_ap_uint_const_ap_u_44_ce1           |  out|    1|   ap_memory|      void_UpConv_Fused_Row_ap_uint_ap_uint_const_ap_uint_const_ap_uint_const_ap_u_44|         array|
|void_UpConv_Fused_Row_ap_uint_ap_uint_const_ap_uint_const_ap_uint_const_ap_u_44_q1            |   in|   16|   ap_memory|      void_UpConv_Fused_Row_ap_uint_ap_uint_const_ap_uint_const_ap_uint_const_ap_u_44|         array|
|void_UpConv_Fused_Row_ap_uint_ap_uint_const_ap_uint_const_ap_uint_const_ap_u_43_address0      |  out|   10|   ap_memory|      void_UpConv_Fused_Row_ap_uint_ap_uint_const_ap_uint_const_ap_uint_const_ap_u_43|         array|
|void_UpConv_Fused_Row_ap_uint_ap_uint_const_ap_uint_const_ap_uint_const_ap_u_43_ce0           |  out|    1|   ap_memory|      void_UpConv_Fused_Row_ap_uint_ap_uint_const_ap_uint_const_ap_uint_const_ap_u_43|         array|
|void_UpConv_Fused_Row_ap_uint_ap_uint_const_ap_uint_const_ap_uint_const_ap_u_43_we0           |  out|    1|   ap_memory|      void_UpConv_Fused_Row_ap_uint_ap_uint_const_ap_uint_const_ap_uint_const_ap_u_43|         array|
|void_UpConv_Fused_Row_ap_uint_ap_uint_const_ap_uint_const_ap_uint_const_ap_u_43_d0            |  out|   16|   ap_memory|      void_UpConv_Fused_Row_ap_uint_ap_uint_const_ap_uint_const_ap_uint_const_ap_u_43|         array|
|void_UpConv_Fused_Row_ap_uint_ap_uint_const_ap_uint_const_ap_uint_const_ap_u_43_address1      |  out|   10|   ap_memory|      void_UpConv_Fused_Row_ap_uint_ap_uint_const_ap_uint_const_ap_uint_const_ap_u_43|         array|
|void_UpConv_Fused_Row_ap_uint_ap_uint_const_ap_uint_const_ap_uint_const_ap_u_43_ce1           |  out|    1|   ap_memory|      void_UpConv_Fused_Row_ap_uint_ap_uint_const_ap_uint_const_ap_uint_const_ap_u_43|         array|
|void_UpConv_Fused_Row_ap_uint_ap_uint_const_ap_uint_const_ap_uint_const_ap_u_43_q1            |   in|   16|   ap_memory|      void_UpConv_Fused_Row_ap_uint_ap_uint_const_ap_uint_const_ap_uint_const_ap_u_43|         array|
|void_UpConv_Fused_Row_ap_uint_ap_uint_const_ap_uint_const_ap_uint_const_ap_u_42_address0      |  out|   10|   ap_memory|      void_UpConv_Fused_Row_ap_uint_ap_uint_const_ap_uint_const_ap_uint_const_ap_u_42|         array|
|void_UpConv_Fused_Row_ap_uint_ap_uint_const_ap_uint_const_ap_uint_const_ap_u_42_ce0           |  out|    1|   ap_memory|      void_UpConv_Fused_Row_ap_uint_ap_uint_const_ap_uint_const_ap_uint_const_ap_u_42|         array|
|void_UpConv_Fused_Row_ap_uint_ap_uint_const_ap_uint_const_ap_uint_const_ap_u_42_we0           |  out|    1|   ap_memory|      void_UpConv_Fused_Row_ap_uint_ap_uint_const_ap_uint_const_ap_uint_const_ap_u_42|         array|
|void_UpConv_Fused_Row_ap_uint_ap_uint_const_ap_uint_const_ap_uint_const_ap_u_42_d0            |  out|   16|   ap_memory|      void_UpConv_Fused_Row_ap_uint_ap_uint_const_ap_uint_const_ap_uint_const_ap_u_42|         array|
|void_UpConv_Fused_Row_ap_uint_ap_uint_const_ap_uint_const_ap_uint_const_ap_u_42_address1      |  out|   10|   ap_memory|      void_UpConv_Fused_Row_ap_uint_ap_uint_const_ap_uint_const_ap_uint_const_ap_u_42|         array|
|void_UpConv_Fused_Row_ap_uint_ap_uint_const_ap_uint_const_ap_uint_const_ap_u_42_ce1           |  out|    1|   ap_memory|      void_UpConv_Fused_Row_ap_uint_ap_uint_const_ap_uint_const_ap_uint_const_ap_u_42|         array|
|void_UpConv_Fused_Row_ap_uint_ap_uint_const_ap_uint_const_ap_uint_const_ap_u_42_q1            |   in|   16|   ap_memory|      void_UpConv_Fused_Row_ap_uint_ap_uint_const_ap_uint_const_ap_uint_const_ap_u_42|         array|
|void_UpConv_Fused_Row_ap_uint_ap_uint_const_ap_uint_const_ap_uint_const_ap_u_41_address0      |  out|   10|   ap_memory|      void_UpConv_Fused_Row_ap_uint_ap_uint_const_ap_uint_const_ap_uint_const_ap_u_41|         array|
|void_UpConv_Fused_Row_ap_uint_ap_uint_const_ap_uint_const_ap_uint_const_ap_u_41_ce0           |  out|    1|   ap_memory|      void_UpConv_Fused_Row_ap_uint_ap_uint_const_ap_uint_const_ap_uint_const_ap_u_41|         array|
|void_UpConv_Fused_Row_ap_uint_ap_uint_const_ap_uint_const_ap_uint_const_ap_u_41_we0           |  out|    1|   ap_memory|      void_UpConv_Fused_Row_ap_uint_ap_uint_const_ap_uint_const_ap_uint_const_ap_u_41|         array|
|void_UpConv_Fused_Row_ap_uint_ap_uint_const_ap_uint_const_ap_uint_const_ap_u_41_d0            |  out|   16|   ap_memory|      void_UpConv_Fused_Row_ap_uint_ap_uint_const_ap_uint_const_ap_uint_const_ap_u_41|         array|
|void_UpConv_Fused_Row_ap_uint_ap_uint_const_ap_uint_const_ap_uint_const_ap_u_41_address1      |  out|   10|   ap_memory|      void_UpConv_Fused_Row_ap_uint_ap_uint_const_ap_uint_const_ap_uint_const_ap_u_41|         array|
|void_UpConv_Fused_Row_ap_uint_ap_uint_const_ap_uint_const_ap_uint_const_ap_u_41_ce1           |  out|    1|   ap_memory|      void_UpConv_Fused_Row_ap_uint_ap_uint_const_ap_uint_const_ap_uint_const_ap_u_41|         array|
|void_UpConv_Fused_Row_ap_uint_ap_uint_const_ap_uint_const_ap_uint_const_ap_u_41_q1            |   in|   16|   ap_memory|      void_UpConv_Fused_Row_ap_uint_ap_uint_const_ap_uint_const_ap_uint_const_ap_u_41|         array|
|void_UpConv_Fused_Row_ap_uint_ap_uint_const_ap_uint_const_ap_uint_const_ap_u_40_address0      |  out|   10|   ap_memory|      void_UpConv_Fused_Row_ap_uint_ap_uint_const_ap_uint_const_ap_uint_const_ap_u_40|         array|
|void_UpConv_Fused_Row_ap_uint_ap_uint_const_ap_uint_const_ap_uint_const_ap_u_40_ce0           |  out|    1|   ap_memory|      void_UpConv_Fused_Row_ap_uint_ap_uint_const_ap_uint_const_ap_uint_const_ap_u_40|         array|
|void_UpConv_Fused_Row_ap_uint_ap_uint_const_ap_uint_const_ap_uint_const_ap_u_40_we0           |  out|    1|   ap_memory|      void_UpConv_Fused_Row_ap_uint_ap_uint_const_ap_uint_const_ap_uint_const_ap_u_40|         array|
|void_UpConv_Fused_Row_ap_uint_ap_uint_const_ap_uint_const_ap_uint_const_ap_u_40_d0            |  out|   16|   ap_memory|      void_UpConv_Fused_Row_ap_uint_ap_uint_const_ap_uint_const_ap_uint_const_ap_u_40|         array|
|void_UpConv_Fused_Row_ap_uint_ap_uint_const_ap_uint_const_ap_uint_const_ap_u_40_address1      |  out|   10|   ap_memory|      void_UpConv_Fused_Row_ap_uint_ap_uint_const_ap_uint_const_ap_uint_const_ap_u_40|         array|
|void_UpConv_Fused_Row_ap_uint_ap_uint_const_ap_uint_const_ap_uint_const_ap_u_40_ce1           |  out|    1|   ap_memory|      void_UpConv_Fused_Row_ap_uint_ap_uint_const_ap_uint_const_ap_uint_const_ap_u_40|         array|
|void_UpConv_Fused_Row_ap_uint_ap_uint_const_ap_uint_const_ap_uint_const_ap_u_40_q1            |   in|   16|   ap_memory|      void_UpConv_Fused_Row_ap_uint_ap_uint_const_ap_uint_const_ap_uint_const_ap_u_40|         array|
|p_ZZ16UpConv_Fused_RowILi8ELi128ELi128ELi120ELi60EEvP7ap_uintILi256EEPKS1_S4_S4_S_5_address0  |  out|   10|   ap_memory|  p_ZZ16UpConv_Fused_RowILi8ELi128ELi128ELi120ELi60EEvP7ap_uintILi256EEPKS1_S4_S4_S_5|         array|
|p_ZZ16UpConv_Fused_RowILi8ELi128ELi128ELi120ELi60EEvP7ap_uintILi256EEPKS1_S4_S4_S_5_ce0       |  out|    1|   ap_memory|  p_ZZ16UpConv_Fused_RowILi8ELi128ELi128ELi120ELi60EEvP7ap_uintILi256EEPKS1_S4_S4_S_5|         array|
|p_ZZ16UpConv_Fused_RowILi8ELi128ELi128ELi120ELi60EEvP7ap_uintILi256EEPKS1_S4_S4_S_5_we0       |  out|    1|   ap_memory|  p_ZZ16UpConv_Fused_RowILi8ELi128ELi128ELi120ELi60EEvP7ap_uintILi256EEPKS1_S4_S4_S_5|         array|
|p_ZZ16UpConv_Fused_RowILi8ELi128ELi128ELi120ELi60EEvP7ap_uintILi256EEPKS1_S4_S4_S_5_d0        |  out|   16|   ap_memory|  p_ZZ16UpConv_Fused_RowILi8ELi128ELi128ELi120ELi60EEvP7ap_uintILi256EEPKS1_S4_S4_S_5|         array|
|p_ZZ16UpConv_Fused_RowILi8ELi128ELi128ELi120ELi60EEvP7ap_uintILi256EEPKS1_S4_S4_S_5_address1  |  out|   10|   ap_memory|  p_ZZ16UpConv_Fused_RowILi8ELi128ELi128ELi120ELi60EEvP7ap_uintILi256EEPKS1_S4_S4_S_5|         array|
|p_ZZ16UpConv_Fused_RowILi8ELi128ELi128ELi120ELi60EEvP7ap_uintILi256EEPKS1_S4_S4_S_5_ce1       |  out|    1|   ap_memory|  p_ZZ16UpConv_Fused_RowILi8ELi128ELi128ELi120ELi60EEvP7ap_uintILi256EEPKS1_S4_S4_S_5|         array|
|p_ZZ16UpConv_Fused_RowILi8ELi128ELi128ELi120ELi60EEvP7ap_uintILi256EEPKS1_S4_S4_S_5_q1        |   in|   16|   ap_memory|  p_ZZ16UpConv_Fused_RowILi8ELi128ELi128ELi120ELi60EEvP7ap_uintILi256EEPKS1_S4_S4_S_5|         array|
|p_ZZ16UpConv_Fused_RowILi8ELi128ELi128ELi120ELi60EEvP7ap_uintILi256EEPKS1_S4_S4_S_4_address0  |  out|   10|   ap_memory|  p_ZZ16UpConv_Fused_RowILi8ELi128ELi128ELi120ELi60EEvP7ap_uintILi256EEPKS1_S4_S4_S_4|         array|
|p_ZZ16UpConv_Fused_RowILi8ELi128ELi128ELi120ELi60EEvP7ap_uintILi256EEPKS1_S4_S4_S_4_ce0       |  out|    1|   ap_memory|  p_ZZ16UpConv_Fused_RowILi8ELi128ELi128ELi120ELi60EEvP7ap_uintILi256EEPKS1_S4_S4_S_4|         array|
|p_ZZ16UpConv_Fused_RowILi8ELi128ELi128ELi120ELi60EEvP7ap_uintILi256EEPKS1_S4_S4_S_4_we0       |  out|    1|   ap_memory|  p_ZZ16UpConv_Fused_RowILi8ELi128ELi128ELi120ELi60EEvP7ap_uintILi256EEPKS1_S4_S4_S_4|         array|
|p_ZZ16UpConv_Fused_RowILi8ELi128ELi128ELi120ELi60EEvP7ap_uintILi256EEPKS1_S4_S4_S_4_d0        |  out|   16|   ap_memory|  p_ZZ16UpConv_Fused_RowILi8ELi128ELi128ELi120ELi60EEvP7ap_uintILi256EEPKS1_S4_S4_S_4|         array|
|p_ZZ16UpConv_Fused_RowILi8ELi128ELi128ELi120ELi60EEvP7ap_uintILi256EEPKS1_S4_S4_S_4_address1  |  out|   10|   ap_memory|  p_ZZ16UpConv_Fused_RowILi8ELi128ELi128ELi120ELi60EEvP7ap_uintILi256EEPKS1_S4_S4_S_4|         array|
|p_ZZ16UpConv_Fused_RowILi8ELi128ELi128ELi120ELi60EEvP7ap_uintILi256EEPKS1_S4_S4_S_4_ce1       |  out|    1|   ap_memory|  p_ZZ16UpConv_Fused_RowILi8ELi128ELi128ELi120ELi60EEvP7ap_uintILi256EEPKS1_S4_S4_S_4|         array|
|p_ZZ16UpConv_Fused_RowILi8ELi128ELi128ELi120ELi60EEvP7ap_uintILi256EEPKS1_S4_S4_S_4_q1        |   in|   16|   ap_memory|  p_ZZ16UpConv_Fused_RowILi8ELi128ELi128ELi120ELi60EEvP7ap_uintILi256EEPKS1_S4_S4_S_4|         array|
|p_ZZ16UpConv_Fused_RowILi8ELi128ELi128ELi120ELi60EEvP7ap_uintILi256EEPKS1_S4_S4_S_3_address0  |  out|   10|   ap_memory|  p_ZZ16UpConv_Fused_RowILi8ELi128ELi128ELi120ELi60EEvP7ap_uintILi256EEPKS1_S4_S4_S_3|         array|
|p_ZZ16UpConv_Fused_RowILi8ELi128ELi128ELi120ELi60EEvP7ap_uintILi256EEPKS1_S4_S4_S_3_ce0       |  out|    1|   ap_memory|  p_ZZ16UpConv_Fused_RowILi8ELi128ELi128ELi120ELi60EEvP7ap_uintILi256EEPKS1_S4_S4_S_3|         array|
|p_ZZ16UpConv_Fused_RowILi8ELi128ELi128ELi120ELi60EEvP7ap_uintILi256EEPKS1_S4_S4_S_3_we0       |  out|    1|   ap_memory|  p_ZZ16UpConv_Fused_RowILi8ELi128ELi128ELi120ELi60EEvP7ap_uintILi256EEPKS1_S4_S4_S_3|         array|
|p_ZZ16UpConv_Fused_RowILi8ELi128ELi128ELi120ELi60EEvP7ap_uintILi256EEPKS1_S4_S4_S_3_d0        |  out|   16|   ap_memory|  p_ZZ16UpConv_Fused_RowILi8ELi128ELi128ELi120ELi60EEvP7ap_uintILi256EEPKS1_S4_S4_S_3|         array|
|p_ZZ16UpConv_Fused_RowILi8ELi128ELi128ELi120ELi60EEvP7ap_uintILi256EEPKS1_S4_S4_S_3_address1  |  out|   10|   ap_memory|  p_ZZ16UpConv_Fused_RowILi8ELi128ELi128ELi120ELi60EEvP7ap_uintILi256EEPKS1_S4_S4_S_3|         array|
|p_ZZ16UpConv_Fused_RowILi8ELi128ELi128ELi120ELi60EEvP7ap_uintILi256EEPKS1_S4_S4_S_3_ce1       |  out|    1|   ap_memory|  p_ZZ16UpConv_Fused_RowILi8ELi128ELi128ELi120ELi60EEvP7ap_uintILi256EEPKS1_S4_S4_S_3|         array|
|p_ZZ16UpConv_Fused_RowILi8ELi128ELi128ELi120ELi60EEvP7ap_uintILi256EEPKS1_S4_S4_S_3_q1        |   in|   16|   ap_memory|  p_ZZ16UpConv_Fused_RowILi8ELi128ELi128ELi120ELi60EEvP7ap_uintILi256EEPKS1_S4_S4_S_3|         array|
|p_ZZ16UpConv_Fused_RowILi8ELi128ELi128ELi120ELi60EEvP7ap_uintILi256EEPKS1_S4_S4_S_2_address0  |  out|   10|   ap_memory|  p_ZZ16UpConv_Fused_RowILi8ELi128ELi128ELi120ELi60EEvP7ap_uintILi256EEPKS1_S4_S4_S_2|         array|
|p_ZZ16UpConv_Fused_RowILi8ELi128ELi128ELi120ELi60EEvP7ap_uintILi256EEPKS1_S4_S4_S_2_ce0       |  out|    1|   ap_memory|  p_ZZ16UpConv_Fused_RowILi8ELi128ELi128ELi120ELi60EEvP7ap_uintILi256EEPKS1_S4_S4_S_2|         array|
|p_ZZ16UpConv_Fused_RowILi8ELi128ELi128ELi120ELi60EEvP7ap_uintILi256EEPKS1_S4_S4_S_2_we0       |  out|    1|   ap_memory|  p_ZZ16UpConv_Fused_RowILi8ELi128ELi128ELi120ELi60EEvP7ap_uintILi256EEPKS1_S4_S4_S_2|         array|
|p_ZZ16UpConv_Fused_RowILi8ELi128ELi128ELi120ELi60EEvP7ap_uintILi256EEPKS1_S4_S4_S_2_d0        |  out|   16|   ap_memory|  p_ZZ16UpConv_Fused_RowILi8ELi128ELi128ELi120ELi60EEvP7ap_uintILi256EEPKS1_S4_S4_S_2|         array|
|p_ZZ16UpConv_Fused_RowILi8ELi128ELi128ELi120ELi60EEvP7ap_uintILi256EEPKS1_S4_S4_S_2_address1  |  out|   10|   ap_memory|  p_ZZ16UpConv_Fused_RowILi8ELi128ELi128ELi120ELi60EEvP7ap_uintILi256EEPKS1_S4_S4_S_2|         array|
|p_ZZ16UpConv_Fused_RowILi8ELi128ELi128ELi120ELi60EEvP7ap_uintILi256EEPKS1_S4_S4_S_2_ce1       |  out|    1|   ap_memory|  p_ZZ16UpConv_Fused_RowILi8ELi128ELi128ELi120ELi60EEvP7ap_uintILi256EEPKS1_S4_S4_S_2|         array|
|p_ZZ16UpConv_Fused_RowILi8ELi128ELi128ELi120ELi60EEvP7ap_uintILi256EEPKS1_S4_S4_S_2_q1        |   in|   16|   ap_memory|  p_ZZ16UpConv_Fused_RowILi8ELi128ELi128ELi120ELi60EEvP7ap_uintILi256EEPKS1_S4_S4_S_2|         array|
|p_ZZ16UpConv_Fused_RowILi8ELi128ELi128ELi120ELi60EEvP7ap_uintILi256EEPKS1_S4_S4_S_1_address0  |  out|   10|   ap_memory|  p_ZZ16UpConv_Fused_RowILi8ELi128ELi128ELi120ELi60EEvP7ap_uintILi256EEPKS1_S4_S4_S_1|         array|
|p_ZZ16UpConv_Fused_RowILi8ELi128ELi128ELi120ELi60EEvP7ap_uintILi256EEPKS1_S4_S4_S_1_ce0       |  out|    1|   ap_memory|  p_ZZ16UpConv_Fused_RowILi8ELi128ELi128ELi120ELi60EEvP7ap_uintILi256EEPKS1_S4_S4_S_1|         array|
|p_ZZ16UpConv_Fused_RowILi8ELi128ELi128ELi120ELi60EEvP7ap_uintILi256EEPKS1_S4_S4_S_1_we0       |  out|    1|   ap_memory|  p_ZZ16UpConv_Fused_RowILi8ELi128ELi128ELi120ELi60EEvP7ap_uintILi256EEPKS1_S4_S4_S_1|         array|
|p_ZZ16UpConv_Fused_RowILi8ELi128ELi128ELi120ELi60EEvP7ap_uintILi256EEPKS1_S4_S4_S_1_d0        |  out|   16|   ap_memory|  p_ZZ16UpConv_Fused_RowILi8ELi128ELi128ELi120ELi60EEvP7ap_uintILi256EEPKS1_S4_S4_S_1|         array|
|p_ZZ16UpConv_Fused_RowILi8ELi128ELi128ELi120ELi60EEvP7ap_uintILi256EEPKS1_S4_S4_S_1_address1  |  out|   10|   ap_memory|  p_ZZ16UpConv_Fused_RowILi8ELi128ELi128ELi120ELi60EEvP7ap_uintILi256EEPKS1_S4_S4_S_1|         array|
|p_ZZ16UpConv_Fused_RowILi8ELi128ELi128ELi120ELi60EEvP7ap_uintILi256EEPKS1_S4_S4_S_1_ce1       |  out|    1|   ap_memory|  p_ZZ16UpConv_Fused_RowILi8ELi128ELi128ELi120ELi60EEvP7ap_uintILi256EEPKS1_S4_S4_S_1|         array|
|p_ZZ16UpConv_Fused_RowILi8ELi128ELi128ELi120ELi60EEvP7ap_uintILi256EEPKS1_S4_S4_S_1_q1        |   in|   16|   ap_memory|  p_ZZ16UpConv_Fused_RowILi8ELi128ELi128ELi120ELi60EEvP7ap_uintILi256EEPKS1_S4_S4_S_1|         array|
|p_ZZ16UpConv_Fused_RowILi8ELi128ELi128ELi120ELi60EEvP7ap_uintILi256EEPKS1_S4_S4_S_address0    |  out|   10|   ap_memory|    p_ZZ16UpConv_Fused_RowILi8ELi128ELi128ELi120ELi60EEvP7ap_uintILi256EEPKS1_S4_S4_S|         array|
|p_ZZ16UpConv_Fused_RowILi8ELi128ELi128ELi120ELi60EEvP7ap_uintILi256EEPKS1_S4_S4_S_ce0         |  out|    1|   ap_memory|    p_ZZ16UpConv_Fused_RowILi8ELi128ELi128ELi120ELi60EEvP7ap_uintILi256EEPKS1_S4_S4_S|         array|
|p_ZZ16UpConv_Fused_RowILi8ELi128ELi128ELi120ELi60EEvP7ap_uintILi256EEPKS1_S4_S4_S_we0         |  out|    1|   ap_memory|    p_ZZ16UpConv_Fused_RowILi8ELi128ELi128ELi120ELi60EEvP7ap_uintILi256EEPKS1_S4_S4_S|         array|
|p_ZZ16UpConv_Fused_RowILi8ELi128ELi128ELi120ELi60EEvP7ap_uintILi256EEPKS1_S4_S4_S_d0          |  out|   16|   ap_memory|    p_ZZ16UpConv_Fused_RowILi8ELi128ELi128ELi120ELi60EEvP7ap_uintILi256EEPKS1_S4_S4_S|         array|
|p_ZZ16UpConv_Fused_RowILi8ELi128ELi128ELi120ELi60EEvP7ap_uintILi256EEPKS1_S4_S4_S_address1    |  out|   10|   ap_memory|    p_ZZ16UpConv_Fused_RowILi8ELi128ELi128ELi120ELi60EEvP7ap_uintILi256EEPKS1_S4_S4_S|         array|
|p_ZZ16UpConv_Fused_RowILi8ELi128ELi128ELi120ELi60EEvP7ap_uintILi256EEPKS1_S4_S4_S_ce1         |  out|    1|   ap_memory|    p_ZZ16UpConv_Fused_RowILi8ELi128ELi128ELi120ELi60EEvP7ap_uintILi256EEPKS1_S4_S4_S|         array|
|p_ZZ16UpConv_Fused_RowILi8ELi128ELi128ELi120ELi60EEvP7ap_uintILi256EEPKS1_S4_S4_S_q1          |   in|   16|   ap_memory|    p_ZZ16UpConv_Fused_RowILi8ELi128ELi128ELi120ELi60EEvP7ap_uintILi256EEPKS1_S4_S4_S|         array|
+----------------------------------------------------------------------------------------------+-----+-----+------------+-------------------------------------------------------------------------------------+--------------+

