  **** HLS Build v2024.2 5238294
INFO: [HLS 200-2005] Using work_dir /home/hoinguyen/Documents/Vitis/UpConv_HLS/upconv_block0/upconv_block0 
INFO: [HLS 200-1505] Using default flow_target 'vivado'
Resolution: For help on HLS 200-1505 see docs.xilinx.com/access/sources/dita/topic?Doc_Version=2024.2%20English&url=ug1448-hls-guidance&resourceid=200-1505.html
INFO: [HLS 200-1465] Applying ini 'syn.file=/home/hoinguyen/Documents/Vitis/UpConv_HLS/gen/upconv_core_top_ucb0.cpp' from /home/hoinguyen/Documents/Vitis/UpConv_HLS/upconv_block0/hls_config.cfg(7)
INFO: [HLS 200-10] Adding design file '/home/hoinguyen/Documents/Vitis/UpConv_HLS/gen/upconv_core_top_ucb0.cpp' to the project
INFO: [HLS 200-1465] Applying ini 'tb.file=/home/hoinguyen/Documents/Vitis/UpConv_HLS/test_ucb0.cpp' from /home/hoinguyen/Documents/Vitis/UpConv_HLS/upconv_block0/hls_config.cfg(8)
INFO: [HLS 200-10] Adding test bench file '/home/hoinguyen/Documents/Vitis/UpConv_HLS/test_ucb0.cpp' to the project
INFO: [HLS 200-1465] Applying ini 'flow_target=vivado' from /home/hoinguyen/Documents/Vitis/UpConv_HLS/upconv_block0/hls_config.cfg(4)
INFO: [HLS 200-1505] Using flow_target 'vivado'
Resolution: For help on HLS 200-1505 see docs.xilinx.com/access/sources/dita/topic?Doc_Version=2024.2%20English&url=ug1448-hls-guidance&resourceid=200-1505.html
INFO: [HLS 200-1465] Applying ini 'part=xczu7ev-ffvc1156-2-e' from /home/hoinguyen/Documents/Vitis/UpConv_HLS/upconv_block0/hls_config.cfg(1)
INFO: [HLS 200-1611] Setting target device to 'xczu7ev-ffvc1156-2-e'
INFO: [HLS 200-1465] Applying ini 'clock=300MHz' from /home/hoinguyen/Documents/Vitis/UpConv_HLS/upconv_block0/hls_config.cfg(9)
INFO: [SYN 201-201] Setting up clock 'default' with a period of 3.333ns.
INFO: [HLS 200-1465] Applying ini 'package.output.format=ip_catalog' from /home/hoinguyen/Documents/Vitis/UpConv_HLS/upconv_block0/hls_config.cfg(5)
INFO: [SIM 211-2] *************** CSIM start ***************
INFO: [SIM 211-4] CSIM will launch CLANG as the compiler.
INFO: [HLS 200-2036] Building debug C Simulation binaries
   Compiling ../../../../../test_ucb0.cpp in debug mode
   Generating csim.exe

╔════════════════════════════════════════════════════════╗
║              UPCONV BLOCK 0 TEST HARNESS               ║
╚════════════════════════════════════════════════════════╝

📋 Config: UCB_BLOCK_ID=0  ENABLE_MINI_TEST=1

====================================================
   UCB0 FULL SIZE (16x16x960 -> 32x32x480)
   16x16x16 -> 32x32x16
====================================================
Packing inputs...
Running HLS kernel...
HLS CSIM time: 0.3639 s
Unpacking outputs...
Running CPU golden reference...
Golden CPU time: 0.00148168 s
Output Sum: 7146.64
Max Error : 0.00373793
MSE       : 2.02863e-06
====================================================
UCB0 FULL SIZE (16x16x960 -> 32x32x480): PASSED (Functional & Numerical)
====================================================

INFO: [SIM 211-1] CSim done with 0 errors.
INFO: [SIM 211-3] *************** CSIM finish ***************
INFO: [HLS 200-112] Total CPU user time: 3.25 seconds. Total CPU system time: 0.42 seconds. Total elapsed time: 3.5 seconds; peak allocated memory: 325.160 MB.
INFO: [vitis-run 60-791] Total elapsed time: 0h 0m 7s
