  **** HLS Build v2024.2 5238294
INFO: [HLS 200-2005] Using work_dir /home/hoinguyen/Documents/Vitis/UpConv_HLS/upconv_block0/upconv_block0 
INFO: [HLS 200-1505] Using default flow_target 'vivado'
Resolution: For help on HLS 200-1505 see docs.xilinx.com/access/sources/dita/topic?Doc_Version=2024.2%20English&url=ug1448-hls-guidance&resourceid=200-1505.html
INFO: [HLS 200-1465] Applying ini 'syn.file=/home/hoinguyen/Documents/Vitis/UpConv_HLS/gen/upconv_core_top_ucb0.cpp' from /home/hoinguyen/Documents/Vitis/UpConv_HLS/upconv_block0/hls_config.cfg(7)
INFO: [HLS 200-10] Adding design file '/home/hoinguyen/Documents/Vitis/UpConv_HLS/gen/upconv_core_top_ucb0.cpp' to the project
INFO: [HLS 200-1465] Applying ini 'tb.file=/home/hoinguyen/Documents/Vitis/UpConv_HLS/test_ucb0.cpp' from /home/hoinguyen/Documents/Vitis/UpConv_HLS/upconv_block0/hls_config.cfg(8)
INFO: [HLS 200-10] Adding test bench file '/home/hoinguyen/Documents/Vitis/UpConv_HLS/test_ucb0.cpp' to the project
INFO: [HLS 200-1465] Applying ini 'syn.top=upconv_core_top_ucb0' from /home/hoinguyen/Documents/Vitis/UpConv_HLS/upconv_block0/hls_config.cfg(10)
INFO: [HLS 200-1465] Applying ini 'flow_target=vivado' from /home/hoinguyen/Documents/Vitis/UpConv_HLS/upconv_block0/hls_config.cfg(4)
INFO: [HLS 200-1505] Using flow_target 'vivado'
Resolution: For help on HLS 200-1505 see docs.xilinx.com/access/sources/dita/topic?Doc_Version=2024.2%20English&url=ug1448-hls-guidance&resourceid=200-1505.html
INFO: [HLS 200-1465] Applying ini 'part=xczu7ev-ffvc1156-2-e' from /home/hoinguyen/Documents/Vitis/UpConv_HLS/upconv_block0/hls_config.cfg(1)
INFO: [HLS 200-1611] Setting target device to 'xczu7ev-ffvc1156-2-e'
INFO: [HLS 200-1465] Applying ini 'clock=300MHz' from /home/hoinguyen/Documents/Vitis/UpConv_HLS/upconv_block0/hls_config.cfg(9)
INFO: [SYN 201-201] Setting up clock 'default' with a period of 3.333ns.
INFO: [HLS 200-1465] Applying ini 'package.output.format=ip_catalog' from /home/hoinguyen/Documents/Vitis/UpConv_HLS/upconv_block0/hls_config.cfg(5)
INFO: [HLS 200-111] Finished File checks and directory preparation: CPU user time: 1.93 seconds. CPU system time: 0.16 seconds. Elapsed time: 1.94 seconds; current allocated memory: 324.879 MB.
INFO: [HLS 200-10] Analyzing design file '../gen/upconv_core_top_ucb0.cpp' ... 
INFO: [HLS 200-111] Finished Source Code Analysis and Preprocessing: CPU user time: 12.03 seconds. CPU system time: 0.84 seconds. Elapsed time: 13.14 seconds; current allocated memory: 331.375 MB.
INFO: [HLS 200-777] Using interface defaults for 'Vivado' flow target.
INFO: [HLS 200-1995] There were 3,705 instructions in the design after the 'Compile/Link' phase of compilation. See the Design Size Report for more details: /home/hoinguyen/Documents/Vitis/UpConv_HLS/upconv_block0/upconv_block0/hls/syn/report/csynth_design_size.rpt
INFO: [HLS 200-1995] There were 7,329 instructions in the design after the 'Unroll/Inline (step 1)' phase of compilation. See the Design Size Report for more details: /home/hoinguyen/Documents/Vitis/UpConv_HLS/upconv_block0/upconv_block0/hls/syn/report/csynth_design_size.rpt
INFO: [HLS 200-1995] There were 4,597 instructions in the design after the 'Unroll/Inline (step 2)' phase of compilation. See the Design Size Report for more details: /home/hoinguyen/Documents/Vitis/UpConv_HLS/upconv_block0/upconv_block0/hls/syn/report/csynth_design_size.rpt
INFO: [HLS 200-1995] There were 4,094 instructions in the design after the 'Unroll/Inline (step 3)' phase of compilation. See the Design Size Report for more details: /home/hoinguyen/Documents/Vitis/UpConv_HLS/upconv_block0/upconv_block0/hls/syn/report/csynth_design_size.rpt
INFO: [HLS 200-1995] There were 4,089 instructions in the design after the 'Unroll/Inline (step 4)' phase of compilation. See the Design Size Report for more details: /home/hoinguyen/Documents/Vitis/UpConv_HLS/upconv_block0/upconv_block0/hls/syn/report/csynth_design_size.rpt
INFO: [HLS 200-1995] There were 7,945 instructions in the design after the 'Array/Struct (step 1)' phase of compilation. See the Design Size Report for more details: /home/hoinguyen/Documents/Vitis/UpConv_HLS/upconv_block0/upconv_block0/hls/syn/report/csynth_design_size.rpt
INFO: [HLS 200-1995] There were 5,068 instructions in the design after the 'Array/Struct (step 2)' phase of compilation. See the Design Size Report for more details: /home/hoinguyen/Documents/Vitis/UpConv_HLS/upconv_block0/upconv_block0/hls/syn/report/csynth_design_size.rpt
INFO: [HLS 200-1995] There were 5,068 instructions in the design after the 'Array/Struct (step 3)' phase of compilation. See the Design Size Report for more details: /home/hoinguyen/Documents/Vitis/UpConv_HLS/upconv_block0/upconv_block0/hls/syn/report/csynth_design_size.rpt
INFO: [HLS 200-1995] There were 5,068 instructions in the design after the 'Array/Struct (step 4)' phase of compilation. See the Design Size Report for more details: /home/hoinguyen/Documents/Vitis/UpConv_HLS/upconv_block0/upconv_block0/hls/syn/report/csynth_design_size.rpt
INFO: [HLS 200-1995] There were 5,157 instructions in the design after the 'Array/Struct (step 5)' phase of compilation. See the Design Size Report for more details: /home/hoinguyen/Documents/Vitis/UpConv_HLS/upconv_block0/upconv_block0/hls/syn/report/csynth_design_size.rpt
INFO: [HLS 200-1995] There were 5,157 instructions in the design after the 'Performance (step 1)' phase of compilation. See the Design Size Report for more details: /home/hoinguyen/Documents/Vitis/UpConv_HLS/upconv_block0/upconv_block0/hls/syn/report/csynth_design_size.rpt
INFO: [HLS 200-1995] There were 5,085 instructions in the design after the 'Performance (step 2)' phase of compilation. See the Design Size Report for more details: /home/hoinguyen/Documents/Vitis/UpConv_HLS/upconv_block0/upconv_block0/hls/syn/report/csynth_design_size.rpt
INFO: [HLS 200-1995] There were 5,081 instructions in the design after the 'Performance (step 3)' phase of compilation. See the Design Size Report for more details: /home/hoinguyen/Documents/Vitis/UpConv_HLS/upconv_block0/upconv_block0/hls/syn/report/csynth_design_size.rpt
INFO: [HLS 200-1995] There were 5,081 instructions in the design after the 'Performance (step 4)' phase of compilation. See the Design Size Report for more details: /home/hoinguyen/Documents/Vitis/UpConv_HLS/upconv_block0/upconv_block0/hls/syn/report/csynth_design_size.rpt
INFO: [HLS 200-1995] There were 5,139 instructions in the design after the 'HW Transforms (step 1)' phase of compilation. See the Design Size Report for more details: /home/hoinguyen/Documents/Vitis/UpConv_HLS/upconv_block0/upconv_block0/hls/syn/report/csynth_design_size.rpt
INFO: [HLS 200-1995] There were 5,234 instructions in the design after the 'HW Transforms (step 2)' phase of compilation. See the Design Size Report for more details: /home/hoinguyen/Documents/Vitis/UpConv_HLS/upconv_block0/upconv_block0/hls/syn/report/csynth_design_size.rpt
INFO: [HLS 214-131] Inlining function 'ap_uint<16> half_to_bits<half>(half)' into 'void UpConv_Fused_Row<8, 16, 16, 16, 16>(ap_uint<256>*, ap_uint<256> const*, ap_uint<256> const*, ap_uint<256> const*, ap_uint<256> const*, ap_uint<256>*, half, int)' (../gen/Hls_Layers_UpConv.tpp:270:49)
INFO: [HLS 214-131] Inlining function 'half bits_to_half<half>(ap_uint<16>)' into 'void UpConv_Fused_Row<8, 16, 16, 16, 16>(ap_uint<256>*, ap_uint<256> const*, ap_uint<256> const*, ap_uint<256> const*, ap_uint<256> const*, ap_uint<256>*, half, int)' (../gen/Hls_Layers_UpConv.tpp:265:29)
INFO: [HLS 214-131] Inlining function 'my_sqrt_f(float)' into 'void UpConv_Fused_Row<8, 16, 16, 16, 16>(ap_uint<256>*, ap_uint<256> const*, ap_uint<256> const*, ap_uint<256> const*, ap_uint<256> const*, ap_uint<256>*, half, int)' (../gen/Hls_Layers_UpConv.tpp:255:42)
INFO: [HLS 214-131] Inlining function 'void UpConv_Fused_Top<8, 16, 16, 16, 16>(ap_uint<256>*, ap_uint<256> const*, ap_uint<256> const*, ap_uint<256> const*, ap_uint<256> const*, ap_uint<256> const*, ap_uint<256>*, half)' into 'upconv_core_top_ucb0' (../gen/upconv_core_top_ucb0.cpp:40:2)
INFO: [HLS 214-291] Loop 'VITIS_LOOP_260_6' is marked as complete unroll implied by the pipeline pragma (../gen/Hls_Layers_UpConv.tpp:260:31)
INFO: [HLS 214-291] Loop 'TC_MAC' is marked as complete unroll implied by the pipeline pragma (../gen/Hls_Layers_UpConv.tpp:189:33)
INFO: [HLS 214-291] Loop 'VITIS_LOOP_194_5' is marked as complete unroll implied by the pipeline pragma (../gen/Hls_Layers_UpConv.tpp:194:47)
INFO: [HLS 214-291] Loop 'VITIS_LOOP_119_1' is marked as complete unroll implied by the pipeline pragma (../gen/Hls_Layers_UpConv.tpp:119:20)
INFO: [HLS 214-186] Unrolling loop 'VITIS_LOOP_260_6' (../gen/Hls_Layers_UpConv.tpp:260:31) in function 'UpConv_Fused_Row<8, 16, 16, 16, 16>' completely with a factor of 16 (../gen/Hls_Layers_UpConv.tpp:88:0)
INFO: [HLS 214-186] Unrolling loop 'RESET_PSUM' (../gen/Hls_Layers_UpConv.tpp:174:14) in function 'UpConv_Fused_Row<8, 16, 16, 16, 16>' completely with a factor of 8 (../gen/Hls_Layers_UpConv.tpp:88:0)
INFO: [HLS 214-186] Unrolling loop 'VITIS_LOOP_176_4' (../gen/Hls_Layers_UpConv.tpp:176:20) in function 'UpConv_Fused_Row<8, 16, 16, 16, 16>' completely with a factor of 4 (../gen/Hls_Layers_UpConv.tpp:88:0)
INFO: [HLS 214-186] Unrolling loop 'TC_MAC' (../gen/Hls_Layers_UpConv.tpp:189:33) in function 'UpConv_Fused_Row<8, 16, 16, 16, 16>' completely with a factor of 8 (../gen/Hls_Layers_UpConv.tpp:88:0)
INFO: [HLS 214-186] Unrolling loop 'VITIS_LOOP_194_5' (../gen/Hls_Layers_UpConv.tpp:194:47) in function 'UpConv_Fused_Row<8, 16, 16, 16, 16>' completely with a factor of 16 (../gen/Hls_Layers_UpConv.tpp:88:0)
INFO: [HLS 214-186] Unrolling loop 'ACC_WRITE' (../gen/Hls_Layers_UpConv.tpp:205:32) in function 'UpConv_Fused_Row<8, 16, 16, 16, 16>' completely with a factor of 8 (../gen/Hls_Layers_UpConv.tpp:88:0)
INFO: [HLS 214-186] Unrolling loop 'VITIS_LOOP_119_1' (../gen/Hls_Layers_UpConv.tpp:119:20) in function 'UpConv_Fused_Row<8, 16, 16, 16, 16>' completely with a factor of 16 (../gen/Hls_Layers_UpConv.tpp:88:0)
INFO: [HLS 214-178] Inlining function 'hls::sqrtf(float)' into 'void UpConv_Fused_Row<8, 16, 16, 16, 16>(ap_uint<256>*, ap_uint<256> const*, ap_uint<256> const*, ap_uint<256> const*, ap_uint<256> const*, ap_uint<256>*, half, int)' (../gen/Hls_Layers_UpConv.tpp:88:0)
INFO: [HLS 214-248] Applying array_partition to '_ZZ16UpConv_Fused_RowILi8ELi16ELi16ELi16ELi16EEvP7ap_uintILi256EEPKS1_S4_S4_S4_S2_DhiE7row_acc': Complete partitioning on dimension 2. (../gen/Hls_Layers_UpConv.tpp:108:0)
INFO: [HLS 214-248] Applying array_partition to 'w_local': Complete partitioning on dimension 1. (../gen/Hls_Layers_UpConv.tpp:128:16)
INFO: [HLS 214-376] automatically set the pipeline for Loop< WO_LOOP> at ../gen/Hls_Layers_UpConv.tpp:164:26 
INFO: [HLS 214-376] automatically set the pipeline for Loop< VITIS_LOOP_142_2> at ../gen/Hls_Layers_UpConv.tpp:142:35 
INFO: [HLS 214-376] automatically set the pipeline for Loop< LOAD_ROW0> at ../gen/Hls_Layers_UpConv.tpp:295:16 
INFO: [HLS 214-376] automatically set the pipeline for Loop< LOAD_ROW> at ../gen/Hls_Layers_UpConv.tpp:306:19 
INFO: [HLS 214-437] Automatically disabling loop flattening for loop 'ROW_LOOP'. (../gen/Hls_Layers_UpConv.tpp:304:15)
INFO: [HLS 214-115] Multiple burst reads of length 144 and bit width 256 in loop 'TILE_LOOP'(../gen/Hls_Layers_UpConv.tpp:135:13) has been inferred on bundle 'gmem_weight'. These burst requests might be further partitioned into multiple requests during RTL generation, based on max_read_burst_length or max_write_burst_length settings. (../gen/Hls_Layers_UpConv.tpp:135:13)
INFO: [HLS 214-115] Multiple burst writes of length 32 and bit width 256 in loop 'PIXEL_NORM'(../gen/Hls_Layers_UpConv.tpp:238:17) has been inferred on bundle 'gmem_out'. These burst requests might be further partitioned into multiple requests during RTL generation, based on max_read_burst_length or max_write_burst_length settings. (../gen/Hls_Layers_UpConv.tpp:238:17)
INFO: [HLS 214-115] Multiple burst reads of length 16 and bit width 256 in loop 'LOAD_ROW0'(../gen/Hls_Layers_UpConv.tpp:295:16) has been inferred on bundle 'gmem_in'. These burst requests might be further partitioned into multiple requests during RTL generation, based on max_read_burst_length or max_write_burst_length settings. (../gen/Hls_Layers_UpConv.tpp:295:16)
INFO: [HLS 200-111] Finished Compiling Optimization and Transform: CPU user time: 2.04 seconds. CPU system time: 0.33 seconds. Elapsed time: 6.97 seconds; current allocated memory: 332.449 MB.
INFO: [HLS 200-111] Finished Checking Pragmas: CPU user time: 0 seconds. CPU system time: 0 seconds. Elapsed time: 0 seconds; current allocated memory: 332.449 MB.
INFO: [HLS 200-10] Starting code transformations ...
INFO: [HLS 200-111] Finished Standard Transforms: CPU user time: 0.05 seconds. CPU system time: 0.01 seconds. Elapsed time: 0.08 seconds; current allocated memory: 335.070 MB.
INFO: [HLS 200-10] Checking synthesizability ...
WARNING: [SYNCHK 200-23] ../gen/Hls_Layers_UpConv.tpp:245: variable-indexed range selection may cause suboptimal QoR.
INFO: [SYNCHK 200-10] 0 error(s), 1 warning(s).
INFO: [HLS 200-111] Finished Checking Synthesizability: CPU user time: 0.05 seconds. CPU system time: 0 seconds. Elapsed time: 0.05 seconds; current allocated memory: 335.734 MB.
WARNING: [XFORM 203-561] Updating loop lower bound from 0 to 32 for loop 'WO_LOOP' (../gen/Hls_Layers_UpConv.tpp:164:35) in function 'UpConv_Fused_Row<8, 16, 16, 16, 16>'.
WARNING: [XFORM 203-561] Updating loop lower bound from 0 to 3 for loop 'KW_LOOP' (../gen/Hls_Layers_UpConv.tpp:161:31) in function 'UpConv_Fused_Row<8, 16, 16, 16, 16>'.
WARNING: [XFORM 203-561] Updating loop lower bound from 0 to 3 for loop 'KH_LOOP' (../gen/Hls_Layers_UpConv.tpp:154:27) in function 'UpConv_Fused_Row<8, 16, 16, 16, 16>'.
WARNING: [XFORM 203-561] Updating loop lower bound from 0 to 2 for loop 'TILE_LOOP' (../gen/Hls_Layers_UpConv.tpp:135:22) in function 'UpConv_Fused_Row<8, 16, 16, 16, 16>'.
INFO: [HLS 200-111] Finished Loop, function and other optimizations: CPU user time: 0.22 seconds. CPU system time: 0 seconds. Elapsed time: 0.24 seconds; current allocated memory: 362.398 MB.
INFO: [HLS 200-2061] Successfully converted nested loops 'PRELOAD_W'(../gen/Hls_Layers_UpConv.tpp:139:20) and 'VITIS_LOOP_142_2'(../gen/Hls_Layers_UpConv.tpp:142:35) in function 'UpConv_Fused_Row<8, 16, 16, 16, 16>' into perfectly nested loops.
INFO: [HLS 200-2061] Successfully converted nested loops 'KW_LOOP'(../gen/Hls_Layers_UpConv.tpp:161:22) and 'WO_LOOP'(../gen/Hls_Layers_UpConv.tpp:164:26) in function 'UpConv_Fused_Row<8, 16, 16, 16, 16>' into perfectly nested loops.
INFO: [HLS 200-2061] Successfully converted nested loops 'PIXEL_NORM'(../gen/Hls_Layers_UpConv.tpp:238:17) and 'BIAS_STATS'(../gen/Hls_Layers_UpConv.tpp:242:21) in function 'UpConv_Fused_Row<8, 16, 16, 16, 16>' into perfectly nested loops.
INFO: [XFORM 203-541] Flattening a loop nest 'PRELOAD_W' (../gen/Hls_Layers_UpConv.tpp:139:20) in function 'UpConv_Fused_Row<8, 16, 16, 16, 16>'.
INFO: [XFORM 203-541] Flattening a loop nest 'KW_LOOP' (../gen/Hls_Layers_UpConv.tpp:161:22) in function 'UpConv_Fused_Row<8, 16, 16, 16, 16>'.
WARNING: [HLS 200-960] Cannot flatten loop 'KH_LOOP' (../gen/Hls_Layers_UpConv.tpp:154:18) in function 'UpConv_Fused_Row<8, 16, 16, 16, 16>' the outer loop is not a perfect loop because there is nontrivial logic before entering the inner loop.
Resolution: For help on HLS 200-960 see docs.xilinx.com/access/sources/dita/topic?Doc_Version=2024.2%20English&url=ug1448-hls-guidance&resourceid=200-960.html
INFO: [XFORM 203-541] Flattening a loop nest 'PIXEL_NORM' (../gen/Hls_Layers_UpConv.tpp:238:17) in function 'UpConv_Fused_Row<8, 16, 16, 16, 16>'.
INFO: [HLS 200-111] Finished Architecture Synthesis: CPU user time: 0.2 seconds. CPU system time: 0.01 seconds. Elapsed time: 0.21 seconds; current allocated memory: 410.934 MB.
INFO: [HLS 200-10] Starting hardware synthesis ...
INFO: [HLS 200-10] Synthesizing 'upconv_core_top_ucb0' ...
WARNING: [SYN 201-103] Legalizing function name 'UpConv_Fused_Row<8, 16, 16, 16, 16>_Pipeline_RESET_ROW_ACC' to 'UpConv_Fused_Row_8_16_16_16_16_Pipeline_RESET_ROW_ACC'.
WARNING: [SYN 201-103] Legalizing function name 'UpConv_Fused_Row<8, 16, 16, 16, 16>_Pipeline_PRELOAD_W_VITIS_LOOP_142_2' to 'UpConv_Fused_Row_8_16_16_16_16_Pipeline_PRELOAD_W_VITIS_LOOP_142_2'.
WARNING: [SYN 201-103] Legalizing function name 'UpConv_Fused_Row<8, 16, 16, 16, 16>_Pipeline_KW_LOOP_WO_LOOP' to 'UpConv_Fused_Row_8_16_16_16_16_Pipeline_KW_LOOP_WO_LOOP'.
WARNING: [SYN 201-103] Legalizing function name 'UpConv_Fused_Row<8, 16, 16, 16, 16>' to 'UpConv_Fused_Row_8_16_16_16_16_s'.
INFO: [HLS 200-10] ----------------------------------------------------------------
INFO: [HLS 200-42] -- Implementing module 'upconv_core_top_ucb0_Pipeline_LOAD_ROW0' 
INFO: [HLS 200-10] ----------------------------------------------------------------
INFO: [SCHED 204-11] Starting scheduling ...
WARNING: [HLS 200-2042] Usage of URAM can potentially cause worse II as Vitis HLS does not exploit read-first mode for URAMs. Consider using BRAMs instead.
INFO: [SCHED 204-61] Pipelining loop 'LOAD_ROW0'.
INFO: [HLS 200-1470] Pipelining result : Target II = NA, Final II = 1, Depth = 3, loop 'LOAD_ROW0'
INFO: [SCHED 204-11] Finished scheduling.
INFO: [HLS 200-111] Finished Scheduling: CPU user time: 0.05 seconds. CPU system time: 0.02 seconds. Elapsed time: 0.09 seconds; current allocated memory: 411.398 MB.
INFO: [BIND 205-100] Starting micro-architecture generation ...
INFO: [BIND 205-101] Performing variable lifetime analysis.
INFO: [BIND 205-101] Exploring resource sharing.
INFO: [BIND 205-101] Binding ...
INFO: [BIND 205-100] Finished micro-architecture generation.
INFO: [HLS 200-111] Finished Binding: CPU user time: 0.01 seconds. CPU system time: 0 seconds. Elapsed time: 0.02 seconds; current allocated memory: 411.398 MB.
INFO: [HLS 200-10] ----------------------------------------------------------------
INFO: [HLS 200-42] -- Implementing module 'UpConv_Fused_Row_8_16_16_16_16_Pipeline_RESET_ROW_ACC' 
INFO: [HLS 200-10] ----------------------------------------------------------------
INFO: [SCHED 204-11] Starting scheduling ...
WARNING: [HLS 200-2042] Usage of URAM can potentially cause worse II as Vitis HLS does not exploit read-first mode for URAMs. Consider using BRAMs instead.
WARNING: [HLS 200-2042] Usage of URAM can potentially cause worse II as Vitis HLS does not exploit read-first mode for URAMs. Consider using BRAMs instead.
WARNING: [HLS 200-2042] Usage of URAM can potentially cause worse II as Vitis HLS does not exploit read-first mode for URAMs. Consider using BRAMs instead.
WARNING: [HLS 200-2042] Usage of URAM can potentially cause worse II as Vitis HLS does not exploit read-first mode for URAMs. Consider using BRAMs instead.
WARNING: [HLS 200-2042] Usage of URAM can potentially cause worse II as Vitis HLS does not exploit read-first mode for URAMs. Consider using BRAMs instead.
WARNING: [HLS 200-2042] Usage of URAM can potentially cause worse II as Vitis HLS does not exploit read-first mode for URAMs. Consider using BRAMs instead.
WARNING: [HLS 200-2042] Usage of URAM can potentially cause worse II as Vitis HLS does not exploit read-first mode for URAMs. Consider using BRAMs instead.
WARNING: [HLS 200-2042] Usage of URAM can potentially cause worse II as Vitis HLS does not exploit read-first mode for URAMs. Consider using BRAMs instead.
WARNING: [HLS 200-2042] Usage of URAM can potentially cause worse II as Vitis HLS does not exploit read-first mode for URAMs. Consider using BRAMs instead.
WARNING: [HLS 200-2042] Usage of URAM can potentially cause worse II as Vitis HLS does not exploit read-first mode for URAMs. Consider using BRAMs instead.
WARNING: [HLS 200-2042] Usage of URAM can potentially cause worse II as Vitis HLS does not exploit read-first mode for URAMs. Consider using BRAMs instead.
WARNING: [HLS 200-2042] Usage of URAM can potentially cause worse II as Vitis HLS does not exploit read-first mode for URAMs. Consider using BRAMs instead.
WARNING: [HLS 200-2042] Usage of URAM can potentially cause worse II as Vitis HLS does not exploit read-first mode for URAMs. Consider using BRAMs instead.
WARNING: [HLS 200-2042] Usage of URAM can potentially cause worse II as Vitis HLS does not exploit read-first mode for URAMs. Consider using BRAMs instead.
WARNING: [HLS 200-2042] Usage of URAM can potentially cause worse II as Vitis HLS does not exploit read-first mode for URAMs. Consider using BRAMs instead.
WARNING: [HLS 200-2042] Usage of URAM can potentially cause worse II as Vitis HLS does not exploit read-first mode for URAMs. Consider using BRAMs instead.
INFO: [SCHED 204-61] Pipelining loop 'RESET_ROW_ACC'.
INFO: [HLS 200-1470] Pipelining result : Target II = 1, Final II = 1, Depth = 2, loop 'RESET_ROW_ACC'
INFO: [SCHED 204-11] Finished scheduling.
INFO: [HLS 200-111] Finished Scheduling: CPU user time: 0.03 seconds. CPU system time: 0 seconds. Elapsed time: 0.03 seconds; current allocated memory: 411.789 MB.
INFO: [BIND 205-100] Starting micro-architecture generation ...
INFO: [BIND 205-101] Performing variable lifetime analysis.
INFO: [BIND 205-101] Exploring resource sharing.
INFO: [BIND 205-101] Binding ...
INFO: [BIND 205-100] Finished micro-architecture generation.
INFO: [HLS 200-111] Finished Binding: CPU user time: 0.01 seconds. CPU system time: 0 seconds. Elapsed time: 0.02 seconds; current allocated memory: 411.789 MB.
INFO: [HLS 200-10] ----------------------------------------------------------------
INFO: [HLS 200-42] -- Implementing module 'UpConv_Fused_Row_8_16_16_16_16_Pipeline_PRELOAD_W_VITIS_LOOP_142_2' 
INFO: [HLS 200-10] ----------------------------------------------------------------
INFO: [SCHED 204-11] Starting scheduling ...
INFO: [SCHED 204-61] Pipelining loop 'PRELOAD_W_VITIS_LOOP_142_2'.
INFO: [HLS 200-1470] Pipelining result : Target II = NA, Final II = 1, Depth = 3, loop 'PRELOAD_W_VITIS_LOOP_142_2'
INFO: [SCHED 204-11] Finished scheduling.
INFO: [HLS 200-111] Finished Scheduling: CPU user time: 0.04 seconds. CPU system time: 0 seconds. Elapsed time: 0.03 seconds; current allocated memory: 412.500 MB.
INFO: [BIND 205-100] Starting micro-architecture generation ...
INFO: [BIND 205-101] Performing variable lifetime analysis.
INFO: [BIND 205-101] Exploring resource sharing.
INFO: [BIND 205-101] Binding ...
INFO: [BIND 205-100] Finished micro-architecture generation.
INFO: [HLS 200-111] Finished Binding: CPU user time: 0.01 seconds. CPU system time: 0 seconds. Elapsed time: 0.02 seconds; current allocated memory: 412.500 MB.
INFO: [HLS 200-10] ----------------------------------------------------------------
INFO: [HLS 200-42] -- Implementing module 'UpConv_Fused_Row_8_16_16_16_16_Pipeline_KW_LOOP_WO_LOOP' 
INFO: [HLS 200-10] ----------------------------------------------------------------
INFO: [SCHED 204-11] Starting scheduling ...
WARNING: [HLS 200-2042] Usage of URAM can potentially cause worse II as Vitis HLS does not exploit read-first mode for URAMs. Consider using BRAMs instead.
WARNING: [HLS 200-2042] Usage of URAM can potentially cause worse II as Vitis HLS does not exploit read-first mode for URAMs. Consider using BRAMs instead.
WARNING: [HLS 200-2042] Usage of URAM can potentially cause worse II as Vitis HLS does not exploit read-first mode for URAMs. Consider using BRAMs instead.
WARNING: [HLS 200-2042] Usage of URAM can potentially cause worse II as Vitis HLS does not exploit read-first mode for URAMs. Consider using BRAMs instead.
WARNING: [HLS 200-2042] Usage of URAM can potentially cause worse II as Vitis HLS does not exploit read-first mode for URAMs. Consider using BRAMs instead.
WARNING: [HLS 200-2042] Usage of URAM can potentially cause worse II as Vitis HLS does not exploit read-first mode for URAMs. Consider using BRAMs instead.
WARNING: [HLS 200-2042] Usage of URAM can potentially cause worse II as Vitis HLS does not exploit read-first mode for URAMs. Consider using BRAMs instead.
WARNING: [HLS 200-2042] Usage of URAM can potentially cause worse II as Vitis HLS does not exploit read-first mode for URAMs. Consider using BRAMs instead.
WARNING: [HLS 200-2042] Usage of URAM can potentially cause worse II as Vitis HLS does not exploit read-first mode for URAMs. Consider using BRAMs instead.
WARNING: [HLS 200-2042] Usage of URAM can potentially cause worse II as Vitis HLS does not exploit read-first mode for URAMs. Consider using BRAMs instead.
WARNING: [HLS 200-2042] Usage of URAM can potentially cause worse II as Vitis HLS does not exploit read-first mode for URAMs. Consider using BRAMs instead.
WARNING: [HLS 200-2042] Usage of URAM can potentially cause worse II as Vitis HLS does not exploit read-first mode for URAMs. Consider using BRAMs instead.
WARNING: [HLS 200-2042] Usage of URAM can potentially cause worse II as Vitis HLS does not exploit read-first mode for URAMs. Consider using BRAMs instead.
WARNING: [HLS 200-2042] Usage of URAM can potentially cause worse II as Vitis HLS does not exploit read-first mode for URAMs. Consider using BRAMs instead.
WARNING: [HLS 200-2042] Usage of URAM can potentially cause worse II as Vitis HLS does not exploit read-first mode for URAMs. Consider using BRAMs instead.
WARNING: [HLS 200-2042] Usage of URAM can potentially cause worse II as Vitis HLS does not exploit read-first mode for URAMs. Consider using BRAMs instead.
WARNING: [HLS 200-2042] Usage of URAM can potentially cause worse II as Vitis HLS does not exploit read-first mode for URAMs. Consider using BRAMs instead.
WARNING: [HLS 200-2042] Usage of URAM can potentially cause worse II as Vitis HLS does not exploit read-first mode for URAMs. Consider using BRAMs instead.
WARNING: [HLS 200-2042] Usage of URAM can potentially cause worse II as Vitis HLS does not exploit read-first mode for URAMs. Consider using BRAMs instead.
WARNING: [HLS 200-2042] Usage of URAM can potentially cause worse II as Vitis HLS does not exploit read-first mode for URAMs. Consider using BRAMs instead.
WARNING: [HLS 200-2042] Usage of URAM can potentially cause worse II as Vitis HLS does not exploit read-first mode for URAMs. Consider using BRAMs instead.
WARNING: [HLS 200-2042] Usage of URAM can potentially cause worse II as Vitis HLS does not exploit read-first mode for URAMs. Consider using BRAMs instead.
WARNING: [HLS 200-2042] Usage of URAM can potentially cause worse II as Vitis HLS does not exploit read-first mode for URAMs. Consider using BRAMs instead.
WARNING: [HLS 200-2042] Usage of URAM can potentially cause worse II as Vitis HLS does not exploit read-first mode for URAMs. Consider using BRAMs instead.
WARNING: [HLS 200-2042] Usage of URAM can potentially cause worse II as Vitis HLS does not exploit read-first mode for URAMs. Consider using BRAMs instead.
WARNING: [HLS 200-2042] Usage of URAM can potentially cause worse II as Vitis HLS does not exploit read-first mode for URAMs. Consider using BRAMs instead.
WARNING: [HLS 200-2042] Usage of URAM can potentially cause worse II as Vitis HLS does not exploit read-first mode for URAMs. Consider using BRAMs instead.
WARNING: [HLS 200-2042] Usage of URAM can potentially cause worse II as Vitis HLS does not exploit read-first mode for URAMs. Consider using BRAMs instead.
WARNING: [HLS 200-2042] Usage of URAM can potentially cause worse II as Vitis HLS does not exploit read-first mode for URAMs. Consider using BRAMs instead.
WARNING: [HLS 200-2042] Usage of URAM can potentially cause worse II as Vitis HLS does not exploit read-first mode for URAMs. Consider using BRAMs instead.
WARNING: [HLS 200-2042] Usage of URAM can potentially cause worse II as Vitis HLS does not exploit read-first mode for URAMs. Consider using BRAMs instead.
WARNING: [HLS 200-2042] Usage of URAM can potentially cause worse II as Vitis HLS does not exploit read-first mode for URAMs. Consider using BRAMs instead.
WARNING: [HLS 200-2042] Usage of URAM can potentially cause worse II as Vitis HLS does not exploit read-first mode for URAMs. Consider using BRAMs instead.
INFO: [SCHED 204-61] Pipelining loop 'KW_LOOP_WO_LOOP'.
INFO: [HLS 200-1470] Pipelining result : Target II = NA, Final II = 1, Depth = 100, loop 'KW_LOOP_WO_LOOP'
INFO: [SCHED 204-11] Finished scheduling.
INFO: [HLS 200-111] Finished Scheduling: CPU user time: 0.28 seconds. CPU system time: 0.01 seconds. Elapsed time: 0.29 seconds; current allocated memory: 420.125 MB.
INFO: [BIND 205-100] Starting micro-architecture generation ...
INFO: [BIND 205-101] Performing variable lifetime analysis.
INFO: [BIND 205-101] Exploring resource sharing.
INFO: [BIND 205-101] Binding ...
INFO: [BIND 205-100] Finished micro-architecture generation.
INFO: [HLS 200-111] Finished Binding: CPU user time: 0.13 seconds. CPU system time: 0 seconds. Elapsed time: 0.13 seconds; current allocated memory: 421.102 MB.
INFO: [HLS 200-10] ----------------------------------------------------------------
INFO: [HLS 200-42] -- Implementing module 'UpConv_Fused_Row_8_16_16_16_16_s' 
INFO: [HLS 200-10] ----------------------------------------------------------------
INFO: [SCHED 204-11] Starting scheduling ...
WARNING: [HLS 200-2042] Usage of URAM can potentially cause worse II as Vitis HLS does not exploit read-first mode for URAMs. Consider using BRAMs instead.
WARNING: [HLS 200-2042] Usage of URAM can potentially cause worse II as Vitis HLS does not exploit read-first mode for URAMs. Consider using BRAMs instead.
WARNING: [HLS 200-2042] Usage of URAM can potentially cause worse II as Vitis HLS does not exploit read-first mode for URAMs. Consider using BRAMs instead.
WARNING: [HLS 200-2042] Usage of URAM can potentially cause worse II as Vitis HLS does not exploit read-first mode for URAMs. Consider using BRAMs instead.
WARNING: [HLS 200-2042] Usage of URAM can potentially cause worse II as Vitis HLS does not exploit read-first mode for URAMs. Consider using BRAMs instead.
WARNING: [HLS 200-2042] Usage of URAM can potentially cause worse II as Vitis HLS does not exploit read-first mode for URAMs. Consider using BRAMs instead.
WARNING: [HLS 200-2042] Usage of URAM can potentially cause worse II as Vitis HLS does not exploit read-first mode for URAMs. Consider using BRAMs instead.
WARNING: [HLS 200-2042] Usage of URAM can potentially cause worse II as Vitis HLS does not exploit read-first mode for URAMs. Consider using BRAMs instead.
WARNING: [HLS 200-2042] Usage of URAM can potentially cause worse II as Vitis HLS does not exploit read-first mode for URAMs. Consider using BRAMs instead.
WARNING: [HLS 200-2042] Usage of URAM can potentially cause worse II as Vitis HLS does not exploit read-first mode for URAMs. Consider using BRAMs instead.
WARNING: [HLS 200-2042] Usage of URAM can potentially cause worse II as Vitis HLS does not exploit read-first mode for URAMs. Consider using BRAMs instead.
WARNING: [HLS 200-2042] Usage of URAM can potentially cause worse II as Vitis HLS does not exploit read-first mode for URAMs. Consider using BRAMs instead.
WARNING: [HLS 200-2042] Usage of URAM can potentially cause worse II as Vitis HLS does not exploit read-first mode for URAMs. Consider using BRAMs instead.
WARNING: [HLS 200-2042] Usage of URAM can potentially cause worse II as Vitis HLS does not exploit read-first mode for URAMs. Consider using BRAMs instead.
WARNING: [HLS 200-2042] Usage of URAM can potentially cause worse II as Vitis HLS does not exploit read-first mode for URAMs. Consider using BRAMs instead.
WARNING: [HLS 200-2042] Usage of URAM can potentially cause worse II as Vitis HLS does not exploit read-first mode for URAMs. Consider using BRAMs instead.
WARNING: [HLS 200-2042] Usage of URAM can potentially cause worse II as Vitis HLS does not exploit read-first mode for URAMs. Consider using BRAMs instead.
WARNING: [HLS 200-2042] Usage of URAM can potentially cause worse II as Vitis HLS does not exploit read-first mode for URAMs. Consider using BRAMs instead.
WARNING: [HLS 200-2042] Usage of URAM can potentially cause worse II as Vitis HLS does not exploit read-first mode for URAMs. Consider using BRAMs instead.
WARNING: [HLS 200-2042] Usage of URAM can potentially cause worse II as Vitis HLS does not exploit read-first mode for URAMs. Consider using BRAMs instead.
WARNING: [HLS 200-2042] Usage of URAM can potentially cause worse II as Vitis HLS does not exploit read-first mode for URAMs. Consider using BRAMs instead.
WARNING: [HLS 200-2042] Usage of URAM can potentially cause worse II as Vitis HLS does not exploit read-first mode for URAMs. Consider using BRAMs instead.
WARNING: [HLS 200-2042] Usage of URAM can potentially cause worse II as Vitis HLS does not exploit read-first mode for URAMs. Consider using BRAMs instead.
WARNING: [HLS 200-2042] Usage of URAM can potentially cause worse II as Vitis HLS does not exploit read-first mode for URAMs. Consider using BRAMs instead.
WARNING: [HLS 200-2042] Usage of URAM can potentially cause worse II as Vitis HLS does not exploit read-first mode for URAMs. Consider using BRAMs instead.
WARNING: [HLS 200-2042] Usage of URAM can potentially cause worse II as Vitis HLS does not exploit read-first mode for URAMs. Consider using BRAMs instead.
WARNING: [HLS 200-2042] Usage of URAM can potentially cause worse II as Vitis HLS does not exploit read-first mode for URAMs. Consider using BRAMs instead.
WARNING: [HLS 200-2042] Usage of URAM can potentially cause worse II as Vitis HLS does not exploit read-first mode for URAMs. Consider using BRAMs instead.
WARNING: [HLS 200-2042] Usage of URAM can potentially cause worse II as Vitis HLS does not exploit read-first mode for URAMs. Consider using BRAMs instead.
WARNING: [HLS 200-2042] Usage of URAM can potentially cause worse II as Vitis HLS does not exploit read-first mode for URAMs. Consider using BRAMs instead.
WARNING: [HLS 200-2042] Usage of URAM can potentially cause worse II as Vitis HLS does not exploit read-first mode for URAMs. Consider using BRAMs instead.
WARNING: [HLS 200-2042] Usage of URAM can potentially cause worse II as Vitis HLS does not exploit read-first mode for URAMs. Consider using BRAMs instead.
INFO: [SCHED 204-61] Pipelining loop 'PIXEL_NORM_BIAS_STATS'.
WARNING: [HLS 200-880] The II Violation in module 'UpConv_Fused_Row_8_16_16_16_16_s' (loop 'PIXEL_NORM_BIAS_STATS'): Unable to enforce a carried dependence constraint (II = 1, distance = 1, offset = 1) between 'store' operation 0 bit ('p_ZZ16UpConv_Fused_RowILi8ELi16ELi16ELi16ELi16EEvP7ap_uintILi256EEPKS1_S4_S4_S4_S_29_write_ln247', ../gen/Hls_Layers_UpConv.tpp:247) of variable 'val', ../gen/Hls_Layers_UpConv.tpp:246 on array 'p_ZZ16UpConv_Fused_RowILi8ELi16ELi16ELi16ELi16EEvP7ap_uintILi256EEPKS1_S4_S4_S4_S' and 'load' operation 16 bit ('p_ZZ16UpConv_Fused_RowILi8ELi16ELi16ELi16ELi16EEvP7ap_uintILi256EEPKS1_S4_S4_S4_S_35', ../gen/Hls_Layers_UpConv.tpp:246) on array 'p_ZZ16UpConv_Fused_RowILi8ELi16ELi16ELi16ELi16EEvP7ap_uintILi256EEPKS1_S4_S4_S4_S'.
Resolution: For help on HLS 200-880 see docs.xilinx.com/access/sources/dita/topic?Doc_Version=2024.2%20English&url=ug1448-hls-guidance&resourceid=200-880.html
WARNING: [HLS 200-880] The II Violation in module 'UpConv_Fused_Row_8_16_16_16_16_s' (loop 'PIXEL_NORM_BIAS_STATS'): Unable to enforce a carried dependence constraint (II = 2, distance = 1, offset = 1) between 'store' operation 0 bit ('p_ZZ16UpConv_Fused_RowILi8ELi16ELi16ELi16ELi16EEvP7ap_uintILi256EEPKS1_S4_S4_S4_S_29_write_ln247', ../gen/Hls_Layers_UpConv.tpp:247) of variable 'val', ../gen/Hls_Layers_UpConv.tpp:246 on array 'p_ZZ16UpConv_Fused_RowILi8ELi16ELi16ELi16ELi16EEvP7ap_uintILi256EEPKS1_S4_S4_S4_S' and 'load' operation 16 bit ('p_ZZ16UpConv_Fused_RowILi8ELi16ELi16ELi16ELi16EEvP7ap_uintILi256EEPKS1_S4_S4_S4_S_35', ../gen/Hls_Layers_UpConv.tpp:246) on array 'p_ZZ16UpConv_Fused_RowILi8ELi16ELi16ELi16ELi16EEvP7ap_uintILi256EEPKS1_S4_S4_S4_S'.
Resolution: For help on HLS 200-880 see docs.xilinx.com/access/sources/dita/topic?Doc_Version=2024.2%20English&url=ug1448-hls-guidance&resourceid=200-880.html
WARNING: [HLS 200-880] The II Violation in module 'UpConv_Fused_Row_8_16_16_16_16_s' (loop 'PIXEL_NORM_BIAS_STATS'): Unable to enforce a carried dependence constraint (II = 3, distance = 1, offset = 1) between 'store' operation 0 bit ('p_ZZ16UpConv_Fused_RowILi8ELi16ELi16ELi16ELi16EEvP7ap_uintILi256EEPKS1_S4_S4_S4_S_29_write_ln247', ../gen/Hls_Layers_UpConv.tpp:247) of variable 'val', ../gen/Hls_Layers_UpConv.tpp:246 on array 'p_ZZ16UpConv_Fused_RowILi8ELi16ELi16ELi16ELi16EEvP7ap_uintILi256EEPKS1_S4_S4_S4_S' and 'load' operation 16 bit ('p_ZZ16UpConv_Fused_RowILi8ELi16ELi16ELi16ELi16EEvP7ap_uintILi256EEPKS1_S4_S4_S4_S_35', ../gen/Hls_Layers_UpConv.tpp:246) on array 'p_ZZ16UpConv_Fused_RowILi8ELi16ELi16ELi16ELi16EEvP7ap_uintILi256EEPKS1_S4_S4_S4_S'.
Resolution: For help on HLS 200-880 see docs.xilinx.com/access/sources/dita/topic?Doc_Version=2024.2%20English&url=ug1448-hls-guidance&resourceid=200-880.html
WARNING: [HLS 200-880] The II Violation in module 'UpConv_Fused_Row_8_16_16_16_16_s' (loop 'PIXEL_NORM_BIAS_STATS'): Unable to enforce a carried dependence constraint (II = 4, distance = 1, offset = 1) between 'store' operation 0 bit ('p_ZZ16UpConv_Fused_RowILi8ELi16ELi16ELi16ELi16EEvP7ap_uintILi256EEPKS1_S4_S4_S4_S_29_write_ln247', ../gen/Hls_Layers_UpConv.tpp:247) of variable 'val', ../gen/Hls_Layers_UpConv.tpp:246 on array 'p_ZZ16UpConv_Fused_RowILi8ELi16ELi16ELi16ELi16EEvP7ap_uintILi256EEPKS1_S4_S4_S4_S' and 'load' operation 16 bit ('p_ZZ16UpConv_Fused_RowILi8ELi16ELi16ELi16ELi16EEvP7ap_uintILi256EEPKS1_S4_S4_S4_S_35', ../gen/Hls_Layers_UpConv.tpp:246) on array 'p_ZZ16UpConv_Fused_RowILi8ELi16ELi16ELi16ELi16EEvP7ap_uintILi256EEPKS1_S4_S4_S4_S'.
Resolution: For help on HLS 200-880 see docs.xilinx.com/access/sources/dita/topic?Doc_Version=2024.2%20English&url=ug1448-hls-guidance&resourceid=200-880.html
WARNING: [HLS 200-880] The II Violation in module 'UpConv_Fused_Row_8_16_16_16_16_s' (loop 'PIXEL_NORM_BIAS_STATS'): Unable to enforce a carried dependence constraint (II = 5, distance = 1, offset = 0) between 'store' operation 0 bit ('sum_write_ln240', ../gen/Hls_Layers_UpConv.tpp:240) of variable 'sum', ../gen/Hls_Layers_UpConv.tpp:249 on local variable 'sum', ../gen/Hls_Layers_UpConv.tpp:240 and 'load' operation 32 bit ('sum_load', ../gen/Hls_Layers_UpConv.tpp:239) on local variable 'sum', ../gen/Hls_Layers_UpConv.tpp:240.
Resolution: For help on HLS 200-880 see docs.xilinx.com/access/sources/dita/topic?Doc_Version=2024.2%20English&url=ug1448-hls-guidance&resourceid=200-880.html
WARNING: [HLS 200-880] The II Violation in module 'UpConv_Fused_Row_8_16_16_16_16_s' (loop 'PIXEL_NORM_BIAS_STATS'): Unable to enforce a carried dependence constraint (II = 6, distance = 1, offset = 0) between 'store' operation 0 bit ('sum_write_ln240', ../gen/Hls_Layers_UpConv.tpp:240) of variable 'sum', ../gen/Hls_Layers_UpConv.tpp:249 on local variable 'sum', ../gen/Hls_Layers_UpConv.tpp:240 and 'load' operation 32 bit ('sum_load', ../gen/Hls_Layers_UpConv.tpp:239) on local variable 'sum', ../gen/Hls_Layers_UpConv.tpp:240.
Resolution: For help on HLS 200-880 see docs.xilinx.com/access/sources/dita/topic?Doc_Version=2024.2%20English&url=ug1448-hls-guidance&resourceid=200-880.html
INFO: [HLS 200-1470] Pipelining result : Target II = 1, Final II = 7, Depth = 139, loop 'PIXEL_NORM_BIAS_STATS'
WARNING: [HLS 200-871] Estimated clock period (2.741 ns) exceeds the target (target clock period: 3.333 ns, clock uncertainty: 0.900 ns, effective delay budget: 2.433 ns).
Resolution: For help on HLS 200-871 see docs.xilinx.com/access/sources/dita/topic?Doc_Version=2024.2%20English&url=ug1448-hls-guidance&resourceid=200-871.html
WARNING: [HLS 200-1016] The critical path in module 'UpConv_Fused_Row_8_16_16_16_16_s' consists of the following:
	'load' operation 32 bit ('sum_load', ../gen/Hls_Layers_UpConv.tpp:239) on local variable 'sum', ../gen/Hls_Layers_UpConv.tpp:240 [230]  (0.000 ns)
	'select' operation 32 bit ('select_ln239_2', ../gen/Hls_Layers_UpConv.tpp:239) [240]  (0.449 ns)
	'fadd' operation 32 bit ('sum', ../gen/Hls_Layers_UpConv.tpp:249) [352]  (2.292 ns)

Resolution: For help on HLS 200-1016 see docs.xilinx.com/access/sources/dita/topic?Doc_Version=2024.2%20English&url=ug1448-hls-guidance&resourceid=200-1016.html
INFO: [SCHED 204-11] Finished scheduling.
INFO: [HLS 200-111] Finished Scheduling: CPU user time: 0.38 seconds. CPU system time: 0.01 seconds. Elapsed time: 0.39 seconds; current allocated memory: 428.207 MB.
INFO: [BIND 205-100] Starting micro-architecture generation ...
INFO: [BIND 205-101] Performing variable lifetime analysis.
INFO: [BIND 205-101] Exploring resource sharing.
INFO: [BIND 205-101] Binding ...
INFO: [BIND 205-100] Finished micro-architecture generation.
INFO: [HLS 200-111] Finished Binding: CPU user time: 0.09 seconds. CPU system time: 0 seconds. Elapsed time: 0.1 seconds; current allocated memory: 428.207 MB.
INFO: [HLS 200-10] ----------------------------------------------------------------
INFO: [HLS 200-42] -- Implementing module 'upconv_core_top_ucb0_Pipeline_LOAD_ROW' 
INFO: [HLS 200-10] ----------------------------------------------------------------
INFO: [SCHED 204-11] Starting scheduling ...
WARNING: [HLS 200-2042] Usage of URAM can potentially cause worse II as Vitis HLS does not exploit read-first mode for URAMs. Consider using BRAMs instead.
INFO: [SCHED 204-61] Pipelining loop 'LOAD_ROW'.
INFO: [HLS 200-1470] Pipelining result : Target II = NA, Final II = 1, Depth = 11, loop 'LOAD_ROW'
INFO: [SCHED 204-11] Finished scheduling.
INFO: [HLS 200-111] Finished Scheduling: CPU user time: 0.06 seconds. CPU system time: 0 seconds. Elapsed time: 0.07 seconds; current allocated memory: 428.953 MB.
INFO: [BIND 205-100] Starting micro-architecture generation ...
INFO: [BIND 205-101] Performing variable lifetime analysis.
INFO: [BIND 205-101] Exploring resource sharing.
INFO: [BIND 205-101] Binding ...
INFO: [BIND 205-100] Finished micro-architecture generation.
INFO: [HLS 200-111] Finished Binding: CPU user time: 0.01 seconds. CPU system time: 0 seconds. Elapsed time: 0.02 seconds; current allocated memory: 428.953 MB.
INFO: [HLS 200-10] ----------------------------------------------------------------
INFO: [HLS 200-42] -- Implementing module 'upconv_core_top_ucb0' 
INFO: [HLS 200-10] ----------------------------------------------------------------
INFO: [SCHED 204-11] Starting scheduling ...
INFO: [SCHED 204-11] Finished scheduling.
INFO: [HLS 200-111] Finished Scheduling: CPU user time: 0.02 seconds. CPU system time: 0 seconds. Elapsed time: 0.03 seconds; current allocated memory: 429.227 MB.
INFO: [BIND 205-100] Starting micro-architecture generation ...
INFO: [BIND 205-101] Performing variable lifetime analysis.
INFO: [BIND 205-101] Exploring resource sharing.
INFO: [BIND 205-101] Binding ...
INFO: [BIND 205-100] Finished micro-architecture generation.
INFO: [HLS 200-111] Finished Binding: CPU user time: 0.03 seconds. CPU system time: 0 seconds. Elapsed time: 0.02 seconds; current allocated memory: 429.227 MB.
INFO: [HLS 200-10] ----------------------------------------------------------------
INFO: [HLS 200-10] -- Generating RTL for module 'upconv_core_top_ucb0_Pipeline_LOAD_ROW0' 
INFO: [HLS 200-10] ----------------------------------------------------------------
INFO: [HLS 200-1030] Apply Unified Pipeline Control on module 'upconv_core_top_ucb0_Pipeline_LOAD_ROW0' pipeline 'LOAD_ROW0' pipeline type 'loop pipeline'
WARNING: [RTGEN 206-101] Setting dangling out port 'upconv_core_top_ucb0_Pipeline_LOAD_ROW0/m_axi_gmem_in_0_ARVALID' to 0.
WARNING: [RTGEN 206-101] Setting dangling out port 'upconv_core_top_ucb0_Pipeline_LOAD_ROW0/m_axi_gmem_in_0_ARADDR' to 0.
WARNING: [RTGEN 206-101] Setting dangling out port 'upconv_core_top_ucb0_Pipeline_LOAD_ROW0/m_axi_gmem_in_0_ARID' to 0.
WARNING: [RTGEN 206-101] Setting dangling out port 'upconv_core_top_ucb0_Pipeline_LOAD_ROW0/m_axi_gmem_in_0_ARLEN' to 0.
WARNING: [RTGEN 206-101] Setting dangling out port 'upconv_core_top_ucb0_Pipeline_LOAD_ROW0/m_axi_gmem_in_0_ARSIZE' to 0.
WARNING: [RTGEN 206-101] Setting dangling out port 'upconv_core_top_ucb0_Pipeline_LOAD_ROW0/m_axi_gmem_in_0_ARBURST' to 0.
WARNING: [RTGEN 206-101] Setting dangling out port 'upconv_core_top_ucb0_Pipeline_LOAD_ROW0/m_axi_gmem_in_0_ARLOCK' to 0.
WARNING: [RTGEN 206-101] Setting dangling out port 'upconv_core_top_ucb0_Pipeline_LOAD_ROW0/m_axi_gmem_in_0_ARCACHE' to 0.
WARNING: [RTGEN 206-101] Setting dangling out port 'upconv_core_top_ucb0_Pipeline_LOAD_ROW0/m_axi_gmem_in_0_ARPROT' to 0.
WARNING: [RTGEN 206-101] Setting dangling out port 'upconv_core_top_ucb0_Pipeline_LOAD_ROW0/m_axi_gmem_in_0_ARQOS' to 0.
WARNING: [RTGEN 206-101] Setting dangling out port 'upconv_core_top_ucb0_Pipeline_LOAD_ROW0/m_axi_gmem_in_0_ARREGION' to 0.
WARNING: [RTGEN 206-101] Setting dangling out port 'upconv_core_top_ucb0_Pipeline_LOAD_ROW0/m_axi_gmem_in_0_ARUSER' to 0.
INFO: [RTGEN 206-100] Finished creating RTL model for 'upconv_core_top_ucb0_Pipeline_LOAD_ROW0'.
INFO: [HLS 200-111] Finished Creating RTL model: CPU user time: 0.05 seconds. CPU system time: 0.01 seconds. Elapsed time: 0.06 seconds; current allocated memory: 429.547 MB.
INFO: [HLS 200-10] ----------------------------------------------------------------
INFO: [HLS 200-10] -- Generating RTL for module 'UpConv_Fused_Row_8_16_16_16_16_Pipeline_RESET_ROW_ACC' 
INFO: [HLS 200-10] ----------------------------------------------------------------
INFO: [HLS 200-1030] Apply Unified Pipeline Control on module 'UpConv_Fused_Row_8_16_16_16_16_Pipeline_RESET_ROW_ACC' pipeline 'RESET_ROW_ACC' pipeline type 'loop pipeline'
INFO: [RTGEN 206-100] Finished creating RTL model for 'UpConv_Fused_Row_8_16_16_16_16_Pipeline_RESET_ROW_ACC'.
INFO: [HLS 200-111] Finished Creating RTL model: CPU user time: 0.04 seconds. CPU system time: 0 seconds. Elapsed time: 0.04 seconds; current allocated memory: 430.816 MB.
INFO: [HLS 200-10] ----------------------------------------------------------------
INFO: [HLS 200-10] -- Generating RTL for module 'UpConv_Fused_Row_8_16_16_16_16_Pipeline_PRELOAD_W_VITIS_LOOP_142_2' 
INFO: [HLS 200-10] ----------------------------------------------------------------
INFO: [HLS 200-1030] Apply Unified Pipeline Control on module 'UpConv_Fused_Row_8_16_16_16_16_Pipeline_PRELOAD_W_VITIS_LOOP_142_2' pipeline 'PRELOAD_W_VITIS_LOOP_142_2' pipeline type 'loop pipeline'
WARNING: [RTGEN 206-101] Setting dangling out port 'UpConv_Fused_Row_8_16_16_16_16_Pipeline_PRELOAD_W_VITIS_LOOP_142_2/m_axi_gmem_weight_0_ARVALID' to 0.
WARNING: [RTGEN 206-101] Setting dangling out port 'UpConv_Fused_Row_8_16_16_16_16_Pipeline_PRELOAD_W_VITIS_LOOP_142_2/m_axi_gmem_weight_0_ARADDR' to 0.
WARNING: [RTGEN 206-101] Setting dangling out port 'UpConv_Fused_Row_8_16_16_16_16_Pipeline_PRELOAD_W_VITIS_LOOP_142_2/m_axi_gmem_weight_0_ARID' to 0.
WARNING: [RTGEN 206-101] Setting dangling out port 'UpConv_Fused_Row_8_16_16_16_16_Pipeline_PRELOAD_W_VITIS_LOOP_142_2/m_axi_gmem_weight_0_ARLEN' to 0.
WARNING: [RTGEN 206-101] Setting dangling out port 'UpConv_Fused_Row_8_16_16_16_16_Pipeline_PRELOAD_W_VITIS_LOOP_142_2/m_axi_gmem_weight_0_ARSIZE' to 0.
WARNING: [RTGEN 206-101] Setting dangling out port 'UpConv_Fused_Row_8_16_16_16_16_Pipeline_PRELOAD_W_VITIS_LOOP_142_2/m_axi_gmem_weight_0_ARBURST' to 0.
WARNING: [RTGEN 206-101] Setting dangling out port 'UpConv_Fused_Row_8_16_16_16_16_Pipeline_PRELOAD_W_VITIS_LOOP_142_2/m_axi_gmem_weight_0_ARLOCK' to 0.
WARNING: [RTGEN 206-101] Setting dangling out port 'UpConv_Fused_Row_8_16_16_16_16_Pipeline_PRELOAD_W_VITIS_LOOP_142_2/m_axi_gmem_weight_0_ARCACHE' to 0.
WARNING: [RTGEN 206-101] Setting dangling out port 'UpConv_Fused_Row_8_16_16_16_16_Pipeline_PRELOAD_W_VITIS_LOOP_142_2/m_axi_gmem_weight_0_ARPROT' to 0.
WARNING: [RTGEN 206-101] Setting dangling out port 'UpConv_Fused_Row_8_16_16_16_16_Pipeline_PRELOAD_W_VITIS_LOOP_142_2/m_axi_gmem_weight_0_ARQOS' to 0.
WARNING: [RTGEN 206-101] Setting dangling out port 'UpConv_Fused_Row_8_16_16_16_16_Pipeline_PRELOAD_W_VITIS_LOOP_142_2/m_axi_gmem_weight_0_ARREGION' to 0.
WARNING: [RTGEN 206-101] Setting dangling out port 'UpConv_Fused_Row_8_16_16_16_16_Pipeline_PRELOAD_W_VITIS_LOOP_142_2/m_axi_gmem_weight_0_ARUSER' to 0.
INFO: [RTGEN 206-100] Finished creating RTL model for 'UpConv_Fused_Row_8_16_16_16_16_Pipeline_PRELOAD_W_VITIS_LOOP_142_2'.
INFO: [HLS 200-111] Finished Creating RTL model: CPU user time: 0.06 seconds. CPU system time: 0 seconds. Elapsed time: 0.07 seconds; current allocated memory: 432.398 MB.
INFO: [HLS 200-10] ----------------------------------------------------------------
INFO: [HLS 200-10] -- Generating RTL for module 'UpConv_Fused_Row_8_16_16_16_16_Pipeline_KW_LOOP_WO_LOOP' 
INFO: [HLS 200-10] ----------------------------------------------------------------
INFO: [HLS 200-1030] Apply Unified Pipeline Control on module 'UpConv_Fused_Row_8_16_16_16_16_Pipeline_KW_LOOP_WO_LOOP' pipeline 'KW_LOOP_WO_LOOP' pipeline type 'loop pipeline'
INFO: [RTGEN 206-104] Estimated max fanout for 'UpConv_Fused_Row_8_16_16_16_16_Pipeline_KW_LOOP_WO_LOOP' is 84983 from HDL expression: (1'b0 == ap_block_pp0_stage0_11001)
INFO: [RTGEN 206-100] Generating core module 'hadd_16ns_16ns_16_5_full_dsp_1': 144 instance(s).
INFO: [RTGEN 206-100] Generating core module 'hmul_16ns_16ns_16_4_max_dsp_1': 128 instance(s).
INFO: [RTGEN 206-100] Finished creating RTL model for 'UpConv_Fused_Row_8_16_16_16_16_Pipeline_KW_LOOP_WO_LOOP'.
INFO: [HLS 200-111] Finished Creating RTL model: CPU user time: 0.31 seconds. CPU system time: 0.02 seconds. Elapsed time: 0.33 seconds; current allocated memory: 456.570 MB.
INFO: [HLS 200-10] ----------------------------------------------------------------
INFO: [HLS 200-10] -- Generating RTL for module 'UpConv_Fused_Row_8_16_16_16_16_s' 
INFO: [HLS 200-10] ----------------------------------------------------------------
INFO: [SYN 201-210] Renamed object name 'UpConv_Fused_Row_8_16_16_16_16_s_void_UpConv_Fused_Row_ap_uint_ap_uint_const_ap_uint_const_ap_uint_const_ap_u_9_RAM_T2P_URAM_1R1W' to 'UpConv_Fused_Row_8_16_16_16_16_s_void_UpConv_Fused_Row_ap_uint_ap_uint_const_bkb' due to the length limit 80
INFO: [SYN 201-210] Renamed object name 'UpConv_Fused_Row_8_16_16_16_16_s_void_UpConv_Fused_Row_ap_uint_ap_uint_const_ap_uint_const_ap_uint_const_ap_u_8_RAM_T2P_URAM_1R1W' to 'UpConv_Fused_Row_8_16_16_16_16_s_void_UpConv_Fused_Row_ap_uint_ap_uint_const_cud' due to the length limit 80
INFO: [SYN 201-210] Renamed object name 'UpConv_Fused_Row_8_16_16_16_16_s_void_UpConv_Fused_Row_ap_uint_ap_uint_const_ap_uint_const_ap_uint_const_ap_u_7_RAM_T2P_URAM_1R1W' to 'UpConv_Fused_Row_8_16_16_16_16_s_void_UpConv_Fused_Row_ap_uint_ap_uint_const_dEe' due to the length limit 80
INFO: [SYN 201-210] Renamed object name 'UpConv_Fused_Row_8_16_16_16_16_s_void_UpConv_Fused_Row_ap_uint_ap_uint_const_ap_uint_const_ap_uint_const_ap_u_6_RAM_T2P_URAM_1R1W' to 'UpConv_Fused_Row_8_16_16_16_16_s_void_UpConv_Fused_Row_ap_uint_ap_uint_const_eOg' due to the length limit 80
INFO: [SYN 201-210] Renamed object name 'UpConv_Fused_Row_8_16_16_16_16_s_void_UpConv_Fused_Row_ap_uint_ap_uint_const_ap_uint_const_ap_uint_const_ap_u_5_RAM_T2P_URAM_1R1W' to 'UpConv_Fused_Row_8_16_16_16_16_s_void_UpConv_Fused_Row_ap_uint_ap_uint_const_fYi' due to the length limit 80
INFO: [SYN 201-210] Renamed object name 'UpConv_Fused_Row_8_16_16_16_16_s_void_UpConv_Fused_Row_ap_uint_ap_uint_const_ap_uint_const_ap_uint_const_ap_u_4_RAM_T2P_URAM_1R1W' to 'UpConv_Fused_Row_8_16_16_16_16_s_void_UpConv_Fused_Row_ap_uint_ap_uint_const_g8j' due to the length limit 80
INFO: [SYN 201-210] Renamed object name 'UpConv_Fused_Row_8_16_16_16_16_s_void_UpConv_Fused_Row_ap_uint_ap_uint_const_ap_uint_const_ap_uint_const_ap_u_3_RAM_T2P_URAM_1R1W' to 'UpConv_Fused_Row_8_16_16_16_16_s_void_UpConv_Fused_Row_ap_uint_ap_uint_const_hbi' due to the length limit 80
INFO: [SYN 201-210] Renamed object name 'UpConv_Fused_Row_8_16_16_16_16_s_void_UpConv_Fused_Row_ap_uint_ap_uint_const_ap_uint_const_ap_uint_const_ap_u_2_RAM_T2P_URAM_1R1W' to 'UpConv_Fused_Row_8_16_16_16_16_s_void_UpConv_Fused_Row_ap_uint_ap_uint_const_ibs' due to the length limit 80
INFO: [SYN 201-210] Renamed object name 'UpConv_Fused_Row_8_16_16_16_16_s_void_UpConv_Fused_Row_ap_uint_ap_uint_const_ap_uint_const_ap_uint_const_ap_u_1_RAM_T2P_URAM_1R1W' to 'UpConv_Fused_Row_8_16_16_16_16_s_void_UpConv_Fused_Row_ap_uint_ap_uint_const_jbC' due to the length limit 80
INFO: [SYN 201-210] Renamed object name 'UpConv_Fused_Row_8_16_16_16_16_s_void_UpConv_Fused_Row_ap_uint_ap_uint_const_ap_uint_const_ap_uint_const_ap_u_RAM_T2P_URAM_1R1W' to 'UpConv_Fused_Row_8_16_16_16_16_s_void_UpConv_Fused_Row_ap_uint_ap_uint_const_kbM' due to the length limit 80
INFO: [SYN 201-210] Renamed object name 'UpConv_Fused_Row_8_16_16_16_16_s_p_ZZ16UpConv_Fused_RowILi8ELi16ELi16ELi16ELi16EEvP7ap_uintILi256EEPKS1_S4_S4_S4_S_5_RAM_T2P_URAM_1R1W' to 'UpConv_Fused_Row_8_16_16_16_16_s_p_ZZ16UpConv_Fused_RowILi8ELi16ELi16ELi16ELilbW' due to the length limit 80
INFO: [SYN 201-210] Renamed object name 'UpConv_Fused_Row_8_16_16_16_16_s_p_ZZ16UpConv_Fused_RowILi8ELi16ELi16ELi16ELi16EEvP7ap_uintILi256EEPKS1_S4_S4_S4_S_4_RAM_T2P_URAM_1R1W' to 'UpConv_Fused_Row_8_16_16_16_16_s_p_ZZ16UpConv_Fused_RowILi8ELi16ELi16ELi16ELimb6' due to the length limit 80
INFO: [SYN 201-210] Renamed object name 'UpConv_Fused_Row_8_16_16_16_16_s_p_ZZ16UpConv_Fused_RowILi8ELi16ELi16ELi16ELi16EEvP7ap_uintILi256EEPKS1_S4_S4_S4_S_3_RAM_T2P_URAM_1R1W' to 'UpConv_Fused_Row_8_16_16_16_16_s_p_ZZ16UpConv_Fused_RowILi8ELi16ELi16ELi16ELincg' due to the length limit 80
INFO: [SYN 201-210] Renamed object name 'UpConv_Fused_Row_8_16_16_16_16_s_p_ZZ16UpConv_Fused_RowILi8ELi16ELi16ELi16ELi16EEvP7ap_uintILi256EEPKS1_S4_S4_S4_S_2_RAM_T2P_URAM_1R1W' to 'UpConv_Fused_Row_8_16_16_16_16_s_p_ZZ16UpConv_Fused_RowILi8ELi16ELi16ELi16ELiocq' due to the length limit 80
INFO: [SYN 201-210] Renamed object name 'UpConv_Fused_Row_8_16_16_16_16_s_p_ZZ16UpConv_Fused_RowILi8ELi16ELi16ELi16ELi16EEvP7ap_uintILi256EEPKS1_S4_S4_S4_S_1_RAM_T2P_URAM_1R1W' to 'UpConv_Fused_Row_8_16_16_16_16_s_p_ZZ16UpConv_Fused_RowILi8ELi16ELi16ELi16ELipcA' due to the length limit 80
INFO: [SYN 201-210] Renamed object name 'UpConv_Fused_Row_8_16_16_16_16_s_p_ZZ16UpConv_Fused_RowILi8ELi16ELi16ELi16ELi16EEvP7ap_uintILi256EEPKS1_S4_S4_S4_S_RAM_T2P_URAM_1R1W' to 'UpConv_Fused_Row_8_16_16_16_16_s_p_ZZ16UpConv_Fused_RowILi8ELi16ELi16ELi16ELiqcK' due to the length limit 80
INFO: [RTGEN 206-100] Generating core module 'fadd_32ns_32ns_32_8_no_dsp_1': 1 instance(s).
INFO: [RTGEN 206-100] Generating core module 'faddfsub_32ns_32ns_32_11_full_dsp_1': 1 instance(s).
INFO: [RTGEN 206-100] Generating core module 'fdiv_32ns_32ns_32_30_no_dsp_1': 1 instance(s).
INFO: [RTGEN 206-100] Generating core module 'fmul_32ns_32ns_32_7_max_dsp_1': 1 instance(s).
INFO: [RTGEN 206-100] Generating core module 'fsqrt_32ns_32ns_32_28_no_dsp_1': 1 instance(s).
INFO: [RTGEN 206-100] Generating core module 'hadd_16ns_16ns_16_4_no_dsp_1': 1 instance(s).
INFO: [RTGEN 206-100] Generating core module 'hadd_16ns_16ns_16_5_full_dsp_1': 5 instance(s).
INFO: [RTGEN 206-100] Generating core module 'hcmp_16ns_16ns_1_2_no_dsp_1': 3 instance(s).
INFO: [RTGEN 206-100] Generating core module 'hmul_16ns_16ns_16_4_max_dsp_1': 5 instance(s).
INFO: [RTGEN 206-100] Generating core module 'hptosp_16ns_32_2_no_dsp_1': 1 instance(s).
INFO: [RTGEN 206-100] Generating core module 'hsub_16ns_16ns_16_5_full_dsp_1': 5 instance(s).
INFO: [RTGEN 206-100] Generating core module 'partselect_16ns_256ns_32ns_16_1_1': 1 instance(s).
INFO: [RTGEN 206-100] Generating core module 'sparsemux_33_4_16_1_1': 1 instance(s).
INFO: [RTGEN 206-100] Generating core module 'sptohp_32ns_16_2_no_dsp_1': 1 instance(s).
INFO: [RTGEN 206-100] Finished creating RTL model for 'UpConv_Fused_Row_8_16_16_16_16_s'.
INFO: [RTMG 210-278] Implementing memory 'upconv_core_top_ucb0_UpConv_Fused_Row_8_16_16_16_16_s_void_UpConv_Fused_Row_ap_uint_ap_uint_const_bkb' using ultra RAMs.
INFO: [RTMG 210-278] Implementing memory 'upconv_core_top_ucb0_UpConv_Fused_Row_8_16_16_16_16_s_w_local_RAM_T2P_BRAM_1R1W' using block RAMs.
INFO: [HLS 200-111] Finished Creating RTL model: CPU user time: 0.51 seconds. CPU system time: 0.04 seconds. Elapsed time: 0.56 seconds; current allocated memory: 475.516 MB.
INFO: [HLS 200-10] ----------------------------------------------------------------
INFO: [HLS 200-10] -- Generating RTL for module 'upconv_core_top_ucb0_Pipeline_LOAD_ROW' 
INFO: [HLS 200-10] ----------------------------------------------------------------
INFO: [HLS 200-1030] Apply Unified Pipeline Control on module 'upconv_core_top_ucb0_Pipeline_LOAD_ROW' pipeline 'LOAD_ROW' pipeline type 'loop pipeline'
INFO: [RTGEN 206-100] Finished creating RTL model for 'upconv_core_top_ucb0_Pipeline_LOAD_ROW'.
INFO: [HLS 200-111] Finished Creating RTL model: CPU user time: 0.21 seconds. CPU system time: 0.02 seconds. Elapsed time: 0.23 seconds; current allocated memory: 485.926 MB.
INFO: [HLS 200-10] ----------------------------------------------------------------
INFO: [HLS 200-10] -- Generating RTL for module 'upconv_core_top_ucb0' 
INFO: [HLS 200-10] ----------------------------------------------------------------
WARNING: [RTGEN 206-101] Design contains AXI ports. Reset is fixed to synchronous and active low.
INFO: [RTGEN 206-500] Setting interface mode on port 'upconv_core_top_ucb0/gmem_in' to 'm_axi'.
INFO: [RTGEN 206-500] Setting interface mode on port 'upconv_core_top_ucb0/gmem_weight' to 'm_axi'.
INFO: [RTGEN 206-500] Setting interface mode on port 'upconv_core_top_ucb0/gmem_param' to 'm_axi'.
INFO: [RTGEN 206-500] Setting interface mode on port 'upconv_core_top_ucb0/gmem_out' to 'm_axi'.
INFO: [RTGEN 206-500] Setting interface mode on port 'upconv_core_top_ucb0/X' to 's_axilite & ap_none'.
INFO: [RTGEN 206-500] Setting interface mode on port 'upconv_core_top_ucb0/W' to 's_axilite & ap_none'.
INFO: [RTGEN 206-500] Setting interface mode on port 'upconv_core_top_ucb0/B' to 's_axilite & ap_none'.
INFO: [RTGEN 206-500] Setting interface mode on port 'upconv_core_top_ucb0/G' to 's_axilite & ap_none'.
INFO: [RTGEN 206-500] Setting interface mode on port 'upconv_core_top_ucb0/BE' to 's_axilite & ap_none'.
INFO: [RTGEN 206-500] Setting interface mode on port 'upconv_core_top_ucb0/Y' to 's_axilite & ap_none'.
INFO: [RTGEN 206-500] Setting interface mode on port 'upconv_core_top_ucb0/epsilon' to 's_axilite & ap_none'.
INFO: [RTGEN 206-500] Setting interface mode on function 'upconv_core_top_ucb0' to 's_axilite & ap_ctrl_hs'.
INFO: [RTGEN 206-100] Bundling port 'X', 'W', 'B', 'G', 'BE', 'Y', 'epsilon' to AXI-Lite port control.
INFO: [RTGEN 206-100] Finished creating RTL model for 'upconv_core_top_ucb0'.
INFO: [RTMG 210-278] Implementing memory 'upconv_core_top_ucb0_x_buf_RAM_T2P_URAM_1R1W' using ultra RAMs.
INFO: [HLS 200-111] Finished Creating RTL model: CPU user time: 0.09 seconds. CPU system time: 0 seconds. Elapsed time: 0.09 seconds; current allocated memory: 488.750 MB.
INFO: [HLS 200-111] Finished Generating all RTL models: CPU user time: 0.25 seconds. CPU system time: 0.03 seconds. Elapsed time: 0.26 seconds; current allocated memory: 491.891 MB.
INFO: [HLS 200-1603] Design has inferred MAXI bursts and missed bursts, see Vitis HLS GUI synthesis summary report for detailed information.
INFO: [HLS 200-111] Finished Updating report files: CPU user time: 0.89 seconds. CPU system time: 0.02 seconds. Elapsed time: 0.91 seconds; current allocated memory: 511.059 MB.
INFO: [VHDL 208-304] Generating VHDL RTL for upconv_core_top_ucb0.
INFO: [VLOG 209-307] Generating Verilog RTL for upconv_core_top_ucb0.
INFO: [HLS 200-790] **** Loop Constraint Status: All loop constraints were NOT satisfied.
INFO: [HLS 200-789] **** Estimated Fmax: 364.83 MHz
INFO: [HLS 200-112] Total CPU user time: 20.14 seconds. Total CPU system time: 1.55 seconds. Total elapsed time: 26.52 seconds; peak allocated memory: 511.059 MB.
INFO: [v++ 60-791] Total elapsed time: 0h 0m 30s
