# 
# Steps log generated by v++
# This log file contains a collection of steps that describe the kernel compilation flow
# Note: Some steps are tagged as internal, these steps are for debugging purposes and 
#       are not expected to be able to run independently.
# 

# The following environment variables are set when running vitis-run
Environment variables :
------------------------------------------
SHELL=/bin/bash
SESSION_MANAGER=local/hoinguyen-G5-MF:@/tmp/.ICE-unix/3968,unix/hoinguyen-G5-MF:/tmp/.ICE-unix/3968
QT_ACCESSIBILITY=1
XDG_CONFIG_DIRS=/etc/xdg/xdg-ubuntu-wayland:/etc/xdg
XDG_MENU_PREFIX=gnome-
GLFW_IM_MODULE=ibus
GTK_IM_MODULE=fcitx
RDI_APPROOT=/home/tools/Xilinx/Vitis/2024.2
QT_IM_MODULES=wayland;fcitx
RDI_JAVA_PLATFORM=
TK_LIBRARY=/home/tools/Xilinx/Vitis/2024.2/tps/tk/tk8.5
LANGUAGE=en_US:en
FREETYPE_PROPERTIES=truetype:interpreter-version=35
XIL_SUPPRESS_OVERRIDE_WARNINGS=1
RDI_BINROOT=/home/tools/Xilinx/Vitis/2024.2/bin
JAVA_HOME=/home/tools/Xilinx/Vitis/2024.2/tps/lnx64/jre11.0.16_1/
XILINX_VIVADO=/home/tools/Xilinx/Vivado/2024.2
GNOME_SHELL_SESSION_MODE=ubuntu
SSH_AUTH_SOCK=/run/user/1000/keyring/ssh
RDI_OPT_EXT=.o
RDI_INSTALLVER=2024.2
RDI_INSTALLROOT=/home/tools/Xilinx
THEIA_DEFAULT_PLUGINS=local-dir:/home/tools/Xilinx/Vitis/2024.2/ide/electron-app/lnx64/resources/app/plugins
MEMORY_PRESSURE_WRITE=c29tZSAyMDAwMDAgMjAwMDAwMAA=
RDI_PATCHROOT=
XMODIFIERS=@im=fcitx
DESKTOP_SESSION=ubuntu-wayland
GTK_MODULES=gail:atk-bridge
XIL_NO_OVERRIDE=0
RDI_LIBDIR=/home/tools/Xilinx/Vitis/2024.2/lib/lnx64.o/Ubuntu/24:/home/tools/Xilinx/Vitis/2024.2/lib/lnx64.o/Ubuntu:/home/tools/Xilinx/Vitis/2024.2/lib/lnx64.o
PWD=/home/hoinguyen/Documents/Vitis/UpConv_HLS/upconv_block0
XDG_SESSION_DESKTOP=ubuntu-wayland
LOGNAME=hoinguyen
THEIA_ELECTRON_VERSION=15.5.7
XDG_SESSION_TYPE=wayland
_RDI_DONT_SET_XILINX_AS_PATH=True
SYSTEMD_EXEC_PID=4013
XAUTHORITY=/run/user/1000/.mutter-Xwaylandauth.VQXWO3
DESKTOP_STARTUP_ID=gnome-shell/Vitis Unified IDE	/4013-43-hoinguyen-G5-MF_TIME97625325
RDI_PREPEND_PATH=/home/tools/Xilinx/Vitis/2024.2/bin
XILINX_DSP=
GJS_DEBUG_TOPICS=JS ERROR;JS LOG
THEIA_PLUGINS=local-dir:/home/hoinguyen/.theia/plugins
HOME=/home/hoinguyen
USERNAME=hoinguyen
SYNTH_COMMON=/home/tools/Xilinx/Vitis/2024.2/scripts/rt/data
LANG=en_US.UTF-8
XDG_CURRENT_DESKTOP=Unity
MEMORY_PRESSURE_WATCH=/sys/fs/cgroup/user.slice/user-1000.slice/user@1000.service/session.slice/org.gnome.Shell@wayland.service/memory.pressure
WAYLAND_DISPLAY=wayland-0
XILINX_HLS=/home/tools/Xilinx/Vitis/2024.2
RDI_BUILD=yes
RDI_PROG=/home/tools/Xilinx/Vitis/2024.2/bin/unwrapped/lnx64.o/vitis-run
INVOCATION_ID=7b0c241cbb574a98a0b55bb1b0db7531
QTWEBENGINE_DICTIONARIES_PATH=/usr/share/hunspell-bdic/
MANAGERPID=1839
RDI_SESSION_INFO=/home/hoinguyen:hoinguyen-G5-MF_1778144941_108706
CHROME_DESKTOP=Vitis Unified IDE.desktop
RT_TCL_PATH=/home/tools/Xilinx/Vitis/2024.2/scripts/rt/base_tcl/tcl
GJS_DEBUG_OUTPUT=stderr
XILINX_SDK=/home/tools/Xilinx/Vitis/2024.2
GNOME_SETUP_DISPLAY=:2
RDI_SHARED_DATA=/home/tools/Xilinx/SharedData/2024.2/data
SDL_IM_MODULE=fcitx
XDG_ACTIVATION_TOKEN=gnome-shell/Vitis Unified IDE	/4013-43-hoinguyen-G5-MF_TIME97625325
VSCODE_API_VERSION=1.53.2
XDG_SESSION_CLASS=user
PYTHONPATH=/home/tools/Xilinx/Vitis/2024.2/cli/:/home/tools/Xilinx/Vitis/2024.2/cli/python-packages/site-packages:/home/tools/Xilinx/Vitis/2024.2/cli/proto:/home/tools/Xilinx/Vitis/2024.2/tps/lnx64/python-3.8.3/lib/python3.8/lib-dynload/:/home/tools/Xilinx/Vitis/2024.2/tps/lnx64/python-3.8.3/lib/python3.8/:/home/tools/Xilinx/Vivado/2024.2/tps/lnx64/python-3.8.3/lib/python3.8/lib-dynload/:/home/tools/Xilinx/Vivado/2024.2/tps/lnx64/python-3.8.3/lib/python3.8:/home/tools/Xilinx/Vitis/2024.2/cli/:/home/tools/Xilinx/Vitis/2024.2/cli/python-packages/site-packages:/home/tools/Xilinx/Vitis/2024.2/cli/python-packages/lnx64:/home/tools/Xilinx/Vitis/2024.2/cli/proto:/home/tools/Xilinx/Vitis/2024.2/scripts/python_pkg
PYTHONHOME=/home/tools/Xilinx/Vitis/2024.2/tps/lnx64/python-3.8.3/
USER=hoinguyen
XILINX_PLANAHEAD=/home/tools/Xilinx/Vitis/2024.2
PATCH_INFO=
RDI_BASEROOT=/home/tools/Xilinx/Vitis
LOPPER_DTC_FLAGS=-b 0 -@
CLUTTER_DISABLE_MIPMAPPED_TEXT=1
RDI_TPS_ROOT=/home/tools/Xilinx/Vivado/2024.2/tps/lnx64
RDI_JAVA_VERSION=11.0.16_1
IDE_SKIP_SERVER_LICENSE=1
RDI_DATADIR=/home/tools/Xilinx/Vitis/2024.2/data
THEIA_ELECTRON_TOKEN={"value":"93fc9287-b436-4ec5-b466-15a8d622bea3"}
DISPLAY=:1
SHLVL=3
GSM_SKIP_SSH_AGENT_WORKAROUND=true
XILINX_VITIS_HLS_ENCAPSULATED=1
RDI_USE_JDK11=1
QT_IM_MODULE=fcitx
XILINX_VIVADO_HLS=/home/tools/Xilinx/Vivado/2024.2
XIL_CHECK_TCL_DEBUG=False
LD_LIBRARY_PATH=/home/tools/Xilinx/Vitis/2024.2/tps/lnx64/javafx-sdk-11.0.2/lib:/home/tools/Xilinx/Vitis/2024.2/lib/lnx64.o/Ubuntu/24:/home/tools/Xilinx/Vitis/2024.2/lib/lnx64.o/Ubuntu:/home/tools/Xilinx/Vitis/2024.2/lib/lnx64.o:/home/tools/Xilinx/Vitis/2024.2/tps/lnx64/jre11.0.16_1/lib/:/home/tools/Xilinx/Vitis/2024.2/tps/lnx64/jre11.0.16_1/lib//server:/home/tools/Xilinx/Vitis/2024.2/lib/lnx64.o/Ubuntu/24:/home/tools/Xilinx/Vitis/2024.2/lib/lnx64.o/Ubuntu:/home/tools/Xilinx/Vitis/2024.2/lib/lnx64.o:/home/tools/Xilinx/Vitis/2024.2/tps/lnx64/cmake-3.24.2/libs/Ubuntu/24:/home/tools/Xilinx/Vitis/2024.2/tps/lnx64/cmake-3.24.2/libs/Ubuntu:/home/tools/Xilinx/Vitis/2024.2/tps/lnx64/cmake-3.24.2/libs:/home/tools/Xilinx/Vitis/2024.2/lib/lnx64.o/Ubuntu/24:/home/tools/Xilinx/Vitis/2024.2/lib/lnx64.o/Ubuntu:/home/tools/Xilinx/Vitis/2024.2/lib/lnx64.o:/home/tools/Xilinx/Vitis/2024.2/tps/lnx64/python-3.8.3/lib:/home/tools/Xilinx/Vivado/2024.2/tps/lnx64/cmake-3.24.2/libs/Ubuntu/24:/home/tools/Xilinx/Vivado/2024.2/tps/lnx64/cmake-3.24.2/libs/Ubuntu:/home/tools/Xilinx/Vivado/2024.2/tps/lnx64/cmake-3.24.2/libs:/home/tools/Xilinx/Vitis/2024.2/lib/lnx64.o:/home/tools/Xilinx/Vitis/2024.2/lib/lnx64.o/Ubuntu/24:/home/tools/Xilinx/Vitis/2024.2/lib/lnx64.o/Ubuntu:/home/tools/Xilinx/Vitis/2024.2/lib/lnx64.o:/home/tools/Xilinx/Vivado/2024.2/tps/lnx64/python-3.8.3/lib
HDIPRELDPATH=/home/tools/Xilinx/Vitis/2024.2/lib/lnx64.o/Ubuntu/24:/home/tools/Xilinx/Vitis/2024.2/lib/lnx64.o/Ubuntu:/home/tools/Xilinx/Vitis/2024.2/lib/lnx64.o:/home/tools/Xilinx/Vitis/2024.2/tps/lnx64/cmake-3.24.2/libs/Ubuntu/24:/home/tools/Xilinx/Vitis/2024.2/tps/lnx64/cmake-3.24.2/libs/Ubuntu:/home/tools/Xilinx/Vitis/2024.2/tps/lnx64/cmake-3.24.2/libs:/home/tools/Xilinx/Vitis/2024.2/lib/lnx64.o/Ubuntu/24:/home/tools/Xilinx/Vitis/2024.2/lib/lnx64.o/Ubuntu:/home/tools/Xilinx/Vitis/2024.2/lib/lnx64.o:/home/tools/Xilinx/Vitis/2024.2/tps/lnx64/python-3.8.3/lib:/home/tools/Xilinx/Vivado/2024.2/tps/lnx64/cmake-3.24.2/libs/Ubuntu/24:/home/tools/Xilinx/Vivado/2024.2/tps/lnx64/cmake-3.24.2/libs/Ubuntu:/home/tools/Xilinx/Vivado/2024.2/tps/lnx64/cmake-3.24.2/libs:/home/tools/Xilinx/Vitis/2024.2/lib/lnx64.o:/home/tools/Xilinx/Vitis/2024.2/lib/lnx64.o/Ubuntu/24:/home/tools/Xilinx/Vitis/2024.2/lib/lnx64.o/Ubuntu:/home/tools/Xilinx/Vitis/2024.2/lib/lnx64.o:/home/tools/Xilinx/Vivado/2024.2/tps/lnx64/python-3.8.3/lib
XDG_RUNTIME_DIR=/run/user/1000
TCMALLOC_LARGE_ALLOC_REPORT_THRESHOLD=4294967296
DEBUGINFOD_URLS=https://debuginfod.ubuntu.com 
TCL_LIBRARY=/home/tools/Xilinx/Vitis/2024.2/tps/tcl/tcl8.6
LC_ALL=en_US.UTF-8
JOURNAL_STREAM=9:23418
XILINX_VITIS_GIT=/home/tools/Xilinx/Vivado/2024.2/tps/lnx64/git-2.45.0/bin
XDG_DATA_DIRS=/usr/share/ubuntu-wayland:/usr/share/gnome:/home/hoinguyen/.local/share/flatpak/exports/share:/var/lib/flatpak/exports/share:/usr/local/share/:/usr/share/
PATH=/home/tools/Xilinx/Vivado/2024.2/tps/lnx64/binutils-2.26/bin:/home/tools/Xilinx/Vitis/2024.2/bin/../gnu/aarch64/lin/aarch64-linux/bin:/home/tools/Xilinx/Vitis/2024.2/bin/../gnu/ppc64le/4.9.3/lnx64/bin:/home/tools/Xilinx/Vitis/2024.2/bin/../gnu/aarch32/lin/gcc-arm-linux-gnueabi/bin:/home/tools/Xilinx/Vivado/2024.2/tps/lnx64/gcc-8.3.0/bin:/home/tools/Xilinx/Vivado/2024.2/gnu/microblaze/lin/bin:/home/tools/Xilinx/Vitis/2024.2/bin:/home/tools/Xilinx/Vitis/2024.2/tps/lnx64/jre11.0.16_1/bin:/home/tools/Xilinx/Vitis/2024.2/gnu/microblaze/lin/bin:/home/tools/Xilinx/Vitis/2024.2/gnu/arm/lin/bin:/home/tools/Xilinx/Vitis/2024.2/gnu/microblaze/linux_toolchain/nt64_be/bin:/home/tools/Xilinx/Vitis/2024.2/gnu/microblaze/linux_toolchain/nt64_le/bin:/home/tools/Xilinx/Vitis/2024.2/gnu/aarch32/lin/gcc-arm-linux-gnueabi/bin:/home/tools/Xilinx/Vitis/2024.2/gnu/aarch32/lin/gcc-arm-none-eabi/bin:/home/tools/Xilinx/Vitis/2024.2/gnu/aarch64/lin/aarch64-linux/bin:/home/tools/Xilinx/Vitis/2024.2/gnu/aarch64/lin/aarch64-none/bin:/home/tools/Xilinx/Vitis/2024.2/gnu/armr5/lin/gcc-arm-none-eabi/bin:/home/tools/Xilinx/Vitis/2024.2/tps/lnx64/cmake-3.24.2/bin:/home/tools/Xilinx/Vitis/2024.2/lnx64/tools/clang/bin:/home/tools/Xilinx/Vitis/2024.2/tps/lnx64/python-3.8.3//bin:/home/tools/Xilinx/Vitis/2024.2/tps/lnx64/jre11.0.16_1//bin:/bin:/home/tools/Xilinx/Vivado/2024.2/bin:/home/tools/Xilinx/Vivado/2024.2/tps/lnx64/git-2.45.0/bin:/home/tools/Xilinx/Vivado/2024.2/tps/lnx64/cmake-3.24.2/bin:/home/tools/Xilinx/Vivado/2024.2/tps/lnx64/python-3.8.3/bin:/home/tools/Xilinx/Vitis/2024.2/gnu/riscv/lin/riscv64-unknown-elf/bin:/usr/local/sbin:/usr/local/bin:/usr/sbin:/usr/bin:/sbin:/usr/games:/usr/local/games:/snap/bin
RT_LIBPATH=/home/tools/Xilinx/Vitis/2024.2/scripts/rt/data
GDMSESSION=ubuntu-wayland
ORIGINAL_XDG_CURRENT_DESKTOP=ubuntu:GNOME
HDI_APPROOT=/home/tools/Xilinx/Vitis/2024.2
DBUS_SESSION_BUS_ADDRESS=unix:path=/run/user/1000/bus
RDI_PLATFORM=lnx64
THEIA_APP_PROJECT_PATH=/home/tools/Xilinx/Vitis/2024.2/ide/electron-app/lnx64/resources/app
MYVIVADO=
BUILDINFO=SW Build 5238363 on 2024-11-08-17:54:51
ISL_IOSTREAMS_RSA=/home/tools/Xilinx/Vitis/2024.2/tps/isl
GIO_LAUNCHED_DESKTOP_FILE_PID=108706
GIO_LAUNCHED_DESKTOP_FILE=/home/hoinguyen/.local/share/applications/vitis.desktop
LC_NUMERIC=C
XILINX_VITIS=/home/tools/Xilinx/Vitis/2024.2
OLDPWD=/home/tools/Xilinx/Vitis/2024.2/bin
XILINX_VCXX=/home/tools/Xilinx/Vitis/2024.2/vcxx
_=/home/tools/Xilinx/Vitis/2024.2/bin/unwrapped/lnx64.o/vitis-run
XILINX_CD_CONNECT_ID=38559
XILINX_CD_SESSION=572ee35d-a308-42ab-be92-a4f8c179e11e


VITIS-RUN command line:
------------------------------------------
/home/tools/Xilinx/Vitis/2024.2/bin/unwrapped/lnx64.o/vitis-run --mode hls --csim --config /home/hoinguyen/Documents/Vitis/UpConv_HLS/upconv_block0/hls_config.cfg --work_dir upconv_block0 

FINAL PROGRAM OPTIONS
--config /home/hoinguyen/Documents/Vitis/UpConv_HLS/upconv_block0/hls_config.cfg
--csim
--hls.clock 300MHz
--hls.flow_target vivado
--hls.package.output.format ip_catalog
--hls.package.output.syn false
--hls.syn.file /home/hoinguyen/Documents/Vitis/UpConv_HLS/gen/upconv_core_top_ucb0.cpp
--hls.tb.file /home/hoinguyen/Documents/Vitis/UpConv_HLS/test_ucb0.cpp
--mode hls
--part xczu7ev-ffvc1156-2-e
--work_dir upconv_block0

PARSED COMMAND LINE OPTIONS
--mode hls 
--csim 
--config /home/hoinguyen/Documents/Vitis/UpConv_HLS/upconv_block0/hls_config.cfg 
--work_dir upconv_block0 

PARSED CONFIG FILE (1) OPTIONS
file: /home/hoinguyen/Documents/Vitis/UpConv_HLS/upconv_block0/hls_config.cfg
part xczu7ev-ffvc1156-2-e 
hls.flow_target vivado 
hls.package.output.format ip_catalog 
hls.package.output.syn false 
hls.syn.file /home/hoinguyen/Documents/Vitis/UpConv_HLS/gen/upconv_core_top_ucb0.cpp 
hls.tb.file /home/hoinguyen/Documents/Vitis/UpConv_HLS/test_ucb0.cpp 
hls.clock 300MHz 


==========================================
new:  steps log generated by v++ for new launch 
timestamp: 07 May 2026 17:30:14

------------------------------------------
VITIS-RUN command line :
------------------------------------------
/home/tools/Xilinx/Vitis/2024.2/bin/unwrapped/lnx64.o/vitis-run --mode hls --csim --config /home/hoinguyen/Documents/Vitis/UpConv_HLS/upconv_block0/hls_config.cfg --work_dir upconv_block0 
  Options from -O    : 
  Options from *.ini : 
  Options from Hw Platform : 

==========================================
new:  steps log generated by v++ for new launch 
timestamp: 07 May 2026 17:40:44

------------------------------------------
VITIS-RUN command line :
------------------------------------------
/home/tools/Xilinx/Vitis/2024.2/bin/unwrapped/lnx64.o/vitis-run --mode hls --csim --config /home/hoinguyen/Documents/Vitis/UpConv_HLS/upconv_block0/hls_config.cfg --work_dir upconv_block0 
  Options from -O    : 
  Options from *.ini : 
  Options from Hw Platform : 

==========================================
new:  steps log generated by v++ for new launch 
timestamp: 07 May 2026 17:50:50

------------------------------------------
VITIS-RUN command line :
------------------------------------------
/home/tools/Xilinx/Vitis/2024.2/bin/unwrapped/lnx64.o/vitis-run --mode hls --csim --config /home/hoinguyen/Documents/Vitis/UpConv_HLS/upconv_block0/hls_config.cfg --work_dir upconv_block0 
  Options from -O    : 
  Options from *.ini : 
  Options from Hw Platform : 

==========================================
new:  steps log generated by v++ for new launch 
timestamp: 07 May 2026 17:52:29

------------------------------------------
VITIS-RUN command line :
------------------------------------------
/home/tools/Xilinx/Vitis/2024.2/bin/unwrapped/lnx64.o/vitis-run --mode hls --csim --config /home/hoinguyen/Documents/Vitis/UpConv_HLS/upconv_block0/hls_config.cfg --work_dir upconv_block0 
  Options from -O    : 
  Options from *.ini : 
  Options from Hw Platform : 

==========================================
new:  steps log generated by v++ for new launch 
timestamp: 07 May 2026 17:59:38

------------------------------------------
VITIS-RUN command line :
------------------------------------------
/home/tools/Xilinx/Vitis/2024.2/bin/unwrapped/lnx64.o/vitis-run --mode hls --csim --config /home/hoinguyen/Documents/Vitis/UpConv_HLS/upconv_block0/hls_config.cfg --work_dir upconv_block0 
  Options from -O    : 
  Options from *.ini : 
  Options from Hw Platform : 

==========================================
new:  steps log generated by v++ for new launch 
timestamp: 07 May 2026 18:03:41

------------------------------------------
VITIS-RUN command line :
------------------------------------------
/home/tools/Xilinx/Vitis/2024.2/bin/unwrapped/lnx64.o/vitis-run --mode hls --csim --config /home/hoinguyen/Documents/Vitis/UpConv_HLS/upconv_block0/hls_config.cfg --work_dir upconv_block0 
  Options from -O    : 
  Options from *.ini : 
  Options from Hw Platform : 

==========================================
new:  steps log generated by v++ for new launch 
timestamp: 07 May 2026 18:04:22

------------------------------------------
VITIS-RUN command line :
------------------------------------------
/home/tools/Xilinx/Vitis/2024.2/bin/unwrapped/lnx64.o/vitis-run --mode hls --csim --config /home/hoinguyen/Documents/Vitis/UpConv_HLS/upconv_block0/hls_config.cfg --work_dir upconv_block0 
  Options from -O    : 
  Options from *.ini : 
  Options from Hw Platform : 

==========================================
new:  steps log generated by v++ for new launch 
timestamp: 07 May 2026 18:07:47

------------------------------------------
VITIS-RUN command line :
------------------------------------------
/home/tools/Xilinx/Vitis/2024.2/bin/unwrapped/lnx64.o/vitis-run --mode hls --csim --config /home/hoinguyen/Documents/Vitis/UpConv_HLS/upconv_block0/hls_config.cfg --work_dir upconv_block0 
  Options from -O    : 
  Options from *.ini : 
  Options from Hw Platform : 

==========================================
new:  steps log generated by v++ for new launch 
timestamp: 07 May 2026 18:08:09

------------------------------------------
VITIS-RUN command line :
------------------------------------------
/home/tools/Xilinx/Vitis/2024.2/bin/unwrapped/lnx64.o/vitis-run --mode hls --csim --config /home/hoinguyen/Documents/Vitis/UpConv_HLS/upconv_block0/hls_config.cfg --work_dir upconv_block0 
  Options from -O    : 
  Options from *.ini : 
  Options from Hw Platform : 

==========================================
new:  steps log generated by v++ for new launch 
timestamp: 07 May 2026 18:10:25

------------------------------------------
VITIS-RUN command line :
------------------------------------------
/home/tools/Xilinx/Vitis/2024.2/bin/unwrapped/lnx64.o/vitis-run --mode hls --csim --config /home/hoinguyen/Documents/Vitis/UpConv_HLS/upconv_block0/hls_config.cfg --work_dir upconv_block0 
  Options from -O    : 
  Options from *.ini : 
  Options from Hw Platform : 

==========================================
new:  steps log generated by v++ for new launch 
timestamp: 07 May 2026 18:11:08

------------------------------------------
VITIS-RUN command line :
------------------------------------------
/home/tools/Xilinx/Vitis/2024.2/bin/unwrapped/lnx64.o/vitis-run --mode hls --csim --config /home/hoinguyen/Documents/Vitis/UpConv_HLS/upconv_block0/hls_config.cfg --work_dir upconv_block0 
  Options from -O    : 
  Options from *.ini : 
  Options from Hw Platform : 

==========================================
new:  steps log generated by v++ for new launch 
timestamp: 07 May 2026 18:11:39

------------------------------------------
VITIS-RUN command line :
------------------------------------------
/home/tools/Xilinx/Vitis/2024.2/bin/unwrapped/lnx64.o/vitis-run --mode hls --csim --config /home/hoinguyen/Documents/Vitis/UpConv_HLS/upconv_block0/hls_config.cfg --work_dir upconv_block0 
  Options from -O    : 
  Options from *.ini : 
  Options from Hw Platform : 

==========================================
new:  steps log generated by v++ for new launch 
timestamp: 07 May 2026 18:12:17

------------------------------------------
VITIS-RUN command line :
------------------------------------------
/home/tools/Xilinx/Vitis/2024.2/bin/unwrapped/lnx64.o/vitis-run --mode hls --csim --config /home/hoinguyen/Documents/Vitis/UpConv_HLS/upconv_block0/hls_config.cfg --work_dir upconv_block0 
  Options from -O    : 
  Options from *.ini : 
  Options from Hw Platform : 

==========================================
new:  steps log generated by v++ for new launch 
timestamp: 07 May 2026 18:12:57

------------------------------------------
VITIS-RUN command line :
------------------------------------------
/home/tools/Xilinx/Vitis/2024.2/bin/unwrapped/lnx64.o/vitis-run --mode hls --csim --config /home/hoinguyen/Documents/Vitis/UpConv_HLS/upconv_block0/hls_config.cfg --work_dir upconv_block0 
  Options from -O    : 
  Options from *.ini : 
  Options from Hw Platform : 

==========================================
new:  steps log generated by v++ for new launch 
timestamp: 07 May 2026 18:14:46

------------------------------------------
VITIS-RUN command line :
------------------------------------------
/home/tools/Xilinx/Vitis/2024.2/bin/unwrapped/lnx64.o/vitis-run --mode hls --csim --config /home/hoinguyen/Documents/Vitis/UpConv_HLS/upconv_block0/hls_config.cfg --work_dir upconv_block0 
  Options from -O    : 
  Options from *.ini : 
  Options from Hw Platform : 

==========================================
new:  steps log generated by v++ for new launch 
timestamp: 07 May 2026 18:15:09

------------------------------------------
VITIS-RUN command line :
------------------------------------------
/home/tools/Xilinx/Vitis/2024.2/bin/unwrapped/lnx64.o/vitis-run --mode hls --csim --config /home/hoinguyen/Documents/Vitis/UpConv_HLS/upconv_block0/hls_config.cfg --work_dir upconv_block0 
  Options from -O    : 
  Options from *.ini : 
  Options from Hw Platform : 

==========================================
new:  steps log generated by v++ for new launch 
timestamp: 07 May 2026 18:15:39

------------------------------------------
VITIS-RUN command line :
------------------------------------------
/home/tools/Xilinx/Vitis/2024.2/bin/unwrapped/lnx64.o/vitis-run --mode hls --csim --config /home/hoinguyen/Documents/Vitis/UpConv_HLS/upconv_block0/hls_config.cfg --work_dir upconv_block0 
  Options from -O    : 
  Options from *.ini : 
  Options from Hw Platform : 

==========================================
new:  steps log generated by v++ for new launch 
timestamp: 07 May 2026 18:16:09

------------------------------------------
VITIS-RUN command line :
------------------------------------------
/home/tools/Xilinx/Vitis/2024.2/bin/unwrapped/lnx64.o/vitis-run --mode hls --csim --config /home/hoinguyen/Documents/Vitis/UpConv_HLS/upconv_block0/hls_config.cfg --work_dir upconv_block0 
  Options from -O    : 
  Options from *.ini : 
  Options from Hw Platform : 

==========================================
new:  steps log generated by v++ for new launch 
timestamp: 07 May 2026 18:16:43

------------------------------------------
VITIS-RUN command line :
------------------------------------------
/home/tools/Xilinx/Vitis/2024.2/bin/unwrapped/lnx64.o/vitis-run --mode hls --csim --config /home/hoinguyen/Documents/Vitis/UpConv_HLS/upconv_block0/hls_config.cfg --work_dir upconv_block0 
  Options from -O    : 
  Options from *.ini : 
  Options from Hw Platform : 

==========================================
new:  steps log generated by v++ for new launch 
timestamp: 07 May 2026 18:19:28

------------------------------------------
VITIS-RUN command line :
------------------------------------------
/home/tools/Xilinx/Vitis/2024.2/bin/unwrapped/lnx64.o/vitis-run --mode hls --csim --config /home/hoinguyen/Documents/Vitis/UpConv_HLS/upconv_block0/hls_config.cfg --work_dir upconv_block0 
  Options from -O    : 
  Options from *.ini : 
  Options from Hw Platform : 

==========================================
new:  steps log generated by v++ for new launch 
timestamp: 07 May 2026 18:20:10

------------------------------------------
VITIS-RUN command line :
------------------------------------------
/home/tools/Xilinx/Vitis/2024.2/bin/unwrapped/lnx64.o/vitis-run --mode hls --csim --config /home/hoinguyen/Documents/Vitis/UpConv_HLS/upconv_block0/hls_config.cfg --work_dir upconv_block0 
  Options from -O    : 
  Options from *.ini : 
  Options from Hw Platform : 

==========================================
new:  steps log generated by v++ for new launch 
timestamp: 07 May 2026 18:25:36

------------------------------------------
VITIS-RUN command line :
------------------------------------------
/home/tools/Xilinx/Vitis/2024.2/bin/unwrapped/lnx64.o/vitis-run --mode hls --csim --config /home/hoinguyen/Documents/Vitis/UpConv_HLS/upconv_block0/hls_config.cfg --work_dir upconv_block0 
  Options from -O    : 
  Options from *.ini : 
  Options from Hw Platform : 

==========================================
new:  steps log generated by v++ for new launch 
timestamp: 07 May 2026 18:26:34

------------------------------------------
V++ command line :
------------------------------------------
/home/tools/Xilinx/Vitis/2024.2/bin/unwrapped/lnx64.o/v++ -c --mode hls --config /home/hoinguyen/Documents/Vitis/UpConv_HLS/upconv_block0/hls_config.cfg --work_dir upconv_block0 
  Options from -O    : 
  Options from *.ini : 
  Options from Hw Platform : 

==========================================
new:  steps log generated by v++ for new launch 
timestamp: 07 May 2026 18:29:19

------------------------------------------
V++ command line :
------------------------------------------
/home/tools/Xilinx/Vitis/2024.2/bin/unwrapped/lnx64.o/v++ -c --mode hls --config /home/hoinguyen/Documents/Vitis/UpConv_HLS/upconv_block0/hls_config.cfg --work_dir upconv_block0 
  Options from -O    : 
  Options from *.ini : 
  Options from Hw Platform : 

==========================================
new:  steps log generated by v++ for new launch 
timestamp: 07 May 2026 18:30:08

------------------------------------------
VITIS-RUN command line :
------------------------------------------
/home/tools/Xilinx/Vitis/2024.2/bin/unwrapped/lnx64.o/vitis-run --mode hls --csim --config /home/hoinguyen/Documents/Vitis/UpConv_HLS/upconv_block0/hls_config.cfg --work_dir upconv_block0 
  Options from -O    : 
  Options from *.ini : 
  Options from Hw Platform : 

==========================================
new:  steps log generated by v++ for new launch 
timestamp: 07 May 2026 18:57:01

------------------------------------------
VITIS-RUN command line :
------------------------------------------
/home/tools/Xilinx/Vitis/2024.2/bin/unwrapped/lnx64.o/vitis-run --mode hls --csim --config /home/hoinguyen/Documents/Vitis/UpConv_HLS/upconv_block0/hls_config.cfg --work_dir upconv_block0 
  Options from -O    : 
  Options from *.ini : 
  Options from Hw Platform : 

==========================================
new:  steps log generated by v++ for new launch 
timestamp: 07 May 2026 18:57:54

------------------------------------------
VITIS-RUN command line :
------------------------------------------
/home/tools/Xilinx/Vitis/2024.2/bin/unwrapped/lnx64.o/vitis-run --mode hls --csim --config /home/hoinguyen/Documents/Vitis/UpConv_HLS/upconv_block0/hls_config.cfg --work_dir upconv_block0 
  Options from -O    : 
  Options from *.ini : 
  Options from Hw Platform : 

==========================================
new:  steps log generated by v++ for new launch 
timestamp: 07 May 2026 18:58:28

------------------------------------------
VITIS-RUN command line :
------------------------------------------
/home/tools/Xilinx/Vitis/2024.2/bin/unwrapped/lnx64.o/vitis-run --mode hls --csim --config /home/hoinguyen/Documents/Vitis/UpConv_HLS/upconv_block0/hls_config.cfg --work_dir upconv_block0 
  Options from -O    : 
  Options from *.ini : 
  Options from Hw Platform : 

==========================================
new:  steps log generated by v++ for new launch 
timestamp: 07 May 2026 18:58:58

------------------------------------------
VITIS-RUN command line :
------------------------------------------
/home/tools/Xilinx/Vitis/2024.2/bin/unwrapped/lnx64.o/vitis-run --mode hls --csim --config /home/hoinguyen/Documents/Vitis/UpConv_HLS/upconv_block0/hls_config.cfg --work_dir upconv_block0 
  Options from -O    : 
  Options from *.ini : 
  Options from Hw Platform : 

==========================================
new:  steps log generated by v++ for new launch 
timestamp: 19 May 2026 16:10:02

------------------------------------------
VITIS-RUN command line :
------------------------------------------
/home/tools/Xilinx/Vitis/2024.2/bin/unwrapped/lnx64.o/vitis-run --mode hls --csim --config /home/hoinguyen/Documents/Vitis/UpConv_HLS/upconv_block0/hls_config.cfg --work_dir upconv_block0 
  Options from -O    : 
  Options from *.ini : 
  Options from Hw Platform : 

==========================================
new:  steps log generated by v++ for new launch 
timestamp: 19 May 2026 16:10:23

------------------------------------------
V++ command line :
------------------------------------------
/home/tools/Xilinx/Vitis/2024.2/bin/unwrapped/lnx64.o/v++ -c --mode hls --config /home/hoinguyen/Documents/Vitis/UpConv_HLS/upconv_block0/hls_config.cfg --work_dir upconv_block0 
  Options from -O    : 
  Options from *.ini : 
  Options from Hw Platform : 

==========================================
new:  steps log generated by v++ for new launch 
timestamp: 19 May 2026 16:11:10

------------------------------------------
V++ command line :
------------------------------------------
/home/tools/Xilinx/Vitis/2024.2/bin/unwrapped/lnx64.o/v++ -c --mode hls --config /home/hoinguyen/Documents/Vitis/UpConv_HLS/upconv_block0/hls_config.cfg --work_dir upconv_block0 
  Options from -O    : 
  Options from *.ini : 
  Options from Hw Platform : 

==========================================
new:  steps log generated by v++ for new launch 
timestamp: 19 May 2026 16:35:30

------------------------------------------
V++ command line :
------------------------------------------
/home/tools/Xilinx/Vitis/2024.2/bin/unwrapped/lnx64.o/v++ -c --mode hls --config /home/hoinguyen/Documents/Vitis/UpConv_HLS/upconv_block0/hls_config.cfg --work_dir upconv_block0 
  Options from -O    : 
  Options from *.ini : 
  Options from Hw Platform : 

==========================================
new:  steps log generated by v++ for new launch 
timestamp: 19 May 2026 20:00:13

------------------------------------------
V++ command line :
------------------------------------------
/home/tools/Xilinx/Vitis/2024.2/bin/unwrapped/lnx64.o/v++ -c --mode hls --config /home/hoinguyen/Documents/Vitis/UpConv_HLS/upconv_block0/hls_config.cfg --work_dir upconv_block0 
  Options from -O    : 
  Options from *.ini : 
  Options from Hw Platform : 

==========================================
new:  steps log generated by v++ for new launch 
timestamp: 02 Jun 2026 20:57:18

------------------------------------------
VITIS-RUN command line :
------------------------------------------
/home/tools/Xilinx/Vitis/2024.2/bin/unwrapped/lnx64.o/vitis-run --mode hls --csim --config /home/hoinguyen/Documents/Vitis/UpConv_HLS/upconv_block0/hls_config.cfg --work_dir upconv_block0 
  Options from -O    : 
  Options from *.ini : 
  Options from Hw Platform : 

==========================================
new:  steps log generated by v++ for new launch 
timestamp: 02 Jun 2026 21:42:50

------------------------------------------
V++ command line :
------------------------------------------
/home/tools/Xilinx/Vitis/2024.2/bin/unwrapped/lnx64.o/v++ -c --mode hls --config /home/hoinguyen/Documents/Vitis/UpConv_HLS/upconv_block0/hls_config.cfg --work_dir upconv_block0 
  Options from -O    : 
  Options from *.ini : 
  Options from Hw Platform : 

==========================================
new:  steps log generated by v++ for new launch 
timestamp: 02 Jun 2026 21:48:05

------------------------------------------
V++ command line :
------------------------------------------
/home/tools/Xilinx/Vitis/2024.2/bin/unwrapped/lnx64.o/v++ -c --mode hls --config /home/hoinguyen/Documents/Vitis/UpConv_HLS/upconv_block0/hls_config.cfg --work_dir upconv_block0 
  Options from -O    : 
  Options from *.ini : 
  Options from Hw Platform : 

==========================================
new:  steps log generated by v++ for new launch 
timestamp: 02 Jun 2026 22:06:56

------------------------------------------
V++ command line :
------------------------------------------
/home/tools/Xilinx/Vitis/2024.2/bin/unwrapped/lnx64.o/v++ -c --mode hls --config /home/hoinguyen/Documents/Vitis/UpConv_HLS/upconv_block0/hls_config.cfg --work_dir upconv_block0 
  Options from -O    : 
  Options from *.ini : 
  Options from Hw Platform : 

==========================================
new:  steps log generated by v++ for new launch 
timestamp: 02 Jun 2026 22:27:37

------------------------------------------
VITIS-RUN command line :
------------------------------------------
/home/tools/Xilinx/Vitis/2024.2/bin/unwrapped/lnx64.o/vitis-run --mode hls --csim --config /home/hoinguyen/Documents/Vitis/UpConv_HLS/upconv_block0/hls_config.cfg --work_dir upconv_block0 
  Options from -O    : 
  Options from *.ini : 
  Options from Hw Platform : 

==========================================
new:  steps log generated by v++ for new launch 
timestamp: 03 Jun 2026 12:18:03

------------------------------------------
V++ command line :
------------------------------------------
/home/tools/Xilinx/Vitis/2024.2/bin/unwrapped/lnx64.o/v++ -c --mode hls --config /home/hoinguyen/Documents/Vitis/UpConv_HLS/upconv_block0/hls_config.cfg --work_dir upconv_block0 
  Options from -O    : 
  Options from *.ini : 
  Options from Hw Platform : 

==========================================
new:  steps log generated by v++ for new launch 
timestamp: 03 Jun 2026 13:45:38

------------------------------------------
V++ command line :
------------------------------------------
/home/tools/Xilinx/Vitis/2024.2/bin/unwrapped/lnx64.o/v++ -c --mode hls --config /home/hoinguyen/Documents/Vitis/UpConv_HLS/upconv_block0/hls_config.cfg --work_dir upconv_block0 
  Options from -O    : 
  Options from *.ini : 
  Options from Hw Platform : 

==========================================
new:  steps log generated by v++ for new launch 
timestamp: 03 Jun 2026 13:45:53
