

================================================================
== Vitis HLS Report for 'UpConv_Fused_Row_8_32_32_480_240_Outline_TILE_LOOP'
================================================================
* Date:           Tue Jun  2 22:29:33 2026

* Version:        2024.2 (Build 5238294 on Nov  8 2024)
* Project:        upconv_core_top_ucb1
* Solution:       hls (Vivado IP Flow Target)
* Product family: zynquplus
* Target device:  xczu7ev-ffvc1156-2-e


================================================================
== Performance Estimates
================================================================
+ Timing: 
    * Summary: 
    +--------+---------+----------+------------+
    |  Clock |  Target | Estimated| Uncertainty|
    +--------+---------+----------+------------+
    |ap_clk  |  3.33 ns|  2.433 ns|     0.90 ns|
    +--------+---------+----------+------------+

+ Latency: 
    * Summary: 
    +---------+---------+----------+----------+-------+--------+---------+
    |  Latency (cycles) |  Latency (absolute) |    Interval    | Pipeline|
    |   min   |   max   |    min   |    max   |  min  |   max  |   Type  |
    +---------+---------+----------+----------+-------+--------+---------+
    |    65161|   334801|  0.217 ms|  1.116 ms|  65161|  334801|       no|
    +---------+---------+----------+----------+-------+--------+---------+

    + Detail: 
        * Instance: 
        N/A

        * Loop: 
        +-------------+---------+---------+--------------+-----------+-----------+------+----------+
        |             |  Latency (cycles) |   Iteration  |  Initiation Interval  | Trip |          |
        |  Loop Name  |   min   |   max   |    Latency   |  achieved |   target  | Count| Pipelined|
        +-------------+---------+---------+--------------+-----------+-----------+------+----------+
        |- TILE_LOOP  |    65160|   334800|  2172 ~ 11160|          -|          -|    30|        no|
        | + KH_LOOP   |        6|     8994|      2 ~ 2998|          -|          -|     3|        no|
        +-------------+---------+---------+--------------+-----------+-----------+------+----------+

============================================================
+ Verbose Summary: Synthesis Manager
============================================================
InlineROM: 1
ExposeGlobal: 0
============================================================
+ Verbose Summary: CDFG Model
============================================================
IsTopModel: 0
ResetActiveHigh: 1
IsCombinational: 0
IsDatapathOnly: 0
HasWiredReturn: 1
HasMFsm: 0
HasVarLatency: 1
IsPipeline: 0
IsRtlPipelined: 0
IsInstanceOverlapped: 0
IsDontTouch: 0
HasImplIP: 0
IsGatedGlobalClock: 0


============================================================
+ Verbose Summary: Schedule
============================================================
* Number of FSM states : 5
* Pipeline : 0
* Dataflow Pipeline: 0

* FSM state transitions: 
1 --> 2 
2 --> 3 
3 --> 4 
4 --> 5 2 
5 --> 4 

* FSM state operations: 

State 1 <SV = 0> <Delay = 0.42>
ST_1 : Operation 6 [1/1] (0.00ns)   --->   "%tile = alloca i32 1" [../gen/Hls_Layers_UpConv.tpp:106->../gen/Hls_Layers_UpConv.tpp:358]   --->   Operation 6 'alloca' 'tile' <Predicate = true> <Delay = 0.00>
ST_1 : Operation 7 [1/1] (0.00ns)   --->   "%zext_ln356_read = read i7 @_ssdm_op_Read.ap_auto.i7, i7 %zext_ln356"   --->   Operation 7 'read' 'zext_ln356_read' <Predicate = true> <Delay = 0.00>
ST_1 : Operation 8 [1/1] (0.00ns)   --->   "%sext_ln356_read = read i59 @_ssdm_op_Read.ap_auto.i59, i59 %sext_ln356"   --->   Operation 8 'read' 'sext_ln356_read' <Predicate = true> <Delay = 0.00>
ST_1 : Operation 9 [1/1] (0.00ns)   --->   "%zext_ln356_cast = zext i7 %zext_ln356_read"   --->   Operation 9 'zext' 'zext_ln356_cast' <Predicate = true> <Delay = 0.00>
ST_1 : Operation 10 [1/1] (0.00ns)   --->   "%specinterface_ln0 = specinterface void @_ssdm_op_SpecInterface, i256 %gmem_weight, void @empty_27, i32 0, i32 0, void @empty_1, i32 0, i32 0, void @empty_10, void @empty_12, void @empty_1, i32 16, i32 16, i32 64, i32 16, void @empty_1, void @empty_1, i32 4294967295, i32 0, i32 0"   --->   Operation 10 'specinterface' 'specinterface_ln0' <Predicate = true> <Delay = 0.00>
ST_1 : Operation 11 [1/1] (0.00ns)   --->   "%w_local_7 = alloca i64 1" [../gen/Hls_Layers_UpConv.tpp:333]   --->   Operation 11 'alloca' 'w_local_7' <Predicate = true> <Delay = 0.00> <CoreInst = "RAM_T2P_BRAM">   --->   Core 98 'RAM_T2P_BRAM' <Latency = 2> <II = 1> <Delay = 1.23> <Storage> <Opcode : 'load' 'store'> <Ports = 2> <Width = 256> <Depth = 270> <RAM>
ST_1 : Operation 12 [1/1] (0.00ns)   --->   "%w_local_6 = alloca i64 1" [../gen/Hls_Layers_UpConv.tpp:333]   --->   Operation 12 'alloca' 'w_local_6' <Predicate = true> <Delay = 0.00> <CoreInst = "RAM_T2P_BRAM">   --->   Core 98 'RAM_T2P_BRAM' <Latency = 2> <II = 1> <Delay = 1.23> <Storage> <Opcode : 'load' 'store'> <Ports = 2> <Width = 256> <Depth = 270> <RAM>
ST_1 : Operation 13 [1/1] (0.00ns)   --->   "%w_local_5 = alloca i64 1" [../gen/Hls_Layers_UpConv.tpp:333]   --->   Operation 13 'alloca' 'w_local_5' <Predicate = true> <Delay = 0.00> <CoreInst = "RAM_T2P_BRAM">   --->   Core 98 'RAM_T2P_BRAM' <Latency = 2> <II = 1> <Delay = 1.23> <Storage> <Opcode : 'load' 'store'> <Ports = 2> <Width = 256> <Depth = 270> <RAM>
ST_1 : Operation 14 [1/1] (0.00ns)   --->   "%w_local_4 = alloca i64 1" [../gen/Hls_Layers_UpConv.tpp:333]   --->   Operation 14 'alloca' 'w_local_4' <Predicate = true> <Delay = 0.00> <CoreInst = "RAM_T2P_BRAM">   --->   Core 98 'RAM_T2P_BRAM' <Latency = 2> <II = 1> <Delay = 1.23> <Storage> <Opcode : 'load' 'store'> <Ports = 2> <Width = 256> <Depth = 270> <RAM>
ST_1 : Operation 15 [1/1] (0.00ns)   --->   "%w_local_3 = alloca i64 1" [../gen/Hls_Layers_UpConv.tpp:333]   --->   Operation 15 'alloca' 'w_local_3' <Predicate = true> <Delay = 0.00> <CoreInst = "RAM_T2P_BRAM">   --->   Core 98 'RAM_T2P_BRAM' <Latency = 2> <II = 1> <Delay = 1.23> <Storage> <Opcode : 'load' 'store'> <Ports = 2> <Width = 256> <Depth = 270> <RAM>
ST_1 : Operation 16 [1/1] (0.00ns)   --->   "%w_local_2 = alloca i64 1" [../gen/Hls_Layers_UpConv.tpp:333]   --->   Operation 16 'alloca' 'w_local_2' <Predicate = true> <Delay = 0.00> <CoreInst = "RAM_T2P_BRAM">   --->   Core 98 'RAM_T2P_BRAM' <Latency = 2> <II = 1> <Delay = 1.23> <Storage> <Opcode : 'load' 'store'> <Ports = 2> <Width = 256> <Depth = 270> <RAM>
ST_1 : Operation 17 [1/1] (0.00ns)   --->   "%w_local_1 = alloca i64 1" [../gen/Hls_Layers_UpConv.tpp:333]   --->   Operation 17 'alloca' 'w_local_1' <Predicate = true> <Delay = 0.00> <CoreInst = "RAM_T2P_BRAM">   --->   Core 98 'RAM_T2P_BRAM' <Latency = 2> <II = 1> <Delay = 1.23> <Storage> <Opcode : 'load' 'store'> <Ports = 2> <Width = 256> <Depth = 270> <RAM>
ST_1 : Operation 18 [1/1] (0.00ns)   --->   "%w_local = alloca i64 1" [../gen/Hls_Layers_UpConv.tpp:333]   --->   Operation 18 'alloca' 'w_local' <Predicate = true> <Delay = 0.00> <CoreInst = "RAM_T2P_BRAM">   --->   Core 98 'RAM_T2P_BRAM' <Latency = 2> <II = 1> <Delay = 1.23> <Storage> <Opcode : 'load' 'store'> <Ports = 2> <Width = 256> <Depth = 270> <RAM>
ST_1 : Operation 19 [1/1] (0.00ns)   --->   "%specmemcore_ln334 = specmemcore void @_ssdm_op_SpecMemCore, i256 %w_local, i64 666, i64 30, i64 2" [../gen/Hls_Layers_UpConv.tpp:334]   --->   Operation 19 'specmemcore' 'specmemcore_ln334' <Predicate = true> <Delay = 0.00>
ST_1 : Operation 20 [1/1] (0.00ns)   --->   "%specmemcore_ln334 = specmemcore void @_ssdm_op_SpecMemCore, i256 %w_local_1, i64 666, i64 30, i64 2" [../gen/Hls_Layers_UpConv.tpp:334]   --->   Operation 20 'specmemcore' 'specmemcore_ln334' <Predicate = true> <Delay = 0.00>
ST_1 : Operation 21 [1/1] (0.00ns)   --->   "%specmemcore_ln334 = specmemcore void @_ssdm_op_SpecMemCore, i256 %w_local_2, i64 666, i64 30, i64 2" [../gen/Hls_Layers_UpConv.tpp:334]   --->   Operation 21 'specmemcore' 'specmemcore_ln334' <Predicate = true> <Delay = 0.00>
ST_1 : Operation 22 [1/1] (0.00ns)   --->   "%specmemcore_ln334 = specmemcore void @_ssdm_op_SpecMemCore, i256 %w_local_3, i64 666, i64 30, i64 2" [../gen/Hls_Layers_UpConv.tpp:334]   --->   Operation 22 'specmemcore' 'specmemcore_ln334' <Predicate = true> <Delay = 0.00>
ST_1 : Operation 23 [1/1] (0.00ns)   --->   "%specmemcore_ln334 = specmemcore void @_ssdm_op_SpecMemCore, i256 %w_local_4, i64 666, i64 30, i64 2" [../gen/Hls_Layers_UpConv.tpp:334]   --->   Operation 23 'specmemcore' 'specmemcore_ln334' <Predicate = true> <Delay = 0.00>
ST_1 : Operation 24 [1/1] (0.00ns)   --->   "%specmemcore_ln334 = specmemcore void @_ssdm_op_SpecMemCore, i256 %w_local_5, i64 666, i64 30, i64 2" [../gen/Hls_Layers_UpConv.tpp:334]   --->   Operation 24 'specmemcore' 'specmemcore_ln334' <Predicate = true> <Delay = 0.00>
ST_1 : Operation 25 [1/1] (0.00ns)   --->   "%specmemcore_ln334 = specmemcore void @_ssdm_op_SpecMemCore, i256 %w_local_6, i64 666, i64 30, i64 2" [../gen/Hls_Layers_UpConv.tpp:334]   --->   Operation 25 'specmemcore' 'specmemcore_ln334' <Predicate = true> <Delay = 0.00>
ST_1 : Operation 26 [1/1] (0.00ns)   --->   "%specmemcore_ln334 = specmemcore void @_ssdm_op_SpecMemCore, i256 %w_local_7, i64 666, i64 30, i64 2" [../gen/Hls_Layers_UpConv.tpp:334]   --->   Operation 26 'specmemcore' 'specmemcore_ln334' <Predicate = true> <Delay = 0.00>
ST_1 : Operation 27 [1/1] (0.42ns)   --->   "%store_ln106 = store i5 0, i5 %tile" [../gen/Hls_Layers_UpConv.tpp:106->../gen/Hls_Layers_UpConv.tpp:358]   --->   Operation 27 'store' 'store_ln106' <Predicate = true> <Delay = 0.42>
ST_1 : Operation 28 [1/1] (0.00ns)   --->   "%br_ln356 = br void %for.body" [../gen/Hls_Layers_UpConv.tpp:356]   --->   Operation 28 'br' 'br_ln356' <Predicate = true> <Delay = 0.00>

State 2 <SV = 1> <Delay = 0.78>
ST_2 : Operation 29 [1/1] (0.00ns)   --->   "%tile_1 = load i5 %tile" [../gen/Hls_Layers_UpConv.tpp:356]   --->   Operation 29 'load' 'tile_1' <Predicate = true> <Delay = 0.00>
ST_2 : Operation 30 [1/1] (0.78ns)   --->   "%icmp_ln356 = icmp_eq  i5 %tile_1, i5 30" [../gen/Hls_Layers_UpConv.tpp:356]   --->   Operation 30 'icmp' 'icmp_ln356' <Predicate = true> <Delay = 0.78> <CoreInst = "Cmp">   --->   Core 9 'Cmp' <Latency = 0> <II = 1> <Delay = 0.78> <FuncUnit> <Opcode : 'seteq' 'setne' 'setle' 'setge' 'setlt' 'setgt'> <InPorts = 2> <OutPorts = 1>
ST_2 : Operation 31 [1/1] (0.00ns)   --->   "%speclooptripcount_ln0 = speclooptripcount void @_ssdm_op_SpecLoopTripCount, i64 30, i64 30, i64 30"   --->   Operation 31 'speclooptripcount' 'speclooptripcount_ln0' <Predicate = true> <Delay = 0.00>
ST_2 : Operation 32 [1/1] (0.78ns)   --->   "%add_ln356 = add i5 %tile_1, i5 1" [../gen/Hls_Layers_UpConv.tpp:356]   --->   Operation 32 'add' 'add_ln356' <Predicate = true> <Delay = 0.78> <CoreInst = "Adder">   --->   Core 1 'Adder' <Latency = 0> <II = 1> <Delay = 0.78> <FuncUnit> <Opcode : 'add' 'sub'> <InPorts = 2> <OutPorts = 1>
ST_2 : Operation 33 [1/1] (0.00ns)   --->   "%br_ln356 = br i1 %icmp_ln356, void %for.body.split, void %for.end.exitStub" [../gen/Hls_Layers_UpConv.tpp:356]   --->   Operation 33 'br' 'br_ln356' <Predicate = true> <Delay = 0.00>
ST_2 : Operation 34 [2/2] (0.00ns)   --->   "%call_ln0 = call void @UpConv_Fused_Row<8, 32, 32, 480, 240>_Pipeline_PRELOAD_W_W_FLAT, i256 %gmem_weight, i59 %sext_ln356_read, i256 %w_local_7, i256 %w_local_6, i256 %w_local_5, i256 %w_local_4, i256 %w_local_3, i256 %w_local_2, i256 %w_local_1, i256 %w_local"   --->   Operation 34 'call' 'call_ln0' <Predicate = (!icmp_ln356)> <Delay = 0.00> <CoreType = "Generic">   --->   Generic Core
ST_2 : Operation 35 [1/1] (0.00ns)   --->   "%ret_ln0 = ret"   --->   Operation 35 'ret' 'ret_ln0' <Predicate = (icmp_ln356)> <Delay = 0.00>

State 3 <SV = 2> <Delay = 0.42>
ST_3 : Operation 36 [1/1] (0.00ns)   --->   "%trunc_ln356 = trunc i5 %tile_1" [../gen/Hls_Layers_UpConv.tpp:356]   --->   Operation 36 'trunc' 'trunc_ln356' <Predicate = true> <Delay = 0.00>
ST_3 : Operation 37 [1/1] (0.00ns)   --->   "%specloopname_ln356 = specloopname void @_ssdm_op_SpecLoopName, void @empty_3" [../gen/Hls_Layers_UpConv.tpp:356]   --->   Operation 37 'specloopname' 'specloopname_ln356' <Predicate = true> <Delay = 0.00>
ST_3 : Operation 38 [1/2] (0.00ns)   --->   "%call_ln0 = call void @UpConv_Fused_Row<8, 32, 32, 480, 240>_Pipeline_PRELOAD_W_W_FLAT, i256 %gmem_weight, i59 %sext_ln356_read, i256 %w_local_7, i256 %w_local_6, i256 %w_local_5, i256 %w_local_4, i256 %w_local_3, i256 %w_local_2, i256 %w_local_1, i256 %w_local"   --->   Operation 38 'call' 'call_ln0' <Predicate = true> <Delay = 0.00> <CoreType = "Generic">   --->   Generic Core
ST_3 : Operation 39 [1/1] (0.00ns)   --->   "%lshr_ln = partselect i4 @_ssdm_op_PartSelect.i4.i5.i32.i32, i5 %tile_1, i32 1, i32 4" [../gen/Hls_Layers_UpConv.tpp:89->../gen/Hls_Layers_UpConv.tpp:357]   --->   Operation 39 'partselect' 'lshr_ln' <Predicate = true> <Delay = 0.00>
ST_3 : Operation 40 [1/1] (0.42ns)   --->   "%br_ln114 = br void %for.body.i93" [../gen/Hls_Layers_UpConv.tpp:114->../gen/Hls_Layers_UpConv.tpp:358]   --->   Operation 40 'br' 'br_ln114' <Predicate = true> <Delay = 0.42>

State 4 <SV = 3> <Delay = 2.07>
ST_4 : Operation 41 [1/1] (0.00ns)   --->   "%kh = phi i2 0, void %for.body.split, i2 %kh_1, void %cleanup114.i"   --->   Operation 41 'phi' 'kh' <Predicate = true> <Delay = 0.00>
ST_4 : Operation 42 [1/1] (0.54ns)   --->   "%icmp_ln114 = icmp_eq  i2 %kh, i2 3" [../gen/Hls_Layers_UpConv.tpp:114->../gen/Hls_Layers_UpConv.tpp:358]   --->   Operation 42 'icmp' 'icmp_ln114' <Predicate = true> <Delay = 0.54> <CoreInst = "Cmp">   --->   Core 9 'Cmp' <Latency = 0> <II = 1> <Delay = 0.54> <FuncUnit> <Opcode : 'seteq' 'setne' 'setle' 'setge' 'setlt' 'setgt'> <InPorts = 2> <OutPorts = 1>
ST_4 : Operation 43 [1/1] (0.00ns)   --->   "%speclooptripcount_ln0 = speclooptripcount void @_ssdm_op_SpecLoopTripCount, i64 3, i64 3, i64 3"   --->   Operation 43 'speclooptripcount' 'speclooptripcount_ln0' <Predicate = true> <Delay = 0.00>
ST_4 : Operation 44 [1/1] (0.54ns)   --->   "%kh_1 = add i2 %kh, i2 1" [../gen/Hls_Layers_UpConv.tpp:114->../gen/Hls_Layers_UpConv.tpp:358]   --->   Operation 44 'add' 'kh_1' <Predicate = true> <Delay = 0.54> <CoreInst = "Adder">   --->   Core 1 'Adder' <Latency = 0> <II = 1> <Delay = 0.54> <FuncUnit> <Opcode : 'add' 'sub'> <InPorts = 2> <OutPorts = 1>
ST_4 : Operation 45 [1/1] (0.00ns)   --->   "%br_ln114 = br i1 %icmp_ln114, void %for.body.i93.split, void %for.inc" [../gen/Hls_Layers_UpConv.tpp:114->../gen/Hls_Layers_UpConv.tpp:358]   --->   Operation 45 'br' 'br_ln114' <Predicate = true> <Delay = 0.00>
ST_4 : Operation 46 [1/1] (0.00ns)   --->   "%zext_ln114 = zext i2 %kh" [../gen/Hls_Layers_UpConv.tpp:114->../gen/Hls_Layers_UpConv.tpp:358]   --->   Operation 46 'zext' 'zext_ln114' <Predicate = (!icmp_ln114)> <Delay = 0.00>
ST_4 : Operation 47 [1/1] (0.00ns)   --->   "%specloopname_ln114 = specloopname void @_ssdm_op_SpecLoopName, void @empty_0" [../gen/Hls_Layers_UpConv.tpp:114->../gen/Hls_Layers_UpConv.tpp:358]   --->   Operation 47 'specloopname' 'specloopname_ln114' <Predicate = (!icmp_ln114)> <Delay = 0.00>
ST_4 : Operation 48 [1/1] (0.77ns)   --->   "%hpk = sub i8 %zext_ln356_cast, i8 %zext_ln114" [../gen/Hls_Layers_UpConv.tpp:115->../gen/Hls_Layers_UpConv.tpp:358]   --->   Operation 48 'sub' 'hpk' <Predicate = (!icmp_ln114)> <Delay = 0.77> <CoreInst = "Adder">   --->   Core 1 'Adder' <Latency = 0> <II = 1> <Delay = 0.77> <FuncUnit> <Opcode : 'add' 'sub'> <InPorts = 2> <OutPorts = 1>
ST_4 : Operation 49 [1/1] (0.00ns)   --->   "%tmp = bitselect i1 @_ssdm_op_BitSelect.i1.i8.i32, i8 %hpk, i32 7" [../gen/Hls_Layers_UpConv.tpp:116->../gen/Hls_Layers_UpConv.tpp:358]   --->   Operation 49 'bitselect' 'tmp' <Predicate = (!icmp_ln114)> <Delay = 0.00>
ST_4 : Operation 50 [1/1] (0.00ns)   --->   "%trunc_ln116 = trunc i8 %hpk" [../gen/Hls_Layers_UpConv.tpp:116->../gen/Hls_Layers_UpConv.tpp:358]   --->   Operation 50 'trunc' 'trunc_ln116' <Predicate = (!icmp_ln114)> <Delay = 0.00>
ST_4 : Operation 51 [1/1] (0.00ns)   --->   "%and_ln = bitconcatenate i32 @_ssdm_op_BitConcatenate.i32.i1.i30.i1, i1 %tmp, i30 0, i1 %trunc_ln116" [../gen/Hls_Layers_UpConv.tpp:116->../gen/Hls_Layers_UpConv.tpp:358]   --->   Operation 51 'bitconcatenate' 'and_ln' <Predicate = (!icmp_ln114)> <Delay = 0.00>
ST_4 : Operation 52 [1/1] (1.01ns)   --->   "%icmp_ln118 = icmp_ne  i32 %and_ln, i32 0" [../gen/Hls_Layers_UpConv.tpp:118->../gen/Hls_Layers_UpConv.tpp:358]   --->   Operation 52 'icmp' 'icmp_ln118' <Predicate = (!icmp_ln114)> <Delay = 1.01> <CoreInst = "Cmp">   --->   Core 9 'Cmp' <Latency = 0> <II = 1> <Delay = 1.01> <FuncUnit> <Opcode : 'seteq' 'setne' 'setle' 'setge' 'setlt' 'setgt'> <InPorts = 2> <OutPorts = 1>
ST_4 : Operation 53 [1/1] (0.00ns)   --->   "%tmp_10 = partselect i2 @_ssdm_op_PartSelect.i2.i8.i32.i32, i8 %hpk, i32 6, i32 7" [../gen/Hls_Layers_UpConv.tpp:118->../gen/Hls_Layers_UpConv.tpp:358]   --->   Operation 53 'partselect' 'tmp_10' <Predicate = (!icmp_ln114)> <Delay = 0.00>
ST_4 : Operation 54 [1/1] (0.54ns)   --->   "%icmp_ln118_1 = icmp_ne  i2 %tmp_10, i2 0" [../gen/Hls_Layers_UpConv.tpp:118->../gen/Hls_Layers_UpConv.tpp:358]   --->   Operation 54 'icmp' 'icmp_ln118_1' <Predicate = (!icmp_ln114)> <Delay = 0.54> <CoreInst = "Cmp">   --->   Core 9 'Cmp' <Latency = 0> <II = 1> <Delay = 0.54> <FuncUnit> <Opcode : 'seteq' 'setne' 'setle' 'setge' 'setlt' 'setgt'> <InPorts = 2> <OutPorts = 1>
ST_4 : Operation 55 [1/1] (0.28ns)   --->   "%or_ln118 = or i1 %icmp_ln118, i1 %icmp_ln118_1" [../gen/Hls_Layers_UpConv.tpp:118->../gen/Hls_Layers_UpConv.tpp:358]   --->   Operation 55 'or' 'or_ln118' <Predicate = (!icmp_ln114)> <Delay = 0.28> <CoreInst = "LogicGate">   --->   Core 74 'LogicGate' <Latency = 0> <II = 1> <Delay = 0.28> <FuncUnit> <Opcode : 'and' 'or' 'xor'> <InPorts = 2> <OutPorts = 1>
ST_4 : Operation 56 [1/1] (0.00ns)   --->   "%br_ln116 = br i1 %or_ln118, void %if.end7.i, void %cleanup114.i" [../gen/Hls_Layers_UpConv.tpp:116->../gen/Hls_Layers_UpConv.tpp:358]   --->   Operation 56 'br' 'br_ln116' <Predicate = (!icmp_ln114)> <Delay = 0.00>
ST_4 : Operation 57 [1/1] (0.00ns)   --->   "%empty = trunc i2 %kh" [../gen/Hls_Layers_UpConv.tpp:114->../gen/Hls_Layers_UpConv.tpp:358]   --->   Operation 57 'trunc' 'empty' <Predicate = (!icmp_ln114 & !or_ln118)> <Delay = 0.00>
ST_4 : Operation 58 [1/1] (0.00ns)   --->   "%tmp_11 = bitconcatenate i3 @_ssdm_op_BitConcatenate.i3.i1.i2, i1 %empty, i2 0" [../gen/Hls_Layers_UpConv.tpp:114->../gen/Hls_Layers_UpConv.tpp:358]   --->   Operation 58 'bitconcatenate' 'tmp_11' <Predicate = (!icmp_ln114 & !or_ln118)> <Delay = 0.00>
ST_4 : Operation 59 [1/1] (0.00ns)   --->   "%empty_202 = zext i2 %kh" [../gen/Hls_Layers_UpConv.tpp:114->../gen/Hls_Layers_UpConv.tpp:358]   --->   Operation 59 'zext' 'empty_202' <Predicate = (!icmp_ln114 & !or_ln118)> <Delay = 0.00>
ST_4 : Operation 60 [1/1] (0.67ns)   --->   "%empty_203 = sub i3 %tmp_11, i3 %empty_202" [../gen/Hls_Layers_UpConv.tpp:114->../gen/Hls_Layers_UpConv.tpp:358]   --->   Operation 60 'sub' 'empty_203' <Predicate = (!icmp_ln114 & !or_ln118)> <Delay = 0.67> <CoreInst = "Adder">   --->   Core 1 'Adder' <Latency = 0> <II = 1> <Delay = 0.67> <FuncUnit> <Opcode : 'add' 'sub'> <InPorts = 2> <OutPorts = 1>
ST_4 : Operation 61 [1/1] (0.00ns)   --->   "%tmp_12 = bitselect i1 @_ssdm_op_BitSelect.i1.i8.i32, i8 %hpk, i32 1" [../gen/Hls_Layers_UpConv.tpp:115->../gen/Hls_Layers_UpConv.tpp:358]   --->   Operation 61 'bitselect' 'tmp_12' <Predicate = (!icmp_ln114 & !or_ln118)> <Delay = 0.00>
ST_4 : Operation 62 [1/1] (0.00ns)   --->   "%p_shl = bitconcatenate i11 @_ssdm_op_BitConcatenate.i11.i1.i10, i1 %tmp_12, i10 0" [../gen/Hls_Layers_UpConv.tpp:115->../gen/Hls_Layers_UpConv.tpp:358]   --->   Operation 62 'bitconcatenate' 'p_shl' <Predicate = (!icmp_ln114 & !or_ln118)> <Delay = 0.00>
ST_4 : Operation 63 [1/1] (0.00ns)   --->   "%tmp_13 = bitconcatenate i7 @_ssdm_op_BitConcatenate.i7.i1.i6, i1 %tmp_12, i6 0" [../gen/Hls_Layers_UpConv.tpp:115->../gen/Hls_Layers_UpConv.tpp:358]   --->   Operation 63 'bitconcatenate' 'tmp_13' <Predicate = (!icmp_ln114 & !or_ln118)> <Delay = 0.00>
ST_4 : Operation 64 [1/1] (0.00ns)   --->   "%p_shl8 = zext i7 %tmp_13" [../gen/Hls_Layers_UpConv.tpp:115->../gen/Hls_Layers_UpConv.tpp:358]   --->   Operation 64 'zext' 'p_shl8' <Predicate = (!icmp_ln114 & !or_ln118)> <Delay = 0.00>
ST_4 : Operation 65 [1/1] (0.79ns)   --->   "%x_base = sub i11 %p_shl, i11 %p_shl8" [../gen/Hls_Layers_UpConv.tpp:115->../gen/Hls_Layers_UpConv.tpp:358]   --->   Operation 65 'sub' 'x_base' <Predicate = (!icmp_ln114 & !or_ln118)> <Delay = 0.79> <CoreInst = "Adder">   --->   Core 1 'Adder' <Latency = 0> <II = 1> <Delay = 0.79> <FuncUnit> <Opcode : 'add' 'sub'> <InPorts = 2> <OutPorts = 1>
ST_4 : Operation 66 [2/2] (0.00ns)   --->   "%call_ln114 = call void @UpConv_Fused_Row<8, 32, 32, 480, 240>_Pipeline_KW_LOOP_FLAT_LOOP, i3 %empty_203, i11 %x_base, i256 %w_local, i256 %w_local_1, i256 %w_local_2, i256 %w_local_3, i256 %w_local_4, i256 %w_local_5, i256 %w_local_6, i256 %w_local_7, i4 %lshr_ln, i1 %trunc_ln356, i256 %x_buf, i16 %void_UpConv_Fused_Row_ap_uint_ap_uint_const_ap_uint_const_ap_uint_const_ap_u_9, i16 %void_UpConv_Fused_Row_ap_uint_ap_uint_const_ap_uint_const_ap_uint_const_ap_u_8, i16 %void_UpConv_Fused_Row_ap_uint_ap_uint_const_ap_uint_const_ap_uint_const_ap_u_7, i16 %void_UpConv_Fused_Row_ap_uint_ap_uint_const_ap_uint_const_ap_uint_const_ap_u_6, i16 %void_UpConv_Fused_Row_ap_uint_ap_uint_const_ap_uint_const_ap_uint_const_ap_u_5, i16 %void_UpConv_Fused_Row_ap_uint_ap_uint_const_ap_uint_const_ap_uint_const_ap_u_4, i16 %void_UpConv_Fused_Row_ap_uint_ap_uint_const_ap_uint_const_ap_uint_const_ap_u_3, i16 %void_UpConv_Fused_Row_ap_uint_ap_uint_const_ap_uint_const_ap_uint_const_ap_u_2, i16 %void_UpConv_Fused_Row_ap_uint_ap_uint_const_ap_uint_const_ap_uint_const_ap_u_1, i16 %void_UpConv_Fused_Row_ap_uint_ap_uint_const_ap_uint_const_ap_uint_const_ap_u, i16 %p_ZZ16UpConv_Fused_RowILi8ELi32ELi32ELi480ELi240EEvP7ap_uintILi256EEPKS1_S4_S4_S4_5, i16 %p_ZZ16UpConv_Fused_RowILi8ELi32ELi32ELi480ELi240EEvP7ap_uintILi256EEPKS1_S4_S4_S4_4, i16 %p_ZZ16UpConv_Fused_RowILi8ELi32ELi32ELi480ELi240EEvP7ap_uintILi256EEPKS1_S4_S4_S4_3, i16 %p_ZZ16UpConv_Fused_RowILi8ELi32ELi32ELi480ELi240EEvP7ap_uintILi256EEPKS1_S4_S4_S4_2, i16 %p_ZZ16UpConv_Fused_RowILi8ELi32ELi32ELi480ELi240EEvP7ap_uintILi256EEPKS1_S4_S4_S4_1, i16 %p_ZZ16UpConv_Fused_RowILi8ELi32ELi32ELi480ELi240EEvP7ap_uintILi256EEPKS1_S4_S4_S4" [../gen/Hls_Layers_UpConv.tpp:114->../gen/Hls_Layers_UpConv.tpp:358]   --->   Operation 66 'call' 'call_ln114' <Predicate = (!icmp_ln114 & !or_ln118)> <Delay = 0.00> <CoreType = "Generic">   --->   Generic Core
ST_4 : Operation 67 [1/1] (0.42ns)   --->   "%store_ln106 = store i5 %add_ln356, i5 %tile" [../gen/Hls_Layers_UpConv.tpp:106->../gen/Hls_Layers_UpConv.tpp:358]   --->   Operation 67 'store' 'store_ln106' <Predicate = (icmp_ln114)> <Delay = 0.42>
ST_4 : Operation 68 [1/1] (0.00ns)   --->   "%br_ln356 = br void %for.body" [../gen/Hls_Layers_UpConv.tpp:356]   --->   Operation 68 'br' 'br_ln356' <Predicate = (icmp_ln114)> <Delay = 0.00>

State 5 <SV = 4> <Delay = 0.00>
ST_5 : Operation 69 [1/2] (0.00ns)   --->   "%call_ln114 = call void @UpConv_Fused_Row<8, 32, 32, 480, 240>_Pipeline_KW_LOOP_FLAT_LOOP, i3 %empty_203, i11 %x_base, i256 %w_local, i256 %w_local_1, i256 %w_local_2, i256 %w_local_3, i256 %w_local_4, i256 %w_local_5, i256 %w_local_6, i256 %w_local_7, i4 %lshr_ln, i1 %trunc_ln356, i256 %x_buf, i16 %void_UpConv_Fused_Row_ap_uint_ap_uint_const_ap_uint_const_ap_uint_const_ap_u_9, i16 %void_UpConv_Fused_Row_ap_uint_ap_uint_const_ap_uint_const_ap_uint_const_ap_u_8, i16 %void_UpConv_Fused_Row_ap_uint_ap_uint_const_ap_uint_const_ap_uint_const_ap_u_7, i16 %void_UpConv_Fused_Row_ap_uint_ap_uint_const_ap_uint_const_ap_uint_const_ap_u_6, i16 %void_UpConv_Fused_Row_ap_uint_ap_uint_const_ap_uint_const_ap_uint_const_ap_u_5, i16 %void_UpConv_Fused_Row_ap_uint_ap_uint_const_ap_uint_const_ap_uint_const_ap_u_4, i16 %void_UpConv_Fused_Row_ap_uint_ap_uint_const_ap_uint_const_ap_uint_const_ap_u_3, i16 %void_UpConv_Fused_Row_ap_uint_ap_uint_const_ap_uint_const_ap_uint_const_ap_u_2, i16 %void_UpConv_Fused_Row_ap_uint_ap_uint_const_ap_uint_const_ap_uint_const_ap_u_1, i16 %void_UpConv_Fused_Row_ap_uint_ap_uint_const_ap_uint_const_ap_uint_const_ap_u, i16 %p_ZZ16UpConv_Fused_RowILi8ELi32ELi32ELi480ELi240EEvP7ap_uintILi256EEPKS1_S4_S4_S4_5, i16 %p_ZZ16UpConv_Fused_RowILi8ELi32ELi32ELi480ELi240EEvP7ap_uintILi256EEPKS1_S4_S4_S4_4, i16 %p_ZZ16UpConv_Fused_RowILi8ELi32ELi32ELi480ELi240EEvP7ap_uintILi256EEPKS1_S4_S4_S4_3, i16 %p_ZZ16UpConv_Fused_RowILi8ELi32ELi32ELi480ELi240EEvP7ap_uintILi256EEPKS1_S4_S4_S4_2, i16 %p_ZZ16UpConv_Fused_RowILi8ELi32ELi32ELi480ELi240EEvP7ap_uintILi256EEPKS1_S4_S4_S4_1, i16 %p_ZZ16UpConv_Fused_RowILi8ELi32ELi32ELi480ELi240EEvP7ap_uintILi256EEPKS1_S4_S4_S4" [../gen/Hls_Layers_UpConv.tpp:114->../gen/Hls_Layers_UpConv.tpp:358]   --->   Operation 69 'call' 'call_ln114' <Predicate = (!or_ln118)> <Delay = 0.00> <CoreType = "Generic">   --->   Generic Core
ST_5 : Operation 70 [1/1] (0.00ns)   --->   "%br_ln0 = br void %cleanup114.i"   --->   Operation 70 'br' 'br_ln0' <Predicate = (!or_ln118)> <Delay = 0.00>
ST_5 : Operation 71 [1/1] (0.00ns)   --->   "%br_ln114 = br void %for.body.i93" [../gen/Hls_Layers_UpConv.tpp:114->../gen/Hls_Layers_UpConv.tpp:358]   --->   Operation 71 'br' 'br_ln114' <Predicate = true> <Delay = 0.00>


============================================================
+ Verbose Summary: Timing violations
============================================================
Target clock period: 3.333ns, clock uncertainty: 0.900ns.

 <State 1>: 0.427ns
The critical path consists of the following:
	'alloca' operation 5 bit ('tile', ../gen/Hls_Layers_UpConv.tpp:106->../gen/Hls_Layers_UpConv.tpp:358) [21]  (0.000 ns)
	'store' operation 0 bit ('store_ln106', ../gen/Hls_Layers_UpConv.tpp:106->../gen/Hls_Layers_UpConv.tpp:358) of constant 0 on local variable 'tile', ../gen/Hls_Layers_UpConv.tpp:106->../gen/Hls_Layers_UpConv.tpp:358 [42]  (0.427 ns)

 <State 2>: 0.789ns
The critical path consists of the following:
	'load' operation 5 bit ('tile', ../gen/Hls_Layers_UpConv.tpp:356) on local variable 'tile', ../gen/Hls_Layers_UpConv.tpp:106->../gen/Hls_Layers_UpConv.tpp:358 [45]  (0.000 ns)
	'icmp' operation 1 bit ('icmp_ln356', ../gen/Hls_Layers_UpConv.tpp:356) [46]  (0.789 ns)

 <State 3>: 0.427ns
The critical path consists of the following:
	multiplexor before 'phi' operation 2 bit ('kh') with incoming values : ('kh', ../gen/Hls_Layers_UpConv.tpp:114->../gen/Hls_Layers_UpConv.tpp:358) [57]  (0.427 ns)

 <State 4>: 2.076ns
The critical path consists of the following:
	'phi' operation 2 bit ('kh') with incoming values : ('kh', ../gen/Hls_Layers_UpConv.tpp:114->../gen/Hls_Layers_UpConv.tpp:358) [57]  (0.000 ns)
	'sub' operation 8 bit ('hpk', ../gen/Hls_Layers_UpConv.tpp:115->../gen/Hls_Layers_UpConv.tpp:358) [65]  (0.773 ns)
	'icmp' operation 1 bit ('icmp_ln118', ../gen/Hls_Layers_UpConv.tpp:118->../gen/Hls_Layers_UpConv.tpp:358) [69]  (1.016 ns)
	'or' operation 1 bit ('or_ln118', ../gen/Hls_Layers_UpConv.tpp:118->../gen/Hls_Layers_UpConv.tpp:358) [72]  (0.287 ns)
	'call' operation 0 bit ('call_ln114', ../gen/Hls_Layers_UpConv.tpp:114->../gen/Hls_Layers_UpConv.tpp:358) to 'UpConv_Fused_Row<8, 32, 32, 480, 240>_Pipeline_KW_LOOP_FLAT_LOOP' [84]  (0.000 ns)

 <State 5>: 0.000ns
The critical path consists of the following:


============================================================
+ Verbose Summary: Binding
============================================================
N/A
* FSMD analyzer results:
  - Output states:
 - Input state : 
  - Chain level:
	State 1
	State 2
	State 3
	State 4
	State 5


============================================================
+ Verbose Summary: Datapath Resource usage 
============================================================
N/A
