

================================================================
== Vitis HLS Report for 'UpConv_Fused_Row_8_32_32_480_240_Pipeline_RESET_ROW_ACC'
================================================================
* Date:           Tue Jun  2 22:29:32 2026

* Version:        2024.2 (Build 5238294 on Nov  8 2024)
* Project:        upconv_core_top_ucb1
* Solution:       hls (Vivado IP Flow Target)
* Product family: zynquplus
* Target device:  xczu7ev-ffvc1156-2-e


================================================================
== Performance Estimates
================================================================
+ Timing: 
    * Summary: 
    +--------+---------+----------+------------+
    |  Clock |  Target | Estimated| Uncertainty|
    +--------+---------+----------+------------+
    |ap_clk  |  3.33 ns|  2.197 ns|     0.90 ns|
    +--------+---------+----------+------------+

+ Latency: 
    * Summary: 
    +---------+---------+----------+----------+-----+-----+------------------------------------------------+
    |  Latency (cycles) |  Latency (absolute) |  Interval |                    Pipeline                    |
    |   min   |   max   |    min   |    max   | min | max |                      Type                      |
    +---------+---------+----------+----------+-----+-----+------------------------------------------------+
    |      962|      962|  3.206 us|  3.206 us|  961|  961|  loop auto-rewind stp (delay=0 clock cycles(s))|
    +---------+---------+----------+----------+-----+-----+------------------------------------------------+

    + Detail: 
        * Instance: 
        N/A

        * Loop: 
        +-----------------+---------+---------+----------+-----------+-----------+------+----------+
        |                 |  Latency (cycles) | Iteration|  Initiation Interval  | Trip |          |
        |    Loop Name    |   min   |   max   |  Latency |  achieved |   target  | Count| Pipelined|
        +-----------------+---------+---------+----------+-----------+-----------+------+----------+
        |- RESET_ROW_ACC  |      960|      960|         2|          1|          1|   960|       yes|
        +-----------------+---------+---------+----------+-----------+-----------+------+----------+

============================================================
+ Verbose Summary: Synthesis Manager
============================================================
InlineROM: 1
ExposeGlobal: 0
============================================================
+ Verbose Summary: CDFG Model
============================================================
IsTopModel: 0
ResetActiveHigh: 1
IsCombinational: 0
IsDatapathOnly: 0
HasWiredReturn: 1
HasMFsm: 2
HasVarLatency: 1
IsPipeline: 0
IsRtlPipelined: 0
IsInstanceOverlapped: 0
IsDontTouch: 0
HasImplIP: 0
IsGatedGlobalClock: 0

+ Individual pipeline summary: 
  * Pipeline-0: initiation interval (II) = 1, depth = 2


============================================================
+ Verbose Summary: Schedule
============================================================
* Number of FSM states : 2
* Pipeline : 1
  Pipeline-0 : II = 1, D = 2, States = { 1 2 }
* Dataflow Pipeline: 0

* FSM state transitions: 
1 --> 2 
2 --> 

* FSM state operations: 

State 1 <SV = 0> <Delay = 1.64>
ST_1 : Operation 5 [1/1] (0.00ns)   --->   "%m = alloca i32 1" [../gen/Hls_Layers_UpConv.tpp:71->../gen/Hls_Layers_UpConv.tpp:354]   --->   Operation 5 'alloca' 'm' <Predicate = true> <Delay = 0.00>
ST_1 : Operation 6 [1/1] (0.00ns)   --->   "%rcw = alloca i32 1" [../gen/Hls_Layers_UpConv.tpp:70->../gen/Hls_Layers_UpConv.tpp:354]   --->   Operation 6 'alloca' 'rcw' <Predicate = true> <Delay = 0.00>
ST_1 : Operation 7 [1/1] (0.00ns)   --->   "%rw = alloca i32 1" [../gen/Hls_Layers_UpConv.tpp:70->../gen/Hls_Layers_UpConv.tpp:354]   --->   Operation 7 'alloca' 'rw' <Predicate = true> <Delay = 0.00>
ST_1 : Operation 8 [1/1] (0.00ns)   --->   "%specmemcore_ln0 = specmemcore void @_ssdm_op_SpecMemCore, i16 %void_UpConv_Fused_Row_ap_uint_ap_uint_const_ap_uint_const_ap_uint_const_ap_u_9, i64 666, i64 31, i64 18446744073709551615"   --->   Operation 8 'specmemcore' 'specmemcore_ln0' <Predicate = true> <Delay = 0.00>
ST_1 : Operation 9 [1/1] (0.00ns)   --->   "%specmemcore_ln0 = specmemcore void @_ssdm_op_SpecMemCore, i16 %void_UpConv_Fused_Row_ap_uint_ap_uint_const_ap_uint_const_ap_uint_const_ap_u_8, i64 666, i64 31, i64 18446744073709551615"   --->   Operation 9 'specmemcore' 'specmemcore_ln0' <Predicate = true> <Delay = 0.00>
ST_1 : Operation 10 [1/1] (0.00ns)   --->   "%specmemcore_ln0 = specmemcore void @_ssdm_op_SpecMemCore, i16 %void_UpConv_Fused_Row_ap_uint_ap_uint_const_ap_uint_const_ap_uint_const_ap_u_7, i64 666, i64 31, i64 18446744073709551615"   --->   Operation 10 'specmemcore' 'specmemcore_ln0' <Predicate = true> <Delay = 0.00>
ST_1 : Operation 11 [1/1] (0.00ns)   --->   "%specmemcore_ln0 = specmemcore void @_ssdm_op_SpecMemCore, i16 %void_UpConv_Fused_Row_ap_uint_ap_uint_const_ap_uint_const_ap_uint_const_ap_u_6, i64 666, i64 31, i64 18446744073709551615"   --->   Operation 11 'specmemcore' 'specmemcore_ln0' <Predicate = true> <Delay = 0.00>
ST_1 : Operation 12 [1/1] (0.00ns)   --->   "%specmemcore_ln0 = specmemcore void @_ssdm_op_SpecMemCore, i16 %void_UpConv_Fused_Row_ap_uint_ap_uint_const_ap_uint_const_ap_uint_const_ap_u_5, i64 666, i64 31, i64 18446744073709551615"   --->   Operation 12 'specmemcore' 'specmemcore_ln0' <Predicate = true> <Delay = 0.00>
ST_1 : Operation 13 [1/1] (0.00ns)   --->   "%specmemcore_ln0 = specmemcore void @_ssdm_op_SpecMemCore, i16 %void_UpConv_Fused_Row_ap_uint_ap_uint_const_ap_uint_const_ap_uint_const_ap_u_4, i64 666, i64 31, i64 18446744073709551615"   --->   Operation 13 'specmemcore' 'specmemcore_ln0' <Predicate = true> <Delay = 0.00>
ST_1 : Operation 14 [1/1] (0.00ns)   --->   "%specmemcore_ln0 = specmemcore void @_ssdm_op_SpecMemCore, i16 %void_UpConv_Fused_Row_ap_uint_ap_uint_const_ap_uint_const_ap_uint_const_ap_u_3, i64 666, i64 31, i64 18446744073709551615"   --->   Operation 14 'specmemcore' 'specmemcore_ln0' <Predicate = true> <Delay = 0.00>
ST_1 : Operation 15 [1/1] (0.00ns)   --->   "%specmemcore_ln0 = specmemcore void @_ssdm_op_SpecMemCore, i16 %void_UpConv_Fused_Row_ap_uint_ap_uint_const_ap_uint_const_ap_uint_const_ap_u_2, i64 666, i64 31, i64 18446744073709551615"   --->   Operation 15 'specmemcore' 'specmemcore_ln0' <Predicate = true> <Delay = 0.00>
ST_1 : Operation 16 [1/1] (0.00ns)   --->   "%specmemcore_ln0 = specmemcore void @_ssdm_op_SpecMemCore, i16 %void_UpConv_Fused_Row_ap_uint_ap_uint_const_ap_uint_const_ap_uint_const_ap_u_1, i64 666, i64 31, i64 18446744073709551615"   --->   Operation 16 'specmemcore' 'specmemcore_ln0' <Predicate = true> <Delay = 0.00>
ST_1 : Operation 17 [1/1] (0.00ns)   --->   "%specmemcore_ln0 = specmemcore void @_ssdm_op_SpecMemCore, i16 %void_UpConv_Fused_Row_ap_uint_ap_uint_const_ap_uint_const_ap_uint_const_ap_u, i64 666, i64 31, i64 18446744073709551615"   --->   Operation 17 'specmemcore' 'specmemcore_ln0' <Predicate = true> <Delay = 0.00>
ST_1 : Operation 18 [1/1] (0.00ns)   --->   "%specmemcore_ln0 = specmemcore void @_ssdm_op_SpecMemCore, i16 %p_ZZ16UpConv_Fused_RowILi8ELi32ELi32ELi480ELi240EEvP7ap_uintILi256EEPKS1_S4_S4_S4_5, i64 666, i64 31, i64 18446744073709551615"   --->   Operation 18 'specmemcore' 'specmemcore_ln0' <Predicate = true> <Delay = 0.00>
ST_1 : Operation 19 [1/1] (0.00ns)   --->   "%specmemcore_ln0 = specmemcore void @_ssdm_op_SpecMemCore, i16 %p_ZZ16UpConv_Fused_RowILi8ELi32ELi32ELi480ELi240EEvP7ap_uintILi256EEPKS1_S4_S4_S4_4, i64 666, i64 31, i64 18446744073709551615"   --->   Operation 19 'specmemcore' 'specmemcore_ln0' <Predicate = true> <Delay = 0.00>
ST_1 : Operation 20 [1/1] (0.00ns)   --->   "%specmemcore_ln0 = specmemcore void @_ssdm_op_SpecMemCore, i16 %p_ZZ16UpConv_Fused_RowILi8ELi32ELi32ELi480ELi240EEvP7ap_uintILi256EEPKS1_S4_S4_S4_3, i64 666, i64 31, i64 18446744073709551615"   --->   Operation 20 'specmemcore' 'specmemcore_ln0' <Predicate = true> <Delay = 0.00>
ST_1 : Operation 21 [1/1] (0.00ns)   --->   "%specmemcore_ln0 = specmemcore void @_ssdm_op_SpecMemCore, i16 %p_ZZ16UpConv_Fused_RowILi8ELi32ELi32ELi480ELi240EEvP7ap_uintILi256EEPKS1_S4_S4_S4_2, i64 666, i64 31, i64 18446744073709551615"   --->   Operation 21 'specmemcore' 'specmemcore_ln0' <Predicate = true> <Delay = 0.00>
ST_1 : Operation 22 [1/1] (0.00ns)   --->   "%specmemcore_ln0 = specmemcore void @_ssdm_op_SpecMemCore, i16 %p_ZZ16UpConv_Fused_RowILi8ELi32ELi32ELi480ELi240EEvP7ap_uintILi256EEPKS1_S4_S4_S4_1, i64 666, i64 31, i64 18446744073709551615"   --->   Operation 22 'specmemcore' 'specmemcore_ln0' <Predicate = true> <Delay = 0.00>
ST_1 : Operation 23 [1/1] (0.00ns)   --->   "%specmemcore_ln0 = specmemcore void @_ssdm_op_SpecMemCore, i16 %p_ZZ16UpConv_Fused_RowILi8ELi32ELi32ELi480ELi240EEvP7ap_uintILi256EEPKS1_S4_S4_S4, i64 666, i64 31, i64 18446744073709551615"   --->   Operation 23 'specmemcore' 'specmemcore_ln0' <Predicate = true> <Delay = 0.00>
ST_1 : Operation 24 [1/1] (0.42ns)   --->   "%store_ln70 = store i32 0, i32 %rw" [../gen/Hls_Layers_UpConv.tpp:70->../gen/Hls_Layers_UpConv.tpp:354]   --->   Operation 24 'store' 'store_ln70' <Predicate = true> <Delay = 0.42>
ST_1 : Operation 25 [1/1] (0.42ns)   --->   "%store_ln70 = store i32 0, i32 %rcw" [../gen/Hls_Layers_UpConv.tpp:70->../gen/Hls_Layers_UpConv.tpp:354]   --->   Operation 25 'store' 'store_ln70' <Predicate = true> <Delay = 0.42>
ST_1 : Operation 26 [1/1] (0.42ns)   --->   "%store_ln71 = store i10 0, i10 %m" [../gen/Hls_Layers_UpConv.tpp:71->../gen/Hls_Layers_UpConv.tpp:354]   --->   Operation 26 'store' 'store_ln71' <Predicate = true> <Delay = 0.42>
ST_1 : Operation 27 [1/1] (0.00ns)   --->   "%br_ln0 = br void %for.body.i"   --->   Operation 27 'br' 'br_ln0' <Predicate = true> <Delay = 0.00>
ST_1 : Operation 28 [1/1] (0.00ns)   --->   "%m_1 = load i10 %m" [../gen/Hls_Layers_UpConv.tpp:71->../gen/Hls_Layers_UpConv.tpp:354]   --->   Operation 28 'load' 'm_1' <Predicate = true> <Delay = 0.00>
ST_1 : Operation 29 [1/1] (0.78ns)   --->   "%icmp_ln71 = icmp_eq  i10 %m_1, i10 960" [../gen/Hls_Layers_UpConv.tpp:71->../gen/Hls_Layers_UpConv.tpp:354]   --->   Operation 29 'icmp' 'icmp_ln71' <Predicate = true> <Delay = 0.78> <CoreInst = "Cmp">   --->   Core 9 'Cmp' <Latency = 0> <II = 1> <Delay = 0.78> <FuncUnit> <Opcode : 'seteq' 'setne' 'setle' 'setge' 'setlt' 'setgt'> <InPorts = 2> <OutPorts = 1>
ST_1 : Operation 30 [1/1] (0.78ns)   --->   "%m_2 = add i10 %m_1, i10 1" [../gen/Hls_Layers_UpConv.tpp:71->../gen/Hls_Layers_UpConv.tpp:354]   --->   Operation 30 'add' 'm_2' <Predicate = true> <Delay = 0.78> <CoreInst = "Adder">   --->   Core 1 'Adder' <Latency = 0> <II = 1> <Delay = 0.78> <FuncUnit> <Opcode : 'add' 'sub'> <InPorts = 2> <OutPorts = 1>
ST_1 : Operation 31 [1/1] (0.00ns)   --->   "%br_ln71 = br i1 %icmp_ln71, void %for.body.i.split, void %TILE_LOOP.exitStub" [../gen/Hls_Layers_UpConv.tpp:71->../gen/Hls_Layers_UpConv.tpp:354]   --->   Operation 31 'br' 'br_ln71' <Predicate = true> <Delay = 0.00>
ST_1 : Operation 32 [1/1] (0.42ns)   --->   "%store_ln71 = store i10 %m_2, i10 %m" [../gen/Hls_Layers_UpConv.tpp:71->../gen/Hls_Layers_UpConv.tpp:354]   --->   Operation 32 'store' 'store_ln71' <Predicate = (!icmp_ln71)> <Delay = 0.42>
ST_1 : Operation 85 [1/1] (0.42ns)   --->   "%ret_ln0 = ret"   --->   Operation 85 'ret' 'ret_ln0' <Predicate = (icmp_ln71)> <Delay = 0.42>

State 2 <SV = 1> <Delay = 2.19>
ST_2 : Operation 33 [1/1] (0.00ns)   --->   "%rcw_load = load i32 %rcw" [../gen/Hls_Layers_UpConv.tpp:71->../gen/Hls_Layers_UpConv.tpp:354]   --->   Operation 33 'load' 'rcw_load' <Predicate = true> <Delay = 0.00>
ST_2 : Operation 34 [1/1] (0.00ns)   --->   "%rw_load = load i32 %rw" [../gen/Hls_Layers_UpConv.tpp:75->../gen/Hls_Layers_UpConv.tpp:354]   --->   Operation 34 'load' 'rw_load' <Predicate = true> <Delay = 0.00>
ST_2 : Operation 35 [1/1] (0.00ns)   --->   "%trunc_ln71 = trunc i32 %rcw_load" [../gen/Hls_Layers_UpConv.tpp:71->../gen/Hls_Layers_UpConv.tpp:354]   --->   Operation 35 'trunc' 'trunc_ln71' <Predicate = true> <Delay = 0.00>
ST_2 : Operation 36 [1/1] (0.00ns)   --->   "%specpipeline_ln72 = specpipeline void @_ssdm_op_SpecPipeline, i32 1, i32 0, i32 0, i32 0, void @empty_1" [../gen/Hls_Layers_UpConv.tpp:72->../gen/Hls_Layers_UpConv.tpp:354]   --->   Operation 36 'specpipeline' 'specpipeline_ln72' <Predicate = true> <Delay = 0.00>
ST_2 : Operation 37 [1/1] (0.00ns)   --->   "%speclooptripcount_ln71 = speclooptripcount void @_ssdm_op_SpecLoopTripCount, i64 960, i64 960, i64 960" [../gen/Hls_Layers_UpConv.tpp:71->../gen/Hls_Layers_UpConv.tpp:354]   --->   Operation 37 'speclooptripcount' 'speclooptripcount_ln71' <Predicate = true> <Delay = 0.00>
ST_2 : Operation 38 [1/1] (0.00ns)   --->   "%specloopname_ln71 = specloopname void @_ssdm_op_SpecLoopName, void @empty_8" [../gen/Hls_Layers_UpConv.tpp:71->../gen/Hls_Layers_UpConv.tpp:354]   --->   Operation 38 'specloopname' 'specloopname_ln71' <Predicate = true> <Delay = 0.00>
ST_2 : Operation 39 [1/1] (0.00ns)   --->   "%trunc_ln75 = trunc i32 %rw_load" [../gen/Hls_Layers_UpConv.tpp:75->../gen/Hls_Layers_UpConv.tpp:354]   --->   Operation 39 'trunc' 'trunc_ln75' <Predicate = true> <Delay = 0.00>
ST_2 : Operation 40 [1/1] (0.00ns)   --->   "%trunc_ln75_1 = trunc i32 %rw_load" [../gen/Hls_Layers_UpConv.tpp:75->../gen/Hls_Layers_UpConv.tpp:354]   --->   Operation 40 'trunc' 'trunc_ln75_1' <Predicate = true> <Delay = 0.00>
ST_2 : Operation 41 [1/1] (0.00ns)   --->   "%p_shl = bitconcatenate i10 @_ssdm_op_BitConcatenate.i10.i6.i4, i6 %trunc_ln75_1, i4 0" [../gen/Hls_Layers_UpConv.tpp:75->../gen/Hls_Layers_UpConv.tpp:354]   --->   Operation 41 'bitconcatenate' 'p_shl' <Predicate = true> <Delay = 0.00>
ST_2 : Operation 42 [1/1] (0.00ns) (grouped into TernaryAdder)   --->   "%sub_ln75 = sub i10 %p_shl, i10 %trunc_ln75" [../gen/Hls_Layers_UpConv.tpp:75->../gen/Hls_Layers_UpConv.tpp:354]   --->   Operation 42 'sub' 'sub_ln75' <Predicate = true> <Delay = 0.00> <CoreInst = "TAddSub">   --->   Core 10 'TAddSub' <Latency = 0> <II = 1> <Delay = 0.48> <IPBlock> <Opcode : '' 'add' 'sub'> <InPorts = 3> <OutPorts = 1> <Sync> <CReg>
ST_2 : Operation 43 [1/1] (0.96ns) (root node of TernaryAdder)   --->   "%add_ln75 = add i10 %sub_ln75, i10 %trunc_ln71" [../gen/Hls_Layers_UpConv.tpp:75->../gen/Hls_Layers_UpConv.tpp:354]   --->   Operation 43 'add' 'add_ln75' <Predicate = true> <Delay = 0.96> <CoreInst = "TAddSub">   --->   Core 10 'TAddSub' <Latency = 0> <II = 1> <Delay = 0.48> <IPBlock> <Opcode : '' 'add' 'sub'> <InPorts = 3> <OutPorts = 1> <Sync> <CReg>
ST_2 : Operation 44 [1/1] (0.00ns)   --->   "%zext_ln75 = zext i10 %add_ln75" [../gen/Hls_Layers_UpConv.tpp:75->../gen/Hls_Layers_UpConv.tpp:354]   --->   Operation 44 'zext' 'zext_ln75' <Predicate = true> <Delay = 0.00>
ST_2 : Operation 45 [1/1] (0.00ns)   --->   "%p_ZZ16UpConv_Fused_RowILi8ELi32ELi32ELi480ELi240EEvP7ap_uintILi256EEPKS1_S4_S4_S4_6 = getelementptr i16 %p_ZZ16UpConv_Fused_RowILi8ELi32ELi32ELi480ELi240EEvP7ap_uintILi256EEPKS1_S4_S4_S4_5, i64 0, i64 %zext_ln75" [../gen/Hls_Layers_UpConv.tpp:75->../gen/Hls_Layers_UpConv.tpp:354]   --->   Operation 45 'getelementptr' 'p_ZZ16UpConv_Fused_RowILi8ELi32ELi32ELi480ELi240EEvP7ap_uintILi256EEPKS1_S4_S4_S4_6' <Predicate = true> <Delay = 0.00>
ST_2 : Operation 46 [1/1] (0.00ns)   --->   "%p_ZZ16UpConv_Fused_RowILi8ELi32ELi32ELi480ELi240EEvP7ap_uintILi256EEPKS1_S4_S4_S4_7 = getelementptr i16 %p_ZZ16UpConv_Fused_RowILi8ELi32ELi32ELi480ELi240EEvP7ap_uintILi256EEPKS1_S4_S4_S4_4, i64 0, i64 %zext_ln75" [../gen/Hls_Layers_UpConv.tpp:75->../gen/Hls_Layers_UpConv.tpp:354]   --->   Operation 46 'getelementptr' 'p_ZZ16UpConv_Fused_RowILi8ELi32ELi32ELi480ELi240EEvP7ap_uintILi256EEPKS1_S4_S4_S4_7' <Predicate = true> <Delay = 0.00>
ST_2 : Operation 47 [1/1] (0.00ns)   --->   "%p_ZZ16UpConv_Fused_RowILi8ELi32ELi32ELi480ELi240EEvP7ap_uintILi256EEPKS1_S4_S4_S4_8 = getelementptr i16 %p_ZZ16UpConv_Fused_RowILi8ELi32ELi32ELi480ELi240EEvP7ap_uintILi256EEPKS1_S4_S4_S4_3, i64 0, i64 %zext_ln75" [../gen/Hls_Layers_UpConv.tpp:75->../gen/Hls_Layers_UpConv.tpp:354]   --->   Operation 47 'getelementptr' 'p_ZZ16UpConv_Fused_RowILi8ELi32ELi32ELi480ELi240EEvP7ap_uintILi256EEPKS1_S4_S4_S4_8' <Predicate = true> <Delay = 0.00>
ST_2 : Operation 48 [1/1] (0.00ns)   --->   "%p_ZZ16UpConv_Fused_RowILi8ELi32ELi32ELi480ELi240EEvP7ap_uintILi256EEPKS1_S4_S4_S4_9 = getelementptr i16 %p_ZZ16UpConv_Fused_RowILi8ELi32ELi32ELi480ELi240EEvP7ap_uintILi256EEPKS1_S4_S4_S4_2, i64 0, i64 %zext_ln75" [../gen/Hls_Layers_UpConv.tpp:75->../gen/Hls_Layers_UpConv.tpp:354]   --->   Operation 48 'getelementptr' 'p_ZZ16UpConv_Fused_RowILi8ELi32ELi32ELi480ELi240EEvP7ap_uintILi256EEPKS1_S4_S4_S4_9' <Predicate = true> <Delay = 0.00>
ST_2 : Operation 49 [1/1] (0.00ns)   --->   "%p_ZZ16UpConv_Fused_RowILi8ELi32ELi32ELi480ELi240EEvP7ap_uintILi256EEPKS1_S4_S4_S4_10 = getelementptr i16 %p_ZZ16UpConv_Fused_RowILi8ELi32ELi32ELi480ELi240EEvP7ap_uintILi256EEPKS1_S4_S4_S4_1, i64 0, i64 %zext_ln75" [../gen/Hls_Layers_UpConv.tpp:75->../gen/Hls_Layers_UpConv.tpp:354]   --->   Operation 49 'getelementptr' 'p_ZZ16UpConv_Fused_RowILi8ELi32ELi32ELi480ELi240EEvP7ap_uintILi256EEPKS1_S4_S4_S4_10' <Predicate = true> <Delay = 0.00>
ST_2 : Operation 50 [1/1] (0.00ns)   --->   "%p_ZZ16UpConv_Fused_RowILi8ELi32ELi32ELi480ELi240EEvP7ap_uintILi256EEPKS1_S4_S4_S4_11 = getelementptr i16 %p_ZZ16UpConv_Fused_RowILi8ELi32ELi32ELi480ELi240EEvP7ap_uintILi256EEPKS1_S4_S4_S4, i64 0, i64 %zext_ln75" [../gen/Hls_Layers_UpConv.tpp:75->../gen/Hls_Layers_UpConv.tpp:354]   --->   Operation 50 'getelementptr' 'p_ZZ16UpConv_Fused_RowILi8ELi32ELi32ELi480ELi240EEvP7ap_uintILi256EEPKS1_S4_S4_S4_11' <Predicate = true> <Delay = 0.00>
ST_2 : Operation 51 [1/1] (0.00ns)   --->   "%void_UpConv_Fused_Row_ap_uint_ap_uint_const_ap_uint_const_ap_uint_const_ap_u_10 = getelementptr i16 %void_UpConv_Fused_Row_ap_uint_ap_uint_const_ap_uint_const_ap_uint_const_ap_u_9, i64 0, i64 %zext_ln75" [../gen/Hls_Layers_UpConv.tpp:75->../gen/Hls_Layers_UpConv.tpp:354]   --->   Operation 51 'getelementptr' 'void_UpConv_Fused_Row_ap_uint_ap_uint_const_ap_uint_const_ap_uint_const_ap_u_10' <Predicate = true> <Delay = 0.00>
ST_2 : Operation 52 [1/1] (0.00ns)   --->   "%void_UpConv_Fused_Row_ap_uint_ap_uint_const_ap_uint_const_ap_uint_const_ap_u_11 = getelementptr i16 %void_UpConv_Fused_Row_ap_uint_ap_uint_const_ap_uint_const_ap_uint_const_ap_u_8, i64 0, i64 %zext_ln75" [../gen/Hls_Layers_UpConv.tpp:75->../gen/Hls_Layers_UpConv.tpp:354]   --->   Operation 52 'getelementptr' 'void_UpConv_Fused_Row_ap_uint_ap_uint_const_ap_uint_const_ap_uint_const_ap_u_11' <Predicate = true> <Delay = 0.00>
ST_2 : Operation 53 [1/1] (0.00ns)   --->   "%void_UpConv_Fused_Row_ap_uint_ap_uint_const_ap_uint_const_ap_uint_const_ap_u_12 = getelementptr i16 %void_UpConv_Fused_Row_ap_uint_ap_uint_const_ap_uint_const_ap_uint_const_ap_u_7, i64 0, i64 %zext_ln75" [../gen/Hls_Layers_UpConv.tpp:75->../gen/Hls_Layers_UpConv.tpp:354]   --->   Operation 53 'getelementptr' 'void_UpConv_Fused_Row_ap_uint_ap_uint_const_ap_uint_const_ap_uint_const_ap_u_12' <Predicate = true> <Delay = 0.00>
ST_2 : Operation 54 [1/1] (0.00ns)   --->   "%void_UpConv_Fused_Row_ap_uint_ap_uint_const_ap_uint_const_ap_uint_const_ap_u_13 = getelementptr i16 %void_UpConv_Fused_Row_ap_uint_ap_uint_const_ap_uint_const_ap_uint_const_ap_u_6, i64 0, i64 %zext_ln75" [../gen/Hls_Layers_UpConv.tpp:75->../gen/Hls_Layers_UpConv.tpp:354]   --->   Operation 54 'getelementptr' 'void_UpConv_Fused_Row_ap_uint_ap_uint_const_ap_uint_const_ap_uint_const_ap_u_13' <Predicate = true> <Delay = 0.00>
ST_2 : Operation 55 [1/1] (0.00ns)   --->   "%void_UpConv_Fused_Row_ap_uint_ap_uint_const_ap_uint_const_ap_uint_const_ap_u_14 = getelementptr i16 %void_UpConv_Fused_Row_ap_uint_ap_uint_const_ap_uint_const_ap_uint_const_ap_u_5, i64 0, i64 %zext_ln75" [../gen/Hls_Layers_UpConv.tpp:75->../gen/Hls_Layers_UpConv.tpp:354]   --->   Operation 55 'getelementptr' 'void_UpConv_Fused_Row_ap_uint_ap_uint_const_ap_uint_const_ap_uint_const_ap_u_14' <Predicate = true> <Delay = 0.00>
ST_2 : Operation 56 [1/1] (0.00ns)   --->   "%void_UpConv_Fused_Row_ap_uint_ap_uint_const_ap_uint_const_ap_uint_const_ap_u_15 = getelementptr i16 %void_UpConv_Fused_Row_ap_uint_ap_uint_const_ap_uint_const_ap_uint_const_ap_u_4, i64 0, i64 %zext_ln75" [../gen/Hls_Layers_UpConv.tpp:75->../gen/Hls_Layers_UpConv.tpp:354]   --->   Operation 56 'getelementptr' 'void_UpConv_Fused_Row_ap_uint_ap_uint_const_ap_uint_const_ap_uint_const_ap_u_15' <Predicate = true> <Delay = 0.00>
ST_2 : Operation 57 [1/1] (0.00ns)   --->   "%void_UpConv_Fused_Row_ap_uint_ap_uint_const_ap_uint_const_ap_uint_const_ap_u_16 = getelementptr i16 %void_UpConv_Fused_Row_ap_uint_ap_uint_const_ap_uint_const_ap_uint_const_ap_u_3, i64 0, i64 %zext_ln75" [../gen/Hls_Layers_UpConv.tpp:75->../gen/Hls_Layers_UpConv.tpp:354]   --->   Operation 57 'getelementptr' 'void_UpConv_Fused_Row_ap_uint_ap_uint_const_ap_uint_const_ap_uint_const_ap_u_16' <Predicate = true> <Delay = 0.00>
ST_2 : Operation 58 [1/1] (0.00ns)   --->   "%void_UpConv_Fused_Row_ap_uint_ap_uint_const_ap_uint_const_ap_uint_const_ap_u_17 = getelementptr i16 %void_UpConv_Fused_Row_ap_uint_ap_uint_const_ap_uint_const_ap_uint_const_ap_u_2, i64 0, i64 %zext_ln75" [../gen/Hls_Layers_UpConv.tpp:75->../gen/Hls_Layers_UpConv.tpp:354]   --->   Operation 58 'getelementptr' 'void_UpConv_Fused_Row_ap_uint_ap_uint_const_ap_uint_const_ap_uint_const_ap_u_17' <Predicate = true> <Delay = 0.00>
ST_2 : Operation 59 [1/1] (0.00ns)   --->   "%void_UpConv_Fused_Row_ap_uint_ap_uint_const_ap_uint_const_ap_uint_const_ap_u_18 = getelementptr i16 %void_UpConv_Fused_Row_ap_uint_ap_uint_const_ap_uint_const_ap_uint_const_ap_u_1, i64 0, i64 %zext_ln75" [../gen/Hls_Layers_UpConv.tpp:75->../gen/Hls_Layers_UpConv.tpp:354]   --->   Operation 59 'getelementptr' 'void_UpConv_Fused_Row_ap_uint_ap_uint_const_ap_uint_const_ap_uint_const_ap_u_18' <Predicate = true> <Delay = 0.00>
ST_2 : Operation 60 [1/1] (0.00ns)   --->   "%void_UpConv_Fused_Row_ap_uint_ap_uint_const_ap_uint_const_ap_uint_const_ap_u_19 = getelementptr i16 %void_UpConv_Fused_Row_ap_uint_ap_uint_const_ap_uint_const_ap_uint_const_ap_u, i64 0, i64 %zext_ln75" [../gen/Hls_Layers_UpConv.tpp:75->../gen/Hls_Layers_UpConv.tpp:354]   --->   Operation 60 'getelementptr' 'void_UpConv_Fused_Row_ap_uint_ap_uint_const_ap_uint_const_ap_uint_const_ap_u_19' <Predicate = true> <Delay = 0.00>
ST_2 : Operation 61 [1/1] ( I:1.23ns O:1.23ns )   --->   "%store_ln75 = store i16 0, i10 %void_UpConv_Fused_Row_ap_uint_ap_uint_const_ap_uint_const_ap_uint_const_ap_u_10" [../gen/Hls_Layers_UpConv.tpp:75->../gen/Hls_Layers_UpConv.tpp:354]   --->   Operation 61 'store' 'store_ln75' <Predicate = true> <Delay = 1.23> <CoreInst = "RAM_T2P_URAM">   --->   Core 99 'RAM_T2P_URAM' <Latency = 1> <II = 1> <Delay = 1.23> <Storage> <Opcode : 'load' 'store'> <Ports = 2> <Width = 16> <Depth = 960> <RAM>
ST_2 : Operation 62 [1/1] ( I:1.23ns O:1.23ns )   --->   "%store_ln75 = store i16 0, i10 %void_UpConv_Fused_Row_ap_uint_ap_uint_const_ap_uint_const_ap_uint_const_ap_u_11" [../gen/Hls_Layers_UpConv.tpp:75->../gen/Hls_Layers_UpConv.tpp:354]   --->   Operation 62 'store' 'store_ln75' <Predicate = true> <Delay = 1.23> <CoreInst = "RAM_T2P_URAM">   --->   Core 99 'RAM_T2P_URAM' <Latency = 1> <II = 1> <Delay = 1.23> <Storage> <Opcode : 'load' 'store'> <Ports = 2> <Width = 16> <Depth = 960> <RAM>
ST_2 : Operation 63 [1/1] ( I:1.23ns O:1.23ns )   --->   "%store_ln75 = store i16 0, i10 %void_UpConv_Fused_Row_ap_uint_ap_uint_const_ap_uint_const_ap_uint_const_ap_u_12" [../gen/Hls_Layers_UpConv.tpp:75->../gen/Hls_Layers_UpConv.tpp:354]   --->   Operation 63 'store' 'store_ln75' <Predicate = true> <Delay = 1.23> <CoreInst = "RAM_T2P_URAM">   --->   Core 99 'RAM_T2P_URAM' <Latency = 1> <II = 1> <Delay = 1.23> <Storage> <Opcode : 'load' 'store'> <Ports = 2> <Width = 16> <Depth = 960> <RAM>
ST_2 : Operation 64 [1/1] ( I:1.23ns O:1.23ns )   --->   "%store_ln75 = store i16 0, i10 %void_UpConv_Fused_Row_ap_uint_ap_uint_const_ap_uint_const_ap_uint_const_ap_u_13" [../gen/Hls_Layers_UpConv.tpp:75->../gen/Hls_Layers_UpConv.tpp:354]   --->   Operation 64 'store' 'store_ln75' <Predicate = true> <Delay = 1.23> <CoreInst = "RAM_T2P_URAM">   --->   Core 99 'RAM_T2P_URAM' <Latency = 1> <II = 1> <Delay = 1.23> <Storage> <Opcode : 'load' 'store'> <Ports = 2> <Width = 16> <Depth = 960> <RAM>
ST_2 : Operation 65 [1/1] ( I:1.23ns O:1.23ns )   --->   "%store_ln75 = store i16 0, i10 %void_UpConv_Fused_Row_ap_uint_ap_uint_const_ap_uint_const_ap_uint_const_ap_u_14" [../gen/Hls_Layers_UpConv.tpp:75->../gen/Hls_Layers_UpConv.tpp:354]   --->   Operation 65 'store' 'store_ln75' <Predicate = true> <Delay = 1.23> <CoreInst = "RAM_T2P_URAM">   --->   Core 99 'RAM_T2P_URAM' <Latency = 1> <II = 1> <Delay = 1.23> <Storage> <Opcode : 'load' 'store'> <Ports = 2> <Width = 16> <Depth = 960> <RAM>
ST_2 : Operation 66 [1/1] ( I:1.23ns O:1.23ns )   --->   "%store_ln75 = store i16 0, i10 %void_UpConv_Fused_Row_ap_uint_ap_uint_const_ap_uint_const_ap_uint_const_ap_u_15" [../gen/Hls_Layers_UpConv.tpp:75->../gen/Hls_Layers_UpConv.tpp:354]   --->   Operation 66 'store' 'store_ln75' <Predicate = true> <Delay = 1.23> <CoreInst = "RAM_T2P_URAM">   --->   Core 99 'RAM_T2P_URAM' <Latency = 1> <II = 1> <Delay = 1.23> <Storage> <Opcode : 'load' 'store'> <Ports = 2> <Width = 16> <Depth = 960> <RAM>
ST_2 : Operation 67 [1/1] ( I:1.23ns O:1.23ns )   --->   "%store_ln75 = store i16 0, i10 %void_UpConv_Fused_Row_ap_uint_ap_uint_const_ap_uint_const_ap_uint_const_ap_u_16" [../gen/Hls_Layers_UpConv.tpp:75->../gen/Hls_Layers_UpConv.tpp:354]   --->   Operation 67 'store' 'store_ln75' <Predicate = true> <Delay = 1.23> <CoreInst = "RAM_T2P_URAM">   --->   Core 99 'RAM_T2P_URAM' <Latency = 1> <II = 1> <Delay = 1.23> <Storage> <Opcode : 'load' 'store'> <Ports = 2> <Width = 16> <Depth = 960> <RAM>
ST_2 : Operation 68 [1/1] ( I:1.23ns O:1.23ns )   --->   "%store_ln75 = store i16 0, i10 %void_UpConv_Fused_Row_ap_uint_ap_uint_const_ap_uint_const_ap_uint_const_ap_u_17" [../gen/Hls_Layers_UpConv.tpp:75->../gen/Hls_Layers_UpConv.tpp:354]   --->   Operation 68 'store' 'store_ln75' <Predicate = true> <Delay = 1.23> <CoreInst = "RAM_T2P_URAM">   --->   Core 99 'RAM_T2P_URAM' <Latency = 1> <II = 1> <Delay = 1.23> <Storage> <Opcode : 'load' 'store'> <Ports = 2> <Width = 16> <Depth = 960> <RAM>
ST_2 : Operation 69 [1/1] ( I:1.23ns O:1.23ns )   --->   "%store_ln75 = store i16 0, i10 %void_UpConv_Fused_Row_ap_uint_ap_uint_const_ap_uint_const_ap_uint_const_ap_u_18" [../gen/Hls_Layers_UpConv.tpp:75->../gen/Hls_Layers_UpConv.tpp:354]   --->   Operation 69 'store' 'store_ln75' <Predicate = true> <Delay = 1.23> <CoreInst = "RAM_T2P_URAM">   --->   Core 99 'RAM_T2P_URAM' <Latency = 1> <II = 1> <Delay = 1.23> <Storage> <Opcode : 'load' 'store'> <Ports = 2> <Width = 16> <Depth = 960> <RAM>
ST_2 : Operation 70 [1/1] ( I:1.23ns O:1.23ns )   --->   "%store_ln75 = store i16 0, i10 %void_UpConv_Fused_Row_ap_uint_ap_uint_const_ap_uint_const_ap_uint_const_ap_u_19" [../gen/Hls_Layers_UpConv.tpp:75->../gen/Hls_Layers_UpConv.tpp:354]   --->   Operation 70 'store' 'store_ln75' <Predicate = true> <Delay = 1.23> <CoreInst = "RAM_T2P_URAM">   --->   Core 99 'RAM_T2P_URAM' <Latency = 1> <II = 1> <Delay = 1.23> <Storage> <Opcode : 'load' 'store'> <Ports = 2> <Width = 16> <Depth = 960> <RAM>
ST_2 : Operation 71 [1/1] ( I:1.23ns O:1.23ns )   --->   "%store_ln75 = store i16 0, i10 %p_ZZ16UpConv_Fused_RowILi8ELi32ELi32ELi480ELi240EEvP7ap_uintILi256EEPKS1_S4_S4_S4_6" [../gen/Hls_Layers_UpConv.tpp:75->../gen/Hls_Layers_UpConv.tpp:354]   --->   Operation 71 'store' 'store_ln75' <Predicate = true> <Delay = 1.23> <CoreInst = "RAM_T2P_URAM">   --->   Core 99 'RAM_T2P_URAM' <Latency = 1> <II = 1> <Delay = 1.23> <Storage> <Opcode : 'load' 'store'> <Ports = 2> <Width = 16> <Depth = 960> <RAM>
ST_2 : Operation 72 [1/1] ( I:1.23ns O:1.23ns )   --->   "%store_ln75 = store i16 0, i10 %p_ZZ16UpConv_Fused_RowILi8ELi32ELi32ELi480ELi240EEvP7ap_uintILi256EEPKS1_S4_S4_S4_7" [../gen/Hls_Layers_UpConv.tpp:75->../gen/Hls_Layers_UpConv.tpp:354]   --->   Operation 72 'store' 'store_ln75' <Predicate = true> <Delay = 1.23> <CoreInst = "RAM_T2P_URAM">   --->   Core 99 'RAM_T2P_URAM' <Latency = 1> <II = 1> <Delay = 1.23> <Storage> <Opcode : 'load' 'store'> <Ports = 2> <Width = 16> <Depth = 960> <RAM>
ST_2 : Operation 73 [1/1] ( I:1.23ns O:1.23ns )   --->   "%store_ln75 = store i16 0, i10 %p_ZZ16UpConv_Fused_RowILi8ELi32ELi32ELi480ELi240EEvP7ap_uintILi256EEPKS1_S4_S4_S4_8" [../gen/Hls_Layers_UpConv.tpp:75->../gen/Hls_Layers_UpConv.tpp:354]   --->   Operation 73 'store' 'store_ln75' <Predicate = true> <Delay = 1.23> <CoreInst = "RAM_T2P_URAM">   --->   Core 99 'RAM_T2P_URAM' <Latency = 1> <II = 1> <Delay = 1.23> <Storage> <Opcode : 'load' 'store'> <Ports = 2> <Width = 16> <Depth = 960> <RAM>
ST_2 : Operation 74 [1/1] ( I:1.23ns O:1.23ns )   --->   "%store_ln75 = store i16 0, i10 %p_ZZ16UpConv_Fused_RowILi8ELi32ELi32ELi480ELi240EEvP7ap_uintILi256EEPKS1_S4_S4_S4_9" [../gen/Hls_Layers_UpConv.tpp:75->../gen/Hls_Layers_UpConv.tpp:354]   --->   Operation 74 'store' 'store_ln75' <Predicate = true> <Delay = 1.23> <CoreInst = "RAM_T2P_URAM">   --->   Core 99 'RAM_T2P_URAM' <Latency = 1> <II = 1> <Delay = 1.23> <Storage> <Opcode : 'load' 'store'> <Ports = 2> <Width = 16> <Depth = 960> <RAM>
ST_2 : Operation 75 [1/1] ( I:1.23ns O:1.23ns )   --->   "%store_ln75 = store i16 0, i10 %p_ZZ16UpConv_Fused_RowILi8ELi32ELi32ELi480ELi240EEvP7ap_uintILi256EEPKS1_S4_S4_S4_10" [../gen/Hls_Layers_UpConv.tpp:75->../gen/Hls_Layers_UpConv.tpp:354]   --->   Operation 75 'store' 'store_ln75' <Predicate = true> <Delay = 1.23> <CoreInst = "RAM_T2P_URAM">   --->   Core 99 'RAM_T2P_URAM' <Latency = 1> <II = 1> <Delay = 1.23> <Storage> <Opcode : 'load' 'store'> <Ports = 2> <Width = 16> <Depth = 960> <RAM>
ST_2 : Operation 76 [1/1] ( I:1.23ns O:1.23ns )   --->   "%store_ln75 = store i16 0, i10 %p_ZZ16UpConv_Fused_RowILi8ELi32ELi32ELi480ELi240EEvP7ap_uintILi256EEPKS1_S4_S4_S4_11" [../gen/Hls_Layers_UpConv.tpp:75->../gen/Hls_Layers_UpConv.tpp:354]   --->   Operation 76 'store' 'store_ln75' <Predicate = true> <Delay = 1.23> <CoreInst = "RAM_T2P_URAM">   --->   Core 99 'RAM_T2P_URAM' <Latency = 1> <II = 1> <Delay = 1.23> <Storage> <Opcode : 'load' 'store'> <Ports = 2> <Width = 16> <Depth = 960> <RAM>
ST_2 : Operation 77 [1/1] (1.01ns)   --->   "%icmp_ln77 = icmp_eq  i32 %rcw_load, i32 14" [../gen/Hls_Layers_UpConv.tpp:77->../gen/Hls_Layers_UpConv.tpp:354]   --->   Operation 77 'icmp' 'icmp_ln77' <Predicate = true> <Delay = 1.01> <CoreInst = "Cmp">   --->   Core 9 'Cmp' <Latency = 0> <II = 1> <Delay = 1.01> <FuncUnit> <Opcode : 'seteq' 'setne' 'setle' 'setge' 'setlt' 'setgt'> <InPorts = 2> <OutPorts = 1>
ST_2 : Operation 78 [1/1] (1.01ns)   --->   "%rw_1 = add i32 %rw_load, i32 1" [../gen/Hls_Layers_UpConv.tpp:77->../gen/Hls_Layers_UpConv.tpp:354]   --->   Operation 78 'add' 'rw_1' <Predicate = true> <Delay = 1.01> <CoreInst = "Adder">   --->   Core 1 'Adder' <Latency = 0> <II = 1> <Delay = 1.01> <FuncUnit> <Opcode : 'add' 'sub'> <InPorts = 2> <OutPorts = 1>
ST_2 : Operation 79 [1/1] (1.01ns)   --->   "%rcw_1 = add i32 %rcw_load, i32 1" [../gen/Hls_Layers_UpConv.tpp:77->../gen/Hls_Layers_UpConv.tpp:354]   --->   Operation 79 'add' 'rcw_1' <Predicate = true> <Delay = 1.01> <CoreInst = "Adder">   --->   Core 1 'Adder' <Latency = 0> <II = 1> <Delay = 1.01> <FuncUnit> <Opcode : 'add' 'sub'> <InPorts = 2> <OutPorts = 1>
ST_2 : Operation 80 [1/1] (0.44ns)   --->   "%rcw_2 = select i1 %icmp_ln77, i32 0, i32 %rcw_1" [../gen/Hls_Layers_UpConv.tpp:77->../gen/Hls_Layers_UpConv.tpp:354]   --->   Operation 80 'select' 'rcw_2' <Predicate = true> <Delay = 0.44> <CoreInst = "Sel">   --->   Core 73 'Sel' <Latency = 0> <II = 1> <Delay = 0.44> <FuncUnit> <Opcode : 'select'> <InPorts = 3> <OutPorts = 1>
ST_2 : Operation 81 [1/1] (0.44ns)   --->   "%rw_2 = select i1 %icmp_ln77, i32 %rw_1, i32 %rw_load" [../gen/Hls_Layers_UpConv.tpp:77->../gen/Hls_Layers_UpConv.tpp:354]   --->   Operation 81 'select' 'rw_2' <Predicate = true> <Delay = 0.44> <CoreInst = "Sel">   --->   Core 73 'Sel' <Latency = 0> <II = 1> <Delay = 0.44> <FuncUnit> <Opcode : 'select'> <InPorts = 3> <OutPorts = 1>
ST_2 : Operation 82 [1/1] (0.42ns)   --->   "%store_ln70 = store i32 %rw_2, i32 %rw" [../gen/Hls_Layers_UpConv.tpp:70->../gen/Hls_Layers_UpConv.tpp:354]   --->   Operation 82 'store' 'store_ln70' <Predicate = true> <Delay = 0.42>
ST_2 : Operation 83 [1/1] (0.42ns)   --->   "%store_ln70 = store i32 %rcw_2, i32 %rcw" [../gen/Hls_Layers_UpConv.tpp:70->../gen/Hls_Layers_UpConv.tpp:354]   --->   Operation 83 'store' 'store_ln70' <Predicate = true> <Delay = 0.42>
ST_2 : Operation 84 [1/1] (0.00ns)   --->   "%br_ln71 = br void %for.body.i" [../gen/Hls_Layers_UpConv.tpp:71->../gen/Hls_Layers_UpConv.tpp:354]   --->   Operation 84 'br' 'br_ln71' <Predicate = true> <Delay = 0.00>


============================================================
+ Verbose Summary: Binding
============================================================
STG Binding: 
---------------- STG Properties BEGIN ----------------
- Is combinational: 0
- Is one-state seq: 0
- Is datapath-only: 0
- Is pipelined: 0
- Is top level: 0
Port [ Return ] is wired: 1; IO mode=ap_ctrl_hs:ce=0
Port [ void_UpConv_Fused_Row_ap_uint_ap_uint_const_ap_uint_const_ap_uint_const_ap_u_9]:  wired=1; compound=1; hidden=0; nouse=0; global=1; static=1; extern=0; dir=1; type=1; pingpong=0; private_global=0; MemPort=[03]; IO mode=ap_memory:ce=0
Port [ void_UpConv_Fused_Row_ap_uint_ap_uint_const_ap_uint_const_ap_uint_const_ap_u_8]:  wired=1; compound=1; hidden=0; nouse=0; global=1; static=1; extern=0; dir=1; type=1; pingpong=0; private_global=0; MemPort=[03]; IO mode=ap_memory:ce=0
Port [ void_UpConv_Fused_Row_ap_uint_ap_uint_const_ap_uint_const_ap_uint_const_ap_u_7]:  wired=1; compound=1; hidden=0; nouse=0; global=1; static=1; extern=0; dir=1; type=1; pingpong=0; private_global=0; MemPort=[03]; IO mode=ap_memory:ce=0
Port [ void_UpConv_Fused_Row_ap_uint_ap_uint_const_ap_uint_const_ap_uint_const_ap_u_6]:  wired=1; compound=1; hidden=0; nouse=0; global=1; static=1; extern=0; dir=1; type=1; pingpong=0; private_global=0; MemPort=[03]; IO mode=ap_memory:ce=0
Port [ void_UpConv_Fused_Row_ap_uint_ap_uint_const_ap_uint_const_ap_uint_const_ap_u_5]:  wired=1; compound=1; hidden=0; nouse=0; global=1; static=1; extern=0; dir=1; type=1; pingpong=0; private_global=0; MemPort=[03]; IO mode=ap_memory:ce=0
Port [ void_UpConv_Fused_Row_ap_uint_ap_uint_const_ap_uint_const_ap_uint_const_ap_u_4]:  wired=1; compound=1; hidden=0; nouse=0; global=1; static=1; extern=0; dir=1; type=1; pingpong=0; private_global=0; MemPort=[03]; IO mode=ap_memory:ce=0
Port [ void_UpConv_Fused_Row_ap_uint_ap_uint_const_ap_uint_const_ap_uint_const_ap_u_3]:  wired=1; compound=1; hidden=0; nouse=0; global=1; static=1; extern=0; dir=1; type=1; pingpong=0; private_global=0; MemPort=[03]; IO mode=ap_memory:ce=0
Port [ void_UpConv_Fused_Row_ap_uint_ap_uint_const_ap_uint_const_ap_uint_const_ap_u_2]:  wired=1; compound=1; hidden=0; nouse=0; global=1; static=1; extern=0; dir=1; type=1; pingpong=0; private_global=0; MemPort=[03]; IO mode=ap_memory:ce=0
Port [ void_UpConv_Fused_Row_ap_uint_ap_uint_const_ap_uint_const_ap_uint_const_ap_u_1]:  wired=1; compound=1; hidden=0; nouse=0; global=1; static=1; extern=0; dir=1; type=1; pingpong=0; private_global=0; MemPort=[03]; IO mode=ap_memory:ce=0
Port [ void_UpConv_Fused_Row_ap_uint_ap_uint_const_ap_uint_const_ap_uint_const_ap_u]:  wired=1; compound=1; hidden=0; nouse=0; global=1; static=1; extern=0; dir=1; type=1; pingpong=0; private_global=0; MemPort=[03]; IO mode=ap_memory:ce=0
Port [ p_ZZ16UpConv_Fused_RowILi8ELi32ELi32ELi480ELi240EEvP7ap_uintILi256EEPKS1_S4_S4_S4_5]:  wired=1; compound=1; hidden=0; nouse=0; global=1; static=1; extern=0; dir=1; type=1; pingpong=0; private_global=0; MemPort=[03]; IO mode=ap_memory:ce=0
Port [ p_ZZ16UpConv_Fused_RowILi8ELi32ELi32ELi480ELi240EEvP7ap_uintILi256EEPKS1_S4_S4_S4_4]:  wired=1; compound=1; hidden=0; nouse=0; global=1; static=1; extern=0; dir=1; type=1; pingpong=0; private_global=0; MemPort=[03]; IO mode=ap_memory:ce=0
Port [ p_ZZ16UpConv_Fused_RowILi8ELi32ELi32ELi480ELi240EEvP7ap_uintILi256EEPKS1_S4_S4_S4_3]:  wired=1; compound=1; hidden=0; nouse=0; global=1; static=1; extern=0; dir=1; type=1; pingpong=0; private_global=0; MemPort=[03]; IO mode=ap_memory:ce=0
Port [ p_ZZ16UpConv_Fused_RowILi8ELi32ELi32ELi480ELi240EEvP7ap_uintILi256EEPKS1_S4_S4_S4_2]:  wired=1; compound=1; hidden=0; nouse=0; global=1; static=1; extern=0; dir=1; type=1; pingpong=0; private_global=0; MemPort=[03]; IO mode=ap_memory:ce=0
Port [ p_ZZ16UpConv_Fused_RowILi8ELi32ELi32ELi480ELi240EEvP7ap_uintILi256EEPKS1_S4_S4_S4_1]:  wired=1; compound=1; hidden=0; nouse=0; global=1; static=1; extern=0; dir=1; type=1; pingpong=0; private_global=0; MemPort=[03]; IO mode=ap_memory:ce=0
Port [ p_ZZ16UpConv_Fused_RowILi8ELi32ELi32ELi480ELi240EEvP7ap_uintILi256EEPKS1_S4_S4_S4]:  wired=1; compound=1; hidden=0; nouse=0; global=1; static=1; extern=0; dir=1; type=1; pingpong=0; private_global=0; MemPort=[03]; IO mode=ap_memory:ce=0
---------------- STG Properties END ------------------

---------------- Datapath Model BEGIN ----------------

<LifeTime>
<method=bitvector/>
m                                                                                    (alloca           ) [ 010]
rcw                                                                                  (alloca           ) [ 011]
rw                                                                                   (alloca           ) [ 011]
specmemcore_ln0                                                                      (specmemcore      ) [ 000]
specmemcore_ln0                                                                      (specmemcore      ) [ 000]
specmemcore_ln0                                                                      (specmemcore      ) [ 000]
specmemcore_ln0                                                                      (specmemcore      ) [ 000]
specmemcore_ln0                                                                      (specmemcore      ) [ 000]
specmemcore_ln0                                                                      (specmemcore      ) [ 000]
specmemcore_ln0                                                                      (specmemcore      ) [ 000]
specmemcore_ln0                                                                      (specmemcore      ) [ 000]
specmemcore_ln0                                                                      (specmemcore      ) [ 000]
specmemcore_ln0                                                                      (specmemcore      ) [ 000]
specmemcore_ln0                                                                      (specmemcore      ) [ 000]
specmemcore_ln0                                                                      (specmemcore      ) [ 000]
specmemcore_ln0                                                                      (specmemcore      ) [ 000]
specmemcore_ln0                                                                      (specmemcore      ) [ 000]
specmemcore_ln0                                                                      (specmemcore      ) [ 000]
specmemcore_ln0                                                                      (specmemcore      ) [ 000]
store_ln70                                                                           (store            ) [ 000]
store_ln70                                                                           (store            ) [ 000]
store_ln71                                                                           (store            ) [ 000]
br_ln0                                                                               (br               ) [ 000]
m_1                                                                                  (load             ) [ 000]
icmp_ln71                                                                            (icmp             ) [ 010]
m_2                                                                                  (add              ) [ 000]
br_ln71                                                                              (br               ) [ 000]
store_ln71                                                                           (store            ) [ 000]
rcw_load                                                                             (load             ) [ 000]
rw_load                                                                              (load             ) [ 000]
trunc_ln71                                                                           (trunc            ) [ 000]
specpipeline_ln72                                                                    (specpipeline     ) [ 000]
speclooptripcount_ln71                                                               (speclooptripcount) [ 000]
specloopname_ln71                                                                    (specloopname     ) [ 000]
trunc_ln75                                                                           (trunc            ) [ 000]
trunc_ln75_1                                                                         (trunc            ) [ 000]
p_shl                                                                                (bitconcatenate   ) [ 000]
sub_ln75                                                                             (sub              ) [ 000]
add_ln75                                                                             (add              ) [ 000]
zext_ln75                                                                            (zext             ) [ 000]
p_ZZ16UpConv_Fused_RowILi8ELi32ELi32ELi480ELi240EEvP7ap_uintILi256EEPKS1_S4_S4_S4_6  (getelementptr    ) [ 000]
p_ZZ16UpConv_Fused_RowILi8ELi32ELi32ELi480ELi240EEvP7ap_uintILi256EEPKS1_S4_S4_S4_7  (getelementptr    ) [ 000]
p_ZZ16UpConv_Fused_RowILi8ELi32ELi32ELi480ELi240EEvP7ap_uintILi256EEPKS1_S4_S4_S4_8  (getelementptr    ) [ 000]
p_ZZ16UpConv_Fused_RowILi8ELi32ELi32ELi480ELi240EEvP7ap_uintILi256EEPKS1_S4_S4_S4_9  (getelementptr    ) [ 000]
p_ZZ16UpConv_Fused_RowILi8ELi32ELi32ELi480ELi240EEvP7ap_uintILi256EEPKS1_S4_S4_S4_10 (getelementptr    ) [ 000]
p_ZZ16UpConv_Fused_RowILi8ELi32ELi32ELi480ELi240EEvP7ap_uintILi256EEPKS1_S4_S4_S4_11 (getelementptr    ) [ 000]
void_UpConv_Fused_Row_ap_uint_ap_uint_const_ap_uint_const_ap_uint_const_ap_u_10      (getelementptr    ) [ 000]
void_UpConv_Fused_Row_ap_uint_ap_uint_const_ap_uint_const_ap_uint_const_ap_u_11      (getelementptr    ) [ 000]
void_UpConv_Fused_Row_ap_uint_ap_uint_const_ap_uint_const_ap_uint_const_ap_u_12      (getelementptr    ) [ 000]
void_UpConv_Fused_Row_ap_uint_ap_uint_const_ap_uint_const_ap_uint_const_ap_u_13      (getelementptr    ) [ 000]
void_UpConv_Fused_Row_ap_uint_ap_uint_const_ap_uint_const_ap_uint_const_ap_u_14      (getelementptr    ) [ 000]
void_UpConv_Fused_Row_ap_uint_ap_uint_const_ap_uint_const_ap_uint_const_ap_u_15      (getelementptr    ) [ 000]
void_UpConv_Fused_Row_ap_uint_ap_uint_const_ap_uint_const_ap_uint_const_ap_u_16      (getelementptr    ) [ 000]
void_UpConv_Fused_Row_ap_uint_ap_uint_const_ap_uint_const_ap_uint_const_ap_u_17      (getelementptr    ) [ 000]
void_UpConv_Fused_Row_ap_uint_ap_uint_const_ap_uint_const_ap_uint_const_ap_u_18      (getelementptr    ) [ 000]
void_UpConv_Fused_Row_ap_uint_ap_uint_const_ap_uint_const_ap_uint_const_ap_u_19      (getelementptr    ) [ 000]
store_ln75                                                                           (store            ) [ 000]
store_ln75                                                                           (store            ) [ 000]
store_ln75                                                                           (store            ) [ 000]
store_ln75                                                                           (store            ) [ 000]
store_ln75                                                                           (store            ) [ 000]
store_ln75                                                                           (store            ) [ 000]
store_ln75                                                                           (store            ) [ 000]
store_ln75                                                                           (store            ) [ 000]
store_ln75                                                                           (store            ) [ 000]
store_ln75                                                                           (store            ) [ 000]
store_ln75                                                                           (store            ) [ 000]
store_ln75                                                                           (store            ) [ 000]
store_ln75                                                                           (store            ) [ 000]
store_ln75                                                                           (store            ) [ 000]
store_ln75                                                                           (store            ) [ 000]
store_ln75                                                                           (store            ) [ 000]
icmp_ln77                                                                            (icmp             ) [ 000]
rw_1                                                                                 (add              ) [ 000]
rcw_1                                                                                (add              ) [ 000]
rcw_2                                                                                (select           ) [ 000]
rw_2                                                                                 (select           ) [ 000]
store_ln70                                                                           (store            ) [ 000]
store_ln70                                                                           (store            ) [ 000]
br_ln71                                                                              (br               ) [ 000]
ret_ln0                                                                              (ret              ) [ 000]
</LifeTime>

<model>

<comp_list>
<comp id="0" class="1000" name="void_UpConv_Fused_Row_ap_uint_ap_uint_const_ap_uint_const_ap_uint_const_ap_u_9">
<pin_list>
<pin id="1" dir="1" index="0" bw="1" slack="0"/>
</pin_list>
<bind>
<StgValue><ssdm name="void_UpConv_Fused_Row_ap_uint_ap_uint_const_ap_uint_const_ap_uint_const_ap_u_9"/><MemPortTyVec>0 3 </MemPortTyVec>
</StgValue>
</bind>
</comp>

<comp id="2" class="1000" name="void_UpConv_Fused_Row_ap_uint_ap_uint_const_ap_uint_const_ap_uint_const_ap_u_8">
<pin_list>
<pin id="3" dir="1" index="0" bw="1" slack="0"/>
</pin_list>
<bind>
<StgValue><ssdm name="void_UpConv_Fused_Row_ap_uint_ap_uint_const_ap_uint_const_ap_uint_const_ap_u_8"/><MemPortTyVec>0 3 </MemPortTyVec>
</StgValue>
</bind>
</comp>

<comp id="4" class="1000" name="void_UpConv_Fused_Row_ap_uint_ap_uint_const_ap_uint_const_ap_uint_const_ap_u_7">
<pin_list>
<pin id="5" dir="1" index="0" bw="1" slack="0"/>
</pin_list>
<bind>
<StgValue><ssdm name="void_UpConv_Fused_Row_ap_uint_ap_uint_const_ap_uint_const_ap_uint_const_ap_u_7"/><MemPortTyVec>0 3 </MemPortTyVec>
</StgValue>
</bind>
</comp>

<comp id="6" class="1000" name="void_UpConv_Fused_Row_ap_uint_ap_uint_const_ap_uint_const_ap_uint_const_ap_u_6">
<pin_list>
<pin id="7" dir="1" index="0" bw="1" slack="0"/>
</pin_list>
<bind>
<StgValue><ssdm name="void_UpConv_Fused_Row_ap_uint_ap_uint_const_ap_uint_const_ap_uint_const_ap_u_6"/><MemPortTyVec>0 3 </MemPortTyVec>
</StgValue>
</bind>
</comp>

<comp id="8" class="1000" name="void_UpConv_Fused_Row_ap_uint_ap_uint_const_ap_uint_const_ap_uint_const_ap_u_5">
<pin_list>
<pin id="9" dir="1" index="0" bw="1" slack="0"/>
</pin_list>
<bind>
<StgValue><ssdm name="void_UpConv_Fused_Row_ap_uint_ap_uint_const_ap_uint_const_ap_uint_const_ap_u_5"/><MemPortTyVec>0 3 </MemPortTyVec>
</StgValue>
</bind>
</comp>

<comp id="10" class="1000" name="void_UpConv_Fused_Row_ap_uint_ap_uint_const_ap_uint_const_ap_uint_const_ap_u_4">
<pin_list>
<pin id="11" dir="1" index="0" bw="1" slack="0"/>
</pin_list>
<bind>
<StgValue><ssdm name="void_UpConv_Fused_Row_ap_uint_ap_uint_const_ap_uint_const_ap_uint_const_ap_u_4"/><MemPortTyVec>0 3 </MemPortTyVec>
</StgValue>
</bind>
</comp>

<comp id="12" class="1000" name="void_UpConv_Fused_Row_ap_uint_ap_uint_const_ap_uint_const_ap_uint_const_ap_u_3">
<pin_list>
<pin id="13" dir="1" index="0" bw="1" slack="0"/>
</pin_list>
<bind>
<StgValue><ssdm name="void_UpConv_Fused_Row_ap_uint_ap_uint_const_ap_uint_const_ap_uint_const_ap_u_3"/><MemPortTyVec>0 3 </MemPortTyVec>
</StgValue>
</bind>
</comp>

<comp id="14" class="1000" name="void_UpConv_Fused_Row_ap_uint_ap_uint_const_ap_uint_const_ap_uint_const_ap_u_2">
<pin_list>
<pin id="15" dir="1" index="0" bw="1" slack="0"/>
</pin_list>
<bind>
<StgValue><ssdm name="void_UpConv_Fused_Row_ap_uint_ap_uint_const_ap_uint_const_ap_uint_const_ap_u_2"/><MemPortTyVec>0 3 </MemPortTyVec>
</StgValue>
</bind>
</comp>

<comp id="16" class="1000" name="void_UpConv_Fused_Row_ap_uint_ap_uint_const_ap_uint_const_ap_uint_const_ap_u_1">
<pin_list>
<pin id="17" dir="1" index="0" bw="1" slack="0"/>
</pin_list>
<bind>
<StgValue><ssdm name="void_UpConv_Fused_Row_ap_uint_ap_uint_const_ap_uint_const_ap_uint_const_ap_u_1"/><MemPortTyVec>0 3 </MemPortTyVec>
</StgValue>
</bind>
</comp>

<comp id="18" class="1000" name="void_UpConv_Fused_Row_ap_uint_ap_uint_const_ap_uint_const_ap_uint_const_ap_u">
<pin_list>
<pin id="19" dir="1" index="0" bw="1" slack="0"/>
</pin_list>
<bind>
<StgValue><ssdm name="void_UpConv_Fused_Row_ap_uint_ap_uint_const_ap_uint_const_ap_uint_const_ap_u"/><MemPortTyVec>0 3 </MemPortTyVec>
</StgValue>
</bind>
</comp>

<comp id="20" class="1000" name="p_ZZ16UpConv_Fused_RowILi8ELi32ELi32ELi480ELi240EEvP7ap_uintILi256EEPKS1_S4_S4_S4_5">
<pin_list>
<pin id="21" dir="1" index="0" bw="1" slack="0"/>
</pin_list>
<bind>
<StgValue><ssdm name="p_ZZ16UpConv_Fused_RowILi8ELi32ELi32ELi480ELi240EEvP7ap_uintILi256EEPKS1_S4_S4_S4_5"/><MemPortTyVec>0 3 </MemPortTyVec>
</StgValue>
</bind>
</comp>

<comp id="22" class="1000" name="p_ZZ16UpConv_Fused_RowILi8ELi32ELi32ELi480ELi240EEvP7ap_uintILi256EEPKS1_S4_S4_S4_4">
<pin_list>
<pin id="23" dir="1" index="0" bw="1" slack="0"/>
</pin_list>
<bind>
<StgValue><ssdm name="p_ZZ16UpConv_Fused_RowILi8ELi32ELi32ELi480ELi240EEvP7ap_uintILi256EEPKS1_S4_S4_S4_4"/><MemPortTyVec>0 3 </MemPortTyVec>
</StgValue>
</bind>
</comp>

<comp id="24" class="1000" name="p_ZZ16UpConv_Fused_RowILi8ELi32ELi32ELi480ELi240EEvP7ap_uintILi256EEPKS1_S4_S4_S4_3">
<pin_list>
<pin id="25" dir="1" index="0" bw="1" slack="0"/>
</pin_list>
<bind>
<StgValue><ssdm name="p_ZZ16UpConv_Fused_RowILi8ELi32ELi32ELi480ELi240EEvP7ap_uintILi256EEPKS1_S4_S4_S4_3"/><MemPortTyVec>0 3 </MemPortTyVec>
</StgValue>
</bind>
</comp>

<comp id="26" class="1000" name="p_ZZ16UpConv_Fused_RowILi8ELi32ELi32ELi480ELi240EEvP7ap_uintILi256EEPKS1_S4_S4_S4_2">
<pin_list>
<pin id="27" dir="1" index="0" bw="1" slack="0"/>
</pin_list>
<bind>
<StgValue><ssdm name="p_ZZ16UpConv_Fused_RowILi8ELi32ELi32ELi480ELi240EEvP7ap_uintILi256EEPKS1_S4_S4_S4_2"/><MemPortTyVec>0 3 </MemPortTyVec>
</StgValue>
</bind>
</comp>

<comp id="28" class="1000" name="p_ZZ16UpConv_Fused_RowILi8ELi32ELi32ELi480ELi240EEvP7ap_uintILi256EEPKS1_S4_S4_S4_1">
<pin_list>
<pin id="29" dir="1" index="0" bw="1" slack="0"/>
</pin_list>
<bind>
<StgValue><ssdm name="p_ZZ16UpConv_Fused_RowILi8ELi32ELi32ELi480ELi240EEvP7ap_uintILi256EEPKS1_S4_S4_S4_1"/><MemPortTyVec>0 3 </MemPortTyVec>
</StgValue>
</bind>
</comp>

<comp id="30" class="1000" name="p_ZZ16UpConv_Fused_RowILi8ELi32ELi32ELi480ELi240EEvP7ap_uintILi256EEPKS1_S4_S4_S4">
<pin_list>
<pin id="31" dir="1" index="0" bw="1" slack="0"/>
</pin_list>
<bind>
<StgValue><ssdm name="p_ZZ16UpConv_Fused_RowILi8ELi32ELi32ELi480ELi240EEvP7ap_uintILi256EEPKS1_S4_S4_S4"/><MemPortTyVec>0 3 </MemPortTyVec>
</StgValue>
</bind>
</comp>

<comp id="32" class="1001" name="const_32">
<pin_list>
<pin id="33" dir="1" index="0" bw="1" slack="0"/>
</pin_list>
<bind>
<StgValue><ssdm name=""/></StgValue>
</bind>
</comp>

<comp id="34" class="1001" name="const_34">
<pin_list>
<pin id="35" dir="1" index="0" bw="1" slack="2147483647"/>
</pin_list>
<bind>
<StgValue><ssdm name="_ssdm_op_SpecMemCore"/></StgValue>
</bind>
</comp>

<comp id="36" class="1001" name="const_36">
<pin_list>
<pin id="37" dir="1" index="0" bw="1" slack="2147483647"/>
</pin_list>
<bind>
<StgValue><ssdm name=""/></StgValue>
</bind>
</comp>

<comp id="38" class="1001" name="const_38">
<pin_list>
<pin id="39" dir="1" index="0" bw="1" slack="2147483647"/>
</pin_list>
<bind>
<StgValue><ssdm name=""/></StgValue>
</bind>
</comp>

<comp id="40" class="1001" name="const_40">
<pin_list>
<pin id="41" dir="1" index="0" bw="1" slack="2147483647"/>
</pin_list>
<bind>
<StgValue><ssdm name=""/></StgValue>
</bind>
</comp>

<comp id="42" class="1001" name="const_42">
<pin_list>
<pin id="43" dir="1" index="0" bw="1" slack="0"/>
</pin_list>
<bind>
<StgValue><ssdm name=""/></StgValue>
</bind>
</comp>

<comp id="44" class="1001" name="const_44">
<pin_list>
<pin id="45" dir="1" index="0" bw="1" slack="0"/>
</pin_list>
<bind>
<StgValue><ssdm name=""/></StgValue>
</bind>
</comp>

<comp id="46" class="1001" name="const_46">
<pin_list>
<pin id="47" dir="1" index="0" bw="1" slack="0"/>
</pin_list>
<bind>
<StgValue><ssdm name=""/></StgValue>
</bind>
</comp>

<comp id="48" class="1001" name="const_48">
<pin_list>
<pin id="49" dir="1" index="0" bw="1" slack="0"/>
</pin_list>
<bind>
<StgValue><ssdm name=""/></StgValue>
</bind>
</comp>

<comp id="50" class="1001" name="const_50">
<pin_list>
<pin id="51" dir="1" index="0" bw="1" slack="2147483647"/>
</pin_list>
<bind>
<StgValue><ssdm name="_ssdm_op_SpecPipeline"/></StgValue>
</bind>
</comp>

<comp id="52" class="1001" name="const_52">
<pin_list>
<pin id="53" dir="1" index="0" bw="1" slack="2147483647"/>
</pin_list>
<bind>
<StgValue><ssdm name="empty_1"/></StgValue>
</bind>
</comp>

<comp id="54" class="1001" name="const_54">
<pin_list>
<pin id="55" dir="1" index="0" bw="1" slack="2147483647"/>
</pin_list>
<bind>
<StgValue><ssdm name="_ssdm_op_SpecLoopTripCount"/></StgValue>
</bind>
</comp>

<comp id="56" class="1001" name="const_56">
<pin_list>
<pin id="57" dir="1" index="0" bw="1" slack="2147483647"/>
</pin_list>
<bind>
<StgValue><ssdm name=""/></StgValue>
</bind>
</comp>

<comp id="58" class="1001" name="const_58">
<pin_list>
<pin id="59" dir="1" index="0" bw="1" slack="2147483647"/>
</pin_list>
<bind>
<StgValue><ssdm name="_ssdm_op_SpecLoopName"/></StgValue>
</bind>
</comp>

<comp id="60" class="1001" name="const_60">
<pin_list>
<pin id="61" dir="1" index="0" bw="1" slack="2147483647"/>
</pin_list>
<bind>
<StgValue><ssdm name="empty_8"/></StgValue>
</bind>
</comp>

<comp id="62" class="1001" name="const_62">
<pin_list>
<pin id="63" dir="1" index="0" bw="1" slack="0"/>
</pin_list>
<bind>
<StgValue><ssdm name="_ssdm_op_BitConcatenate.i10.i6.i4"/></StgValue>
</bind>
</comp>

<comp id="64" class="1001" name="const_64">
<pin_list>
<pin id="65" dir="1" index="0" bw="1" slack="0"/>
</pin_list>
<bind>
<StgValue><ssdm name=""/></StgValue>
</bind>
</comp>

<comp id="66" class="1001" name="const_66">
<pin_list>
<pin id="67" dir="1" index="0" bw="1" slack="0"/>
</pin_list>
<bind>
<StgValue><ssdm name=""/></StgValue>
</bind>
</comp>

<comp id="68" class="1001" name="const_68">
<pin_list>
<pin id="69" dir="1" index="0" bw="1" slack="0"/>
</pin_list>
<bind>
<StgValue><ssdm name=""/></StgValue>
</bind>
</comp>

<comp id="70" class="1001" name="const_70">
<pin_list>
<pin id="71" dir="1" index="0" bw="1" slack="0"/>
</pin_list>
<bind>
<StgValue><ssdm name=""/></StgValue>
</bind>
</comp>

<comp id="72" class="1004" name="m_fu_72">
<pin_list>
<pin id="73" dir="0" index="0" bw="1" slack="0"/>
<pin id="74" dir="1" index="1" bw="10" slack="0"/>
</pin_list>
<bind>
<opcode="alloca(26) " fcode="alloca"/>
<opset="m/1 "/>
</bind>
</comp>

<comp id="76" class="1004" name="rcw_fu_76">
<pin_list>
<pin id="77" dir="0" index="0" bw="1" slack="0"/>
<pin id="78" dir="1" index="1" bw="32" slack="0"/>
</pin_list>
<bind>
<opcode="alloca(26) " fcode="alloca"/>
<opset="rcw/1 "/>
</bind>
</comp>

<comp id="80" class="1004" name="rw_fu_80">
<pin_list>
<pin id="81" dir="0" index="0" bw="1" slack="0"/>
<pin id="82" dir="1" index="1" bw="32" slack="0"/>
</pin_list>
<bind>
<opcode="alloca(26) " fcode="alloca"/>
<opset="rw/1 "/>
</bind>
</comp>

<comp id="84" class="1004" name="p_ZZ16UpConv_Fused_RowILi8ELi32ELi32ELi480ELi240EEvP7ap_uintILi256EEPKS1_S4_S4_S4_6_gep_fu_84">
<pin_list>
<pin id="85" dir="0" index="0" bw="16" slack="0"/>
<pin id="86" dir="0" index="1" bw="1" slack="0"/>
<pin id="87" dir="0" index="2" bw="10" slack="0"/>
<pin id="88" dir="1" index="3" bw="10" slack="0"/>
</pin_list>
<bind>
<opcode="getelementptr(29) " fcode="getelementptr"/>
<opset="p_ZZ16UpConv_Fused_RowILi8ELi32ELi32ELi480ELi240EEvP7ap_uintILi256EEPKS1_S4_S4_S4_6/2 "/>
</bind>
</comp>

<comp id="91" class="1004" name="p_ZZ16UpConv_Fused_RowILi8ELi32ELi32ELi480ELi240EEvP7ap_uintILi256EEPKS1_S4_S4_S4_7_gep_fu_91">
<pin_list>
<pin id="92" dir="0" index="0" bw="16" slack="0"/>
<pin id="93" dir="0" index="1" bw="1" slack="0"/>
<pin id="94" dir="0" index="2" bw="10" slack="0"/>
<pin id="95" dir="1" index="3" bw="10" slack="0"/>
</pin_list>
<bind>
<opcode="getelementptr(29) " fcode="getelementptr"/>
<opset="p_ZZ16UpConv_Fused_RowILi8ELi32ELi32ELi480ELi240EEvP7ap_uintILi256EEPKS1_S4_S4_S4_7/2 "/>
</bind>
</comp>

<comp id="98" class="1004" name="p_ZZ16UpConv_Fused_RowILi8ELi32ELi32ELi480ELi240EEvP7ap_uintILi256EEPKS1_S4_S4_S4_8_gep_fu_98">
<pin_list>
<pin id="99" dir="0" index="0" bw="16" slack="0"/>
<pin id="100" dir="0" index="1" bw="1" slack="0"/>
<pin id="101" dir="0" index="2" bw="10" slack="0"/>
<pin id="102" dir="1" index="3" bw="10" slack="0"/>
</pin_list>
<bind>
<opcode="getelementptr(29) " fcode="getelementptr"/>
<opset="p_ZZ16UpConv_Fused_RowILi8ELi32ELi32ELi480ELi240EEvP7ap_uintILi256EEPKS1_S4_S4_S4_8/2 "/>
</bind>
</comp>

<comp id="105" class="1004" name="p_ZZ16UpConv_Fused_RowILi8ELi32ELi32ELi480ELi240EEvP7ap_uintILi256EEPKS1_S4_S4_S4_9_gep_fu_105">
<pin_list>
<pin id="106" dir="0" index="0" bw="16" slack="0"/>
<pin id="107" dir="0" index="1" bw="1" slack="0"/>
<pin id="108" dir="0" index="2" bw="10" slack="0"/>
<pin id="109" dir="1" index="3" bw="10" slack="0"/>
</pin_list>
<bind>
<opcode="getelementptr(29) " fcode="getelementptr"/>
<opset="p_ZZ16UpConv_Fused_RowILi8ELi32ELi32ELi480ELi240EEvP7ap_uintILi256EEPKS1_S4_S4_S4_9/2 "/>
</bind>
</comp>

<comp id="112" class="1004" name="p_ZZ16UpConv_Fused_RowILi8ELi32ELi32ELi480ELi240EEvP7ap_uintILi256EEPKS1_S4_S4_S4_10_gep_fu_112">
<pin_list>
<pin id="113" dir="0" index="0" bw="16" slack="0"/>
<pin id="114" dir="0" index="1" bw="1" slack="0"/>
<pin id="115" dir="0" index="2" bw="10" slack="0"/>
<pin id="116" dir="1" index="3" bw="10" slack="0"/>
</pin_list>
<bind>
<opcode="getelementptr(29) " fcode="getelementptr"/>
<opset="p_ZZ16UpConv_Fused_RowILi8ELi32ELi32ELi480ELi240EEvP7ap_uintILi256EEPKS1_S4_S4_S4_10/2 "/>
</bind>
</comp>

<comp id="119" class="1004" name="p_ZZ16UpConv_Fused_RowILi8ELi32ELi32ELi480ELi240EEvP7ap_uintILi256EEPKS1_S4_S4_S4_11_gep_fu_119">
<pin_list>
<pin id="120" dir="0" index="0" bw="16" slack="0"/>
<pin id="121" dir="0" index="1" bw="1" slack="0"/>
<pin id="122" dir="0" index="2" bw="10" slack="0"/>
<pin id="123" dir="1" index="3" bw="10" slack="0"/>
</pin_list>
<bind>
<opcode="getelementptr(29) " fcode="getelementptr"/>
<opset="p_ZZ16UpConv_Fused_RowILi8ELi32ELi32ELi480ELi240EEvP7ap_uintILi256EEPKS1_S4_S4_S4_11/2 "/>
</bind>
</comp>

<comp id="126" class="1004" name="void_UpConv_Fused_Row_ap_uint_ap_uint_const_ap_uint_const_ap_uint_const_ap_u_10_gep_fu_126">
<pin_list>
<pin id="127" dir="0" index="0" bw="16" slack="0"/>
<pin id="128" dir="0" index="1" bw="1" slack="0"/>
<pin id="129" dir="0" index="2" bw="10" slack="0"/>
<pin id="130" dir="1" index="3" bw="10" slack="0"/>
</pin_list>
<bind>
<opcode="getelementptr(29) " fcode="getelementptr"/>
<opset="void_UpConv_Fused_Row_ap_uint_ap_uint_const_ap_uint_const_ap_uint_const_ap_u_10/2 "/>
</bind>
</comp>

<comp id="133" class="1004" name="void_UpConv_Fused_Row_ap_uint_ap_uint_const_ap_uint_const_ap_uint_const_ap_u_11_gep_fu_133">
<pin_list>
<pin id="134" dir="0" index="0" bw="16" slack="0"/>
<pin id="135" dir="0" index="1" bw="1" slack="0"/>
<pin id="136" dir="0" index="2" bw="10" slack="0"/>
<pin id="137" dir="1" index="3" bw="10" slack="0"/>
</pin_list>
<bind>
<opcode="getelementptr(29) " fcode="getelementptr"/>
<opset="void_UpConv_Fused_Row_ap_uint_ap_uint_const_ap_uint_const_ap_uint_const_ap_u_11/2 "/>
</bind>
</comp>

<comp id="140" class="1004" name="void_UpConv_Fused_Row_ap_uint_ap_uint_const_ap_uint_const_ap_uint_const_ap_u_12_gep_fu_140">
<pin_list>
<pin id="141" dir="0" index="0" bw="16" slack="0"/>
<pin id="142" dir="0" index="1" bw="1" slack="0"/>
<pin id="143" dir="0" index="2" bw="10" slack="0"/>
<pin id="144" dir="1" index="3" bw="10" slack="0"/>
</pin_list>
<bind>
<opcode="getelementptr(29) " fcode="getelementptr"/>
<opset="void_UpConv_Fused_Row_ap_uint_ap_uint_const_ap_uint_const_ap_uint_const_ap_u_12/2 "/>
</bind>
</comp>

<comp id="147" class="1004" name="void_UpConv_Fused_Row_ap_uint_ap_uint_const_ap_uint_const_ap_uint_const_ap_u_13_gep_fu_147">
<pin_list>
<pin id="148" dir="0" index="0" bw="16" slack="0"/>
<pin id="149" dir="0" index="1" bw="1" slack="0"/>
<pin id="150" dir="0" index="2" bw="10" slack="0"/>
<pin id="151" dir="1" index="3" bw="10" slack="0"/>
</pin_list>
<bind>
<opcode="getelementptr(29) " fcode="getelementptr"/>
<opset="void_UpConv_Fused_Row_ap_uint_ap_uint_const_ap_uint_const_ap_uint_const_ap_u_13/2 "/>
</bind>
</comp>

<comp id="154" class="1004" name="void_UpConv_Fused_Row_ap_uint_ap_uint_const_ap_uint_const_ap_uint_const_ap_u_14_gep_fu_154">
<pin_list>
<pin id="155" dir="0" index="0" bw="16" slack="0"/>
<pin id="156" dir="0" index="1" bw="1" slack="0"/>
<pin id="157" dir="0" index="2" bw="10" slack="0"/>
<pin id="158" dir="1" index="3" bw="10" slack="0"/>
</pin_list>
<bind>
<opcode="getelementptr(29) " fcode="getelementptr"/>
<opset="void_UpConv_Fused_Row_ap_uint_ap_uint_const_ap_uint_const_ap_uint_const_ap_u_14/2 "/>
</bind>
</comp>

<comp id="161" class="1004" name="void_UpConv_Fused_Row_ap_uint_ap_uint_const_ap_uint_const_ap_uint_const_ap_u_15_gep_fu_161">
<pin_list>
<pin id="162" dir="0" index="0" bw="16" slack="0"/>
<pin id="163" dir="0" index="1" bw="1" slack="0"/>
<pin id="164" dir="0" index="2" bw="10" slack="0"/>
<pin id="165" dir="1" index="3" bw="10" slack="0"/>
</pin_list>
<bind>
<opcode="getelementptr(29) " fcode="getelementptr"/>
<opset="void_UpConv_Fused_Row_ap_uint_ap_uint_const_ap_uint_const_ap_uint_const_ap_u_15/2 "/>
</bind>
</comp>

<comp id="168" class="1004" name="void_UpConv_Fused_Row_ap_uint_ap_uint_const_ap_uint_const_ap_uint_const_ap_u_16_gep_fu_168">
<pin_list>
<pin id="169" dir="0" index="0" bw="16" slack="0"/>
<pin id="170" dir="0" index="1" bw="1" slack="0"/>
<pin id="171" dir="0" index="2" bw="10" slack="0"/>
<pin id="172" dir="1" index="3" bw="10" slack="0"/>
</pin_list>
<bind>
<opcode="getelementptr(29) " fcode="getelementptr"/>
<opset="void_UpConv_Fused_Row_ap_uint_ap_uint_const_ap_uint_const_ap_uint_const_ap_u_16/2 "/>
</bind>
</comp>

<comp id="175" class="1004" name="void_UpConv_Fused_Row_ap_uint_ap_uint_const_ap_uint_const_ap_uint_const_ap_u_17_gep_fu_175">
<pin_list>
<pin id="176" dir="0" index="0" bw="16" slack="0"/>
<pin id="177" dir="0" index="1" bw="1" slack="0"/>
<pin id="178" dir="0" index="2" bw="10" slack="0"/>
<pin id="179" dir="1" index="3" bw="10" slack="0"/>
</pin_list>
<bind>
<opcode="getelementptr(29) " fcode="getelementptr"/>
<opset="void_UpConv_Fused_Row_ap_uint_ap_uint_const_ap_uint_const_ap_uint_const_ap_u_17/2 "/>
</bind>
</comp>

<comp id="182" class="1004" name="void_UpConv_Fused_Row_ap_uint_ap_uint_const_ap_uint_const_ap_uint_const_ap_u_18_gep_fu_182">
<pin_list>
<pin id="183" dir="0" index="0" bw="16" slack="0"/>
<pin id="184" dir="0" index="1" bw="1" slack="0"/>
<pin id="185" dir="0" index="2" bw="10" slack="0"/>
<pin id="186" dir="1" index="3" bw="10" slack="0"/>
</pin_list>
<bind>
<opcode="getelementptr(29) " fcode="getelementptr"/>
<opset="void_UpConv_Fused_Row_ap_uint_ap_uint_const_ap_uint_const_ap_uint_const_ap_u_18/2 "/>
</bind>
</comp>

<comp id="189" class="1004" name="void_UpConv_Fused_Row_ap_uint_ap_uint_const_ap_uint_const_ap_uint_const_ap_u_19_gep_fu_189">
<pin_list>
<pin id="190" dir="0" index="0" bw="16" slack="0"/>
<pin id="191" dir="0" index="1" bw="1" slack="0"/>
<pin id="192" dir="0" index="2" bw="10" slack="0"/>
<pin id="193" dir="1" index="3" bw="10" slack="0"/>
</pin_list>
<bind>
<opcode="getelementptr(29) " fcode="getelementptr"/>
<opset="void_UpConv_Fused_Row_ap_uint_ap_uint_const_ap_uint_const_ap_uint_const_ap_u_19/2 "/>
</bind>
</comp>

<comp id="196" class="1004" name="store_ln75_access_fu_196">
<pin_list>
<pin id="197" dir="0" index="0" bw="10" slack="0"/>
<pin id="198" dir="0" index="1" bw="16" slack="0"/>
<pin id="199" dir="0" index="2" bw="0" slack="2147483647"/>
<pin id="200" dir="1" index="3" bw="16" slack="2147483647"/>
</pin_list>
<bind>
<opcode="store(28) " fcode="store"/>
<opset="store_ln75/2 "/>
</bind>
</comp>

<comp id="203" class="1004" name="store_ln75_access_fu_203">
<pin_list>
<pin id="204" dir="0" index="0" bw="10" slack="0"/>
<pin id="205" dir="0" index="1" bw="16" slack="0"/>
<pin id="206" dir="0" index="2" bw="0" slack="2147483647"/>
<pin id="207" dir="1" index="3" bw="16" slack="2147483647"/>
</pin_list>
<bind>
<opcode="store(28) " fcode="store"/>
<opset="store_ln75/2 "/>
</bind>
</comp>

<comp id="210" class="1004" name="store_ln75_access_fu_210">
<pin_list>
<pin id="211" dir="0" index="0" bw="10" slack="0"/>
<pin id="212" dir="0" index="1" bw="16" slack="0"/>
<pin id="213" dir="0" index="2" bw="0" slack="2147483647"/>
<pin id="214" dir="1" index="3" bw="16" slack="2147483647"/>
</pin_list>
<bind>
<opcode="store(28) " fcode="store"/>
<opset="store_ln75/2 "/>
</bind>
</comp>

<comp id="217" class="1004" name="store_ln75_access_fu_217">
<pin_list>
<pin id="218" dir="0" index="0" bw="10" slack="0"/>
<pin id="219" dir="0" index="1" bw="16" slack="0"/>
<pin id="220" dir="0" index="2" bw="0" slack="2147483647"/>
<pin id="221" dir="1" index="3" bw="16" slack="2147483647"/>
</pin_list>
<bind>
<opcode="store(28) " fcode="store"/>
<opset="store_ln75/2 "/>
</bind>
</comp>

<comp id="224" class="1004" name="store_ln75_access_fu_224">
<pin_list>
<pin id="225" dir="0" index="0" bw="10" slack="0"/>
<pin id="226" dir="0" index="1" bw="16" slack="0"/>
<pin id="227" dir="0" index="2" bw="0" slack="2147483647"/>
<pin id="228" dir="1" index="3" bw="16" slack="2147483647"/>
</pin_list>
<bind>
<opcode="store(28) " fcode="store"/>
<opset="store_ln75/2 "/>
</bind>
</comp>

<comp id="231" class="1004" name="store_ln75_access_fu_231">
<pin_list>
<pin id="232" dir="0" index="0" bw="10" slack="0"/>
<pin id="233" dir="0" index="1" bw="16" slack="0"/>
<pin id="234" dir="0" index="2" bw="0" slack="2147483647"/>
<pin id="235" dir="1" index="3" bw="16" slack="2147483647"/>
</pin_list>
<bind>
<opcode="store(28) " fcode="store"/>
<opset="store_ln75/2 "/>
</bind>
</comp>

<comp id="238" class="1004" name="store_ln75_access_fu_238">
<pin_list>
<pin id="239" dir="0" index="0" bw="10" slack="0"/>
<pin id="240" dir="0" index="1" bw="16" slack="0"/>
<pin id="241" dir="0" index="2" bw="0" slack="2147483647"/>
<pin id="242" dir="1" index="3" bw="16" slack="2147483647"/>
</pin_list>
<bind>
<opcode="store(28) " fcode="store"/>
<opset="store_ln75/2 "/>
</bind>
</comp>

<comp id="245" class="1004" name="store_ln75_access_fu_245">
<pin_list>
<pin id="246" dir="0" index="0" bw="10" slack="0"/>
<pin id="247" dir="0" index="1" bw="16" slack="0"/>
<pin id="248" dir="0" index="2" bw="0" slack="2147483647"/>
<pin id="249" dir="1" index="3" bw="16" slack="2147483647"/>
</pin_list>
<bind>
<opcode="store(28) " fcode="store"/>
<opset="store_ln75/2 "/>
</bind>
</comp>

<comp id="252" class="1004" name="store_ln75_access_fu_252">
<pin_list>
<pin id="253" dir="0" index="0" bw="10" slack="0"/>
<pin id="254" dir="0" index="1" bw="16" slack="0"/>
<pin id="255" dir="0" index="2" bw="0" slack="2147483647"/>
<pin id="256" dir="1" index="3" bw="16" slack="2147483647"/>
</pin_list>
<bind>
<opcode="store(28) " fcode="store"/>
<opset="store_ln75/2 "/>
</bind>
</comp>

<comp id="259" class="1004" name="store_ln75_access_fu_259">
<pin_list>
<pin id="260" dir="0" index="0" bw="10" slack="0"/>
<pin id="261" dir="0" index="1" bw="16" slack="0"/>
<pin id="262" dir="0" index="2" bw="0" slack="2147483647"/>
<pin id="263" dir="1" index="3" bw="16" slack="2147483647"/>
</pin_list>
<bind>
<opcode="store(28) " fcode="store"/>
<opset="store_ln75/2 "/>
</bind>
</comp>

<comp id="266" class="1004" name="store_ln75_access_fu_266">
<pin_list>
<pin id="267" dir="0" index="0" bw="10" slack="0"/>
<pin id="268" dir="0" index="1" bw="16" slack="0"/>
<pin id="269" dir="0" index="2" bw="0" slack="2147483647"/>
<pin id="270" dir="1" index="3" bw="16" slack="2147483647"/>
</pin_list>
<bind>
<opcode="store(28) " fcode="store"/>
<opset="store_ln75/2 "/>
</bind>
</comp>

<comp id="273" class="1004" name="store_ln75_access_fu_273">
<pin_list>
<pin id="274" dir="0" index="0" bw="10" slack="0"/>
<pin id="275" dir="0" index="1" bw="16" slack="0"/>
<pin id="276" dir="0" index="2" bw="0" slack="2147483647"/>
<pin id="277" dir="1" index="3" bw="16" slack="2147483647"/>
</pin_list>
<bind>
<opcode="store(28) " fcode="store"/>
<opset="store_ln75/2 "/>
</bind>
</comp>

<comp id="280" class="1004" name="store_ln75_access_fu_280">
<pin_list>
<pin id="281" dir="0" index="0" bw="10" slack="0"/>
<pin id="282" dir="0" index="1" bw="16" slack="0"/>
<pin id="283" dir="0" index="2" bw="0" slack="2147483647"/>
<pin id="284" dir="1" index="3" bw="16" slack="2147483647"/>
</pin_list>
<bind>
<opcode="store(28) " fcode="store"/>
<opset="store_ln75/2 "/>
</bind>
</comp>

<comp id="287" class="1004" name="store_ln75_access_fu_287">
<pin_list>
<pin id="288" dir="0" index="0" bw="10" slack="0"/>
<pin id="289" dir="0" index="1" bw="16" slack="0"/>
<pin id="290" dir="0" index="2" bw="0" slack="2147483647"/>
<pin id="291" dir="1" index="3" bw="16" slack="2147483647"/>
</pin_list>
<bind>
<opcode="store(28) " fcode="store"/>
<opset="store_ln75/2 "/>
</bind>
</comp>

<comp id="294" class="1004" name="store_ln75_access_fu_294">
<pin_list>
<pin id="295" dir="0" index="0" bw="10" slack="0"/>
<pin id="296" dir="0" index="1" bw="16" slack="0"/>
<pin id="297" dir="0" index="2" bw="0" slack="2147483647"/>
<pin id="298" dir="1" index="3" bw="16" slack="2147483647"/>
</pin_list>
<bind>
<opcode="store(28) " fcode="store"/>
<opset="store_ln75/2 "/>
</bind>
</comp>

<comp id="301" class="1004" name="store_ln75_access_fu_301">
<pin_list>
<pin id="302" dir="0" index="0" bw="10" slack="0"/>
<pin id="303" dir="0" index="1" bw="16" slack="0"/>
<pin id="304" dir="0" index="2" bw="0" slack="2147483647"/>
<pin id="305" dir="1" index="3" bw="16" slack="2147483647"/>
</pin_list>
<bind>
<opcode="store(28) " fcode="store"/>
<opset="store_ln75/2 "/>
</bind>
</comp>

<comp id="308" class="1004" name="store_ln70_store_fu_308">
<pin_list>
<pin id="309" dir="0" index="0" bw="1" slack="0"/>
<pin id="310" dir="0" index="1" bw="32" slack="0"/>
<pin id="311" dir="1" index="2" bw="0" slack="2147483647"/>
</pin_list>
<bind>
<opcode="store(28) " fcode="store"/>
<opset="store_ln70/1 "/>
</bind>
</comp>

<comp id="313" class="1004" name="store_ln70_store_fu_313">
<pin_list>
<pin id="314" dir="0" index="0" bw="1" slack="0"/>
<pin id="315" dir="0" index="1" bw="32" slack="0"/>
<pin id="316" dir="1" index="2" bw="0" slack="2147483647"/>
</pin_list>
<bind>
<opcode="store(28) " fcode="store"/>
<opset="store_ln70/1 "/>
</bind>
</comp>

<comp id="318" class="1004" name="store_ln71_store_fu_318">
<pin_list>
<pin id="319" dir="0" index="0" bw="1" slack="0"/>
<pin id="320" dir="0" index="1" bw="10" slack="0"/>
<pin id="321" dir="1" index="2" bw="0" slack="2147483647"/>
</pin_list>
<bind>
<opcode="store(28) " fcode="store"/>
<opset="store_ln71/1 "/>
</bind>
</comp>

<comp id="323" class="1004" name="m_1_load_fu_323">
<pin_list>
<pin id="324" dir="0" index="0" bw="10" slack="0"/>
<pin id="325" dir="1" index="1" bw="10" slack="0"/>
</pin_list>
<bind>
<opcode="load(27) " fcode="load"/>
<opset="m_1/1 "/>
</bind>
</comp>

<comp id="326" class="1004" name="icmp_ln71_fu_326">
<pin_list>
<pin id="327" dir="0" index="0" bw="10" slack="0"/>
<pin id="328" dir="0" index="1" bw="7" slack="0"/>
<pin id="329" dir="1" index="2" bw="1" slack="2147483647"/>
</pin_list>
<bind>
<opcode="icmp(45) " fcode="icmp"/>
<opset="icmp_ln71/1 "/>
</bind>
</comp>

<comp id="332" class="1004" name="m_2_fu_332">
<pin_list>
<pin id="333" dir="0" index="0" bw="10" slack="0"/>
<pin id="334" dir="0" index="1" bw="1" slack="0"/>
<pin id="335" dir="1" index="2" bw="10" slack="0"/>
</pin_list>
<bind>
<opcode="add(8) " fcode="add"/>
<opset="m_2/1 "/>
</bind>
</comp>

<comp id="338" class="1004" name="store_ln71_store_fu_338">
<pin_list>
<pin id="339" dir="0" index="0" bw="10" slack="0"/>
<pin id="340" dir="0" index="1" bw="10" slack="0"/>
<pin id="341" dir="1" index="2" bw="0" slack="2147483647"/>
</pin_list>
<bind>
<opcode="store(28) " fcode="store"/>
<opset="store_ln71/1 "/>
</bind>
</comp>

<comp id="343" class="1004" name="rcw_load_load_fu_343">
<pin_list>
<pin id="344" dir="0" index="0" bw="32" slack="1"/>
<pin id="345" dir="1" index="1" bw="32" slack="0"/>
</pin_list>
<bind>
<opcode="load(27) " fcode="load"/>
<opset="rcw_load/2 "/>
</bind>
</comp>

<comp id="346" class="1004" name="rw_load_load_fu_346">
<pin_list>
<pin id="347" dir="0" index="0" bw="32" slack="1"/>
<pin id="348" dir="1" index="1" bw="32" slack="0"/>
</pin_list>
<bind>
<opcode="load(27) " fcode="load"/>
<opset="rw_load/2 "/>
</bind>
</comp>

<comp id="349" class="1004" name="trunc_ln71_fu_349">
<pin_list>
<pin id="350" dir="0" index="0" bw="32" slack="0"/>
<pin id="351" dir="1" index="1" bw="10" slack="0"/>
</pin_list>
<bind>
<opcode="trunc(33) " fcode="trunc"/>
<opset="trunc_ln71/2 "/>
</bind>
</comp>

<comp id="353" class="1004" name="trunc_ln75_fu_353">
<pin_list>
<pin id="354" dir="0" index="0" bw="32" slack="0"/>
<pin id="355" dir="1" index="1" bw="10" slack="0"/>
</pin_list>
<bind>
<opcode="trunc(33) " fcode="trunc"/>
<opset="trunc_ln75/2 "/>
</bind>
</comp>

<comp id="357" class="1004" name="trunc_ln75_1_fu_357">
<pin_list>
<pin id="358" dir="0" index="0" bw="32" slack="0"/>
<pin id="359" dir="1" index="1" bw="6" slack="0"/>
</pin_list>
<bind>
<opcode="trunc(33) " fcode="trunc"/>
<opset="trunc_ln75_1/2 "/>
</bind>
</comp>

<comp id="361" class="1004" name="p_shl_fu_361">
<pin_list>
<pin id="362" dir="0" index="0" bw="10" slack="0"/>
<pin id="363" dir="0" index="1" bw="6" slack="0"/>
<pin id="364" dir="0" index="2" bw="1" slack="0"/>
<pin id="365" dir="1" index="3" bw="10" slack="0"/>
</pin_list>
<bind>
<opcode="bitconcatenate(1004) " fcode="bitconcatenate"/>
<opset="p_shl/2 "/>
</bind>
</comp>

<comp id="369" class="1004" name="sub_ln75_fu_369">
<pin_list>
<pin id="370" dir="0" index="0" bw="10" slack="0"/>
<pin id="371" dir="0" index="1" bw="10" slack="0"/>
<pin id="372" dir="1" index="2" bw="10" slack="0"/>
</pin_list>
<bind>
<opcode="sub(10) " fcode="sub"/>
<opset="sub_ln75/2 "/>
</bind>
</comp>

<comp id="375" class="1004" name="add_ln75_fu_375">
<pin_list>
<pin id="376" dir="0" index="0" bw="10" slack="0"/>
<pin id="377" dir="0" index="1" bw="10" slack="0"/>
<pin id="378" dir="1" index="2" bw="10" slack="0"/>
</pin_list>
<bind>
<opcode="add(8) " fcode="add"/>
<opset="add_ln75/2 "/>
</bind>
</comp>

<comp id="381" class="1004" name="zext_ln75_fu_381">
<pin_list>
<pin id="382" dir="0" index="0" bw="10" slack="0"/>
<pin id="383" dir="1" index="1" bw="64" slack="0"/>
</pin_list>
<bind>
<opcode="zext(34) " fcode="zext"/>
<opset="zext_ln75/2 "/>
</bind>
</comp>

<comp id="401" class="1004" name="icmp_ln77_fu_401">
<pin_list>
<pin id="402" dir="0" index="0" bw="32" slack="0"/>
<pin id="403" dir="0" index="1" bw="5" slack="0"/>
<pin id="404" dir="1" index="2" bw="1" slack="0"/>
</pin_list>
<bind>
<opcode="icmp(45) " fcode="icmp"/>
<opset="icmp_ln77/2 "/>
</bind>
</comp>

<comp id="407" class="1004" name="rw_1_fu_407">
<pin_list>
<pin id="408" dir="0" index="0" bw="32" slack="0"/>
<pin id="409" dir="0" index="1" bw="1" slack="0"/>
<pin id="410" dir="1" index="2" bw="32" slack="0"/>
</pin_list>
<bind>
<opcode="add(8) " fcode="add"/>
<opset="rw_1/2 "/>
</bind>
</comp>

<comp id="413" class="1004" name="rcw_1_fu_413">
<pin_list>
<pin id="414" dir="0" index="0" bw="32" slack="0"/>
<pin id="415" dir="0" index="1" bw="1" slack="0"/>
<pin id="416" dir="1" index="2" bw="32" slack="0"/>
</pin_list>
<bind>
<opcode="add(8) " fcode="add"/>
<opset="rcw_1/2 "/>
</bind>
</comp>

<comp id="419" class="1004" name="rcw_2_fu_419">
<pin_list>
<pin id="420" dir="0" index="0" bw="1" slack="0"/>
<pin id="421" dir="0" index="1" bw="1" slack="0"/>
<pin id="422" dir="0" index="2" bw="32" slack="0"/>
<pin id="423" dir="1" index="3" bw="32" slack="0"/>
</pin_list>
<bind>
<opcode="select(49) " fcode="select"/>
<opset="rcw_2/2 "/>
</bind>
</comp>

<comp id="427" class="1004" name="rw_2_fu_427">
<pin_list>
<pin id="428" dir="0" index="0" bw="1" slack="0"/>
<pin id="429" dir="0" index="1" bw="32" slack="0"/>
<pin id="430" dir="0" index="2" bw="32" slack="0"/>
<pin id="431" dir="1" index="3" bw="32" slack="0"/>
</pin_list>
<bind>
<opcode="select(49) " fcode="select"/>
<opset="rw_2/2 "/>
</bind>
</comp>

<comp id="435" class="1004" name="store_ln70_store_fu_435">
<pin_list>
<pin id="436" dir="0" index="0" bw="32" slack="0"/>
<pin id="437" dir="0" index="1" bw="32" slack="1"/>
<pin id="438" dir="1" index="2" bw="0" slack="2147483647"/>
</pin_list>
<bind>
<opcode="store(28) " fcode="store"/>
<opset="store_ln70/2 "/>
</bind>
</comp>

<comp id="440" class="1004" name="store_ln70_store_fu_440">
<pin_list>
<pin id="441" dir="0" index="0" bw="32" slack="0"/>
<pin id="442" dir="0" index="1" bw="32" slack="1"/>
<pin id="443" dir="1" index="2" bw="0" slack="2147483647"/>
</pin_list>
<bind>
<opcode="store(28) " fcode="store"/>
<opset="store_ln70/2 "/>
</bind>
</comp>

<comp id="445" class="1005" name="m_reg_445">
<pin_list>
<pin id="446" dir="0" index="0" bw="10" slack="0"/>
<pin id="447" dir="1" index="1" bw="10" slack="0"/>
</pin_list>
<bind>
<opset="m "/>
</bind>
</comp>

<comp id="452" class="1005" name="rcw_reg_452">
<pin_list>
<pin id="453" dir="0" index="0" bw="32" slack="0"/>
<pin id="454" dir="1" index="1" bw="32" slack="0"/>
</pin_list>
<bind>
<opset="rcw "/>
</bind>
</comp>

<comp id="459" class="1005" name="rw_reg_459">
<pin_list>
<pin id="460" dir="0" index="0" bw="32" slack="0"/>
<pin id="461" dir="1" index="1" bw="32" slack="0"/>
</pin_list>
<bind>
<opset="rw "/>
</bind>
</comp>

</comp_list>

<net_list>
<net id="75"><net_src comp="32" pin="0"/><net_sink comp="72" pin=0"/></net>

<net id="79"><net_src comp="32" pin="0"/><net_sink comp="76" pin=0"/></net>

<net id="83"><net_src comp="32" pin="0"/><net_sink comp="80" pin=0"/></net>

<net id="89"><net_src comp="20" pin="0"/><net_sink comp="84" pin=0"/></net>

<net id="90"><net_src comp="66" pin="0"/><net_sink comp="84" pin=1"/></net>

<net id="96"><net_src comp="22" pin="0"/><net_sink comp="91" pin=0"/></net>

<net id="97"><net_src comp="66" pin="0"/><net_sink comp="91" pin=1"/></net>

<net id="103"><net_src comp="24" pin="0"/><net_sink comp="98" pin=0"/></net>

<net id="104"><net_src comp="66" pin="0"/><net_sink comp="98" pin=1"/></net>

<net id="110"><net_src comp="26" pin="0"/><net_sink comp="105" pin=0"/></net>

<net id="111"><net_src comp="66" pin="0"/><net_sink comp="105" pin=1"/></net>

<net id="117"><net_src comp="28" pin="0"/><net_sink comp="112" pin=0"/></net>

<net id="118"><net_src comp="66" pin="0"/><net_sink comp="112" pin=1"/></net>

<net id="124"><net_src comp="30" pin="0"/><net_sink comp="119" pin=0"/></net>

<net id="125"><net_src comp="66" pin="0"/><net_sink comp="119" pin=1"/></net>

<net id="131"><net_src comp="0" pin="0"/><net_sink comp="126" pin=0"/></net>

<net id="132"><net_src comp="66" pin="0"/><net_sink comp="126" pin=1"/></net>

<net id="138"><net_src comp="2" pin="0"/><net_sink comp="133" pin=0"/></net>

<net id="139"><net_src comp="66" pin="0"/><net_sink comp="133" pin=1"/></net>

<net id="145"><net_src comp="4" pin="0"/><net_sink comp="140" pin=0"/></net>

<net id="146"><net_src comp="66" pin="0"/><net_sink comp="140" pin=1"/></net>

<net id="152"><net_src comp="6" pin="0"/><net_sink comp="147" pin=0"/></net>

<net id="153"><net_src comp="66" pin="0"/><net_sink comp="147" pin=1"/></net>

<net id="159"><net_src comp="8" pin="0"/><net_sink comp="154" pin=0"/></net>

<net id="160"><net_src comp="66" pin="0"/><net_sink comp="154" pin=1"/></net>

<net id="166"><net_src comp="10" pin="0"/><net_sink comp="161" pin=0"/></net>

<net id="167"><net_src comp="66" pin="0"/><net_sink comp="161" pin=1"/></net>

<net id="173"><net_src comp="12" pin="0"/><net_sink comp="168" pin=0"/></net>

<net id="174"><net_src comp="66" pin="0"/><net_sink comp="168" pin=1"/></net>

<net id="180"><net_src comp="14" pin="0"/><net_sink comp="175" pin=0"/></net>

<net id="181"><net_src comp="66" pin="0"/><net_sink comp="175" pin=1"/></net>

<net id="187"><net_src comp="16" pin="0"/><net_sink comp="182" pin=0"/></net>

<net id="188"><net_src comp="66" pin="0"/><net_sink comp="182" pin=1"/></net>

<net id="194"><net_src comp="18" pin="0"/><net_sink comp="189" pin=0"/></net>

<net id="195"><net_src comp="66" pin="0"/><net_sink comp="189" pin=1"/></net>

<net id="201"><net_src comp="68" pin="0"/><net_sink comp="196" pin=1"/></net>

<net id="202"><net_src comp="126" pin="3"/><net_sink comp="196" pin=0"/></net>

<net id="208"><net_src comp="68" pin="0"/><net_sink comp="203" pin=1"/></net>

<net id="209"><net_src comp="133" pin="3"/><net_sink comp="203" pin=0"/></net>

<net id="215"><net_src comp="68" pin="0"/><net_sink comp="210" pin=1"/></net>

<net id="216"><net_src comp="140" pin="3"/><net_sink comp="210" pin=0"/></net>

<net id="222"><net_src comp="68" pin="0"/><net_sink comp="217" pin=1"/></net>

<net id="223"><net_src comp="147" pin="3"/><net_sink comp="217" pin=0"/></net>

<net id="229"><net_src comp="68" pin="0"/><net_sink comp="224" pin=1"/></net>

<net id="230"><net_src comp="154" pin="3"/><net_sink comp="224" pin=0"/></net>

<net id="236"><net_src comp="68" pin="0"/><net_sink comp="231" pin=1"/></net>

<net id="237"><net_src comp="161" pin="3"/><net_sink comp="231" pin=0"/></net>

<net id="243"><net_src comp="68" pin="0"/><net_sink comp="238" pin=1"/></net>

<net id="244"><net_src comp="168" pin="3"/><net_sink comp="238" pin=0"/></net>

<net id="250"><net_src comp="68" pin="0"/><net_sink comp="245" pin=1"/></net>

<net id="251"><net_src comp="175" pin="3"/><net_sink comp="245" pin=0"/></net>

<net id="257"><net_src comp="68" pin="0"/><net_sink comp="252" pin=1"/></net>

<net id="258"><net_src comp="182" pin="3"/><net_sink comp="252" pin=0"/></net>

<net id="264"><net_src comp="68" pin="0"/><net_sink comp="259" pin=1"/></net>

<net id="265"><net_src comp="189" pin="3"/><net_sink comp="259" pin=0"/></net>

<net id="271"><net_src comp="68" pin="0"/><net_sink comp="266" pin=1"/></net>

<net id="272"><net_src comp="84" pin="3"/><net_sink comp="266" pin=0"/></net>

<net id="278"><net_src comp="68" pin="0"/><net_sink comp="273" pin=1"/></net>

<net id="279"><net_src comp="91" pin="3"/><net_sink comp="273" pin=0"/></net>

<net id="285"><net_src comp="68" pin="0"/><net_sink comp="280" pin=1"/></net>

<net id="286"><net_src comp="98" pin="3"/><net_sink comp="280" pin=0"/></net>

<net id="292"><net_src comp="68" pin="0"/><net_sink comp="287" pin=1"/></net>

<net id="293"><net_src comp="105" pin="3"/><net_sink comp="287" pin=0"/></net>

<net id="299"><net_src comp="68" pin="0"/><net_sink comp="294" pin=1"/></net>

<net id="300"><net_src comp="112" pin="3"/><net_sink comp="294" pin=0"/></net>

<net id="306"><net_src comp="68" pin="0"/><net_sink comp="301" pin=1"/></net>

<net id="307"><net_src comp="119" pin="3"/><net_sink comp="301" pin=0"/></net>

<net id="312"><net_src comp="42" pin="0"/><net_sink comp="308" pin=0"/></net>

<net id="317"><net_src comp="42" pin="0"/><net_sink comp="313" pin=0"/></net>

<net id="322"><net_src comp="44" pin="0"/><net_sink comp="318" pin=0"/></net>

<net id="330"><net_src comp="323" pin="1"/><net_sink comp="326" pin=0"/></net>

<net id="331"><net_src comp="46" pin="0"/><net_sink comp="326" pin=1"/></net>

<net id="336"><net_src comp="323" pin="1"/><net_sink comp="332" pin=0"/></net>

<net id="337"><net_src comp="48" pin="0"/><net_sink comp="332" pin=1"/></net>

<net id="342"><net_src comp="332" pin="2"/><net_sink comp="338" pin=0"/></net>

<net id="352"><net_src comp="343" pin="1"/><net_sink comp="349" pin=0"/></net>

<net id="356"><net_src comp="346" pin="1"/><net_sink comp="353" pin=0"/></net>

<net id="360"><net_src comp="346" pin="1"/><net_sink comp="357" pin=0"/></net>

<net id="366"><net_src comp="62" pin="0"/><net_sink comp="361" pin=0"/></net>

<net id="367"><net_src comp="357" pin="1"/><net_sink comp="361" pin=1"/></net>

<net id="368"><net_src comp="64" pin="0"/><net_sink comp="361" pin=2"/></net>

<net id="373"><net_src comp="361" pin="3"/><net_sink comp="369" pin=0"/></net>

<net id="374"><net_src comp="353" pin="1"/><net_sink comp="369" pin=1"/></net>

<net id="379"><net_src comp="369" pin="2"/><net_sink comp="375" pin=0"/></net>

<net id="380"><net_src comp="349" pin="1"/><net_sink comp="375" pin=1"/></net>

<net id="384"><net_src comp="375" pin="2"/><net_sink comp="381" pin=0"/></net>

<net id="385"><net_src comp="381" pin="1"/><net_sink comp="84" pin=2"/></net>

<net id="386"><net_src comp="381" pin="1"/><net_sink comp="91" pin=2"/></net>

<net id="387"><net_src comp="381" pin="1"/><net_sink comp="98" pin=2"/></net>

<net id="388"><net_src comp="381" pin="1"/><net_sink comp="105" pin=2"/></net>

<net id="389"><net_src comp="381" pin="1"/><net_sink comp="112" pin=2"/></net>

<net id="390"><net_src comp="381" pin="1"/><net_sink comp="119" pin=2"/></net>

<net id="391"><net_src comp="381" pin="1"/><net_sink comp="126" pin=2"/></net>

<net id="392"><net_src comp="381" pin="1"/><net_sink comp="133" pin=2"/></net>

<net id="393"><net_src comp="381" pin="1"/><net_sink comp="140" pin=2"/></net>

<net id="394"><net_src comp="381" pin="1"/><net_sink comp="147" pin=2"/></net>

<net id="395"><net_src comp="381" pin="1"/><net_sink comp="154" pin=2"/></net>

<net id="396"><net_src comp="381" pin="1"/><net_sink comp="161" pin=2"/></net>

<net id="397"><net_src comp="381" pin="1"/><net_sink comp="168" pin=2"/></net>

<net id="398"><net_src comp="381" pin="1"/><net_sink comp="175" pin=2"/></net>

<net id="399"><net_src comp="381" pin="1"/><net_sink comp="182" pin=2"/></net>

<net id="400"><net_src comp="381" pin="1"/><net_sink comp="189" pin=2"/></net>

<net id="405"><net_src comp="343" pin="1"/><net_sink comp="401" pin=0"/></net>

<net id="406"><net_src comp="70" pin="0"/><net_sink comp="401" pin=1"/></net>

<net id="411"><net_src comp="346" pin="1"/><net_sink comp="407" pin=0"/></net>

<net id="412"><net_src comp="32" pin="0"/><net_sink comp="407" pin=1"/></net>

<net id="417"><net_src comp="343" pin="1"/><net_sink comp="413" pin=0"/></net>

<net id="418"><net_src comp="32" pin="0"/><net_sink comp="413" pin=1"/></net>

<net id="424"><net_src comp="401" pin="2"/><net_sink comp="419" pin=0"/></net>

<net id="425"><net_src comp="42" pin="0"/><net_sink comp="419" pin=1"/></net>

<net id="426"><net_src comp="413" pin="2"/><net_sink comp="419" pin=2"/></net>

<net id="432"><net_src comp="401" pin="2"/><net_sink comp="427" pin=0"/></net>

<net id="433"><net_src comp="407" pin="2"/><net_sink comp="427" pin=1"/></net>

<net id="434"><net_src comp="346" pin="1"/><net_sink comp="427" pin=2"/></net>

<net id="439"><net_src comp="427" pin="3"/><net_sink comp="435" pin=0"/></net>

<net id="444"><net_src comp="419" pin="3"/><net_sink comp="440" pin=0"/></net>

<net id="448"><net_src comp="72" pin="1"/><net_sink comp="445" pin=0"/></net>

<net id="449"><net_src comp="445" pin="1"/><net_sink comp="318" pin=1"/></net>

<net id="450"><net_src comp="445" pin="1"/><net_sink comp="323" pin=0"/></net>

<net id="451"><net_src comp="445" pin="1"/><net_sink comp="338" pin=1"/></net>

<net id="455"><net_src comp="76" pin="1"/><net_sink comp="452" pin=0"/></net>

<net id="456"><net_src comp="452" pin="1"/><net_sink comp="313" pin=1"/></net>

<net id="457"><net_src comp="452" pin="1"/><net_sink comp="343" pin=0"/></net>

<net id="458"><net_src comp="452" pin="1"/><net_sink comp="440" pin=1"/></net>

<net id="462"><net_src comp="80" pin="1"/><net_sink comp="459" pin=0"/></net>

<net id="463"><net_src comp="459" pin="1"/><net_sink comp="308" pin=1"/></net>

<net id="464"><net_src comp="459" pin="1"/><net_sink comp="346" pin=0"/></net>

<net id="465"><net_src comp="459" pin="1"/><net_sink comp="435" pin=1"/></net>

</net_list>

</model> 
---------------- Datapath Model END ------------------

* FSMD analyzer results:
  - Output states:
	Port: void_UpConv_Fused_Row_ap_uint_ap_uint_const_ap_uint_const_ap_uint_const_ap_u_9 | {2 }
	Port: void_UpConv_Fused_Row_ap_uint_ap_uint_const_ap_uint_const_ap_uint_const_ap_u_8 | {2 }
	Port: void_UpConv_Fused_Row_ap_uint_ap_uint_const_ap_uint_const_ap_uint_const_ap_u_7 | {2 }
	Port: void_UpConv_Fused_Row_ap_uint_ap_uint_const_ap_uint_const_ap_uint_const_ap_u_6 | {2 }
	Port: void_UpConv_Fused_Row_ap_uint_ap_uint_const_ap_uint_const_ap_uint_const_ap_u_5 | {2 }
	Port: void_UpConv_Fused_Row_ap_uint_ap_uint_const_ap_uint_const_ap_uint_const_ap_u_4 | {2 }
	Port: void_UpConv_Fused_Row_ap_uint_ap_uint_const_ap_uint_const_ap_uint_const_ap_u_3 | {2 }
	Port: void_UpConv_Fused_Row_ap_uint_ap_uint_const_ap_uint_const_ap_uint_const_ap_u_2 | {2 }
	Port: void_UpConv_Fused_Row_ap_uint_ap_uint_const_ap_uint_const_ap_uint_const_ap_u_1 | {2 }
	Port: void_UpConv_Fused_Row_ap_uint_ap_uint_const_ap_uint_const_ap_uint_const_ap_u | {2 }
	Port: p_ZZ16UpConv_Fused_RowILi8ELi32ELi32ELi480ELi240EEvP7ap_uintILi256EEPKS1_S4_S4_S4_5 | {2 }
	Port: p_ZZ16UpConv_Fused_RowILi8ELi32ELi32ELi480ELi240EEvP7ap_uintILi256EEPKS1_S4_S4_S4_4 | {2 }
	Port: p_ZZ16UpConv_Fused_RowILi8ELi32ELi32ELi480ELi240EEvP7ap_uintILi256EEPKS1_S4_S4_S4_3 | {2 }
	Port: p_ZZ16UpConv_Fused_RowILi8ELi32ELi32ELi480ELi240EEvP7ap_uintILi256EEPKS1_S4_S4_S4_2 | {2 }
	Port: p_ZZ16UpConv_Fused_RowILi8ELi32ELi32ELi480ELi240EEvP7ap_uintILi256EEPKS1_S4_S4_S4_1 | {2 }
	Port: p_ZZ16UpConv_Fused_RowILi8ELi32ELi32ELi480ELi240EEvP7ap_uintILi256EEPKS1_S4_S4_S4 | {2 }
 - Input state : 
  - Chain level:
	State 1
		store_ln70 : 1
		store_ln70 : 1
		store_ln71 : 1
		m_1 : 1
		icmp_ln71 : 2
		m_2 : 2
		br_ln71 : 3
		store_ln71 : 3
	State 2
		trunc_ln71 : 1
		trunc_ln75 : 1
		trunc_ln75_1 : 1
		p_shl : 2
		sub_ln75 : 3
		add_ln75 : 4
		zext_ln75 : 5
		p_ZZ16UpConv_Fused_RowILi8ELi32ELi32ELi480ELi240EEvP7ap_uintILi256EEPKS1_S4_S4_S4_6 : 6
		p_ZZ16UpConv_Fused_RowILi8ELi32ELi32ELi480ELi240EEvP7ap_uintILi256EEPKS1_S4_S4_S4_7 : 6
		p_ZZ16UpConv_Fused_RowILi8ELi32ELi32ELi480ELi240EEvP7ap_uintILi256EEPKS1_S4_S4_S4_8 : 6
		p_ZZ16UpConv_Fused_RowILi8ELi32ELi32ELi480ELi240EEvP7ap_uintILi256EEPKS1_S4_S4_S4_9 : 6
		p_ZZ16UpConv_Fused_RowILi8ELi32ELi32ELi480ELi240EEvP7ap_uintILi256EEPKS1_S4_S4_S4_10 : 6
		p_ZZ16UpConv_Fused_RowILi8ELi32ELi32ELi480ELi240EEvP7ap_uintILi256EEPKS1_S4_S4_S4_11 : 6
		void_UpConv_Fused_Row_ap_uint_ap_uint_const_ap_uint_const_ap_uint_const_ap_u_10 : 6
		void_UpConv_Fused_Row_ap_uint_ap_uint_const_ap_uint_const_ap_uint_const_ap_u_11 : 6
		void_UpConv_Fused_Row_ap_uint_ap_uint_const_ap_uint_const_ap_uint_const_ap_u_12 : 6
		void_UpConv_Fused_Row_ap_uint_ap_uint_const_ap_uint_const_ap_uint_const_ap_u_13 : 6
		void_UpConv_Fused_Row_ap_uint_ap_uint_const_ap_uint_const_ap_uint_const_ap_u_14 : 6
		void_UpConv_Fused_Row_ap_uint_ap_uint_const_ap_uint_const_ap_uint_const_ap_u_15 : 6
		void_UpConv_Fused_Row_ap_uint_ap_uint_const_ap_uint_const_ap_uint_const_ap_u_16 : 6
		void_UpConv_Fused_Row_ap_uint_ap_uint_const_ap_uint_const_ap_uint_const_ap_u_17 : 6
		void_UpConv_Fused_Row_ap_uint_ap_uint_const_ap_uint_const_ap_uint_const_ap_u_18 : 6
		void_UpConv_Fused_Row_ap_uint_ap_uint_const_ap_uint_const_ap_uint_const_ap_u_19 : 6
		store_ln75 : 7
		store_ln75 : 7
		store_ln75 : 7
		store_ln75 : 7
		store_ln75 : 7
		store_ln75 : 7
		store_ln75 : 7
		store_ln75 : 7
		store_ln75 : 7
		store_ln75 : 7
		store_ln75 : 7
		store_ln75 : 7
		store_ln75 : 7
		store_ln75 : 7
		store_ln75 : 7
		store_ln75 : 7
		icmp_ln77 : 1
		rw_1 : 1
		rcw_1 : 1
		rcw_2 : 2
		rw_2 : 2
		store_ln70 : 3
		store_ln70 : 3


============================================================
+ Verbose Summary: Datapath Resource usage 
============================================================

* Functional unit list:
|----------|---------------------|---------|---------|
| Operation|   Functional Unit   |    FF   |   LUT   |
|----------|---------------------|---------|---------|
|          |      m_2_fu_332     |    0    |    17   |
|    add   |   add_ln75_fu_375   |    0    |    18   |
|          |     rw_1_fu_407     |    0    |    39   |
|          |     rcw_1_fu_413    |    0    |    39   |
|----------|---------------------|---------|---------|
|  select  |     rcw_2_fu_419    |    0    |    32   |
|          |     rw_2_fu_427     |    0    |    32   |
|----------|---------------------|---------|---------|
|   icmp   |   icmp_ln71_fu_326  |    0    |    17   |
|          |   icmp_ln77_fu_401  |    0    |    39   |
|----------|---------------------|---------|---------|
|    sub   |   sub_ln75_fu_369   |    0    |    18   |
|----------|---------------------|---------|---------|
|          |  trunc_ln71_fu_349  |    0    |    0    |
|   trunc  |  trunc_ln75_fu_353  |    0    |    0    |
|          | trunc_ln75_1_fu_357 |    0    |    0    |
|----------|---------------------|---------|---------|
|bitconcatenate|     p_shl_fu_361    |    0    |    0    |
|----------|---------------------|---------|---------|
|   zext   |   zext_ln75_fu_381  |    0    |    0    |
|----------|---------------------|---------|---------|
|   Total  |                     |    0    |   251   |
|----------|---------------------|---------|---------|

Memories:
N/A

* Register list:
+-----------+--------+
|           |   FF   |
+-----------+--------+
| m_reg_445 |   10   |
|rcw_reg_452|   32   |
| rw_reg_459|   32   |
+-----------+--------+
|   Total   |   74   |
+-----------+--------+

* Multiplexer (MUX) list: 
|--------|------|------|------|--------|
|  Comp  |  Pin | Size |  BW  | S x BW |
|--------|------|------|------|--------|
|  Total |      |      |      |    0   |
|--------|------|------|------|--------|



* Summary:
+-----------+--------+--------+
|           |   FF   |   LUT  |
+-----------+--------+--------+
|  Function |    0   |   251  |
|   Memory  |    -   |    -   |
|Multiplexer|    -   |    -   |
|  Register |   74   |    -   |
+-----------+--------+--------+
|   Total   |   74   |   251  |
+-----------+--------+--------+
