

================================================================
== Vitis HLS Report for 'UpConv_Fused_Row_8_128_128_120_60_s'
================================================================
* Date:           Mon Jun  1 23:47:11 2026

* Version:        2024.2 (Build 5238294 on Nov  8 2024)
* Project:        upconv_core_top_ucb3
* Solution:       hls (Vivado IP Flow Target)
* Product family: zynquplus
* Target device:  xczu7ev-ffvc1156-2-e


================================================================
== Performance Estimates
================================================================
+ Timing: 
    * Summary: 
    +--------+---------+----------+------------+
    |  Clock |  Target | Estimated| Uncertainty|
    +--------+---------+----------+------------+
    |ap_clk  |  3.33 ns|  2.877 ns|     0.90 ns|
    +--------+---------+----------+------------+

+ Latency: 
    * Summary: 
    +---------+---------+-----------+----------+-------+-------+---------+
    |  Latency (cycles) |  Latency (absolute)  |    Interval   | Pipeline|
    |   min   |   max   |    min    |    max   |  min  |  max  |   Type  |
    +---------+---------+-----------+----------+-------+-------+---------+
    |    17878|    99918|  59.587 us|  0.333 ms|  17878|  99918|       no|
    +---------+---------+-----------+----------+-------+-------+---------+

    + Detail: 
        * Instance: 
        N/A

        * Loop: 
        N/A

============================================================
+ Verbose Summary: Synthesis Manager
============================================================
InlineROM: 1
ExposeGlobal: 0
============================================================
+ Verbose Summary: CDFG Model
============================================================
IsTopModel: 0
ResetActiveHigh: 1
IsCombinational: 0
IsDatapathOnly: 0
HasWiredReturn: 1
HasMFsm: 0
HasVarLatency: 1
IsPipeline: 0
IsRtlPipelined: 0
IsInstanceOverlapped: 0
IsDontTouch: 0
HasImplIP: 0
IsGatedGlobalClock: 0


============================================================
+ Verbose Summary: Schedule
============================================================
* Number of FSM states : 8
* Pipeline : 0
* Dataflow Pipeline: 0

* FSM state transitions: 
1 --> 2 
2 --> 3 
3 --> 4 
4 --> 5 
5 --> 6 
6 --> 7 
7 --> 8 
8 --> 

* FSM state operations: 

State 1 <SV = 0> <Delay = 1.09>
ST_1 : Operation 9 [1/1] (0.00ns)   --->   "%BE_ptr_read = read i64 @_ssdm_op_Read.ap_auto.i64, i64 %BE_ptr"   --->   Operation 9 'read' 'BE_ptr_read' <Predicate = true> <Delay = 0.00>
ST_1 : Operation 10 [1/1] (0.00ns)   --->   "%G_ptr_read = read i64 @_ssdm_op_Read.ap_auto.i64, i64 %G_ptr"   --->   Operation 10 'read' 'G_ptr_read' <Predicate = true> <Delay = 0.00>
ST_1 : Operation 11 [1/1] (0.00ns)   --->   "%B_ptr_read = read i64 @_ssdm_op_Read.ap_auto.i64, i64 %B_ptr"   --->   Operation 11 'read' 'B_ptr_read' <Predicate = true> <Delay = 0.00>
ST_1 : Operation 12 [1/1] (0.00ns)   --->   "%b_buf = alloca i64 1" [../gen/Hls_Layers_UpConv.tpp:214]   --->   Operation 12 'alloca' 'b_buf' <Predicate = true> <Delay = 0.00> <CoreInst = "RAM_T2P_BRAM">   --->   Core 98 'RAM_T2P_BRAM' <Latency = 1> <II = 1> <Delay = 1.23> <Storage> <Opcode : 'load' 'store'> <Ports = 2> <Width = 256> <Depth = 4> <RAM>
ST_1 : Operation 13 [1/1] (0.00ns)   --->   "%g_buf = alloca i64 1" [../gen/Hls_Layers_UpConv.tpp:215]   --->   Operation 13 'alloca' 'g_buf' <Predicate = true> <Delay = 0.00> <CoreInst = "RAM_T2P_BRAM">   --->   Core 98 'RAM_T2P_BRAM' <Latency = 1> <II = 1> <Delay = 1.23> <Storage> <Opcode : 'load' 'store'> <Ports = 2> <Width = 256> <Depth = 4> <RAM>
ST_1 : Operation 14 [1/1] (0.00ns)   --->   "%be_buf = alloca i64 1" [../gen/Hls_Layers_UpConv.tpp:216]   --->   Operation 14 'alloca' 'be_buf' <Predicate = true> <Delay = 0.00> <CoreInst = "RAM_T2P_BRAM">   --->   Core 98 'RAM_T2P_BRAM' <Latency = 1> <II = 1> <Delay = 1.23> <Storage> <Opcode : 'load' 'store'> <Ports = 2> <Width = 256> <Depth = 4> <RAM>
ST_1 : Operation 15 [2/2] (0.00ns)   --->   "%call_ln0 = call void @UpConv_Fused_Row<8, 128, 128, 120, 60>_Pipeline_RESET_ROW_ACC, i16 %void_UpConv_Fused_Row_ap_uint_ap_uint_const_ap_uint_const_ap_uint_const_ap_u_9, i16 %void_UpConv_Fused_Row_ap_uint_ap_uint_const_ap_uint_const_ap_uint_const_ap_u_8, i16 %void_UpConv_Fused_Row_ap_uint_ap_uint_const_ap_uint_const_ap_uint_const_ap_u_7, i16 %void_UpConv_Fused_Row_ap_uint_ap_uint_const_ap_uint_const_ap_uint_const_ap_u_6, i16 %void_UpConv_Fused_Row_ap_uint_ap_uint_const_ap_uint_const_ap_uint_const_ap_u_5, i16 %void_UpConv_Fused_Row_ap_uint_ap_uint_const_ap_uint_const_ap_uint_const_ap_u_4, i16 %void_UpConv_Fused_Row_ap_uint_ap_uint_const_ap_uint_const_ap_uint_const_ap_u_3, i16 %void_UpConv_Fused_Row_ap_uint_ap_uint_const_ap_uint_const_ap_uint_const_ap_u_2, i16 %void_UpConv_Fused_Row_ap_uint_ap_uint_const_ap_uint_const_ap_uint_const_ap_u_1, i16 %void_UpConv_Fused_Row_ap_uint_ap_uint_const_ap_uint_const_ap_uint_const_ap_u, i16 %p_ZZ16UpConv_Fused_RowILi8ELi128ELi128ELi120ELi60EEvP7ap_uintILi256EEPKS1_S4_S4_S_5, i16 %p_ZZ16UpConv_Fused_RowILi8ELi128ELi128ELi120ELi60EEvP7ap_uintILi256EEPKS1_S4_S4_S_4, i16 %p_ZZ16UpConv_Fused_RowILi8ELi128ELi128ELi120ELi60EEvP7ap_uintILi256EEPKS1_S4_S4_S_3, i16 %p_ZZ16UpConv_Fused_RowILi8ELi128ELi128ELi120ELi60EEvP7ap_uintILi256EEPKS1_S4_S4_S_2, i16 %p_ZZ16UpConv_Fused_RowILi8ELi128ELi128ELi120ELi60EEvP7ap_uintILi256EEPKS1_S4_S4_S_1, i16 %p_ZZ16UpConv_Fused_RowILi8ELi128ELi128ELi120ELi60EEvP7ap_uintILi256EEPKS1_S4_S4_S"   --->   Operation 15 'call' 'call_ln0' <Predicate = true> <Delay = 0.00> <CoreType = "Generic">   --->   Generic Core
ST_1 : Operation 16 [1/1] (0.00ns)   --->   "%trunc_ln2 = partselect i59 @_ssdm_op_PartSelect.i59.i64.i32.i32, i64 %B_ptr_read, i32 5, i32 63" [../gen/Hls_Layers_UpConv.tpp:221]   --->   Operation 16 'partselect' 'trunc_ln2' <Predicate = true> <Delay = 0.00>
ST_1 : Operation 17 [1/1] (0.00ns)   --->   "%trunc_ln221_1 = partselect i59 @_ssdm_op_PartSelect.i59.i64.i32.i32, i64 %G_ptr_read, i32 5, i32 63" [../gen/Hls_Layers_UpConv.tpp:221]   --->   Operation 17 'partselect' 'trunc_ln221_1' <Predicate = true> <Delay = 0.00>
ST_1 : Operation 18 [1/1] (0.00ns)   --->   "%trunc_ln221_2 = partselect i59 @_ssdm_op_PartSelect.i59.i64.i32.i32, i64 %BE_ptr_read, i32 5, i32 63" [../gen/Hls_Layers_UpConv.tpp:221]   --->   Operation 18 'partselect' 'trunc_ln221_2' <Predicate = true> <Delay = 0.00>
ST_1 : Operation 19 [2/2] (1.09ns)   --->   "%call_ln221 = call void @UpConv_Fused_Row<8, 128, 128, 120, 60>_Pipeline_LOAD_PARAMS, i256 %b_buf, i59 %trunc_ln2, i256 %gmem_param, i256 %g_buf, i59 %trunc_ln221_1, i256 %be_buf, i59 %trunc_ln221_2" [../gen/Hls_Layers_UpConv.tpp:221]   --->   Operation 19 'call' 'call_ln221' <Predicate = true> <Delay = 1.09> <CoreType = "Generic">   --->   Generic Core

State 2 <SV = 1> <Delay = 1.65>
ST_2 : Operation 20 [1/2] (1.65ns)   --->   "%call_ln0 = call void @UpConv_Fused_Row<8, 128, 128, 120, 60>_Pipeline_RESET_ROW_ACC, i16 %void_UpConv_Fused_Row_ap_uint_ap_uint_const_ap_uint_const_ap_uint_const_ap_u_9, i16 %void_UpConv_Fused_Row_ap_uint_ap_uint_const_ap_uint_const_ap_uint_const_ap_u_8, i16 %void_UpConv_Fused_Row_ap_uint_ap_uint_const_ap_uint_const_ap_uint_const_ap_u_7, i16 %void_UpConv_Fused_Row_ap_uint_ap_uint_const_ap_uint_const_ap_uint_const_ap_u_6, i16 %void_UpConv_Fused_Row_ap_uint_ap_uint_const_ap_uint_const_ap_uint_const_ap_u_5, i16 %void_UpConv_Fused_Row_ap_uint_ap_uint_const_ap_uint_const_ap_uint_const_ap_u_4, i16 %void_UpConv_Fused_Row_ap_uint_ap_uint_const_ap_uint_const_ap_uint_const_ap_u_3, i16 %void_UpConv_Fused_Row_ap_uint_ap_uint_const_ap_uint_const_ap_uint_const_ap_u_2, i16 %void_UpConv_Fused_Row_ap_uint_ap_uint_const_ap_uint_const_ap_uint_const_ap_u_1, i16 %void_UpConv_Fused_Row_ap_uint_ap_uint_const_ap_uint_const_ap_uint_const_ap_u, i16 %p_ZZ16UpConv_Fused_RowILi8ELi128ELi128ELi120ELi60EEvP7ap_uintILi256EEPKS1_S4_S4_S_5, i16 %p_ZZ16UpConv_Fused_RowILi8ELi128ELi128ELi120ELi60EEvP7ap_uintILi256EEPKS1_S4_S4_S_4, i16 %p_ZZ16UpConv_Fused_RowILi8ELi128ELi128ELi120ELi60EEvP7ap_uintILi256EEPKS1_S4_S4_S_3, i16 %p_ZZ16UpConv_Fused_RowILi8ELi128ELi128ELi120ELi60EEvP7ap_uintILi256EEPKS1_S4_S4_S_2, i16 %p_ZZ16UpConv_Fused_RowILi8ELi128ELi128ELi120ELi60EEvP7ap_uintILi256EEPKS1_S4_S4_S_1, i16 %p_ZZ16UpConv_Fused_RowILi8ELi128ELi128ELi120ELi60EEvP7ap_uintILi256EEPKS1_S4_S4_S"   --->   Operation 20 'call' 'call_ln0' <Predicate = true> <Delay = 1.65> <CoreType = "Generic">   --->   Generic Core
ST_2 : Operation 21 [1/2] (0.00ns)   --->   "%call_ln221 = call void @UpConv_Fused_Row<8, 128, 128, 120, 60>_Pipeline_LOAD_PARAMS, i256 %b_buf, i59 %trunc_ln2, i256 %gmem_param, i256 %g_buf, i59 %trunc_ln221_1, i256 %be_buf, i59 %trunc_ln221_2" [../gen/Hls_Layers_UpConv.tpp:221]   --->   Operation 21 'call' 'call_ln221' <Predicate = true> <Delay = 0.00> <CoreType = "Generic">   --->   Generic Core

State 3 <SV = 2> <Delay = 1.53>
ST_3 : Operation 22 [1/1] (0.00ns)   --->   "%ho_read = read i8 @_ssdm_op_Read.ap_auto.i8, i8 %ho"   --->   Operation 22 'read' 'ho_read' <Predicate = true> <Delay = 0.00>
ST_3 : Operation 23 [1/1] (0.00ns)   --->   "%epsilon_read = read i16 @_ssdm_op_Read.ap_auto.half, i16 %epsilon"   --->   Operation 23 'read' 'epsilon_read' <Predicate = true> <Delay = 0.00>
ST_3 : Operation 24 [1/1] (0.00ns)   --->   "%W_ptr_read = read i64 @_ssdm_op_Read.ap_auto.i64, i64 %W_ptr"   --->   Operation 24 'read' 'W_ptr_read' <Predicate = true> <Delay = 0.00>
ST_3 : Operation 25 [1/1] (0.00ns)   --->   "%ho_cast = zext i8 %ho_read"   --->   Operation 25 'zext' 'ho_cast' <Predicate = true> <Delay = 0.00>
ST_3 : Operation 26 [1/1] (0.76ns)   --->   "%add57 = add i9 %ho_cast, i9 1"   --->   Operation 26 'add' 'add57' <Predicate = true> <Delay = 0.76> <CoreInst = "Adder">   --->   Core 1 'Adder' <Latency = 0> <II = 1> <Delay = 0.76> <FuncUnit> <Opcode : 'add' 'sub'> <InPorts = 2> <OutPorts = 1>
ST_3 : Operation 27 [2/2] (0.00ns)   --->   "%call_ln0 = call void @UpConv_Fused_Row<8, 128, 128, 120, 60>_Outline_TILE_LOOP, i64 %W_ptr_read, i256 %gmem_weight, i9 %add57, i256 %x_buf, i16 %void_UpConv_Fused_Row_ap_uint_ap_uint_const_ap_uint_const_ap_uint_const_ap_u_9, i16 %void_UpConv_Fused_Row_ap_uint_ap_uint_const_ap_uint_const_ap_uint_const_ap_u_8, i16 %void_UpConv_Fused_Row_ap_uint_ap_uint_const_ap_uint_const_ap_uint_const_ap_u_7, i16 %void_UpConv_Fused_Row_ap_uint_ap_uint_const_ap_uint_const_ap_uint_const_ap_u_6, i16 %void_UpConv_Fused_Row_ap_uint_ap_uint_const_ap_uint_const_ap_uint_const_ap_u_1, i16 %void_UpConv_Fused_Row_ap_uint_ap_uint_const_ap_uint_const_ap_uint_const_ap_u, i16 %p_ZZ16UpConv_Fused_RowILi8ELi128ELi128ELi120ELi60EEvP7ap_uintILi256EEPKS1_S4_S4_S_5, i16 %p_ZZ16UpConv_Fused_RowILi8ELi128ELi128ELi120ELi60EEvP7ap_uintILi256EEPKS1_S4_S4_S_4, i16 %void_UpConv_Fused_Row_ap_uint_ap_uint_const_ap_uint_const_ap_uint_const_ap_u_5, i16 %p_ZZ16UpConv_Fused_RowILi8ELi128ELi128ELi120ELi60EEvP7ap_uintILi256EEPKS1_S4_S4_S_3, i16 %void_UpConv_Fused_Row_ap_uint_ap_uint_const_ap_uint_const_ap_uint_const_ap_u_4, i16 %p_ZZ16UpConv_Fused_RowILi8ELi128ELi128ELi120ELi60EEvP7ap_uintILi256EEPKS1_S4_S4_S_2, i16 %void_UpConv_Fused_Row_ap_uint_ap_uint_const_ap_uint_const_ap_uint_const_ap_u_3, i16 %p_ZZ16UpConv_Fused_RowILi8ELi128ELi128ELi120ELi60EEvP7ap_uintILi256EEPKS1_S4_S4_S_1, i16 %void_UpConv_Fused_Row_ap_uint_ap_uint_const_ap_uint_const_ap_uint_const_ap_u_2, i16 %p_ZZ16UpConv_Fused_RowILi8ELi128ELi128ELi120ELi60EEvP7ap_uintILi256EEPKS1_S4_S4_S"   --->   Operation 27 'call' 'call_ln0' <Predicate = true> <Delay = 0.00> <CoreType = "Generic">   --->   Generic Core
ST_3 : Operation 28 [2/2] (1.53ns)   --->   "%conv1 = hptosp i16 %epsilon_read"   --->   Operation 28 'hptosp' 'conv1' <Predicate = true> <Delay = 1.53> <CoreInst = "Half2Float">   --->   Core 68 'Half2Float' <Latency = 1> <II = 1> <Delay = 1.53> <FuncUnit> <Opcode : 'hptosp'> <InPorts = 1> <OutPorts = 1>

State 4 <SV = 3> <Delay = 1.53>
ST_4 : Operation 29 [1/2] (0.79ns)   --->   "%call_ln0 = call void @UpConv_Fused_Row<8, 128, 128, 120, 60>_Outline_TILE_LOOP, i64 %W_ptr_read, i256 %gmem_weight, i9 %add57, i256 %x_buf, i16 %void_UpConv_Fused_Row_ap_uint_ap_uint_const_ap_uint_const_ap_uint_const_ap_u_9, i16 %void_UpConv_Fused_Row_ap_uint_ap_uint_const_ap_uint_const_ap_uint_const_ap_u_8, i16 %void_UpConv_Fused_Row_ap_uint_ap_uint_const_ap_uint_const_ap_uint_const_ap_u_7, i16 %void_UpConv_Fused_Row_ap_uint_ap_uint_const_ap_uint_const_ap_uint_const_ap_u_6, i16 %void_UpConv_Fused_Row_ap_uint_ap_uint_const_ap_uint_const_ap_uint_const_ap_u_1, i16 %void_UpConv_Fused_Row_ap_uint_ap_uint_const_ap_uint_const_ap_uint_const_ap_u, i16 %p_ZZ16UpConv_Fused_RowILi8ELi128ELi128ELi120ELi60EEvP7ap_uintILi256EEPKS1_S4_S4_S_5, i16 %p_ZZ16UpConv_Fused_RowILi8ELi128ELi128ELi120ELi60EEvP7ap_uintILi256EEPKS1_S4_S4_S_4, i16 %void_UpConv_Fused_Row_ap_uint_ap_uint_const_ap_uint_const_ap_uint_const_ap_u_5, i16 %p_ZZ16UpConv_Fused_RowILi8ELi128ELi128ELi120ELi60EEvP7ap_uintILi256EEPKS1_S4_S4_S_3, i16 %void_UpConv_Fused_Row_ap_uint_ap_uint_const_ap_uint_const_ap_uint_const_ap_u_4, i16 %p_ZZ16UpConv_Fused_RowILi8ELi128ELi128ELi120ELi60EEvP7ap_uintILi256EEPKS1_S4_S4_S_2, i16 %void_UpConv_Fused_Row_ap_uint_ap_uint_const_ap_uint_const_ap_uint_const_ap_u_3, i16 %p_ZZ16UpConv_Fused_RowILi8ELi128ELi128ELi120ELi60EEvP7ap_uintILi256EEPKS1_S4_S4_S_1, i16 %void_UpConv_Fused_Row_ap_uint_ap_uint_const_ap_uint_const_ap_uint_const_ap_u_2, i16 %p_ZZ16UpConv_Fused_RowILi8ELi128ELi128ELi120ELi60EEvP7ap_uintILi256EEPKS1_S4_S4_S"   --->   Operation 29 'call' 'call_ln0' <Predicate = true> <Delay = 0.79> <CoreType = "Generic">   --->   Generic Core
ST_4 : Operation 30 [1/2] (1.53ns)   --->   "%conv1 = hptosp i16 %epsilon_read"   --->   Operation 30 'hptosp' 'conv1' <Predicate = true> <Delay = 1.53> <CoreInst = "Half2Float">   --->   Core 68 'Half2Float' <Latency = 1> <II = 1> <Delay = 1.53> <FuncUnit> <Opcode : 'hptosp'> <InPorts = 1> <OutPorts = 1>

State 5 <SV = 4> <Delay = 0.00>
ST_5 : Operation 31 [2/2] (0.00ns)   --->   "%call_ln0 = call void @UpConv_Fused_Row<8, 128, 128, 120, 60>_Pipeline_PIXEL_STATS, i32 %conv1, i256 %b_buf, i32 %mean_buf, i16 %inv_buf, i16 %void_UpConv_Fused_Row_ap_uint_ap_uint_const_ap_uint_const_ap_uint_const_ap_u_9, i16 %void_UpConv_Fused_Row_ap_uint_ap_uint_const_ap_uint_const_ap_uint_const_ap_u_8, i16 %void_UpConv_Fused_Row_ap_uint_ap_uint_const_ap_uint_const_ap_uint_const_ap_u_7, i16 %void_UpConv_Fused_Row_ap_uint_ap_uint_const_ap_uint_const_ap_uint_const_ap_u_6, i16 %void_UpConv_Fused_Row_ap_uint_ap_uint_const_ap_uint_const_ap_uint_const_ap_u_5, i16 %void_UpConv_Fused_Row_ap_uint_ap_uint_const_ap_uint_const_ap_uint_const_ap_u_4, i16 %void_UpConv_Fused_Row_ap_uint_ap_uint_const_ap_uint_const_ap_uint_const_ap_u_3, i16 %void_UpConv_Fused_Row_ap_uint_ap_uint_const_ap_uint_const_ap_uint_const_ap_u_2, i16 %void_UpConv_Fused_Row_ap_uint_ap_uint_const_ap_uint_const_ap_uint_const_ap_u_1, i16 %void_UpConv_Fused_Row_ap_uint_ap_uint_const_ap_uint_const_ap_uint_const_ap_u, i16 %p_ZZ16UpConv_Fused_RowILi8ELi128ELi128ELi120ELi60EEvP7ap_uintILi256EEPKS1_S4_S4_S_5, i16 %p_ZZ16UpConv_Fused_RowILi8ELi128ELi128ELi120ELi60EEvP7ap_uintILi256EEPKS1_S4_S4_S_4, i16 %p_ZZ16UpConv_Fused_RowILi8ELi128ELi128ELi120ELi60EEvP7ap_uintILi256EEPKS1_S4_S4_S_3, i16 %p_ZZ16UpConv_Fused_RowILi8ELi128ELi128ELi120ELi60EEvP7ap_uintILi256EEPKS1_S4_S4_S_2, i16 %p_ZZ16UpConv_Fused_RowILi8ELi128ELi128ELi120ELi60EEvP7ap_uintILi256EEPKS1_S4_S4_S_1, i16 %p_ZZ16UpConv_Fused_RowILi8ELi128ELi128ELi120ELi60EEvP7ap_uintILi256EEPKS1_S4_S4_S"   --->   Operation 31 'call' 'call_ln0' <Predicate = true> <Delay = 0.00> <CoreType = "Generic">   --->   Generic Core

State 6 <SV = 5> <Delay = 0.00>
ST_6 : Operation 32 [1/2] (0.00ns)   --->   "%call_ln0 = call void @UpConv_Fused_Row<8, 128, 128, 120, 60>_Pipeline_PIXEL_STATS, i32 %conv1, i256 %b_buf, i32 %mean_buf, i16 %inv_buf, i16 %void_UpConv_Fused_Row_ap_uint_ap_uint_const_ap_uint_const_ap_uint_const_ap_u_9, i16 %void_UpConv_Fused_Row_ap_uint_ap_uint_const_ap_uint_const_ap_uint_const_ap_u_8, i16 %void_UpConv_Fused_Row_ap_uint_ap_uint_const_ap_uint_const_ap_uint_const_ap_u_7, i16 %void_UpConv_Fused_Row_ap_uint_ap_uint_const_ap_uint_const_ap_uint_const_ap_u_6, i16 %void_UpConv_Fused_Row_ap_uint_ap_uint_const_ap_uint_const_ap_uint_const_ap_u_5, i16 %void_UpConv_Fused_Row_ap_uint_ap_uint_const_ap_uint_const_ap_uint_const_ap_u_4, i16 %void_UpConv_Fused_Row_ap_uint_ap_uint_const_ap_uint_const_ap_uint_const_ap_u_3, i16 %void_UpConv_Fused_Row_ap_uint_ap_uint_const_ap_uint_const_ap_uint_const_ap_u_2, i16 %void_UpConv_Fused_Row_ap_uint_ap_uint_const_ap_uint_const_ap_uint_const_ap_u_1, i16 %void_UpConv_Fused_Row_ap_uint_ap_uint_const_ap_uint_const_ap_uint_const_ap_u, i16 %p_ZZ16UpConv_Fused_RowILi8ELi128ELi128ELi120ELi60EEvP7ap_uintILi256EEPKS1_S4_S4_S_5, i16 %p_ZZ16UpConv_Fused_RowILi8ELi128ELi128ELi120ELi60EEvP7ap_uintILi256EEPKS1_S4_S4_S_4, i16 %p_ZZ16UpConv_Fused_RowILi8ELi128ELi128ELi120ELi60EEvP7ap_uintILi256EEPKS1_S4_S4_S_3, i16 %p_ZZ16UpConv_Fused_RowILi8ELi128ELi128ELi120ELi60EEvP7ap_uintILi256EEPKS1_S4_S4_S_2, i16 %p_ZZ16UpConv_Fused_RowILi8ELi128ELi128ELi120ELi60EEvP7ap_uintILi256EEPKS1_S4_S4_S_1, i16 %p_ZZ16UpConv_Fused_RowILi8ELi128ELi128ELi120ELi60EEvP7ap_uintILi256EEPKS1_S4_S4_S"   --->   Operation 32 'call' 'call_ln0' <Predicate = true> <Delay = 0.00> <CoreType = "Generic">   --->   Generic Core

State 7 <SV = 6> <Delay = 0.00>
ST_7 : Operation 33 [1/1] (0.00ns)   --->   "%Y_read = read i64 @_ssdm_op_Read.ap_auto.i64, i64 %Y"   --->   Operation 33 'read' 'Y_read' <Predicate = true> <Delay = 0.00>
ST_7 : Operation 34 [2/2] (0.00ns)   --->   "%call_ln0 = call void @UpConv_Fused_Row<8, 128, 128, 120, 60>_Pipeline_PIXEL_NORM, i256 %g_buf, i256 %be_buf, i8 %ho_read, i64 %Y_read, i256 %gmem_out, i32 %mean_buf, i16 %inv_buf, i16 %void_UpConv_Fused_Row_ap_uint_ap_uint_const_ap_uint_const_ap_uint_const_ap_u_9, i16 %void_UpConv_Fused_Row_ap_uint_ap_uint_const_ap_uint_const_ap_uint_const_ap_u_8, i16 %void_UpConv_Fused_Row_ap_uint_ap_uint_const_ap_uint_const_ap_uint_const_ap_u_7, i16 %void_UpConv_Fused_Row_ap_uint_ap_uint_const_ap_uint_const_ap_uint_const_ap_u_6, i16 %void_UpConv_Fused_Row_ap_uint_ap_uint_const_ap_uint_const_ap_uint_const_ap_u_5, i16 %void_UpConv_Fused_Row_ap_uint_ap_uint_const_ap_uint_const_ap_uint_const_ap_u_4, i16 %void_UpConv_Fused_Row_ap_uint_ap_uint_const_ap_uint_const_ap_uint_const_ap_u_3, i16 %void_UpConv_Fused_Row_ap_uint_ap_uint_const_ap_uint_const_ap_uint_const_ap_u_2, i16 %void_UpConv_Fused_Row_ap_uint_ap_uint_const_ap_uint_const_ap_uint_const_ap_u_1, i16 %void_UpConv_Fused_Row_ap_uint_ap_uint_const_ap_uint_const_ap_uint_const_ap_u, i16 %p_ZZ16UpConv_Fused_RowILi8ELi128ELi128ELi120ELi60EEvP7ap_uintILi256EEPKS1_S4_S4_S_5, i16 %p_ZZ16UpConv_Fused_RowILi8ELi128ELi128ELi120ELi60EEvP7ap_uintILi256EEPKS1_S4_S4_S_4, i16 %p_ZZ16UpConv_Fused_RowILi8ELi128ELi128ELi120ELi60EEvP7ap_uintILi256EEPKS1_S4_S4_S_3, i16 %p_ZZ16UpConv_Fused_RowILi8ELi128ELi128ELi120ELi60EEvP7ap_uintILi256EEPKS1_S4_S4_S_2, i16 %p_ZZ16UpConv_Fused_RowILi8ELi128ELi128ELi120ELi60EEvP7ap_uintILi256EEPKS1_S4_S4_S_1, i16 %p_ZZ16UpConv_Fused_RowILi8ELi128ELi128ELi120ELi60EEvP7ap_uintILi256EEPKS1_S4_S4_S"   --->   Operation 34 'call' 'call_ln0' <Predicate = true> <Delay = 0.00> <CoreType = "Generic">   --->   Generic Core

State 8 <SV = 7> <Delay = 0.00>
ST_8 : Operation 35 [1/1] (0.00ns)   --->   "%specmemcore_ln0 = specmemcore void @_ssdm_op_SpecMemCore, i256 %x_buf, i64 666, i64 31, i64 18446744073709551615"   --->   Operation 35 'specmemcore' 'specmemcore_ln0' <Predicate = true> <Delay = 0.00>
ST_8 : Operation 36 [1/1] (0.00ns)   --->   "%specinterface_ln0 = specinterface void @_ssdm_op_SpecInterface, i256 %gmem_out, void @empty_1, i32 0, i32 0, void @empty_3, i32 0, i32 0, void @empty_18, void @empty_8, void @empty_3, i32 16, i32 16, i32 16, i32 64, void @empty_3, void @empty_3, i32 4294967295, i32 0, i32 0"   --->   Operation 36 'specinterface' 'specinterface_ln0' <Predicate = true> <Delay = 0.00>
ST_8 : Operation 37 [1/1] (0.00ns)   --->   "%specinterface_ln0 = specinterface void @_ssdm_op_SpecInterface, i256 %gmem_param, void @empty_1, i32 0, i32 0, void @empty_3, i32 0, i32 0, void @empty_19, void @empty_8, void @empty_3, i32 16, i32 16, i32 64, i32 16, void @empty_3, void @empty_3, i32 4294967295, i32 0, i32 0"   --->   Operation 37 'specinterface' 'specinterface_ln0' <Predicate = true> <Delay = 0.00>
ST_8 : Operation 38 [1/1] (0.00ns)   --->   "%specinterface_ln0 = specinterface void @_ssdm_op_SpecInterface, i256 %gmem_weight, void @empty_1, i32 0, i32 0, void @empty_3, i32 0, i32 0, void @empty_20, void @empty_8, void @empty_3, i32 16, i32 16, i32 64, i32 16, void @empty_3, void @empty_3, i32 4294967295, i32 0, i32 0"   --->   Operation 38 'specinterface' 'specinterface_ln0' <Predicate = true> <Delay = 0.00>
ST_8 : Operation 39 [1/1] (0.00ns)   --->   "%specmemcore_ln107 = specmemcore void @_ssdm_op_SpecMemCore, i16 %p_ZZ16UpConv_Fused_RowILi8ELi128ELi128ELi120ELi60EEvP7ap_uintILi256EEPKS1_S4_S4_S, i64 666, i64 31, i64 18446744073709551615" [../gen/Hls_Layers_UpConv.tpp:107]   --->   Operation 39 'specmemcore' 'specmemcore_ln107' <Predicate = true> <Delay = 0.00>
ST_8 : Operation 40 [1/1] (0.00ns)   --->   "%specmemcore_ln107 = specmemcore void @_ssdm_op_SpecMemCore, i16 %p_ZZ16UpConv_Fused_RowILi8ELi128ELi128ELi120ELi60EEvP7ap_uintILi256EEPKS1_S4_S4_S_1, i64 666, i64 31, i64 18446744073709551615" [../gen/Hls_Layers_UpConv.tpp:107]   --->   Operation 40 'specmemcore' 'specmemcore_ln107' <Predicate = true> <Delay = 0.00>
ST_8 : Operation 41 [1/1] (0.00ns)   --->   "%specmemcore_ln107 = specmemcore void @_ssdm_op_SpecMemCore, i16 %p_ZZ16UpConv_Fused_RowILi8ELi128ELi128ELi120ELi60EEvP7ap_uintILi256EEPKS1_S4_S4_S_2, i64 666, i64 31, i64 18446744073709551615" [../gen/Hls_Layers_UpConv.tpp:107]   --->   Operation 41 'specmemcore' 'specmemcore_ln107' <Predicate = true> <Delay = 0.00>
ST_8 : Operation 42 [1/1] (0.00ns)   --->   "%specmemcore_ln107 = specmemcore void @_ssdm_op_SpecMemCore, i16 %p_ZZ16UpConv_Fused_RowILi8ELi128ELi128ELi120ELi60EEvP7ap_uintILi256EEPKS1_S4_S4_S_3, i64 666, i64 31, i64 18446744073709551615" [../gen/Hls_Layers_UpConv.tpp:107]   --->   Operation 42 'specmemcore' 'specmemcore_ln107' <Predicate = true> <Delay = 0.00>
ST_8 : Operation 43 [1/1] (0.00ns)   --->   "%specmemcore_ln107 = specmemcore void @_ssdm_op_SpecMemCore, i16 %p_ZZ16UpConv_Fused_RowILi8ELi128ELi128ELi120ELi60EEvP7ap_uintILi256EEPKS1_S4_S4_S_4, i64 666, i64 31, i64 18446744073709551615" [../gen/Hls_Layers_UpConv.tpp:107]   --->   Operation 43 'specmemcore' 'specmemcore_ln107' <Predicate = true> <Delay = 0.00>
ST_8 : Operation 44 [1/1] (0.00ns)   --->   "%specmemcore_ln107 = specmemcore void @_ssdm_op_SpecMemCore, i16 %p_ZZ16UpConv_Fused_RowILi8ELi128ELi128ELi120ELi60EEvP7ap_uintILi256EEPKS1_S4_S4_S_5, i64 666, i64 31, i64 18446744073709551615" [../gen/Hls_Layers_UpConv.tpp:107]   --->   Operation 44 'specmemcore' 'specmemcore_ln107' <Predicate = true> <Delay = 0.00>
ST_8 : Operation 45 [1/1] (0.00ns)   --->   "%specmemcore_ln107 = specmemcore void @_ssdm_op_SpecMemCore, i16 %void_UpConv_Fused_Row_ap_uint_ap_uint_const_ap_uint_const_ap_uint_const_ap_u, i64 666, i64 31, i64 18446744073709551615" [../gen/Hls_Layers_UpConv.tpp:107]   --->   Operation 45 'specmemcore' 'specmemcore_ln107' <Predicate = true> <Delay = 0.00>
ST_8 : Operation 46 [1/1] (0.00ns)   --->   "%specmemcore_ln107 = specmemcore void @_ssdm_op_SpecMemCore, i16 %void_UpConv_Fused_Row_ap_uint_ap_uint_const_ap_uint_const_ap_uint_const_ap_u_1, i64 666, i64 31, i64 18446744073709551615" [../gen/Hls_Layers_UpConv.tpp:107]   --->   Operation 46 'specmemcore' 'specmemcore_ln107' <Predicate = true> <Delay = 0.00>
ST_8 : Operation 47 [1/1] (0.00ns)   --->   "%specmemcore_ln107 = specmemcore void @_ssdm_op_SpecMemCore, i16 %void_UpConv_Fused_Row_ap_uint_ap_uint_const_ap_uint_const_ap_uint_const_ap_u_2, i64 666, i64 31, i64 18446744073709551615" [../gen/Hls_Layers_UpConv.tpp:107]   --->   Operation 47 'specmemcore' 'specmemcore_ln107' <Predicate = true> <Delay = 0.00>
ST_8 : Operation 48 [1/1] (0.00ns)   --->   "%specmemcore_ln107 = specmemcore void @_ssdm_op_SpecMemCore, i16 %void_UpConv_Fused_Row_ap_uint_ap_uint_const_ap_uint_const_ap_uint_const_ap_u_3, i64 666, i64 31, i64 18446744073709551615" [../gen/Hls_Layers_UpConv.tpp:107]   --->   Operation 48 'specmemcore' 'specmemcore_ln107' <Predicate = true> <Delay = 0.00>
ST_8 : Operation 49 [1/1] (0.00ns)   --->   "%specmemcore_ln107 = specmemcore void @_ssdm_op_SpecMemCore, i16 %void_UpConv_Fused_Row_ap_uint_ap_uint_const_ap_uint_const_ap_uint_const_ap_u_4, i64 666, i64 31, i64 18446744073709551615" [../gen/Hls_Layers_UpConv.tpp:107]   --->   Operation 49 'specmemcore' 'specmemcore_ln107' <Predicate = true> <Delay = 0.00>
ST_8 : Operation 50 [1/1] (0.00ns)   --->   "%specmemcore_ln107 = specmemcore void @_ssdm_op_SpecMemCore, i16 %void_UpConv_Fused_Row_ap_uint_ap_uint_const_ap_uint_const_ap_uint_const_ap_u_5, i64 666, i64 31, i64 18446744073709551615" [../gen/Hls_Layers_UpConv.tpp:107]   --->   Operation 50 'specmemcore' 'specmemcore_ln107' <Predicate = true> <Delay = 0.00>
ST_8 : Operation 51 [1/1] (0.00ns)   --->   "%specmemcore_ln107 = specmemcore void @_ssdm_op_SpecMemCore, i16 %void_UpConv_Fused_Row_ap_uint_ap_uint_const_ap_uint_const_ap_uint_const_ap_u_6, i64 666, i64 31, i64 18446744073709551615" [../gen/Hls_Layers_UpConv.tpp:107]   --->   Operation 51 'specmemcore' 'specmemcore_ln107' <Predicate = true> <Delay = 0.00>
ST_8 : Operation 52 [1/1] (0.00ns)   --->   "%specmemcore_ln107 = specmemcore void @_ssdm_op_SpecMemCore, i16 %void_UpConv_Fused_Row_ap_uint_ap_uint_const_ap_uint_const_ap_uint_const_ap_u_7, i64 666, i64 31, i64 18446744073709551615" [../gen/Hls_Layers_UpConv.tpp:107]   --->   Operation 52 'specmemcore' 'specmemcore_ln107' <Predicate = true> <Delay = 0.00>
ST_8 : Operation 53 [1/1] (0.00ns)   --->   "%specmemcore_ln107 = specmemcore void @_ssdm_op_SpecMemCore, i16 %void_UpConv_Fused_Row_ap_uint_ap_uint_const_ap_uint_const_ap_uint_const_ap_u_8, i64 666, i64 31, i64 18446744073709551615" [../gen/Hls_Layers_UpConv.tpp:107]   --->   Operation 53 'specmemcore' 'specmemcore_ln107' <Predicate = true> <Delay = 0.00>
ST_8 : Operation 54 [1/1] (0.00ns)   --->   "%specmemcore_ln107 = specmemcore void @_ssdm_op_SpecMemCore, i16 %void_UpConv_Fused_Row_ap_uint_ap_uint_const_ap_uint_const_ap_uint_const_ap_u_9, i64 666, i64 31, i64 18446744073709551615" [../gen/Hls_Layers_UpConv.tpp:107]   --->   Operation 54 'specmemcore' 'specmemcore_ln107' <Predicate = true> <Delay = 0.00>
ST_8 : Operation 55 [1/1] (0.00ns)   --->   "%specmemcore_ln217 = specmemcore void @_ssdm_op_SpecMemCore, i256 %b_buf, i64 666, i64 30, i64 18446744073709551615" [../gen/Hls_Layers_UpConv.tpp:217]   --->   Operation 55 'specmemcore' 'specmemcore_ln217' <Predicate = true> <Delay = 0.00>
ST_8 : Operation 56 [1/1] (0.00ns)   --->   "%specmemcore_ln218 = specmemcore void @_ssdm_op_SpecMemCore, i256 %g_buf, i64 666, i64 30, i64 18446744073709551615" [../gen/Hls_Layers_UpConv.tpp:218]   --->   Operation 56 'specmemcore' 'specmemcore_ln218' <Predicate = true> <Delay = 0.00>
ST_8 : Operation 57 [1/1] (0.00ns)   --->   "%specmemcore_ln219 = specmemcore void @_ssdm_op_SpecMemCore, i256 %be_buf, i64 666, i64 30, i64 18446744073709551615" [../gen/Hls_Layers_UpConv.tpp:219]   --->   Operation 57 'specmemcore' 'specmemcore_ln219' <Predicate = true> <Delay = 0.00>
ST_8 : Operation 58 [1/1] (0.00ns)   --->   "%specmemcore_ln233 = specmemcore void @_ssdm_op_SpecMemCore, i32 %mean_buf, i64 666, i64 23, i64 18446744073709551615" [../gen/Hls_Layers_UpConv.tpp:233]   --->   Operation 58 'specmemcore' 'specmemcore_ln233' <Predicate = true> <Delay = 0.00>
ST_8 : Operation 59 [1/1] (0.00ns)   --->   "%specmemcore_ln234 = specmemcore void @_ssdm_op_SpecMemCore, i16 %inv_buf, i64 666, i64 23, i64 18446744073709551615" [../gen/Hls_Layers_UpConv.tpp:234]   --->   Operation 59 'specmemcore' 'specmemcore_ln234' <Predicate = true> <Delay = 0.00>
ST_8 : Operation 60 [1/2] (0.00ns)   --->   "%call_ln0 = call void @UpConv_Fused_Row<8, 128, 128, 120, 60>_Pipeline_PIXEL_NORM, i256 %g_buf, i256 %be_buf, i8 %ho_read, i64 %Y_read, i256 %gmem_out, i32 %mean_buf, i16 %inv_buf, i16 %void_UpConv_Fused_Row_ap_uint_ap_uint_const_ap_uint_const_ap_uint_const_ap_u_9, i16 %void_UpConv_Fused_Row_ap_uint_ap_uint_const_ap_uint_const_ap_uint_const_ap_u_8, i16 %void_UpConv_Fused_Row_ap_uint_ap_uint_const_ap_uint_const_ap_uint_const_ap_u_7, i16 %void_UpConv_Fused_Row_ap_uint_ap_uint_const_ap_uint_const_ap_uint_const_ap_u_6, i16 %void_UpConv_Fused_Row_ap_uint_ap_uint_const_ap_uint_const_ap_uint_const_ap_u_5, i16 %void_UpConv_Fused_Row_ap_uint_ap_uint_const_ap_uint_const_ap_uint_const_ap_u_4, i16 %void_UpConv_Fused_Row_ap_uint_ap_uint_const_ap_uint_const_ap_uint_const_ap_u_3, i16 %void_UpConv_Fused_Row_ap_uint_ap_uint_const_ap_uint_const_ap_uint_const_ap_u_2, i16 %void_UpConv_Fused_Row_ap_uint_ap_uint_const_ap_uint_const_ap_uint_const_ap_u_1, i16 %void_UpConv_Fused_Row_ap_uint_ap_uint_const_ap_uint_const_ap_uint_const_ap_u, i16 %p_ZZ16UpConv_Fused_RowILi8ELi128ELi128ELi120ELi60EEvP7ap_uintILi256EEPKS1_S4_S4_S_5, i16 %p_ZZ16UpConv_Fused_RowILi8ELi128ELi128ELi120ELi60EEvP7ap_uintILi256EEPKS1_S4_S4_S_4, i16 %p_ZZ16UpConv_Fused_RowILi8ELi128ELi128ELi120ELi60EEvP7ap_uintILi256EEPKS1_S4_S4_S_3, i16 %p_ZZ16UpConv_Fused_RowILi8ELi128ELi128ELi120ELi60EEvP7ap_uintILi256EEPKS1_S4_S4_S_2, i16 %p_ZZ16UpConv_Fused_RowILi8ELi128ELi128ELi120ELi60EEvP7ap_uintILi256EEPKS1_S4_S4_S_1, i16 %p_ZZ16UpConv_Fused_RowILi8ELi128ELi128ELi120ELi60EEvP7ap_uintILi256EEPKS1_S4_S4_S"   --->   Operation 60 'call' 'call_ln0' <Predicate = true> <Delay = 0.00> <CoreType = "Generic">   --->   Generic Core
ST_8 : Operation 61 [1/1] (0.00ns)   --->   "%ret_ln296 = ret" [../gen/Hls_Layers_UpConv.tpp:296]   --->   Operation 61 'ret' 'ret_ln296' <Predicate = true> <Delay = 0.00>


============================================================
+ Verbose Summary: Timing violations
============================================================
Target clock period: 3.333ns, clock uncertainty: 0.900ns.

 <State 1>: 1.092ns
The critical path consists of the following:
	wire read operation ('BE_ptr_read') on port 'BE_ptr' [33]  (0.000 ns)
	'call' operation 0 bit ('call_ln221', ../gen/Hls_Layers_UpConv.tpp:221) to 'UpConv_Fused_Row<8, 128, 128, 120, 60>_Pipeline_LOAD_PARAMS' [70]  (1.092 ns)

 <State 2>: 1.652ns
The critical path consists of the following:
	'call' operation 0 bit ('call_ln0') to 'UpConv_Fused_Row<8, 128, 128, 120, 60>_Pipeline_RESET_ROW_ACC' [61]  (1.652 ns)

 <State 3>: 1.530ns
The critical path consists of the following:
	wire read operation ('epsilon_read') on port 'epsilon' [31]  (0.000 ns)
	'hptosp' operation 32 bit ('conv1') [73]  (1.530 ns)

 <State 4>: 1.530ns
The critical path consists of the following:
	'hptosp' operation 32 bit ('conv1') [73]  (1.530 ns)

 <State 5>: 0.000ns
The critical path consists of the following:

 <State 6>: 0.000ns
The critical path consists of the following:

 <State 7>: 0.000ns
The critical path consists of the following:

 <State 8>: 0.000ns
The critical path consists of the following:


============================================================
+ Verbose Summary: Binding
============================================================
N/A
* FSMD analyzer results:
  - Output states:
 - Input state : 
  - Chain level:
	State 1
	State 2
	State 3
	State 4
	State 5
	State 6
	State 7
	State 8


============================================================
+ Verbose Summary: Datapath Resource usage 
============================================================
N/A
