/home/hoinguyen/Documents/Vitis/UpConv_HLS/upconv_block3/upconv_core_top_ucb3/hls/.autopilot/db/upconv_core_top_ucb3.pp.0.cpp:2268:5: warning: Added loop label VITIS_LOOP_676_1:   [xilinx-label-all-loops]
    for (unsigned i = low; i != high+1; ++i) {
    ^~~
    VITIS_LOOP_676_1: 
/home/hoinguyen/Documents/Vitis/UpConv_HLS/upconv_block3/upconv_core_top_ucb3/hls/.autopilot/db/upconv_core_top_ucb3.pp.0.cpp:2268:5: note: FIX-IT applied suggested code changes
/home/hoinguyen/Documents/Vitis/UpConv_HLS/upconv_block3/upconv_core_top_ucb3/hls/.autopilot/db/upconv_core_top_ucb3.pp.0.cpp:2282:5: warning: Added loop label VITIS_LOOP_690_1:   [xilinx-label-all-loops]
    for (unsigned i = low; i != high+1; ++i) {
    ^~~
    VITIS_LOOP_690_1: 
/home/hoinguyen/Documents/Vitis/UpConv_HLS/upconv_block3/upconv_core_top_ucb3/hls/.autopilot/db/upconv_core_top_ucb3.pp.0.cpp:2282:5: note: FIX-IT applied suggested code changes
/home/hoinguyen/Documents/Vitis/UpConv_HLS/upconv_block3/upconv_core_top_ucb3/hls/.autopilot/db/upconv_core_top_ucb3.pp.0.cpp:2296:5: warning: Added loop label VITIS_LOOP_704_1:   [xilinx-label-all-loops]
    for (unsigned i = low; i != high+1; ++i) {
    ^~~
    VITIS_LOOP_704_1: 
/home/hoinguyen/Documents/Vitis/UpConv_HLS/upconv_block3/upconv_core_top_ucb3/hls/.autopilot/db/upconv_core_top_ucb3.pp.0.cpp:2296:5: note: FIX-IT applied suggested code changes
/home/hoinguyen/Documents/Vitis/UpConv_HLS/upconv_block3/upconv_core_top_ucb3/hls/.autopilot/db/upconv_core_top_ucb3.pp.0.cpp:3930:7: warning: Added loop label VITIS_LOOP_1248_1:   [xilinx-label-all-loops]
      for (i = 0; i < __N - 1; ++i) {
      ^~~
      VITIS_LOOP_1248_1: 
/home/hoinguyen/Documents/Vitis/UpConv_HLS/upconv_block3/upconv_core_top_ucb3/hls/.autopilot/db/upconv_core_top_ucb3.pp.0.cpp:3930:7: note: FIX-IT applied suggested code changes
/home/hoinguyen/Documents/Vitis/UpConv_HLS/upconv_block3/upconv_core_top_ucb3/hls/.autopilot/db/upconv_core_top_ucb3.pp.0.cpp:15783:72: error: Invalid Directive: for current device, ROM_1P + LUTRAM is invalid combination for BIND_STORAGE's option 'type + impl' [clang-diagnostic-error]
#pragma HLS BIND_STORAGE variable=fourth_order_double::sin_cos_K0 type=ROM_1P impl=LUTRAM
                                                                       ^
/home/hoinguyen/Documents/Vitis/UpConv_HLS/upconv_block3/upconv_core_top_ucb3/hls/.autopilot/db/upconv_core_top_ucb3.pp.0.cpp:15784:72: error: Invalid Directive: for current device, ROM_1P + LUTRAM is invalid combination for BIND_STORAGE's option 'type + impl' [clang-diagnostic-error]
#pragma HLS BIND_STORAGE variable=fourth_order_double::sin_cos_K1 type=ROM_1P impl=LUTRAM
                                                                       ^
/home/hoinguyen/Documents/Vitis/UpConv_HLS/upconv_block3/upconv_core_top_ucb3/hls/.autopilot/db/upconv_core_top_ucb3.pp.0.cpp:15785:72: error: Invalid Directive: for current device, ROM_1P + LUTRAM is invalid combination for BIND_STORAGE's option 'type + impl' [clang-diagnostic-error]
#pragma HLS BIND_STORAGE variable=fourth_order_double::sin_cos_K2 type=ROM_1P impl=LUTRAM
                                                                       ^
/home/hoinguyen/Documents/Vitis/UpConv_HLS/upconv_block3/upconv_core_top_ucb3/hls/.autopilot/db/upconv_core_top_ucb3.pp.0.cpp:15786:72: error: Invalid Directive: for current device, ROM_1P + LUTRAM is invalid combination for BIND_STORAGE's option 'type + impl' [clang-diagnostic-error]
#pragma HLS BIND_STORAGE variable=fourth_order_double::sin_cos_K3 type=ROM_1P impl=LUTRAM
                                                                       ^
/home/hoinguyen/Documents/Vitis/UpConv_HLS/upconv_block3/upconv_core_top_ucb3/hls/.autopilot/db/upconv_core_top_ucb3.pp.0.cpp:15787:72: error: Invalid Directive: for current device, ROM_1P + LUTRAM is invalid combination for BIND_STORAGE's option 'type + impl' [clang-diagnostic-error]
#pragma HLS BIND_STORAGE variable=fourth_order_double::sin_cos_K4 type=ROM_1P impl=LUTRAM
                                                                       ^
/home/hoinguyen/Documents/Vitis/UpConv_HLS/upconv_block3/upconv_core_top_ucb3/hls/.autopilot/db/upconv_core_top_ucb3.pp.0.cpp:15817:68: error: Invalid Directive: for current device, ROM_1P + LUTRAM is invalid combination for BIND_STORAGE's option 'type + impl' [clang-diagnostic-error]
#pragma HLS BIND_STORAGE variable=fourth_order_double::cos_K0 type=ROM_1P impl=LUTRAM
                                                                   ^
/home/hoinguyen/Documents/Vitis/UpConv_HLS/upconv_block3/upconv_core_top_ucb3/hls/.autopilot/db/upconv_core_top_ucb3.pp.0.cpp:15818:68: error: Invalid Directive: for current device, ROM_1P + LUTRAM is invalid combination for BIND_STORAGE's option 'type + impl' [clang-diagnostic-error]
#pragma HLS BIND_STORAGE variable=fourth_order_double::cos_K1 type=ROM_1P impl=LUTRAM
                                                                   ^
/home/hoinguyen/Documents/Vitis/UpConv_HLS/upconv_block3/upconv_core_top_ucb3/hls/.autopilot/db/upconv_core_top_ucb3.pp.0.cpp:15819:68: error: Invalid Directive: for current device, ROM_1P + LUTRAM is invalid combination for BIND_STORAGE's option 'type + impl' [clang-diagnostic-error]
#pragma HLS BIND_STORAGE variable=fourth_order_double::cos_K2 type=ROM_1P impl=LUTRAM
                                                                   ^
/home/hoinguyen/Documents/Vitis/UpConv_HLS/upconv_block3/upconv_core_top_ucb3/hls/.autopilot/db/upconv_core_top_ucb3.pp.0.cpp:15820:68: error: Invalid Directive: for current device, ROM_1P + LUTRAM is invalid combination for BIND_STORAGE's option 'type + impl' [clang-diagnostic-error]
#pragma HLS BIND_STORAGE variable=fourth_order_double::cos_K3 type=ROM_1P impl=LUTRAM
                                                                   ^
/home/hoinguyen/Documents/Vitis/UpConv_HLS/upconv_block3/upconv_core_top_ucb3/hls/.autopilot/db/upconv_core_top_ucb3.pp.0.cpp:15821:68: error: Invalid Directive: for current device, ROM_1P + LUTRAM is invalid combination for BIND_STORAGE's option 'type + impl' [clang-diagnostic-error]
#pragma HLS BIND_STORAGE variable=fourth_order_double::cos_K4 type=ROM_1P impl=LUTRAM
                                                                   ^
/home/hoinguyen/Documents/Vitis/UpConv_HLS/upconv_block3/upconv_core_top_ucb3/hls/.autopilot/db/upconv_core_top_ucb3.pp.0.cpp:15822:68: error: Invalid Directive: for current device, ROM_1P + LUTRAM is invalid combination for BIND_STORAGE's option 'type + impl' [clang-diagnostic-error]
#pragma HLS BIND_STORAGE variable=fourth_order_double::sin_K0 type=ROM_1P impl=LUTRAM
                                                                   ^
/home/hoinguyen/Documents/Vitis/UpConv_HLS/upconv_block3/upconv_core_top_ucb3/hls/.autopilot/db/upconv_core_top_ucb3.pp.0.cpp:15823:68: error: Invalid Directive: for current device, ROM_1P + LUTRAM is invalid combination for BIND_STORAGE's option 'type + impl' [clang-diagnostic-error]
#pragma HLS BIND_STORAGE variable=fourth_order_double::sin_K1 type=ROM_1P impl=LUTRAM
                                                                   ^
/home/hoinguyen/Documents/Vitis/UpConv_HLS/upconv_block3/upconv_core_top_ucb3/hls/.autopilot/db/upconv_core_top_ucb3.pp.0.cpp:15824:68: error: Invalid Directive: for current device, ROM_1P + LUTRAM is invalid combination for BIND_STORAGE's option 'type + impl' [clang-diagnostic-error]
#pragma HLS BIND_STORAGE variable=fourth_order_double::sin_K2 type=ROM_1P impl=LUTRAM
                                                                   ^
/home/hoinguyen/Documents/Vitis/UpConv_HLS/upconv_block3/upconv_core_top_ucb3/hls/.autopilot/db/upconv_core_top_ucb3.pp.0.cpp:15825:68: error: Invalid Directive: for current device, ROM_1P + LUTRAM is invalid combination for BIND_STORAGE's option 'type + impl' [clang-diagnostic-error]
#pragma HLS BIND_STORAGE variable=fourth_order_double::sin_K3 type=ROM_1P impl=LUTRAM
                                                                   ^
/home/hoinguyen/Documents/Vitis/UpConv_HLS/upconv_block3/upconv_core_top_ucb3/hls/.autopilot/db/upconv_core_top_ucb3.pp.0.cpp:15826:68: error: Invalid Directive: for current device, ROM_1P + LUTRAM is invalid combination for BIND_STORAGE's option 'type + impl' [clang-diagnostic-error]
#pragma HLS BIND_STORAGE variable=fourth_order_double::sin_K4 type=ROM_1P impl=LUTRAM
                                                                   ^
/home/hoinguyen/Documents/Vitis/UpConv_HLS/upconv_block3/upconv_core_top_ucb3/hls/.autopilot/db/upconv_core_top_ucb3.pp.0.cpp:15876:71: error: Invalid Directive: for current device, ROM_1P + LUTRAM is invalid combination for BIND_STORAGE's option 'type + impl' [clang-diagnostic-error]
#pragma HLS BIND_STORAGE variable=second_order_float::sin_cos_K0 type=ROM_1P impl=LUTRAM
                                                                      ^
/home/hoinguyen/Documents/Vitis/UpConv_HLS/upconv_block3/upconv_core_top_ucb3/hls/.autopilot/db/upconv_core_top_ucb3.pp.0.cpp:15877:71: error: Invalid Directive: for current device, ROM_1P + LUTRAM is invalid combination for BIND_STORAGE's option 'type + impl' [clang-diagnostic-error]
#pragma HLS BIND_STORAGE variable=second_order_float::sin_cos_K1 type=ROM_1P impl=LUTRAM
                                                                      ^
/home/hoinguyen/Documents/Vitis/UpConv_HLS/upconv_block3/upconv_core_top_ucb3/hls/.autopilot/db/upconv_core_top_ucb3.pp.0.cpp:15878:71: error: Invalid Directive: for current device, ROM_1P + LUTRAM is invalid combination for BIND_STORAGE's option 'type + impl' [clang-diagnostic-error]
#pragma HLS BIND_STORAGE variable=second_order_float::sin_cos_K2 type=ROM_1P impl=LUTRAM
                                                                      ^
/home/hoinguyen/Documents/Vitis/UpConv_HLS/upconv_block3/upconv_core_top_ucb3/hls/.autopilot/db/upconv_core_top_ucb3.pp.0.cpp:15905:67: error: Invalid Directive: for current device, ROM_1P + LUTRAM is invalid combination for BIND_STORAGE's option 'type + impl' [clang-diagnostic-error]
#pragma HLS BIND_STORAGE variable=second_order_float::cos_K0 type=ROM_1P impl=LUTRAM
                                                                  ^
/home/hoinguyen/Documents/Vitis/UpConv_HLS/upconv_block3/upconv_core_top_ucb3/hls/.autopilot/db/upconv_core_top_ucb3.pp.0.cpp:15906:67: error: Invalid Directive: for current device, ROM_1P + LUTRAM is invalid combination for BIND_STORAGE's option 'type + impl' [clang-diagnostic-error]
#pragma HLS BIND_STORAGE variable=second_order_float::cos_K1 type=ROM_1P impl=LUTRAM
                                                                  ^
/home/hoinguyen/Documents/Vitis/UpConv_HLS/upconv_block3/upconv_core_top_ucb3/hls/.autopilot/db/upconv_core_top_ucb3.pp.0.cpp:15907:67: error: Invalid Directive: for current device, ROM_1P + LUTRAM is invalid combination for BIND_STORAGE's option 'type + impl' [clang-diagnostic-error]
#pragma HLS BIND_STORAGE variable=second_order_float::cos_K2 type=ROM_1P impl=LUTRAM
                                                                  ^
/home/hoinguyen/Documents/Vitis/UpConv_HLS/upconv_block3/upconv_core_top_ucb3/hls/.autopilot/db/upconv_core_top_ucb3.pp.0.cpp:15908:67: error: Invalid Directive: for current device, ROM_1P + LUTRAM is invalid combination for BIND_STORAGE's option 'type + impl' [clang-diagnostic-error]
#pragma HLS BIND_STORAGE variable=second_order_float::sin_K0 type=ROM_1P impl=LUTRAM
                                                                  ^
/home/hoinguyen/Documents/Vitis/UpConv_HLS/upconv_block3/upconv_core_top_ucb3/hls/.autopilot/db/upconv_core_top_ucb3.pp.0.cpp:15909:67: error: Invalid Directive: for current device, ROM_1P + LUTRAM is invalid combination for BIND_STORAGE's option 'type + impl' [clang-diagnostic-error]
#pragma HLS BIND_STORAGE variable=second_order_float::sin_K1 type=ROM_1P impl=LUTRAM
                                                                  ^
/home/hoinguyen/Documents/Vitis/UpConv_HLS/upconv_block3/upconv_core_top_ucb3/hls/.autopilot/db/upconv_core_top_ucb3.pp.0.cpp:15910:67: error: Invalid Directive: for current device, ROM_1P + LUTRAM is invalid combination for BIND_STORAGE's option 'type + impl' [clang-diagnostic-error]
#pragma HLS BIND_STORAGE variable=second_order_float::sin_K2 type=ROM_1P impl=LUTRAM
                                                                  ^
/home/hoinguyen/Documents/Vitis/UpConv_HLS/upconv_block3/upconv_core_top_ucb3/hls/.autopilot/db/upconv_core_top_ucb3.pp.0.cpp:15946:73: error: Invalid Directive: for current device, ROM_1P + LUTRAM is invalid combination for BIND_STORAGE's option 'type + impl' [clang-diagnostic-error]
#pragma HLS BIND_STORAGE variable=first_order_fixed_16::sin_cos_K0 type=ROM_1P impl=LUTRAM
                                                                        ^
/home/hoinguyen/Documents/Vitis/UpConv_HLS/upconv_block3/upconv_core_top_ucb3/hls/.autopilot/db/upconv_core_top_ucb3.pp.0.cpp:15947:73: error: Invalid Directive: for current device, ROM_1P + LUTRAM is invalid combination for BIND_STORAGE's option 'type + impl' [clang-diagnostic-error]
#pragma HLS BIND_STORAGE variable=first_order_fixed_16::sin_cos_K1 type=ROM_1P impl=LUTRAM
                                                                        ^
/home/hoinguyen/Documents/Vitis/UpConv_HLS/upconv_block3/upconv_core_top_ucb3/hls/.autopilot/db/upconv_core_top_ucb3.pp.0.cpp:16221:5: warning: Added loop label VITIS_LOOP_61_1:   [xilinx-label-all-loops]
    for (int n=0; n<Nmax; n++){
    ^~~
    VITIS_LOOP_61_1: 
/home/hoinguyen/Documents/Vitis/UpConv_HLS/upconv_block3/upconv_core_top_ucb3/hls/.autopilot/db/upconv_core_top_ucb3.pp.0.cpp:16221:5: note: FIX-IT applied suggested code changes
/home/hoinguyen/Documents/Vitis/UpConv_HLS/upconv_block3/upconv_core_top_ucb3/hls/.autopilot/db/upconv_core_top_ucb3.pp.0.cpp:16267:5: warning: Added loop label VITIS_LOOP_117_1:   [xilinx-label-all-loops]
    for (int n=0; n<Nmax; n++){
    ^~~
    VITIS_LOOP_117_1: 
/home/hoinguyen/Documents/Vitis/UpConv_HLS/upconv_block3/upconv_core_top_ucb3/hls/.autopilot/db/upconv_core_top_ucb3.pp.0.cpp:16267:5: note: FIX-IT applied suggested code changes
/home/hoinguyen/Documents/Vitis/UpConv_HLS/upconv_block3/upconv_core_top_ucb3/hls/.autopilot/db/upconv_core_top_ucb3.pp.0.cpp:16430:9: warning: Added loop label VITIS_LOOP_289_1:   [xilinx-label-all-loops]
        for(int i=0;i<W-1;i++){
        ^~~
        VITIS_LOOP_289_1: 
/home/hoinguyen/Documents/Vitis/UpConv_HLS/upconv_block3/upconv_core_top_ucb3/hls/.autopilot/db/upconv_core_top_ucb3.pp.0.cpp:16430:9: note: FIX-IT applied suggested code changes
/home/hoinguyen/Documents/Vitis/UpConv_HLS/upconv_block3/upconv_core_top_ucb3/hls/.autopilot/db/upconv_core_top_ucb3.pp.0.cpp:16582:9: warning: Added loop label VITIS_LOOP_449_1:   [xilinx-label-all-loops]
        for(int i=0;i<W-1;i++){
        ^~~
        VITIS_LOOP_449_1: 
/home/hoinguyen/Documents/Vitis/UpConv_HLS/upconv_block3/upconv_core_top_ucb3/hls/.autopilot/db/upconv_core_top_ucb3.pp.0.cpp:16582:9: note: FIX-IT applied suggested code changes
/home/hoinguyen/Documents/Vitis/UpConv_HLS/upconv_block3/upconv_core_top_ucb3/hls/.autopilot/db/upconv_core_top_ucb3.pp.0.cpp:16762:5: warning: Added loop label VITIS_LOOP_629_1:   [xilinx-label-all-loops]
    for(int i=0;i<W+1;i++){
    ^~~
    VITIS_LOOP_629_1: 
/home/hoinguyen/Documents/Vitis/UpConv_HLS/upconv_block3/upconv_core_top_ucb3/hls/.autopilot/db/upconv_core_top_ucb3.pp.0.cpp:16762:5: note: FIX-IT applied suggested code changes
/home/hoinguyen/Documents/Vitis/UpConv_HLS/upconv_block3/upconv_core_top_ucb3/hls/.autopilot/db/upconv_core_top_ucb3.pp.0.cpp:16766:5: warning: Added loop label VITIS_LOOP_633_2:   [xilinx-label-all-loops]
    for(int i=0;i<W+1;i++){
    ^~~
    VITIS_LOOP_633_2: 
/home/hoinguyen/Documents/Vitis/UpConv_HLS/upconv_block3/upconv_core_top_ucb3/hls/.autopilot/db/upconv_core_top_ucb3.pp.0.cpp:16766:5: note: FIX-IT applied suggested code changes
/home/hoinguyen/Documents/Vitis/UpConv_HLS/upconv_block3/upconv_core_top_ucb3/hls/.autopilot/db/upconv_core_top_ucb3.pp.0.cpp:16876:5: warning: Added loop label VITIS_LOOP_743_1:   [xilinx-label-all-loops]
    for (int n=0; n<Nmax; n++){
    ^~~
    VITIS_LOOP_743_1: 
/home/hoinguyen/Documents/Vitis/UpConv_HLS/upconv_block3/upconv_core_top_ucb3/hls/.autopilot/db/upconv_core_top_ucb3.pp.0.cpp:16876:5: note: FIX-IT applied suggested code changes
/home/hoinguyen/Documents/Vitis/UpConv_HLS/upconv_block3/upconv_core_top_ucb3/hls/.autopilot/db/upconv_core_top_ucb3.pp.0.cpp:16966:7: warning: Added loop label VITIS_LOOP_840_1:   [xilinx-label-all-loops]
      for(int i=0;i<W-1;i++){
      ^~~
      VITIS_LOOP_840_1: 
/home/hoinguyen/Documents/Vitis/UpConv_HLS/upconv_block3/upconv_core_top_ucb3/hls/.autopilot/db/upconv_core_top_ucb3.pp.0.cpp:16966:7: note: FIX-IT applied suggested code changes
/home/hoinguyen/Documents/Vitis/UpConv_HLS/upconv_block3/upconv_core_top_ucb3/hls/.autopilot/db/upconv_core_top_ucb3.pp.0.cpp:16985:7: warning: Added loop label VITIS_LOOP_859_2:   [xilinx-label-all-loops]
      for(int i=0;i<W-1;i++){
      ^~~
      VITIS_LOOP_859_2: 
/home/hoinguyen/Documents/Vitis/UpConv_HLS/upconv_block3/upconv_core_top_ucb3/hls/.autopilot/db/upconv_core_top_ucb3.pp.0.cpp:16985:7: note: FIX-IT applied suggested code changes
/home/hoinguyen/Documents/Vitis/UpConv_HLS/upconv_block3/upconv_core_top_ucb3/hls/.autopilot/db/upconv_core_top_ucb3.pp.0.cpp:17275:5: warning: Added loop label VITIS_LOOP_1173_1:   [xilinx-label-all-loops]
    for(int i=0; i<Nmax; i++) {
    ^~~
    VITIS_LOOP_1173_1: 
/home/hoinguyen/Documents/Vitis/UpConv_HLS/upconv_block3/upconv_core_top_ucb3/hls/.autopilot/db/upconv_core_top_ucb3.pp.0.cpp:17275:5: note: FIX-IT applied suggested code changes
/home/hoinguyen/Documents/Vitis/UpConv_HLS/upconv_block3/upconv_core_top_ucb3/hls/.autopilot/db/upconv_core_top_ucb3.pp.0.cpp:17358:5: warning: Added loop label VITIS_LOOP_1256_1:   [xilinx-label-all-loops]
    for(int i=0; i<Nmax; i++) {
    ^~~
    VITIS_LOOP_1256_1: 
/home/hoinguyen/Documents/Vitis/UpConv_HLS/upconv_block3/upconv_core_top_ucb3/hls/.autopilot/db/upconv_core_top_ucb3.pp.0.cpp:17358:5: note: FIX-IT applied suggested code changes
/home/hoinguyen/Documents/Vitis/UpConv_HLS/upconv_block3/upconv_core_top_ucb3/hls/.autopilot/db/upconv_core_top_ucb3.pp.0.cpp:17764:13: warning: Added loop label VITIS_LOOP_68_1:   [xilinx-label-all-loops]
            for (int j = 3; j >= I_+1; j--) {
            ^~~
            VITIS_LOOP_68_1: 
/home/hoinguyen/Documents/Vitis/UpConv_HLS/upconv_block3/upconv_core_top_ucb3/hls/.autopilot/db/upconv_core_top_ucb3.pp.0.cpp:17764:13: note: FIX-IT applied suggested code changes
/home/hoinguyen/Documents/Vitis/UpConv_HLS/upconv_block3/upconv_core_top_ucb3/hls/.autopilot/db/upconv_core_top_ucb3.pp.0.cpp:17770:17: warning: Added loop label VITIS_LOOP_74_2:   [xilinx-label-all-loops]
                for (int j = 3; j >= I_+1; j--){
                ^~~
                VITIS_LOOP_74_2: 
/home/hoinguyen/Documents/Vitis/UpConv_HLS/upconv_block3/upconv_core_top_ucb3/hls/.autopilot/db/upconv_core_top_ucb3.pp.0.cpp:17770:17: note: FIX-IT applied suggested code changes
/home/hoinguyen/Documents/Vitis/UpConv_HLS/upconv_block3/upconv_core_top_ucb3/hls/.autopilot/db/upconv_core_top_ucb3.pp.0.cpp:17774:17: warning: Added loop label VITIS_LOOP_78_3:   [xilinx-label-all-loops]
                for (int j = I_; j >= 0; j--){
                ^~~
                VITIS_LOOP_78_3: 
/home/hoinguyen/Documents/Vitis/UpConv_HLS/upconv_block3/upconv_core_top_ucb3/hls/.autopilot/db/upconv_core_top_ucb3.pp.0.cpp:17774:17: note: FIX-IT applied suggested code changes
/home/hoinguyen/Documents/Vitis/UpConv_HLS/upconv_block3/upconv_core_top_ucb3/hls/.autopilot/db/upconv_core_top_ucb3.pp.0.cpp:17822:13: warning: Added loop label VITIS_LOOP_145_4:   [xilinx-label-all-loops]
            for (int j = 9; j >= I_+4; j--) {
            ^~~
            VITIS_LOOP_145_4: 
/home/hoinguyen/Documents/Vitis/UpConv_HLS/upconv_block3/upconv_core_top_ucb3/hls/.autopilot/db/upconv_core_top_ucb3.pp.0.cpp:17822:13: note: FIX-IT applied suggested code changes
/home/hoinguyen/Documents/Vitis/UpConv_HLS/upconv_block3/upconv_core_top_ucb3/hls/.autopilot/db/upconv_core_top_ucb3.pp.0.cpp:17828:17: warning: Added loop label VITIS_LOOP_151_5:   [xilinx-label-all-loops]
                for (int j = 9; j >= I_+4; j--){
                ^~~
                VITIS_LOOP_151_5: 
/home/hoinguyen/Documents/Vitis/UpConv_HLS/upconv_block3/upconv_core_top_ucb3/hls/.autopilot/db/upconv_core_top_ucb3.pp.0.cpp:17828:17: note: FIX-IT applied suggested code changes
/home/hoinguyen/Documents/Vitis/UpConv_HLS/upconv_block3/upconv_core_top_ucb3/hls/.autopilot/db/upconv_core_top_ucb3.pp.0.cpp:17832:17: warning: Added loop label VITIS_LOOP_155_6:   [xilinx-label-all-loops]
                for (int j = I_+3; j >= 0; j--){
                ^~~
                VITIS_LOOP_155_6: 
/home/hoinguyen/Documents/Vitis/UpConv_HLS/upconv_block3/upconv_core_top_ucb3/hls/.autopilot/db/upconv_core_top_ucb3.pp.0.cpp:17832:17: note: FIX-IT applied suggested code changes
/home/hoinguyen/Documents/Vitis/UpConv_HLS/upconv_block3/upconv_core_top_ucb3/hls/.autopilot/db/upconv_core_top_ucb3.pp.0.cpp:17847:9: warning: Added loop label VITIS_LOOP_170_7:   [xilinx-label-all-loops]
        for (int j = 14; j < 22; j++){
        ^~~
        VITIS_LOOP_170_7: 
/home/hoinguyen/Documents/Vitis/UpConv_HLS/upconv_block3/upconv_core_top_ucb3/hls/.autopilot/db/upconv_core_top_ucb3.pp.0.cpp:17847:9: note: FIX-IT applied suggested code changes
/home/hoinguyen/Documents/Vitis/UpConv_HLS/upconv_block3/upconv_core_top_ucb3/hls/.autopilot/db/upconv_core_top_ucb3.pp.0.cpp:17855:17: warning: Added loop label VITIS_LOOP_178_8:   [xilinx-label-all-loops]
                for (int j = 0; j < 22; j++){
                ^~~
                VITIS_LOOP_178_8: 
/home/hoinguyen/Documents/Vitis/UpConv_HLS/upconv_block3/upconv_core_top_ucb3/hls/.autopilot/db/upconv_core_top_ucb3.pp.0.cpp:17855:17: note: FIX-IT applied suggested code changes
/home/hoinguyen/Documents/Vitis/UpConv_HLS/upconv_block3/upconv_core_top_ucb3/hls/.autopilot/db/upconv_core_top_ucb3.pp.0.cpp:17920:13: warning: Added loop label VITIS_LOOP_243_9:   [xilinx-label-all-loops]
            for (int j = 21; j >= I_+10; j--) {
            ^~~
            VITIS_LOOP_243_9: 
/home/hoinguyen/Documents/Vitis/UpConv_HLS/upconv_block3/upconv_core_top_ucb3/hls/.autopilot/db/upconv_core_top_ucb3.pp.0.cpp:17920:13: note: FIX-IT applied suggested code changes
/home/hoinguyen/Documents/Vitis/UpConv_HLS/upconv_block3/upconv_core_top_ucb3/hls/.autopilot/db/upconv_core_top_ucb3.pp.0.cpp:17926:17: warning: Added loop label VITIS_LOOP_249_10:   [xilinx-label-all-loops]
                for (int j = 21; j >= I_+10; j--) {
                ^~~
                VITIS_LOOP_249_10: 
/home/hoinguyen/Documents/Vitis/UpConv_HLS/upconv_block3/upconv_core_top_ucb3/hls/.autopilot/db/upconv_core_top_ucb3.pp.0.cpp:17926:17: note: FIX-IT applied suggested code changes
/home/hoinguyen/Documents/Vitis/UpConv_HLS/upconv_block3/upconv_core_top_ucb3/hls/.autopilot/db/upconv_core_top_ucb3.pp.0.cpp:17930:17: warning: Added loop label VITIS_LOOP_253_11:   [xilinx-label-all-loops]
                for (int j = I_+9; j >= 0; j--) {
                ^~~
                VITIS_LOOP_253_11: 
/home/hoinguyen/Documents/Vitis/UpConv_HLS/upconv_block3/upconv_core_top_ucb3/hls/.autopilot/db/upconv_core_top_ucb3.pp.0.cpp:17930:17: note: FIX-IT applied suggested code changes
/home/hoinguyen/Documents/Vitis/UpConv_HLS/upconv_block3/upconv_core_top_ucb3/hls/.autopilot/db/upconv_core_top_ucb3.pp.0.cpp:17945:9: warning: Added loop label VITIS_LOOP_268_12:   [xilinx-label-all-loops]
        for (int j = 27; j < 46; j++){
        ^~~
        VITIS_LOOP_268_12: 
/home/hoinguyen/Documents/Vitis/UpConv_HLS/upconv_block3/upconv_core_top_ucb3/hls/.autopilot/db/upconv_core_top_ucb3.pp.0.cpp:17945:9: note: FIX-IT applied suggested code changes
/home/hoinguyen/Documents/Vitis/UpConv_HLS/upconv_block3/upconv_core_top_ucb3/hls/.autopilot/db/upconv_core_top_ucb3.pp.0.cpp:17953:17: warning: Added loop label VITIS_LOOP_276_13:   [xilinx-label-all-loops]
                for (int j = 0; j < 46; j++) {
                ^~~
                VITIS_LOOP_276_13: 
/home/hoinguyen/Documents/Vitis/UpConv_HLS/upconv_block3/upconv_core_top_ucb3/hls/.autopilot/db/upconv_core_top_ucb3.pp.0.cpp:17953:17: note: FIX-IT applied suggested code changes
/home/hoinguyen/Documents/Vitis/UpConv_HLS/upconv_block3/upconv_core_top_ucb3/hls/.autopilot/db/upconv_core_top_ucb3.pp.0.cpp:18182:13: warning: Added loop label VITIS_LOOP_505_14:   [xilinx-label-all-loops]
            for (int j = 45; j >= I_+22; j--) {
            ^~~
            VITIS_LOOP_505_14: 
/home/hoinguyen/Documents/Vitis/UpConv_HLS/upconv_block3/upconv_core_top_ucb3/hls/.autopilot/db/upconv_core_top_ucb3.pp.0.cpp:18182:13: note: FIX-IT applied suggested code changes
/home/hoinguyen/Documents/Vitis/UpConv_HLS/upconv_block3/upconv_core_top_ucb3/hls/.autopilot/db/upconv_core_top_ucb3.pp.0.cpp:18188:17: warning: Added loop label VITIS_LOOP_511_15:   [xilinx-label-all-loops]
                for (int j = 45; j >= I_+22; j--){
                ^~~
                VITIS_LOOP_511_15: 
/home/hoinguyen/Documents/Vitis/UpConv_HLS/upconv_block3/upconv_core_top_ucb3/hls/.autopilot/db/upconv_core_top_ucb3.pp.0.cpp:18188:17: note: FIX-IT applied suggested code changes
/home/hoinguyen/Documents/Vitis/UpConv_HLS/upconv_block3/upconv_core_top_ucb3/hls/.autopilot/db/upconv_core_top_ucb3.pp.0.cpp:18192:17: warning: Added loop label VITIS_LOOP_515_16:   [xilinx-label-all-loops]
                for (int j = I_+21; j >= 0; j--) {
                ^~~
                VITIS_LOOP_515_16: 
/home/hoinguyen/Documents/Vitis/UpConv_HLS/upconv_block3/upconv_core_top_ucb3/hls/.autopilot/db/upconv_core_top_ucb3.pp.0.cpp:18192:17: note: FIX-IT applied suggested code changes
/home/hoinguyen/Documents/Vitis/UpConv_HLS/upconv_block3/upconv_core_top_ucb3/hls/.autopilot/db/upconv_core_top_ucb3.pp.0.cpp:18202:9: warning: Added loop label VITIS_LOOP_525_17:   [xilinx-label-all-loops]
        for (int j = 32-F_; j < 32+I_; j++){
        ^~~
        VITIS_LOOP_525_17: 
/home/hoinguyen/Documents/Vitis/UpConv_HLS/upconv_block3/upconv_core_top_ucb3/hls/.autopilot/db/upconv_core_top_ucb3.pp.0.cpp:18202:9: note: FIX-IT applied suggested code changes
/home/hoinguyen/Documents/Vitis/UpConv_HLS/upconv_block3/upconv_core_top_ucb3/hls/.autopilot/db/upconv_core_top_ucb3.pp.0.cpp:18206:9: warning: Added loop label VITIS_LOOP_529_18:   [xilinx-label-all-loops]
        for (int j = 32+I_; j <= 64; j++){
        ^~~
        VITIS_LOOP_529_18: 
/home/hoinguyen/Documents/Vitis/UpConv_HLS/upconv_block3/upconv_core_top_ucb3/hls/.autopilot/db/upconv_core_top_ucb3.pp.0.cpp:18206:9: note: FIX-IT applied suggested code changes
/home/hoinguyen/Documents/Vitis/UpConv_HLS/upconv_block3/upconv_core_top_ucb3/hls/.autopilot/db/upconv_core_top_ucb3.pp.0.cpp:18216:9: warning: Added loop label VITIS_LOOP_539_19:   [xilinx-label-all-loops]
        for (int j = 37; j < 64; j++) {
        ^~~
        VITIS_LOOP_539_19: 
/home/hoinguyen/Documents/Vitis/UpConv_HLS/upconv_block3/upconv_core_top_ucb3/hls/.autopilot/db/upconv_core_top_ucb3.pp.0.cpp:18216:9: note: FIX-IT applied suggested code changes
/home/hoinguyen/Documents/Vitis/UpConv_HLS/upconv_block3/upconv_core_top_ucb3/hls/.autopilot/db/upconv_core_top_ucb3.pp.0.cpp:18224:17: warning: Added loop label VITIS_LOOP_547_20:   [xilinx-label-all-loops]
                for (int j = 0; j < 64; j++){
                ^~~
                VITIS_LOOP_547_20: 
/home/hoinguyen/Documents/Vitis/UpConv_HLS/upconv_block3/upconv_core_top_ucb3/hls/.autopilot/db/upconv_core_top_ucb3.pp.0.cpp:18224:17: note: FIX-IT applied suggested code changes
/home/hoinguyen/Documents/Vitis/UpConv_HLS/upconv_block3/upconv_core_top_ucb3/hls/.autopilot/db/upconv_core_top_ucb3.pp.0.cpp:18585:13: warning: Added loop label VITIS_LOOP_908_21:   [xilinx-label-all-loops]
            for (int j = 63; j >= I_+31; j--) {
            ^~~
            VITIS_LOOP_908_21: 
/home/hoinguyen/Documents/Vitis/UpConv_HLS/upconv_block3/upconv_core_top_ucb3/hls/.autopilot/db/upconv_core_top_ucb3.pp.0.cpp:18585:13: note: FIX-IT applied suggested code changes
/home/hoinguyen/Documents/Vitis/UpConv_HLS/upconv_block3/upconv_core_top_ucb3/hls/.autopilot/db/upconv_core_top_ucb3.pp.0.cpp:18591:17: warning: Added loop label VITIS_LOOP_914_22:   [xilinx-label-all-loops]
                for (int j = 63; j >= I_+31; j--) {
                ^~~
                VITIS_LOOP_914_22: 
/home/hoinguyen/Documents/Vitis/UpConv_HLS/upconv_block3/upconv_core_top_ucb3/hls/.autopilot/db/upconv_core_top_ucb3.pp.0.cpp:18591:17: note: FIX-IT applied suggested code changes
/home/hoinguyen/Documents/Vitis/UpConv_HLS/upconv_block3/upconv_core_top_ucb3/hls/.autopilot/db/upconv_core_top_ucb3.pp.0.cpp:18595:17: warning: Added loop label VITIS_LOOP_918_23:   [xilinx-label-all-loops]
                for (int j = I_+30; j >= 0; j--) {
                ^~~
                VITIS_LOOP_918_23: 
/home/hoinguyen/Documents/Vitis/UpConv_HLS/upconv_block3/upconv_core_top_ucb3/hls/.autopilot/db/upconv_core_top_ucb3.pp.0.cpp:18595:17: note: FIX-IT applied suggested code changes
/home/hoinguyen/Documents/Vitis/UpConv_HLS/upconv_block3/upconv_core_top_ucb3/hls/.autopilot/db/upconv_core_top_ucb3.pp.0.cpp:18711:13: warning: Added loop label VITIS_LOOP_1034_1:   [xilinx-label-all-loops]
            for (int j = 4; j >= I_+1; j--) {
            ^~~
            VITIS_LOOP_1034_1: 
/home/hoinguyen/Documents/Vitis/UpConv_HLS/upconv_block3/upconv_core_top_ucb3/hls/.autopilot/db/upconv_core_top_ucb3.pp.0.cpp:18711:13: note: FIX-IT applied suggested code changes
/home/hoinguyen/Documents/Vitis/UpConv_HLS/upconv_block3/upconv_core_top_ucb3/hls/.autopilot/db/upconv_core_top_ucb3.pp.0.cpp:18717:17: warning: Added loop label VITIS_LOOP_1040_2:   [xilinx-label-all-loops]
                for (int j = 4; j >= I_+1; j--) {
                ^~~
                VITIS_LOOP_1040_2: 
/home/hoinguyen/Documents/Vitis/UpConv_HLS/upconv_block3/upconv_core_top_ucb3/hls/.autopilot/db/upconv_core_top_ucb3.pp.0.cpp:18717:17: note: FIX-IT applied suggested code changes
/home/hoinguyen/Documents/Vitis/UpConv_HLS/upconv_block3/upconv_core_top_ucb3/hls/.autopilot/db/upconv_core_top_ucb3.pp.0.cpp:18721:17: warning: Added loop label VITIS_LOOP_1044_3:   [xilinx-label-all-loops]
                for (int j = I_; j >= 0; j--) {
                ^~~
                VITIS_LOOP_1044_3: 
/home/hoinguyen/Documents/Vitis/UpConv_HLS/upconv_block3/upconv_core_top_ucb3/hls/.autopilot/db/upconv_core_top_ucb3.pp.0.cpp:18721:17: note: FIX-IT applied suggested code changes
/home/hoinguyen/Documents/Vitis/UpConv_HLS/upconv_block3/upconv_core_top_ucb3/hls/.autopilot/db/upconv_core_top_ucb3.pp.0.cpp:18808:13: warning: Added loop label VITIS_LOOP_1131_4:   [xilinx-label-all-loops]
            for (int j = 10; j >= I_+4; j--) {
            ^~~
            VITIS_LOOP_1131_4: 
/home/hoinguyen/Documents/Vitis/UpConv_HLS/upconv_block3/upconv_core_top_ucb3/hls/.autopilot/db/upconv_core_top_ucb3.pp.0.cpp:18808:13: note: FIX-IT applied suggested code changes
/home/hoinguyen/Documents/Vitis/UpConv_HLS/upconv_block3/upconv_core_top_ucb3/hls/.autopilot/db/upconv_core_top_ucb3.pp.0.cpp:18814:17: warning: Added loop label VITIS_LOOP_1137_5:   [xilinx-label-all-loops]
                for (int j = 10; j >= I_+4; j--) {
                ^~~
                VITIS_LOOP_1137_5: 
/home/hoinguyen/Documents/Vitis/UpConv_HLS/upconv_block3/upconv_core_top_ucb3/hls/.autopilot/db/upconv_core_top_ucb3.pp.0.cpp:18814:17: note: FIX-IT applied suggested code changes
/home/hoinguyen/Documents/Vitis/UpConv_HLS/upconv_block3/upconv_core_top_ucb3/hls/.autopilot/db/upconv_core_top_ucb3.pp.0.cpp:18818:17: warning: Added loop label VITIS_LOOP_1141_6:   [xilinx-label-all-loops]
                for (int j = I_+3; j >= 0; j--) {
                ^~~
                VITIS_LOOP_1141_6: 
/home/hoinguyen/Documents/Vitis/UpConv_HLS/upconv_block3/upconv_core_top_ucb3/hls/.autopilot/db/upconv_core_top_ucb3.pp.0.cpp:18818:17: note: FIX-IT applied suggested code changes
/home/hoinguyen/Documents/Vitis/UpConv_HLS/upconv_block3/upconv_core_top_ucb3/hls/.autopilot/db/upconv_core_top_ucb3.pp.0.cpp:18837:9: warning: Added loop label VITIS_LOOP_1160_7:   [xilinx-label-all-loops]
        for (int j = wf+3; j < w-1; j++) {
        ^~~
        VITIS_LOOP_1160_7: 
/home/hoinguyen/Documents/Vitis/UpConv_HLS/upconv_block3/upconv_core_top_ucb3/hls/.autopilot/db/upconv_core_top_ucb3.pp.0.cpp:18837:9: note: FIX-IT applied suggested code changes
/home/hoinguyen/Documents/Vitis/UpConv_HLS/upconv_block3/upconv_core_top_ucb3/hls/.autopilot/db/upconv_core_top_ucb3.pp.0.cpp:18844:17: warning: Added loop label VITIS_LOOP_1167_8:   [xilinx-label-all-loops]
                for (int j = 0; j < 22; j++) {
                ^~~
                VITIS_LOOP_1167_8: 
/home/hoinguyen/Documents/Vitis/UpConv_HLS/upconv_block3/upconv_core_top_ucb3/hls/.autopilot/db/upconv_core_top_ucb3.pp.0.cpp:18844:17: note: FIX-IT applied suggested code changes
/home/hoinguyen/Documents/Vitis/UpConv_HLS/upconv_block3/upconv_core_top_ucb3/hls/.autopilot/db/upconv_core_top_ucb3.pp.0.cpp:18960:13: warning: Added loop label VITIS_LOOP_1283_9:   [xilinx-label-all-loops]
            for (int j = 22; j >= I_+10; j--) {
            ^~~
            VITIS_LOOP_1283_9: 
/home/hoinguyen/Documents/Vitis/UpConv_HLS/upconv_block3/upconv_core_top_ucb3/hls/.autopilot/db/upconv_core_top_ucb3.pp.0.cpp:18960:13: note: FIX-IT applied suggested code changes
/home/hoinguyen/Documents/Vitis/UpConv_HLS/upconv_block3/upconv_core_top_ucb3/hls/.autopilot/db/upconv_core_top_ucb3.pp.0.cpp:18966:17: warning: Added loop label VITIS_LOOP_1289_10:   [xilinx-label-all-loops]
                for (int j = 22; j >= I_+10; j--){
                ^~~
                VITIS_LOOP_1289_10: 
/home/hoinguyen/Documents/Vitis/UpConv_HLS/upconv_block3/upconv_core_top_ucb3/hls/.autopilot/db/upconv_core_top_ucb3.pp.0.cpp:18966:17: note: FIX-IT applied suggested code changes
/home/hoinguyen/Documents/Vitis/UpConv_HLS/upconv_block3/upconv_core_top_ucb3/hls/.autopilot/db/upconv_core_top_ucb3.pp.0.cpp:18970:17: warning: Added loop label VITIS_LOOP_1293_11:   [xilinx-label-all-loops]
                for (int j = I_+9; j >= 0; j--) {
                ^~~
                VITIS_LOOP_1293_11: 
/home/hoinguyen/Documents/Vitis/UpConv_HLS/upconv_block3/upconv_core_top_ucb3/hls/.autopilot/db/upconv_core_top_ucb3.pp.0.cpp:18970:17: note: FIX-IT applied suggested code changes
/home/hoinguyen/Documents/Vitis/UpConv_HLS/upconv_block3/upconv_core_top_ucb3/hls/.autopilot/db/upconv_core_top_ucb3.pp.0.cpp:18990:9: warning: Added loop label VITIS_LOOP_1313_12:   [xilinx-label-all-loops]
        for (int j = wf+4; j < w-1; j++){
        ^~~
        VITIS_LOOP_1313_12: 
/home/hoinguyen/Documents/Vitis/UpConv_HLS/upconv_block3/upconv_core_top_ucb3/hls/.autopilot/db/upconv_core_top_ucb3.pp.0.cpp:18990:9: note: FIX-IT applied suggested code changes
/home/hoinguyen/Documents/Vitis/UpConv_HLS/upconv_block3/upconv_core_top_ucb3/hls/.autopilot/db/upconv_core_top_ucb3.pp.0.cpp:18997:17: warning: Added loop label VITIS_LOOP_1320_13:   [xilinx-label-all-loops]
                for (int j = 0; j < 46; j++) {
                ^~~
                VITIS_LOOP_1320_13: 
/home/hoinguyen/Documents/Vitis/UpConv_HLS/upconv_block3/upconv_core_top_ucb3/hls/.autopilot/db/upconv_core_top_ucb3.pp.0.cpp:18997:17: note: FIX-IT applied suggested code changes
/home/hoinguyen/Documents/Vitis/UpConv_HLS/upconv_block3/upconv_core_top_ucb3/hls/.autopilot/db/upconv_core_top_ucb3.pp.0.cpp:19259:13: warning: Added loop label VITIS_LOOP_1582_14:   [xilinx-label-all-loops]
            for (int j = 46; j >= I_+22; j--) {
            ^~~
            VITIS_LOOP_1582_14: 
/home/hoinguyen/Documents/Vitis/UpConv_HLS/upconv_block3/upconv_core_top_ucb3/hls/.autopilot/db/upconv_core_top_ucb3.pp.0.cpp:19259:13: note: FIX-IT applied suggested code changes
/home/hoinguyen/Documents/Vitis/UpConv_HLS/upconv_block3/upconv_core_top_ucb3/hls/.autopilot/db/upconv_core_top_ucb3.pp.0.cpp:19265:17: warning: Added loop label VITIS_LOOP_1588_15:   [xilinx-label-all-loops]
                for (int j = 46; j >= I_+22; j--) {
                ^~~
                VITIS_LOOP_1588_15: 
/home/hoinguyen/Documents/Vitis/UpConv_HLS/upconv_block3/upconv_core_top_ucb3/hls/.autopilot/db/upconv_core_top_ucb3.pp.0.cpp:19265:17: note: FIX-IT applied suggested code changes
/home/hoinguyen/Documents/Vitis/UpConv_HLS/upconv_block3/upconv_core_top_ucb3/hls/.autopilot/db/upconv_core_top_ucb3.pp.0.cpp:19269:17: warning: Added loop label VITIS_LOOP_1592_16:   [xilinx-label-all-loops]
                for (int j = I_+21; j >= 0; j--) {
                ^~~
                VITIS_LOOP_1592_16: 
/home/hoinguyen/Documents/Vitis/UpConv_HLS/upconv_block3/upconv_core_top_ucb3/hls/.autopilot/db/upconv_core_top_ucb3.pp.0.cpp:19269:17: note: FIX-IT applied suggested code changes
/home/hoinguyen/Documents/Vitis/UpConv_HLS/upconv_block3/upconv_core_top_ucb3/hls/.autopilot/db/upconv_core_top_ucb3.pp.0.cpp:19293:9: warning: Added loop label VITIS_LOOP_1616_17:   [xilinx-label-all-loops]
        for (int j = wf+5; j < w-1; j++){
        ^~~
        VITIS_LOOP_1616_17: 
/home/hoinguyen/Documents/Vitis/UpConv_HLS/upconv_block3/upconv_core_top_ucb3/hls/.autopilot/db/upconv_core_top_ucb3.pp.0.cpp:19293:9: note: FIX-IT applied suggested code changes
/home/hoinguyen/Documents/Vitis/UpConv_HLS/upconv_block3/upconv_core_top_ucb3/hls/.autopilot/db/upconv_core_top_ucb3.pp.0.cpp:19300:17: warning: Added loop label VITIS_LOOP_1623_18:   [xilinx-label-all-loops]
                for (int j = 0; j < 64; j++) {
                ^~~
                VITIS_LOOP_1623_18: 
/home/hoinguyen/Documents/Vitis/UpConv_HLS/upconv_block3/upconv_core_top_ucb3/hls/.autopilot/db/upconv_core_top_ucb3.pp.0.cpp:19300:17: note: FIX-IT applied suggested code changes
/home/hoinguyen/Documents/Vitis/UpConv_HLS/upconv_block3/upconv_core_top_ucb3/hls/.autopilot/db/upconv_core_top_ucb3.pp.0.cpp:19730:13: warning: Added loop label VITIS_LOOP_2053_19:   [xilinx-label-all-loops]
            for (int j = 64; j >= I_+31; j--) {
            ^~~
            VITIS_LOOP_2053_19: 
/home/hoinguyen/Documents/Vitis/UpConv_HLS/upconv_block3/upconv_core_top_ucb3/hls/.autopilot/db/upconv_core_top_ucb3.pp.0.cpp:19730:13: note: FIX-IT applied suggested code changes
/home/hoinguyen/Documents/Vitis/UpConv_HLS/upconv_block3/upconv_core_top_ucb3/hls/.autopilot/db/upconv_core_top_ucb3.pp.0.cpp:19736:17: warning: Added loop label VITIS_LOOP_2059_20:   [xilinx-label-all-loops]
                for (int j = 64; j >= I_+31; j--) {
                ^~~
                VITIS_LOOP_2059_20: 
/home/hoinguyen/Documents/Vitis/UpConv_HLS/upconv_block3/upconv_core_top_ucb3/hls/.autopilot/db/upconv_core_top_ucb3.pp.0.cpp:19736:17: note: FIX-IT applied suggested code changes
/home/hoinguyen/Documents/Vitis/UpConv_HLS/upconv_block3/upconv_core_top_ucb3/hls/.autopilot/db/upconv_core_top_ucb3.pp.0.cpp:19740:17: warning: Added loop label VITIS_LOOP_2063_21:   [xilinx-label-all-loops]
                for (int j = I_+30; j >= 0; j--) {
                ^~~
                VITIS_LOOP_2063_21: 
/home/hoinguyen/Documents/Vitis/UpConv_HLS/upconv_block3/upconv_core_top_ucb3/hls/.autopilot/db/upconv_core_top_ucb3.pp.0.cpp:19740:17: note: FIX-IT applied suggested code changes
/home/hoinguyen/Documents/Vitis/UpConv_HLS/upconv_block3/upconv_core_top_ucb3/hls/.autopilot/db/upconv_core_top_ucb3.pp.0.cpp:19870:13: warning: Added loop label VITIS_LOOP_2193_1:   [xilinx-label-all-loops]
            for(int j=3; j>=I+1; j--) {
            ^~~
            VITIS_LOOP_2193_1: 
/home/hoinguyen/Documents/Vitis/UpConv_HLS/upconv_block3/upconv_core_top_ucb3/hls/.autopilot/db/upconv_core_top_ucb3.pp.0.cpp:19870:13: note: FIX-IT applied suggested code changes
/home/hoinguyen/Documents/Vitis/UpConv_HLS/upconv_block3/upconv_core_top_ucb3/hls/.autopilot/db/upconv_core_top_ucb3.pp.0.cpp:19877:17: warning: Added loop label VITIS_LOOP_2200_2:   [xilinx-label-all-loops]
                for(int j=3; j>=I+1; j--) {
                ^~~
                VITIS_LOOP_2200_2: 
/home/hoinguyen/Documents/Vitis/UpConv_HLS/upconv_block3/upconv_core_top_ucb3/hls/.autopilot/db/upconv_core_top_ucb3.pp.0.cpp:19877:17: note: FIX-IT applied suggested code changes
/home/hoinguyen/Documents/Vitis/UpConv_HLS/upconv_block3/upconv_core_top_ucb3/hls/.autopilot/db/upconv_core_top_ucb3.pp.0.cpp:19881:17: warning: Added loop label VITIS_LOOP_2204_3:   [xilinx-label-all-loops]
                for(int j=I; j>=0; j--) {
                ^~~
                VITIS_LOOP_2204_3: 
/home/hoinguyen/Documents/Vitis/UpConv_HLS/upconv_block3/upconv_core_top_ucb3/hls/.autopilot/db/upconv_core_top_ucb3.pp.0.cpp:19881:17: note: FIX-IT applied suggested code changes
/home/hoinguyen/Documents/Vitis/UpConv_HLS/upconv_block3/upconv_core_top_ucb3/hls/.autopilot/db/upconv_core_top_ucb3.pp.0.cpp:19928:13: warning: Added loop label VITIS_LOOP_2251_4:   [xilinx-label-all-loops]
            for(int j=7; j>=3+I; j--) {
            ^~~
            VITIS_LOOP_2251_4: 
/home/hoinguyen/Documents/Vitis/UpConv_HLS/upconv_block3/upconv_core_top_ucb3/hls/.autopilot/db/upconv_core_top_ucb3.pp.0.cpp:19928:13: note: FIX-IT applied suggested code changes
/home/hoinguyen/Documents/Vitis/UpConv_HLS/upconv_block3/upconv_core_top_ucb3/hls/.autopilot/db/upconv_core_top_ucb3.pp.0.cpp:19935:17: warning: Added loop label VITIS_LOOP_2258_5:   [xilinx-label-all-loops]
                for(int j=7; j>=3+I; j--) {
                ^~~
                VITIS_LOOP_2258_5: 
/home/hoinguyen/Documents/Vitis/UpConv_HLS/upconv_block3/upconv_core_top_ucb3/hls/.autopilot/db/upconv_core_top_ucb3.pp.0.cpp:19935:17: note: FIX-IT applied suggested code changes
/home/hoinguyen/Documents/Vitis/UpConv_HLS/upconv_block3/upconv_core_top_ucb3/hls/.autopilot/db/upconv_core_top_ucb3.pp.0.cpp:19939:17: warning: Added loop label VITIS_LOOP_2262_6:   [xilinx-label-all-loops]
                for(int j=I+2; j>=0; j--) {
                ^~~
                VITIS_LOOP_2262_6: 
/home/hoinguyen/Documents/Vitis/UpConv_HLS/upconv_block3/upconv_core_top_ucb3/hls/.autopilot/db/upconv_core_top_ucb3.pp.0.cpp:19939:17: note: FIX-IT applied suggested code changes
/home/hoinguyen/Documents/Vitis/UpConv_HLS/upconv_block3/upconv_core_top_ucb3/hls/.autopilot/db/upconv_core_top_ucb3.pp.0.cpp:19957:9: warning: Added loop label VITIS_LOOP_2280_7:   [xilinx-label-all-loops]
        for(int j=11; j<16; j++) {
        ^~~
        VITIS_LOOP_2280_7: 
/home/hoinguyen/Documents/Vitis/UpConv_HLS/upconv_block3/upconv_core_top_ucb3/hls/.autopilot/db/upconv_core_top_ucb3.pp.0.cpp:19957:9: note: FIX-IT applied suggested code changes
/home/hoinguyen/Documents/Vitis/UpConv_HLS/upconv_block3/upconv_core_top_ucb3/hls/.autopilot/db/upconv_core_top_ucb3.pp.0.cpp:20012:13: warning: Added loop label VITIS_LOOP_2335_8:   [xilinx-label-all-loops]
            for(int j=15; j>=7+I; j--) {
            ^~~
            VITIS_LOOP_2335_8: 
/home/hoinguyen/Documents/Vitis/UpConv_HLS/upconv_block3/upconv_core_top_ucb3/hls/.autopilot/db/upconv_core_top_ucb3.pp.0.cpp:20012:13: note: FIX-IT applied suggested code changes
/home/hoinguyen/Documents/Vitis/UpConv_HLS/upconv_block3/upconv_core_top_ucb3/hls/.autopilot/db/upconv_core_top_ucb3.pp.0.cpp:20019:17: warning: Added loop label VITIS_LOOP_2342_9:   [xilinx-label-all-loops]
                for(int j=15; j>=7+I; j--) {
                ^~~
                VITIS_LOOP_2342_9: 
/home/hoinguyen/Documents/Vitis/UpConv_HLS/upconv_block3/upconv_core_top_ucb3/hls/.autopilot/db/upconv_core_top_ucb3.pp.0.cpp:20019:17: note: FIX-IT applied suggested code changes
/home/hoinguyen/Documents/Vitis/UpConv_HLS/upconv_block3/upconv_core_top_ucb3/hls/.autopilot/db/upconv_core_top_ucb3.pp.0.cpp:20023:17: warning: Added loop label VITIS_LOOP_2346_10:   [xilinx-label-all-loops]
                for(int j=6+I; j>=0; j--) {
                ^~~
                VITIS_LOOP_2346_10: 
/home/hoinguyen/Documents/Vitis/UpConv_HLS/upconv_block3/upconv_core_top_ucb3/hls/.autopilot/db/upconv_core_top_ucb3.pp.0.cpp:20023:17: note: FIX-IT applied suggested code changes
/home/hoinguyen/Documents/Vitis/UpConv_HLS/upconv_block3/upconv_core_top_ucb3/hls/.autopilot/db/upconv_core_top_ucb3.pp.0.cpp:20041:9: warning: Added loop label VITIS_LOOP_2364_11:   [xilinx-label-all-loops]
        for(int j=20; j<32; j++) {
        ^~~
        VITIS_LOOP_2364_11: 
/home/hoinguyen/Documents/Vitis/UpConv_HLS/upconv_block3/upconv_core_top_ucb3/hls/.autopilot/db/upconv_core_top_ucb3.pp.0.cpp:20041:9: note: FIX-IT applied suggested code changes
/home/hoinguyen/Documents/Vitis/UpConv_HLS/upconv_block3/upconv_core_top_ucb3/hls/.autopilot/db/upconv_core_top_ucb3.pp.0.cpp:20130:13: warning: Added loop label VITIS_LOOP_2453_12:   [xilinx-label-all-loops]
            for(int j=31; j>=I+15; j--) {
            ^~~
            VITIS_LOOP_2453_12: 
/home/hoinguyen/Documents/Vitis/UpConv_HLS/upconv_block3/upconv_core_top_ucb3/hls/.autopilot/db/upconv_core_top_ucb3.pp.0.cpp:20130:13: note: FIX-IT applied suggested code changes
/home/hoinguyen/Documents/Vitis/UpConv_HLS/upconv_block3/upconv_core_top_ucb3/hls/.autopilot/db/upconv_core_top_ucb3.pp.0.cpp:20137:17: warning: Added loop label VITIS_LOOP_2460_13:   [xilinx-label-all-loops]
                for(int j=31; j>=I+15; j--) {
                ^~~
                VITIS_LOOP_2460_13: 
/home/hoinguyen/Documents/Vitis/UpConv_HLS/upconv_block3/upconv_core_top_ucb3/hls/.autopilot/db/upconv_core_top_ucb3.pp.0.cpp:20137:17: note: FIX-IT applied suggested code changes
/home/hoinguyen/Documents/Vitis/UpConv_HLS/upconv_block3/upconv_core_top_ucb3/hls/.autopilot/db/upconv_core_top_ucb3.pp.0.cpp:20141:17: warning: Added loop label VITIS_LOOP_2464_14:   [xilinx-label-all-loops]
                for(int j=I+14; j>=0; j--) {
                ^~~
                VITIS_LOOP_2464_14: 
/home/hoinguyen/Documents/Vitis/UpConv_HLS/upconv_block3/upconv_core_top_ucb3/hls/.autopilot/db/upconv_core_top_ucb3.pp.0.cpp:20141:17: note: FIX-IT applied suggested code changes
/home/hoinguyen/Documents/Vitis/UpConv_HLS/upconv_block3/upconv_core_top_ucb3/hls/.autopilot/db/upconv_core_top_ucb3.pp.0.cpp:20151:9: warning: Added loop label VITIS_LOOP_2474_15:   [xilinx-label-all-loops]
        for(int j=32-F; j<32+I; j++) {
        ^~~
        VITIS_LOOP_2474_15: 
/home/hoinguyen/Documents/Vitis/UpConv_HLS/upconv_block3/upconv_core_top_ucb3/hls/.autopilot/db/upconv_core_top_ucb3.pp.0.cpp:20151:9: note: FIX-IT applied suggested code changes
/home/hoinguyen/Documents/Vitis/UpConv_HLS/upconv_block3/upconv_core_top_ucb3/hls/.autopilot/db/upconv_core_top_ucb3.pp.0.cpp:20155:9: warning: Added loop label VITIS_LOOP_2478_16:   [xilinx-label-all-loops]
        for(int j=32+I; j<=64; j++) {
        ^~~
        VITIS_LOOP_2478_16: 
/home/hoinguyen/Documents/Vitis/UpConv_HLS/upconv_block3/upconv_core_top_ucb3/hls/.autopilot/db/upconv_core_top_ucb3.pp.0.cpp:20155:9: note: FIX-IT applied suggested code changes
/home/hoinguyen/Documents/Vitis/UpConv_HLS/upconv_block3/upconv_core_top_ucb3/hls/.autopilot/db/upconv_core_top_ucb3.pp.0.cpp:20166:9: warning: Added loop label VITIS_LOOP_2489_17:   [xilinx-label-all-loops]
        for(int j=37; j<64; j++) {
        ^~~
        VITIS_LOOP_2489_17: 
/home/hoinguyen/Documents/Vitis/UpConv_HLS/upconv_block3/upconv_core_top_ucb3/hls/.autopilot/db/upconv_core_top_ucb3.pp.0.cpp:20166:9: note: FIX-IT applied suggested code changes
/home/hoinguyen/Documents/Vitis/UpConv_HLS/upconv_block3/upconv_core_top_ucb3/hls/.autopilot/db/upconv_core_top_ucb3.pp.0.cpp:20174:17: warning: Added loop label VITIS_LOOP_2497_18:   [xilinx-label-all-loops]
                for(int j=0; j<64; j++) {
                ^~~
                VITIS_LOOP_2497_18: 
/home/hoinguyen/Documents/Vitis/UpConv_HLS/upconv_block3/upconv_core_top_ucb3/hls/.autopilot/db/upconv_core_top_ucb3.pp.0.cpp:20174:17: note: FIX-IT applied suggested code changes
/home/hoinguyen/Documents/Vitis/UpConv_HLS/upconv_block3/upconv_core_top_ucb3/hls/.autopilot/db/upconv_core_top_ucb3.pp.0.cpp:20499:13: warning: Added loop label VITIS_LOOP_2822_19:   [xilinx-label-all-loops]
            for(int j=63; j>=I+31; j--) {
            ^~~
            VITIS_LOOP_2822_19: 
/home/hoinguyen/Documents/Vitis/UpConv_HLS/upconv_block3/upconv_core_top_ucb3/hls/.autopilot/db/upconv_core_top_ucb3.pp.0.cpp:20499:13: note: FIX-IT applied suggested code changes
/home/hoinguyen/Documents/Vitis/UpConv_HLS/upconv_block3/upconv_core_top_ucb3/hls/.autopilot/db/upconv_core_top_ucb3.pp.0.cpp:20506:17: warning: Added loop label VITIS_LOOP_2829_20:   [xilinx-label-all-loops]
                for(int j=63; j>=I+31; j--) {
                ^~~
                VITIS_LOOP_2829_20: 
/home/hoinguyen/Documents/Vitis/UpConv_HLS/upconv_block3/upconv_core_top_ucb3/hls/.autopilot/db/upconv_core_top_ucb3.pp.0.cpp:20506:17: note: FIX-IT applied suggested code changes
/home/hoinguyen/Documents/Vitis/UpConv_HLS/upconv_block3/upconv_core_top_ucb3/hls/.autopilot/db/upconv_core_top_ucb3.pp.0.cpp:20510:17: warning: Added loop label VITIS_LOOP_2833_21:   [xilinx-label-all-loops]
                for(int j=I+30; j>=0; j--) {
                ^~~
                VITIS_LOOP_2833_21: 
/home/hoinguyen/Documents/Vitis/UpConv_HLS/upconv_block3/upconv_core_top_ucb3/hls/.autopilot/db/upconv_core_top_ucb3.pp.0.cpp:20510:17: note: FIX-IT applied suggested code changes
/home/hoinguyen/Documents/Vitis/UpConv_HLS/upconv_block3/upconv_core_top_ucb3/hls/.autopilot/db/upconv_core_top_ucb3.pp.0.cpp:20598:4: warning: Added loop label VITIS_LOOP_2921_1:   [xilinx-label-all-loops]
   for(int j = 5; j>=I_+2; j--) {
   ^~~
   VITIS_LOOP_2921_1: 
/home/hoinguyen/Documents/Vitis/UpConv_HLS/upconv_block3/upconv_core_top_ucb3/hls/.autopilot/db/upconv_core_top_ucb3.pp.0.cpp:20598:4: note: FIX-IT applied suggested code changes
/home/hoinguyen/Documents/Vitis/UpConv_HLS/upconv_block3/upconv_core_top_ucb3/hls/.autopilot/db/upconv_core_top_ucb3.pp.0.cpp:20605:5: warning: Added loop label VITIS_LOOP_2928_2:   [xilinx-label-all-loops]
    for(int j = 5; j>=I_+2; j--) {
    ^~~
    VITIS_LOOP_2928_2: 
/home/hoinguyen/Documents/Vitis/UpConv_HLS/upconv_block3/upconv_core_top_ucb3/hls/.autopilot/db/upconv_core_top_ucb3.pp.0.cpp:20605:5: note: FIX-IT applied suggested code changes
/home/hoinguyen/Documents/Vitis/UpConv_HLS/upconv_block3/upconv_core_top_ucb3/hls/.autopilot/db/upconv_core_top_ucb3.pp.0.cpp:20609:5: warning: Added loop label VITIS_LOOP_2932_3:   [xilinx-label-all-loops]
    for(int j = I_+1; j>=0; j--) {
    ^~~
    VITIS_LOOP_2932_3: 
/home/hoinguyen/Documents/Vitis/UpConv_HLS/upconv_block3/upconv_core_top_ucb3/hls/.autopilot/db/upconv_core_top_ucb3.pp.0.cpp:20609:5: note: FIX-IT applied suggested code changes
/home/hoinguyen/Documents/Vitis/UpConv_HLS/upconv_block3/upconv_core_top_ucb3/hls/.autopilot/db/upconv_core_top_ucb3.pp.0.cpp:20624:3: warning: Added loop label VITIS_LOOP_2947_4:   [xilinx-label-all-loops]
  for(int j = 11; j >=7; j--) {
  ^~~
  VITIS_LOOP_2947_4: 
/home/hoinguyen/Documents/Vitis/UpConv_HLS/upconv_block3/upconv_core_top_ucb3/hls/.autopilot/db/upconv_core_top_ucb3.pp.0.cpp:20624:3: note: FIX-IT applied suggested code changes
/home/hoinguyen/Documents/Vitis/UpConv_HLS/upconv_block3/upconv_core_top_ucb3/hls/.autopilot/db/upconv_core_top_ucb3.pp.0.cpp:20656:4: warning: Added loop label VITIS_LOOP_2979_5:   [xilinx-label-all-loops]
   for(int j = 11; j >= I_+5; j--) {
   ^~~
   VITIS_LOOP_2979_5: 
/home/hoinguyen/Documents/Vitis/UpConv_HLS/upconv_block3/upconv_core_top_ucb3/hls/.autopilot/db/upconv_core_top_ucb3.pp.0.cpp:20656:4: note: FIX-IT applied suggested code changes
/home/hoinguyen/Documents/Vitis/UpConv_HLS/upconv_block3/upconv_core_top_ucb3/hls/.autopilot/db/upconv_core_top_ucb3.pp.0.cpp:20663:5: warning: Added loop label VITIS_LOOP_2986_6:   [xilinx-label-all-loops]
    for(int j = 11; j>= I_+5; j--) {
    ^~~
    VITIS_LOOP_2986_6: 
/home/hoinguyen/Documents/Vitis/UpConv_HLS/upconv_block3/upconv_core_top_ucb3/hls/.autopilot/db/upconv_core_top_ucb3.pp.0.cpp:20663:5: note: FIX-IT applied suggested code changes
/home/hoinguyen/Documents/Vitis/UpConv_HLS/upconv_block3/upconv_core_top_ucb3/hls/.autopilot/db/upconv_core_top_ucb3.pp.0.cpp:20667:5: warning: Added loop label VITIS_LOOP_2990_7:   [xilinx-label-all-loops]
    for(int j = I_+4; j>=0; j--) {
    ^~~
    VITIS_LOOP_2990_7: 
/home/hoinguyen/Documents/Vitis/UpConv_HLS/upconv_block3/upconv_core_top_ucb3/hls/.autopilot/db/upconv_core_top_ucb3.pp.0.cpp:20667:5: note: FIX-IT applied suggested code changes
/home/hoinguyen/Documents/Vitis/UpConv_HLS/upconv_block3/upconv_core_top_ucb3/hls/.autopilot/db/upconv_core_top_ucb3.pp.0.cpp:20682:3: warning: Added loop label VITIS_LOOP_3005_8:   [xilinx-label-all-loops]
  for(int j = 25; j>=15; j--) {
  ^~~
  VITIS_LOOP_3005_8: 
/home/hoinguyen/Documents/Vitis/UpConv_HLS/upconv_block3/upconv_core_top_ucb3/hls/.autopilot/db/upconv_core_top_ucb3.pp.0.cpp:20682:3: note: FIX-IT applied suggested code changes
/home/hoinguyen/Documents/Vitis/UpConv_HLS/upconv_block3/upconv_core_top_ucb3/hls/.autopilot/db/upconv_core_top_ucb3.pp.0.cpp:20732:4: warning: Added loop label VITIS_LOOP_3055_9:   [xilinx-label-all-loops]
   for(int j = 25; j>= I_+12; j--) {
   ^~~
   VITIS_LOOP_3055_9: 
/home/hoinguyen/Documents/Vitis/UpConv_HLS/upconv_block3/upconv_core_top_ucb3/hls/.autopilot/db/upconv_core_top_ucb3.pp.0.cpp:20732:4: note: FIX-IT applied suggested code changes
/home/hoinguyen/Documents/Vitis/UpConv_HLS/upconv_block3/upconv_core_top_ucb3/hls/.autopilot/db/upconv_core_top_ucb3.pp.0.cpp:20739:5: warning: Added loop label VITIS_LOOP_3062_10:   [xilinx-label-all-loops]
    for(int j = 25; j>=I_+12; j--) {
    ^~~
    VITIS_LOOP_3062_10: 
/home/hoinguyen/Documents/Vitis/UpConv_HLS/upconv_block3/upconv_core_top_ucb3/hls/.autopilot/db/upconv_core_top_ucb3.pp.0.cpp:20739:5: note: FIX-IT applied suggested code changes
/home/hoinguyen/Documents/Vitis/UpConv_HLS/upconv_block3/upconv_core_top_ucb3/hls/.autopilot/db/upconv_core_top_ucb3.pp.0.cpp:20743:5: warning: Added loop label VITIS_LOOP_3066_11:   [xilinx-label-all-loops]
    for(int j = I_+11; j>=0; j--) {
    ^~~
    VITIS_LOOP_3066_11: 
/home/hoinguyen/Documents/Vitis/UpConv_HLS/upconv_block3/upconv_core_top_ucb3/hls/.autopilot/db/upconv_core_top_ucb3.pp.0.cpp:20743:5: note: FIX-IT applied suggested code changes
/home/hoinguyen/Documents/Vitis/UpConv_HLS/upconv_block3/upconv_core_top_ucb3/hls/.autopilot/db/upconv_core_top_ucb3.pp.0.cpp:20758:3: warning: Added loop label VITIS_LOOP_3081_12:   [xilinx-label-all-loops]
  for(int j = 51; j >= 29; j--) {
  ^~~
  VITIS_LOOP_3081_12: 
/home/hoinguyen/Documents/Vitis/UpConv_HLS/upconv_block3/upconv_core_top_ucb3/hls/.autopilot/db/upconv_core_top_ucb3.pp.0.cpp:20758:3: note: FIX-IT applied suggested code changes
/home/hoinguyen/Documents/Vitis/UpConv_HLS/upconv_block3/upconv_core_top_ucb3/hls/.autopilot/db/upconv_core_top_ucb3.pp.0.cpp:20895:4: warning: Added loop label VITIS_LOOP_3218_13:   [xilinx-label-all-loops]
   for(int j = 51; j >= 25 + I_; j--) {
   ^~~
   VITIS_LOOP_3218_13: 
/home/hoinguyen/Documents/Vitis/UpConv_HLS/upconv_block3/upconv_core_top_ucb3/hls/.autopilot/db/upconv_core_top_ucb3.pp.0.cpp:20895:4: note: FIX-IT applied suggested code changes
/home/hoinguyen/Documents/Vitis/UpConv_HLS/upconv_block3/upconv_core_top_ucb3/hls/.autopilot/db/upconv_core_top_ucb3.pp.0.cpp:20902:5: warning: Added loop label VITIS_LOOP_3225_14:   [xilinx-label-all-loops]
    for(int j = 51; j>=25 + I_; j--) {
    ^~~
    VITIS_LOOP_3225_14: 
/home/hoinguyen/Documents/Vitis/UpConv_HLS/upconv_block3/upconv_core_top_ucb3/hls/.autopilot/db/upconv_core_top_ucb3.pp.0.cpp:20902:5: note: FIX-IT applied suggested code changes
/home/hoinguyen/Documents/Vitis/UpConv_HLS/upconv_block3/upconv_core_top_ucb3/hls/.autopilot/db/upconv_core_top_ucb3.pp.0.cpp:20906:5: warning: Added loop label VITIS_LOOP_3229_15:   [xilinx-label-all-loops]
    for(int j = 24 + I_; j >= 0; j--) {
    ^~~
    VITIS_LOOP_3229_15: 
/home/hoinguyen/Documents/Vitis/UpConv_HLS/upconv_block3/upconv_core_top_ucb3/hls/.autopilot/db/upconv_core_top_ucb3.pp.0.cpp:20906:5: note: FIX-IT applied suggested code changes
/home/hoinguyen/Documents/Vitis/UpConv_HLS/upconv_block3/upconv_core_top_ucb3/hls/.autopilot/db/upconv_core_top_ucb3.pp.0.cpp:20921:3: warning: Added loop label VITIS_LOOP_3244_16:   [xilinx-label-all-loops]
  for(int j = 63; j >= 36; j--) {
  ^~~
  VITIS_LOOP_3244_16: 
/home/hoinguyen/Documents/Vitis/UpConv_HLS/upconv_block3/upconv_core_top_ucb3/hls/.autopilot/db/upconv_core_top_ucb3.pp.0.cpp:20921:3: note: FIX-IT applied suggested code changes
/home/hoinguyen/Documents/Vitis/UpConv_HLS/upconv_block3/upconv_core_top_ucb3/hls/.autopilot/db/upconv_core_top_ucb3.pp.0.cpp:21081:4: warning: Added loop label VITIS_LOOP_3404_17:   [xilinx-label-all-loops]
   for(int j = 63; j >= 31 + I_; j--) {
   ^~~
   VITIS_LOOP_3404_17: 
/home/hoinguyen/Documents/Vitis/UpConv_HLS/upconv_block3/upconv_core_top_ucb3/hls/.autopilot/db/upconv_core_top_ucb3.pp.0.cpp:21081:4: note: FIX-IT applied suggested code changes
/home/hoinguyen/Documents/Vitis/UpConv_HLS/upconv_block3/upconv_core_top_ucb3/hls/.autopilot/db/upconv_core_top_ucb3.pp.0.cpp:21088:5: warning: Added loop label VITIS_LOOP_3411_18:   [xilinx-label-all-loops]
    for(int j = 63; j >= 31 + I_; j--) {
    ^~~
    VITIS_LOOP_3411_18: 
/home/hoinguyen/Documents/Vitis/UpConv_HLS/upconv_block3/upconv_core_top_ucb3/hls/.autopilot/db/upconv_core_top_ucb3.pp.0.cpp:21088:5: note: FIX-IT applied suggested code changes
/home/hoinguyen/Documents/Vitis/UpConv_HLS/upconv_block3/upconv_core_top_ucb3/hls/.autopilot/db/upconv_core_top_ucb3.pp.0.cpp:21092:5: warning: Added loop label VITIS_LOOP_3415_19:   [xilinx-label-all-loops]
    for(int j = 30 + I_; j >= 0; j--) {
    ^~~
    VITIS_LOOP_3415_19: 
/home/hoinguyen/Documents/Vitis/UpConv_HLS/upconv_block3/upconv_core_top_ucb3/hls/.autopilot/db/upconv_core_top_ucb3.pp.0.cpp:21092:5: note: FIX-IT applied suggested code changes
/home/hoinguyen/Documents/Vitis/UpConv_HLS/upconv_block3/upconv_core_top_ucb3/hls/.autopilot/db/upconv_core_top_ucb3.pp.0.cpp:21807:13: warning: Added loop label VITIS_LOOP_703_1:   [xilinx-label-all-loops]
            for (b_exp = I_-1; b_exp >= -F_; b_exp--) {
            ^~~
            VITIS_LOOP_703_1: 
/home/hoinguyen/Documents/Vitis/UpConv_HLS/upconv_block3/upconv_core_top_ucb3/hls/.autopilot/db/upconv_core_top_ucb3.pp.0.cpp:21807:13: note: FIX-IT applied suggested code changes
/home/hoinguyen/Documents/Vitis/UpConv_HLS/upconv_block3/upconv_core_top_ucb3/hls/.autopilot/db/upconv_core_top_ucb3.pp.0.cpp:22025:13: warning: Added loop label VITIS_LOOP_921_1:   [xilinx-label-all-loops]
            for (b_exp = I_-1; b_exp >= -F_; b_exp--) {
            ^~~
            VITIS_LOOP_921_1: 
/home/hoinguyen/Documents/Vitis/UpConv_HLS/upconv_block3/upconv_core_top_ucb3/hls/.autopilot/db/upconv_core_top_ucb3.pp.0.cpp:22025:13: note: FIX-IT applied suggested code changes
/home/hoinguyen/Documents/Vitis/UpConv_HLS/upconv_block3/upconv_core_top_ucb3/hls/.autopilot/db/upconv_core_top_ucb3.pp.0.cpp:22442:13: warning: Added loop label VITIS_LOOP_1345_1:   [xilinx-label-all-loops]
            for (b_exp = I_-1; b_exp >= -F_; b_exp--) {
            ^~~
            VITIS_LOOP_1345_1: 
/home/hoinguyen/Documents/Vitis/UpConv_HLS/upconv_block3/upconv_core_top_ucb3/hls/.autopilot/db/upconv_core_top_ucb3.pp.0.cpp:22442:13: note: FIX-IT applied suggested code changes
/home/hoinguyen/Documents/Vitis/UpConv_HLS/upconv_block3/upconv_core_top_ucb3/hls/.autopilot/db/upconv_core_top_ucb3.pp.0.cpp:22762:9: warning: Added loop label VITIS_LOOP_240_1:   [xilinx-label-all-loops]
        for ( int pos = msbr-1; pos >= 0; pos-- ) {
        ^~~
        VITIS_LOOP_240_1: 
/home/hoinguyen/Documents/Vitis/UpConv_HLS/upconv_block3/upconv_core_top_ucb3/hls/.autopilot/db/upconv_core_top_ucb3.pp.0.cpp:22762:9: note: FIX-IT applied suggested code changes
/home/hoinguyen/Documents/Vitis/UpConv_HLS/upconv_block3/upconv_core_top_ucb3/hls/.autopilot/db/upconv_core_top_ucb3.pp.0.cpp:22790:9: warning: Added loop label VITIS_LOOP_268_2:   [xilinx-label-all-loops]
        for ( int pos = -1; pos >= -F_-1; pos-- ) {
        ^~~
        VITIS_LOOP_268_2: 
/home/hoinguyen/Documents/Vitis/UpConv_HLS/upconv_block3/upconv_core_top_ucb3/hls/.autopilot/db/upconv_core_top_ucb3.pp.0.cpp:22790:9: note: FIX-IT applied suggested code changes
/home/hoinguyen/Documents/Vitis/UpConv_HLS/upconv_block3/upconv_core_top_ucb3/hls/.autopilot/db/upconv_core_top_ucb3.pp.0.cpp:23492:13: warning: Added loop label VITIS_LOOP_48_1:   [xilinx-label-all-loops]
            for (int j = 0; j < W_-1; j++){
            ^~~
            VITIS_LOOP_48_1: 
/home/hoinguyen/Documents/Vitis/UpConv_HLS/upconv_block3/upconv_core_top_ucb3/hls/.autopilot/db/upconv_core_top_ucb3.pp.0.cpp:23492:13: note: FIX-IT applied suggested code changes
/home/hoinguyen/Documents/Vitis/UpConv_HLS/upconv_block3/upconv_core_top_ucb3/hls/.autopilot/db/upconv_core_top_ucb3.pp.0.cpp:23545:5: warning: Added loop label VITIS_LOOP_109_2:   [xilinx-label-all-loops]
    for (int j = F_l+F_+I_m-1; j < F_l+W_+5; j++){
    ^~~
    VITIS_LOOP_109_2: 
/home/hoinguyen/Documents/Vitis/UpConv_HLS/upconv_block3/upconv_core_top_ucb3/hls/.autopilot/db/upconv_core_top_ucb3.pp.0.cpp:23545:5: note: FIX-IT applied suggested code changes
/home/hoinguyen/Documents/Vitis/UpConv_HLS/upconv_block3/upconv_core_top_ucb3/hls/.autopilot/db/upconv_core_top_ucb3.pp.0.cpp:23559:13: warning: Added loop label VITIS_LOOP_123_3:   [xilinx-label-all-loops]
            for (int j = WO_m-1; j >= W_-1; j--) {
            ^~~
            VITIS_LOOP_123_3: 
/home/hoinguyen/Documents/Vitis/UpConv_HLS/upconv_block3/upconv_core_top_ucb3/hls/.autopilot/db/upconv_core_top_ucb3.pp.0.cpp:23559:13: note: FIX-IT applied suggested code changes
/home/hoinguyen/Documents/Vitis/UpConv_HLS/upconv_block3/upconv_core_top_ucb3/hls/.autopilot/db/upconv_core_top_ucb3.pp.0.cpp:23589:13: warning: Added loop label VITIS_LOOP_153_4:   [xilinx-label-all-loops]
            for (int j = W_-2; j >= 0; j--){
            ^~~
            VITIS_LOOP_153_4: 
/home/hoinguyen/Documents/Vitis/UpConv_HLS/upconv_block3/upconv_core_top_ucb3/hls/.autopilot/db/upconv_core_top_ucb3.pp.0.cpp:23589:13: note: FIX-IT applied suggested code changes
/home/hoinguyen/Documents/Vitis/UpConv_HLS/upconv_block3/upconv_core_top_ucb3/hls/.autopilot/db/upconv_core_top_ucb3.pp.0.cpp:23674:12: warning: Added loop label VITIS_LOOP_281_1:   [xilinx-label-all-loops]
           for(int i = wf_log+we_log-2; i > WI_e - 2; --i) {
           ^~~
           VITIS_LOOP_281_1: 
/home/hoinguyen/Documents/Vitis/UpConv_HLS/upconv_block3/upconv_core_top_ucb3/hls/.autopilot/db/upconv_core_top_ucb3.pp.0.cpp:23674:12: note: FIX-IT applied suggested code changes
/home/hoinguyen/Documents/Vitis/UpConv_HLS/upconv_block3/upconv_core_top_ucb3/hls/.autopilot/db/upconv_core_top_ucb3.pp.0.cpp:23694:16: warning: Added loop label VITIS_LOOP_301_2:   [xilinx-label-all-loops]
               for (int j = WO_e-1; j >= W_-1; j--) {
               ^~~
               VITIS_LOOP_301_2: 
/home/hoinguyen/Documents/Vitis/UpConv_HLS/upconv_block3/upconv_core_top_ucb3/hls/.autopilot/db/upconv_core_top_ucb3.pp.0.cpp:23694:16: note: FIX-IT applied suggested code changes
/home/hoinguyen/Documents/Vitis/UpConv_HLS/upconv_block3/upconv_core_top_ucb3/hls/.autopilot/db/upconv_core_top_ucb3.pp.0.cpp:23708:20: warning: Added loop label VITIS_LOOP_315_3:   [xilinx-label-all-loops]
                   for(int i = 0; i < W_-1; ++i) {
                   ^~~
                   VITIS_LOOP_315_3: 
/home/hoinguyen/Documents/Vitis/UpConv_HLS/upconv_block3/upconv_core_top_ucb3/hls/.autopilot/db/upconv_core_top_ucb3.pp.0.cpp:23708:20: note: FIX-IT applied suggested code changes
/home/hoinguyen/Documents/Vitis/UpConv_HLS/upconv_block3/upconv_core_top_ucb3/hls/.autopilot/db/upconv_core_top_ucb3.pp.0.cpp:23801:12: warning: Added loop label VITIS_LOOP_433_1:   [xilinx-label-all-loops]
           for (int j =WO_d-1; j >= W_-1; j--) {
           ^~~
           VITIS_LOOP_433_1: 
/home/hoinguyen/Documents/Vitis/UpConv_HLS/upconv_block3/upconv_core_top_ucb3/hls/.autopilot/db/upconv_core_top_ucb3.pp.0.cpp:23801:12: note: FIX-IT applied suggested code changes
/home/hoinguyen/Documents/Vitis/UpConv_HLS/upconv_block3/upconv_core_top_ucb3/hls/.autopilot/db/upconv_core_top_ucb3.pp.0.cpp:23815:15: warning: Added loop label VITIS_LOOP_447_2:   [xilinx-label-all-loops]
              for(int i = 0; i < W_-1; ++i) {
              ^~~
              VITIS_LOOP_447_2: 
/home/hoinguyen/Documents/Vitis/UpConv_HLS/upconv_block3/upconv_core_top_ucb3/hls/.autopilot/db/upconv_core_top_ucb3.pp.0.cpp:23815:15: note: FIX-IT applied suggested code changes
/home/hoinguyen/Documents/Vitis/UpConv_HLS/upconv_block3/upconv_core_top_ucb3/hls/.autopilot/db/upconv_core_top_ucb3.pp.0.cpp:23935:13: warning: Added loop label VITIS_LOOP_33_1:   [xilinx-label-all-loops]
            for (int i = 0; i < W_-1; i++){
            ^~~
            VITIS_LOOP_33_1: 
/home/hoinguyen/Documents/Vitis/UpConv_HLS/upconv_block3/upconv_core_top_ucb3/hls/.autopilot/db/upconv_core_top_ucb3.pp.0.cpp:23935:13: note: FIX-IT applied suggested code changes
/home/hoinguyen/Documents/Vitis/UpConv_HLS/upconv_block3/upconv_core_top_ucb3/hls/.autopilot/db/upconv_core_top_ucb3.pp.0.cpp:24059:13: warning: Added loop label VITIS_LOOP_183_1:   [xilinx-label-all-loops]
            for (int i = 0; i < W_-1; i++){
            ^~~
            VITIS_LOOP_183_1: 
/home/hoinguyen/Documents/Vitis/UpConv_HLS/upconv_block3/upconv_core_top_ucb3/hls/.autopilot/db/upconv_core_top_ucb3.pp.0.cpp:24059:13: note: FIX-IT applied suggested code changes
/home/hoinguyen/Documents/Vitis/UpConv_HLS/upconv_block3/upconv_core_top_ucb3/hls/.autopilot/db/upconv_core_top_ucb3.pp.0.cpp:24114:13: warning: Added loop label VITIS_LOOP_248_1:   [xilinx-label-all-loops]
            for (int i = 0; i < W_-1; i++){
            ^~~
            VITIS_LOOP_248_1: 
/home/hoinguyen/Documents/Vitis/UpConv_HLS/upconv_block3/upconv_core_top_ucb3/hls/.autopilot/db/upconv_core_top_ucb3.pp.0.cpp:24114:13: note: FIX-IT applied suggested code changes
/home/hoinguyen/Documents/Vitis/UpConv_HLS/upconv_block3/upconv_core_top_ucb3/hls/.autopilot/db/upconv_core_top_ucb3.pp.0.cpp:24633:2: warning: Added loop label VITIS_LOOP_16_1:   [xilinx-label-all-loops]
 for (int i=0; i<W_;i++)
 ^~~
 VITIS_LOOP_16_1: 
/home/hoinguyen/Documents/Vitis/UpConv_HLS/upconv_block3/upconv_core_top_ucb3/hls/.autopilot/db/upconv_core_top_ucb3.pp.0.cpp:24633:2: note: FIX-IT applied suggested code changes
/home/hoinguyen/Documents/Vitis/UpConv_HLS/upconv_block3/upconv_core_top_ucb3/hls/.autopilot/db/upconv_core_top_ucb3.pp.0.cpp:24644:2: warning: Added loop label VITIS_LOOP_27_1:   [xilinx-label-all-loops]
 for (int i=0; i<W_;i++)
 ^~~
 VITIS_LOOP_27_1: 
/home/hoinguyen/Documents/Vitis/UpConv_HLS/upconv_block3/upconv_core_top_ucb3/hls/.autopilot/db/upconv_core_top_ucb3.pp.0.cpp:24644:2: note: FIX-IT applied suggested code changes
/home/hoinguyen/Documents/Vitis/UpConv_HLS/upconv_block3/upconv_core_top_ucb3/hls/.autopilot/db/upconv_core_top_ucb3.pp.0.cpp:24655:2: warning: Added loop label VITIS_LOOP_38_1:   [xilinx-label-all-loops]
 for (int i=0; i<I_;i++)
 ^~~
 VITIS_LOOP_38_1: 
/home/hoinguyen/Documents/Vitis/UpConv_HLS/upconv_block3/upconv_core_top_ucb3/hls/.autopilot/db/upconv_core_top_ucb3.pp.0.cpp:24655:2: note: FIX-IT applied suggested code changes
/home/hoinguyen/Documents/Vitis/UpConv_HLS/upconv_block3/upconv_core_top_ucb3/hls/.autopilot/db/upconv_core_top_ucb3.pp.0.cpp:24666:2: warning: Added loop label VITIS_LOOP_49_1:   [xilinx-label-all-loops]
 for (int i=0; i<I_;i++)
 ^~~
 VITIS_LOOP_49_1: 
/home/hoinguyen/Documents/Vitis/UpConv_HLS/upconv_block3/upconv_core_top_ucb3/hls/.autopilot/db/upconv_core_top_ucb3.pp.0.cpp:24666:2: note: FIX-IT applied suggested code changes
/home/hoinguyen/Documents/Vitis/UpConv_HLS/upconv_block3/upconv_core_top_ucb3/hls/.autopilot/db/upconv_core_top_ucb3.pp.0.cpp:24677:2: warning: Added loop label VITIS_LOOP_60_1:   [xilinx-label-all-loops]
 for (int i=0; i<W_;i++)
 ^~~
 VITIS_LOOP_60_1: 
/home/hoinguyen/Documents/Vitis/UpConv_HLS/upconv_block3/upconv_core_top_ucb3/hls/.autopilot/db/upconv_core_top_ucb3.pp.0.cpp:24677:2: note: FIX-IT applied suggested code changes
/home/hoinguyen/Documents/Vitis/UpConv_HLS/upconv_block3/upconv_core_top_ucb3/hls/.autopilot/db/upconv_core_top_ucb3.pp.0.cpp:24688:2: warning: Added loop label VITIS_LOOP_71_1:   [xilinx-label-all-loops]
 for (int i=0; i<W_;i++)
 ^~~
 VITIS_LOOP_71_1: 
/home/hoinguyen/Documents/Vitis/UpConv_HLS/upconv_block3/upconv_core_top_ucb3/hls/.autopilot/db/upconv_core_top_ucb3.pp.0.cpp:24688:2: note: FIX-IT applied suggested code changes
/home/hoinguyen/Documents/Vitis/UpConv_HLS/upconv_block3/upconv_core_top_ucb3/hls/.autopilot/db/upconv_core_top_ucb3.pp.0.cpp:24699:2: warning: Added loop label VITIS_LOOP_82_1:   [xilinx-label-all-loops]
 for (int i=0; i<I_;i++)
 ^~~
 VITIS_LOOP_82_1: 
/home/hoinguyen/Documents/Vitis/UpConv_HLS/upconv_block3/upconv_core_top_ucb3/hls/.autopilot/db/upconv_core_top_ucb3.pp.0.cpp:24699:2: note: FIX-IT applied suggested code changes
/home/hoinguyen/Documents/Vitis/UpConv_HLS/upconv_block3/upconv_core_top_ucb3/hls/.autopilot/db/upconv_core_top_ucb3.pp.0.cpp:24710:2: warning: Added loop label VITIS_LOOP_93_1:   [xilinx-label-all-loops]
 for (int i=0; i<I_;i++)
 ^~~
 VITIS_LOOP_93_1: 
/home/hoinguyen/Documents/Vitis/UpConv_HLS/upconv_block3/upconv_core_top_ucb3/hls/.autopilot/db/upconv_core_top_ucb3.pp.0.cpp:24710:2: note: FIX-IT applied suggested code changes
/home/hoinguyen/Documents/Vitis/UpConv_HLS/upconv_block3/upconv_core_top_ucb3/hls/.autopilot/db/upconv_core_top_ucb3.pp.0.cpp:27070:12: warning: Added loop label VITIS_LOOP_26_1:   [xilinx-label-all-loops]
           for(int i = 0; i < W_-1; ++i) {
           ^~~
           VITIS_LOOP_26_1: 
/home/hoinguyen/Documents/Vitis/UpConv_HLS/upconv_block3/upconv_core_top_ucb3/hls/.autopilot/db/upconv_core_top_ucb3.pp.0.cpp:27070:12: note: FIX-IT applied suggested code changes
/home/hoinguyen/Documents/Vitis/UpConv_HLS/upconv_block3/upconv_core_top_ucb3/hls/.autopilot/db/upconv_core_top_ucb3.pp.0.cpp:27134:7: warning: Added loop label VITIS_LOOP_40_1:   [xilinx-label-all-loops]
      for(int pos = msbr - 1 ; pos >= -F-1; pos--) {
      ^~~
      VITIS_LOOP_40_1: 
/home/hoinguyen/Documents/Vitis/UpConv_HLS/upconv_block3/upconv_core_top_ucb3/hls/.autopilot/db/upconv_core_top_ucb3.pp.0.cpp:27134:7: note: FIX-IT applied suggested code changes
/home/hoinguyen/Documents/Vitis/UpConv_HLS/upconv_block3/upconv_core_top_ucb3/hls/.autopilot/db/upconv_core_top_ucb3.pp.0.cpp:27251:9: warning: Added loop label VITIS_LOOP_49_1:   [xilinx-label-all-loops]
        for(int pos = msbr - 1; pos >= 0; pos--) {
        ^~~
        VITIS_LOOP_49_1: 
/home/hoinguyen/Documents/Vitis/UpConv_HLS/upconv_block3/upconv_core_top_ucb3/hls/.autopilot/db/upconv_core_top_ucb3.pp.0.cpp:27251:9: note: FIX-IT applied suggested code changes
/home/hoinguyen/Documents/Vitis/UpConv_HLS/upconv_block3/upconv_core_top_ucb3/hls/.autopilot/db/upconv_core_top_ucb3.pp.0.cpp:27276:5: warning: Added loop label VITIS_LOOP_81_2:   [xilinx-label-all-loops]
    for(int pos = -1; pos >= -F-1; pos--) {
    ^~~
    VITIS_LOOP_81_2: 
/home/hoinguyen/Documents/Vitis/UpConv_HLS/upconv_block3/upconv_core_top_ucb3/hls/.autopilot/db/upconv_core_top_ucb3.pp.0.cpp:27276:5: note: FIX-IT applied suggested code changes
/home/hoinguyen/Documents/Vitis/UpConv_HLS/upconv_block3/upconv_core_top_ucb3/hls/.autopilot/db/upconv_core_top_ucb3.pp.0.cpp:27346:8: warning: Added loop label VITIS_LOOP_169_3:   [xilinx-label-all-loops]
       for(int i = 0; i < W - 1; ++i) {
       ^~~
       VITIS_LOOP_169_3: 
/home/hoinguyen/Documents/Vitis/UpConv_HLS/upconv_block3/upconv_core_top_ucb3/hls/.autopilot/db/upconv_core_top_ucb3.pp.0.cpp:27346:8: note: FIX-IT applied suggested code changes
/home/hoinguyen/Documents/Vitis/UpConv_HLS/upconv_block3/upconv_core_top_ucb3/hls/.autopilot/db/upconv_core_top_ucb3.pp.0.cpp:30098:48: error: Invalid Directive: for current device, ram_t2p + uram is invalid combination for BIND_STORAGE's option 'type + impl' [clang-diagnostic-error]
#pragma HLS BIND_STORAGE variable=row_acc type=ram_t2p impl=uram
                                               ^
/home/hoinguyen/Documents/Vitis/UpConv_HLS/upconv_block3/upconv_core_top_ucb3/hls/.autopilot/db/upconv_core_top_ucb3.pp.0.cpp:30108:2: warning: Added loop label VITIS_LOOP_119_1:   [xilinx-label-all-loops]
 for (int c = 0; c < C_OUT_PAD; c++) {
 ^~~
 VITIS_LOOP_119_1: 
/home/hoinguyen/Documents/Vitis/UpConv_HLS/upconv_block3/upconv_core_top_ucb3/hls/.autopilot/db/upconv_core_top_ucb3.pp.0.cpp:30108:2: note: FIX-IT applied suggested code changes
/home/hoinguyen/Documents/Vitis/UpConv_HLS/upconv_block3/upconv_core_top_ucb3/hls/.autopilot/db/upconv_core_top_ucb3.pp.0.cpp:30118:48: error: Invalid Directive: for current device, ram_t2p + bram is invalid combination for BIND_STORAGE's option 'type + impl' [clang-diagnostic-error]
#pragma HLS BIND_STORAGE variable=w_local type=ram_t2p impl=bram
                                               ^
/home/hoinguyen/Documents/Vitis/UpConv_HLS/upconv_block3/upconv_core_top_ucb3/hls/.autopilot/db/upconv_core_top_ucb3.pp.0.cpp:30131:17: warning: Added loop label VITIS_LOOP_142_2:   [xilinx-label-all-loops]
                for (int k = 0; k < 9; k++) {
                ^~~
                VITIS_LOOP_142_2: 
/home/hoinguyen/Documents/Vitis/UpConv_HLS/upconv_block3/upconv_core_top_ucb3/hls/.autopilot/db/upconv_core_top_ucb3.pp.0.cpp:30131:17: note: FIX-IT applied suggested code changes
/home/hoinguyen/Documents/Vitis/UpConv_HLS/upconv_block3/upconv_core_top_ucb3/hls/.autopilot/db/upconv_core_top_ucb3.pp.0.cpp:30132:21: warning: Added loop label VITIS_LOOP_143_3:   [xilinx-label-all-loops]
                    for (int ci_w = 0; ci_w < CI_WORDS; ci_w++) {
                    ^~~
                    VITIS_LOOP_143_3: 
/home/hoinguyen/Documents/Vitis/UpConv_HLS/upconv_block3/upconv_core_top_ucb3/hls/.autopilot/db/upconv_core_top_ucb3.pp.0.cpp:30132:21: note: FIX-IT applied suggested code changes
/home/hoinguyen/Documents/Vitis/UpConv_HLS/upconv_block3/upconv_core_top_ucb3/hls/.autopilot/db/upconv_core_top_ucb3.pp.0.cpp:30165:2: warning: Added loop label VITIS_LOOP_176_4:   [xilinx-label-all-loops]
 for (int r = 0; r < 4; r++) {
 ^~~
 VITIS_LOOP_176_4: 
/home/hoinguyen/Documents/Vitis/UpConv_HLS/upconv_block3/upconv_core_top_ucb3/hls/.autopilot/db/upconv_core_top_ucb3.pp.0.cpp:30165:2: note: FIX-IT applied suggested code changes
/home/hoinguyen/Documents/Vitis/UpConv_HLS/upconv_block3/upconv_core_top_ucb3/hls/.autopilot/db/upconv_core_top_ucb3.pp.0.cpp:30183:29: warning: Added loop label VITIS_LOOP_194_5:   [xilinx-label-all-loops]
                            for (int l = 0; l < 16; l++) {
                            ^~~
                            VITIS_LOOP_194_5: 
/home/hoinguyen/Documents/Vitis/UpConv_HLS/upconv_block3/upconv_core_top_ucb3/hls/.autopilot/db/upconv_core_top_ucb3.pp.0.cpp:30183:29: note: FIX-IT applied suggested code changes
/home/hoinguyen/Documents/Vitis/UpConv_HLS/upconv_block3/upconv_core_top_ucb3/hls/.autopilot/db/upconv_core_top_ucb3.pp.0.cpp:30213:46: error: Invalid Directive: for current device, ram_t2p + bram is invalid combination for BIND_STORAGE's option 'type + impl' [clang-diagnostic-error]
#pragma HLS BIND_STORAGE variable=b_buf type=ram_t2p impl=bram
                                             ^
/home/hoinguyen/Documents/Vitis/UpConv_HLS/upconv_block3/upconv_core_top_ucb3/hls/.autopilot/db/upconv_core_top_ucb3.pp.0.cpp:30214:46: error: Invalid Directive: for current device, ram_t2p + bram is invalid combination for BIND_STORAGE's option 'type + impl' [clang-diagnostic-error]
#pragma HLS BIND_STORAGE variable=g_buf type=ram_t2p impl=bram
                                             ^
/home/hoinguyen/Documents/Vitis/UpConv_HLS/upconv_block3/upconv_core_top_ucb3/hls/.autopilot/db/upconv_core_top_ucb3.pp.0.cpp:30215:47: error: Invalid Directive: for current device, ram_t2p + bram is invalid combination for BIND_STORAGE's option 'type + impl' [clang-diagnostic-error]
#pragma HLS BIND_STORAGE variable=be_buf type=ram_t2p impl=bram
                                              ^
/home/hoinguyen/Documents/Vitis/UpConv_HLS/upconv_block3/upconv_core_top_ucb3/hls/.autopilot/db/upconv_core_top_ucb3.pp.0.cpp:30249:13: warning: Added loop label VITIS_LOOP_260_6:   [xilinx-label-all-loops]
            for (int l = 0; l < 16; l++) {
            ^~~
            VITIS_LOOP_260_6: 
/home/hoinguyen/Documents/Vitis/UpConv_HLS/upconv_block3/upconv_core_top_ucb3/hls/.autopilot/db/upconv_core_top_ucb3.pp.0.cpp:30249:13: note: FIX-IT applied suggested code changes
/home/hoinguyen/Documents/Vitis/UpConv_HLS/upconv_block3/upconv_core_top_ucb3/hls/.autopilot/db/upconv_core_top_ucb3.pp.0.cpp:30285:9: warning: Added loop label VITIS_LOOP_296_1:   [xilinx-label-all-loops]
        for (int ciw = 0; ciw < CI_W; ciw++) {
        ^~~
        VITIS_LOOP_296_1: 
/home/hoinguyen/Documents/Vitis/UpConv_HLS/upconv_block3/upconv_core_top_ucb3/hls/.autopilot/db/upconv_core_top_ucb3.pp.0.cpp:30285:9: note: FIX-IT applied suggested code changes
/home/hoinguyen/Documents/Vitis/UpConv_HLS/upconv_block3/upconv_core_top_ucb3/hls/.autopilot/db/upconv_core_top_ucb3.pp.0.cpp:30296:13: warning: Added loop label VITIS_LOOP_307_2:   [xilinx-label-all-loops]
            for (int ciw = 0; ciw < CI_W; ciw++) {
            ^~~
            VITIS_LOOP_307_2: 
/home/hoinguyen/Documents/Vitis/UpConv_HLS/upconv_block3/upconv_core_top_ucb3/hls/.autopilot/db/upconv_core_top_ucb3.pp.0.cpp:30296:13: note: FIX-IT applied suggested code changes
/home/hoinguyen/Documents/Vitis/UpConv_HLS/upconv_block3/upconv_core_top_ucb3/hls/.autopilot/db/upconv_core_top_ucb3.pp.0.cpp:30343:46: error: Invalid Directive: for current device, ram_t2p + uram is invalid combination for BIND_STORAGE's option 'type + impl' [clang-diagnostic-error]
#pragma HLS BIND_STORAGE variable=x_buf type=ram_t2p impl=uram
                                             ^
