

================================================================
== Vitis HLS Report for 'UpConv_Fused_Row_8_128_128_120_60_Pipeline_LOAD_B'
================================================================
* Date:           Tue Jun  2 22:29:45 2026

* Version:        2024.2 (Build 5238294 on Nov  8 2024)
* Project:        upconv_core_top_ucb3
* Solution:       hls (Vivado IP Flow Target)
* Product family: zynquplus
* Target device:  xczu7ev-ffvc1156-2-e


================================================================
== Performance Estimates
================================================================
+ Timing: 
    * Summary: 
    +--------+---------+----------+------------+
    |  Clock |  Target | Estimated| Uncertainty|
    +--------+---------+----------+------------+
    |ap_clk  |  3.33 ns|  2.433 ns|     0.90 ns|
    +--------+---------+----------+------------+

+ Latency: 
    * Summary: 
    +---------+---------+-----------+-----------+-----+-----+------------------------------------------------+
    |  Latency (cycles) |   Latency (absolute)  |  Interval |                    Pipeline                    |
    |   min   |   max   |    min    |    max    | min | max |                      Type                      |
    +---------+---------+-----------+-----------+-----+-----+------------------------------------------------+
    |        7|        7|  23.331 ns|  23.331 ns|    5|    5|  loop auto-rewind stp (delay=0 clock cycles(s))|
    +---------+---------+-----------+-----------+-----+-----+------------------------------------------------+

    + Detail: 
        * Instance: 
        N/A

        * Loop: 
        +----------+---------+---------+----------+-----------+-----------+------+----------+
        |          |  Latency (cycles) | Iteration|  Initiation Interval  | Trip |          |
        | Loop Name|   min   |   max   |  Latency |  achieved |   target  | Count| Pipelined|
        +----------+---------+---------+----------+-----------+-----------+------+----------+
        |- LOAD_B  |        5|        5|         3|          1|          1|     4|       yes|
        +----------+---------+---------+----------+-----------+-----------+------+----------+



================================================================
== Utilization Estimates
================================================================
* Summary: 
+-----------------+---------+------+--------+--------+-----+
|       Name      | BRAM_18K|  DSP |   FF   |   LUT  | URAM|
+-----------------+---------+------+--------+--------+-----+
|DSP              |        -|     -|       -|       -|    -|
|Expression       |        -|     -|       0|      26|    -|
|FIFO             |        -|     -|       -|       -|    -|
|Instance         |        -|     -|       -|       -|    -|
|Memory           |        -|     -|       -|       -|    -|
|Multiplexer      |        -|     -|       0|      45|    -|
|Register         |        -|     -|     271|       -|    -|
+-----------------+---------+------+--------+--------+-----+
|Total            |        0|     0|     271|      71|    0|
+-----------------+---------+------+--------+--------+-----+
|Available        |      624|  1728|  460800|  230400|   96|
+-----------------+---------+------+--------+--------+-----+
|Utilization (%)  |        0|     0|      ~0|      ~0|    0|
+-----------------+---------+------+--------+--------+-----+

+ Detail: 
    * Instance: 
    N/A

    * DSP: 
    N/A

    * Memory: 
    N/A

    * FIFO: 
    N/A

    * Expression: 
    +---------------------------+----------+----+---+----+------------+------------+
    |       Variable Name       | Operation| DSP| FF| LUT| Bitwidth P0| Bitwidth P1|
    +---------------------------+----------+----+---+----+------------+------------+
    |add_ln185_fu_102_p2        |         +|   0|  0|  10|           3|           1|
    |ap_block_pp0_stage0_11001  |       and|   0|  0|   2|           1|           1|
    |icmp_ln185_fu_96_p2        |      icmp|   0|  0|  12|           3|           4|
    |ap_enable_pp0              |       xor|   0|  0|   2|           1|           2|
    +---------------------------+----------+----+---+----+------------+------------+
    |Total                      |          |   0|  0|  26|           8|           8|
    +---------------------------+----------+----+---+----+------------+------------+

    * Multiplexer: 
    +-------------------------+----+-----------+-----+-----------+
    |           Name          | LUT| Input Size| Bits| Total Bits|
    +-------------------------+----+-----------+-----+-----------+
    |ap_done_int              |   9|          2|    1|          2|
    |ap_enable_reg_pp0_iter1  |   9|          2|    1|          2|
    |ap_sig_allocacmp_i_3     |   9|          2|    3|          6|
    |gmem_param_blk_n_R       |   9|          2|    1|          2|
    |i_fu_56                  |   9|          2|    3|          6|
    +-------------------------+----+-----------+-----+-----------+
    |Total                    |  45|         10|    9|         18|
    +-------------------------+----+-----------+-----+-----------+

    * Register: 
    +-------------------------------------------+-----+----+-----+-----------+
    |                    Name                   |  FF | LUT| Bits| Const Bits|
    +-------------------------------------------+-----+----+-----+-----------+
    |ap_CS_fsm                                  |    1|   0|    1|          0|
    |ap_block_pp0_stage0_subdone_grp0_done_reg  |    1|   0|    1|          0|
    |ap_done_reg                                |    1|   0|    1|          0|
    |ap_enable_reg_pp0_iter1                    |    1|   0|    1|          0|
    |ap_enable_reg_pp0_iter2                    |    1|   0|    1|          0|
    |ap_loop_exit_ready_pp0_iter1_reg           |    1|   0|    1|          0|
    |gmem_param_addr_read_reg_144               |  256|   0|  256|          0|
    |i_3_reg_135                                |    3|   0|    3|          0|
    |i_3_reg_135_pp0_iter1_reg                  |    3|   0|    3|          0|
    |i_fu_56                                    |    3|   0|    3|          0|
    +-------------------------------------------+-----+----+-----+-----------+
    |Total                                      |  271|   0|  271|          0|
    +-------------------------------------------+-----+----+-----+-----------+



================================================================
== Interface
================================================================
* Summary: 
+-----------------------------+-----+-----+------------+--------------------------------------------------------+--------------+
|          RTL Ports          | Dir | Bits|  Protocol  |                      Source Object                     |    C Type    |
+-----------------------------+-----+-----+------------+--------------------------------------------------------+--------------+
|ap_clk                       |   in|    1|  ap_ctrl_hs|  UpConv_Fused_Row<8, 128, 128, 120, 60>_Pipeline_LOAD_B|  return value|
|ap_rst                       |   in|    1|  ap_ctrl_hs|  UpConv_Fused_Row<8, 128, 128, 120, 60>_Pipeline_LOAD_B|  return value|
|ap_start                     |   in|    1|  ap_ctrl_hs|  UpConv_Fused_Row<8, 128, 128, 120, 60>_Pipeline_LOAD_B|  return value|
|ap_done                      |  out|    1|  ap_ctrl_hs|  UpConv_Fused_Row<8, 128, 128, 120, 60>_Pipeline_LOAD_B|  return value|
|ap_idle                      |  out|    1|  ap_ctrl_hs|  UpConv_Fused_Row<8, 128, 128, 120, 60>_Pipeline_LOAD_B|  return value|
|ap_ready                     |  out|    1|  ap_ctrl_hs|  UpConv_Fused_Row<8, 128, 128, 120, 60>_Pipeline_LOAD_B|  return value|
|m_axi_gmem_param_0_AWVALID   |  out|    1|       m_axi|                                              gmem_param|       pointer|
|m_axi_gmem_param_0_AWREADY   |   in|    1|       m_axi|                                              gmem_param|       pointer|
|m_axi_gmem_param_0_AWADDR    |  out|   64|       m_axi|                                              gmem_param|       pointer|
|m_axi_gmem_param_0_AWID      |  out|    1|       m_axi|                                              gmem_param|       pointer|
|m_axi_gmem_param_0_AWLEN     |  out|   32|       m_axi|                                              gmem_param|       pointer|
|m_axi_gmem_param_0_AWSIZE    |  out|    3|       m_axi|                                              gmem_param|       pointer|
|m_axi_gmem_param_0_AWBURST   |  out|    2|       m_axi|                                              gmem_param|       pointer|
|m_axi_gmem_param_0_AWLOCK    |  out|    2|       m_axi|                                              gmem_param|       pointer|
|m_axi_gmem_param_0_AWCACHE   |  out|    4|       m_axi|                                              gmem_param|       pointer|
|m_axi_gmem_param_0_AWPROT    |  out|    3|       m_axi|                                              gmem_param|       pointer|
|m_axi_gmem_param_0_AWQOS     |  out|    4|       m_axi|                                              gmem_param|       pointer|
|m_axi_gmem_param_0_AWREGION  |  out|    4|       m_axi|                                              gmem_param|       pointer|
|m_axi_gmem_param_0_AWUSER    |  out|    1|       m_axi|                                              gmem_param|       pointer|
|m_axi_gmem_param_0_WVALID    |  out|    1|       m_axi|                                              gmem_param|       pointer|
|m_axi_gmem_param_0_WREADY    |   in|    1|       m_axi|                                              gmem_param|       pointer|
|m_axi_gmem_param_0_WDATA     |  out|  256|       m_axi|                                              gmem_param|       pointer|
|m_axi_gmem_param_0_WSTRB     |  out|   32|       m_axi|                                              gmem_param|       pointer|
|m_axi_gmem_param_0_WLAST     |  out|    1|       m_axi|                                              gmem_param|       pointer|
|m_axi_gmem_param_0_WID       |  out|    1|       m_axi|                                              gmem_param|       pointer|
|m_axi_gmem_param_0_WUSER     |  out|    1|       m_axi|                                              gmem_param|       pointer|
|m_axi_gmem_param_0_ARVALID   |  out|    1|       m_axi|                                              gmem_param|       pointer|
|m_axi_gmem_param_0_ARREADY   |   in|    1|       m_axi|                                              gmem_param|       pointer|
|m_axi_gmem_param_0_ARADDR    |  out|   64|       m_axi|                                              gmem_param|       pointer|
|m_axi_gmem_param_0_ARID      |  out|    1|       m_axi|                                              gmem_param|       pointer|
|m_axi_gmem_param_0_ARLEN     |  out|   32|       m_axi|                                              gmem_param|       pointer|
|m_axi_gmem_param_0_ARSIZE    |  out|    3|       m_axi|                                              gmem_param|       pointer|
|m_axi_gmem_param_0_ARBURST   |  out|    2|       m_axi|                                              gmem_param|       pointer|
|m_axi_gmem_param_0_ARLOCK    |  out|    2|       m_axi|                                              gmem_param|       pointer|
|m_axi_gmem_param_0_ARCACHE   |  out|    4|       m_axi|                                              gmem_param|       pointer|
|m_axi_gmem_param_0_ARPROT    |  out|    3|       m_axi|                                              gmem_param|       pointer|
|m_axi_gmem_param_0_ARQOS     |  out|    4|       m_axi|                                              gmem_param|       pointer|
|m_axi_gmem_param_0_ARREGION  |  out|    4|       m_axi|                                              gmem_param|       pointer|
|m_axi_gmem_param_0_ARUSER    |  out|    1|       m_axi|                                              gmem_param|       pointer|
|m_axi_gmem_param_0_RVALID    |   in|    1|       m_axi|                                              gmem_param|       pointer|
|m_axi_gmem_param_0_RREADY    |  out|    1|       m_axi|                                              gmem_param|       pointer|
|m_axi_gmem_param_0_RDATA     |   in|  256|       m_axi|                                              gmem_param|       pointer|
|m_axi_gmem_param_0_RLAST     |   in|    1|       m_axi|                                              gmem_param|       pointer|
|m_axi_gmem_param_0_RID       |   in|    1|       m_axi|                                              gmem_param|       pointer|
|m_axi_gmem_param_0_RFIFONUM  |   in|   11|       m_axi|                                              gmem_param|       pointer|
|m_axi_gmem_param_0_RUSER     |   in|    1|       m_axi|                                              gmem_param|       pointer|
|m_axi_gmem_param_0_RRESP     |   in|    2|       m_axi|                                              gmem_param|       pointer|
|m_axi_gmem_param_0_BVALID    |   in|    1|       m_axi|                                              gmem_param|       pointer|
|m_axi_gmem_param_0_BREADY    |  out|    1|       m_axi|                                              gmem_param|       pointer|
|m_axi_gmem_param_0_BRESP     |   in|    2|       m_axi|                                              gmem_param|       pointer|
|m_axi_gmem_param_0_BID       |   in|    1|       m_axi|                                              gmem_param|       pointer|
|m_axi_gmem_param_0_BUSER     |   in|    1|       m_axi|                                              gmem_param|       pointer|
|sext_ln185                   |   in|   59|     ap_none|                                              sext_ln185|        scalar|
|b_buf_address0               |  out|    2|   ap_memory|                                                   b_buf|         array|
|b_buf_ce0                    |  out|    1|   ap_memory|                                                   b_buf|         array|
|b_buf_we0                    |  out|    1|   ap_memory|                                                   b_buf|         array|
|b_buf_d0                     |  out|  256|   ap_memory|                                                   b_buf|         array|
+-----------------------------+-----+-----+------------+--------------------------------------------------------+--------------+

============================================================
+ Verbose Summary: Synthesis Manager
============================================================
InlineROM: 1
ExposeGlobal: 0
============================================================
+ Verbose Summary: CDFG Model
============================================================
IsTopModel: 0
ResetActiveHigh: 1
IsCombinational: 2
IsDatapathOnly: 2
HasWiredReturn: 1
HasMFsm: 2
HasVarLatency: 1
IsPipeline: 0
IsRtlPipelined: 0
IsInstanceOverlapped: 0
IsDontTouch: 0
HasImplIP: 0
IsGatedGlobalClock: 0

+ Individual pipeline summary: 
  * Pipeline-0: initiation interval (II) = 1, depth = 3


============================================================
+ Verbose Summary: Schedule
============================================================
* Number of FSM states : 3
* Pipeline : 1
  Pipeline-0 : II = 1, D = 3, States = { 1 2 3 }
* Dataflow Pipeline: 0

* FSM state transitions: 
1 --> 2 
2 --> 3 
3 --> 

* FSM state operations: 

State 1 <SV = 0> <Delay = 1.52>
ST_1 : Operation 6 [1/1] (0.00ns)   --->   "%i = alloca i32 1" [../gen/Hls_Layers_UpConv.tpp:185->../gen/Hls_Layers_UpConv.tpp:362]   --->   Operation 6 'alloca' 'i' <Predicate = true> <Delay = 0.00>
ST_1 : Operation 7 [1/1] (0.00ns)   --->   "%sext_ln185_read = read i59 @_ssdm_op_Read.ap_auto.i59, i59 %sext_ln185"   --->   Operation 7 'read' 'sext_ln185_read' <Predicate = true> <Delay = 0.00>
ST_1 : Operation 8 [1/1] (0.00ns)   --->   "%sext_ln185_cast = sext i59 %sext_ln185_read"   --->   Operation 8 'sext' 'sext_ln185_cast' <Predicate = true> <Delay = 0.00>
ST_1 : Operation 9 [1/1] (0.00ns)   --->   "%specmemcore_ln0 = specmemcore void @_ssdm_op_SpecMemCore, i256 %b_buf, i64 666, i64 30, i64 18446744073709551615"   --->   Operation 9 'specmemcore' 'specmemcore_ln0' <Predicate = true> <Delay = 0.00>
ST_1 : Operation 10 [1/1] (0.00ns)   --->   "%specinterface_ln0 = specinterface void @_ssdm_op_SpecInterface, i256 %gmem_param, void @empty_2, i32 0, i32 0, void @empty_1, i32 0, i32 0, void @empty_21, void @empty_13, void @empty_1, i32 16, i32 16, i32 64, i32 16, void @empty_1, void @empty_1, i32 4294967295, i32 0, i32 0"   --->   Operation 10 'specinterface' 'specinterface_ln0' <Predicate = true> <Delay = 0.00>
ST_1 : Operation 11 [1/1] (0.42ns)   --->   "%store_ln185 = store i3 0, i3 %i" [../gen/Hls_Layers_UpConv.tpp:185->../gen/Hls_Layers_UpConv.tpp:362]   --->   Operation 11 'store' 'store_ln185' <Predicate = true> <Delay = 0.42>
ST_1 : Operation 12 [1/1] (0.00ns)   --->   "%br_ln0 = br void %for.body.i72"   --->   Operation 12 'br' 'br_ln0' <Predicate = true> <Delay = 0.00>
ST_1 : Operation 13 [1/1] (0.00ns)   --->   "%i_3 = load i3 %i" [../gen/Hls_Layers_UpConv.tpp:185->../gen/Hls_Layers_UpConv.tpp:362]   --->   Operation 13 'load' 'i_3' <Predicate = true> <Delay = 0.00>
ST_1 : Operation 14 [1/1] (0.67ns)   --->   "%icmp_ln185 = icmp_eq  i3 %i_3, i3 4" [../gen/Hls_Layers_UpConv.tpp:185->../gen/Hls_Layers_UpConv.tpp:362]   --->   Operation 14 'icmp' 'icmp_ln185' <Predicate = true> <Delay = 0.67> <CoreInst = "Cmp">   --->   Core 9 'Cmp' <Latency = 0> <II = 1> <Delay = 0.79> <FuncUnit> <Opcode : 'seteq' 'setne' 'setle' 'setge' 'setlt' 'setgt'> <InPorts = 2> <OutPorts = 1>
ST_1 : Operation 15 [1/1] (0.67ns)   --->   "%add_ln185 = add i3 %i_3, i3 1" [../gen/Hls_Layers_UpConv.tpp:185->../gen/Hls_Layers_UpConv.tpp:362]   --->   Operation 15 'add' 'add_ln185' <Predicate = true> <Delay = 0.67> <CoreInst = "Adder">   --->   Core 1 'Adder' <Latency = 0> <II = 1> <Delay = 0.67> <FuncUnit> <Opcode : 'add' 'sub'> <InPorts = 2> <OutPorts = 1>
ST_1 : Operation 16 [1/1] (0.00ns)   --->   "%br_ln185 = br i1 %icmp_ln185, void %for.body.i72.split, void %for.cond.cleanup.i.exitStub" [../gen/Hls_Layers_UpConv.tpp:185->../gen/Hls_Layers_UpConv.tpp:362]   --->   Operation 16 'br' 'br_ln185' <Predicate = true> <Delay = 0.00>
ST_1 : Operation 17 [1/1] (0.42ns)   --->   "%store_ln185 = store i3 %add_ln185, i3 %i" [../gen/Hls_Layers_UpConv.tpp:185->../gen/Hls_Layers_UpConv.tpp:362]   --->   Operation 17 'store' 'store_ln185' <Predicate = (!icmp_ln185)> <Delay = 0.42>

State 2 <SV = 1> <Delay = 2.43>
ST_2 : Operation 18 [1/1] (0.00ns)   --->   "%gmem_param_addr = getelementptr i256 %gmem_param, i64 %sext_ln185_cast" [../gen/Hls_Layers_UpConv.tpp:185->../gen/Hls_Layers_UpConv.tpp:362]   --->   Operation 18 'getelementptr' 'gmem_param_addr' <Predicate = true> <Delay = 0.00>
ST_2 : Operation 19 [1/1] (2.43ns)   --->   "%gmem_param_addr_read = read i256 @_ssdm_op_Read.m_axi.p1i256, i64 %gmem_param_addr" [../gen/Hls_Layers_UpConv.tpp:187->../gen/Hls_Layers_UpConv.tpp:362]   --->   Operation 19 'read' 'gmem_param_addr_read' <Predicate = true> <Delay = 2.43> <CoreInst = "m_axi">   --->   Core 119 'm_axi' <Latency = 3> <II = 1> <Delay = 1.00> <Adapter> <Opcode : 'read' 'write' 'readreq' 'writereq' 'writeresp'>
ST_2 : Operation 27 [1/1] (0.42ns)   --->   "%ret_ln0 = ret"   --->   Operation 27 'ret' 'ret_ln0' <Predicate = (icmp_ln185)> <Delay = 0.42>

State 3 <SV = 2> <Delay = 1.23>
ST_3 : Operation 20 [1/1] (0.00ns)   --->   "%zext_ln185 = zext i3 %i_3" [../gen/Hls_Layers_UpConv.tpp:185->../gen/Hls_Layers_UpConv.tpp:362]   --->   Operation 20 'zext' 'zext_ln185' <Predicate = true> <Delay = 0.00>
ST_3 : Operation 21 [1/1] (0.00ns)   --->   "%specpipeline_ln186 = specpipeline void @_ssdm_op_SpecPipeline, i32 1, i32 0, i32 0, i32 0, void @empty_1" [../gen/Hls_Layers_UpConv.tpp:186->../gen/Hls_Layers_UpConv.tpp:362]   --->   Operation 21 'specpipeline' 'specpipeline_ln186' <Predicate = true> <Delay = 0.00>
ST_3 : Operation 22 [1/1] (0.00ns)   --->   "%speclooptripcount_ln185 = speclooptripcount void @_ssdm_op_SpecLoopTripCount, i64 4, i64 4, i64 4" [../gen/Hls_Layers_UpConv.tpp:185->../gen/Hls_Layers_UpConv.tpp:362]   --->   Operation 22 'speclooptripcount' 'speclooptripcount_ln185' <Predicate = true> <Delay = 0.00>
ST_3 : Operation 23 [1/1] (0.00ns)   --->   "%specloopname_ln185 = specloopname void @_ssdm_op_SpecLoopName, void @empty_26" [../gen/Hls_Layers_UpConv.tpp:185->../gen/Hls_Layers_UpConv.tpp:362]   --->   Operation 23 'specloopname' 'specloopname_ln185' <Predicate = true> <Delay = 0.00>
ST_3 : Operation 24 [1/1] (0.00ns)   --->   "%b_buf_addr = getelementptr i256 %b_buf, i64 0, i64 %zext_ln185" [../gen/Hls_Layers_UpConv.tpp:187->../gen/Hls_Layers_UpConv.tpp:362]   --->   Operation 24 'getelementptr' 'b_buf_addr' <Predicate = true> <Delay = 0.00>
ST_3 : Operation 25 [1/1] ( I:1.23ns O:1.23ns )   --->   "%store_ln187 = store i256 %gmem_param_addr_read, i2 %b_buf_addr" [../gen/Hls_Layers_UpConv.tpp:187->../gen/Hls_Layers_UpConv.tpp:362]   --->   Operation 25 'store' 'store_ln187' <Predicate = true> <Delay = 1.23> <CoreInst = "RAM_T2P_BRAM">   --->   Core 98 'RAM_T2P_BRAM' <Latency = 1> <II = 1> <Delay = 1.23> <Storage> <Opcode : 'load' 'store'> <Ports = 2> <Width = 256> <Depth = 4> <RAM>
ST_3 : Operation 26 [1/1] (0.00ns)   --->   "%br_ln185 = br void %for.body.i72" [../gen/Hls_Layers_UpConv.tpp:185->../gen/Hls_Layers_UpConv.tpp:362]   --->   Operation 26 'br' 'br_ln185' <Predicate = true> <Delay = 0.00>


============================================================
+ Verbose Summary: Binding
============================================================
STG Binding: 
---------------- STG Properties BEGIN ----------------
- Is combinational: 0
- Is one-state seq: 0
- Is datapath-only: 0
- Is pipelined: 0
- Is top level: 0
Port [ Return ] is wired: 1; IO mode=ap_ctrl_hs:ce=0
Port [ gmem_param]:  wired=1; compound=1; hidden=0; nouse=0; global=0; static=0; extern=0; dir=0; type=4; pingpong=0; private_global=0; IO mode=m_axi:ce=0
Port [ sext_ln185]:  wired=1; compound=0; hidden=0; nouse=0; global=0; static=0; extern=0; dir=0; type=0; pingpong=0; private_global=0; IO mode=ap_none:ce=0
Port [ b_buf]:  wired=1; compound=1; hidden=0; nouse=0; global=0; static=0; extern=0; dir=1; type=1; pingpong=0; private_global=0; MemPort=[03]; IO mode=ap_memory:ce=0
---------------- STG Properties END ------------------

---------------- Datapath Model BEGIN ----------------

<LifeTime>
<method=bitvector/>
i                       (alloca           ) [ 0100]
sext_ln185_read         (read             ) [ 0000]
sext_ln185_cast         (sext             ) [ 0110]
specmemcore_ln0         (specmemcore      ) [ 0000]
specinterface_ln0       (specinterface    ) [ 0000]
store_ln185             (store            ) [ 0000]
br_ln0                  (br               ) [ 0000]
i_3                     (load             ) [ 0111]
icmp_ln185              (icmp             ) [ 0110]
add_ln185               (add              ) [ 0000]
br_ln185                (br               ) [ 0000]
store_ln185             (store            ) [ 0000]
gmem_param_addr         (getelementptr    ) [ 0000]
gmem_param_addr_read    (read             ) [ 0101]
zext_ln185              (zext             ) [ 0000]
specpipeline_ln186      (specpipeline     ) [ 0000]
speclooptripcount_ln185 (speclooptripcount) [ 0000]
specloopname_ln185      (specloopname     ) [ 0000]
b_buf_addr              (getelementptr    ) [ 0000]
store_ln187             (store            ) [ 0000]
br_ln185                (br               ) [ 0000]
ret_ln0                 (ret              ) [ 0000]
</LifeTime>

<model>

<comp_list>
<comp id="0" class="1000" name="gmem_param">
<pin_list>
<pin id="1" dir="1" index="0" bw="1" slack="0"/>
</pin_list>
<bind>
<StgValue><ssdm name="gmem_param"/><MemPortTyVec>0 </MemPortTyVec>
</StgValue>
</bind>
</comp>

<comp id="2" class="1000" name="sext_ln185">
<pin_list>
<pin id="3" dir="1" index="0" bw="1" slack="0"/>
</pin_list>
<bind>
<StgValue><ssdm name="sext_ln185"/></StgValue>
</bind>
</comp>

<comp id="4" class="1000" name="b_buf">
<pin_list>
<pin id="5" dir="1" index="0" bw="1" slack="0"/>
</pin_list>
<bind>
<StgValue><ssdm name="b_buf"/><MemPortTyVec>0 3 </MemPortTyVec>
</StgValue>
</bind>
</comp>

<comp id="6" class="1001" name="const_6">
<pin_list>
<pin id="7" dir="1" index="0" bw="1" slack="0"/>
</pin_list>
<bind>
<StgValue><ssdm name=""/></StgValue>
</bind>
</comp>

<comp id="8" class="1001" name="const_8">
<pin_list>
<pin id="9" dir="1" index="0" bw="1" slack="0"/>
</pin_list>
<bind>
<StgValue><ssdm name="_ssdm_op_Read.ap_auto.i59"/></StgValue>
</bind>
</comp>

<comp id="10" class="1001" name="const_10">
<pin_list>
<pin id="11" dir="1" index="0" bw="1" slack="2147483647"/>
</pin_list>
<bind>
<StgValue><ssdm name="_ssdm_op_SpecMemCore"/></StgValue>
</bind>
</comp>

<comp id="12" class="1001" name="const_12">
<pin_list>
<pin id="13" dir="1" index="0" bw="1" slack="2147483647"/>
</pin_list>
<bind>
<StgValue><ssdm name=""/></StgValue>
</bind>
</comp>

<comp id="14" class="1001" name="const_14">
<pin_list>
<pin id="15" dir="1" index="0" bw="1" slack="2147483647"/>
</pin_list>
<bind>
<StgValue><ssdm name=""/></StgValue>
</bind>
</comp>

<comp id="16" class="1001" name="const_16">
<pin_list>
<pin id="17" dir="1" index="0" bw="1" slack="2147483647"/>
</pin_list>
<bind>
<StgValue><ssdm name=""/></StgValue>
</bind>
</comp>

<comp id="18" class="1001" name="const_18">
<pin_list>
<pin id="19" dir="1" index="0" bw="1" slack="2147483647"/>
</pin_list>
<bind>
<StgValue><ssdm name="_ssdm_op_SpecInterface"/></StgValue>
</bind>
</comp>

<comp id="20" class="1001" name="const_20">
<pin_list>
<pin id="21" dir="1" index="0" bw="1" slack="2147483647"/>
</pin_list>
<bind>
<StgValue><ssdm name="empty_2"/></StgValue>
</bind>
</comp>

<comp id="22" class="1001" name="const_22">
<pin_list>
<pin id="23" dir="1" index="0" bw="1" slack="2147483647"/>
</pin_list>
<bind>
<StgValue><ssdm name=""/></StgValue>
</bind>
</comp>

<comp id="24" class="1001" name="const_24">
<pin_list>
<pin id="25" dir="1" index="0" bw="1" slack="2147483647"/>
</pin_list>
<bind>
<StgValue><ssdm name="empty_1"/></StgValue>
</bind>
</comp>

<comp id="26" class="1001" name="const_26">
<pin_list>
<pin id="27" dir="1" index="0" bw="1" slack="2147483647"/>
</pin_list>
<bind>
<StgValue><ssdm name="empty_21"/></StgValue>
</bind>
</comp>

<comp id="28" class="1001" name="const_28">
<pin_list>
<pin id="29" dir="1" index="0" bw="1" slack="2147483647"/>
</pin_list>
<bind>
<StgValue><ssdm name="empty_13"/></StgValue>
</bind>
</comp>

<comp id="30" class="1001" name="const_30">
<pin_list>
<pin id="31" dir="1" index="0" bw="1" slack="2147483647"/>
</pin_list>
<bind>
<StgValue><ssdm name=""/></StgValue>
</bind>
</comp>

<comp id="32" class="1001" name="const_32">
<pin_list>
<pin id="33" dir="1" index="0" bw="1" slack="2147483647"/>
</pin_list>
<bind>
<StgValue><ssdm name=""/></StgValue>
</bind>
</comp>

<comp id="34" class="1001" name="const_34">
<pin_list>
<pin id="35" dir="1" index="0" bw="1" slack="2147483647"/>
</pin_list>
<bind>
<StgValue><ssdm name=""/></StgValue>
</bind>
</comp>

<comp id="36" class="1001" name="const_36">
<pin_list>
<pin id="37" dir="1" index="0" bw="1" slack="0"/>
</pin_list>
<bind>
<StgValue><ssdm name=""/></StgValue>
</bind>
</comp>

<comp id="38" class="1001" name="const_38">
<pin_list>
<pin id="39" dir="1" index="0" bw="1" slack="0"/>
</pin_list>
<bind>
<StgValue><ssdm name=""/></StgValue>
</bind>
</comp>

<comp id="40" class="1001" name="const_40">
<pin_list>
<pin id="41" dir="1" index="0" bw="1" slack="0"/>
</pin_list>
<bind>
<StgValue><ssdm name=""/></StgValue>
</bind>
</comp>

<comp id="42" class="1001" name="const_42">
<pin_list>
<pin id="43" dir="1" index="0" bw="1" slack="0"/>
</pin_list>
<bind>
<StgValue><ssdm name="_ssdm_op_Read.m_axi.p1i256"/></StgValue>
</bind>
</comp>

<comp id="44" class="1001" name="const_44">
<pin_list>
<pin id="45" dir="1" index="0" bw="1" slack="2147483647"/>
</pin_list>
<bind>
<StgValue><ssdm name="_ssdm_op_SpecPipeline"/></StgValue>
</bind>
</comp>

<comp id="46" class="1001" name="const_46">
<pin_list>
<pin id="47" dir="1" index="0" bw="1" slack="2147483647"/>
</pin_list>
<bind>
<StgValue><ssdm name="_ssdm_op_SpecLoopTripCount"/></StgValue>
</bind>
</comp>

<comp id="48" class="1001" name="const_48">
<pin_list>
<pin id="49" dir="1" index="0" bw="1" slack="2147483647"/>
</pin_list>
<bind>
<StgValue><ssdm name=""/></StgValue>
</bind>
</comp>

<comp id="50" class="1001" name="const_50">
<pin_list>
<pin id="51" dir="1" index="0" bw="1" slack="2147483647"/>
</pin_list>
<bind>
<StgValue><ssdm name="_ssdm_op_SpecLoopName"/></StgValue>
</bind>
</comp>

<comp id="52" class="1001" name="const_52">
<pin_list>
<pin id="53" dir="1" index="0" bw="1" slack="2147483647"/>
</pin_list>
<bind>
<StgValue><ssdm name="empty_26"/></StgValue>
</bind>
</comp>

<comp id="54" class="1001" name="const_54">
<pin_list>
<pin id="55" dir="1" index="0" bw="1" slack="0"/>
</pin_list>
<bind>
<StgValue><ssdm name=""/></StgValue>
</bind>
</comp>

<comp id="56" class="1004" name="i_fu_56">
<pin_list>
<pin id="57" dir="0" index="0" bw="1" slack="0"/>
<pin id="58" dir="1" index="1" bw="3" slack="0"/>
</pin_list>
<bind>
<opcode="alloca(26) " fcode="alloca"/>
<opset="i/1 "/>
</bind>
</comp>

<comp id="60" class="1004" name="sext_ln185_read_read_fu_60">
<pin_list>
<pin id="61" dir="0" index="0" bw="59" slack="0"/>
<pin id="62" dir="0" index="1" bw="59" slack="0"/>
<pin id="63" dir="1" index="2" bw="59" slack="0"/>
</pin_list>
<bind>
<opcode="read(1150) " fcode="read"/>
<opset="sext_ln185_read/1 "/>
</bind>
</comp>

<comp id="66" class="1004" name="gmem_param_addr_read_read_fu_66">
<pin_list>
<pin id="67" dir="0" index="0" bw="256" slack="0"/>
<pin id="68" dir="0" index="1" bw="256" slack="0"/>
<pin id="69" dir="1" index="2" bw="256" slack="1"/>
</pin_list>
<bind>
<opcode="read(1150) " fcode="read"/>
<opset="gmem_param_addr_read/2 "/>
</bind>
</comp>

<comp id="71" class="1004" name="b_buf_addr_gep_fu_71">
<pin_list>
<pin id="72" dir="0" index="0" bw="256" slack="0"/>
<pin id="73" dir="0" index="1" bw="1" slack="0"/>
<pin id="74" dir="0" index="2" bw="3" slack="0"/>
<pin id="75" dir="1" index="3" bw="2" slack="0"/>
</pin_list>
<bind>
<opcode="getelementptr(29) " fcode="getelementptr"/>
<opset="b_buf_addr/3 "/>
</bind>
</comp>

<comp id="78" class="1004" name="store_ln187_access_fu_78">
<pin_list>
<pin id="79" dir="0" index="0" bw="2" slack="0"/>
<pin id="80" dir="0" index="1" bw="256" slack="1"/>
<pin id="81" dir="0" index="2" bw="0" slack="2147483647"/>
<pin id="82" dir="1" index="3" bw="256" slack="2147483647"/>
</pin_list>
<bind>
<opcode="store(28) " fcode="store"/>
<opset="store_ln187/3 "/>
</bind>
</comp>

<comp id="84" class="1004" name="sext_ln185_cast_fu_84">
<pin_list>
<pin id="85" dir="0" index="0" bw="59" slack="0"/>
<pin id="86" dir="1" index="1" bw="64" slack="1"/>
</pin_list>
<bind>
<opcode="sext(35) " fcode="sext"/>
<opset="sext_ln185_cast/1 "/>
</bind>
</comp>

<comp id="88" class="1004" name="store_ln185_store_fu_88">
<pin_list>
<pin id="89" dir="0" index="0" bw="1" slack="0"/>
<pin id="90" dir="0" index="1" bw="3" slack="0"/>
<pin id="91" dir="1" index="2" bw="0" slack="2147483647"/>
</pin_list>
<bind>
<opcode="store(28) " fcode="store"/>
<opset="store_ln185/1 "/>
</bind>
</comp>

<comp id="93" class="1004" name="i_3_load_fu_93">
<pin_list>
<pin id="94" dir="0" index="0" bw="3" slack="0"/>
<pin id="95" dir="1" index="1" bw="3" slack="0"/>
</pin_list>
<bind>
<opcode="load(27) " fcode="load"/>
<opset="i_3/1 "/>
</bind>
</comp>

<comp id="96" class="1004" name="icmp_ln185_fu_96">
<pin_list>
<pin id="97" dir="0" index="0" bw="3" slack="0"/>
<pin id="98" dir="0" index="1" bw="3" slack="0"/>
<pin id="99" dir="1" index="2" bw="1" slack="1"/>
</pin_list>
<bind>
<opcode="icmp(45) " fcode="icmp"/>
<opset="icmp_ln185/1 "/>
</bind>
</comp>

<comp id="102" class="1004" name="add_ln185_fu_102">
<pin_list>
<pin id="103" dir="0" index="0" bw="3" slack="0"/>
<pin id="104" dir="0" index="1" bw="1" slack="0"/>
<pin id="105" dir="1" index="2" bw="3" slack="0"/>
</pin_list>
<bind>
<opcode="add(8) " fcode="add"/>
<opset="add_ln185/1 "/>
</bind>
</comp>

<comp id="108" class="1004" name="store_ln185_store_fu_108">
<pin_list>
<pin id="109" dir="0" index="0" bw="3" slack="0"/>
<pin id="110" dir="0" index="1" bw="3" slack="0"/>
<pin id="111" dir="1" index="2" bw="0" slack="2147483647"/>
</pin_list>
<bind>
<opcode="store(28) " fcode="store"/>
<opset="store_ln185/1 "/>
</bind>
</comp>

<comp id="113" class="1004" name="gmem_param_addr_fu_113">
<pin_list>
<pin id="114" dir="0" index="0" bw="64" slack="0"/>
<pin id="115" dir="0" index="1" bw="64" slack="1"/>
<pin id="116" dir="1" index="2" bw="64" slack="0"/>
</pin_list>
<bind>
<opcode="getelementptr(29) " fcode="getelementptr"/>
<opset="gmem_param_addr/2 "/>
</bind>
</comp>

<comp id="119" class="1004" name="zext_ln185_fu_119">
<pin_list>
<pin id="120" dir="0" index="0" bw="3" slack="2"/>
<pin id="121" dir="1" index="1" bw="64" slack="0"/>
</pin_list>
<bind>
<opcode="zext(34) " fcode="zext"/>
<opset="zext_ln185/3 "/>
</bind>
</comp>

<comp id="123" class="1005" name="i_reg_123">
<pin_list>
<pin id="124" dir="0" index="0" bw="3" slack="0"/>
<pin id="125" dir="1" index="1" bw="3" slack="0"/>
</pin_list>
<bind>
<opset="i "/>
</bind>
</comp>

<comp id="130" class="1005" name="sext_ln185_cast_reg_130">
<pin_list>
<pin id="131" dir="0" index="0" bw="64" slack="1"/>
<pin id="132" dir="1" index="1" bw="64" slack="1"/>
</pin_list>
<bind>
<opset="sext_ln185_cast "/>
</bind>
</comp>

<comp id="135" class="1005" name="i_3_reg_135">
<pin_list>
<pin id="136" dir="0" index="0" bw="3" slack="2"/>
<pin id="137" dir="1" index="1" bw="3" slack="2"/>
</pin_list>
<bind>
<opset="i_3 "/>
</bind>
</comp>

<comp id="140" class="1005" name="icmp_ln185_reg_140">
<pin_list>
<pin id="141" dir="0" index="0" bw="1" slack="1"/>
<pin id="142" dir="1" index="1" bw="1" slack="2147483647"/>
</pin_list>
<bind>
<opset="icmp_ln185 "/>
</bind>
</comp>

<comp id="144" class="1005" name="gmem_param_addr_read_reg_144">
<pin_list>
<pin id="145" dir="0" index="0" bw="256" slack="1"/>
<pin id="146" dir="1" index="1" bw="256" slack="1"/>
</pin_list>
<bind>
<opset="gmem_param_addr_read "/>
</bind>
</comp>

</comp_list>

<net_list>
<net id="59"><net_src comp="6" pin="0"/><net_sink comp="56" pin=0"/></net>

<net id="64"><net_src comp="8" pin="0"/><net_sink comp="60" pin=0"/></net>

<net id="65"><net_src comp="2" pin="0"/><net_sink comp="60" pin=1"/></net>

<net id="70"><net_src comp="42" pin="0"/><net_sink comp="66" pin=0"/></net>

<net id="76"><net_src comp="4" pin="0"/><net_sink comp="71" pin=0"/></net>

<net id="77"><net_src comp="54" pin="0"/><net_sink comp="71" pin=1"/></net>

<net id="83"><net_src comp="71" pin="3"/><net_sink comp="78" pin=0"/></net>

<net id="87"><net_src comp="60" pin="2"/><net_sink comp="84" pin=0"/></net>

<net id="92"><net_src comp="36" pin="0"/><net_sink comp="88" pin=0"/></net>

<net id="100"><net_src comp="93" pin="1"/><net_sink comp="96" pin=0"/></net>

<net id="101"><net_src comp="38" pin="0"/><net_sink comp="96" pin=1"/></net>

<net id="106"><net_src comp="93" pin="1"/><net_sink comp="102" pin=0"/></net>

<net id="107"><net_src comp="40" pin="0"/><net_sink comp="102" pin=1"/></net>

<net id="112"><net_src comp="102" pin="2"/><net_sink comp="108" pin=0"/></net>

<net id="117"><net_src comp="0" pin="0"/><net_sink comp="113" pin=0"/></net>

<net id="118"><net_src comp="113" pin="2"/><net_sink comp="66" pin=1"/></net>

<net id="122"><net_src comp="119" pin="1"/><net_sink comp="71" pin=2"/></net>

<net id="126"><net_src comp="56" pin="1"/><net_sink comp="123" pin=0"/></net>

<net id="127"><net_src comp="123" pin="1"/><net_sink comp="88" pin=1"/></net>

<net id="128"><net_src comp="123" pin="1"/><net_sink comp="93" pin=0"/></net>

<net id="129"><net_src comp="123" pin="1"/><net_sink comp="108" pin=1"/></net>

<net id="133"><net_src comp="84" pin="1"/><net_sink comp="130" pin=0"/></net>

<net id="134"><net_src comp="130" pin="1"/><net_sink comp="113" pin=1"/></net>

<net id="138"><net_src comp="93" pin="1"/><net_sink comp="135" pin=0"/></net>

<net id="139"><net_src comp="135" pin="1"/><net_sink comp="119" pin=0"/></net>

<net id="143"><net_src comp="96" pin="2"/><net_sink comp="140" pin=0"/></net>

<net id="147"><net_src comp="66" pin="2"/><net_sink comp="144" pin=0"/></net>

<net id="148"><net_src comp="144" pin="1"/><net_sink comp="78" pin=1"/></net>

</net_list>

</model> 
---------------- Datapath Model END ------------------

* FSMD analyzer results:
  - Output states:
	Port: gmem_param | {}
	Port: b_buf | {3 }
 - Input state : 
	Port: UpConv_Fused_Row<8, 128, 128, 120, 60>_Pipeline_LOAD_B : gmem_param | {2 }
	Port: UpConv_Fused_Row<8, 128, 128, 120, 60>_Pipeline_LOAD_B : sext_ln185 | {1 }
  - Chain level:
	State 1
		store_ln185 : 1
		i_3 : 1
		icmp_ln185 : 2
		add_ln185 : 2
		br_ln185 : 3
		store_ln185 : 3
	State 2
		gmem_param_addr_read : 1
	State 3
		b_buf_addr : 1
		store_ln187 : 2


============================================================
+ Verbose Summary: Datapath Resource usage 
============================================================

* Functional unit list:
|----------|---------------------------------|---------|---------|
| Operation|         Functional Unit         |    FF   |   LUT   |
|----------|---------------------------------|---------|---------|
|   icmp   |         icmp_ln185_fu_96        |    0    |    10   |
|----------|---------------------------------|---------|---------|
|    add   |         add_ln185_fu_102        |    0    |    10   |
|----------|---------------------------------|---------|---------|
|   read   |    sext_ln185_read_read_fu_60   |    0    |    0    |
|          | gmem_param_addr_read_read_fu_66 |    0    |    0    |
|----------|---------------------------------|---------|---------|
|   sext   |      sext_ln185_cast_fu_84      |    0    |    0    |
|----------|---------------------------------|---------|---------|
|   zext   |        zext_ln185_fu_119        |    0    |    0    |
|----------|---------------------------------|---------|---------|
|   Total  |                                 |    0    |    20   |
|----------|---------------------------------|---------|---------|

Memories:
N/A

* Register list:
+----------------------------+--------+
|                            |   FF   |
+----------------------------+--------+
|gmem_param_addr_read_reg_144|   256  |
|         i_3_reg_135        |    3   |
|          i_reg_123         |    3   |
|     icmp_ln185_reg_140     |    1   |
|   sext_ln185_cast_reg_130  |   64   |
+----------------------------+--------+
|            Total           |   327  |
+----------------------------+--------+

* Multiplexer (MUX) list: 
|--------|------|------|------|--------|
|  Comp  |  Pin | Size |  BW  | S x BW |
|--------|------|------|------|--------|
|  Total |      |      |      |    0   |
|--------|------|------|------|--------|



* Summary:
+-----------+--------+--------+
|           |   FF   |   LUT  |
+-----------+--------+--------+
|  Function |    0   |   20   |
|   Memory  |    -   |    -   |
|Multiplexer|    -   |    -   |
|  Register |   327  |    -   |
+-----------+--------+--------+
|   Total   |   327  |   20   |
+-----------+--------+--------+
