

================================================================
== Vitis HLS Report for 'UpConv_Fused_Row_8_128_128_120_60_Pipeline_LOAD_BE'
================================================================
* Date:           Tue Jun  2 22:29:42 2026

* Version:        2024.2 (Build 5238294 on Nov  8 2024)
* Project:        upconv_core_top_ucb3
* Solution:       hls (Vivado IP Flow Target)
* Product family: zynquplus
* Target device:  xczu7ev-ffvc1156-2-e


================================================================
== Performance Estimates
================================================================
+ Timing: 
    * Summary: 
    +--------+---------+----------+------------+
    |  Clock |  Target | Estimated| Uncertainty|
    +--------+---------+----------+------------+
    |ap_clk  |  3.33 ns|  2.433 ns|     0.90 ns|
    +--------+---------+----------+------------+

+ Latency: 
    * Summary: 
    +---------+---------+-----------+-----------+-----+-----+------------------------------------------------+
    |  Latency (cycles) |   Latency (absolute)  |  Interval |                    Pipeline                    |
    |   min   |   max   |    min    |    max    | min | max |                      Type                      |
    +---------+---------+-----------+-----------+-----+-----+------------------------------------------------+
    |        7|        7|  23.331 ns|  23.331 ns|    5|    5|  loop auto-rewind stp (delay=0 clock cycles(s))|
    +---------+---------+-----------+-----------+-----+-----+------------------------------------------------+

    + Detail: 
        * Instance: 
        N/A

        * Loop: 
        +-----------+---------+---------+----------+-----------+-----------+------+----------+
        |           |  Latency (cycles) | Iteration|  Initiation Interval  | Trip |          |
        | Loop Name |   min   |   max   |  Latency |  achieved |   target  | Count| Pipelined|
        +-----------+---------+---------+----------+-----------+-----------+------+----------+
        |- LOAD_BE  |        5|        5|         3|          1|          1|     4|       yes|
        +-----------+---------+---------+----------+-----------+-----------+------+----------+

============================================================
+ Verbose Summary: Synthesis Manager
============================================================
InlineROM: 1
ExposeGlobal: 0
============================================================
+ Verbose Summary: CDFG Model
============================================================
IsTopModel: 0
ResetActiveHigh: 1
IsCombinational: 0
IsDatapathOnly: 0
HasWiredReturn: 1
HasMFsm: 2
HasVarLatency: 1
IsPipeline: 0
IsRtlPipelined: 0
IsInstanceOverlapped: 0
IsDontTouch: 0
HasImplIP: 0
IsGatedGlobalClock: 0

+ Individual pipeline summary: 
  * Pipeline-0: initiation interval (II) = 1, depth = 3


============================================================
+ Verbose Summary: Schedule
============================================================
* Number of FSM states : 3
* Pipeline : 1
  Pipeline-0 : II = 1, D = 3, States = { 1 2 3 }
* Dataflow Pipeline: 0

* FSM state transitions: 
1 --> 2 
2 --> 3 
3 --> 

* FSM state operations: 

State 1 <SV = 0> <Delay = 1.52>
ST_1 : Operation 6 [1/1] (0.00ns)   --->   "%i = alloca i32 1" [../gen/Hls_Layers_UpConv.tpp:193->../gen/Hls_Layers_UpConv.tpp:362]   --->   Operation 6 'alloca' 'i' <Predicate = true> <Delay = 0.00>
ST_1 : Operation 7 [1/1] (0.00ns)   --->   "%sext_ln193_read = read i59 @_ssdm_op_Read.ap_auto.i59, i59 %sext_ln193"   --->   Operation 7 'read' 'sext_ln193_read' <Predicate = true> <Delay = 0.00>
ST_1 : Operation 8 [1/1] (0.00ns)   --->   "%sext_ln193_cast = sext i59 %sext_ln193_read"   --->   Operation 8 'sext' 'sext_ln193_cast' <Predicate = true> <Delay = 0.00>
ST_1 : Operation 9 [1/1] (0.00ns)   --->   "%specmemcore_ln0 = specmemcore void @_ssdm_op_SpecMemCore, i256 %be_buf, i64 666, i64 30, i64 18446744073709551615"   --->   Operation 9 'specmemcore' 'specmemcore_ln0' <Predicate = true> <Delay = 0.00>
ST_1 : Operation 10 [1/1] (0.00ns)   --->   "%specinterface_ln0 = specinterface void @_ssdm_op_SpecInterface, i256 %gmem_param, void @empty_2, i32 0, i32 0, void @empty_1, i32 0, i32 0, void @empty_21, void @empty_13, void @empty_1, i32 16, i32 16, i32 64, i32 16, void @empty_1, void @empty_1, i32 4294967295, i32 0, i32 0"   --->   Operation 10 'specinterface' 'specinterface_ln0' <Predicate = true> <Delay = 0.00>
ST_1 : Operation 11 [1/1] (0.42ns)   --->   "%store_ln193 = store i3 0, i3 %i" [../gen/Hls_Layers_UpConv.tpp:193->../gen/Hls_Layers_UpConv.tpp:362]   --->   Operation 11 'store' 'store_ln193' <Predicate = true> <Delay = 0.42>
ST_1 : Operation 12 [1/1] (0.00ns)   --->   "%br_ln0 = br void %for.body19.i"   --->   Operation 12 'br' 'br_ln0' <Predicate = true> <Delay = 0.00>
ST_1 : Operation 13 [1/1] (0.00ns)   --->   "%i_2 = load i3 %i" [../gen/Hls_Layers_UpConv.tpp:193->../gen/Hls_Layers_UpConv.tpp:362]   --->   Operation 13 'load' 'i_2' <Predicate = true> <Delay = 0.00>
ST_1 : Operation 14 [1/1] (0.67ns)   --->   "%icmp_ln193 = icmp_eq  i3 %i_2, i3 4" [../gen/Hls_Layers_UpConv.tpp:193->../gen/Hls_Layers_UpConv.tpp:362]   --->   Operation 14 'icmp' 'icmp_ln193' <Predicate = true> <Delay = 0.67> <CoreInst = "Cmp">   --->   Core 9 'Cmp' <Latency = 0> <II = 1> <Delay = 0.67> <FuncUnit> <Opcode : 'seteq' 'setne' 'setle' 'setge' 'setlt' 'setgt'> <InPorts = 2> <OutPorts = 1>
ST_1 : Operation 15 [1/1] (0.67ns)   --->   "%add_ln193 = add i3 %i_2, i3 1" [../gen/Hls_Layers_UpConv.tpp:193->../gen/Hls_Layers_UpConv.tpp:362]   --->   Operation 15 'add' 'add_ln193' <Predicate = true> <Delay = 0.67> <CoreInst = "Adder">   --->   Core 1 'Adder' <Latency = 0> <II = 1> <Delay = 0.67> <FuncUnit> <Opcode : 'add' 'sub'> <InPorts = 2> <OutPorts = 1>
ST_1 : Operation 16 [1/1] (0.00ns)   --->   "%br_ln193 = br i1 %icmp_ln193, void %for.body19.i.split, void %_ZL16Load_Norm_ParamsILi4EEvPK7ap_uintILi256EES3_S3_RAT__S1_S5_S5_.exit.exitStub" [../gen/Hls_Layers_UpConv.tpp:193->../gen/Hls_Layers_UpConv.tpp:362]   --->   Operation 16 'br' 'br_ln193' <Predicate = true> <Delay = 0.00>
ST_1 : Operation 17 [1/1] (0.42ns)   --->   "%store_ln193 = store i3 %add_ln193, i3 %i" [../gen/Hls_Layers_UpConv.tpp:193->../gen/Hls_Layers_UpConv.tpp:362]   --->   Operation 17 'store' 'store_ln193' <Predicate = (!icmp_ln193)> <Delay = 0.42>

State 2 <SV = 1> <Delay = 2.43>
ST_2 : Operation 18 [1/1] (0.00ns)   --->   "%gmem_param_addr = getelementptr i256 %gmem_param, i64 %sext_ln193_cast" [../gen/Hls_Layers_UpConv.tpp:193->../gen/Hls_Layers_UpConv.tpp:362]   --->   Operation 18 'getelementptr' 'gmem_param_addr' <Predicate = true> <Delay = 0.00>
ST_2 : Operation 19 [1/1] (2.43ns)   --->   "%gmem_param_addr_read = read i256 @_ssdm_op_Read.m_axi.p1i256, i256 %gmem_param_addr" [../gen/Hls_Layers_UpConv.tpp:195->../gen/Hls_Layers_UpConv.tpp:362]   --->   Operation 19 'read' 'gmem_param_addr_read' <Predicate = true> <Delay = 2.43> <CoreInst = "m_axi">   --->   Core 119 'm_axi' <Latency = 3> <II = 1> <Delay = 1.00> <Adapter> <Opcode : 'read' 'write' 'readreq' 'writereq' 'writeresp'>
ST_2 : Operation 27 [1/1] (0.42ns)   --->   "%ret_ln0 = ret"   --->   Operation 27 'ret' 'ret_ln0' <Predicate = (icmp_ln193)> <Delay = 0.42>

State 3 <SV = 2> <Delay = 1.23>
ST_3 : Operation 20 [1/1] (0.00ns)   --->   "%zext_ln193 = zext i3 %i_2" [../gen/Hls_Layers_UpConv.tpp:193->../gen/Hls_Layers_UpConv.tpp:362]   --->   Operation 20 'zext' 'zext_ln193' <Predicate = true> <Delay = 0.00>
ST_3 : Operation 21 [1/1] (0.00ns)   --->   "%specpipeline_ln194 = specpipeline void @_ssdm_op_SpecPipeline, i32 1, i32 0, i32 0, i32 0, void @empty_1" [../gen/Hls_Layers_UpConv.tpp:194->../gen/Hls_Layers_UpConv.tpp:362]   --->   Operation 21 'specpipeline' 'specpipeline_ln194' <Predicate = true> <Delay = 0.00>
ST_3 : Operation 22 [1/1] (0.00ns)   --->   "%speclooptripcount_ln193 = speclooptripcount void @_ssdm_op_SpecLoopTripCount, i64 4, i64 4, i64 4" [../gen/Hls_Layers_UpConv.tpp:193->../gen/Hls_Layers_UpConv.tpp:362]   --->   Operation 22 'speclooptripcount' 'speclooptripcount_ln193' <Predicate = true> <Delay = 0.00>
ST_3 : Operation 23 [1/1] (0.00ns)   --->   "%specloopname_ln193 = specloopname void @_ssdm_op_SpecLoopName, void @empty_28" [../gen/Hls_Layers_UpConv.tpp:193->../gen/Hls_Layers_UpConv.tpp:362]   --->   Operation 23 'specloopname' 'specloopname_ln193' <Predicate = true> <Delay = 0.00>
ST_3 : Operation 24 [1/1] (0.00ns)   --->   "%be_buf_addr = getelementptr i256 %be_buf, i64 0, i64 %zext_ln193" [../gen/Hls_Layers_UpConv.tpp:195->../gen/Hls_Layers_UpConv.tpp:362]   --->   Operation 24 'getelementptr' 'be_buf_addr' <Predicate = true> <Delay = 0.00>
ST_3 : Operation 25 [1/1] ( I:1.23ns O:1.23ns )   --->   "%store_ln195 = store i256 %gmem_param_addr_read, i2 %be_buf_addr" [../gen/Hls_Layers_UpConv.tpp:195->../gen/Hls_Layers_UpConv.tpp:362]   --->   Operation 25 'store' 'store_ln195' <Predicate = true> <Delay = 1.23> <CoreInst = "RAM_T2P_BRAM">   --->   Core 98 'RAM_T2P_BRAM' <Latency = 1> <II = 1> <Delay = 1.23> <Storage> <Opcode : 'load' 'store'> <Ports = 2> <Width = 256> <Depth = 4> <RAM>
ST_3 : Operation 26 [1/1] (0.00ns)   --->   "%br_ln193 = br void %for.body19.i" [../gen/Hls_Layers_UpConv.tpp:193->../gen/Hls_Layers_UpConv.tpp:362]   --->   Operation 26 'br' 'br_ln193' <Predicate = true> <Delay = 0.00>


============================================================
+ Verbose Summary: Timing violations
============================================================
Target clock period: 3.333ns, clock uncertainty: 0.900ns.

 <State 1>: 1.527ns
The critical path consists of the following:
	'store' operation 0 bit ('store_ln193', ../gen/Hls_Layers_UpConv.tpp:193->../gen/Hls_Layers_UpConv.tpp:362) of constant 0 on local variable 'i', ../gen/Hls_Layers_UpConv.tpp:193->../gen/Hls_Layers_UpConv.tpp:362 [9]  (0.427 ns)
	'load' operation 3 bit ('i', ../gen/Hls_Layers_UpConv.tpp:193->../gen/Hls_Layers_UpConv.tpp:362) on local variable 'i', ../gen/Hls_Layers_UpConv.tpp:193->../gen/Hls_Layers_UpConv.tpp:362 [12]  (0.000 ns)
	'icmp' operation 1 bit ('icmp_ln193', ../gen/Hls_Layers_UpConv.tpp:193->../gen/Hls_Layers_UpConv.tpp:362) [13]  (0.673 ns)
	'store' operation 0 bit ('store_ln193', ../gen/Hls_Layers_UpConv.tpp:193->../gen/Hls_Layers_UpConv.tpp:362) of variable 'add_ln193', ../gen/Hls_Layers_UpConv.tpp:193->../gen/Hls_Layers_UpConv.tpp:362 on local variable 'i', ../gen/Hls_Layers_UpConv.tpp:193->../gen/Hls_Layers_UpConv.tpp:362 [25]  (0.427 ns)

 <State 2>: 2.433ns
The critical path consists of the following:
	'getelementptr' operation 256 bit ('gmem_param_addr', ../gen/Hls_Layers_UpConv.tpp:193->../gen/Hls_Layers_UpConv.tpp:362) [17]  (0.000 ns)
	bus read operation ('gmem_param_addr_read', ../gen/Hls_Layers_UpConv.tpp:195->../gen/Hls_Layers_UpConv.tpp:362) on port 'gmem_param' (../gen/Hls_Layers_UpConv.tpp:195->../gen/Hls_Layers_UpConv.tpp:362) [23]  (2.433 ns)

 <State 3>: 1.237ns
The critical path consists of the following:
	'getelementptr' operation 2 bit ('be_buf_addr', ../gen/Hls_Layers_UpConv.tpp:195->../gen/Hls_Layers_UpConv.tpp:362) [22]  (0.000 ns)
	'store' operation 0 bit ('store_ln195', ../gen/Hls_Layers_UpConv.tpp:195->../gen/Hls_Layers_UpConv.tpp:362) of variable 'gmem_param_addr_read', ../gen/Hls_Layers_UpConv.tpp:195->../gen/Hls_Layers_UpConv.tpp:362 on array 'be_buf' [24]  (1.237 ns)


============================================================
+ Verbose Summary: Binding
============================================================
N/A
* FSMD analyzer results:
  - Output states:
 - Input state : 
  - Chain level:
	State 1
	State 2
	State 3


============================================================
+ Verbose Summary: Datapath Resource usage 
============================================================
N/A
