

================================================================
== Vitis HLS Report for 'upconv_core_top_ucb3_Pipeline_LOAD_ROW0_VITIS_LOOP_296_1'
================================================================
* Date:           Fri May  8 13:50:29 2026

* Version:        2024.2 (Build 5238294 on Nov  8 2024)
* Project:        upconv_core_top_ucb3
* Solution:       hls (Vivado IP Flow Target)
* Product family: zynquplus
* Target device:  xczu7ev-ffvc1156-2-e


================================================================
== Performance Estimates
================================================================
+ Timing: 
    * Summary: 
    +--------+---------+----------+------------+
    |  Clock |  Target | Estimated| Uncertainty|
    +--------+---------+----------+------------+
    |ap_clk  |  3.33 ns|  2.433 ns|     0.90 ns|
    +--------+---------+----------+------------+

+ Latency: 
    * Summary: 
    +---------+---------+----------+----------+------+------+------------------------------------------------+
    |  Latency (cycles) |  Latency (absolute) |   Interval  |                    Pipeline                    |
    |   min   |   max   |    min   |    max   |  min |  max |                      Type                      |
    +---------+---------+----------+----------+------+------+------------------------------------------------+
    |     1027|     1027|  3.423 us|  3.423 us|  1025|  1025|  loop auto-rewind stp (delay=0 clock cycles(s))|
    +---------+---------+----------+----------+------+------+------------------------------------------------+

    + Detail: 
        * Instance: 
        N/A

        * Loop: 
        +------------------------------+---------+---------+----------+-----------+-----------+------+----------+
        |                              |  Latency (cycles) | Iteration|  Initiation Interval  | Trip |          |
        |           Loop Name          |   min   |   max   |  Latency |  achieved |   target  | Count| Pipelined|
        +------------------------------+---------+---------+----------+-----------+-----------+------+----------+
        |- LOAD_ROW0_VITIS_LOOP_296_1  |     1025|     1025|         3|          1|          1|  1024|       yes|
        +------------------------------+---------+---------+----------+-----------+-----------+------+----------+

============================================================
+ Verbose Summary: Synthesis Manager
============================================================
InlineROM: 1
ExposeGlobal: 0
============================================================
+ Verbose Summary: CDFG Model
============================================================
IsTopModel: 0
ResetActiveHigh: 1
IsCombinational: 0
IsDatapathOnly: 0
HasWiredReturn: 1
HasMFsm: 2
HasVarLatency: 1
IsPipeline: 0
IsRtlPipelined: 0
IsInstanceOverlapped: 0
IsDontTouch: 0
HasImplIP: 0
IsGatedGlobalClock: 0

+ Individual pipeline summary: 
  * Pipeline-0: initiation interval (II) = 1, depth = 3


============================================================
+ Verbose Summary: Schedule
============================================================
* Number of FSM states : 3
* Pipeline : 1
  Pipeline-0 : II = 1, D = 3, States = { 1 2 3 }
* Dataflow Pipeline: 0

* FSM state transitions: 
1 --> 2 
2 --> 3 
3 --> 

* FSM state operations: 

State 1 <SV = 0> <Delay = 1.65>
ST_1 : Operation 6 [1/1] (0.00ns)   --->   "%ciw = alloca i32 1" [../gen/Hls_Layers_UpConv.tpp:296->../gen/upconv_core_top_ucb3.cpp:41]   --->   Operation 6 'alloca' 'ciw' <Predicate = true> <Delay = 0.00>
ST_1 : Operation 7 [1/1] (0.00ns)   --->   "%wi = alloca i32 1" [../gen/Hls_Layers_UpConv.tpp:295->../gen/upconv_core_top_ucb3.cpp:41]   --->   Operation 7 'alloca' 'wi' <Predicate = true> <Delay = 0.00>
ST_1 : Operation 8 [1/1] (0.00ns)   --->   "%indvar_flatten = alloca i32 1"   --->   Operation 8 'alloca' 'indvar_flatten' <Predicate = true> <Delay = 0.00>
ST_1 : Operation 9 [1/1] (0.00ns)   --->   "%sext_ln295_read = read i59 @_ssdm_op_Read.ap_auto.i59, i59 %sext_ln295"   --->   Operation 9 'read' 'sext_ln295_read' <Predicate = true> <Delay = 0.00>
ST_1 : Operation 10 [1/1] (0.00ns)   --->   "%sext_ln295_cast = sext i59 %sext_ln295_read"   --->   Operation 10 'sext' 'sext_ln295_cast' <Predicate = true> <Delay = 0.00>
ST_1 : Operation 11 [1/1] (0.00ns)   --->   "%specmemcore_ln0 = specmemcore void @_ssdm_op_SpecMemCore, i256 %x_buf, i64 666, i64 31, i64 18446744073709551615"   --->   Operation 11 'specmemcore' 'specmemcore_ln0' <Predicate = true> <Delay = 0.00>
ST_1 : Operation 12 [1/1] (0.00ns)   --->   "%specinterface_ln0 = specinterface void @_ssdm_op_SpecInterface, i256 %gmem_in, void @empty_7, i32 0, i32 0, void @empty_21, i32 0, i32 0, void @empty_20, void @empty_19, void @empty_21, i32 16, i32 16, i32 64, i32 16, void @empty_21, void @empty_21, i32 4294967295, i32 0, i32 0"   --->   Operation 12 'specinterface' 'specinterface_ln0' <Predicate = true> <Delay = 0.00>
ST_1 : Operation 13 [1/1] (0.42ns)   --->   "%store_ln0 = store i11 0, i11 %indvar_flatten"   --->   Operation 13 'store' 'store_ln0' <Predicate = true> <Delay = 0.42>
ST_1 : Operation 14 [1/1] (0.42ns)   --->   "%store_ln295 = store i8 0, i8 %wi" [../gen/Hls_Layers_UpConv.tpp:295->../gen/upconv_core_top_ucb3.cpp:41]   --->   Operation 14 'store' 'store_ln295' <Predicate = true> <Delay = 0.42>
ST_1 : Operation 15 [1/1] (0.42ns)   --->   "%store_ln296 = store i4 0, i4 %ciw" [../gen/Hls_Layers_UpConv.tpp:296->../gen/upconv_core_top_ucb3.cpp:41]   --->   Operation 15 'store' 'store_ln296' <Predicate = true> <Delay = 0.42>
ST_1 : Operation 16 [1/1] (0.00ns)   --->   "%br_ln0 = br void %for.body4.i"   --->   Operation 16 'br' 'br_ln0' <Predicate = true> <Delay = 0.00>
ST_1 : Operation 17 [1/1] (0.00ns)   --->   "%indvar_flatten_load = load i11 %indvar_flatten" [../gen/Hls_Layers_UpConv.tpp:295->../gen/upconv_core_top_ucb3.cpp:41]   --->   Operation 17 'load' 'indvar_flatten_load' <Predicate = true> <Delay = 0.00>
ST_1 : Operation 18 [1/1] (0.00ns)   --->   "%specbitsmap_ln0 = specbitsmap void @_ssdm_op_SpecBitsMap, i256 %gmem_in"   --->   Operation 18 'specbitsmap' 'specbitsmap_ln0' <Predicate = true> <Delay = 0.00>
ST_1 : Operation 19 [1/1] (0.79ns)   --->   "%icmp_ln295 = icmp_eq  i11 %indvar_flatten_load, i11 1024" [../gen/Hls_Layers_UpConv.tpp:295->../gen/upconv_core_top_ucb3.cpp:41]   --->   Operation 19 'icmp' 'icmp_ln295' <Predicate = true> <Delay = 0.79> <CoreInst = "Cmp">   --->   Core 9 'Cmp' <Latency = 0> <II = 1> <Delay = 0.79> <FuncUnit> <Opcode : 'seteq' 'setne' 'setle' 'setge' 'setlt' 'setgt'> <InPorts = 2> <OutPorts = 1>
ST_1 : Operation 20 [1/1] (0.79ns)   --->   "%add_ln295_1 = add i11 %indvar_flatten_load, i11 1" [../gen/Hls_Layers_UpConv.tpp:295->../gen/upconv_core_top_ucb3.cpp:41]   --->   Operation 20 'add' 'add_ln295_1' <Predicate = true> <Delay = 0.79> <CoreInst = "Adder">   --->   Core 1 'Adder' <Latency = 0> <II = 1> <Delay = 0.79> <FuncUnit> <Opcode : 'add' 'sub'> <InPorts = 2> <OutPorts = 1>
ST_1 : Operation 21 [1/1] (0.00ns)   --->   "%br_ln295 = br i1 %icmp_ln295, void %for.cond.cleanup3.i, void %for.cond.cleanup.i.exitStub" [../gen/Hls_Layers_UpConv.tpp:295->../gen/upconv_core_top_ucb3.cpp:41]   --->   Operation 21 'br' 'br_ln295' <Predicate = true> <Delay = 0.00>
ST_1 : Operation 22 [1/1] (0.42ns)   --->   "%store_ln295 = store i11 %add_ln295_1, i11 %indvar_flatten" [../gen/Hls_Layers_UpConv.tpp:295->../gen/upconv_core_top_ucb3.cpp:41]   --->   Operation 22 'store' 'store_ln295' <Predicate = (!icmp_ln295)> <Delay = 0.42>

State 2 <SV = 1> <Delay = 2.43>
ST_2 : Operation 23 [1/1] (0.00ns)   --->   "%ciw_load = load i4 %ciw" [../gen/Hls_Layers_UpConv.tpp:296->../gen/upconv_core_top_ucb3.cpp:41]   --->   Operation 23 'load' 'ciw_load' <Predicate = true> <Delay = 0.00>
ST_2 : Operation 24 [1/1] (0.00ns)   --->   "%wi_load = load i8 %wi" [../gen/Hls_Layers_UpConv.tpp:295->../gen/upconv_core_top_ucb3.cpp:41]   --->   Operation 24 'load' 'wi_load' <Predicate = true> <Delay = 0.00>
ST_2 : Operation 25 [1/1] (0.00ns)   --->   "%gmem_in_addr = getelementptr i256 %gmem_in, i64 %sext_ln295_cast" [../gen/Hls_Layers_UpConv.tpp:295->../gen/upconv_core_top_ucb3.cpp:41]   --->   Operation 25 'getelementptr' 'gmem_in_addr' <Predicate = true> <Delay = 0.00>
ST_2 : Operation 26 [1/1] (0.76ns)   --->   "%add_ln295 = add i8 %wi_load, i8 1" [../gen/Hls_Layers_UpConv.tpp:295->../gen/upconv_core_top_ucb3.cpp:41]   --->   Operation 26 'add' 'add_ln295' <Predicate = true> <Delay = 0.76> <CoreInst = "Adder">   --->   Core 1 'Adder' <Latency = 0> <II = 1> <Delay = 0.76> <FuncUnit> <Opcode : 'add' 'sub'> <InPorts = 2> <OutPorts = 1>
ST_2 : Operation 27 [1/1] (0.79ns)   --->   "%icmp_ln296 = icmp_eq  i4 %ciw_load, i4 8" [../gen/Hls_Layers_UpConv.tpp:296->../gen/upconv_core_top_ucb3.cpp:41]   --->   Operation 27 'icmp' 'icmp_ln296' <Predicate = true> <Delay = 0.79> <CoreInst = "Cmp">   --->   Core 9 'Cmp' <Latency = 0> <II = 1> <Delay = 0.79> <FuncUnit> <Opcode : 'seteq' 'setne' 'setle' 'setge' 'setlt' 'setgt'> <InPorts = 2> <OutPorts = 1>
ST_2 : Operation 28 [1/1] (0.39ns)   --->   "%select_ln295 = select i1 %icmp_ln296, i4 0, i4 %ciw_load" [../gen/Hls_Layers_UpConv.tpp:295->../gen/upconv_core_top_ucb3.cpp:41]   --->   Operation 28 'select' 'select_ln295' <Predicate = true> <Delay = 0.39> <CoreInst = "Sel">   --->   Core 73 'Sel' <Latency = 0> <II = 1> <Delay = 0.39> <FuncUnit> <Opcode : 'select'> <InPorts = 3> <OutPorts = 1>
ST_2 : Operation 29 [1/1] (0.39ns)   --->   "%select_ln295_1 = select i1 %icmp_ln296, i8 %add_ln295, i8 %wi_load" [../gen/Hls_Layers_UpConv.tpp:295->../gen/upconv_core_top_ucb3.cpp:41]   --->   Operation 29 'select' 'select_ln295_1' <Predicate = true> <Delay = 0.39> <CoreInst = "Sel">   --->   Core 73 'Sel' <Latency = 0> <II = 1> <Delay = 0.39> <FuncUnit> <Opcode : 'select'> <InPorts = 3> <OutPorts = 1>
ST_2 : Operation 30 [1/1] (0.00ns)   --->   "%empty = trunc i8 %select_ln295_1" [../gen/Hls_Layers_UpConv.tpp:295->../gen/upconv_core_top_ucb3.cpp:41]   --->   Operation 30 'trunc' 'empty' <Predicate = true> <Delay = 0.00>
ST_2 : Operation 31 [1/1] (0.00ns)   --->   "%tmp_2 = bitconcatenate i10 @_ssdm_op_BitConcatenate.i10.i7.i3, i7 %empty, i3 0" [../gen/Hls_Layers_UpConv.tpp:295->../gen/upconv_core_top_ucb3.cpp:41]   --->   Operation 31 'bitconcatenate' 'tmp_2' <Predicate = true> <Delay = 0.00>
ST_2 : Operation 32 [1/1] (0.00ns)   --->   "%zext_ln296 = zext i4 %select_ln295" [../gen/Hls_Layers_UpConv.tpp:296->../gen/upconv_core_top_ucb3.cpp:41]   --->   Operation 32 'zext' 'zext_ln296' <Predicate = true> <Delay = 0.00>
ST_2 : Operation 33 [1/1] (0.78ns)   --->   "%add_ln298 = add i10 %zext_ln296, i10 %tmp_2" [../gen/Hls_Layers_UpConv.tpp:298->../gen/upconv_core_top_ucb3.cpp:41]   --->   Operation 33 'add' 'add_ln298' <Predicate = true> <Delay = 0.78> <CoreInst = "Adder">   --->   Core 1 'Adder' <Latency = 0> <II = 1> <Delay = 0.78> <FuncUnit> <Opcode : 'add' 'sub'> <InPorts = 2> <OutPorts = 1>
ST_2 : Operation 34 [1/1] (2.43ns)   --->   "%gmem_in_addr_read = read i256 @_ssdm_op_Read.m_axi.p1i256, i256 %gmem_in_addr" [../gen/Hls_Layers_UpConv.tpp:298->../gen/upconv_core_top_ucb3.cpp:41]   --->   Operation 34 'read' 'gmem_in_addr_read' <Predicate = true> <Delay = 2.43> <CoreInst = "m_axi">   --->   Core 119 'm_axi' <Latency = 3> <II = 1> <Delay = 1.00> <Adapter> <Opcode : 'read' 'write' 'readreq' 'writereq' 'writeresp'>
ST_2 : Operation 35 [1/1] (0.79ns)   --->   "%add_ln296 = add i4 %select_ln295, i4 1" [../gen/Hls_Layers_UpConv.tpp:296->../gen/upconv_core_top_ucb3.cpp:41]   --->   Operation 35 'add' 'add_ln296' <Predicate = true> <Delay = 0.79> <CoreInst = "Adder">   --->   Core 1 'Adder' <Latency = 0> <II = 1> <Delay = 0.79> <FuncUnit> <Opcode : 'add' 'sub'> <InPorts = 2> <OutPorts = 1>
ST_2 : Operation 36 [1/1] (0.42ns)   --->   "%store_ln295 = store i8 %select_ln295_1, i8 %wi" [../gen/Hls_Layers_UpConv.tpp:295->../gen/upconv_core_top_ucb3.cpp:41]   --->   Operation 36 'store' 'store_ln295' <Predicate = true> <Delay = 0.42>
ST_2 : Operation 37 [1/1] (0.42ns)   --->   "%store_ln296 = store i4 %add_ln296, i4 %ciw" [../gen/Hls_Layers_UpConv.tpp:296->../gen/upconv_core_top_ucb3.cpp:41]   --->   Operation 37 'store' 'store_ln296' <Predicate = true> <Delay = 0.42>
ST_2 : Operation 45 [1/1] (0.42ns)   --->   "%ret_ln0 = ret"   --->   Operation 45 'ret' 'ret_ln0' <Predicate = (icmp_ln295)> <Delay = 0.42>

State 3 <SV = 2> <Delay = 1.23>
ST_3 : Operation 38 [1/1] (0.00ns)   --->   "%specloopname_ln0 = specloopname void @_ssdm_op_SpecLoopName, void @LOAD_ROW0_VITIS_LOOP_296_1_str"   --->   Operation 38 'specloopname' 'specloopname_ln0' <Predicate = true> <Delay = 0.00>
ST_3 : Operation 39 [1/1] (0.00ns)   --->   "%speclooptripcount_ln0 = speclooptripcount void @_ssdm_op_SpecLoopTripCount, i64 1024, i64 1024, i64 1024"   --->   Operation 39 'speclooptripcount' 'speclooptripcount_ln0' <Predicate = true> <Delay = 0.00>
ST_3 : Operation 40 [1/1] (0.00ns)   --->   "%specpipeline_ln297 = specpipeline void @_ssdm_op_SpecPipeline, i32 1, i32 0, i32 0, i32 0, void @empty_21" [../gen/Hls_Layers_UpConv.tpp:297->../gen/upconv_core_top_ucb3.cpp:41]   --->   Operation 40 'specpipeline' 'specpipeline_ln297' <Predicate = true> <Delay = 0.00>
ST_3 : Operation 41 [1/1] (0.00ns)   --->   "%zext_ln298 = zext i10 %add_ln298" [../gen/Hls_Layers_UpConv.tpp:298->../gen/upconv_core_top_ucb3.cpp:41]   --->   Operation 41 'zext' 'zext_ln298' <Predicate = true> <Delay = 0.00>
ST_3 : Operation 42 [1/1] (0.00ns)   --->   "%x_buf_addr = getelementptr i256 %x_buf, i64 0, i64 %zext_ln298" [../gen/Hls_Layers_UpConv.tpp:298->../gen/upconv_core_top_ucb3.cpp:41]   --->   Operation 42 'getelementptr' 'x_buf_addr' <Predicate = true> <Delay = 0.00>
ST_3 : Operation 43 [1/1] ( I:1.23ns O:1.23ns )   --->   "%store_ln298 = store i256 %gmem_in_addr_read, i11 %x_buf_addr" [../gen/Hls_Layers_UpConv.tpp:298->../gen/upconv_core_top_ucb3.cpp:41]   --->   Operation 43 'store' 'store_ln298' <Predicate = true> <Delay = 1.23> <CoreInst = "RAM_T2P_URAM">   --->   Core 99 'RAM_T2P_URAM' <Latency = 1> <II = 1> <Delay = 1.23> <Storage> <Opcode : 'load' 'store'> <Ports = 2> <Width = 256> <Depth = 2048> <RAM>
ST_3 : Operation 44 [1/1] (0.00ns)   --->   "%br_ln296 = br void %for.body4.i" [../gen/Hls_Layers_UpConv.tpp:296->../gen/upconv_core_top_ucb3.cpp:41]   --->   Operation 44 'br' 'br_ln296' <Predicate = true> <Delay = 0.00>


============================================================
+ Verbose Summary: Timing violations
============================================================
Target clock period: 3.333ns, clock uncertainty: 0.900ns.

 <State 1>: 1.652ns
The critical path consists of the following:
	'store' operation 0 bit ('store_ln0') of constant 0 on local variable 'indvar_flatten' [11]  (0.427 ns)
	'load' operation 11 bit ('indvar_flatten_load', ../gen/Hls_Layers_UpConv.tpp:295->../gen/upconv_core_top_ucb3.cpp:41) on local variable 'indvar_flatten' [16]  (0.000 ns)
	'icmp' operation 1 bit ('icmp_ln295', ../gen/Hls_Layers_UpConv.tpp:295->../gen/upconv_core_top_ucb3.cpp:41) [18]  (0.798 ns)
	'store' operation 0 bit ('store_ln295', ../gen/Hls_Layers_UpConv.tpp:295->../gen/upconv_core_top_ucb3.cpp:41) of variable 'add_ln295_1', ../gen/Hls_Layers_UpConv.tpp:295->../gen/upconv_core_top_ucb3.cpp:41 on local variable 'indvar_flatten' [41]  (0.427 ns)

 <State 2>: 2.433ns
The critical path consists of the following:
	'getelementptr' operation 256 bit ('gmem_in_addr', ../gen/Hls_Layers_UpConv.tpp:295->../gen/upconv_core_top_ucb3.cpp:41) [24]  (0.000 ns)
	bus read operation ('gmem_in_addr_read', ../gen/Hls_Layers_UpConv.tpp:298->../gen/upconv_core_top_ucb3.cpp:41) on port 'gmem_in' (../gen/Hls_Layers_UpConv.tpp:298->../gen/upconv_core_top_ucb3.cpp:41) [38]  (2.433 ns)

 <State 3>: 1.237ns
The critical path consists of the following:
	'getelementptr' operation 11 bit ('x_buf_addr', ../gen/Hls_Layers_UpConv.tpp:298->../gen/upconv_core_top_ucb3.cpp:41) [37]  (0.000 ns)
	'store' operation 0 bit ('store_ln298', ../gen/Hls_Layers_UpConv.tpp:298->../gen/upconv_core_top_ucb3.cpp:41) of variable 'gmem_in_addr_read', ../gen/Hls_Layers_UpConv.tpp:298->../gen/upconv_core_top_ucb3.cpp:41 on array 'x_buf' [39]  (1.237 ns)


============================================================
+ Verbose Summary: Binding
============================================================
N/A
* FSMD analyzer results:
  - Output states:
 - Input state : 
  - Chain level:
	State 1
	State 2
	State 3


============================================================
+ Verbose Summary: Datapath Resource usage 
============================================================
N/A
