

================================================================
== Vitis HLS Report for 'upconv_core_top_ucb3_Pipeline_LOAD_ROW_VITIS_LOOP_307_2'
================================================================
* Date:           Fri May  8 13:50:30 2026

* Version:        2024.2 (Build 5238294 on Nov  8 2024)
* Project:        upconv_core_top_ucb3
* Solution:       hls (Vivado IP Flow Target)
* Product family: zynquplus
* Target device:  xczu7ev-ffvc1156-2-e


================================================================
== Performance Estimates
================================================================
+ Timing: 
    * Summary: 
    +--------+---------+----------+------------+
    |  Clock |  Target | Estimated| Uncertainty|
    +--------+---------+----------+------------+
    |ap_clk  |  3.33 ns|  2.433 ns|     0.90 ns|
    +--------+---------+----------+------------+

+ Latency: 
    * Summary: 
    +---------+---------+----------+----------+------+------+------------------------------------------------+
    |  Latency (cycles) |  Latency (absolute) |   Interval  |                    Pipeline                    |
    |   min   |   max   |    min   |    max   |  min |  max |                      Type                      |
    +---------+---------+----------+----------+------+------+------------------------------------------------+
    |     1036|     1036|  3.453 us|  3.453 us|  1025|  1025|  loop auto-rewind stp (delay=0 clock cycles(s))|
    +---------+---------+----------+----------+------+------+------------------------------------------------+

    + Detail: 
        * Instance: 
        N/A

        * Loop: 
        +-----------------------------+---------+---------+----------+-----------+-----------+------+----------+
        |                             |  Latency (cycles) | Iteration|  Initiation Interval  | Trip |          |
        |          Loop Name          |   min   |   max   |  Latency |  achieved |   target  | Count| Pipelined|
        +-----------------------------+---------+---------+----------+-----------+-----------+------+----------+
        |- LOAD_ROW_VITIS_LOOP_307_2  |     1034|     1034|        12|          1|          1|  1024|       yes|
        +-----------------------------+---------+---------+----------+-----------+-----------+------+----------+

============================================================
+ Verbose Summary: Synthesis Manager
============================================================
InlineROM: 1
ExposeGlobal: 0
============================================================
+ Verbose Summary: CDFG Model
============================================================
IsTopModel: 0
ResetActiveHigh: 1
IsCombinational: 0
IsDatapathOnly: 0
HasWiredReturn: 1
HasMFsm: 2
HasVarLatency: 1
IsPipeline: 0
IsRtlPipelined: 0
IsInstanceOverlapped: 0
IsDontTouch: 0
HasImplIP: 0
IsGatedGlobalClock: 0

+ Individual pipeline summary: 
  * Pipeline-0: initiation interval (II) = 1, depth = 12


============================================================
+ Verbose Summary: Schedule
============================================================
* Number of FSM states : 12
* Pipeline : 1
  Pipeline-0 : II = 1, D = 12, States = { 1 2 3 4 5 6 7 8 9 10 11 12 }
* Dataflow Pipeline: 0

* FSM state transitions: 
1 --> 2 
2 --> 3 
3 --> 4 
4 --> 5 
5 --> 6 
6 --> 7 
7 --> 8 
8 --> 9 
9 --> 10 
10 --> 11 
11 --> 12 
12 --> 

* FSM state operations: 

State 1 <SV = 0> <Delay = 1.65>
ST_1 : Operation 15 [1/1] (0.00ns)   --->   "%ciw = alloca i32 1" [../gen/Hls_Layers_UpConv.tpp:307->../gen/upconv_core_top_ucb3.cpp:41]   --->   Operation 15 'alloca' 'ciw' <Predicate = true> <Delay = 0.00>
ST_1 : Operation 16 [1/1] (0.00ns)   --->   "%wi = alloca i32 1" [../gen/Hls_Layers_UpConv.tpp:306->../gen/upconv_core_top_ucb3.cpp:41]   --->   Operation 16 'alloca' 'wi' <Predicate = true> <Delay = 0.00>
ST_1 : Operation 17 [1/1] (0.00ns)   --->   "%indvar_flatten6 = alloca i32 1"   --->   Operation 17 'alloca' 'indvar_flatten6' <Predicate = true> <Delay = 0.00>
ST_1 : Operation 18 [1/1] (0.00ns)   --->   "%sext_ln304_read = read i59 @_ssdm_op_Read.ap_auto.i59, i59 %sext_ln304"   --->   Operation 18 'read' 'sext_ln304_read' <Predicate = true> <Delay = 0.00>
ST_1 : Operation 19 [1/1] (0.00ns)   --->   "%indvar_read = read i7 @_ssdm_op_Read.ap_auto.i7, i7 %indvar"   --->   Operation 19 'read' 'indvar_read' <Predicate = true> <Delay = 0.00>
ST_1 : Operation 20 [1/1] (0.00ns)   --->   "%tmp_1 = read i1 @_ssdm_op_Read.ap_auto.i1, i1 %empty"   --->   Operation 20 'read' 'tmp_1' <Predicate = true> <Delay = 0.00>
ST_1 : Operation 21 [1/1] (0.00ns)   --->   "%sext_ln304_cast = sext i59 %sext_ln304_read"   --->   Operation 21 'sext' 'sext_ln304_cast' <Predicate = true> <Delay = 0.00>
ST_1 : Operation 22 [1/1] (0.00ns)   --->   "%specmemcore_ln0 = specmemcore void @_ssdm_op_SpecMemCore, i256 %x_buf, i64 666, i64 31, i64 18446744073709551615"   --->   Operation 22 'specmemcore' 'specmemcore_ln0' <Predicate = true> <Delay = 0.00>
ST_1 : Operation 23 [1/1] (0.00ns)   --->   "%specinterface_ln0 = specinterface void @_ssdm_op_SpecInterface, i256 %gmem_in, void @empty_7, i32 0, i32 0, void @empty_21, i32 0, i32 0, void @empty_20, void @empty_19, void @empty_21, i32 16, i32 16, i32 64, i32 16, void @empty_21, void @empty_21, i32 4294967295, i32 0, i32 0"   --->   Operation 23 'specinterface' 'specinterface_ln0' <Predicate = true> <Delay = 0.00>
ST_1 : Operation 24 [1/1] (0.42ns)   --->   "%store_ln0 = store i11 0, i11 %indvar_flatten6"   --->   Operation 24 'store' 'store_ln0' <Predicate = true> <Delay = 0.42>
ST_1 : Operation 25 [1/1] (0.42ns)   --->   "%store_ln306 = store i8 0, i8 %wi" [../gen/Hls_Layers_UpConv.tpp:306->../gen/upconv_core_top_ucb3.cpp:41]   --->   Operation 25 'store' 'store_ln306' <Predicate = true> <Delay = 0.42>
ST_1 : Operation 26 [1/1] (0.42ns)   --->   "%store_ln307 = store i4 0, i4 %ciw" [../gen/Hls_Layers_UpConv.tpp:307->../gen/upconv_core_top_ucb3.cpp:41]   --->   Operation 26 'store' 'store_ln307' <Predicate = true> <Delay = 0.42>
ST_1 : Operation 27 [1/1] (0.00ns)   --->   "%br_ln0 = br void %for.body27.i"   --->   Operation 27 'br' 'br_ln0' <Predicate = true> <Delay = 0.00>
ST_1 : Operation 28 [1/1] (0.00ns)   --->   "%indvar_flatten6_load = load i11 %indvar_flatten6" [../gen/Hls_Layers_UpConv.tpp:306->../gen/upconv_core_top_ucb3.cpp:41]   --->   Operation 28 'load' 'indvar_flatten6_load' <Predicate = true> <Delay = 0.00>
ST_1 : Operation 29 [1/1] (0.00ns)   --->   "%specbitsmap_ln0 = specbitsmap void @_ssdm_op_SpecBitsMap, i256 %gmem_in"   --->   Operation 29 'specbitsmap' 'specbitsmap_ln0' <Predicate = true> <Delay = 0.00>
ST_1 : Operation 30 [1/1] (0.79ns)   --->   "%icmp_ln306 = icmp_eq  i11 %indvar_flatten6_load, i11 1024" [../gen/Hls_Layers_UpConv.tpp:306->../gen/upconv_core_top_ucb3.cpp:41]   --->   Operation 30 'icmp' 'icmp_ln306' <Predicate = true> <Delay = 0.79> <CoreInst = "Cmp">   --->   Core 9 'Cmp' <Latency = 0> <II = 1> <Delay = 0.79> <FuncUnit> <Opcode : 'seteq' 'setne' 'setle' 'setge' 'setlt' 'setgt'> <InPorts = 2> <OutPorts = 1>
ST_1 : Operation 31 [1/1] (0.79ns)   --->   "%add_ln306 = add i11 %indvar_flatten6_load, i11 1" [../gen/Hls_Layers_UpConv.tpp:306->../gen/upconv_core_top_ucb3.cpp:41]   --->   Operation 31 'add' 'add_ln306' <Predicate = true> <Delay = 0.79> <CoreInst = "Adder">   --->   Core 1 'Adder' <Latency = 0> <II = 1> <Delay = 0.79> <FuncUnit> <Opcode : 'add' 'sub'> <InPorts = 2> <OutPorts = 1>
ST_1 : Operation 32 [1/1] (0.00ns)   --->   "%br_ln306 = br i1 %icmp_ln306, void %for.cond.cleanup26.i, void %for.cond.cleanup21.i.exitStub" [../gen/Hls_Layers_UpConv.tpp:306->../gen/upconv_core_top_ucb3.cpp:41]   --->   Operation 32 'br' 'br_ln306' <Predicate = true> <Delay = 0.00>
ST_1 : Operation 33 [1/1] (0.42ns)   --->   "%store_ln306 = store i11 %add_ln306, i11 %indvar_flatten6" [../gen/Hls_Layers_UpConv.tpp:306->../gen/upconv_core_top_ucb3.cpp:41]   --->   Operation 33 'store' 'store_ln306' <Predicate = (!icmp_ln306)> <Delay = 0.42>

State 2 <SV = 1> <Delay = 2.41>
ST_2 : Operation 34 [1/1] (0.00ns)   --->   "%ciw_load = load i4 %ciw" [../gen/Hls_Layers_UpConv.tpp:307->../gen/upconv_core_top_ucb3.cpp:41]   --->   Operation 34 'load' 'ciw_load' <Predicate = true> <Delay = 0.00>
ST_2 : Operation 35 [1/1] (0.00ns)   --->   "%wi_load = load i8 %wi" [../gen/Hls_Layers_UpConv.tpp:306->../gen/upconv_core_top_ucb3.cpp:41]   --->   Operation 35 'load' 'wi_load' <Predicate = true> <Delay = 0.00>
ST_2 : Operation 36 [1/1] (0.76ns)   --->   "%wi_2 = add i8 %wi_load, i8 1" [../gen/Hls_Layers_UpConv.tpp:306->../gen/upconv_core_top_ucb3.cpp:41]   --->   Operation 36 'add' 'wi_2' <Predicate = true> <Delay = 0.76> <CoreInst = "Adder">   --->   Core 1 'Adder' <Latency = 0> <II = 1> <Delay = 0.76> <FuncUnit> <Opcode : 'add' 'sub'> <InPorts = 2> <OutPorts = 1>
ST_2 : Operation 37 [1/1] (0.79ns)   --->   "%icmp_ln307 = icmp_eq  i4 %ciw_load, i4 8" [../gen/Hls_Layers_UpConv.tpp:307->../gen/upconv_core_top_ucb3.cpp:41]   --->   Operation 37 'icmp' 'icmp_ln307' <Predicate = true> <Delay = 0.79> <CoreInst = "Cmp">   --->   Core 9 'Cmp' <Latency = 0> <II = 1> <Delay = 0.79> <FuncUnit> <Opcode : 'seteq' 'setne' 'setle' 'setge' 'setlt' 'setgt'> <InPorts = 2> <OutPorts = 1>
ST_2 : Operation 38 [1/1] (0.39ns)   --->   "%select_ln306 = select i1 %icmp_ln307, i4 0, i4 %ciw_load" [../gen/Hls_Layers_UpConv.tpp:306->../gen/upconv_core_top_ucb3.cpp:41]   --->   Operation 38 'select' 'select_ln306' <Predicate = true> <Delay = 0.39> <CoreInst = "Sel">   --->   Core 73 'Sel' <Latency = 0> <II = 1> <Delay = 0.39> <FuncUnit> <Opcode : 'select'> <InPorts = 3> <OutPorts = 1>
ST_2 : Operation 39 [1/1] (0.39ns)   --->   "%select_ln306_1 = select i1 %icmp_ln307, i8 %wi_2, i8 %wi_load" [../gen/Hls_Layers_UpConv.tpp:306->../gen/upconv_core_top_ucb3.cpp:41]   --->   Operation 39 'select' 'select_ln306_1' <Predicate = true> <Delay = 0.39> <CoreInst = "Sel">   --->   Core 73 'Sel' <Latency = 0> <II = 1> <Delay = 0.39> <FuncUnit> <Opcode : 'select'> <InPorts = 3> <OutPorts = 1>
ST_2 : Operation 40 [1/1] (0.00ns)   --->   "%empty_44 = trunc i8 %select_ln306_1" [../gen/Hls_Layers_UpConv.tpp:306->../gen/upconv_core_top_ucb3.cpp:41]   --->   Operation 40 'trunc' 'empty_44' <Predicate = true> <Delay = 0.00>
ST_2 : Operation 41 [1/1] (0.00ns)   --->   "%mul36_i = bitconcatenate i11 @_ssdm_op_BitConcatenate.i11.i1.i7.i3, i1 %tmp_1, i7 %empty_44, i3 0" [../gen/Hls_Layers_UpConv.tpp:306->../gen/upconv_core_top_ucb3.cpp:41]   --->   Operation 41 'bitconcatenate' 'mul36_i' <Predicate = true> <Delay = 0.00>
ST_2 : Operation 42 [1/1] (0.00ns)   --->   "%zext_ln307 = zext i4 %select_ln306" [../gen/Hls_Layers_UpConv.tpp:307->../gen/upconv_core_top_ucb3.cpp:41]   --->   Operation 42 'zext' 'zext_ln307' <Predicate = true> <Delay = 0.00>
ST_2 : Operation 43 [1/1] (0.00ns)   --->   "%zext_ln307_1 = zext i4 %select_ln306" [../gen/Hls_Layers_UpConv.tpp:307->../gen/upconv_core_top_ucb3.cpp:41]   --->   Operation 43 'zext' 'zext_ln307_1' <Predicate = true> <Delay = 0.00>
ST_2 : Operation 44 [1/1] (0.79ns)   --->   "%add_ln309 = add i11 %zext_ln307_1, i11 %mul36_i" [../gen/Hls_Layers_UpConv.tpp:309->../gen/upconv_core_top_ucb3.cpp:41]   --->   Operation 44 'add' 'add_ln309' <Predicate = true> <Delay = 0.79> <CoreInst = "Adder">   --->   Core 1 'Adder' <Latency = 0> <II = 1> <Delay = 0.79> <FuncUnit> <Opcode : 'add' 'sub'> <InPorts = 2> <OutPorts = 1>
ST_2 : Operation 45 [1/1] (0.00ns)   --->   "%tmp = bitconcatenate i17 @_ssdm_op_BitConcatenate.i17.i7.i7.i3, i7 %indvar_read, i7 %empty_44, i3 0" [../gen/Hls_Layers_UpConv.tpp:309->../gen/upconv_core_top_ucb3.cpp:41]   --->   Operation 45 'bitconcatenate' 'tmp' <Predicate = true> <Delay = 0.00>
ST_2 : Operation 46 [1/1] (0.00ns)   --->   "%zext_ln309_1 = zext i17 %tmp" [../gen/Hls_Layers_UpConv.tpp:309->../gen/upconv_core_top_ucb3.cpp:41]   --->   Operation 46 'zext' 'zext_ln309_1' <Predicate = true> <Delay = 0.00>
ST_2 : Operation 47 [1/1] (0.00ns) (grouped into TernaryAdder)   --->   "%add_ln309_1 = add i60 %zext_ln307, i60 %sext_ln304_cast" [../gen/Hls_Layers_UpConv.tpp:309->../gen/upconv_core_top_ucb3.cpp:41]   --->   Operation 47 'add' 'add_ln309_1' <Predicate = true> <Delay = 0.00> <CoreInst = "TAddSub">   --->   Core 10 'TAddSub' <Latency = 0> <II = 1> <Delay = 0.40> <IPBlock> <Opcode : '' 'add' 'sub'> <InPorts = 3> <OutPorts = 1> <Sync> <CReg>
ST_2 : Operation 48 [1/1] (0.80ns) (root node of TernaryAdder)   --->   "%add_ln309_2 = add i60 %add_ln309_1, i60 %zext_ln309_1" [../gen/Hls_Layers_UpConv.tpp:309->../gen/upconv_core_top_ucb3.cpp:41]   --->   Operation 48 'add' 'add_ln309_2' <Predicate = true> <Delay = 0.80> <CoreInst = "TAddSub">   --->   Core 10 'TAddSub' <Latency = 0> <II = 1> <Delay = 0.40> <IPBlock> <Opcode : '' 'add' 'sub'> <InPorts = 3> <OutPorts = 1> <Sync> <CReg>
ST_2 : Operation 49 [1/1] (0.79ns)   --->   "%add_ln307 = add i4 %select_ln306, i4 1" [../gen/Hls_Layers_UpConv.tpp:307->../gen/upconv_core_top_ucb3.cpp:41]   --->   Operation 49 'add' 'add_ln307' <Predicate = true> <Delay = 0.79> <CoreInst = "Adder">   --->   Core 1 'Adder' <Latency = 0> <II = 1> <Delay = 0.79> <FuncUnit> <Opcode : 'add' 'sub'> <InPorts = 2> <OutPorts = 1>
ST_2 : Operation 50 [1/1] (0.42ns)   --->   "%store_ln306 = store i8 %select_ln306_1, i8 %wi" [../gen/Hls_Layers_UpConv.tpp:306->../gen/upconv_core_top_ucb3.cpp:41]   --->   Operation 50 'store' 'store_ln306' <Predicate = true> <Delay = 0.42>
ST_2 : Operation 51 [1/1] (0.42ns)   --->   "%store_ln307 = store i4 %add_ln307, i4 %ciw" [../gen/Hls_Layers_UpConv.tpp:307->../gen/upconv_core_top_ucb3.cpp:41]   --->   Operation 51 'store' 'store_ln307' <Predicate = true> <Delay = 0.42>

State 3 <SV = 2> <Delay = 2.43>
ST_3 : Operation 52 [1/1] (0.00ns)   --->   "%sext_ln309 = sext i60 %add_ln309_2" [../gen/Hls_Layers_UpConv.tpp:309->../gen/upconv_core_top_ucb3.cpp:41]   --->   Operation 52 'sext' 'sext_ln309' <Predicate = true> <Delay = 0.00>
ST_3 : Operation 53 [1/1] (0.00ns)   --->   "%gmem_in_addr = getelementptr i256 %gmem_in, i64 %sext_ln309" [../gen/Hls_Layers_UpConv.tpp:309->../gen/upconv_core_top_ucb3.cpp:41]   --->   Operation 53 'getelementptr' 'gmem_in_addr' <Predicate = true> <Delay = 0.00>
ST_3 : Operation 54 [8/8] (2.43ns)   --->   "%gmem_in_load_req = readreq i1 @_ssdm_op_ReadReq.m_axi.i256P1A, i256 %gmem_in_addr, i64 1" [../gen/Hls_Layers_UpConv.tpp:309->../gen/upconv_core_top_ucb3.cpp:41]   --->   Operation 54 'readreq' 'gmem_in_load_req' <Predicate = true> <Delay = 2.43> <CoreInst = "m_axi">   --->   Core 119 'm_axi' <Latency = 6> <II = 1> <Delay = 1.00> <Adapter> <Opcode : 'read' 'write' 'readreq' 'writereq' 'writeresp'>

State 4 <SV = 3> <Delay = 2.43>
ST_4 : Operation 55 [7/8] (2.43ns)   --->   "%gmem_in_load_req = readreq i1 @_ssdm_op_ReadReq.m_axi.i256P1A, i256 %gmem_in_addr, i64 1" [../gen/Hls_Layers_UpConv.tpp:309->../gen/upconv_core_top_ucb3.cpp:41]   --->   Operation 55 'readreq' 'gmem_in_load_req' <Predicate = true> <Delay = 2.43> <CoreInst = "m_axi">   --->   Core 119 'm_axi' <Latency = 6> <II = 1> <Delay = 1.00> <Adapter> <Opcode : 'read' 'write' 'readreq' 'writereq' 'writeresp'>

State 5 <SV = 4> <Delay = 2.43>
ST_5 : Operation 56 [6/8] (2.43ns)   --->   "%gmem_in_load_req = readreq i1 @_ssdm_op_ReadReq.m_axi.i256P1A, i256 %gmem_in_addr, i64 1" [../gen/Hls_Layers_UpConv.tpp:309->../gen/upconv_core_top_ucb3.cpp:41]   --->   Operation 56 'readreq' 'gmem_in_load_req' <Predicate = true> <Delay = 2.43> <CoreInst = "m_axi">   --->   Core 119 'm_axi' <Latency = 6> <II = 1> <Delay = 1.00> <Adapter> <Opcode : 'read' 'write' 'readreq' 'writereq' 'writeresp'>

State 6 <SV = 5> <Delay = 2.43>
ST_6 : Operation 57 [5/8] (2.43ns)   --->   "%gmem_in_load_req = readreq i1 @_ssdm_op_ReadReq.m_axi.i256P1A, i256 %gmem_in_addr, i64 1" [../gen/Hls_Layers_UpConv.tpp:309->../gen/upconv_core_top_ucb3.cpp:41]   --->   Operation 57 'readreq' 'gmem_in_load_req' <Predicate = true> <Delay = 2.43> <CoreInst = "m_axi">   --->   Core 119 'm_axi' <Latency = 6> <II = 1> <Delay = 1.00> <Adapter> <Opcode : 'read' 'write' 'readreq' 'writereq' 'writeresp'>

State 7 <SV = 6> <Delay = 2.43>
ST_7 : Operation 58 [4/8] (2.43ns)   --->   "%gmem_in_load_req = readreq i1 @_ssdm_op_ReadReq.m_axi.i256P1A, i256 %gmem_in_addr, i64 1" [../gen/Hls_Layers_UpConv.tpp:309->../gen/upconv_core_top_ucb3.cpp:41]   --->   Operation 58 'readreq' 'gmem_in_load_req' <Predicate = true> <Delay = 2.43> <CoreInst = "m_axi">   --->   Core 119 'm_axi' <Latency = 6> <II = 1> <Delay = 1.00> <Adapter> <Opcode : 'read' 'write' 'readreq' 'writereq' 'writeresp'>

State 8 <SV = 7> <Delay = 2.43>
ST_8 : Operation 59 [3/8] (2.43ns)   --->   "%gmem_in_load_req = readreq i1 @_ssdm_op_ReadReq.m_axi.i256P1A, i256 %gmem_in_addr, i64 1" [../gen/Hls_Layers_UpConv.tpp:309->../gen/upconv_core_top_ucb3.cpp:41]   --->   Operation 59 'readreq' 'gmem_in_load_req' <Predicate = true> <Delay = 2.43> <CoreInst = "m_axi">   --->   Core 119 'm_axi' <Latency = 6> <II = 1> <Delay = 1.00> <Adapter> <Opcode : 'read' 'write' 'readreq' 'writereq' 'writeresp'>

State 9 <SV = 8> <Delay = 2.43>
ST_9 : Operation 60 [2/8] (2.43ns)   --->   "%gmem_in_load_req = readreq i1 @_ssdm_op_ReadReq.m_axi.i256P1A, i256 %gmem_in_addr, i64 1" [../gen/Hls_Layers_UpConv.tpp:309->../gen/upconv_core_top_ucb3.cpp:41]   --->   Operation 60 'readreq' 'gmem_in_load_req' <Predicate = true> <Delay = 2.43> <CoreInst = "m_axi">   --->   Core 119 'm_axi' <Latency = 6> <II = 1> <Delay = 1.00> <Adapter> <Opcode : 'read' 'write' 'readreq' 'writereq' 'writeresp'>

State 10 <SV = 9> <Delay = 2.43>
ST_10 : Operation 61 [1/8] (2.43ns)   --->   "%gmem_in_load_req = readreq i1 @_ssdm_op_ReadReq.m_axi.i256P1A, i256 %gmem_in_addr, i64 1" [../gen/Hls_Layers_UpConv.tpp:309->../gen/upconv_core_top_ucb3.cpp:41]   --->   Operation 61 'readreq' 'gmem_in_load_req' <Predicate = true> <Delay = 2.43> <CoreInst = "m_axi">   --->   Core 119 'm_axi' <Latency = 6> <II = 1> <Delay = 1.00> <Adapter> <Opcode : 'read' 'write' 'readreq' 'writereq' 'writeresp'>

State 11 <SV = 10> <Delay = 2.43>
ST_11 : Operation 62 [1/1] (2.43ns)   --->   "%gmem_in_addr_read = read i256 @_ssdm_op_Read.m_axi.i256P1A, i256 %gmem_in_addr" [../gen/Hls_Layers_UpConv.tpp:309->../gen/upconv_core_top_ucb3.cpp:41]   --->   Operation 62 'read' 'gmem_in_addr_read' <Predicate = true> <Delay = 2.43> <CoreInst = "m_axi">   --->   Core 119 'm_axi' <Latency = 3> <II = 1> <Delay = 1.00> <Adapter> <Opcode : 'read' 'write' 'readreq' 'writereq' 'writeresp'>
ST_11 : Operation 70 [1/1] (0.42ns)   --->   "%ret_ln0 = ret"   --->   Operation 70 'ret' 'ret_ln0' <Predicate = (icmp_ln306)> <Delay = 0.42>

State 12 <SV = 11> <Delay = 1.23>
ST_12 : Operation 63 [1/1] (0.00ns)   --->   "%specloopname_ln0 = specloopname void @_ssdm_op_SpecLoopName, void @LOAD_ROW_VITIS_LOOP_307_2_str"   --->   Operation 63 'specloopname' 'specloopname_ln0' <Predicate = true> <Delay = 0.00>
ST_12 : Operation 64 [1/1] (0.00ns)   --->   "%speclooptripcount_ln0 = speclooptripcount void @_ssdm_op_SpecLoopTripCount, i64 1024, i64 1024, i64 1024"   --->   Operation 64 'speclooptripcount' 'speclooptripcount_ln0' <Predicate = true> <Delay = 0.00>
ST_12 : Operation 65 [1/1] (0.00ns)   --->   "%specpipeline_ln308 = specpipeline void @_ssdm_op_SpecPipeline, i32 1, i32 0, i32 0, i32 0, void @empty_21" [../gen/Hls_Layers_UpConv.tpp:308->../gen/upconv_core_top_ucb3.cpp:41]   --->   Operation 65 'specpipeline' 'specpipeline_ln308' <Predicate = true> <Delay = 0.00>
ST_12 : Operation 66 [1/1] (0.00ns)   --->   "%zext_ln309 = zext i11 %add_ln309" [../gen/Hls_Layers_UpConv.tpp:309->../gen/upconv_core_top_ucb3.cpp:41]   --->   Operation 66 'zext' 'zext_ln309' <Predicate = true> <Delay = 0.00>
ST_12 : Operation 67 [1/1] (0.00ns)   --->   "%x_buf_addr = getelementptr i256 %x_buf, i64 0, i64 %zext_ln309" [../gen/Hls_Layers_UpConv.tpp:309->../gen/upconv_core_top_ucb3.cpp:41]   --->   Operation 67 'getelementptr' 'x_buf_addr' <Predicate = true> <Delay = 0.00>
ST_12 : Operation 68 [1/1] ( I:1.23ns O:1.23ns )   --->   "%store_ln309 = store i256 %gmem_in_addr_read, i11 %x_buf_addr" [../gen/Hls_Layers_UpConv.tpp:309->../gen/upconv_core_top_ucb3.cpp:41]   --->   Operation 68 'store' 'store_ln309' <Predicate = true> <Delay = 1.23> <CoreInst = "RAM_T2P_URAM">   --->   Core 99 'RAM_T2P_URAM' <Latency = 1> <II = 1> <Delay = 1.23> <Storage> <Opcode : 'load' 'store'> <Ports = 2> <Width = 256> <Depth = 2048> <RAM>
ST_12 : Operation 69 [1/1] (0.00ns)   --->   "%br_ln307 = br void %for.body27.i" [../gen/Hls_Layers_UpConv.tpp:307->../gen/upconv_core_top_ucb3.cpp:41]   --->   Operation 69 'br' 'br_ln307' <Predicate = true> <Delay = 0.00>


============================================================
+ Verbose Summary: Timing violations
============================================================
Target clock period: 3.333ns, clock uncertainty: 0.900ns.

 <State 1>: 1.652ns
The critical path consists of the following:
	'store' operation 0 bit ('store_ln0') of constant 0 on local variable 'indvar_flatten6' [15]  (0.427 ns)
	'load' operation 11 bit ('indvar_flatten6_load', ../gen/Hls_Layers_UpConv.tpp:306->../gen/upconv_core_top_ucb3.cpp:41) on local variable 'indvar_flatten6' [20]  (0.000 ns)
	'add' operation 11 bit ('add_ln306', ../gen/Hls_Layers_UpConv.tpp:306->../gen/upconv_core_top_ucb3.cpp:41) [23]  (0.798 ns)
	'store' operation 0 bit ('store_ln306', ../gen/Hls_Layers_UpConv.tpp:306->../gen/upconv_core_top_ucb3.cpp:41) of variable 'add_ln306', ../gen/Hls_Layers_UpConv.tpp:306->../gen/upconv_core_top_ucb3.cpp:41 on local variable 'indvar_flatten6' [52]  (0.427 ns)

 <State 2>: 2.412ns
The critical path consists of the following:
	'load' operation 4 bit ('ciw_load', ../gen/Hls_Layers_UpConv.tpp:307->../gen/upconv_core_top_ucb3.cpp:41) on local variable 'ciw', ../gen/Hls_Layers_UpConv.tpp:307->../gen/upconv_core_top_ucb3.cpp:41 [26]  (0.000 ns)
	'icmp' operation 1 bit ('icmp_ln307', ../gen/Hls_Layers_UpConv.tpp:307->../gen/upconv_core_top_ucb3.cpp:41) [31]  (0.797 ns)
	'select' operation 4 bit ('select_ln306', ../gen/Hls_Layers_UpConv.tpp:306->../gen/upconv_core_top_ucb3.cpp:41) [32]  (0.391 ns)
	'add' operation 4 bit ('add_ln307', ../gen/Hls_Layers_UpConv.tpp:307->../gen/upconv_core_top_ucb3.cpp:41) [51]  (0.797 ns)
	'store' operation 0 bit ('store_ln307', ../gen/Hls_Layers_UpConv.tpp:307->../gen/upconv_core_top_ucb3.cpp:41) of variable 'add_ln307', ../gen/Hls_Layers_UpConv.tpp:307->../gen/upconv_core_top_ucb3.cpp:41 on local variable 'ciw', ../gen/Hls_Layers_UpConv.tpp:307->../gen/upconv_core_top_ucb3.cpp:41 [54]  (0.427 ns)

 <State 3>: 2.433ns
The critical path consists of the following:
	'getelementptr' operation 256 bit ('gmem_in_addr', ../gen/Hls_Layers_UpConv.tpp:309->../gen/upconv_core_top_ucb3.cpp:41) [47]  (0.000 ns)
	bus request operation ('gmem_in_load_req', ../gen/Hls_Layers_UpConv.tpp:309->../gen/upconv_core_top_ucb3.cpp:41) on port 'gmem_in' (../gen/Hls_Layers_UpConv.tpp:309->../gen/upconv_core_top_ucb3.cpp:41) [48]  (2.433 ns)

 <State 4>: 2.433ns
The critical path consists of the following:
	bus request operation ('gmem_in_load_req', ../gen/Hls_Layers_UpConv.tpp:309->../gen/upconv_core_top_ucb3.cpp:41) on port 'gmem_in' (../gen/Hls_Layers_UpConv.tpp:309->../gen/upconv_core_top_ucb3.cpp:41) [48]  (2.433 ns)

 <State 5>: 2.433ns
The critical path consists of the following:
	bus request operation ('gmem_in_load_req', ../gen/Hls_Layers_UpConv.tpp:309->../gen/upconv_core_top_ucb3.cpp:41) on port 'gmem_in' (../gen/Hls_Layers_UpConv.tpp:309->../gen/upconv_core_top_ucb3.cpp:41) [48]  (2.433 ns)

 <State 6>: 2.433ns
The critical path consists of the following:
	bus request operation ('gmem_in_load_req', ../gen/Hls_Layers_UpConv.tpp:309->../gen/upconv_core_top_ucb3.cpp:41) on port 'gmem_in' (../gen/Hls_Layers_UpConv.tpp:309->../gen/upconv_core_top_ucb3.cpp:41) [48]  (2.433 ns)

 <State 7>: 2.433ns
The critical path consists of the following:
	bus request operation ('gmem_in_load_req', ../gen/Hls_Layers_UpConv.tpp:309->../gen/upconv_core_top_ucb3.cpp:41) on port 'gmem_in' (../gen/Hls_Layers_UpConv.tpp:309->../gen/upconv_core_top_ucb3.cpp:41) [48]  (2.433 ns)

 <State 8>: 2.433ns
The critical path consists of the following:
	bus request operation ('gmem_in_load_req', ../gen/Hls_Layers_UpConv.tpp:309->../gen/upconv_core_top_ucb3.cpp:41) on port 'gmem_in' (../gen/Hls_Layers_UpConv.tpp:309->../gen/upconv_core_top_ucb3.cpp:41) [48]  (2.433 ns)

 <State 9>: 2.433ns
The critical path consists of the following:
	bus request operation ('gmem_in_load_req', ../gen/Hls_Layers_UpConv.tpp:309->../gen/upconv_core_top_ucb3.cpp:41) on port 'gmem_in' (../gen/Hls_Layers_UpConv.tpp:309->../gen/upconv_core_top_ucb3.cpp:41) [48]  (2.433 ns)

 <State 10>: 2.433ns
The critical path consists of the following:
	bus request operation ('gmem_in_load_req', ../gen/Hls_Layers_UpConv.tpp:309->../gen/upconv_core_top_ucb3.cpp:41) on port 'gmem_in' (../gen/Hls_Layers_UpConv.tpp:309->../gen/upconv_core_top_ucb3.cpp:41) [48]  (2.433 ns)

 <State 11>: 2.433ns
The critical path consists of the following:
	bus read operation ('gmem_in_addr_read', ../gen/Hls_Layers_UpConv.tpp:309->../gen/upconv_core_top_ucb3.cpp:41) on port 'gmem_in' (../gen/Hls_Layers_UpConv.tpp:309->../gen/upconv_core_top_ucb3.cpp:41) [49]  (2.433 ns)

 <State 12>: 1.237ns
The critical path consists of the following:
	'getelementptr' operation 11 bit ('x_buf_addr', ../gen/Hls_Layers_UpConv.tpp:309->../gen/upconv_core_top_ucb3.cpp:41) [41]  (0.000 ns)
	'store' operation 0 bit ('store_ln309', ../gen/Hls_Layers_UpConv.tpp:309->../gen/upconv_core_top_ucb3.cpp:41) of variable 'gmem_in_addr_read', ../gen/Hls_Layers_UpConv.tpp:309->../gen/upconv_core_top_ucb3.cpp:41 on array 'x_buf' [50]  (1.237 ns)


============================================================
+ Verbose Summary: Binding
============================================================
N/A
* FSMD analyzer results:
  - Output states:
 - Input state : 
  - Chain level:
	State 1
	State 2
	State 3
	State 4
	State 5
	State 6
	State 7
	State 8
	State 9
	State 10
	State 11
	State 12


============================================================
+ Verbose Summary: Datapath Resource usage 
============================================================
N/A
