/home/hoinguyen/Documents/Vitis/UpConv_HLS/upconv_block0/upconv_block0/hls/.autopilot/db/upconv_core_top_ucb0.pp.0.cpp:2268:5: warning: Added loop label VITIS_LOOP_676_1:   [xilinx-label-all-loops]
    for (unsigned i = low; i != high+1; ++i) {
    ^~~
    VITIS_LOOP_676_1: 
/home/hoinguyen/Documents/Vitis/UpConv_HLS/upconv_block0/upconv_block0/hls/.autopilot/db/upconv_core_top_ucb0.pp.0.cpp:2268:5: note: FIX-IT applied suggested code changes
/home/hoinguyen/Documents/Vitis/UpConv_HLS/upconv_block0/upconv_block0/hls/.autopilot/db/upconv_core_top_ucb0.pp.0.cpp:2282:5: warning: Added loop label VITIS_LOOP_690_1:   [xilinx-label-all-loops]
    for (unsigned i = low; i != high+1; ++i) {
    ^~~
    VITIS_LOOP_690_1: 
/home/hoinguyen/Documents/Vitis/UpConv_HLS/upconv_block0/upconv_block0/hls/.autopilot/db/upconv_core_top_ucb0.pp.0.cpp:2282:5: note: FIX-IT applied suggested code changes
/home/hoinguyen/Documents/Vitis/UpConv_HLS/upconv_block0/upconv_block0/hls/.autopilot/db/upconv_core_top_ucb0.pp.0.cpp:2296:5: warning: Added loop label VITIS_LOOP_704_1:   [xilinx-label-all-loops]
    for (unsigned i = low; i != high+1; ++i) {
    ^~~
    VITIS_LOOP_704_1: 
/home/hoinguyen/Documents/Vitis/UpConv_HLS/upconv_block0/upconv_block0/hls/.autopilot/db/upconv_core_top_ucb0.pp.0.cpp:2296:5: note: FIX-IT applied suggested code changes
/home/hoinguyen/Documents/Vitis/UpConv_HLS/upconv_block0/upconv_block0/hls/.autopilot/db/upconv_core_top_ucb0.pp.0.cpp:3930:7: warning: Added loop label VITIS_LOOP_1248_1:   [xilinx-label-all-loops]
      for (i = 0; i < __N - 1; ++i) {
      ^~~
      VITIS_LOOP_1248_1: 
/home/hoinguyen/Documents/Vitis/UpConv_HLS/upconv_block0/upconv_block0/hls/.autopilot/db/upconv_core_top_ucb0.pp.0.cpp:3930:7: note: FIX-IT applied suggested code changes
/home/hoinguyen/Documents/Vitis/UpConv_HLS/upconv_block0/upconv_block0/hls/.autopilot/db/upconv_core_top_ucb0.pp.0.cpp:15767:72: error: Invalid Directive: for current device, ROM_1P + LUTRAM is invalid combination for BIND_STORAGE's option 'type + impl' [clang-diagnostic-error]
#pragma HLS BIND_STORAGE variable=fourth_order_double::sin_cos_K0 type=ROM_1P impl=LUTRAM
                                                                       ^
/home/hoinguyen/Documents/Vitis/UpConv_HLS/upconv_block0/upconv_block0/hls/.autopilot/db/upconv_core_top_ucb0.pp.0.cpp:15768:72: error: Invalid Directive: for current device, ROM_1P + LUTRAM is invalid combination for BIND_STORAGE's option 'type + impl' [clang-diagnostic-error]
#pragma HLS BIND_STORAGE variable=fourth_order_double::sin_cos_K1 type=ROM_1P impl=LUTRAM
                                                                       ^
/home/hoinguyen/Documents/Vitis/UpConv_HLS/upconv_block0/upconv_block0/hls/.autopilot/db/upconv_core_top_ucb0.pp.0.cpp:15769:72: error: Invalid Directive: for current device, ROM_1P + LUTRAM is invalid combination for BIND_STORAGE's option 'type + impl' [clang-diagnostic-error]
#pragma HLS BIND_STORAGE variable=fourth_order_double::sin_cos_K2 type=ROM_1P impl=LUTRAM
                                                                       ^
/home/hoinguyen/Documents/Vitis/UpConv_HLS/upconv_block0/upconv_block0/hls/.autopilot/db/upconv_core_top_ucb0.pp.0.cpp:15770:72: error: Invalid Directive: for current device, ROM_1P + LUTRAM is invalid combination for BIND_STORAGE's option 'type + impl' [clang-diagnostic-error]
#pragma HLS BIND_STORAGE variable=fourth_order_double::sin_cos_K3 type=ROM_1P impl=LUTRAM
                                                                       ^
/home/hoinguyen/Documents/Vitis/UpConv_HLS/upconv_block0/upconv_block0/hls/.autopilot/db/upconv_core_top_ucb0.pp.0.cpp:15771:72: error: Invalid Directive: for current device, ROM_1P + LUTRAM is invalid combination for BIND_STORAGE's option 'type + impl' [clang-diagnostic-error]
#pragma HLS BIND_STORAGE variable=fourth_order_double::sin_cos_K4 type=ROM_1P impl=LUTRAM
                                                                       ^
/home/hoinguyen/Documents/Vitis/UpConv_HLS/upconv_block0/upconv_block0/hls/.autopilot/db/upconv_core_top_ucb0.pp.0.cpp:15801:68: error: Invalid Directive: for current device, ROM_1P + LUTRAM is invalid combination for BIND_STORAGE's option 'type + impl' [clang-diagnostic-error]
#pragma HLS BIND_STORAGE variable=fourth_order_double::cos_K0 type=ROM_1P impl=LUTRAM
                                                                   ^
/home/hoinguyen/Documents/Vitis/UpConv_HLS/upconv_block0/upconv_block0/hls/.autopilot/db/upconv_core_top_ucb0.pp.0.cpp:15802:68: error: Invalid Directive: for current device, ROM_1P + LUTRAM is invalid combination for BIND_STORAGE's option 'type + impl' [clang-diagnostic-error]
#pragma HLS BIND_STORAGE variable=fourth_order_double::cos_K1 type=ROM_1P impl=LUTRAM
                                                                   ^
/home/hoinguyen/Documents/Vitis/UpConv_HLS/upconv_block0/upconv_block0/hls/.autopilot/db/upconv_core_top_ucb0.pp.0.cpp:15803:68: error: Invalid Directive: for current device, ROM_1P + LUTRAM is invalid combination for BIND_STORAGE's option 'type + impl' [clang-diagnostic-error]
#pragma HLS BIND_STORAGE variable=fourth_order_double::cos_K2 type=ROM_1P impl=LUTRAM
                                                                   ^
/home/hoinguyen/Documents/Vitis/UpConv_HLS/upconv_block0/upconv_block0/hls/.autopilot/db/upconv_core_top_ucb0.pp.0.cpp:15804:68: error: Invalid Directive: for current device, ROM_1P + LUTRAM is invalid combination for BIND_STORAGE's option 'type + impl' [clang-diagnostic-error]
#pragma HLS BIND_STORAGE variable=fourth_order_double::cos_K3 type=ROM_1P impl=LUTRAM
                                                                   ^
/home/hoinguyen/Documents/Vitis/UpConv_HLS/upconv_block0/upconv_block0/hls/.autopilot/db/upconv_core_top_ucb0.pp.0.cpp:15805:68: error: Invalid Directive: for current device, ROM_1P + LUTRAM is invalid combination for BIND_STORAGE's option 'type + impl' [clang-diagnostic-error]
#pragma HLS BIND_STORAGE variable=fourth_order_double::cos_K4 type=ROM_1P impl=LUTRAM
                                                                   ^
/home/hoinguyen/Documents/Vitis/UpConv_HLS/upconv_block0/upconv_block0/hls/.autopilot/db/upconv_core_top_ucb0.pp.0.cpp:15806:68: error: Invalid Directive: for current device, ROM_1P + LUTRAM is invalid combination for BIND_STORAGE's option 'type + impl' [clang-diagnostic-error]
#pragma HLS BIND_STORAGE variable=fourth_order_double::sin_K0 type=ROM_1P impl=LUTRAM
                                                                   ^
/home/hoinguyen/Documents/Vitis/UpConv_HLS/upconv_block0/upconv_block0/hls/.autopilot/db/upconv_core_top_ucb0.pp.0.cpp:15807:68: error: Invalid Directive: for current device, ROM_1P + LUTRAM is invalid combination for BIND_STORAGE's option 'type + impl' [clang-diagnostic-error]
#pragma HLS BIND_STORAGE variable=fourth_order_double::sin_K1 type=ROM_1P impl=LUTRAM
                                                                   ^
/home/hoinguyen/Documents/Vitis/UpConv_HLS/upconv_block0/upconv_block0/hls/.autopilot/db/upconv_core_top_ucb0.pp.0.cpp:15808:68: error: Invalid Directive: for current device, ROM_1P + LUTRAM is invalid combination for BIND_STORAGE's option 'type + impl' [clang-diagnostic-error]
#pragma HLS BIND_STORAGE variable=fourth_order_double::sin_K2 type=ROM_1P impl=LUTRAM
                                                                   ^
/home/hoinguyen/Documents/Vitis/UpConv_HLS/upconv_block0/upconv_block0/hls/.autopilot/db/upconv_core_top_ucb0.pp.0.cpp:15809:68: error: Invalid Directive: for current device, ROM_1P + LUTRAM is invalid combination for BIND_STORAGE's option 'type + impl' [clang-diagnostic-error]
#pragma HLS BIND_STORAGE variable=fourth_order_double::sin_K3 type=ROM_1P impl=LUTRAM
                                                                   ^
/home/hoinguyen/Documents/Vitis/UpConv_HLS/upconv_block0/upconv_block0/hls/.autopilot/db/upconv_core_top_ucb0.pp.0.cpp:15810:68: error: Invalid Directive: for current device, ROM_1P + LUTRAM is invalid combination for BIND_STORAGE's option 'type + impl' [clang-diagnostic-error]
#pragma HLS BIND_STORAGE variable=fourth_order_double::sin_K4 type=ROM_1P impl=LUTRAM
                                                                   ^
/home/hoinguyen/Documents/Vitis/UpConv_HLS/upconv_block0/upconv_block0/hls/.autopilot/db/upconv_core_top_ucb0.pp.0.cpp:15860:71: error: Invalid Directive: for current device, ROM_1P + LUTRAM is invalid combination for BIND_STORAGE's option 'type + impl' [clang-diagnostic-error]
#pragma HLS BIND_STORAGE variable=second_order_float::sin_cos_K0 type=ROM_1P impl=LUTRAM
                                                                      ^
/home/hoinguyen/Documents/Vitis/UpConv_HLS/upconv_block0/upconv_block0/hls/.autopilot/db/upconv_core_top_ucb0.pp.0.cpp:15861:71: error: Invalid Directive: for current device, ROM_1P + LUTRAM is invalid combination for BIND_STORAGE's option 'type + impl' [clang-diagnostic-error]
#pragma HLS BIND_STORAGE variable=second_order_float::sin_cos_K1 type=ROM_1P impl=LUTRAM
                                                                      ^
/home/hoinguyen/Documents/Vitis/UpConv_HLS/upconv_block0/upconv_block0/hls/.autopilot/db/upconv_core_top_ucb0.pp.0.cpp:15862:71: error: Invalid Directive: for current device, ROM_1P + LUTRAM is invalid combination for BIND_STORAGE's option 'type + impl' [clang-diagnostic-error]
#pragma HLS BIND_STORAGE variable=second_order_float::sin_cos_K2 type=ROM_1P impl=LUTRAM
                                                                      ^
/home/hoinguyen/Documents/Vitis/UpConv_HLS/upconv_block0/upconv_block0/hls/.autopilot/db/upconv_core_top_ucb0.pp.0.cpp:15889:67: error: Invalid Directive: for current device, ROM_1P + LUTRAM is invalid combination for BIND_STORAGE's option 'type + impl' [clang-diagnostic-error]
#pragma HLS BIND_STORAGE variable=second_order_float::cos_K0 type=ROM_1P impl=LUTRAM
                                                                  ^
/home/hoinguyen/Documents/Vitis/UpConv_HLS/upconv_block0/upconv_block0/hls/.autopilot/db/upconv_core_top_ucb0.pp.0.cpp:15890:67: error: Invalid Directive: for current device, ROM_1P + LUTRAM is invalid combination for BIND_STORAGE's option 'type + impl' [clang-diagnostic-error]
#pragma HLS BIND_STORAGE variable=second_order_float::cos_K1 type=ROM_1P impl=LUTRAM
                                                                  ^
/home/hoinguyen/Documents/Vitis/UpConv_HLS/upconv_block0/upconv_block0/hls/.autopilot/db/upconv_core_top_ucb0.pp.0.cpp:15891:67: error: Invalid Directive: for current device, ROM_1P + LUTRAM is invalid combination for BIND_STORAGE's option 'type + impl' [clang-diagnostic-error]
#pragma HLS BIND_STORAGE variable=second_order_float::cos_K2 type=ROM_1P impl=LUTRAM
                                                                  ^
/home/hoinguyen/Documents/Vitis/UpConv_HLS/upconv_block0/upconv_block0/hls/.autopilot/db/upconv_core_top_ucb0.pp.0.cpp:15892:67: error: Invalid Directive: for current device, ROM_1P + LUTRAM is invalid combination for BIND_STORAGE's option 'type + impl' [clang-diagnostic-error]
#pragma HLS BIND_STORAGE variable=second_order_float::sin_K0 type=ROM_1P impl=LUTRAM
                                                                  ^
/home/hoinguyen/Documents/Vitis/UpConv_HLS/upconv_block0/upconv_block0/hls/.autopilot/db/upconv_core_top_ucb0.pp.0.cpp:15893:67: error: Invalid Directive: for current device, ROM_1P + LUTRAM is invalid combination for BIND_STORAGE's option 'type + impl' [clang-diagnostic-error]
#pragma HLS BIND_STORAGE variable=second_order_float::sin_K1 type=ROM_1P impl=LUTRAM
                                                                  ^
/home/hoinguyen/Documents/Vitis/UpConv_HLS/upconv_block0/upconv_block0/hls/.autopilot/db/upconv_core_top_ucb0.pp.0.cpp:15894:67: error: Invalid Directive: for current device, ROM_1P + LUTRAM is invalid combination for BIND_STORAGE's option 'type + impl' [clang-diagnostic-error]
#pragma HLS BIND_STORAGE variable=second_order_float::sin_K2 type=ROM_1P impl=LUTRAM
                                                                  ^
/home/hoinguyen/Documents/Vitis/UpConv_HLS/upconv_block0/upconv_block0/hls/.autopilot/db/upconv_core_top_ucb0.pp.0.cpp:15930:73: error: Invalid Directive: for current device, ROM_1P + LUTRAM is invalid combination for BIND_STORAGE's option 'type + impl' [clang-diagnostic-error]
#pragma HLS BIND_STORAGE variable=first_order_fixed_16::sin_cos_K0 type=ROM_1P impl=LUTRAM
                                                                        ^
/home/hoinguyen/Documents/Vitis/UpConv_HLS/upconv_block0/upconv_block0/hls/.autopilot/db/upconv_core_top_ucb0.pp.0.cpp:15931:73: error: Invalid Directive: for current device, ROM_1P + LUTRAM is invalid combination for BIND_STORAGE's option 'type + impl' [clang-diagnostic-error]
#pragma HLS BIND_STORAGE variable=first_order_fixed_16::sin_cos_K1 type=ROM_1P impl=LUTRAM
                                                                        ^
/home/hoinguyen/Documents/Vitis/UpConv_HLS/upconv_block0/upconv_block0/hls/.autopilot/db/upconv_core_top_ucb0.pp.0.cpp:16205:5: warning: Added loop label VITIS_LOOP_61_1:   [xilinx-label-all-loops]
    for (int n=0; n<Nmax; n++){
    ^~~
    VITIS_LOOP_61_1: 
/home/hoinguyen/Documents/Vitis/UpConv_HLS/upconv_block0/upconv_block0/hls/.autopilot/db/upconv_core_top_ucb0.pp.0.cpp:16205:5: note: FIX-IT applied suggested code changes
/home/hoinguyen/Documents/Vitis/UpConv_HLS/upconv_block0/upconv_block0/hls/.autopilot/db/upconv_core_top_ucb0.pp.0.cpp:16251:5: warning: Added loop label VITIS_LOOP_117_1:   [xilinx-label-all-loops]
    for (int n=0; n<Nmax; n++){
    ^~~
    VITIS_LOOP_117_1: 
/home/hoinguyen/Documents/Vitis/UpConv_HLS/upconv_block0/upconv_block0/hls/.autopilot/db/upconv_core_top_ucb0.pp.0.cpp:16251:5: note: FIX-IT applied suggested code changes
/home/hoinguyen/Documents/Vitis/UpConv_HLS/upconv_block0/upconv_block0/hls/.autopilot/db/upconv_core_top_ucb0.pp.0.cpp:16414:9: warning: Added loop label VITIS_LOOP_289_1:   [xilinx-label-all-loops]
        for(int i=0;i<W-1;i++){
        ^~~
        VITIS_LOOP_289_1: 
/home/hoinguyen/Documents/Vitis/UpConv_HLS/upconv_block0/upconv_block0/hls/.autopilot/db/upconv_core_top_ucb0.pp.0.cpp:16414:9: note: FIX-IT applied suggested code changes
/home/hoinguyen/Documents/Vitis/UpConv_HLS/upconv_block0/upconv_block0/hls/.autopilot/db/upconv_core_top_ucb0.pp.0.cpp:16566:9: warning: Added loop label VITIS_LOOP_449_1:   [xilinx-label-all-loops]
        for(int i=0;i<W-1;i++){
        ^~~
        VITIS_LOOP_449_1: 
/home/hoinguyen/Documents/Vitis/UpConv_HLS/upconv_block0/upconv_block0/hls/.autopilot/db/upconv_core_top_ucb0.pp.0.cpp:16566:9: note: FIX-IT applied suggested code changes
/home/hoinguyen/Documents/Vitis/UpConv_HLS/upconv_block0/upconv_block0/hls/.autopilot/db/upconv_core_top_ucb0.pp.0.cpp:16746:5: warning: Added loop label VITIS_LOOP_629_1:   [xilinx-label-all-loops]
    for(int i=0;i<W+1;i++){
    ^~~
    VITIS_LOOP_629_1: 
/home/hoinguyen/Documents/Vitis/UpConv_HLS/upconv_block0/upconv_block0/hls/.autopilot/db/upconv_core_top_ucb0.pp.0.cpp:16746:5: note: FIX-IT applied suggested code changes
/home/hoinguyen/Documents/Vitis/UpConv_HLS/upconv_block0/upconv_block0/hls/.autopilot/db/upconv_core_top_ucb0.pp.0.cpp:16750:5: warning: Added loop label VITIS_LOOP_633_2:   [xilinx-label-all-loops]
    for(int i=0;i<W+1;i++){
    ^~~
    VITIS_LOOP_633_2: 
/home/hoinguyen/Documents/Vitis/UpConv_HLS/upconv_block0/upconv_block0/hls/.autopilot/db/upconv_core_top_ucb0.pp.0.cpp:16750:5: note: FIX-IT applied suggested code changes
/home/hoinguyen/Documents/Vitis/UpConv_HLS/upconv_block0/upconv_block0/hls/.autopilot/db/upconv_core_top_ucb0.pp.0.cpp:16860:5: warning: Added loop label VITIS_LOOP_743_1:   [xilinx-label-all-loops]
    for (int n=0; n<Nmax; n++){
    ^~~
    VITIS_LOOP_743_1: 
/home/hoinguyen/Documents/Vitis/UpConv_HLS/upconv_block0/upconv_block0/hls/.autopilot/db/upconv_core_top_ucb0.pp.0.cpp:16860:5: note: FIX-IT applied suggested code changes
/home/hoinguyen/Documents/Vitis/UpConv_HLS/upconv_block0/upconv_block0/hls/.autopilot/db/upconv_core_top_ucb0.pp.0.cpp:16950:7: warning: Added loop label VITIS_LOOP_840_1:   [xilinx-label-all-loops]
      for(int i=0;i<W-1;i++){
      ^~~
      VITIS_LOOP_840_1: 
/home/hoinguyen/Documents/Vitis/UpConv_HLS/upconv_block0/upconv_block0/hls/.autopilot/db/upconv_core_top_ucb0.pp.0.cpp:16950:7: note: FIX-IT applied suggested code changes
/home/hoinguyen/Documents/Vitis/UpConv_HLS/upconv_block0/upconv_block0/hls/.autopilot/db/upconv_core_top_ucb0.pp.0.cpp:16969:7: warning: Added loop label VITIS_LOOP_859_2:   [xilinx-label-all-loops]
      for(int i=0;i<W-1;i++){
      ^~~
      VITIS_LOOP_859_2: 
/home/hoinguyen/Documents/Vitis/UpConv_HLS/upconv_block0/upconv_block0/hls/.autopilot/db/upconv_core_top_ucb0.pp.0.cpp:16969:7: note: FIX-IT applied suggested code changes
/home/hoinguyen/Documents/Vitis/UpConv_HLS/upconv_block0/upconv_block0/hls/.autopilot/db/upconv_core_top_ucb0.pp.0.cpp:17259:5: warning: Added loop label VITIS_LOOP_1173_1:   [xilinx-label-all-loops]
    for(int i=0; i<Nmax; i++) {
    ^~~
    VITIS_LOOP_1173_1: 
/home/hoinguyen/Documents/Vitis/UpConv_HLS/upconv_block0/upconv_block0/hls/.autopilot/db/upconv_core_top_ucb0.pp.0.cpp:17259:5: note: FIX-IT applied suggested code changes
/home/hoinguyen/Documents/Vitis/UpConv_HLS/upconv_block0/upconv_block0/hls/.autopilot/db/upconv_core_top_ucb0.pp.0.cpp:17342:5: warning: Added loop label VITIS_LOOP_1256_1:   [xilinx-label-all-loops]
    for(int i=0; i<Nmax; i++) {
    ^~~
    VITIS_LOOP_1256_1: 
/home/hoinguyen/Documents/Vitis/UpConv_HLS/upconv_block0/upconv_block0/hls/.autopilot/db/upconv_core_top_ucb0.pp.0.cpp:17342:5: note: FIX-IT applied suggested code changes
/home/hoinguyen/Documents/Vitis/UpConv_HLS/upconv_block0/upconv_block0/hls/.autopilot/db/upconv_core_top_ucb0.pp.0.cpp:17748:13: warning: Added loop label VITIS_LOOP_68_1:   [xilinx-label-all-loops]
            for (int j = 3; j >= I_+1; j--) {
            ^~~
            VITIS_LOOP_68_1: 
/home/hoinguyen/Documents/Vitis/UpConv_HLS/upconv_block0/upconv_block0/hls/.autopilot/db/upconv_core_top_ucb0.pp.0.cpp:17748:13: note: FIX-IT applied suggested code changes
/home/hoinguyen/Documents/Vitis/UpConv_HLS/upconv_block0/upconv_block0/hls/.autopilot/db/upconv_core_top_ucb0.pp.0.cpp:17754:17: warning: Added loop label VITIS_LOOP_74_2:   [xilinx-label-all-loops]
                for (int j = 3; j >= I_+1; j--){
                ^~~
                VITIS_LOOP_74_2: 
/home/hoinguyen/Documents/Vitis/UpConv_HLS/upconv_block0/upconv_block0/hls/.autopilot/db/upconv_core_top_ucb0.pp.0.cpp:17754:17: note: FIX-IT applied suggested code changes
/home/hoinguyen/Documents/Vitis/UpConv_HLS/upconv_block0/upconv_block0/hls/.autopilot/db/upconv_core_top_ucb0.pp.0.cpp:17758:17: warning: Added loop label VITIS_LOOP_78_3:   [xilinx-label-all-loops]
                for (int j = I_; j >= 0; j--){
                ^~~
                VITIS_LOOP_78_3: 
/home/hoinguyen/Documents/Vitis/UpConv_HLS/upconv_block0/upconv_block0/hls/.autopilot/db/upconv_core_top_ucb0.pp.0.cpp:17758:17: note: FIX-IT applied suggested code changes
/home/hoinguyen/Documents/Vitis/UpConv_HLS/upconv_block0/upconv_block0/hls/.autopilot/db/upconv_core_top_ucb0.pp.0.cpp:17806:13: warning: Added loop label VITIS_LOOP_145_4:   [xilinx-label-all-loops]
            for (int j = 9; j >= I_+4; j--) {
            ^~~
            VITIS_LOOP_145_4: 
/home/hoinguyen/Documents/Vitis/UpConv_HLS/upconv_block0/upconv_block0/hls/.autopilot/db/upconv_core_top_ucb0.pp.0.cpp:17806:13: note: FIX-IT applied suggested code changes
/home/hoinguyen/Documents/Vitis/UpConv_HLS/upconv_block0/upconv_block0/hls/.autopilot/db/upconv_core_top_ucb0.pp.0.cpp:17812:17: warning: Added loop label VITIS_LOOP_151_5:   [xilinx-label-all-loops]
                for (int j = 9; j >= I_+4; j--){
                ^~~
                VITIS_LOOP_151_5: 
/home/hoinguyen/Documents/Vitis/UpConv_HLS/upconv_block0/upconv_block0/hls/.autopilot/db/upconv_core_top_ucb0.pp.0.cpp:17812:17: note: FIX-IT applied suggested code changes
/home/hoinguyen/Documents/Vitis/UpConv_HLS/upconv_block0/upconv_block0/hls/.autopilot/db/upconv_core_top_ucb0.pp.0.cpp:17816:17: warning: Added loop label VITIS_LOOP_155_6:   [xilinx-label-all-loops]
                for (int j = I_+3; j >= 0; j--){
                ^~~
                VITIS_LOOP_155_6: 
/home/hoinguyen/Documents/Vitis/UpConv_HLS/upconv_block0/upconv_block0/hls/.autopilot/db/upconv_core_top_ucb0.pp.0.cpp:17816:17: note: FIX-IT applied suggested code changes
/home/hoinguyen/Documents/Vitis/UpConv_HLS/upconv_block0/upconv_block0/hls/.autopilot/db/upconv_core_top_ucb0.pp.0.cpp:17831:9: warning: Added loop label VITIS_LOOP_170_7:   [xilinx-label-all-loops]
        for (int j = 14; j < 22; j++){
        ^~~
        VITIS_LOOP_170_7: 
/home/hoinguyen/Documents/Vitis/UpConv_HLS/upconv_block0/upconv_block0/hls/.autopilot/db/upconv_core_top_ucb0.pp.0.cpp:17831:9: note: FIX-IT applied suggested code changes
/home/hoinguyen/Documents/Vitis/UpConv_HLS/upconv_block0/upconv_block0/hls/.autopilot/db/upconv_core_top_ucb0.pp.0.cpp:17839:17: warning: Added loop label VITIS_LOOP_178_8:   [xilinx-label-all-loops]
                for (int j = 0; j < 22; j++){
                ^~~
                VITIS_LOOP_178_8: 
/home/hoinguyen/Documents/Vitis/UpConv_HLS/upconv_block0/upconv_block0/hls/.autopilot/db/upconv_core_top_ucb0.pp.0.cpp:17839:17: note: FIX-IT applied suggested code changes
/home/hoinguyen/Documents/Vitis/UpConv_HLS/upconv_block0/upconv_block0/hls/.autopilot/db/upconv_core_top_ucb0.pp.0.cpp:17904:13: warning: Added loop label VITIS_LOOP_243_9:   [xilinx-label-all-loops]
            for (int j = 21; j >= I_+10; j--) {
            ^~~
            VITIS_LOOP_243_9: 
/home/hoinguyen/Documents/Vitis/UpConv_HLS/upconv_block0/upconv_block0/hls/.autopilot/db/upconv_core_top_ucb0.pp.0.cpp:17904:13: note: FIX-IT applied suggested code changes
/home/hoinguyen/Documents/Vitis/UpConv_HLS/upconv_block0/upconv_block0/hls/.autopilot/db/upconv_core_top_ucb0.pp.0.cpp:17910:17: warning: Added loop label VITIS_LOOP_249_10:   [xilinx-label-all-loops]
                for (int j = 21; j >= I_+10; j--) {
                ^~~
                VITIS_LOOP_249_10: 
/home/hoinguyen/Documents/Vitis/UpConv_HLS/upconv_block0/upconv_block0/hls/.autopilot/db/upconv_core_top_ucb0.pp.0.cpp:17910:17: note: FIX-IT applied suggested code changes
/home/hoinguyen/Documents/Vitis/UpConv_HLS/upconv_block0/upconv_block0/hls/.autopilot/db/upconv_core_top_ucb0.pp.0.cpp:17914:17: warning: Added loop label VITIS_LOOP_253_11:   [xilinx-label-all-loops]
                for (int j = I_+9; j >= 0; j--) {
                ^~~
                VITIS_LOOP_253_11: 
/home/hoinguyen/Documents/Vitis/UpConv_HLS/upconv_block0/upconv_block0/hls/.autopilot/db/upconv_core_top_ucb0.pp.0.cpp:17914:17: note: FIX-IT applied suggested code changes
/home/hoinguyen/Documents/Vitis/UpConv_HLS/upconv_block0/upconv_block0/hls/.autopilot/db/upconv_core_top_ucb0.pp.0.cpp:17929:9: warning: Added loop label VITIS_LOOP_268_12:   [xilinx-label-all-loops]
        for (int j = 27; j < 46; j++){
        ^~~
        VITIS_LOOP_268_12: 
/home/hoinguyen/Documents/Vitis/UpConv_HLS/upconv_block0/upconv_block0/hls/.autopilot/db/upconv_core_top_ucb0.pp.0.cpp:17929:9: note: FIX-IT applied suggested code changes
/home/hoinguyen/Documents/Vitis/UpConv_HLS/upconv_block0/upconv_block0/hls/.autopilot/db/upconv_core_top_ucb0.pp.0.cpp:17937:17: warning: Added loop label VITIS_LOOP_276_13:   [xilinx-label-all-loops]
                for (int j = 0; j < 46; j++) {
                ^~~
                VITIS_LOOP_276_13: 
/home/hoinguyen/Documents/Vitis/UpConv_HLS/upconv_block0/upconv_block0/hls/.autopilot/db/upconv_core_top_ucb0.pp.0.cpp:17937:17: note: FIX-IT applied suggested code changes
/home/hoinguyen/Documents/Vitis/UpConv_HLS/upconv_block0/upconv_block0/hls/.autopilot/db/upconv_core_top_ucb0.pp.0.cpp:18166:13: warning: Added loop label VITIS_LOOP_505_14:   [xilinx-label-all-loops]
            for (int j = 45; j >= I_+22; j--) {
            ^~~
            VITIS_LOOP_505_14: 
/home/hoinguyen/Documents/Vitis/UpConv_HLS/upconv_block0/upconv_block0/hls/.autopilot/db/upconv_core_top_ucb0.pp.0.cpp:18166:13: note: FIX-IT applied suggested code changes
/home/hoinguyen/Documents/Vitis/UpConv_HLS/upconv_block0/upconv_block0/hls/.autopilot/db/upconv_core_top_ucb0.pp.0.cpp:18172:17: warning: Added loop label VITIS_LOOP_511_15:   [xilinx-label-all-loops]
                for (int j = 45; j >= I_+22; j--){
                ^~~
                VITIS_LOOP_511_15: 
/home/hoinguyen/Documents/Vitis/UpConv_HLS/upconv_block0/upconv_block0/hls/.autopilot/db/upconv_core_top_ucb0.pp.0.cpp:18172:17: note: FIX-IT applied suggested code changes
/home/hoinguyen/Documents/Vitis/UpConv_HLS/upconv_block0/upconv_block0/hls/.autopilot/db/upconv_core_top_ucb0.pp.0.cpp:18176:17: warning: Added loop label VITIS_LOOP_515_16:   [xilinx-label-all-loops]
                for (int j = I_+21; j >= 0; j--) {
                ^~~
                VITIS_LOOP_515_16: 
/home/hoinguyen/Documents/Vitis/UpConv_HLS/upconv_block0/upconv_block0/hls/.autopilot/db/upconv_core_top_ucb0.pp.0.cpp:18176:17: note: FIX-IT applied suggested code changes
/home/hoinguyen/Documents/Vitis/UpConv_HLS/upconv_block0/upconv_block0/hls/.autopilot/db/upconv_core_top_ucb0.pp.0.cpp:18186:9: warning: Added loop label VITIS_LOOP_525_17:   [xilinx-label-all-loops]
        for (int j = 32-F_; j < 32+I_; j++){
        ^~~
        VITIS_LOOP_525_17: 
/home/hoinguyen/Documents/Vitis/UpConv_HLS/upconv_block0/upconv_block0/hls/.autopilot/db/upconv_core_top_ucb0.pp.0.cpp:18186:9: note: FIX-IT applied suggested code changes
/home/hoinguyen/Documents/Vitis/UpConv_HLS/upconv_block0/upconv_block0/hls/.autopilot/db/upconv_core_top_ucb0.pp.0.cpp:18190:9: warning: Added loop label VITIS_LOOP_529_18:   [xilinx-label-all-loops]
        for (int j = 32+I_; j <= 64; j++){
        ^~~
        VITIS_LOOP_529_18: 
/home/hoinguyen/Documents/Vitis/UpConv_HLS/upconv_block0/upconv_block0/hls/.autopilot/db/upconv_core_top_ucb0.pp.0.cpp:18190:9: note: FIX-IT applied suggested code changes
/home/hoinguyen/Documents/Vitis/UpConv_HLS/upconv_block0/upconv_block0/hls/.autopilot/db/upconv_core_top_ucb0.pp.0.cpp:18200:9: warning: Added loop label VITIS_LOOP_539_19:   [xilinx-label-all-loops]
        for (int j = 37; j < 64; j++) {
        ^~~
        VITIS_LOOP_539_19: 
/home/hoinguyen/Documents/Vitis/UpConv_HLS/upconv_block0/upconv_block0/hls/.autopilot/db/upconv_core_top_ucb0.pp.0.cpp:18200:9: note: FIX-IT applied suggested code changes
/home/hoinguyen/Documents/Vitis/UpConv_HLS/upconv_block0/upconv_block0/hls/.autopilot/db/upconv_core_top_ucb0.pp.0.cpp:18208:17: warning: Added loop label VITIS_LOOP_547_20:   [xilinx-label-all-loops]
                for (int j = 0; j < 64; j++){
                ^~~
                VITIS_LOOP_547_20: 
/home/hoinguyen/Documents/Vitis/UpConv_HLS/upconv_block0/upconv_block0/hls/.autopilot/db/upconv_core_top_ucb0.pp.0.cpp:18208:17: note: FIX-IT applied suggested code changes
/home/hoinguyen/Documents/Vitis/UpConv_HLS/upconv_block0/upconv_block0/hls/.autopilot/db/upconv_core_top_ucb0.pp.0.cpp:18569:13: warning: Added loop label VITIS_LOOP_908_21:   [xilinx-label-all-loops]
            for (int j = 63; j >= I_+31; j--) {
            ^~~
            VITIS_LOOP_908_21: 
/home/hoinguyen/Documents/Vitis/UpConv_HLS/upconv_block0/upconv_block0/hls/.autopilot/db/upconv_core_top_ucb0.pp.0.cpp:18569:13: note: FIX-IT applied suggested code changes
/home/hoinguyen/Documents/Vitis/UpConv_HLS/upconv_block0/upconv_block0/hls/.autopilot/db/upconv_core_top_ucb0.pp.0.cpp:18575:17: warning: Added loop label VITIS_LOOP_914_22:   [xilinx-label-all-loops]
                for (int j = 63; j >= I_+31; j--) {
                ^~~
                VITIS_LOOP_914_22: 
/home/hoinguyen/Documents/Vitis/UpConv_HLS/upconv_block0/upconv_block0/hls/.autopilot/db/upconv_core_top_ucb0.pp.0.cpp:18575:17: note: FIX-IT applied suggested code changes
/home/hoinguyen/Documents/Vitis/UpConv_HLS/upconv_block0/upconv_block0/hls/.autopilot/db/upconv_core_top_ucb0.pp.0.cpp:18579:17: warning: Added loop label VITIS_LOOP_918_23:   [xilinx-label-all-loops]
                for (int j = I_+30; j >= 0; j--) {
                ^~~
                VITIS_LOOP_918_23: 
/home/hoinguyen/Documents/Vitis/UpConv_HLS/upconv_block0/upconv_block0/hls/.autopilot/db/upconv_core_top_ucb0.pp.0.cpp:18579:17: note: FIX-IT applied suggested code changes
/home/hoinguyen/Documents/Vitis/UpConv_HLS/upconv_block0/upconv_block0/hls/.autopilot/db/upconv_core_top_ucb0.pp.0.cpp:18695:13: warning: Added loop label VITIS_LOOP_1034_1:   [xilinx-label-all-loops]
            for (int j = 4; j >= I_+1; j--) {
            ^~~
            VITIS_LOOP_1034_1: 
/home/hoinguyen/Documents/Vitis/UpConv_HLS/upconv_block0/upconv_block0/hls/.autopilot/db/upconv_core_top_ucb0.pp.0.cpp:18695:13: note: FIX-IT applied suggested code changes
/home/hoinguyen/Documents/Vitis/UpConv_HLS/upconv_block0/upconv_block0/hls/.autopilot/db/upconv_core_top_ucb0.pp.0.cpp:18701:17: warning: Added loop label VITIS_LOOP_1040_2:   [xilinx-label-all-loops]
                for (int j = 4; j >= I_+1; j--) {
                ^~~
                VITIS_LOOP_1040_2: 
/home/hoinguyen/Documents/Vitis/UpConv_HLS/upconv_block0/upconv_block0/hls/.autopilot/db/upconv_core_top_ucb0.pp.0.cpp:18701:17: note: FIX-IT applied suggested code changes
/home/hoinguyen/Documents/Vitis/UpConv_HLS/upconv_block0/upconv_block0/hls/.autopilot/db/upconv_core_top_ucb0.pp.0.cpp:18705:17: warning: Added loop label VITIS_LOOP_1044_3:   [xilinx-label-all-loops]
                for (int j = I_; j >= 0; j--) {
                ^~~
                VITIS_LOOP_1044_3: 
/home/hoinguyen/Documents/Vitis/UpConv_HLS/upconv_block0/upconv_block0/hls/.autopilot/db/upconv_core_top_ucb0.pp.0.cpp:18705:17: note: FIX-IT applied suggested code changes
/home/hoinguyen/Documents/Vitis/UpConv_HLS/upconv_block0/upconv_block0/hls/.autopilot/db/upconv_core_top_ucb0.pp.0.cpp:18792:13: warning: Added loop label VITIS_LOOP_1131_4:   [xilinx-label-all-loops]
            for (int j = 10; j >= I_+4; j--) {
            ^~~
            VITIS_LOOP_1131_4: 
/home/hoinguyen/Documents/Vitis/UpConv_HLS/upconv_block0/upconv_block0/hls/.autopilot/db/upconv_core_top_ucb0.pp.0.cpp:18792:13: note: FIX-IT applied suggested code changes
/home/hoinguyen/Documents/Vitis/UpConv_HLS/upconv_block0/upconv_block0/hls/.autopilot/db/upconv_core_top_ucb0.pp.0.cpp:18798:17: warning: Added loop label VITIS_LOOP_1137_5:   [xilinx-label-all-loops]
                for (int j = 10; j >= I_+4; j--) {
                ^~~
                VITIS_LOOP_1137_5: 
/home/hoinguyen/Documents/Vitis/UpConv_HLS/upconv_block0/upconv_block0/hls/.autopilot/db/upconv_core_top_ucb0.pp.0.cpp:18798:17: note: FIX-IT applied suggested code changes
/home/hoinguyen/Documents/Vitis/UpConv_HLS/upconv_block0/upconv_block0/hls/.autopilot/db/upconv_core_top_ucb0.pp.0.cpp:18802:17: warning: Added loop label VITIS_LOOP_1141_6:   [xilinx-label-all-loops]
                for (int j = I_+3; j >= 0; j--) {
                ^~~
                VITIS_LOOP_1141_6: 
/home/hoinguyen/Documents/Vitis/UpConv_HLS/upconv_block0/upconv_block0/hls/.autopilot/db/upconv_core_top_ucb0.pp.0.cpp:18802:17: note: FIX-IT applied suggested code changes
/home/hoinguyen/Documents/Vitis/UpConv_HLS/upconv_block0/upconv_block0/hls/.autopilot/db/upconv_core_top_ucb0.pp.0.cpp:18821:9: warning: Added loop label VITIS_LOOP_1160_7:   [xilinx-label-all-loops]
        for (int j = wf+3; j < w-1; j++) {
        ^~~
        VITIS_LOOP_1160_7: 
/home/hoinguyen/Documents/Vitis/UpConv_HLS/upconv_block0/upconv_block0/hls/.autopilot/db/upconv_core_top_ucb0.pp.0.cpp:18821:9: note: FIX-IT applied suggested code changes
/home/hoinguyen/Documents/Vitis/UpConv_HLS/upconv_block0/upconv_block0/hls/.autopilot/db/upconv_core_top_ucb0.pp.0.cpp:18828:17: warning: Added loop label VITIS_LOOP_1167_8:   [xilinx-label-all-loops]
                for (int j = 0; j < 22; j++) {
                ^~~
                VITIS_LOOP_1167_8: 
/home/hoinguyen/Documents/Vitis/UpConv_HLS/upconv_block0/upconv_block0/hls/.autopilot/db/upconv_core_top_ucb0.pp.0.cpp:18828:17: note: FIX-IT applied suggested code changes
/home/hoinguyen/Documents/Vitis/UpConv_HLS/upconv_block0/upconv_block0/hls/.autopilot/db/upconv_core_top_ucb0.pp.0.cpp:18944:13: warning: Added loop label VITIS_LOOP_1283_9:   [xilinx-label-all-loops]
            for (int j = 22; j >= I_+10; j--) {
            ^~~
            VITIS_LOOP_1283_9: 
/home/hoinguyen/Documents/Vitis/UpConv_HLS/upconv_block0/upconv_block0/hls/.autopilot/db/upconv_core_top_ucb0.pp.0.cpp:18944:13: note: FIX-IT applied suggested code changes
/home/hoinguyen/Documents/Vitis/UpConv_HLS/upconv_block0/upconv_block0/hls/.autopilot/db/upconv_core_top_ucb0.pp.0.cpp:18950:17: warning: Added loop label VITIS_LOOP_1289_10:   [xilinx-label-all-loops]
                for (int j = 22; j >= I_+10; j--){
                ^~~
                VITIS_LOOP_1289_10: 
/home/hoinguyen/Documents/Vitis/UpConv_HLS/upconv_block0/upconv_block0/hls/.autopilot/db/upconv_core_top_ucb0.pp.0.cpp:18950:17: note: FIX-IT applied suggested code changes
/home/hoinguyen/Documents/Vitis/UpConv_HLS/upconv_block0/upconv_block0/hls/.autopilot/db/upconv_core_top_ucb0.pp.0.cpp:18954:17: warning: Added loop label VITIS_LOOP_1293_11:   [xilinx-label-all-loops]
                for (int j = I_+9; j >= 0; j--) {
                ^~~
                VITIS_LOOP_1293_11: 
/home/hoinguyen/Documents/Vitis/UpConv_HLS/upconv_block0/upconv_block0/hls/.autopilot/db/upconv_core_top_ucb0.pp.0.cpp:18954:17: note: FIX-IT applied suggested code changes
/home/hoinguyen/Documents/Vitis/UpConv_HLS/upconv_block0/upconv_block0/hls/.autopilot/db/upconv_core_top_ucb0.pp.0.cpp:18974:9: warning: Added loop label VITIS_LOOP_1313_12:   [xilinx-label-all-loops]
        for (int j = wf+4; j < w-1; j++){
        ^~~
        VITIS_LOOP_1313_12: 
/home/hoinguyen/Documents/Vitis/UpConv_HLS/upconv_block0/upconv_block0/hls/.autopilot/db/upconv_core_top_ucb0.pp.0.cpp:18974:9: note: FIX-IT applied suggested code changes
/home/hoinguyen/Documents/Vitis/UpConv_HLS/upconv_block0/upconv_block0/hls/.autopilot/db/upconv_core_top_ucb0.pp.0.cpp:18981:17: warning: Added loop label VITIS_LOOP_1320_13:   [xilinx-label-all-loops]
                for (int j = 0; j < 46; j++) {
                ^~~
                VITIS_LOOP_1320_13: 
/home/hoinguyen/Documents/Vitis/UpConv_HLS/upconv_block0/upconv_block0/hls/.autopilot/db/upconv_core_top_ucb0.pp.0.cpp:18981:17: note: FIX-IT applied suggested code changes
/home/hoinguyen/Documents/Vitis/UpConv_HLS/upconv_block0/upconv_block0/hls/.autopilot/db/upconv_core_top_ucb0.pp.0.cpp:19243:13: warning: Added loop label VITIS_LOOP_1582_14:   [xilinx-label-all-loops]
            for (int j = 46; j >= I_+22; j--) {
            ^~~
            VITIS_LOOP_1582_14: 
/home/hoinguyen/Documents/Vitis/UpConv_HLS/upconv_block0/upconv_block0/hls/.autopilot/db/upconv_core_top_ucb0.pp.0.cpp:19243:13: note: FIX-IT applied suggested code changes
/home/hoinguyen/Documents/Vitis/UpConv_HLS/upconv_block0/upconv_block0/hls/.autopilot/db/upconv_core_top_ucb0.pp.0.cpp:19249:17: warning: Added loop label VITIS_LOOP_1588_15:   [xilinx-label-all-loops]
                for (int j = 46; j >= I_+22; j--) {
                ^~~
                VITIS_LOOP_1588_15: 
/home/hoinguyen/Documents/Vitis/UpConv_HLS/upconv_block0/upconv_block0/hls/.autopilot/db/upconv_core_top_ucb0.pp.0.cpp:19249:17: note: FIX-IT applied suggested code changes
/home/hoinguyen/Documents/Vitis/UpConv_HLS/upconv_block0/upconv_block0/hls/.autopilot/db/upconv_core_top_ucb0.pp.0.cpp:19253:17: warning: Added loop label VITIS_LOOP_1592_16:   [xilinx-label-all-loops]
                for (int j = I_+21; j >= 0; j--) {
                ^~~
                VITIS_LOOP_1592_16: 
/home/hoinguyen/Documents/Vitis/UpConv_HLS/upconv_block0/upconv_block0/hls/.autopilot/db/upconv_core_top_ucb0.pp.0.cpp:19253:17: note: FIX-IT applied suggested code changes
/home/hoinguyen/Documents/Vitis/UpConv_HLS/upconv_block0/upconv_block0/hls/.autopilot/db/upconv_core_top_ucb0.pp.0.cpp:19277:9: warning: Added loop label VITIS_LOOP_1616_17:   [xilinx-label-all-loops]
        for (int j = wf+5; j < w-1; j++){
        ^~~
        VITIS_LOOP_1616_17: 
/home/hoinguyen/Documents/Vitis/UpConv_HLS/upconv_block0/upconv_block0/hls/.autopilot/db/upconv_core_top_ucb0.pp.0.cpp:19277:9: note: FIX-IT applied suggested code changes
/home/hoinguyen/Documents/Vitis/UpConv_HLS/upconv_block0/upconv_block0/hls/.autopilot/db/upconv_core_top_ucb0.pp.0.cpp:19284:17: warning: Added loop label VITIS_LOOP_1623_18:   [xilinx-label-all-loops]
                for (int j = 0; j < 64; j++) {
                ^~~
                VITIS_LOOP_1623_18: 
/home/hoinguyen/Documents/Vitis/UpConv_HLS/upconv_block0/upconv_block0/hls/.autopilot/db/upconv_core_top_ucb0.pp.0.cpp:19284:17: note: FIX-IT applied suggested code changes
/home/hoinguyen/Documents/Vitis/UpConv_HLS/upconv_block0/upconv_block0/hls/.autopilot/db/upconv_core_top_ucb0.pp.0.cpp:19714:13: warning: Added loop label VITIS_LOOP_2053_19:   [xilinx-label-all-loops]
            for (int j = 64; j >= I_+31; j--) {
            ^~~
            VITIS_LOOP_2053_19: 
/home/hoinguyen/Documents/Vitis/UpConv_HLS/upconv_block0/upconv_block0/hls/.autopilot/db/upconv_core_top_ucb0.pp.0.cpp:19714:13: note: FIX-IT applied suggested code changes
/home/hoinguyen/Documents/Vitis/UpConv_HLS/upconv_block0/upconv_block0/hls/.autopilot/db/upconv_core_top_ucb0.pp.0.cpp:19720:17: warning: Added loop label VITIS_LOOP_2059_20:   [xilinx-label-all-loops]
                for (int j = 64; j >= I_+31; j--) {
                ^~~
                VITIS_LOOP_2059_20: 
/home/hoinguyen/Documents/Vitis/UpConv_HLS/upconv_block0/upconv_block0/hls/.autopilot/db/upconv_core_top_ucb0.pp.0.cpp:19720:17: note: FIX-IT applied suggested code changes
/home/hoinguyen/Documents/Vitis/UpConv_HLS/upconv_block0/upconv_block0/hls/.autopilot/db/upconv_core_top_ucb0.pp.0.cpp:19724:17: warning: Added loop label VITIS_LOOP_2063_21:   [xilinx-label-all-loops]
                for (int j = I_+30; j >= 0; j--) {
                ^~~
                VITIS_LOOP_2063_21: 
/home/hoinguyen/Documents/Vitis/UpConv_HLS/upconv_block0/upconv_block0/hls/.autopilot/db/upconv_core_top_ucb0.pp.0.cpp:19724:17: note: FIX-IT applied suggested code changes
/home/hoinguyen/Documents/Vitis/UpConv_HLS/upconv_block0/upconv_block0/hls/.autopilot/db/upconv_core_top_ucb0.pp.0.cpp:19854:13: warning: Added loop label VITIS_LOOP_2193_1:   [xilinx-label-all-loops]
            for(int j=3; j>=I+1; j--) {
            ^~~
            VITIS_LOOP_2193_1: 
/home/hoinguyen/Documents/Vitis/UpConv_HLS/upconv_block0/upconv_block0/hls/.autopilot/db/upconv_core_top_ucb0.pp.0.cpp:19854:13: note: FIX-IT applied suggested code changes
/home/hoinguyen/Documents/Vitis/UpConv_HLS/upconv_block0/upconv_block0/hls/.autopilot/db/upconv_core_top_ucb0.pp.0.cpp:19861:17: warning: Added loop label VITIS_LOOP_2200_2:   [xilinx-label-all-loops]
                for(int j=3; j>=I+1; j--) {
                ^~~
                VITIS_LOOP_2200_2: 
/home/hoinguyen/Documents/Vitis/UpConv_HLS/upconv_block0/upconv_block0/hls/.autopilot/db/upconv_core_top_ucb0.pp.0.cpp:19861:17: note: FIX-IT applied suggested code changes
/home/hoinguyen/Documents/Vitis/UpConv_HLS/upconv_block0/upconv_block0/hls/.autopilot/db/upconv_core_top_ucb0.pp.0.cpp:19865:17: warning: Added loop label VITIS_LOOP_2204_3:   [xilinx-label-all-loops]
                for(int j=I; j>=0; j--) {
                ^~~
                VITIS_LOOP_2204_3: 
/home/hoinguyen/Documents/Vitis/UpConv_HLS/upconv_block0/upconv_block0/hls/.autopilot/db/upconv_core_top_ucb0.pp.0.cpp:19865:17: note: FIX-IT applied suggested code changes
/home/hoinguyen/Documents/Vitis/UpConv_HLS/upconv_block0/upconv_block0/hls/.autopilot/db/upconv_core_top_ucb0.pp.0.cpp:19912:13: warning: Added loop label VITIS_LOOP_2251_4:   [xilinx-label-all-loops]
            for(int j=7; j>=3+I; j--) {
            ^~~
            VITIS_LOOP_2251_4: 
/home/hoinguyen/Documents/Vitis/UpConv_HLS/upconv_block0/upconv_block0/hls/.autopilot/db/upconv_core_top_ucb0.pp.0.cpp:19912:13: note: FIX-IT applied suggested code changes
/home/hoinguyen/Documents/Vitis/UpConv_HLS/upconv_block0/upconv_block0/hls/.autopilot/db/upconv_core_top_ucb0.pp.0.cpp:19919:17: warning: Added loop label VITIS_LOOP_2258_5:   [xilinx-label-all-loops]
                for(int j=7; j>=3+I; j--) {
                ^~~
                VITIS_LOOP_2258_5: 
/home/hoinguyen/Documents/Vitis/UpConv_HLS/upconv_block0/upconv_block0/hls/.autopilot/db/upconv_core_top_ucb0.pp.0.cpp:19919:17: note: FIX-IT applied suggested code changes
/home/hoinguyen/Documents/Vitis/UpConv_HLS/upconv_block0/upconv_block0/hls/.autopilot/db/upconv_core_top_ucb0.pp.0.cpp:19923:17: warning: Added loop label VITIS_LOOP_2262_6:   [xilinx-label-all-loops]
                for(int j=I+2; j>=0; j--) {
                ^~~
                VITIS_LOOP_2262_6: 
/home/hoinguyen/Documents/Vitis/UpConv_HLS/upconv_block0/upconv_block0/hls/.autopilot/db/upconv_core_top_ucb0.pp.0.cpp:19923:17: note: FIX-IT applied suggested code changes
/home/hoinguyen/Documents/Vitis/UpConv_HLS/upconv_block0/upconv_block0/hls/.autopilot/db/upconv_core_top_ucb0.pp.0.cpp:19941:9: warning: Added loop label VITIS_LOOP_2280_7:   [xilinx-label-all-loops]
        for(int j=11; j<16; j++) {
        ^~~
        VITIS_LOOP_2280_7: 
/home/hoinguyen/Documents/Vitis/UpConv_HLS/upconv_block0/upconv_block0/hls/.autopilot/db/upconv_core_top_ucb0.pp.0.cpp:19941:9: note: FIX-IT applied suggested code changes
/home/hoinguyen/Documents/Vitis/UpConv_HLS/upconv_block0/upconv_block0/hls/.autopilot/db/upconv_core_top_ucb0.pp.0.cpp:19996:13: warning: Added loop label VITIS_LOOP_2335_8:   [xilinx-label-all-loops]
            for(int j=15; j>=7+I; j--) {
            ^~~
            VITIS_LOOP_2335_8: 
/home/hoinguyen/Documents/Vitis/UpConv_HLS/upconv_block0/upconv_block0/hls/.autopilot/db/upconv_core_top_ucb0.pp.0.cpp:19996:13: note: FIX-IT applied suggested code changes
/home/hoinguyen/Documents/Vitis/UpConv_HLS/upconv_block0/upconv_block0/hls/.autopilot/db/upconv_core_top_ucb0.pp.0.cpp:20003:17: warning: Added loop label VITIS_LOOP_2342_9:   [xilinx-label-all-loops]
                for(int j=15; j>=7+I; j--) {
                ^~~
                VITIS_LOOP_2342_9: 
/home/hoinguyen/Documents/Vitis/UpConv_HLS/upconv_block0/upconv_block0/hls/.autopilot/db/upconv_core_top_ucb0.pp.0.cpp:20003:17: note: FIX-IT applied suggested code changes
/home/hoinguyen/Documents/Vitis/UpConv_HLS/upconv_block0/upconv_block0/hls/.autopilot/db/upconv_core_top_ucb0.pp.0.cpp:20007:17: warning: Added loop label VITIS_LOOP_2346_10:   [xilinx-label-all-loops]
                for(int j=6+I; j>=0; j--) {
                ^~~
                VITIS_LOOP_2346_10: 
/home/hoinguyen/Documents/Vitis/UpConv_HLS/upconv_block0/upconv_block0/hls/.autopilot/db/upconv_core_top_ucb0.pp.0.cpp:20007:17: note: FIX-IT applied suggested code changes
/home/hoinguyen/Documents/Vitis/UpConv_HLS/upconv_block0/upconv_block0/hls/.autopilot/db/upconv_core_top_ucb0.pp.0.cpp:20025:9: warning: Added loop label VITIS_LOOP_2364_11:   [xilinx-label-all-loops]
        for(int j=20; j<32; j++) {
        ^~~
        VITIS_LOOP_2364_11: 
/home/hoinguyen/Documents/Vitis/UpConv_HLS/upconv_block0/upconv_block0/hls/.autopilot/db/upconv_core_top_ucb0.pp.0.cpp:20025:9: note: FIX-IT applied suggested code changes
/home/hoinguyen/Documents/Vitis/UpConv_HLS/upconv_block0/upconv_block0/hls/.autopilot/db/upconv_core_top_ucb0.pp.0.cpp:20114:13: warning: Added loop label VITIS_LOOP_2453_12:   [xilinx-label-all-loops]
            for(int j=31; j>=I+15; j--) {
            ^~~
            VITIS_LOOP_2453_12: 
/home/hoinguyen/Documents/Vitis/UpConv_HLS/upconv_block0/upconv_block0/hls/.autopilot/db/upconv_core_top_ucb0.pp.0.cpp:20114:13: note: FIX-IT applied suggested code changes
/home/hoinguyen/Documents/Vitis/UpConv_HLS/upconv_block0/upconv_block0/hls/.autopilot/db/upconv_core_top_ucb0.pp.0.cpp:20121:17: warning: Added loop label VITIS_LOOP_2460_13:   [xilinx-label-all-loops]
                for(int j=31; j>=I+15; j--) {
                ^~~
                VITIS_LOOP_2460_13: 
/home/hoinguyen/Documents/Vitis/UpConv_HLS/upconv_block0/upconv_block0/hls/.autopilot/db/upconv_core_top_ucb0.pp.0.cpp:20121:17: note: FIX-IT applied suggested code changes
/home/hoinguyen/Documents/Vitis/UpConv_HLS/upconv_block0/upconv_block0/hls/.autopilot/db/upconv_core_top_ucb0.pp.0.cpp:20125:17: warning: Added loop label VITIS_LOOP_2464_14:   [xilinx-label-all-loops]
                for(int j=I+14; j>=0; j--) {
                ^~~
                VITIS_LOOP_2464_14: 
/home/hoinguyen/Documents/Vitis/UpConv_HLS/upconv_block0/upconv_block0/hls/.autopilot/db/upconv_core_top_ucb0.pp.0.cpp:20125:17: note: FIX-IT applied suggested code changes
/home/hoinguyen/Documents/Vitis/UpConv_HLS/upconv_block0/upconv_block0/hls/.autopilot/db/upconv_core_top_ucb0.pp.0.cpp:20135:9: warning: Added loop label VITIS_LOOP_2474_15:   [xilinx-label-all-loops]
        for(int j=32-F; j<32+I; j++) {
        ^~~
        VITIS_LOOP_2474_15: 
/home/hoinguyen/Documents/Vitis/UpConv_HLS/upconv_block0/upconv_block0/hls/.autopilot/db/upconv_core_top_ucb0.pp.0.cpp:20135:9: note: FIX-IT applied suggested code changes
/home/hoinguyen/Documents/Vitis/UpConv_HLS/upconv_block0/upconv_block0/hls/.autopilot/db/upconv_core_top_ucb0.pp.0.cpp:20139:9: warning: Added loop label VITIS_LOOP_2478_16:   [xilinx-label-all-loops]
        for(int j=32+I; j<=64; j++) {
        ^~~
        VITIS_LOOP_2478_16: 
/home/hoinguyen/Documents/Vitis/UpConv_HLS/upconv_block0/upconv_block0/hls/.autopilot/db/upconv_core_top_ucb0.pp.0.cpp:20139:9: note: FIX-IT applied suggested code changes
/home/hoinguyen/Documents/Vitis/UpConv_HLS/upconv_block0/upconv_block0/hls/.autopilot/db/upconv_core_top_ucb0.pp.0.cpp:20150:9: warning: Added loop label VITIS_LOOP_2489_17:   [xilinx-label-all-loops]
        for(int j=37; j<64; j++) {
        ^~~
        VITIS_LOOP_2489_17: 
/home/hoinguyen/Documents/Vitis/UpConv_HLS/upconv_block0/upconv_block0/hls/.autopilot/db/upconv_core_top_ucb0.pp.0.cpp:20150:9: note: FIX-IT applied suggested code changes
/home/hoinguyen/Documents/Vitis/UpConv_HLS/upconv_block0/upconv_block0/hls/.autopilot/db/upconv_core_top_ucb0.pp.0.cpp:20158:17: warning: Added loop label VITIS_LOOP_2497_18:   [xilinx-label-all-loops]
                for(int j=0; j<64; j++) {
                ^~~
                VITIS_LOOP_2497_18: 
/home/hoinguyen/Documents/Vitis/UpConv_HLS/upconv_block0/upconv_block0/hls/.autopilot/db/upconv_core_top_ucb0.pp.0.cpp:20158:17: note: FIX-IT applied suggested code changes
/home/hoinguyen/Documents/Vitis/UpConv_HLS/upconv_block0/upconv_block0/hls/.autopilot/db/upconv_core_top_ucb0.pp.0.cpp:20483:13: warning: Added loop label VITIS_LOOP_2822_19:   [xilinx-label-all-loops]
            for(int j=63; j>=I+31; j--) {
            ^~~
            VITIS_LOOP_2822_19: 
/home/hoinguyen/Documents/Vitis/UpConv_HLS/upconv_block0/upconv_block0/hls/.autopilot/db/upconv_core_top_ucb0.pp.0.cpp:20483:13: note: FIX-IT applied suggested code changes
/home/hoinguyen/Documents/Vitis/UpConv_HLS/upconv_block0/upconv_block0/hls/.autopilot/db/upconv_core_top_ucb0.pp.0.cpp:20490:17: warning: Added loop label VITIS_LOOP_2829_20:   [xilinx-label-all-loops]
                for(int j=63; j>=I+31; j--) {
                ^~~
                VITIS_LOOP_2829_20: 
/home/hoinguyen/Documents/Vitis/UpConv_HLS/upconv_block0/upconv_block0/hls/.autopilot/db/upconv_core_top_ucb0.pp.0.cpp:20490:17: note: FIX-IT applied suggested code changes
/home/hoinguyen/Documents/Vitis/UpConv_HLS/upconv_block0/upconv_block0/hls/.autopilot/db/upconv_core_top_ucb0.pp.0.cpp:20494:17: warning: Added loop label VITIS_LOOP_2833_21:   [xilinx-label-all-loops]
                for(int j=I+30; j>=0; j--) {
                ^~~
                VITIS_LOOP_2833_21: 
/home/hoinguyen/Documents/Vitis/UpConv_HLS/upconv_block0/upconv_block0/hls/.autopilot/db/upconv_core_top_ucb0.pp.0.cpp:20494:17: note: FIX-IT applied suggested code changes
/home/hoinguyen/Documents/Vitis/UpConv_HLS/upconv_block0/upconv_block0/hls/.autopilot/db/upconv_core_top_ucb0.pp.0.cpp:20582:4: warning: Added loop label VITIS_LOOP_2921_1:   [xilinx-label-all-loops]
   for(int j = 5; j>=I_+2; j--) {
   ^~~
   VITIS_LOOP_2921_1: 
/home/hoinguyen/Documents/Vitis/UpConv_HLS/upconv_block0/upconv_block0/hls/.autopilot/db/upconv_core_top_ucb0.pp.0.cpp:20582:4: note: FIX-IT applied suggested code changes
/home/hoinguyen/Documents/Vitis/UpConv_HLS/upconv_block0/upconv_block0/hls/.autopilot/db/upconv_core_top_ucb0.pp.0.cpp:20589:5: warning: Added loop label VITIS_LOOP_2928_2:   [xilinx-label-all-loops]
    for(int j = 5; j>=I_+2; j--) {
    ^~~
    VITIS_LOOP_2928_2: 
/home/hoinguyen/Documents/Vitis/UpConv_HLS/upconv_block0/upconv_block0/hls/.autopilot/db/upconv_core_top_ucb0.pp.0.cpp:20589:5: note: FIX-IT applied suggested code changes
/home/hoinguyen/Documents/Vitis/UpConv_HLS/upconv_block0/upconv_block0/hls/.autopilot/db/upconv_core_top_ucb0.pp.0.cpp:20593:5: warning: Added loop label VITIS_LOOP_2932_3:   [xilinx-label-all-loops]
    for(int j = I_+1; j>=0; j--) {
    ^~~
    VITIS_LOOP_2932_3: 
/home/hoinguyen/Documents/Vitis/UpConv_HLS/upconv_block0/upconv_block0/hls/.autopilot/db/upconv_core_top_ucb0.pp.0.cpp:20593:5: note: FIX-IT applied suggested code changes
/home/hoinguyen/Documents/Vitis/UpConv_HLS/upconv_block0/upconv_block0/hls/.autopilot/db/upconv_core_top_ucb0.pp.0.cpp:20608:3: warning: Added loop label VITIS_LOOP_2947_4:   [xilinx-label-all-loops]
  for(int j = 11; j >=7; j--) {
  ^~~
  VITIS_LOOP_2947_4: 
/home/hoinguyen/Documents/Vitis/UpConv_HLS/upconv_block0/upconv_block0/hls/.autopilot/db/upconv_core_top_ucb0.pp.0.cpp:20608:3: note: FIX-IT applied suggested code changes
/home/hoinguyen/Documents/Vitis/UpConv_HLS/upconv_block0/upconv_block0/hls/.autopilot/db/upconv_core_top_ucb0.pp.0.cpp:20640:4: warning: Added loop label VITIS_LOOP_2979_5:   [xilinx-label-all-loops]
   for(int j = 11; j >= I_+5; j--) {
   ^~~
   VITIS_LOOP_2979_5: 
/home/hoinguyen/Documents/Vitis/UpConv_HLS/upconv_block0/upconv_block0/hls/.autopilot/db/upconv_core_top_ucb0.pp.0.cpp:20640:4: note: FIX-IT applied suggested code changes
/home/hoinguyen/Documents/Vitis/UpConv_HLS/upconv_block0/upconv_block0/hls/.autopilot/db/upconv_core_top_ucb0.pp.0.cpp:20647:5: warning: Added loop label VITIS_LOOP_2986_6:   [xilinx-label-all-loops]
    for(int j = 11; j>= I_+5; j--) {
    ^~~
    VITIS_LOOP_2986_6: 
/home/hoinguyen/Documents/Vitis/UpConv_HLS/upconv_block0/upconv_block0/hls/.autopilot/db/upconv_core_top_ucb0.pp.0.cpp:20647:5: note: FIX-IT applied suggested code changes
/home/hoinguyen/Documents/Vitis/UpConv_HLS/upconv_block0/upconv_block0/hls/.autopilot/db/upconv_core_top_ucb0.pp.0.cpp:20651:5: warning: Added loop label VITIS_LOOP_2990_7:   [xilinx-label-all-loops]
    for(int j = I_+4; j>=0; j--) {
    ^~~
    VITIS_LOOP_2990_7: 
/home/hoinguyen/Documents/Vitis/UpConv_HLS/upconv_block0/upconv_block0/hls/.autopilot/db/upconv_core_top_ucb0.pp.0.cpp:20651:5: note: FIX-IT applied suggested code changes
/home/hoinguyen/Documents/Vitis/UpConv_HLS/upconv_block0/upconv_block0/hls/.autopilot/db/upconv_core_top_ucb0.pp.0.cpp:20666:3: warning: Added loop label VITIS_LOOP_3005_8:   [xilinx-label-all-loops]
  for(int j = 25; j>=15; j--) {
  ^~~
  VITIS_LOOP_3005_8: 
/home/hoinguyen/Documents/Vitis/UpConv_HLS/upconv_block0/upconv_block0/hls/.autopilot/db/upconv_core_top_ucb0.pp.0.cpp:20666:3: note: FIX-IT applied suggested code changes
/home/hoinguyen/Documents/Vitis/UpConv_HLS/upconv_block0/upconv_block0/hls/.autopilot/db/upconv_core_top_ucb0.pp.0.cpp:20716:4: warning: Added loop label VITIS_LOOP_3055_9:   [xilinx-label-all-loops]
   for(int j = 25; j>= I_+12; j--) {
   ^~~
   VITIS_LOOP_3055_9: 
/home/hoinguyen/Documents/Vitis/UpConv_HLS/upconv_block0/upconv_block0/hls/.autopilot/db/upconv_core_top_ucb0.pp.0.cpp:20716:4: note: FIX-IT applied suggested code changes
/home/hoinguyen/Documents/Vitis/UpConv_HLS/upconv_block0/upconv_block0/hls/.autopilot/db/upconv_core_top_ucb0.pp.0.cpp:20723:5: warning: Added loop label VITIS_LOOP_3062_10:   [xilinx-label-all-loops]
    for(int j = 25; j>=I_+12; j--) {
    ^~~
    VITIS_LOOP_3062_10: 
/home/hoinguyen/Documents/Vitis/UpConv_HLS/upconv_block0/upconv_block0/hls/.autopilot/db/upconv_core_top_ucb0.pp.0.cpp:20723:5: note: FIX-IT applied suggested code changes
/home/hoinguyen/Documents/Vitis/UpConv_HLS/upconv_block0/upconv_block0/hls/.autopilot/db/upconv_core_top_ucb0.pp.0.cpp:20727:5: warning: Added loop label VITIS_LOOP_3066_11:   [xilinx-label-all-loops]
    for(int j = I_+11; j>=0; j--) {
    ^~~
    VITIS_LOOP_3066_11: 
/home/hoinguyen/Documents/Vitis/UpConv_HLS/upconv_block0/upconv_block0/hls/.autopilot/db/upconv_core_top_ucb0.pp.0.cpp:20727:5: note: FIX-IT applied suggested code changes
/home/hoinguyen/Documents/Vitis/UpConv_HLS/upconv_block0/upconv_block0/hls/.autopilot/db/upconv_core_top_ucb0.pp.0.cpp:20742:3: warning: Added loop label VITIS_LOOP_3081_12:   [xilinx-label-all-loops]
  for(int j = 51; j >= 29; j--) {
  ^~~
  VITIS_LOOP_3081_12: 
/home/hoinguyen/Documents/Vitis/UpConv_HLS/upconv_block0/upconv_block0/hls/.autopilot/db/upconv_core_top_ucb0.pp.0.cpp:20742:3: note: FIX-IT applied suggested code changes
/home/hoinguyen/Documents/Vitis/UpConv_HLS/upconv_block0/upconv_block0/hls/.autopilot/db/upconv_core_top_ucb0.pp.0.cpp:20879:4: warning: Added loop label VITIS_LOOP_3218_13:   [xilinx-label-all-loops]
   for(int j = 51; j >= 25 + I_; j--) {
   ^~~
   VITIS_LOOP_3218_13: 
/home/hoinguyen/Documents/Vitis/UpConv_HLS/upconv_block0/upconv_block0/hls/.autopilot/db/upconv_core_top_ucb0.pp.0.cpp:20879:4: note: FIX-IT applied suggested code changes
/home/hoinguyen/Documents/Vitis/UpConv_HLS/upconv_block0/upconv_block0/hls/.autopilot/db/upconv_core_top_ucb0.pp.0.cpp:20886:5: warning: Added loop label VITIS_LOOP_3225_14:   [xilinx-label-all-loops]
    for(int j = 51; j>=25 + I_; j--) {
    ^~~
    VITIS_LOOP_3225_14: 
/home/hoinguyen/Documents/Vitis/UpConv_HLS/upconv_block0/upconv_block0/hls/.autopilot/db/upconv_core_top_ucb0.pp.0.cpp:20886:5: note: FIX-IT applied suggested code changes
/home/hoinguyen/Documents/Vitis/UpConv_HLS/upconv_block0/upconv_block0/hls/.autopilot/db/upconv_core_top_ucb0.pp.0.cpp:20890:5: warning: Added loop label VITIS_LOOP_3229_15:   [xilinx-label-all-loops]
    for(int j = 24 + I_; j >= 0; j--) {
    ^~~
    VITIS_LOOP_3229_15: 
/home/hoinguyen/Documents/Vitis/UpConv_HLS/upconv_block0/upconv_block0/hls/.autopilot/db/upconv_core_top_ucb0.pp.0.cpp:20890:5: note: FIX-IT applied suggested code changes
/home/hoinguyen/Documents/Vitis/UpConv_HLS/upconv_block0/upconv_block0/hls/.autopilot/db/upconv_core_top_ucb0.pp.0.cpp:20905:3: warning: Added loop label VITIS_LOOP_3244_16:   [xilinx-label-all-loops]
  for(int j = 63; j >= 36; j--) {
  ^~~
  VITIS_LOOP_3244_16: 
/home/hoinguyen/Documents/Vitis/UpConv_HLS/upconv_block0/upconv_block0/hls/.autopilot/db/upconv_core_top_ucb0.pp.0.cpp:20905:3: note: FIX-IT applied suggested code changes
/home/hoinguyen/Documents/Vitis/UpConv_HLS/upconv_block0/upconv_block0/hls/.autopilot/db/upconv_core_top_ucb0.pp.0.cpp:21065:4: warning: Added loop label VITIS_LOOP_3404_17:   [xilinx-label-all-loops]
   for(int j = 63; j >= 31 + I_; j--) {
   ^~~
   VITIS_LOOP_3404_17: 
/home/hoinguyen/Documents/Vitis/UpConv_HLS/upconv_block0/upconv_block0/hls/.autopilot/db/upconv_core_top_ucb0.pp.0.cpp:21065:4: note: FIX-IT applied suggested code changes
/home/hoinguyen/Documents/Vitis/UpConv_HLS/upconv_block0/upconv_block0/hls/.autopilot/db/upconv_core_top_ucb0.pp.0.cpp:21072:5: warning: Added loop label VITIS_LOOP_3411_18:   [xilinx-label-all-loops]
    for(int j = 63; j >= 31 + I_; j--) {
    ^~~
    VITIS_LOOP_3411_18: 
/home/hoinguyen/Documents/Vitis/UpConv_HLS/upconv_block0/upconv_block0/hls/.autopilot/db/upconv_core_top_ucb0.pp.0.cpp:21072:5: note: FIX-IT applied suggested code changes
/home/hoinguyen/Documents/Vitis/UpConv_HLS/upconv_block0/upconv_block0/hls/.autopilot/db/upconv_core_top_ucb0.pp.0.cpp:21076:5: warning: Added loop label VITIS_LOOP_3415_19:   [xilinx-label-all-loops]
    for(int j = 30 + I_; j >= 0; j--) {
    ^~~
    VITIS_LOOP_3415_19: 
/home/hoinguyen/Documents/Vitis/UpConv_HLS/upconv_block0/upconv_block0/hls/.autopilot/db/upconv_core_top_ucb0.pp.0.cpp:21076:5: note: FIX-IT applied suggested code changes
/home/hoinguyen/Documents/Vitis/UpConv_HLS/upconv_block0/upconv_block0/hls/.autopilot/db/upconv_core_top_ucb0.pp.0.cpp:21791:13: warning: Added loop label VITIS_LOOP_703_1:   [xilinx-label-all-loops]
            for (b_exp = I_-1; b_exp >= -F_; b_exp--) {
            ^~~
            VITIS_LOOP_703_1: 
/home/hoinguyen/Documents/Vitis/UpConv_HLS/upconv_block0/upconv_block0/hls/.autopilot/db/upconv_core_top_ucb0.pp.0.cpp:21791:13: note: FIX-IT applied suggested code changes
/home/hoinguyen/Documents/Vitis/UpConv_HLS/upconv_block0/upconv_block0/hls/.autopilot/db/upconv_core_top_ucb0.pp.0.cpp:22009:13: warning: Added loop label VITIS_LOOP_921_1:   [xilinx-label-all-loops]
            for (b_exp = I_-1; b_exp >= -F_; b_exp--) {
            ^~~
            VITIS_LOOP_921_1: 
/home/hoinguyen/Documents/Vitis/UpConv_HLS/upconv_block0/upconv_block0/hls/.autopilot/db/upconv_core_top_ucb0.pp.0.cpp:22009:13: note: FIX-IT applied suggested code changes
/home/hoinguyen/Documents/Vitis/UpConv_HLS/upconv_block0/upconv_block0/hls/.autopilot/db/upconv_core_top_ucb0.pp.0.cpp:22426:13: warning: Added loop label VITIS_LOOP_1345_1:   [xilinx-label-all-loops]
            for (b_exp = I_-1; b_exp >= -F_; b_exp--) {
            ^~~
            VITIS_LOOP_1345_1: 
/home/hoinguyen/Documents/Vitis/UpConv_HLS/upconv_block0/upconv_block0/hls/.autopilot/db/upconv_core_top_ucb0.pp.0.cpp:22426:13: note: FIX-IT applied suggested code changes
/home/hoinguyen/Documents/Vitis/UpConv_HLS/upconv_block0/upconv_block0/hls/.autopilot/db/upconv_core_top_ucb0.pp.0.cpp:22746:9: warning: Added loop label VITIS_LOOP_240_1:   [xilinx-label-all-loops]
        for ( int pos = msbr-1; pos >= 0; pos-- ) {
        ^~~
        VITIS_LOOP_240_1: 
/home/hoinguyen/Documents/Vitis/UpConv_HLS/upconv_block0/upconv_block0/hls/.autopilot/db/upconv_core_top_ucb0.pp.0.cpp:22746:9: note: FIX-IT applied suggested code changes
/home/hoinguyen/Documents/Vitis/UpConv_HLS/upconv_block0/upconv_block0/hls/.autopilot/db/upconv_core_top_ucb0.pp.0.cpp:22774:9: warning: Added loop label VITIS_LOOP_268_2:   [xilinx-label-all-loops]
        for ( int pos = -1; pos >= -F_-1; pos-- ) {
        ^~~
        VITIS_LOOP_268_2: 
/home/hoinguyen/Documents/Vitis/UpConv_HLS/upconv_block0/upconv_block0/hls/.autopilot/db/upconv_core_top_ucb0.pp.0.cpp:22774:9: note: FIX-IT applied suggested code changes
/home/hoinguyen/Documents/Vitis/UpConv_HLS/upconv_block0/upconv_block0/hls/.autopilot/db/upconv_core_top_ucb0.pp.0.cpp:23476:13: warning: Added loop label VITIS_LOOP_48_1:   [xilinx-label-all-loops]
            for (int j = 0; j < W_-1; j++){
            ^~~
            VITIS_LOOP_48_1: 
/home/hoinguyen/Documents/Vitis/UpConv_HLS/upconv_block0/upconv_block0/hls/.autopilot/db/upconv_core_top_ucb0.pp.0.cpp:23476:13: note: FIX-IT applied suggested code changes
/home/hoinguyen/Documents/Vitis/UpConv_HLS/upconv_block0/upconv_block0/hls/.autopilot/db/upconv_core_top_ucb0.pp.0.cpp:23529:5: warning: Added loop label VITIS_LOOP_109_2:   [xilinx-label-all-loops]
    for (int j = F_l+F_+I_m-1; j < F_l+W_+5; j++){
    ^~~
    VITIS_LOOP_109_2: 
/home/hoinguyen/Documents/Vitis/UpConv_HLS/upconv_block0/upconv_block0/hls/.autopilot/db/upconv_core_top_ucb0.pp.0.cpp:23529:5: note: FIX-IT applied suggested code changes
/home/hoinguyen/Documents/Vitis/UpConv_HLS/upconv_block0/upconv_block0/hls/.autopilot/db/upconv_core_top_ucb0.pp.0.cpp:23543:13: warning: Added loop label VITIS_LOOP_123_3:   [xilinx-label-all-loops]
            for (int j = WO_m-1; j >= W_-1; j--) {
            ^~~
            VITIS_LOOP_123_3: 
/home/hoinguyen/Documents/Vitis/UpConv_HLS/upconv_block0/upconv_block0/hls/.autopilot/db/upconv_core_top_ucb0.pp.0.cpp:23543:13: note: FIX-IT applied suggested code changes
/home/hoinguyen/Documents/Vitis/UpConv_HLS/upconv_block0/upconv_block0/hls/.autopilot/db/upconv_core_top_ucb0.pp.0.cpp:23573:13: warning: Added loop label VITIS_LOOP_153_4:   [xilinx-label-all-loops]
            for (int j = W_-2; j >= 0; j--){
            ^~~
            VITIS_LOOP_153_4: 
/home/hoinguyen/Documents/Vitis/UpConv_HLS/upconv_block0/upconv_block0/hls/.autopilot/db/upconv_core_top_ucb0.pp.0.cpp:23573:13: note: FIX-IT applied suggested code changes
/home/hoinguyen/Documents/Vitis/UpConv_HLS/upconv_block0/upconv_block0/hls/.autopilot/db/upconv_core_top_ucb0.pp.0.cpp:23658:12: warning: Added loop label VITIS_LOOP_281_1:   [xilinx-label-all-loops]
           for(int i = wf_log+we_log-2; i > WI_e - 2; --i) {
           ^~~
           VITIS_LOOP_281_1: 
/home/hoinguyen/Documents/Vitis/UpConv_HLS/upconv_block0/upconv_block0/hls/.autopilot/db/upconv_core_top_ucb0.pp.0.cpp:23658:12: note: FIX-IT applied suggested code changes
/home/hoinguyen/Documents/Vitis/UpConv_HLS/upconv_block0/upconv_block0/hls/.autopilot/db/upconv_core_top_ucb0.pp.0.cpp:23678:16: warning: Added loop label VITIS_LOOP_301_2:   [xilinx-label-all-loops]
               for (int j = WO_e-1; j >= W_-1; j--) {
               ^~~
               VITIS_LOOP_301_2: 
/home/hoinguyen/Documents/Vitis/UpConv_HLS/upconv_block0/upconv_block0/hls/.autopilot/db/upconv_core_top_ucb0.pp.0.cpp:23678:16: note: FIX-IT applied suggested code changes
/home/hoinguyen/Documents/Vitis/UpConv_HLS/upconv_block0/upconv_block0/hls/.autopilot/db/upconv_core_top_ucb0.pp.0.cpp:23692:20: warning: Added loop label VITIS_LOOP_315_3:   [xilinx-label-all-loops]
                   for(int i = 0; i < W_-1; ++i) {
                   ^~~
                   VITIS_LOOP_315_3: 
/home/hoinguyen/Documents/Vitis/UpConv_HLS/upconv_block0/upconv_block0/hls/.autopilot/db/upconv_core_top_ucb0.pp.0.cpp:23692:20: note: FIX-IT applied suggested code changes
/home/hoinguyen/Documents/Vitis/UpConv_HLS/upconv_block0/upconv_block0/hls/.autopilot/db/upconv_core_top_ucb0.pp.0.cpp:23785:12: warning: Added loop label VITIS_LOOP_433_1:   [xilinx-label-all-loops]
           for (int j =WO_d-1; j >= W_-1; j--) {
           ^~~
           VITIS_LOOP_433_1: 
/home/hoinguyen/Documents/Vitis/UpConv_HLS/upconv_block0/upconv_block0/hls/.autopilot/db/upconv_core_top_ucb0.pp.0.cpp:23785:12: note: FIX-IT applied suggested code changes
/home/hoinguyen/Documents/Vitis/UpConv_HLS/upconv_block0/upconv_block0/hls/.autopilot/db/upconv_core_top_ucb0.pp.0.cpp:23799:15: warning: Added loop label VITIS_LOOP_447_2:   [xilinx-label-all-loops]
              for(int i = 0; i < W_-1; ++i) {
              ^~~
              VITIS_LOOP_447_2: 
/home/hoinguyen/Documents/Vitis/UpConv_HLS/upconv_block0/upconv_block0/hls/.autopilot/db/upconv_core_top_ucb0.pp.0.cpp:23799:15: note: FIX-IT applied suggested code changes
/home/hoinguyen/Documents/Vitis/UpConv_HLS/upconv_block0/upconv_block0/hls/.autopilot/db/upconv_core_top_ucb0.pp.0.cpp:23919:13: warning: Added loop label VITIS_LOOP_33_1:   [xilinx-label-all-loops]
            for (int i = 0; i < W_-1; i++){
            ^~~
            VITIS_LOOP_33_1: 
/home/hoinguyen/Documents/Vitis/UpConv_HLS/upconv_block0/upconv_block0/hls/.autopilot/db/upconv_core_top_ucb0.pp.0.cpp:23919:13: note: FIX-IT applied suggested code changes
/home/hoinguyen/Documents/Vitis/UpConv_HLS/upconv_block0/upconv_block0/hls/.autopilot/db/upconv_core_top_ucb0.pp.0.cpp:24043:13: warning: Added loop label VITIS_LOOP_183_1:   [xilinx-label-all-loops]
            for (int i = 0; i < W_-1; i++){
            ^~~
            VITIS_LOOP_183_1: 
/home/hoinguyen/Documents/Vitis/UpConv_HLS/upconv_block0/upconv_block0/hls/.autopilot/db/upconv_core_top_ucb0.pp.0.cpp:24043:13: note: FIX-IT applied suggested code changes
/home/hoinguyen/Documents/Vitis/UpConv_HLS/upconv_block0/upconv_block0/hls/.autopilot/db/upconv_core_top_ucb0.pp.0.cpp:24098:13: warning: Added loop label VITIS_LOOP_248_1:   [xilinx-label-all-loops]
            for (int i = 0; i < W_-1; i++){
            ^~~
            VITIS_LOOP_248_1: 
/home/hoinguyen/Documents/Vitis/UpConv_HLS/upconv_block0/upconv_block0/hls/.autopilot/db/upconv_core_top_ucb0.pp.0.cpp:24098:13: note: FIX-IT applied suggested code changes
/home/hoinguyen/Documents/Vitis/UpConv_HLS/upconv_block0/upconv_block0/hls/.autopilot/db/upconv_core_top_ucb0.pp.0.cpp:24617:2: warning: Added loop label VITIS_LOOP_16_1:   [xilinx-label-all-loops]
 for (int i=0; i<W_;i++)
 ^~~
 VITIS_LOOP_16_1: 
/home/hoinguyen/Documents/Vitis/UpConv_HLS/upconv_block0/upconv_block0/hls/.autopilot/db/upconv_core_top_ucb0.pp.0.cpp:24617:2: note: FIX-IT applied suggested code changes
/home/hoinguyen/Documents/Vitis/UpConv_HLS/upconv_block0/upconv_block0/hls/.autopilot/db/upconv_core_top_ucb0.pp.0.cpp:24628:2: warning: Added loop label VITIS_LOOP_27_1:   [xilinx-label-all-loops]
 for (int i=0; i<W_;i++)
 ^~~
 VITIS_LOOP_27_1: 
/home/hoinguyen/Documents/Vitis/UpConv_HLS/upconv_block0/upconv_block0/hls/.autopilot/db/upconv_core_top_ucb0.pp.0.cpp:24628:2: note: FIX-IT applied suggested code changes
/home/hoinguyen/Documents/Vitis/UpConv_HLS/upconv_block0/upconv_block0/hls/.autopilot/db/upconv_core_top_ucb0.pp.0.cpp:24639:2: warning: Added loop label VITIS_LOOP_38_1:   [xilinx-label-all-loops]
 for (int i=0; i<I_;i++)
 ^~~
 VITIS_LOOP_38_1: 
/home/hoinguyen/Documents/Vitis/UpConv_HLS/upconv_block0/upconv_block0/hls/.autopilot/db/upconv_core_top_ucb0.pp.0.cpp:24639:2: note: FIX-IT applied suggested code changes
/home/hoinguyen/Documents/Vitis/UpConv_HLS/upconv_block0/upconv_block0/hls/.autopilot/db/upconv_core_top_ucb0.pp.0.cpp:24650:2: warning: Added loop label VITIS_LOOP_49_1:   [xilinx-label-all-loops]
 for (int i=0; i<I_;i++)
 ^~~
 VITIS_LOOP_49_1: 
/home/hoinguyen/Documents/Vitis/UpConv_HLS/upconv_block0/upconv_block0/hls/.autopilot/db/upconv_core_top_ucb0.pp.0.cpp:24650:2: note: FIX-IT applied suggested code changes
/home/hoinguyen/Documents/Vitis/UpConv_HLS/upconv_block0/upconv_block0/hls/.autopilot/db/upconv_core_top_ucb0.pp.0.cpp:24661:2: warning: Added loop label VITIS_LOOP_60_1:   [xilinx-label-all-loops]
 for (int i=0; i<W_;i++)
 ^~~
 VITIS_LOOP_60_1: 
/home/hoinguyen/Documents/Vitis/UpConv_HLS/upconv_block0/upconv_block0/hls/.autopilot/db/upconv_core_top_ucb0.pp.0.cpp:24661:2: note: FIX-IT applied suggested code changes
/home/hoinguyen/Documents/Vitis/UpConv_HLS/upconv_block0/upconv_block0/hls/.autopilot/db/upconv_core_top_ucb0.pp.0.cpp:24672:2: warning: Added loop label VITIS_LOOP_71_1:   [xilinx-label-all-loops]
 for (int i=0; i<W_;i++)
 ^~~
 VITIS_LOOP_71_1: 
/home/hoinguyen/Documents/Vitis/UpConv_HLS/upconv_block0/upconv_block0/hls/.autopilot/db/upconv_core_top_ucb0.pp.0.cpp:24672:2: note: FIX-IT applied suggested code changes
/home/hoinguyen/Documents/Vitis/UpConv_HLS/upconv_block0/upconv_block0/hls/.autopilot/db/upconv_core_top_ucb0.pp.0.cpp:24683:2: warning: Added loop label VITIS_LOOP_82_1:   [xilinx-label-all-loops]
 for (int i=0; i<I_;i++)
 ^~~
 VITIS_LOOP_82_1: 
/home/hoinguyen/Documents/Vitis/UpConv_HLS/upconv_block0/upconv_block0/hls/.autopilot/db/upconv_core_top_ucb0.pp.0.cpp:24683:2: note: FIX-IT applied suggested code changes
/home/hoinguyen/Documents/Vitis/UpConv_HLS/upconv_block0/upconv_block0/hls/.autopilot/db/upconv_core_top_ucb0.pp.0.cpp:24694:2: warning: Added loop label VITIS_LOOP_93_1:   [xilinx-label-all-loops]
 for (int i=0; i<I_;i++)
 ^~~
 VITIS_LOOP_93_1: 
/home/hoinguyen/Documents/Vitis/UpConv_HLS/upconv_block0/upconv_block0/hls/.autopilot/db/upconv_core_top_ucb0.pp.0.cpp:24694:2: note: FIX-IT applied suggested code changes
/home/hoinguyen/Documents/Vitis/UpConv_HLS/upconv_block0/upconv_block0/hls/.autopilot/db/upconv_core_top_ucb0.pp.0.cpp:27054:12: warning: Added loop label VITIS_LOOP_26_1:   [xilinx-label-all-loops]
           for(int i = 0; i < W_-1; ++i) {
           ^~~
           VITIS_LOOP_26_1: 
/home/hoinguyen/Documents/Vitis/UpConv_HLS/upconv_block0/upconv_block0/hls/.autopilot/db/upconv_core_top_ucb0.pp.0.cpp:27054:12: note: FIX-IT applied suggested code changes
/home/hoinguyen/Documents/Vitis/UpConv_HLS/upconv_block0/upconv_block0/hls/.autopilot/db/upconv_core_top_ucb0.pp.0.cpp:27118:7: warning: Added loop label VITIS_LOOP_40_1:   [xilinx-label-all-loops]
      for(int pos = msbr - 1 ; pos >= -F-1; pos--) {
      ^~~
      VITIS_LOOP_40_1: 
/home/hoinguyen/Documents/Vitis/UpConv_HLS/upconv_block0/upconv_block0/hls/.autopilot/db/upconv_core_top_ucb0.pp.0.cpp:27118:7: note: FIX-IT applied suggested code changes
/home/hoinguyen/Documents/Vitis/UpConv_HLS/upconv_block0/upconv_block0/hls/.autopilot/db/upconv_core_top_ucb0.pp.0.cpp:27235:9: warning: Added loop label VITIS_LOOP_49_1:   [xilinx-label-all-loops]
        for(int pos = msbr - 1; pos >= 0; pos--) {
        ^~~
        VITIS_LOOP_49_1: 
/home/hoinguyen/Documents/Vitis/UpConv_HLS/upconv_block0/upconv_block0/hls/.autopilot/db/upconv_core_top_ucb0.pp.0.cpp:27235:9: note: FIX-IT applied suggested code changes
/home/hoinguyen/Documents/Vitis/UpConv_HLS/upconv_block0/upconv_block0/hls/.autopilot/db/upconv_core_top_ucb0.pp.0.cpp:27260:5: warning: Added loop label VITIS_LOOP_81_2:   [xilinx-label-all-loops]
    for(int pos = -1; pos >= -F-1; pos--) {
    ^~~
    VITIS_LOOP_81_2: 
/home/hoinguyen/Documents/Vitis/UpConv_HLS/upconv_block0/upconv_block0/hls/.autopilot/db/upconv_core_top_ucb0.pp.0.cpp:27260:5: note: FIX-IT applied suggested code changes
/home/hoinguyen/Documents/Vitis/UpConv_HLS/upconv_block0/upconv_block0/hls/.autopilot/db/upconv_core_top_ucb0.pp.0.cpp:27330:8: warning: Added loop label VITIS_LOOP_169_3:   [xilinx-label-all-loops]
       for(int i = 0; i < W - 1; ++i) {
       ^~~
       VITIS_LOOP_169_3: 
/home/hoinguyen/Documents/Vitis/UpConv_HLS/upconv_block0/upconv_block0/hls/.autopilot/db/upconv_core_top_ucb0.pp.0.cpp:27330:8: note: FIX-IT applied suggested code changes
/home/hoinguyen/Documents/Vitis/UpConv_HLS/upconv_block0/upconv_block0/hls/.autopilot/db/upconv_core_top_ucb0.pp.0.cpp:30063:2: warning: Added loop label VITIS_LOOP_73_1:   [xilinx-label-all-loops]
 for (int l = 0; l < 16; l++) {
 ^~~
 VITIS_LOOP_73_1: 
/home/hoinguyen/Documents/Vitis/UpConv_HLS/upconv_block0/upconv_block0/hls/.autopilot/db/upconv_core_top_ucb0.pp.0.cpp:30063:2: note: FIX-IT applied suggested code changes
/home/hoinguyen/Documents/Vitis/UpConv_HLS/upconv_block0/upconv_block0/hls/.autopilot/db/upconv_core_top_ucb0.pp.0.cpp:30134:21: warning: Added loop label VITIS_LOOP_144_1:   [xilinx-label-all-loops]
                    for (int l = 0; l < 16; l++) {
                    ^~~
                    VITIS_LOOP_144_1: 
/home/hoinguyen/Documents/Vitis/UpConv_HLS/upconv_block0/upconv_block0/hls/.autopilot/db/upconv_core_top_ucb0.pp.0.cpp:30134:21: note: FIX-IT applied suggested code changes
/home/hoinguyen/Documents/Vitis/UpConv_HLS/upconv_block0/upconv_block0/hls/.autopilot/db/upconv_core_top_ucb0.pp.0.cpp:30224:13: warning: Added loop label VITIS_LOOP_234_1:   [xilinx-label-all-loops]
            for (int r = 0; r < 8; r++) {
            ^~~
            VITIS_LOOP_234_1: 
/home/hoinguyen/Documents/Vitis/UpConv_HLS/upconv_block0/upconv_block0/hls/.autopilot/db/upconv_core_top_ucb0.pp.0.cpp:30224:13: note: FIX-IT applied suggested code changes
/home/hoinguyen/Documents/Vitis/UpConv_HLS/upconv_block0/upconv_block0/hls/.autopilot/db/upconv_core_top_ucb0.pp.0.cpp:30257:9: warning: Added loop label VITIS_LOOP_267_1:   [xilinx-label-all-loops]
        for (int l = 0; l < 16; l++) {
        ^~~
        VITIS_LOOP_267_1: 
/home/hoinguyen/Documents/Vitis/UpConv_HLS/upconv_block0/upconv_block0/hls/.autopilot/db/upconv_core_top_ucb0.pp.0.cpp:30257:9: note: FIX-IT applied suggested code changes
/home/hoinguyen/Documents/Vitis/UpConv_HLS/upconv_block0/upconv_block0/hls/.autopilot/db/upconv_core_top_ucb0.pp.0.cpp:30301:48: error: Invalid Directive: for current device, ram_t2p + uram is invalid combination for BIND_STORAGE's option 'type + impl' [clang-diagnostic-error]
#pragma HLS BIND_STORAGE variable=row_acc type=ram_t2p impl=uram
                                               ^
/home/hoinguyen/Documents/Vitis/UpConv_HLS/upconv_block0/upconv_block0/hls/.autopilot/db/upconv_core_top_ucb0.pp.0.cpp:30309:48: error: Invalid Directive: for current device, ram_t2p + bram is invalid combination for BIND_STORAGE's option 'type + impl' [clang-diagnostic-error]
#pragma HLS BIND_STORAGE variable=w_local type=ram_t2p impl=bram latency=2
                                               ^
/home/hoinguyen/Documents/Vitis/UpConv_HLS/upconv_block0/upconv_block0/hls/.autopilot/db/upconv_core_top_ucb0.pp.0.cpp:30315:46: error: Invalid Directive: for current device, ram_t2p + bram is invalid combination for BIND_STORAGE's option 'type + impl' [clang-diagnostic-error]
#pragma HLS BIND_STORAGE variable=b_buf type=ram_t2p impl=bram
                                             ^
/home/hoinguyen/Documents/Vitis/UpConv_HLS/upconv_block0/upconv_block0/hls/.autopilot/db/upconv_core_top_ucb0.pp.0.cpp:30316:46: error: Invalid Directive: for current device, ram_t2p + bram is invalid combination for BIND_STORAGE's option 'type + impl' [clang-diagnostic-error]
#pragma HLS BIND_STORAGE variable=g_buf type=ram_t2p impl=bram
                                             ^
/home/hoinguyen/Documents/Vitis/UpConv_HLS/upconv_block0/upconv_block0/hls/.autopilot/db/upconv_core_top_ucb0.pp.0.cpp:30317:47: error: Invalid Directive: for current device, ram_t2p + bram is invalid combination for BIND_STORAGE's option 'type + impl' [clang-diagnostic-error]
#pragma HLS BIND_STORAGE variable=be_buf type=ram_t2p impl=bram
                                              ^
/home/hoinguyen/Documents/Vitis/UpConv_HLS/upconv_block0/upconv_block0/hls/.autopilot/db/upconv_core_top_ucb0.pp.0.cpp:30321:49: error: Invalid Directive: for current device, ram_2p + lutram is invalid combination for BIND_STORAGE's option 'type + impl' [clang-diagnostic-error]
#pragma HLS BIND_STORAGE variable=mean_buf type=ram_2p impl=lutram
                                                ^
/home/hoinguyen/Documents/Vitis/UpConv_HLS/upconv_block0/upconv_block0/hls/.autopilot/db/upconv_core_top_ucb0.pp.0.cpp:30322:48: error: Invalid Directive: for current device, ram_2p + lutram is invalid combination for BIND_STORAGE's option 'type + impl' [clang-diagnostic-error]
#pragma HLS BIND_STORAGE variable=inv_buf type=ram_2p impl=lutram
                                               ^
/home/hoinguyen/Documents/Vitis/UpConv_HLS/upconv_block0/upconv_block0/hls/.autopilot/db/upconv_core_top_ucb0.pp.0.cpp:30361:9: warning: Added loop label VITIS_LOOP_386_1:   [xilinx-label-all-loops]
        for (int ciw = 0; ciw < CI_W; ciw++) {
        ^~~
        VITIS_LOOP_386_1: 
/home/hoinguyen/Documents/Vitis/UpConv_HLS/upconv_block0/upconv_block0/hls/.autopilot/db/upconv_core_top_ucb0.pp.0.cpp:30361:9: note: FIX-IT applied suggested code changes
/home/hoinguyen/Documents/Vitis/UpConv_HLS/upconv_block0/upconv_block0/hls/.autopilot/db/upconv_core_top_ucb0.pp.0.cpp:30372:13: warning: Added loop label VITIS_LOOP_397_2:   [xilinx-label-all-loops]
            for (int ciw = 0; ciw < CI_W; ciw++) {
            ^~~
            VITIS_LOOP_397_2: 
/home/hoinguyen/Documents/Vitis/UpConv_HLS/upconv_block0/upconv_block0/hls/.autopilot/db/upconv_core_top_ucb0.pp.0.cpp:30372:13: note: FIX-IT applied suggested code changes
/home/hoinguyen/Documents/Vitis/UpConv_HLS/upconv_block0/upconv_block0/hls/.autopilot/db/upconv_core_top_ucb0.pp.0.cpp:30419:46: error: Invalid Directive: for current device, ram_t2p + uram is invalid combination for BIND_STORAGE's option 'type + impl' [clang-diagnostic-error]
#pragma HLS BIND_STORAGE variable=x_buf type=ram_t2p impl=uram
                                             ^
