

================================================================
== Vitis HLS Report for 'upconv_core_top_ucb0_Pipeline_LOAD_ROW0_VITIS_LOOP_296_1'
================================================================
* Date:           Tue May 19 20:00:36 2026

* Version:        2024.2 (Build 5238294 on Nov  8 2024)
* Project:        upconv_block0
* Solution:       hls (Vivado IP Flow Target)
* Product family: zynquplus
* Target device:  xczu7ev-ffvc1156-2-e


================================================================
== Performance Estimates
================================================================
+ Timing: 
    * Summary: 
    +--------+---------+----------+------------+
    |  Clock |  Target | Estimated| Uncertainty|
    +--------+---------+----------+------------+
    |ap_clk  |  3.33 ns|  2.433 ns|     0.90 ns|
    +--------+---------+----------+------------+

+ Latency: 
    * Summary: 
    +---------+---------+----------+----------+-----+-----+------------------------------------------------+
    |  Latency (cycles) |  Latency (absolute) |  Interval |                    Pipeline                    |
    |   min   |   max   |    min   |    max   | min | max |                      Type                      |
    +---------+---------+----------+----------+-----+-----+------------------------------------------------+
    |      963|      963|  3.210 us|  3.210 us|  961|  961|  loop auto-rewind stp (delay=0 clock cycles(s))|
    +---------+---------+----------+----------+-----+-----+------------------------------------------------+

    + Detail: 
        * Instance: 
        N/A

        * Loop: 
        +------------------------------+---------+---------+----------+-----------+-----------+------+----------+
        |                              |  Latency (cycles) | Iteration|  Initiation Interval  | Trip |          |
        |           Loop Name          |   min   |   max   |  Latency |  achieved |   target  | Count| Pipelined|
        +------------------------------+---------+---------+----------+-----------+-----------+------+----------+
        |- LOAD_ROW0_VITIS_LOOP_296_1  |      961|      961|         3|          1|          1|   960|       yes|
        +------------------------------+---------+---------+----------+-----------+-----------+------+----------+

============================================================
+ Verbose Summary: Synthesis Manager
============================================================
InlineROM: 1
ExposeGlobal: 0
============================================================
+ Verbose Summary: CDFG Model
============================================================
IsTopModel: 0
ResetActiveHigh: 1
IsCombinational: 0
IsDatapathOnly: 0
HasWiredReturn: 1
HasMFsm: 2
HasVarLatency: 1
IsPipeline: 0
IsRtlPipelined: 0
IsInstanceOverlapped: 0
IsDontTouch: 0
HasImplIP: 0
IsGatedGlobalClock: 0

+ Individual pipeline summary: 
  * Pipeline-0: initiation interval (II) = 1, depth = 3


============================================================
+ Verbose Summary: Schedule
============================================================
* Number of FSM states : 3
* Pipeline : 1
  Pipeline-0 : II = 1, D = 3, States = { 1 2 3 }
* Dataflow Pipeline: 0

* FSM state transitions: 
1 --> 2 
2 --> 3 
3 --> 

* FSM state operations: 

State 1 <SV = 0> <Delay = 1.64>
ST_1 : Operation 6 [1/1] (0.00ns)   --->   "%ciw = alloca i32 1" [../gen/Hls_Layers_UpConv.tpp:296->../gen/upconv_core_top_ucb0.cpp:40]   --->   Operation 6 'alloca' 'ciw' <Predicate = true> <Delay = 0.00>
ST_1 : Operation 7 [1/1] (0.00ns)   --->   "%wi = alloca i32 1" [../gen/Hls_Layers_UpConv.tpp:295->../gen/upconv_core_top_ucb0.cpp:40]   --->   Operation 7 'alloca' 'wi' <Predicate = true> <Delay = 0.00>
ST_1 : Operation 8 [1/1] (0.00ns)   --->   "%indvar_flatten = alloca i32 1"   --->   Operation 8 'alloca' 'indvar_flatten' <Predicate = true> <Delay = 0.00>
ST_1 : Operation 9 [1/1] (0.00ns)   --->   "%sext_ln295_read = read i59 @_ssdm_op_Read.ap_auto.i59, i59 %sext_ln295"   --->   Operation 9 'read' 'sext_ln295_read' <Predicate = true> <Delay = 0.00>
ST_1 : Operation 10 [1/1] (0.00ns)   --->   "%sext_ln295_cast = sext i59 %sext_ln295_read"   --->   Operation 10 'sext' 'sext_ln295_cast' <Predicate = true> <Delay = 0.00>
ST_1 : Operation 11 [1/1] (0.00ns)   --->   "%specmemcore_ln0 = specmemcore void @_ssdm_op_SpecMemCore, i256 %x_buf, i64 666, i64 31, i64 18446744073709551615"   --->   Operation 11 'specmemcore' 'specmemcore_ln0' <Predicate = true> <Delay = 0.00>
ST_1 : Operation 12 [1/1] (0.00ns)   --->   "%specinterface_ln0 = specinterface void @_ssdm_op_SpecInterface, i256 %gmem_in, void @empty_19, i32 0, i32 0, void @empty_5, i32 0, i32 0, void @empty_6, void @empty_7, void @empty_5, i32 16, i32 16, i32 64, i32 16, void @empty_5, void @empty_5, i32 4294967295, i32 0, i32 0"   --->   Operation 12 'specinterface' 'specinterface_ln0' <Predicate = true> <Delay = 0.00>
ST_1 : Operation 13 [1/1] (0.42ns)   --->   "%store_ln0 = store i10 0, i10 %indvar_flatten"   --->   Operation 13 'store' 'store_ln0' <Predicate = true> <Delay = 0.42>
ST_1 : Operation 14 [1/1] (0.42ns)   --->   "%store_ln295 = store i5 0, i5 %wi" [../gen/Hls_Layers_UpConv.tpp:295->../gen/upconv_core_top_ucb0.cpp:40]   --->   Operation 14 'store' 'store_ln295' <Predicate = true> <Delay = 0.42>
ST_1 : Operation 15 [1/1] (0.42ns)   --->   "%store_ln296 = store i6 0, i6 %ciw" [../gen/Hls_Layers_UpConv.tpp:296->../gen/upconv_core_top_ucb0.cpp:40]   --->   Operation 15 'store' 'store_ln296' <Predicate = true> <Delay = 0.42>
ST_1 : Operation 16 [1/1] (0.00ns)   --->   "%br_ln0 = br void %for.body4.i"   --->   Operation 16 'br' 'br_ln0' <Predicate = true> <Delay = 0.00>
ST_1 : Operation 17 [1/1] (0.00ns)   --->   "%indvar_flatten_load = load i10 %indvar_flatten" [../gen/Hls_Layers_UpConv.tpp:295->../gen/upconv_core_top_ucb0.cpp:40]   --->   Operation 17 'load' 'indvar_flatten_load' <Predicate = true> <Delay = 0.00>
ST_1 : Operation 18 [1/1] (0.00ns)   --->   "%specbitsmap_ln0 = specbitsmap void @_ssdm_op_SpecBitsMap, i256 %gmem_in"   --->   Operation 18 'specbitsmap' 'specbitsmap_ln0' <Predicate = true> <Delay = 0.00>
ST_1 : Operation 19 [1/1] (0.78ns)   --->   "%icmp_ln295 = icmp_eq  i10 %indvar_flatten_load, i10 960" [../gen/Hls_Layers_UpConv.tpp:295->../gen/upconv_core_top_ucb0.cpp:40]   --->   Operation 19 'icmp' 'icmp_ln295' <Predicate = true> <Delay = 0.78> <CoreInst = "Cmp">   --->   Core 9 'Cmp' <Latency = 0> <II = 1> <Delay = 0.78> <FuncUnit> <Opcode : 'seteq' 'setne' 'setle' 'setge' 'setlt' 'setgt'> <InPorts = 2> <OutPorts = 1>
ST_1 : Operation 20 [1/1] (0.78ns)   --->   "%add_ln295_1 = add i10 %indvar_flatten_load, i10 1" [../gen/Hls_Layers_UpConv.tpp:295->../gen/upconv_core_top_ucb0.cpp:40]   --->   Operation 20 'add' 'add_ln295_1' <Predicate = true> <Delay = 0.78> <CoreInst = "Adder">   --->   Core 1 'Adder' <Latency = 0> <II = 1> <Delay = 0.78> <FuncUnit> <Opcode : 'add' 'sub'> <InPorts = 2> <OutPorts = 1>
ST_1 : Operation 21 [1/1] (0.00ns)   --->   "%br_ln295 = br i1 %icmp_ln295, void %for.cond.cleanup3.i, void %for.cond.cleanup.i.exitStub" [../gen/Hls_Layers_UpConv.tpp:295->../gen/upconv_core_top_ucb0.cpp:40]   --->   Operation 21 'br' 'br_ln295' <Predicate = true> <Delay = 0.00>
ST_1 : Operation 22 [1/1] (0.42ns)   --->   "%store_ln295 = store i10 %add_ln295_1, i10 %indvar_flatten" [../gen/Hls_Layers_UpConv.tpp:295->../gen/upconv_core_top_ucb0.cpp:40]   --->   Operation 22 'store' 'store_ln295' <Predicate = (!icmp_ln295)> <Delay = 0.42>

State 2 <SV = 1> <Delay = 2.43>
ST_2 : Operation 23 [1/1] (0.00ns)   --->   "%ciw_load = load i6 %ciw" [../gen/Hls_Layers_UpConv.tpp:296->../gen/upconv_core_top_ucb0.cpp:40]   --->   Operation 23 'load' 'ciw_load' <Predicate = true> <Delay = 0.00>
ST_2 : Operation 24 [1/1] (0.00ns)   --->   "%wi_load = load i5 %wi" [../gen/Hls_Layers_UpConv.tpp:295->../gen/upconv_core_top_ucb0.cpp:40]   --->   Operation 24 'load' 'wi_load' <Predicate = true> <Delay = 0.00>
ST_2 : Operation 25 [1/1] (0.00ns)   --->   "%gmem_in_addr = getelementptr i256 %gmem_in, i64 %sext_ln295_cast" [../gen/Hls_Layers_UpConv.tpp:295->../gen/upconv_core_top_ucb0.cpp:40]   --->   Operation 25 'getelementptr' 'gmem_in_addr' <Predicate = true> <Delay = 0.00>
ST_2 : Operation 26 [1/1] (0.78ns)   --->   "%add_ln295 = add i5 %wi_load, i5 1" [../gen/Hls_Layers_UpConv.tpp:295->../gen/upconv_core_top_ucb0.cpp:40]   --->   Operation 26 'add' 'add_ln295' <Predicate = true> <Delay = 0.78> <CoreInst = "Adder">   --->   Core 1 'Adder' <Latency = 0> <II = 1> <Delay = 0.78> <FuncUnit> <Opcode : 'add' 'sub'> <InPorts = 2> <OutPorts = 1>
ST_2 : Operation 27 [1/1] (0.78ns)   --->   "%icmp_ln296 = icmp_eq  i6 %ciw_load, i6 60" [../gen/Hls_Layers_UpConv.tpp:296->../gen/upconv_core_top_ucb0.cpp:40]   --->   Operation 27 'icmp' 'icmp_ln296' <Predicate = true> <Delay = 0.78> <CoreInst = "Cmp">   --->   Core 9 'Cmp' <Latency = 0> <II = 1> <Delay = 0.78> <FuncUnit> <Opcode : 'seteq' 'setne' 'setle' 'setge' 'setlt' 'setgt'> <InPorts = 2> <OutPorts = 1>
ST_2 : Operation 28 [1/1] (0.38ns)   --->   "%select_ln295 = select i1 %icmp_ln296, i6 0, i6 %ciw_load" [../gen/Hls_Layers_UpConv.tpp:295->../gen/upconv_core_top_ucb0.cpp:40]   --->   Operation 28 'select' 'select_ln295' <Predicate = true> <Delay = 0.38> <CoreInst = "Sel">   --->   Core 73 'Sel' <Latency = 0> <II = 1> <Delay = 0.38> <FuncUnit> <Opcode : 'select'> <InPorts = 3> <OutPorts = 1>
ST_2 : Operation 29 [1/1] (0.41ns)   --->   "%select_ln295_1 = select i1 %icmp_ln296, i5 %add_ln295, i5 %wi_load" [../gen/Hls_Layers_UpConv.tpp:295->../gen/upconv_core_top_ucb0.cpp:40]   --->   Operation 29 'select' 'select_ln295_1' <Predicate = true> <Delay = 0.41> <CoreInst = "Sel">   --->   Core 73 'Sel' <Latency = 0> <II = 1> <Delay = 0.41> <FuncUnit> <Opcode : 'select'> <InPorts = 3> <OutPorts = 1>
ST_2 : Operation 30 [1/1] (0.00ns)   --->   "%trunc_ln296 = trunc i5 %select_ln295_1" [../gen/Hls_Layers_UpConv.tpp:296->../gen/upconv_core_top_ucb0.cpp:40]   --->   Operation 30 'trunc' 'trunc_ln296' <Predicate = true> <Delay = 0.00>
ST_2 : Operation 31 [1/1] (0.00ns)   --->   "%p_shl = bitconcatenate i10 @_ssdm_op_BitConcatenate.i10.i4.i6, i4 %trunc_ln296, i6 0" [../gen/Hls_Layers_UpConv.tpp:296->../gen/upconv_core_top_ucb0.cpp:40]   --->   Operation 31 'bitconcatenate' 'p_shl' <Predicate = true> <Delay = 0.00>
ST_2 : Operation 32 [1/1] (0.00ns)   --->   "%tmp = bitconcatenate i7 @_ssdm_op_BitConcatenate.i7.i5.i2, i5 %select_ln295_1, i2 0" [../gen/Hls_Layers_UpConv.tpp:296->../gen/upconv_core_top_ucb0.cpp:40]   --->   Operation 32 'bitconcatenate' 'tmp' <Predicate = true> <Delay = 0.00>
ST_2 : Operation 33 [1/1] (0.00ns)   --->   "%zext_ln296 = zext i7 %tmp" [../gen/Hls_Layers_UpConv.tpp:296->../gen/upconv_core_top_ucb0.cpp:40]   --->   Operation 33 'zext' 'zext_ln296' <Predicate = true> <Delay = 0.00>
ST_2 : Operation 34 [1/1] (0.00ns) (grouped into TernaryAdder)   --->   "%sub_ln296 = sub i10 %p_shl, i10 %zext_ln296" [../gen/Hls_Layers_UpConv.tpp:296->../gen/upconv_core_top_ucb0.cpp:40]   --->   Operation 34 'sub' 'sub_ln296' <Predicate = true> <Delay = 0.00> <CoreInst = "TAddSub">   --->   Core 10 'TAddSub' <Latency = 0> <II = 1> <Delay = 0.48> <IPBlock> <Opcode : '' 'add' 'sub'> <InPorts = 3> <OutPorts = 1> <Sync> <CReg>
ST_2 : Operation 35 [1/1] (0.00ns)   --->   "%zext_ln296_1 = zext i6 %select_ln295" [../gen/Hls_Layers_UpConv.tpp:296->../gen/upconv_core_top_ucb0.cpp:40]   --->   Operation 35 'zext' 'zext_ln296_1' <Predicate = true> <Delay = 0.00>
ST_2 : Operation 36 [1/1] (0.96ns) (root node of TernaryAdder)   --->   "%add_ln298 = add i10 %zext_ln296_1, i10 %sub_ln296" [../gen/Hls_Layers_UpConv.tpp:298->../gen/upconv_core_top_ucb0.cpp:40]   --->   Operation 36 'add' 'add_ln298' <Predicate = true> <Delay = 0.96> <CoreInst = "TAddSub">   --->   Core 10 'TAddSub' <Latency = 0> <II = 1> <Delay = 0.48> <IPBlock> <Opcode : '' 'add' 'sub'> <InPorts = 3> <OutPorts = 1> <Sync> <CReg>
ST_2 : Operation 37 [1/1] (2.43ns)   --->   "%gmem_in_addr_read = read i256 @_ssdm_op_Read.m_axi.p1i256, i256 %gmem_in_addr" [../gen/Hls_Layers_UpConv.tpp:298->../gen/upconv_core_top_ucb0.cpp:40]   --->   Operation 37 'read' 'gmem_in_addr_read' <Predicate = true> <Delay = 2.43> <CoreInst = "m_axi">   --->   Core 119 'm_axi' <Latency = 3> <II = 1> <Delay = 1.00> <Adapter> <Opcode : 'read' 'write' 'readreq' 'writereq' 'writeresp'>
ST_2 : Operation 38 [1/1] (0.78ns)   --->   "%add_ln296 = add i6 %select_ln295, i6 1" [../gen/Hls_Layers_UpConv.tpp:296->../gen/upconv_core_top_ucb0.cpp:40]   --->   Operation 38 'add' 'add_ln296' <Predicate = true> <Delay = 0.78> <CoreInst = "Adder">   --->   Core 1 'Adder' <Latency = 0> <II = 1> <Delay = 0.78> <FuncUnit> <Opcode : 'add' 'sub'> <InPorts = 2> <OutPorts = 1>
ST_2 : Operation 39 [1/1] (0.42ns)   --->   "%store_ln295 = store i5 %select_ln295_1, i5 %wi" [../gen/Hls_Layers_UpConv.tpp:295->../gen/upconv_core_top_ucb0.cpp:40]   --->   Operation 39 'store' 'store_ln295' <Predicate = true> <Delay = 0.42>
ST_2 : Operation 40 [1/1] (0.42ns)   --->   "%store_ln296 = store i6 %add_ln296, i6 %ciw" [../gen/Hls_Layers_UpConv.tpp:296->../gen/upconv_core_top_ucb0.cpp:40]   --->   Operation 40 'store' 'store_ln296' <Predicate = true> <Delay = 0.42>
ST_2 : Operation 48 [1/1] (0.42ns)   --->   "%ret_ln0 = ret"   --->   Operation 48 'ret' 'ret_ln0' <Predicate = (icmp_ln295)> <Delay = 0.42>

State 3 <SV = 2> <Delay = 1.23>
ST_3 : Operation 41 [1/1] (0.00ns)   --->   "%specloopname_ln0 = specloopname void @_ssdm_op_SpecLoopName, void @LOAD_ROW0_VITIS_LOOP_296_1_str"   --->   Operation 41 'specloopname' 'specloopname_ln0' <Predicate = true> <Delay = 0.00>
ST_3 : Operation 42 [1/1] (0.00ns)   --->   "%speclooptripcount_ln0 = speclooptripcount void @_ssdm_op_SpecLoopTripCount, i64 960, i64 960, i64 960"   --->   Operation 42 'speclooptripcount' 'speclooptripcount_ln0' <Predicate = true> <Delay = 0.00>
ST_3 : Operation 43 [1/1] (0.00ns)   --->   "%specpipeline_ln297 = specpipeline void @_ssdm_op_SpecPipeline, i32 1, i32 0, i32 0, i32 0, void @empty_5" [../gen/Hls_Layers_UpConv.tpp:297->../gen/upconv_core_top_ucb0.cpp:40]   --->   Operation 43 'specpipeline' 'specpipeline_ln297' <Predicate = true> <Delay = 0.00>
ST_3 : Operation 44 [1/1] (0.00ns)   --->   "%zext_ln298 = zext i10 %add_ln298" [../gen/Hls_Layers_UpConv.tpp:298->../gen/upconv_core_top_ucb0.cpp:40]   --->   Operation 44 'zext' 'zext_ln298' <Predicate = true> <Delay = 0.00>
ST_3 : Operation 45 [1/1] (0.00ns)   --->   "%x_buf_addr = getelementptr i256 %x_buf, i64 0, i64 %zext_ln298" [../gen/Hls_Layers_UpConv.tpp:298->../gen/upconv_core_top_ucb0.cpp:40]   --->   Operation 45 'getelementptr' 'x_buf_addr' <Predicate = true> <Delay = 0.00>
ST_3 : Operation 46 [1/1] ( I:1.23ns O:1.23ns )   --->   "%store_ln298 = store i256 %gmem_in_addr_read, i11 %x_buf_addr" [../gen/Hls_Layers_UpConv.tpp:298->../gen/upconv_core_top_ucb0.cpp:40]   --->   Operation 46 'store' 'store_ln298' <Predicate = true> <Delay = 1.23> <CoreInst = "RAM_T2P_URAM">   --->   Core 99 'RAM_T2P_URAM' <Latency = 1> <II = 1> <Delay = 1.23> <Storage> <Opcode : 'load' 'store'> <Ports = 2> <Width = 256> <Depth = 1920> <RAM>
ST_3 : Operation 47 [1/1] (0.00ns)   --->   "%br_ln296 = br void %for.body4.i" [../gen/Hls_Layers_UpConv.tpp:296->../gen/upconv_core_top_ucb0.cpp:40]   --->   Operation 47 'br' 'br_ln296' <Predicate = true> <Delay = 0.00>


============================================================
+ Verbose Summary: Timing violations
============================================================
Target clock period: 3.333ns, clock uncertainty: 0.900ns.

 <State 1>: 1.641ns
The critical path consists of the following:
	'store' operation 0 bit ('store_ln0') of constant 0 on local variable 'indvar_flatten' [11]  (0.427 ns)
	'load' operation 10 bit ('indvar_flatten_load', ../gen/Hls_Layers_UpConv.tpp:295->../gen/upconv_core_top_ucb0.cpp:40) on local variable 'indvar_flatten' [16]  (0.000 ns)
	'icmp' operation 1 bit ('icmp_ln295', ../gen/Hls_Layers_UpConv.tpp:295->../gen/upconv_core_top_ucb0.cpp:40) [18]  (0.787 ns)
	'store' operation 0 bit ('store_ln295', ../gen/Hls_Layers_UpConv.tpp:295->../gen/upconv_core_top_ucb0.cpp:40) of variable 'add_ln295_1', ../gen/Hls_Layers_UpConv.tpp:295->../gen/upconv_core_top_ucb0.cpp:40 on local variable 'indvar_flatten' [44]  (0.427 ns)

 <State 2>: 2.433ns
The critical path consists of the following:
	'getelementptr' operation 256 bit ('gmem_in_addr', ../gen/Hls_Layers_UpConv.tpp:295->../gen/upconv_core_top_ucb0.cpp:40) [24]  (0.000 ns)
	bus read operation ('gmem_in_addr_read', ../gen/Hls_Layers_UpConv.tpp:298->../gen/upconv_core_top_ucb0.cpp:40) on port 'gmem_in' (../gen/Hls_Layers_UpConv.tpp:298->../gen/upconv_core_top_ucb0.cpp:40) [41]  (2.433 ns)

 <State 3>: 1.237ns
The critical path consists of the following:
	'getelementptr' operation 11 bit ('x_buf_addr', ../gen/Hls_Layers_UpConv.tpp:298->../gen/upconv_core_top_ucb0.cpp:40) [40]  (0.000 ns)
	'store' operation 0 bit ('store_ln298', ../gen/Hls_Layers_UpConv.tpp:298->../gen/upconv_core_top_ucb0.cpp:40) of variable 'gmem_in_addr_read', ../gen/Hls_Layers_UpConv.tpp:298->../gen/upconv_core_top_ucb0.cpp:40 on array 'x_buf' [42]  (1.237 ns)


============================================================
+ Verbose Summary: Binding
============================================================
N/A
* FSMD analyzer results:
  - Output states:
 - Input state : 
  - Chain level:
	State 1
	State 2
	State 3


============================================================
+ Verbose Summary: Datapath Resource usage 
============================================================
N/A
