

================================================================
== Vitis HLS Report for 'UpConv_Fused_Row_8_16_16_960_480_Pipeline_PRELOAD_W_W_FLAT'
================================================================
* Date:           Wed Jun  3 13:46:32 2026

* Version:        2024.2 (Build 5238294 on Nov  8 2024)
* Project:        upconv_block0
* Solution:       hls (Vivado IP Flow Target)
* Product family: zynquplus
* Target device:  xczu7ev-ffvc1156-2-e


================================================================
== Performance Estimates
================================================================
+ Timing: 
    * Summary: 
    +--------+---------+----------+------------+
    |  Clock |  Target | Estimated| Uncertainty|
    +--------+---------+----------+------------+
    |ap_clk  |  3.33 ns|  2.433 ns|     0.90 ns|
    +--------+---------+----------+------------+

+ Latency: 
    * Summary: 
    +---------+---------+-----------+-----------+------+------+------------------------------------------------+
    |  Latency (cycles) |   Latency (absolute)  |   Interval  |                    Pipeline                    |
    |   min   |   max   |    min    |    max    |  min |  max |                      Type                      |
    +---------+---------+-----------+-----------+------+------+------------------------------------------------+
    |     4323|     4323|  14.409 us|  14.409 us|  4321|  4321|  loop auto-rewind stp (delay=0 clock cycles(s))|
    +---------+---------+-----------+-----------+------+------+------------------------------------------------+

    + Detail: 
        * Instance: 
        N/A

        * Loop: 
        +--------------------+---------+---------+----------+-----------+-----------+------+----------+
        |                    |  Latency (cycles) | Iteration|  Initiation Interval  | Trip |          |
        |      Loop Name     |   min   |   max   |  Latency |  achieved |   target  | Count| Pipelined|
        +--------------------+---------+---------+----------+-----------+-----------+------+----------+
        |- PRELOAD_W_W_FLAT  |     4321|     4321|         3|          1|          1|  4320|       yes|
        +--------------------+---------+---------+----------+-----------+-----------+------+----------+

============================================================
+ Verbose Summary: Synthesis Manager
============================================================
InlineROM: 1
ExposeGlobal: 0
============================================================
+ Verbose Summary: CDFG Model
============================================================
IsTopModel: 0
ResetActiveHigh: 1
IsCombinational: 0
IsDatapathOnly: 0
HasWiredReturn: 1
HasMFsm: 2
HasVarLatency: 1
IsPipeline: 0
IsRtlPipelined: 0
IsInstanceOverlapped: 0
IsDontTouch: 0
HasImplIP: 0
IsGatedGlobalClock: 0

+ Individual pipeline summary: 
  * Pipeline-0: initiation interval (II) = 1, depth = 3


============================================================
+ Verbose Summary: Schedule
============================================================
* Number of FSM states : 3
* Pipeline : 1
  Pipeline-0 : II = 1, D = 3, States = { 1 2 3 }
* Dataflow Pipeline: 0

* FSM state transitions: 
1 --> 2 
2 --> 3 
3 --> 

* FSM state operations: 

State 1 <SV = 0> <Delay = 1.67>
ST_1 : Operation 6 [1/1] (0.00ns)   --->   "%kci = alloca i32 1" [../gen/Hls_Layers_UpConv.tpp:93->../gen/Hls_Layers_UpConv.tpp:358]   --->   Operation 6 'alloca' 'kci' <Predicate = true> <Delay = 0.00>
ST_1 : Operation 7 [1/1] (0.00ns)   --->   "%tc = alloca i32 1" [../gen/Hls_Layers_UpConv.tpp:89->../gen/Hls_Layers_UpConv.tpp:358]   --->   Operation 7 'alloca' 'tc' <Predicate = true> <Delay = 0.00>
ST_1 : Operation 8 [1/1] (0.00ns)   --->   "%indvar_flatten = alloca i32 1"   --->   Operation 8 'alloca' 'indvar_flatten' <Predicate = true> <Delay = 0.00>
ST_1 : Operation 9 [1/1] (0.00ns)   --->   "%sext_ln357_read = read i59 @_ssdm_op_Read.ap_auto.i59, i59 %sext_ln357"   --->   Operation 9 'read' 'sext_ln357_read' <Predicate = true> <Delay = 0.00>
ST_1 : Operation 10 [1/1] (0.00ns)   --->   "%sext_ln357_cast = sext i59 %sext_ln357_read"   --->   Operation 10 'sext' 'sext_ln357_cast' <Predicate = true> <Delay = 0.00>
ST_1 : Operation 11 [1/1] (0.00ns)   --->   "%specmemcore_ln0 = specmemcore void @_ssdm_op_SpecMemCore, i256 %w_local_7, i64 666, i64 30, i64 2"   --->   Operation 11 'specmemcore' 'specmemcore_ln0' <Predicate = true> <Delay = 0.00>
ST_1 : Operation 12 [1/1] (0.00ns)   --->   "%specmemcore_ln0 = specmemcore void @_ssdm_op_SpecMemCore, i256 %w_local_6, i64 666, i64 30, i64 2"   --->   Operation 12 'specmemcore' 'specmemcore_ln0' <Predicate = true> <Delay = 0.00>
ST_1 : Operation 13 [1/1] (0.00ns)   --->   "%specmemcore_ln0 = specmemcore void @_ssdm_op_SpecMemCore, i256 %w_local_5, i64 666, i64 30, i64 2"   --->   Operation 13 'specmemcore' 'specmemcore_ln0' <Predicate = true> <Delay = 0.00>
ST_1 : Operation 14 [1/1] (0.00ns)   --->   "%specmemcore_ln0 = specmemcore void @_ssdm_op_SpecMemCore, i256 %w_local_4, i64 666, i64 30, i64 2"   --->   Operation 14 'specmemcore' 'specmemcore_ln0' <Predicate = true> <Delay = 0.00>
ST_1 : Operation 15 [1/1] (0.00ns)   --->   "%specmemcore_ln0 = specmemcore void @_ssdm_op_SpecMemCore, i256 %w_local_3, i64 666, i64 30, i64 2"   --->   Operation 15 'specmemcore' 'specmemcore_ln0' <Predicate = true> <Delay = 0.00>
ST_1 : Operation 16 [1/1] (0.00ns)   --->   "%specmemcore_ln0 = specmemcore void @_ssdm_op_SpecMemCore, i256 %w_local_2, i64 666, i64 30, i64 2"   --->   Operation 16 'specmemcore' 'specmemcore_ln0' <Predicate = true> <Delay = 0.00>
ST_1 : Operation 17 [1/1] (0.00ns)   --->   "%specmemcore_ln0 = specmemcore void @_ssdm_op_SpecMemCore, i256 %w_local_1, i64 666, i64 30, i64 2"   --->   Operation 17 'specmemcore' 'specmemcore_ln0' <Predicate = true> <Delay = 0.00>
ST_1 : Operation 18 [1/1] (0.00ns)   --->   "%specmemcore_ln0 = specmemcore void @_ssdm_op_SpecMemCore, i256 %w_local, i64 666, i64 30, i64 2"   --->   Operation 18 'specmemcore' 'specmemcore_ln0' <Predicate = true> <Delay = 0.00>
ST_1 : Operation 19 [1/1] (0.00ns)   --->   "%specinterface_ln0 = specinterface void @_ssdm_op_SpecInterface, i256 %gmem_weight, void @empty_27, i32 0, i32 0, void @empty_1, i32 0, i32 0, void @empty_11, void @empty_14, void @empty_1, i32 16, i32 16, i32 64, i32 16, void @empty_1, void @empty_1, i32 4294967295, i32 0, i32 0"   --->   Operation 19 'specinterface' 'specinterface_ln0' <Predicate = true> <Delay = 0.00>
ST_1 : Operation 20 [1/1] (0.42ns)   --->   "%store_ln0 = store i13 0, i13 %indvar_flatten"   --->   Operation 20 'store' 'store_ln0' <Predicate = true> <Delay = 0.42>
ST_1 : Operation 21 [1/1] (0.42ns)   --->   "%store_ln89 = store i4 0, i4 %tc" [../gen/Hls_Layers_UpConv.tpp:89->../gen/Hls_Layers_UpConv.tpp:358]   --->   Operation 21 'store' 'store_ln89' <Predicate = true> <Delay = 0.42>
ST_1 : Operation 22 [1/1] (0.42ns)   --->   "%store_ln93 = store i10 0, i10 %kci" [../gen/Hls_Layers_UpConv.tpp:93->../gen/Hls_Layers_UpConv.tpp:358]   --->   Operation 22 'store' 'store_ln93' <Predicate = true> <Delay = 0.42>
ST_1 : Operation 23 [1/1] (0.00ns)   --->   "%br_ln0 = br void %for.body7.i132"   --->   Operation 23 'br' 'br_ln0' <Predicate = true> <Delay = 0.00>
ST_1 : Operation 24 [1/1] (0.00ns)   --->   "%indvar_flatten_load = load i13 %indvar_flatten" [../gen/Hls_Layers_UpConv.tpp:89->../gen/Hls_Layers_UpConv.tpp:358]   --->   Operation 24 'load' 'indvar_flatten_load' <Predicate = true> <Delay = 0.00>
ST_1 : Operation 25 [1/1] (0.82ns)   --->   "%icmp_ln89 = icmp_eq  i13 %indvar_flatten_load, i13 4320" [../gen/Hls_Layers_UpConv.tpp:89->../gen/Hls_Layers_UpConv.tpp:358]   --->   Operation 25 'icmp' 'icmp_ln89' <Predicate = true> <Delay = 0.82> <CoreInst = "Cmp">   --->   Core 9 'Cmp' <Latency = 0> <II = 1> <Delay = 0.82> <FuncUnit> <Opcode : 'seteq' 'setne' 'setle' 'setge' 'setlt' 'setgt'> <InPorts = 2> <OutPorts = 1>
ST_1 : Operation 26 [1/1] (0.82ns)   --->   "%add_ln89_1 = add i13 %indvar_flatten_load, i13 1" [../gen/Hls_Layers_UpConv.tpp:89->../gen/Hls_Layers_UpConv.tpp:358]   --->   Operation 26 'add' 'add_ln89_1' <Predicate = true> <Delay = 0.82> <CoreInst = "Adder">   --->   Core 1 'Adder' <Latency = 0> <II = 1> <Delay = 0.82> <FuncUnit> <Opcode : 'add' 'sub'> <InPorts = 2> <OutPorts = 1>
ST_1 : Operation 27 [1/1] (0.00ns)   --->   "%br_ln89 = br i1 %icmp_ln89, void %if.end.i134, void %_ZL16Load_Weight_TileILi8ELi480ELi60EEvPK7ap_uintILi256EERAT__AmlLi9ET1__S1_i.exit.exitStub" [../gen/Hls_Layers_UpConv.tpp:89->../gen/Hls_Layers_UpConv.tpp:358]   --->   Operation 27 'br' 'br_ln89' <Predicate = true> <Delay = 0.00>
ST_1 : Operation 28 [1/1] (0.42ns)   --->   "%store_ln89 = store i13 %add_ln89_1, i13 %indvar_flatten" [../gen/Hls_Layers_UpConv.tpp:89->../gen/Hls_Layers_UpConv.tpp:358]   --->   Operation 28 'store' 'store_ln89' <Predicate = (!icmp_ln89)> <Delay = 0.42>

State 2 <SV = 1> <Delay = 2.43>
ST_2 : Operation 29 [1/1] (0.00ns)   --->   "%kci_load = load i10 %kci" [../gen/Hls_Layers_UpConv.tpp:93->../gen/Hls_Layers_UpConv.tpp:358]   --->   Operation 29 'load' 'kci_load' <Predicate = true> <Delay = 0.00>
ST_2 : Operation 30 [1/1] (0.00ns)   --->   "%tc_load = load i4 %tc" [../gen/Hls_Layers_UpConv.tpp:89->../gen/Hls_Layers_UpConv.tpp:358]   --->   Operation 30 'load' 'tc_load' <Predicate = true> <Delay = 0.00>
ST_2 : Operation 31 [1/1] (0.00ns)   --->   "%gmem_weight_addr = getelementptr i256 %gmem_weight, i64 %sext_ln357_cast" [../gen/Hls_Layers_UpConv.tpp:357]   --->   Operation 31 'getelementptr' 'gmem_weight_addr' <Predicate = true> <Delay = 0.00>
ST_2 : Operation 32 [1/1] (0.79ns)   --->   "%add_ln89 = add i4 %tc_load, i4 1" [../gen/Hls_Layers_UpConv.tpp:89->../gen/Hls_Layers_UpConv.tpp:358]   --->   Operation 32 'add' 'add_ln89' <Predicate = true> <Delay = 0.79> <CoreInst = "Adder">   --->   Core 1 'Adder' <Latency = 0> <II = 1> <Delay = 0.79> <FuncUnit> <Opcode : 'add' 'sub'> <InPorts = 2> <OutPorts = 1>
ST_2 : Operation 33 [1/1] (0.78ns)   --->   "%icmp_ln93 = icmp_eq  i10 %kci_load, i10 540" [../gen/Hls_Layers_UpConv.tpp:93->../gen/Hls_Layers_UpConv.tpp:358]   --->   Operation 33 'icmp' 'icmp_ln93' <Predicate = true> <Delay = 0.78> <CoreInst = "Cmp">   --->   Core 9 'Cmp' <Latency = 0> <II = 1> <Delay = 0.78> <FuncUnit> <Opcode : 'seteq' 'setne' 'setle' 'setge' 'setlt' 'setgt'> <InPorts = 2> <OutPorts = 1>
ST_2 : Operation 34 [1/1] (0.40ns)   --->   "%select_ln89 = select i1 %icmp_ln93, i10 0, i10 %kci_load" [../gen/Hls_Layers_UpConv.tpp:89->../gen/Hls_Layers_UpConv.tpp:358]   --->   Operation 34 'select' 'select_ln89' <Predicate = true> <Delay = 0.40> <CoreInst = "Sel">   --->   Core 73 'Sel' <Latency = 0> <II = 1> <Delay = 0.40> <FuncUnit> <Opcode : 'select'> <InPorts = 3> <OutPorts = 1>
ST_2 : Operation 35 [1/1] (0.39ns)   --->   "%select_ln89_1 = select i1 %icmp_ln93, i4 %add_ln89, i4 %tc_load" [../gen/Hls_Layers_UpConv.tpp:89->../gen/Hls_Layers_UpConv.tpp:358]   --->   Operation 35 'select' 'select_ln89_1' <Predicate = true> <Delay = 0.39> <CoreInst = "Sel">   --->   Core 73 'Sel' <Latency = 0> <II = 1> <Delay = 0.39> <FuncUnit> <Opcode : 'select'> <InPorts = 3> <OutPorts = 1>
ST_2 : Operation 36 [1/1] (0.00ns)   --->   "%trunc_ln89 = trunc i4 %select_ln89_1" [../gen/Hls_Layers_UpConv.tpp:89->../gen/Hls_Layers_UpConv.tpp:358]   --->   Operation 36 'trunc' 'trunc_ln89' <Predicate = true> <Delay = 0.00>
ST_2 : Operation 37 [1/1] (2.43ns)   --->   "%gmem_weight_addr_read = read i256 @_ssdm_op_Read.m_axi.p1i256, i256 %gmem_weight_addr" [../gen/Hls_Layers_UpConv.tpp:95->../gen/Hls_Layers_UpConv.tpp:358]   --->   Operation 37 'read' 'gmem_weight_addr_read' <Predicate = true> <Delay = 2.43> <CoreInst = "m_axi">   --->   Core 119 'm_axi' <Latency = 3> <II = 1> <Delay = 1.00> <Adapter> <Opcode : 'read' 'write' 'readreq' 'writereq' 'writeresp'>
ST_2 : Operation 38 [1/1] (0.67ns)   --->   "%switch_ln95 = switch i3 %trunc_ln89, void %arrayidx121.i.case.7, i3 0, void %arrayidx121.i.case.0, i3 1, void %arrayidx121.i.case.1, i3 2, void %arrayidx121.i.case.2, i3 3, void %arrayidx121.i.case.3, i3 4, void %arrayidx121.i.case.4, i3 5, void %arrayidx121.i.case.5, i3 6, void %arrayidx121.i.case.6" [../gen/Hls_Layers_UpConv.tpp:95->../gen/Hls_Layers_UpConv.tpp:358]   --->   Operation 38 'switch' 'switch_ln95' <Predicate = true> <Delay = 0.67>
ST_2 : Operation 39 [1/1] (0.78ns)   --->   "%add_ln93 = add i10 %select_ln89, i10 1" [../gen/Hls_Layers_UpConv.tpp:93->../gen/Hls_Layers_UpConv.tpp:358]   --->   Operation 39 'add' 'add_ln93' <Predicate = true> <Delay = 0.78> <CoreInst = "Adder">   --->   Core 1 'Adder' <Latency = 0> <II = 1> <Delay = 0.78> <FuncUnit> <Opcode : 'add' 'sub'> <InPorts = 2> <OutPorts = 1>
ST_2 : Operation 40 [1/1] (0.42ns)   --->   "%store_ln89 = store i4 %select_ln89_1, i4 %tc" [../gen/Hls_Layers_UpConv.tpp:89->../gen/Hls_Layers_UpConv.tpp:358]   --->   Operation 40 'store' 'store_ln89' <Predicate = true> <Delay = 0.42>
ST_2 : Operation 41 [1/1] (0.42ns)   --->   "%store_ln93 = store i10 %add_ln93, i10 %kci" [../gen/Hls_Layers_UpConv.tpp:93->../gen/Hls_Layers_UpConv.tpp:358]   --->   Operation 41 'store' 'store_ln93' <Predicate = true> <Delay = 0.42>
ST_2 : Operation 42 [1/1] (0.00ns)   --->   "%br_ln93 = br void %for.body7.i132" [../gen/Hls_Layers_UpConv.tpp:93->../gen/Hls_Layers_UpConv.tpp:358]   --->   Operation 42 'br' 'br_ln93' <Predicate = true> <Delay = 0.00>
ST_2 : Operation 71 [1/1] (0.42ns)   --->   "%ret_ln0 = ret"   --->   Operation 71 'ret' 'ret_ln0' <Predicate = (icmp_ln89)> <Delay = 0.42>

State 3 <SV = 2> <Delay = 1.23>
ST_3 : Operation 43 [1/1] (0.00ns)   --->   "%specloopname_ln0 = specloopname void @_ssdm_op_SpecLoopName, void @PRELOAD_W_W_FLAT_str"   --->   Operation 43 'specloopname' 'specloopname_ln0' <Predicate = true> <Delay = 0.00>
ST_3 : Operation 44 [1/1] (0.00ns)   --->   "%speclooptripcount_ln0 = speclooptripcount void @_ssdm_op_SpecLoopTripCount, i64 4320, i64 4320, i64 4320"   --->   Operation 44 'speclooptripcount' 'speclooptripcount_ln0' <Predicate = true> <Delay = 0.00>
ST_3 : Operation 45 [1/1] (0.00ns)   --->   "%zext_ln93 = zext i10 %select_ln89" [../gen/Hls_Layers_UpConv.tpp:93->../gen/Hls_Layers_UpConv.tpp:358]   --->   Operation 45 'zext' 'zext_ln93' <Predicate = true> <Delay = 0.00>
ST_3 : Operation 46 [1/1] (0.00ns)   --->   "%specpipeline_ln94 = specpipeline void @_ssdm_op_SpecPipeline, i32 1, i32 0, i32 0, i32 0, void @empty_1" [../gen/Hls_Layers_UpConv.tpp:94->../gen/Hls_Layers_UpConv.tpp:358]   --->   Operation 46 'specpipeline' 'specpipeline_ln94' <Predicate = true> <Delay = 0.00>
ST_3 : Operation 47 [1/1] (0.00ns)   --->   "%w_local_addr = getelementptr i256 %w_local, i64 0, i64 %zext_ln93" [../gen/Hls_Layers_UpConv.tpp:95->../gen/Hls_Layers_UpConv.tpp:358]   --->   Operation 47 'getelementptr' 'w_local_addr' <Predicate = true> <Delay = 0.00>
ST_3 : Operation 48 [1/1] (0.00ns)   --->   "%w_local_1_addr = getelementptr i256 %w_local_1, i64 0, i64 %zext_ln93" [../gen/Hls_Layers_UpConv.tpp:95->../gen/Hls_Layers_UpConv.tpp:358]   --->   Operation 48 'getelementptr' 'w_local_1_addr' <Predicate = true> <Delay = 0.00>
ST_3 : Operation 49 [1/1] (0.00ns)   --->   "%w_local_2_addr = getelementptr i256 %w_local_2, i64 0, i64 %zext_ln93" [../gen/Hls_Layers_UpConv.tpp:95->../gen/Hls_Layers_UpConv.tpp:358]   --->   Operation 49 'getelementptr' 'w_local_2_addr' <Predicate = true> <Delay = 0.00>
ST_3 : Operation 50 [1/1] (0.00ns)   --->   "%w_local_3_addr = getelementptr i256 %w_local_3, i64 0, i64 %zext_ln93" [../gen/Hls_Layers_UpConv.tpp:95->../gen/Hls_Layers_UpConv.tpp:358]   --->   Operation 50 'getelementptr' 'w_local_3_addr' <Predicate = true> <Delay = 0.00>
ST_3 : Operation 51 [1/1] (0.00ns)   --->   "%w_local_4_addr = getelementptr i256 %w_local_4, i64 0, i64 %zext_ln93" [../gen/Hls_Layers_UpConv.tpp:95->../gen/Hls_Layers_UpConv.tpp:358]   --->   Operation 51 'getelementptr' 'w_local_4_addr' <Predicate = true> <Delay = 0.00>
ST_3 : Operation 52 [1/1] (0.00ns)   --->   "%w_local_5_addr = getelementptr i256 %w_local_5, i64 0, i64 %zext_ln93" [../gen/Hls_Layers_UpConv.tpp:95->../gen/Hls_Layers_UpConv.tpp:358]   --->   Operation 52 'getelementptr' 'w_local_5_addr' <Predicate = true> <Delay = 0.00>
ST_3 : Operation 53 [1/1] (0.00ns)   --->   "%w_local_6_addr = getelementptr i256 %w_local_6, i64 0, i64 %zext_ln93" [../gen/Hls_Layers_UpConv.tpp:95->../gen/Hls_Layers_UpConv.tpp:358]   --->   Operation 53 'getelementptr' 'w_local_6_addr' <Predicate = true> <Delay = 0.00>
ST_3 : Operation 54 [1/1] (0.00ns)   --->   "%w_local_7_addr = getelementptr i256 %w_local_7, i64 0, i64 %zext_ln93" [../gen/Hls_Layers_UpConv.tpp:95->../gen/Hls_Layers_UpConv.tpp:358]   --->   Operation 54 'getelementptr' 'w_local_7_addr' <Predicate = true> <Delay = 0.00>
ST_3 : Operation 55 [1/1] ( I:1.23ns O:1.23ns )   --->   "%store_ln95 = store i256 %gmem_weight_addr_read, i10 %w_local_6_addr" [../gen/Hls_Layers_UpConv.tpp:95->../gen/Hls_Layers_UpConv.tpp:358]   --->   Operation 55 'store' 'store_ln95' <Predicate = (trunc_ln89 == 6)> <Delay = 1.23> <CoreInst = "RAM_T2P_BRAM">   --->   Core 98 'RAM_T2P_BRAM' <Latency = 2> <II = 1> <Delay = 1.23> <Storage> <Opcode : 'load' 'store'> <Ports = 2> <Width = 256> <Depth = 540> <RAM>
ST_3 : Operation 56 [1/1] (0.00ns)   --->   "%br_ln95 = br void %arrayidx121.i.exit" [../gen/Hls_Layers_UpConv.tpp:95->../gen/Hls_Layers_UpConv.tpp:358]   --->   Operation 56 'br' 'br_ln95' <Predicate = (trunc_ln89 == 6)> <Delay = 0.00>
ST_3 : Operation 57 [1/1] ( I:1.23ns O:1.23ns )   --->   "%store_ln95 = store i256 %gmem_weight_addr_read, i10 %w_local_5_addr" [../gen/Hls_Layers_UpConv.tpp:95->../gen/Hls_Layers_UpConv.tpp:358]   --->   Operation 57 'store' 'store_ln95' <Predicate = (trunc_ln89 == 5)> <Delay = 1.23> <CoreInst = "RAM_T2P_BRAM">   --->   Core 98 'RAM_T2P_BRAM' <Latency = 2> <II = 1> <Delay = 1.23> <Storage> <Opcode : 'load' 'store'> <Ports = 2> <Width = 256> <Depth = 540> <RAM>
ST_3 : Operation 58 [1/1] (0.00ns)   --->   "%br_ln95 = br void %arrayidx121.i.exit" [../gen/Hls_Layers_UpConv.tpp:95->../gen/Hls_Layers_UpConv.tpp:358]   --->   Operation 58 'br' 'br_ln95' <Predicate = (trunc_ln89 == 5)> <Delay = 0.00>
ST_3 : Operation 59 [1/1] ( I:1.23ns O:1.23ns )   --->   "%store_ln95 = store i256 %gmem_weight_addr_read, i10 %w_local_4_addr" [../gen/Hls_Layers_UpConv.tpp:95->../gen/Hls_Layers_UpConv.tpp:358]   --->   Operation 59 'store' 'store_ln95' <Predicate = (trunc_ln89 == 4)> <Delay = 1.23> <CoreInst = "RAM_T2P_BRAM">   --->   Core 98 'RAM_T2P_BRAM' <Latency = 2> <II = 1> <Delay = 1.23> <Storage> <Opcode : 'load' 'store'> <Ports = 2> <Width = 256> <Depth = 540> <RAM>
ST_3 : Operation 60 [1/1] (0.00ns)   --->   "%br_ln95 = br void %arrayidx121.i.exit" [../gen/Hls_Layers_UpConv.tpp:95->../gen/Hls_Layers_UpConv.tpp:358]   --->   Operation 60 'br' 'br_ln95' <Predicate = (trunc_ln89 == 4)> <Delay = 0.00>
ST_3 : Operation 61 [1/1] ( I:1.23ns O:1.23ns )   --->   "%store_ln95 = store i256 %gmem_weight_addr_read, i10 %w_local_3_addr" [../gen/Hls_Layers_UpConv.tpp:95->../gen/Hls_Layers_UpConv.tpp:358]   --->   Operation 61 'store' 'store_ln95' <Predicate = (trunc_ln89 == 3)> <Delay = 1.23> <CoreInst = "RAM_T2P_BRAM">   --->   Core 98 'RAM_T2P_BRAM' <Latency = 2> <II = 1> <Delay = 1.23> <Storage> <Opcode : 'load' 'store'> <Ports = 2> <Width = 256> <Depth = 540> <RAM>
ST_3 : Operation 62 [1/1] (0.00ns)   --->   "%br_ln95 = br void %arrayidx121.i.exit" [../gen/Hls_Layers_UpConv.tpp:95->../gen/Hls_Layers_UpConv.tpp:358]   --->   Operation 62 'br' 'br_ln95' <Predicate = (trunc_ln89 == 3)> <Delay = 0.00>
ST_3 : Operation 63 [1/1] ( I:1.23ns O:1.23ns )   --->   "%store_ln95 = store i256 %gmem_weight_addr_read, i10 %w_local_2_addr" [../gen/Hls_Layers_UpConv.tpp:95->../gen/Hls_Layers_UpConv.tpp:358]   --->   Operation 63 'store' 'store_ln95' <Predicate = (trunc_ln89 == 2)> <Delay = 1.23> <CoreInst = "RAM_T2P_BRAM">   --->   Core 98 'RAM_T2P_BRAM' <Latency = 2> <II = 1> <Delay = 1.23> <Storage> <Opcode : 'load' 'store'> <Ports = 2> <Width = 256> <Depth = 540> <RAM>
ST_3 : Operation 64 [1/1] (0.00ns)   --->   "%br_ln95 = br void %arrayidx121.i.exit" [../gen/Hls_Layers_UpConv.tpp:95->../gen/Hls_Layers_UpConv.tpp:358]   --->   Operation 64 'br' 'br_ln95' <Predicate = (trunc_ln89 == 2)> <Delay = 0.00>
ST_3 : Operation 65 [1/1] ( I:1.23ns O:1.23ns )   --->   "%store_ln95 = store i256 %gmem_weight_addr_read, i10 %w_local_1_addr" [../gen/Hls_Layers_UpConv.tpp:95->../gen/Hls_Layers_UpConv.tpp:358]   --->   Operation 65 'store' 'store_ln95' <Predicate = (trunc_ln89 == 1)> <Delay = 1.23> <CoreInst = "RAM_T2P_BRAM">   --->   Core 98 'RAM_T2P_BRAM' <Latency = 2> <II = 1> <Delay = 1.23> <Storage> <Opcode : 'load' 'store'> <Ports = 2> <Width = 256> <Depth = 540> <RAM>
ST_3 : Operation 66 [1/1] (0.00ns)   --->   "%br_ln95 = br void %arrayidx121.i.exit" [../gen/Hls_Layers_UpConv.tpp:95->../gen/Hls_Layers_UpConv.tpp:358]   --->   Operation 66 'br' 'br_ln95' <Predicate = (trunc_ln89 == 1)> <Delay = 0.00>
ST_3 : Operation 67 [1/1] ( I:1.23ns O:1.23ns )   --->   "%store_ln95 = store i256 %gmem_weight_addr_read, i10 %w_local_addr" [../gen/Hls_Layers_UpConv.tpp:95->../gen/Hls_Layers_UpConv.tpp:358]   --->   Operation 67 'store' 'store_ln95' <Predicate = (trunc_ln89 == 0)> <Delay = 1.23> <CoreInst = "RAM_T2P_BRAM">   --->   Core 98 'RAM_T2P_BRAM' <Latency = 2> <II = 1> <Delay = 1.23> <Storage> <Opcode : 'load' 'store'> <Ports = 2> <Width = 256> <Depth = 540> <RAM>
ST_3 : Operation 68 [1/1] (0.00ns)   --->   "%br_ln95 = br void %arrayidx121.i.exit" [../gen/Hls_Layers_UpConv.tpp:95->../gen/Hls_Layers_UpConv.tpp:358]   --->   Operation 68 'br' 'br_ln95' <Predicate = (trunc_ln89 == 0)> <Delay = 0.00>
ST_3 : Operation 69 [1/1] ( I:1.23ns O:1.23ns )   --->   "%store_ln95 = store i256 %gmem_weight_addr_read, i10 %w_local_7_addr" [../gen/Hls_Layers_UpConv.tpp:95->../gen/Hls_Layers_UpConv.tpp:358]   --->   Operation 69 'store' 'store_ln95' <Predicate = (trunc_ln89 == 7)> <Delay = 1.23> <CoreInst = "RAM_T2P_BRAM">   --->   Core 98 'RAM_T2P_BRAM' <Latency = 2> <II = 1> <Delay = 1.23> <Storage> <Opcode : 'load' 'store'> <Ports = 2> <Width = 256> <Depth = 540> <RAM>
ST_3 : Operation 70 [1/1] (0.00ns)   --->   "%br_ln95 = br void %arrayidx121.i.exit" [../gen/Hls_Layers_UpConv.tpp:95->../gen/Hls_Layers_UpConv.tpp:358]   --->   Operation 70 'br' 'br_ln95' <Predicate = (trunc_ln89 == 7)> <Delay = 0.00>


============================================================
+ Verbose Summary: Binding
============================================================
STG Binding: 
---------------- STG Properties BEGIN ----------------
- Is combinational: 0
- Is one-state seq: 0
- Is datapath-only: 0
- Is pipelined: 0
- Is top level: 0
Port [ Return ] is wired: 1; IO mode=ap_ctrl_hs:ce=0
Port [ gmem_weight]:  wired=1; compound=1; hidden=0; nouse=0; global=0; static=0; extern=0; dir=0; type=4; pingpong=0; private_global=0; IO mode=m_axi:ce=0
Port [ sext_ln357]:  wired=1; compound=0; hidden=0; nouse=0; global=0; static=0; extern=0; dir=0; type=0; pingpong=0; private_global=0; IO mode=ap_none:ce=0
Port [ w_local_7]:  wired=1; compound=1; hidden=0; nouse=0; global=0; static=0; extern=0; dir=1; type=1; pingpong=0; private_global=0; MemPort=[03]; IO mode=ap_memory:ce=0
Port [ w_local_6]:  wired=1; compound=1; hidden=0; nouse=0; global=0; static=0; extern=0; dir=1; type=1; pingpong=0; private_global=0; MemPort=[03]; IO mode=ap_memory:ce=0
Port [ w_local_5]:  wired=1; compound=1; hidden=0; nouse=0; global=0; static=0; extern=0; dir=1; type=1; pingpong=0; private_global=0; MemPort=[03]; IO mode=ap_memory:ce=0
Port [ w_local_4]:  wired=1; compound=1; hidden=0; nouse=0; global=0; static=0; extern=0; dir=1; type=1; pingpong=0; private_global=0; MemPort=[03]; IO mode=ap_memory:ce=0
Port [ w_local_3]:  wired=1; compound=1; hidden=0; nouse=0; global=0; static=0; extern=0; dir=1; type=1; pingpong=0; private_global=0; MemPort=[03]; IO mode=ap_memory:ce=0
Port [ w_local_2]:  wired=1; compound=1; hidden=0; nouse=0; global=0; static=0; extern=0; dir=1; type=1; pingpong=0; private_global=0; MemPort=[03]; IO mode=ap_memory:ce=0
Port [ w_local_1]:  wired=1; compound=1; hidden=0; nouse=0; global=0; static=0; extern=0; dir=1; type=1; pingpong=0; private_global=0; MemPort=[03]; IO mode=ap_memory:ce=0
Port [ w_local]:  wired=1; compound=1; hidden=0; nouse=0; global=0; static=0; extern=0; dir=1; type=1; pingpong=0; private_global=0; MemPort=[03]; IO mode=ap_memory:ce=0
---------------- STG Properties END ------------------

---------------- Datapath Model BEGIN ----------------

<LifeTime>
<method=bitvector/>
kci                   (alloca           ) [ 0110]
tc                    (alloca           ) [ 0110]
indvar_flatten        (alloca           ) [ 0100]
sext_ln357_read       (read             ) [ 0000]
sext_ln357_cast       (sext             ) [ 0110]
specmemcore_ln0       (specmemcore      ) [ 0000]
specmemcore_ln0       (specmemcore      ) [ 0000]
specmemcore_ln0       (specmemcore      ) [ 0000]
specmemcore_ln0       (specmemcore      ) [ 0000]
specmemcore_ln0       (specmemcore      ) [ 0000]
specmemcore_ln0       (specmemcore      ) [ 0000]
specmemcore_ln0       (specmemcore      ) [ 0000]
specmemcore_ln0       (specmemcore      ) [ 0000]
specinterface_ln0     (specinterface    ) [ 0000]
store_ln0             (store            ) [ 0000]
store_ln89            (store            ) [ 0000]
store_ln93            (store            ) [ 0000]
br_ln0                (br               ) [ 0000]
indvar_flatten_load   (load             ) [ 0000]
icmp_ln89             (icmp             ) [ 0110]
add_ln89_1            (add              ) [ 0000]
br_ln89               (br               ) [ 0000]
store_ln89            (store            ) [ 0000]
kci_load              (load             ) [ 0000]
tc_load               (load             ) [ 0000]
gmem_weight_addr      (getelementptr    ) [ 0000]
add_ln89              (add              ) [ 0000]
icmp_ln93             (icmp             ) [ 0000]
select_ln89           (select           ) [ 0101]
select_ln89_1         (select           ) [ 0000]
trunc_ln89            (trunc            ) [ 0101]
gmem_weight_addr_read (read             ) [ 0101]
switch_ln95           (switch           ) [ 0000]
add_ln93              (add              ) [ 0000]
store_ln89            (store            ) [ 0000]
store_ln93            (store            ) [ 0000]
br_ln93               (br               ) [ 0000]
specloopname_ln0      (specloopname     ) [ 0000]
speclooptripcount_ln0 (speclooptripcount) [ 0000]
zext_ln93             (zext             ) [ 0000]
specpipeline_ln94     (specpipeline     ) [ 0000]
w_local_addr          (getelementptr    ) [ 0000]
w_local_1_addr        (getelementptr    ) [ 0000]
w_local_2_addr        (getelementptr    ) [ 0000]
w_local_3_addr        (getelementptr    ) [ 0000]
w_local_4_addr        (getelementptr    ) [ 0000]
w_local_5_addr        (getelementptr    ) [ 0000]
w_local_6_addr        (getelementptr    ) [ 0000]
w_local_7_addr        (getelementptr    ) [ 0000]
store_ln95            (store            ) [ 0000]
br_ln95               (br               ) [ 0000]
store_ln95            (store            ) [ 0000]
br_ln95               (br               ) [ 0000]
store_ln95            (store            ) [ 0000]
br_ln95               (br               ) [ 0000]
store_ln95            (store            ) [ 0000]
br_ln95               (br               ) [ 0000]
store_ln95            (store            ) [ 0000]
br_ln95               (br               ) [ 0000]
store_ln95            (store            ) [ 0000]
br_ln95               (br               ) [ 0000]
store_ln95            (store            ) [ 0000]
br_ln95               (br               ) [ 0000]
store_ln95            (store            ) [ 0000]
br_ln95               (br               ) [ 0000]
ret_ln0               (ret              ) [ 0000]
</LifeTime>

<model>

<comp_list>
<comp id="0" class="1000" name="gmem_weight">
<pin_list>
<pin id="1" dir="1" index="0" bw="1" slack="0"/>
</pin_list>
<bind>
<StgValue><ssdm name="gmem_weight"/><MemPortTyVec>0 </MemPortTyVec>
</StgValue>
</bind>
</comp>

<comp id="2" class="1000" name="sext_ln357">
<pin_list>
<pin id="3" dir="1" index="0" bw="1" slack="0"/>
</pin_list>
<bind>
<StgValue><ssdm name="sext_ln357"/></StgValue>
</bind>
</comp>

<comp id="4" class="1000" name="w_local_7">
<pin_list>
<pin id="5" dir="1" index="0" bw="1" slack="0"/>
</pin_list>
<bind>
<StgValue><ssdm name="w_local_7"/><MemPortTyVec>0 3 </MemPortTyVec>
</StgValue>
</bind>
</comp>

<comp id="6" class="1000" name="w_local_6">
<pin_list>
<pin id="7" dir="1" index="0" bw="1" slack="0"/>
</pin_list>
<bind>
<StgValue><ssdm name="w_local_6"/><MemPortTyVec>0 3 </MemPortTyVec>
</StgValue>
</bind>
</comp>

<comp id="8" class="1000" name="w_local_5">
<pin_list>
<pin id="9" dir="1" index="0" bw="1" slack="0"/>
</pin_list>
<bind>
<StgValue><ssdm name="w_local_5"/><MemPortTyVec>0 3 </MemPortTyVec>
</StgValue>
</bind>
</comp>

<comp id="10" class="1000" name="w_local_4">
<pin_list>
<pin id="11" dir="1" index="0" bw="1" slack="0"/>
</pin_list>
<bind>
<StgValue><ssdm name="w_local_4"/><MemPortTyVec>0 3 </MemPortTyVec>
</StgValue>
</bind>
</comp>

<comp id="12" class="1000" name="w_local_3">
<pin_list>
<pin id="13" dir="1" index="0" bw="1" slack="0"/>
</pin_list>
<bind>
<StgValue><ssdm name="w_local_3"/><MemPortTyVec>0 3 </MemPortTyVec>
</StgValue>
</bind>
</comp>

<comp id="14" class="1000" name="w_local_2">
<pin_list>
<pin id="15" dir="1" index="0" bw="1" slack="0"/>
</pin_list>
<bind>
<StgValue><ssdm name="w_local_2"/><MemPortTyVec>0 3 </MemPortTyVec>
</StgValue>
</bind>
</comp>

<comp id="16" class="1000" name="w_local_1">
<pin_list>
<pin id="17" dir="1" index="0" bw="1" slack="0"/>
</pin_list>
<bind>
<StgValue><ssdm name="w_local_1"/><MemPortTyVec>0 3 </MemPortTyVec>
</StgValue>
</bind>
</comp>

<comp id="18" class="1000" name="w_local">
<pin_list>
<pin id="19" dir="1" index="0" bw="1" slack="0"/>
</pin_list>
<bind>
<StgValue><ssdm name="w_local"/><MemPortTyVec>0 3 </MemPortTyVec>
</StgValue>
</bind>
</comp>

<comp id="20" class="1001" name="const_20">
<pin_list>
<pin id="21" dir="1" index="0" bw="1" slack="0"/>
</pin_list>
<bind>
<StgValue><ssdm name=""/></StgValue>
</bind>
</comp>

<comp id="22" class="1001" name="const_22">
<pin_list>
<pin id="23" dir="1" index="0" bw="1" slack="0"/>
</pin_list>
<bind>
<StgValue><ssdm name="_ssdm_op_Read.ap_auto.i59"/></StgValue>
</bind>
</comp>

<comp id="24" class="1001" name="const_24">
<pin_list>
<pin id="25" dir="1" index="0" bw="1" slack="2147483647"/>
</pin_list>
<bind>
<StgValue><ssdm name="_ssdm_op_SpecMemCore"/></StgValue>
</bind>
</comp>

<comp id="26" class="1001" name="const_26">
<pin_list>
<pin id="27" dir="1" index="0" bw="1" slack="2147483647"/>
</pin_list>
<bind>
<StgValue><ssdm name=""/></StgValue>
</bind>
</comp>

<comp id="28" class="1001" name="const_28">
<pin_list>
<pin id="29" dir="1" index="0" bw="1" slack="2147483647"/>
</pin_list>
<bind>
<StgValue><ssdm name=""/></StgValue>
</bind>
</comp>

<comp id="30" class="1001" name="const_30">
<pin_list>
<pin id="31" dir="1" index="0" bw="1" slack="2147483647"/>
</pin_list>
<bind>
<StgValue><ssdm name=""/></StgValue>
</bind>
</comp>

<comp id="32" class="1001" name="const_32">
<pin_list>
<pin id="33" dir="1" index="0" bw="1" slack="2147483647"/>
</pin_list>
<bind>
<StgValue><ssdm name="_ssdm_op_SpecInterface"/></StgValue>
</bind>
</comp>

<comp id="34" class="1001" name="const_34">
<pin_list>
<pin id="35" dir="1" index="0" bw="1" slack="2147483647"/>
</pin_list>
<bind>
<StgValue><ssdm name="empty_27"/></StgValue>
</bind>
</comp>

<comp id="36" class="1001" name="const_36">
<pin_list>
<pin id="37" dir="1" index="0" bw="1" slack="2147483647"/>
</pin_list>
<bind>
<StgValue><ssdm name=""/></StgValue>
</bind>
</comp>

<comp id="38" class="1001" name="const_38">
<pin_list>
<pin id="39" dir="1" index="0" bw="1" slack="2147483647"/>
</pin_list>
<bind>
<StgValue><ssdm name="empty_1"/></StgValue>
</bind>
</comp>

<comp id="40" class="1001" name="const_40">
<pin_list>
<pin id="41" dir="1" index="0" bw="1" slack="2147483647"/>
</pin_list>
<bind>
<StgValue><ssdm name="empty_11"/></StgValue>
</bind>
</comp>

<comp id="42" class="1001" name="const_42">
<pin_list>
<pin id="43" dir="1" index="0" bw="1" slack="2147483647"/>
</pin_list>
<bind>
<StgValue><ssdm name="empty_14"/></StgValue>
</bind>
</comp>

<comp id="44" class="1001" name="const_44">
<pin_list>
<pin id="45" dir="1" index="0" bw="1" slack="2147483647"/>
</pin_list>
<bind>
<StgValue><ssdm name=""/></StgValue>
</bind>
</comp>

<comp id="46" class="1001" name="const_46">
<pin_list>
<pin id="47" dir="1" index="0" bw="1" slack="2147483647"/>
</pin_list>
<bind>
<StgValue><ssdm name=""/></StgValue>
</bind>
</comp>

<comp id="48" class="1001" name="const_48">
<pin_list>
<pin id="49" dir="1" index="0" bw="1" slack="2147483647"/>
</pin_list>
<bind>
<StgValue><ssdm name=""/></StgValue>
</bind>
</comp>

<comp id="50" class="1001" name="const_50">
<pin_list>
<pin id="51" dir="1" index="0" bw="1" slack="0"/>
</pin_list>
<bind>
<StgValue><ssdm name=""/></StgValue>
</bind>
</comp>

<comp id="52" class="1001" name="const_52">
<pin_list>
<pin id="53" dir="1" index="0" bw="1" slack="0"/>
</pin_list>
<bind>
<StgValue><ssdm name=""/></StgValue>
</bind>
</comp>

<comp id="54" class="1001" name="const_54">
<pin_list>
<pin id="55" dir="1" index="0" bw="1" slack="0"/>
</pin_list>
<bind>
<StgValue><ssdm name=""/></StgValue>
</bind>
</comp>

<comp id="56" class="1001" name="const_56">
<pin_list>
<pin id="57" dir="1" index="0" bw="1" slack="0"/>
</pin_list>
<bind>
<StgValue><ssdm name=""/></StgValue>
</bind>
</comp>

<comp id="58" class="1001" name="const_58">
<pin_list>
<pin id="59" dir="1" index="0" bw="1" slack="0"/>
</pin_list>
<bind>
<StgValue><ssdm name=""/></StgValue>
</bind>
</comp>

<comp id="60" class="1001" name="const_60">
<pin_list>
<pin id="61" dir="1" index="0" bw="1" slack="0"/>
</pin_list>
<bind>
<StgValue><ssdm name=""/></StgValue>
</bind>
</comp>

<comp id="62" class="1001" name="const_62">
<pin_list>
<pin id="63" dir="1" index="0" bw="1" slack="0"/>
</pin_list>
<bind>
<StgValue><ssdm name=""/></StgValue>
</bind>
</comp>

<comp id="64" class="1001" name="const_64">
<pin_list>
<pin id="65" dir="1" index="0" bw="1" slack="0"/>
</pin_list>
<bind>
<StgValue><ssdm name="_ssdm_op_Read.m_axi.p1i256"/></StgValue>
</bind>
</comp>

<comp id="66" class="1001" name="const_66">
<pin_list>
<pin id="67" dir="1" index="0" bw="1" slack="2147483647"/>
</pin_list>
<bind>
<StgValue><ssdm name=""/></StgValue>
</bind>
</comp>

<comp id="68" class="1001" name="const_68">
<pin_list>
<pin id="69" dir="1" index="0" bw="1" slack="2147483647"/>
</pin_list>
<bind>
<StgValue><ssdm name=""/></StgValue>
</bind>
</comp>

<comp id="70" class="1001" name="const_70">
<pin_list>
<pin id="71" dir="1" index="0" bw="1" slack="2147483647"/>
</pin_list>
<bind>
<StgValue><ssdm name=""/></StgValue>
</bind>
</comp>

<comp id="72" class="1001" name="const_72">
<pin_list>
<pin id="73" dir="1" index="0" bw="1" slack="2147483647"/>
</pin_list>
<bind>
<StgValue><ssdm name=""/></StgValue>
</bind>
</comp>

<comp id="74" class="1001" name="const_74">
<pin_list>
<pin id="75" dir="1" index="0" bw="1" slack="2147483647"/>
</pin_list>
<bind>
<StgValue><ssdm name=""/></StgValue>
</bind>
</comp>

<comp id="76" class="1001" name="const_76">
<pin_list>
<pin id="77" dir="1" index="0" bw="1" slack="2147483647"/>
</pin_list>
<bind>
<StgValue><ssdm name=""/></StgValue>
</bind>
</comp>

<comp id="78" class="1001" name="const_78">
<pin_list>
<pin id="79" dir="1" index="0" bw="1" slack="2147483647"/>
</pin_list>
<bind>
<StgValue><ssdm name=""/></StgValue>
</bind>
</comp>

<comp id="80" class="1001" name="const_80">
<pin_list>
<pin id="81" dir="1" index="0" bw="1" slack="0"/>
</pin_list>
<bind>
<StgValue><ssdm name=""/></StgValue>
</bind>
</comp>

<comp id="82" class="1001" name="const_82">
<pin_list>
<pin id="83" dir="1" index="0" bw="1" slack="2147483647"/>
</pin_list>
<bind>
<StgValue><ssdm name="_ssdm_op_SpecLoopName"/></StgValue>
</bind>
</comp>

<comp id="84" class="1001" name="const_84">
<pin_list>
<pin id="85" dir="1" index="0" bw="1" slack="2147483647"/>
</pin_list>
<bind>
<StgValue><ssdm name="PRELOAD_W_W_FLAT_str"/></StgValue>
</bind>
</comp>

<comp id="86" class="1001" name="const_86">
<pin_list>
<pin id="87" dir="1" index="0" bw="1" slack="2147483647"/>
</pin_list>
<bind>
<StgValue><ssdm name="_ssdm_op_SpecLoopTripCount"/></StgValue>
</bind>
</comp>

<comp id="88" class="1001" name="const_88">
<pin_list>
<pin id="89" dir="1" index="0" bw="1" slack="2147483647"/>
</pin_list>
<bind>
<StgValue><ssdm name=""/></StgValue>
</bind>
</comp>

<comp id="90" class="1001" name="const_90">
<pin_list>
<pin id="91" dir="1" index="0" bw="1" slack="2147483647"/>
</pin_list>
<bind>
<StgValue><ssdm name="_ssdm_op_SpecPipeline"/></StgValue>
</bind>
</comp>

<comp id="92" class="1001" name="const_92">
<pin_list>
<pin id="93" dir="1" index="0" bw="1" slack="0"/>
</pin_list>
<bind>
<StgValue><ssdm name=""/></StgValue>
</bind>
</comp>

<comp id="94" class="1004" name="kci_fu_94">
<pin_list>
<pin id="95" dir="0" index="0" bw="1" slack="0"/>
<pin id="96" dir="1" index="1" bw="10" slack="0"/>
</pin_list>
<bind>
<opcode="alloca(26) " fcode="alloca"/>
<opset="kci/1 "/>
</bind>
</comp>

<comp id="98" class="1004" name="tc_fu_98">
<pin_list>
<pin id="99" dir="0" index="0" bw="1" slack="0"/>
<pin id="100" dir="1" index="1" bw="4" slack="0"/>
</pin_list>
<bind>
<opcode="alloca(26) " fcode="alloca"/>
<opset="tc/1 "/>
</bind>
</comp>

<comp id="102" class="1004" name="indvar_flatten_fu_102">
<pin_list>
<pin id="103" dir="0" index="0" bw="1" slack="0"/>
<pin id="104" dir="1" index="1" bw="13" slack="0"/>
</pin_list>
<bind>
<opcode="alloca(26) " fcode="alloca"/>
<opset="indvar_flatten/1 "/>
</bind>
</comp>

<comp id="106" class="1004" name="sext_ln357_read_read_fu_106">
<pin_list>
<pin id="107" dir="0" index="0" bw="59" slack="0"/>
<pin id="108" dir="0" index="1" bw="59" slack="0"/>
<pin id="109" dir="1" index="2" bw="59" slack="0"/>
</pin_list>
<bind>
<opcode="read(1150) " fcode="read"/>
<opset="sext_ln357_read/1 "/>
</bind>
</comp>

<comp id="112" class="1004" name="gmem_weight_addr_read_read_fu_112">
<pin_list>
<pin id="113" dir="0" index="0" bw="256" slack="0"/>
<pin id="114" dir="0" index="1" bw="256" slack="0"/>
<pin id="115" dir="1" index="2" bw="256" slack="1"/>
</pin_list>
<bind>
<opcode="read(1150) " fcode="read"/>
<opset="gmem_weight_addr_read/2 "/>
</bind>
</comp>

<comp id="117" class="1004" name="w_local_addr_gep_fu_117">
<pin_list>
<pin id="118" dir="0" index="0" bw="256" slack="0"/>
<pin id="119" dir="0" index="1" bw="1" slack="0"/>
<pin id="120" dir="0" index="2" bw="10" slack="0"/>
<pin id="121" dir="1" index="3" bw="10" slack="0"/>
</pin_list>
<bind>
<opcode="getelementptr(29) " fcode="getelementptr"/>
<opset="w_local_addr/3 "/>
</bind>
</comp>

<comp id="124" class="1004" name="w_local_1_addr_gep_fu_124">
<pin_list>
<pin id="125" dir="0" index="0" bw="256" slack="0"/>
<pin id="126" dir="0" index="1" bw="1" slack="0"/>
<pin id="127" dir="0" index="2" bw="10" slack="0"/>
<pin id="128" dir="1" index="3" bw="10" slack="0"/>
</pin_list>
<bind>
<opcode="getelementptr(29) " fcode="getelementptr"/>
<opset="w_local_1_addr/3 "/>
</bind>
</comp>

<comp id="131" class="1004" name="w_local_2_addr_gep_fu_131">
<pin_list>
<pin id="132" dir="0" index="0" bw="256" slack="0"/>
<pin id="133" dir="0" index="1" bw="1" slack="0"/>
<pin id="134" dir="0" index="2" bw="10" slack="0"/>
<pin id="135" dir="1" index="3" bw="10" slack="0"/>
</pin_list>
<bind>
<opcode="getelementptr(29) " fcode="getelementptr"/>
<opset="w_local_2_addr/3 "/>
</bind>
</comp>

<comp id="138" class="1004" name="w_local_3_addr_gep_fu_138">
<pin_list>
<pin id="139" dir="0" index="0" bw="256" slack="0"/>
<pin id="140" dir="0" index="1" bw="1" slack="0"/>
<pin id="141" dir="0" index="2" bw="10" slack="0"/>
<pin id="142" dir="1" index="3" bw="10" slack="0"/>
</pin_list>
<bind>
<opcode="getelementptr(29) " fcode="getelementptr"/>
<opset="w_local_3_addr/3 "/>
</bind>
</comp>

<comp id="145" class="1004" name="w_local_4_addr_gep_fu_145">
<pin_list>
<pin id="146" dir="0" index="0" bw="256" slack="0"/>
<pin id="147" dir="0" index="1" bw="1" slack="0"/>
<pin id="148" dir="0" index="2" bw="10" slack="0"/>
<pin id="149" dir="1" index="3" bw="10" slack="0"/>
</pin_list>
<bind>
<opcode="getelementptr(29) " fcode="getelementptr"/>
<opset="w_local_4_addr/3 "/>
</bind>
</comp>

<comp id="152" class="1004" name="w_local_5_addr_gep_fu_152">
<pin_list>
<pin id="153" dir="0" index="0" bw="256" slack="0"/>
<pin id="154" dir="0" index="1" bw="1" slack="0"/>
<pin id="155" dir="0" index="2" bw="10" slack="0"/>
<pin id="156" dir="1" index="3" bw="10" slack="0"/>
</pin_list>
<bind>
<opcode="getelementptr(29) " fcode="getelementptr"/>
<opset="w_local_5_addr/3 "/>
</bind>
</comp>

<comp id="159" class="1004" name="w_local_6_addr_gep_fu_159">
<pin_list>
<pin id="160" dir="0" index="0" bw="256" slack="0"/>
<pin id="161" dir="0" index="1" bw="1" slack="0"/>
<pin id="162" dir="0" index="2" bw="10" slack="0"/>
<pin id="163" dir="1" index="3" bw="10" slack="0"/>
</pin_list>
<bind>
<opcode="getelementptr(29) " fcode="getelementptr"/>
<opset="w_local_6_addr/3 "/>
</bind>
</comp>

<comp id="166" class="1004" name="w_local_7_addr_gep_fu_166">
<pin_list>
<pin id="167" dir="0" index="0" bw="256" slack="0"/>
<pin id="168" dir="0" index="1" bw="1" slack="0"/>
<pin id="169" dir="0" index="2" bw="10" slack="0"/>
<pin id="170" dir="1" index="3" bw="10" slack="0"/>
</pin_list>
<bind>
<opcode="getelementptr(29) " fcode="getelementptr"/>
<opset="w_local_7_addr/3 "/>
</bind>
</comp>

<comp id="173" class="1004" name="store_ln95_access_fu_173">
<pin_list>
<pin id="174" dir="0" index="0" bw="10" slack="0"/>
<pin id="175" dir="0" index="1" bw="256" slack="1"/>
<pin id="176" dir="0" index="2" bw="0" slack="2147483647"/>
<pin id="177" dir="1" index="3" bw="256" slack="2147483647"/>
</pin_list>
<bind>
<opcode="store(28) " fcode="store"/>
<opset="store_ln95/3 "/>
</bind>
</comp>

<comp id="179" class="1004" name="store_ln95_access_fu_179">
<pin_list>
<pin id="180" dir="0" index="0" bw="10" slack="0"/>
<pin id="181" dir="0" index="1" bw="256" slack="1"/>
<pin id="182" dir="0" index="2" bw="0" slack="2147483647"/>
<pin id="183" dir="1" index="3" bw="256" slack="2147483647"/>
</pin_list>
<bind>
<opcode="store(28) " fcode="store"/>
<opset="store_ln95/3 "/>
</bind>
</comp>

<comp id="185" class="1004" name="store_ln95_access_fu_185">
<pin_list>
<pin id="186" dir="0" index="0" bw="10" slack="0"/>
<pin id="187" dir="0" index="1" bw="256" slack="1"/>
<pin id="188" dir="0" index="2" bw="0" slack="2147483647"/>
<pin id="189" dir="1" index="3" bw="256" slack="2147483647"/>
</pin_list>
<bind>
<opcode="store(28) " fcode="store"/>
<opset="store_ln95/3 "/>
</bind>
</comp>

<comp id="191" class="1004" name="store_ln95_access_fu_191">
<pin_list>
<pin id="192" dir="0" index="0" bw="10" slack="0"/>
<pin id="193" dir="0" index="1" bw="256" slack="1"/>
<pin id="194" dir="0" index="2" bw="0" slack="2147483647"/>
<pin id="195" dir="1" index="3" bw="256" slack="2147483647"/>
</pin_list>
<bind>
<opcode="store(28) " fcode="store"/>
<opset="store_ln95/3 "/>
</bind>
</comp>

<comp id="197" class="1004" name="store_ln95_access_fu_197">
<pin_list>
<pin id="198" dir="0" index="0" bw="10" slack="0"/>
<pin id="199" dir="0" index="1" bw="256" slack="1"/>
<pin id="200" dir="0" index="2" bw="0" slack="2147483647"/>
<pin id="201" dir="1" index="3" bw="256" slack="2147483647"/>
</pin_list>
<bind>
<opcode="store(28) " fcode="store"/>
<opset="store_ln95/3 "/>
</bind>
</comp>

<comp id="203" class="1004" name="store_ln95_access_fu_203">
<pin_list>
<pin id="204" dir="0" index="0" bw="10" slack="0"/>
<pin id="205" dir="0" index="1" bw="256" slack="1"/>
<pin id="206" dir="0" index="2" bw="0" slack="2147483647"/>
<pin id="207" dir="1" index="3" bw="256" slack="2147483647"/>
</pin_list>
<bind>
<opcode="store(28) " fcode="store"/>
<opset="store_ln95/3 "/>
</bind>
</comp>

<comp id="209" class="1004" name="store_ln95_access_fu_209">
<pin_list>
<pin id="210" dir="0" index="0" bw="10" slack="0"/>
<pin id="211" dir="0" index="1" bw="256" slack="1"/>
<pin id="212" dir="0" index="2" bw="0" slack="2147483647"/>
<pin id="213" dir="1" index="3" bw="256" slack="2147483647"/>
</pin_list>
<bind>
<opcode="store(28) " fcode="store"/>
<opset="store_ln95/3 "/>
</bind>
</comp>

<comp id="215" class="1004" name="store_ln95_access_fu_215">
<pin_list>
<pin id="216" dir="0" index="0" bw="10" slack="0"/>
<pin id="217" dir="0" index="1" bw="256" slack="1"/>
<pin id="218" dir="0" index="2" bw="0" slack="2147483647"/>
<pin id="219" dir="1" index="3" bw="256" slack="2147483647"/>
</pin_list>
<bind>
<opcode="store(28) " fcode="store"/>
<opset="store_ln95/3 "/>
</bind>
</comp>

<comp id="221" class="1004" name="sext_ln357_cast_fu_221">
<pin_list>
<pin id="222" dir="0" index="0" bw="59" slack="0"/>
<pin id="223" dir="1" index="1" bw="64" slack="1"/>
</pin_list>
<bind>
<opcode="sext(35) " fcode="sext"/>
<opset="sext_ln357_cast/1 "/>
</bind>
</comp>

<comp id="225" class="1004" name="store_ln0_store_fu_225">
<pin_list>
<pin id="226" dir="0" index="0" bw="1" slack="0"/>
<pin id="227" dir="0" index="1" bw="13" slack="0"/>
<pin id="228" dir="1" index="2" bw="0" slack="2147483647"/>
</pin_list>
<bind>
<opcode="store(28) " fcode="store"/>
<opset="store_ln0/1 "/>
</bind>
</comp>

<comp id="230" class="1004" name="store_ln89_store_fu_230">
<pin_list>
<pin id="231" dir="0" index="0" bw="1" slack="0"/>
<pin id="232" dir="0" index="1" bw="4" slack="0"/>
<pin id="233" dir="1" index="2" bw="0" slack="2147483647"/>
</pin_list>
<bind>
<opcode="store(28) " fcode="store"/>
<opset="store_ln89/1 "/>
</bind>
</comp>

<comp id="235" class="1004" name="store_ln93_store_fu_235">
<pin_list>
<pin id="236" dir="0" index="0" bw="1" slack="0"/>
<pin id="237" dir="0" index="1" bw="10" slack="0"/>
<pin id="238" dir="1" index="2" bw="0" slack="2147483647"/>
</pin_list>
<bind>
<opcode="store(28) " fcode="store"/>
<opset="store_ln93/1 "/>
</bind>
</comp>

<comp id="240" class="1004" name="indvar_flatten_load_load_fu_240">
<pin_list>
<pin id="241" dir="0" index="0" bw="13" slack="0"/>
<pin id="242" dir="1" index="1" bw="13" slack="0"/>
</pin_list>
<bind>
<opcode="load(27) " fcode="load"/>
<opset="indvar_flatten_load/1 "/>
</bind>
</comp>

<comp id="243" class="1004" name="icmp_ln89_fu_243">
<pin_list>
<pin id="244" dir="0" index="0" bw="13" slack="0"/>
<pin id="245" dir="0" index="1" bw="13" slack="0"/>
<pin id="246" dir="1" index="2" bw="1" slack="1"/>
</pin_list>
<bind>
<opcode="icmp(45) " fcode="icmp"/>
<opset="icmp_ln89/1 "/>
</bind>
</comp>

<comp id="249" class="1004" name="add_ln89_1_fu_249">
<pin_list>
<pin id="250" dir="0" index="0" bw="13" slack="0"/>
<pin id="251" dir="0" index="1" bw="1" slack="0"/>
<pin id="252" dir="1" index="2" bw="13" slack="0"/>
</pin_list>
<bind>
<opcode="add(8) " fcode="add"/>
<opset="add_ln89_1/1 "/>
</bind>
</comp>

<comp id="255" class="1004" name="store_ln89_store_fu_255">
<pin_list>
<pin id="256" dir="0" index="0" bw="13" slack="0"/>
<pin id="257" dir="0" index="1" bw="13" slack="0"/>
<pin id="258" dir="1" index="2" bw="0" slack="2147483647"/>
</pin_list>
<bind>
<opcode="store(28) " fcode="store"/>
<opset="store_ln89/1 "/>
</bind>
</comp>

<comp id="260" class="1004" name="kci_load_load_fu_260">
<pin_list>
<pin id="261" dir="0" index="0" bw="10" slack="1"/>
<pin id="262" dir="1" index="1" bw="10" slack="0"/>
</pin_list>
<bind>
<opcode="load(27) " fcode="load"/>
<opset="kci_load/2 "/>
</bind>
</comp>

<comp id="263" class="1004" name="tc_load_load_fu_263">
<pin_list>
<pin id="264" dir="0" index="0" bw="4" slack="1"/>
<pin id="265" dir="1" index="1" bw="4" slack="0"/>
</pin_list>
<bind>
<opcode="load(27) " fcode="load"/>
<opset="tc_load/2 "/>
</bind>
</comp>

<comp id="266" class="1004" name="gmem_weight_addr_fu_266">
<pin_list>
<pin id="267" dir="0" index="0" bw="256" slack="0"/>
<pin id="268" dir="0" index="1" bw="59" slack="1"/>
<pin id="269" dir="1" index="2" bw="256" slack="0"/>
</pin_list>
<bind>
<opcode="getelementptr(29) " fcode="getelementptr"/>
<opset="gmem_weight_addr/2 "/>
</bind>
</comp>

<comp id="272" class="1004" name="add_ln89_fu_272">
<pin_list>
<pin id="273" dir="0" index="0" bw="4" slack="0"/>
<pin id="274" dir="0" index="1" bw="1" slack="0"/>
<pin id="275" dir="1" index="2" bw="4" slack="0"/>
</pin_list>
<bind>
<opcode="add(8) " fcode="add"/>
<opset="add_ln89/2 "/>
</bind>
</comp>

<comp id="278" class="1004" name="icmp_ln93_fu_278">
<pin_list>
<pin id="279" dir="0" index="0" bw="10" slack="0"/>
<pin id="280" dir="0" index="1" bw="10" slack="0"/>
<pin id="281" dir="1" index="2" bw="1" slack="0"/>
</pin_list>
<bind>
<opcode="icmp(45) " fcode="icmp"/>
<opset="icmp_ln93/2 "/>
</bind>
</comp>

<comp id="284" class="1004" name="select_ln89_fu_284">
<pin_list>
<pin id="285" dir="0" index="0" bw="1" slack="0"/>
<pin id="286" dir="0" index="1" bw="1" slack="0"/>
<pin id="287" dir="0" index="2" bw="10" slack="0"/>
<pin id="288" dir="1" index="3" bw="10" slack="0"/>
</pin_list>
<bind>
<opcode="select(49) " fcode="select"/>
<opset="select_ln89/2 "/>
</bind>
</comp>

<comp id="292" class="1004" name="select_ln89_1_fu_292">
<pin_list>
<pin id="293" dir="0" index="0" bw="1" slack="0"/>
<pin id="294" dir="0" index="1" bw="4" slack="0"/>
<pin id="295" dir="0" index="2" bw="4" slack="0"/>
<pin id="296" dir="1" index="3" bw="4" slack="0"/>
</pin_list>
<bind>
<opcode="select(49) " fcode="select"/>
<opset="select_ln89_1/2 "/>
</bind>
</comp>

<comp id="300" class="1004" name="trunc_ln89_fu_300">
<pin_list>
<pin id="301" dir="0" index="0" bw="4" slack="0"/>
<pin id="302" dir="1" index="1" bw="3" slack="1"/>
</pin_list>
<bind>
<opcode="trunc(33) " fcode="trunc"/>
<opset="trunc_ln89/2 "/>
</bind>
</comp>

<comp id="304" class="1004" name="add_ln93_fu_304">
<pin_list>
<pin id="305" dir="0" index="0" bw="10" slack="0"/>
<pin id="306" dir="0" index="1" bw="1" slack="0"/>
<pin id="307" dir="1" index="2" bw="10" slack="0"/>
</pin_list>
<bind>
<opcode="add(8) " fcode="add"/>
<opset="add_ln93/2 "/>
</bind>
</comp>

<comp id="310" class="1004" name="store_ln89_store_fu_310">
<pin_list>
<pin id="311" dir="0" index="0" bw="4" slack="0"/>
<pin id="312" dir="0" index="1" bw="4" slack="1"/>
<pin id="313" dir="1" index="2" bw="0" slack="2147483647"/>
</pin_list>
<bind>
<opcode="store(28) " fcode="store"/>
<opset="store_ln89/2 "/>
</bind>
</comp>

<comp id="315" class="1004" name="store_ln93_store_fu_315">
<pin_list>
<pin id="316" dir="0" index="0" bw="10" slack="0"/>
<pin id="317" dir="0" index="1" bw="10" slack="1"/>
<pin id="318" dir="1" index="2" bw="0" slack="2147483647"/>
</pin_list>
<bind>
<opcode="store(28) " fcode="store"/>
<opset="store_ln93/2 "/>
</bind>
</comp>

<comp id="320" class="1004" name="zext_ln93_fu_320">
<pin_list>
<pin id="321" dir="0" index="0" bw="10" slack="1"/>
<pin id="322" dir="1" index="1" bw="64" slack="0"/>
</pin_list>
<bind>
<opcode="zext(34) " fcode="zext"/>
<opset="zext_ln93/3 "/>
</bind>
</comp>

<comp id="331" class="1005" name="kci_reg_331">
<pin_list>
<pin id="332" dir="0" index="0" bw="10" slack="0"/>
<pin id="333" dir="1" index="1" bw="10" slack="0"/>
</pin_list>
<bind>
<opset="kci "/>
</bind>
</comp>

<comp id="338" class="1005" name="tc_reg_338">
<pin_list>
<pin id="339" dir="0" index="0" bw="4" slack="0"/>
<pin id="340" dir="1" index="1" bw="4" slack="0"/>
</pin_list>
<bind>
<opset="tc "/>
</bind>
</comp>

<comp id="345" class="1005" name="indvar_flatten_reg_345">
<pin_list>
<pin id="346" dir="0" index="0" bw="13" slack="0"/>
<pin id="347" dir="1" index="1" bw="13" slack="0"/>
</pin_list>
<bind>
<opset="indvar_flatten "/>
</bind>
</comp>

<comp id="352" class="1005" name="sext_ln357_cast_reg_352">
<pin_list>
<pin id="353" dir="0" index="0" bw="64" slack="1"/>
<pin id="354" dir="1" index="1" bw="64" slack="1"/>
</pin_list>
<bind>
<opset="sext_ln357_cast "/>
</bind>
</comp>

<comp id="357" class="1005" name="icmp_ln89_reg_357">
<pin_list>
<pin id="358" dir="0" index="0" bw="1" slack="1"/>
<pin id="359" dir="1" index="1" bw="1" slack="2147483647"/>
</pin_list>
<bind>
<opset="icmp_ln89 "/>
</bind>
</comp>

<comp id="361" class="1005" name="select_ln89_reg_361">
<pin_list>
<pin id="362" dir="0" index="0" bw="10" slack="1"/>
<pin id="363" dir="1" index="1" bw="10" slack="1"/>
</pin_list>
<bind>
<opset="select_ln89 "/>
</bind>
</comp>

<comp id="366" class="1005" name="trunc_ln89_reg_366">
<pin_list>
<pin id="367" dir="0" index="0" bw="3" slack="1"/>
<pin id="368" dir="1" index="1" bw="3" slack="2147483647"/>
</pin_list>
<bind>
<opset="trunc_ln89 "/>
</bind>
</comp>

<comp id="370" class="1005" name="gmem_weight_addr_read_reg_370">
<pin_list>
<pin id="371" dir="0" index="0" bw="256" slack="1"/>
<pin id="372" dir="1" index="1" bw="256" slack="1"/>
</pin_list>
<bind>
<opset="gmem_weight_addr_read "/>
</bind>
</comp>

</comp_list>

<net_list>
<net id="97"><net_src comp="20" pin="0"/><net_sink comp="94" pin=0"/></net>

<net id="101"><net_src comp="20" pin="0"/><net_sink comp="98" pin=0"/></net>

<net id="105"><net_src comp="20" pin="0"/><net_sink comp="102" pin=0"/></net>

<net id="110"><net_src comp="22" pin="0"/><net_sink comp="106" pin=0"/></net>

<net id="111"><net_src comp="2" pin="0"/><net_sink comp="106" pin=1"/></net>

<net id="116"><net_src comp="64" pin="0"/><net_sink comp="112" pin=0"/></net>

<net id="122"><net_src comp="18" pin="0"/><net_sink comp="117" pin=0"/></net>

<net id="123"><net_src comp="92" pin="0"/><net_sink comp="117" pin=1"/></net>

<net id="129"><net_src comp="16" pin="0"/><net_sink comp="124" pin=0"/></net>

<net id="130"><net_src comp="92" pin="0"/><net_sink comp="124" pin=1"/></net>

<net id="136"><net_src comp="14" pin="0"/><net_sink comp="131" pin=0"/></net>

<net id="137"><net_src comp="92" pin="0"/><net_sink comp="131" pin=1"/></net>

<net id="143"><net_src comp="12" pin="0"/><net_sink comp="138" pin=0"/></net>

<net id="144"><net_src comp="92" pin="0"/><net_sink comp="138" pin=1"/></net>

<net id="150"><net_src comp="10" pin="0"/><net_sink comp="145" pin=0"/></net>

<net id="151"><net_src comp="92" pin="0"/><net_sink comp="145" pin=1"/></net>

<net id="157"><net_src comp="8" pin="0"/><net_sink comp="152" pin=0"/></net>

<net id="158"><net_src comp="92" pin="0"/><net_sink comp="152" pin=1"/></net>

<net id="164"><net_src comp="6" pin="0"/><net_sink comp="159" pin=0"/></net>

<net id="165"><net_src comp="92" pin="0"/><net_sink comp="159" pin=1"/></net>

<net id="171"><net_src comp="4" pin="0"/><net_sink comp="166" pin=0"/></net>

<net id="172"><net_src comp="92" pin="0"/><net_sink comp="166" pin=1"/></net>

<net id="178"><net_src comp="159" pin="3"/><net_sink comp="173" pin=0"/></net>

<net id="184"><net_src comp="152" pin="3"/><net_sink comp="179" pin=0"/></net>

<net id="190"><net_src comp="145" pin="3"/><net_sink comp="185" pin=0"/></net>

<net id="196"><net_src comp="138" pin="3"/><net_sink comp="191" pin=0"/></net>

<net id="202"><net_src comp="131" pin="3"/><net_sink comp="197" pin=0"/></net>

<net id="208"><net_src comp="124" pin="3"/><net_sink comp="203" pin=0"/></net>

<net id="214"><net_src comp="117" pin="3"/><net_sink comp="209" pin=0"/></net>

<net id="220"><net_src comp="166" pin="3"/><net_sink comp="215" pin=0"/></net>

<net id="224"><net_src comp="106" pin="2"/><net_sink comp="221" pin=0"/></net>

<net id="229"><net_src comp="50" pin="0"/><net_sink comp="225" pin=0"/></net>

<net id="234"><net_src comp="52" pin="0"/><net_sink comp="230" pin=0"/></net>

<net id="239"><net_src comp="54" pin="0"/><net_sink comp="235" pin=0"/></net>

<net id="247"><net_src comp="240" pin="1"/><net_sink comp="243" pin=0"/></net>

<net id="248"><net_src comp="56" pin="0"/><net_sink comp="243" pin=1"/></net>

<net id="253"><net_src comp="240" pin="1"/><net_sink comp="249" pin=0"/></net>

<net id="254"><net_src comp="58" pin="0"/><net_sink comp="249" pin=1"/></net>

<net id="259"><net_src comp="249" pin="2"/><net_sink comp="255" pin=0"/></net>

<net id="270"><net_src comp="0" pin="0"/><net_sink comp="266" pin=0"/></net>

<net id="271"><net_src comp="266" pin="2"/><net_sink comp="112" pin=1"/></net>

<net id="276"><net_src comp="263" pin="1"/><net_sink comp="272" pin=0"/></net>

<net id="277"><net_src comp="60" pin="0"/><net_sink comp="272" pin=1"/></net>

<net id="282"><net_src comp="260" pin="1"/><net_sink comp="278" pin=0"/></net>

<net id="283"><net_src comp="62" pin="0"/><net_sink comp="278" pin=1"/></net>

<net id="289"><net_src comp="278" pin="2"/><net_sink comp="284" pin=0"/></net>

<net id="290"><net_src comp="54" pin="0"/><net_sink comp="284" pin=1"/></net>

<net id="291"><net_src comp="260" pin="1"/><net_sink comp="284" pin=2"/></net>

<net id="297"><net_src comp="278" pin="2"/><net_sink comp="292" pin=0"/></net>

<net id="298"><net_src comp="272" pin="2"/><net_sink comp="292" pin=1"/></net>

<net id="299"><net_src comp="263" pin="1"/><net_sink comp="292" pin=2"/></net>

<net id="303"><net_src comp="292" pin="3"/><net_sink comp="300" pin=0"/></net>

<net id="308"><net_src comp="284" pin="3"/><net_sink comp="304" pin=0"/></net>

<net id="309"><net_src comp="80" pin="0"/><net_sink comp="304" pin=1"/></net>

<net id="314"><net_src comp="292" pin="3"/><net_sink comp="310" pin=0"/></net>

<net id="319"><net_src comp="304" pin="2"/><net_sink comp="315" pin=0"/></net>

<net id="323"><net_src comp="320" pin="1"/><net_sink comp="117" pin=2"/></net>

<net id="324"><net_src comp="320" pin="1"/><net_sink comp="124" pin=2"/></net>

<net id="325"><net_src comp="320" pin="1"/><net_sink comp="131" pin=2"/></net>

<net id="326"><net_src comp="320" pin="1"/><net_sink comp="138" pin=2"/></net>

<net id="327"><net_src comp="320" pin="1"/><net_sink comp="145" pin=2"/></net>

<net id="328"><net_src comp="320" pin="1"/><net_sink comp="152" pin=2"/></net>

<net id="329"><net_src comp="320" pin="1"/><net_sink comp="159" pin=2"/></net>

<net id="330"><net_src comp="320" pin="1"/><net_sink comp="166" pin=2"/></net>

<net id="334"><net_src comp="94" pin="1"/><net_sink comp="331" pin=0"/></net>

<net id="335"><net_src comp="331" pin="1"/><net_sink comp="235" pin=1"/></net>

<net id="336"><net_src comp="331" pin="1"/><net_sink comp="260" pin=0"/></net>

<net id="337"><net_src comp="331" pin="1"/><net_sink comp="315" pin=1"/></net>

<net id="341"><net_src comp="98" pin="1"/><net_sink comp="338" pin=0"/></net>

<net id="342"><net_src comp="338" pin="1"/><net_sink comp="230" pin=1"/></net>

<net id="343"><net_src comp="338" pin="1"/><net_sink comp="263" pin=0"/></net>

<net id="344"><net_src comp="338" pin="1"/><net_sink comp="310" pin=1"/></net>

<net id="348"><net_src comp="102" pin="1"/><net_sink comp="345" pin=0"/></net>

<net id="349"><net_src comp="345" pin="1"/><net_sink comp="225" pin=1"/></net>

<net id="350"><net_src comp="345" pin="1"/><net_sink comp="240" pin=0"/></net>

<net id="351"><net_src comp="345" pin="1"/><net_sink comp="255" pin=1"/></net>

<net id="355"><net_src comp="221" pin="1"/><net_sink comp="352" pin=0"/></net>

<net id="356"><net_src comp="352" pin="1"/><net_sink comp="266" pin=1"/></net>

<net id="360"><net_src comp="243" pin="2"/><net_sink comp="357" pin=0"/></net>

<net id="364"><net_src comp="284" pin="3"/><net_sink comp="361" pin=0"/></net>

<net id="365"><net_src comp="361" pin="1"/><net_sink comp="320" pin=0"/></net>

<net id="369"><net_src comp="300" pin="1"/><net_sink comp="366" pin=0"/></net>

<net id="373"><net_src comp="112" pin="2"/><net_sink comp="370" pin=0"/></net>

<net id="374"><net_src comp="370" pin="1"/><net_sink comp="173" pin=1"/></net>

<net id="375"><net_src comp="370" pin="1"/><net_sink comp="179" pin=1"/></net>

<net id="376"><net_src comp="370" pin="1"/><net_sink comp="185" pin=1"/></net>

<net id="377"><net_src comp="370" pin="1"/><net_sink comp="191" pin=1"/></net>

<net id="378"><net_src comp="370" pin="1"/><net_sink comp="197" pin=1"/></net>

<net id="379"><net_src comp="370" pin="1"/><net_sink comp="203" pin=1"/></net>

<net id="380"><net_src comp="370" pin="1"/><net_sink comp="209" pin=1"/></net>

<net id="381"><net_src comp="370" pin="1"/><net_sink comp="215" pin=1"/></net>

</net_list>

</model> 
---------------- Datapath Model END ------------------

* FSMD analyzer results:
  - Output states:
	Port: w_local_7 | {3 }
	Port: w_local_6 | {3 }
	Port: w_local_5 | {3 }
	Port: w_local_4 | {3 }
	Port: w_local_3 | {3 }
	Port: w_local_2 | {3 }
	Port: w_local_1 | {3 }
	Port: w_local | {3 }
 - Input state : 
	Port: UpConv_Fused_Row<8, 16, 16, 960, 480>_Pipeline_PRELOAD_W_W_FLAT : gmem_weight | {2 }
	Port: UpConv_Fused_Row<8, 16, 16, 960, 480>_Pipeline_PRELOAD_W_W_FLAT : sext_ln357 | {1 }
  - Chain level:
	State 1
		store_ln0 : 1
		store_ln89 : 1
		store_ln93 : 1
		indvar_flatten_load : 1
		icmp_ln89 : 2
		add_ln89_1 : 2
		br_ln89 : 3
		store_ln89 : 3
	State 2
		add_ln89 : 1
		icmp_ln93 : 1
		select_ln89 : 2
		select_ln89_1 : 2
		trunc_ln89 : 3
		gmem_weight_addr_read : 1
		switch_ln95 : 4
		add_ln93 : 3
		store_ln89 : 3
		store_ln93 : 4
	State 3
		w_local_addr : 1
		w_local_1_addr : 1
		w_local_2_addr : 1
		w_local_3_addr : 1
		w_local_4_addr : 1
		w_local_5_addr : 1
		w_local_6_addr : 1
		w_local_7_addr : 1
		store_ln95 : 2
		store_ln95 : 2
		store_ln95 : 2
		store_ln95 : 2
		store_ln95 : 2
		store_ln95 : 2
		store_ln95 : 2
		store_ln95 : 2


============================================================
+ Verbose Summary: Datapath Resource usage 
============================================================

* Functional unit list:
|----------|-----------------------------------|---------|---------|
| Operation|          Functional Unit          |    FF   |   LUT   |
|----------|-----------------------------------|---------|---------|
|          |         add_ln89_1_fu_249         |    0    |    20   |
|    add   |          add_ln89_fu_272          |    0    |    12   |
|          |          add_ln93_fu_304          |    0    |    17   |
|----------|-----------------------------------|---------|---------|
|   icmp   |          icmp_ln89_fu_243         |    0    |    20   |
|          |          icmp_ln93_fu_278         |    0    |    17   |
|----------|-----------------------------------|---------|---------|
|  select  |         select_ln89_fu_284        |    0    |    10   |
|          |        select_ln89_1_fu_292       |    0    |    4    |
|----------|-----------------------------------|---------|---------|
|   read   |    sext_ln357_read_read_fu_106    |    0    |    0    |
|          | gmem_weight_addr_read_read_fu_112 |    0    |    0    |
|----------|-----------------------------------|---------|---------|
|   sext   |       sext_ln357_cast_fu_221      |    0    |    0    |
|----------|-----------------------------------|---------|---------|
|   trunc  |         trunc_ln89_fu_300         |    0    |    0    |
|----------|-----------------------------------|---------|---------|
|   zext   |          zext_ln93_fu_320         |    0    |    0    |
|----------|-----------------------------------|---------|---------|
|   Total  |                                   |    0    |   100   |
|----------|-----------------------------------|---------|---------|

Memories:
N/A

* Register list:
+-----------------------------+--------+
|                             |   FF   |
+-----------------------------+--------+
|gmem_weight_addr_read_reg_370|   256  |
|      icmp_ln89_reg_357      |    1   |
|    indvar_flatten_reg_345   |   13   |
|         kci_reg_331         |   10   |
|     select_ln89_reg_361     |   10   |
|   sext_ln357_cast_reg_352   |   64   |
|          tc_reg_338         |    4   |
|      trunc_ln89_reg_366     |    3   |
+-----------------------------+--------+
|            Total            |   361  |
+-----------------------------+--------+

* Multiplexer (MUX) list: 
|--------|------|------|------|--------|
|  Comp  |  Pin | Size |  BW  | S x BW |
|--------|------|------|------|--------|
|  Total |      |      |      |    0   |
|--------|------|------|------|--------|



* Summary:
+-----------+--------+--------+
|           |   FF   |   LUT  |
+-----------+--------+--------+
|  Function |    0   |   100  |
|   Memory  |    -   |    -   |
|Multiplexer|    -   |    -   |
|  Register |   361  |    -   |
+-----------+--------+--------+
|   Total   |   361  |   100  |
+-----------+--------+--------+
