

================================================================
== Vitis HLS Report for 'UpConv_Fused_Row_8_16_16_960_480_Pipeline_LOAD_PARAMS'
================================================================
* Date:           Tue May 19 20:00:38 2026

* Version:        2024.2 (Build 5238294 on Nov  8 2024)
* Project:        upconv_block0
* Solution:       hls (Vivado IP Flow Target)
* Product family: zynquplus
* Target device:  xczu7ev-ffvc1156-2-e


================================================================
== Performance Estimates
================================================================
+ Timing: 
    * Summary: 
    +--------+---------+----------+------------+
    |  Clock |  Target | Estimated| Uncertainty|
    +--------+---------+----------+------------+
    |ap_clk  |  3.33 ns|  2.433 ns|     0.90 ns|
    +--------+---------+----------+------------+

+ Latency: 
    * Summary: 
    +---------+---------+----------+----------+-----+-----+------------------------------------------------+
    |  Latency (cycles) |  Latency (absolute) |  Interval |                    Pipeline                    |
    |   min   |   max   |    min   |    max   | min | max |                      Type                      |
    +---------+---------+----------+----------+-----+-----+------------------------------------------------+
    |      101|      101|  0.337 us|  0.337 us|   93|   93|  loop auto-rewind stp (delay=0 clock cycles(s))|
    +---------+---------+----------+----------+-----+-----+------------------------------------------------+

    + Detail: 
        * Instance: 
        N/A

        * Loop: 
        +---------------+---------+---------+----------+-----------+-----------+------+----------+
        |               |  Latency (cycles) | Iteration|  Initiation Interval  | Trip |          |
        |   Loop Name   |   min   |   max   |  Latency |  achieved |   target  | Count| Pipelined|
        +---------------+---------+---------+----------+-----------+-----------+------+----------+
        |- LOAD_PARAMS  |       99|       99|        13|          3|          1|    30|       yes|
        +---------------+---------+---------+----------+-----------+-----------+------+----------+

============================================================
+ Verbose Summary: Synthesis Manager
============================================================
InlineROM: 1
ExposeGlobal: 0
============================================================
+ Verbose Summary: CDFG Model
============================================================
IsTopModel: 0
ResetActiveHigh: 1
IsCombinational: 0
IsDatapathOnly: 0
HasWiredReturn: 1
HasMFsm: 2
HasVarLatency: 1
IsPipeline: 0
IsRtlPipelined: 0
IsInstanceOverlapped: 0
IsDontTouch: 0
HasImplIP: 0
IsGatedGlobalClock: 0

+ Individual pipeline summary: 
  * Pipeline-0: initiation interval (II) = 3, depth = 13


============================================================
+ Verbose Summary: Schedule
============================================================
* Number of FSM states : 13
* Pipeline : 1
  Pipeline-0 : II = 3, D = 13, States = { 1 2 3 4 5 6 7 8 9 10 11 12 13 }
* Dataflow Pipeline: 0

* FSM state transitions: 
1 --> 2 
2 --> 3 
3 --> 4 
4 --> 5 
5 --> 6 
6 --> 7 
7 --> 8 
8 --> 9 
9 --> 10 
10 --> 11 
11 --> 12 
12 --> 13 
13 --> 

* FSM state operations: 

State 1 <SV = 0> <Delay = 1.64>
ST_1 : Operation 16 [1/1] (0.00ns)   --->   "%i = alloca i32 1" [../gen/Hls_Layers_UpConv.tpp:228]   --->   Operation 16 'alloca' 'i' <Predicate = true> <Delay = 0.00>
ST_1 : Operation 17 [1/1] (0.00ns)   --->   "%sext_ln228_2_read = read i59 @_ssdm_op_Read.ap_auto.i59, i59 %sext_ln228_2"   --->   Operation 17 'read' 'sext_ln228_2_read' <Predicate = true> <Delay = 0.00>
ST_1 : Operation 18 [1/1] (0.00ns)   --->   "%sext_ln228_1_read = read i59 @_ssdm_op_Read.ap_auto.i59, i59 %sext_ln228_1"   --->   Operation 18 'read' 'sext_ln228_1_read' <Predicate = true> <Delay = 0.00>
ST_1 : Operation 19 [1/1] (0.00ns)   --->   "%sext_ln228_read = read i59 @_ssdm_op_Read.ap_auto.i59, i59 %sext_ln228"   --->   Operation 19 'read' 'sext_ln228_read' <Predicate = true> <Delay = 0.00>
ST_1 : Operation 20 [1/1] (0.00ns)   --->   "%sext_ln228_2_cast = sext i59 %sext_ln228_2_read"   --->   Operation 20 'sext' 'sext_ln228_2_cast' <Predicate = true> <Delay = 0.00>
ST_1 : Operation 21 [1/1] (0.00ns)   --->   "%sext_ln228_1_cast = sext i59 %sext_ln228_1_read"   --->   Operation 21 'sext' 'sext_ln228_1_cast' <Predicate = true> <Delay = 0.00>
ST_1 : Operation 22 [1/1] (0.00ns)   --->   "%sext_ln228_cast = sext i59 %sext_ln228_read"   --->   Operation 22 'sext' 'sext_ln228_cast' <Predicate = true> <Delay = 0.00>
ST_1 : Operation 23 [1/1] (0.00ns)   --->   "%specmemcore_ln0 = specmemcore void @_ssdm_op_SpecMemCore, i256 %be_buf, i64 666, i64 30, i64 18446744073709551615"   --->   Operation 23 'specmemcore' 'specmemcore_ln0' <Predicate = true> <Delay = 0.00>
ST_1 : Operation 24 [1/1] (0.00ns)   --->   "%specmemcore_ln0 = specmemcore void @_ssdm_op_SpecMemCore, i256 %g_buf, i64 666, i64 30, i64 18446744073709551615"   --->   Operation 24 'specmemcore' 'specmemcore_ln0' <Predicate = true> <Delay = 0.00>
ST_1 : Operation 25 [1/1] (0.00ns)   --->   "%specmemcore_ln0 = specmemcore void @_ssdm_op_SpecMemCore, i256 %b_buf, i64 666, i64 30, i64 18446744073709551615"   --->   Operation 25 'specmemcore' 'specmemcore_ln0' <Predicate = true> <Delay = 0.00>
ST_1 : Operation 26 [1/1] (0.00ns)   --->   "%specinterface_ln0 = specinterface void @_ssdm_op_SpecInterface, i256 %gmem_param, void @empty_19, i32 0, i32 0, void @empty_5, i32 0, i32 0, void @empty_9, void @empty_7, void @empty_5, i32 16, i32 16, i32 64, i32 16, void @empty_5, void @empty_5, i32 4294967295, i32 0, i32 0"   --->   Operation 26 'specinterface' 'specinterface_ln0' <Predicate = true> <Delay = 0.00>
ST_1 : Operation 27 [1/1] (0.42ns)   --->   "%store_ln228 = store i5 0, i5 %i" [../gen/Hls_Layers_UpConv.tpp:228]   --->   Operation 27 'store' 'store_ln228' <Predicate = true> <Delay = 0.42>
ST_1 : Operation 28 [1/1] (0.00ns)   --->   "%br_ln0 = br void %for.inc229"   --->   Operation 28 'br' 'br_ln0' <Predicate = true> <Delay = 0.00>
ST_1 : Operation 29 [1/1] (0.00ns)   --->   "%i_1 = load i5 %i" [../gen/Hls_Layers_UpConv.tpp:228]   --->   Operation 29 'load' 'i_1' <Predicate = true> <Delay = 0.00>
ST_1 : Operation 30 [1/1] (0.78ns)   --->   "%icmp_ln228 = icmp_eq  i5 %i_1, i5 30" [../gen/Hls_Layers_UpConv.tpp:228]   --->   Operation 30 'icmp' 'icmp_ln228' <Predicate = true> <Delay = 0.78> <CoreInst = "Cmp">   --->   Core 9 'Cmp' <Latency = 0> <II = 1> <Delay = 0.78> <FuncUnit> <Opcode : 'seteq' 'setne' 'setle' 'setge' 'setlt' 'setgt'> <InPorts = 2> <OutPorts = 1>
ST_1 : Operation 31 [1/1] (0.78ns)   --->   "%add_ln228 = add i5 %i_1, i5 1" [../gen/Hls_Layers_UpConv.tpp:228]   --->   Operation 31 'add' 'add_ln228' <Predicate = true> <Delay = 0.78> <CoreInst = "Adder">   --->   Core 1 'Adder' <Latency = 0> <II = 1> <Delay = 0.78> <FuncUnit> <Opcode : 'add' 'sub'> <InPorts = 2> <OutPorts = 1>
ST_1 : Operation 32 [1/1] (0.00ns)   --->   "%br_ln228 = br i1 %icmp_ln228, void %for.inc229.split, void %PIXEL_NORM.exitStub" [../gen/Hls_Layers_UpConv.tpp:228]   --->   Operation 32 'br' 'br_ln228' <Predicate = true> <Delay = 0.00>
ST_1 : Operation 33 [1/1] (0.00ns)   --->   "%zext_ln228_1 = zext i5 %i_1" [../gen/Hls_Layers_UpConv.tpp:228]   --->   Operation 33 'zext' 'zext_ln228_1' <Predicate = (!icmp_ln228)> <Delay = 0.00>
ST_1 : Operation 34 [1/1] (1.09ns)   --->   "%add_ln230 = add i60 %zext_ln228_1, i60 %sext_ln228_cast" [../gen/Hls_Layers_UpConv.tpp:230]   --->   Operation 34 'add' 'add_ln230' <Predicate = (!icmp_ln228)> <Delay = 1.09> <CoreInst = "Adder">   --->   Core 1 'Adder' <Latency = 0> <II = 1> <Delay = 1.09> <FuncUnit> <Opcode : 'add' 'sub'> <InPorts = 2> <OutPorts = 1>
ST_1 : Operation 35 [1/1] (0.42ns)   --->   "%store_ln228 = store i5 %add_ln228, i5 %i" [../gen/Hls_Layers_UpConv.tpp:228]   --->   Operation 35 'store' 'store_ln228' <Predicate = (!icmp_ln228)> <Delay = 0.42>

State 2 <SV = 1> <Delay = 2.43>
ST_2 : Operation 36 [1/1] (0.00ns)   --->   "%sext_ln230 = sext i60 %add_ln230" [../gen/Hls_Layers_UpConv.tpp:230]   --->   Operation 36 'sext' 'sext_ln230' <Predicate = (!icmp_ln228)> <Delay = 0.00>
ST_2 : Operation 37 [1/1] (0.00ns)   --->   "%gmem_param_addr = getelementptr i256 %gmem_param, i64 %sext_ln230" [../gen/Hls_Layers_UpConv.tpp:230]   --->   Operation 37 'getelementptr' 'gmem_param_addr' <Predicate = (!icmp_ln228)> <Delay = 0.00>
ST_2 : Operation 38 [8/8] (2.43ns)   --->   "%gmem_param_load_req = readreq i1 @_ssdm_op_ReadReq.m_axi.i256P1A, i256 %gmem_param_addr, i64 1" [../gen/Hls_Layers_UpConv.tpp:230]   --->   Operation 38 'readreq' 'gmem_param_load_req' <Predicate = (!icmp_ln228)> <Delay = 2.43> <CoreInst = "m_axi">   --->   Core 119 'm_axi' <Latency = 6> <II = 1> <Delay = 1.00> <Adapter> <Opcode : 'read' 'write' 'readreq' 'writereq' 'writeresp'>
ST_2 : Operation 39 [1/1] (1.09ns)   --->   "%add_ln231 = add i60 %zext_ln228_1, i60 %sext_ln228_1_cast" [../gen/Hls_Layers_UpConv.tpp:231]   --->   Operation 39 'add' 'add_ln231' <Predicate = (!icmp_ln228)> <Delay = 1.09> <CoreInst = "Adder">   --->   Core 1 'Adder' <Latency = 0> <II = 1> <Delay = 1.09> <FuncUnit> <Opcode : 'add' 'sub'> <InPorts = 2> <OutPorts = 1>
ST_2 : Operation 40 [1/1] (1.09ns)   --->   "%add_ln232 = add i60 %zext_ln228_1, i60 %sext_ln228_2_cast" [../gen/Hls_Layers_UpConv.tpp:232]   --->   Operation 40 'add' 'add_ln232' <Predicate = (!icmp_ln228)> <Delay = 1.09> <CoreInst = "Adder">   --->   Core 1 'Adder' <Latency = 0> <II = 1> <Delay = 1.09> <FuncUnit> <Opcode : 'add' 'sub'> <InPorts = 2> <OutPorts = 1>

State 3 <SV = 2> <Delay = 2.43>
ST_3 : Operation 41 [7/8] (2.43ns)   --->   "%gmem_param_load_req = readreq i1 @_ssdm_op_ReadReq.m_axi.i256P1A, i256 %gmem_param_addr, i64 1" [../gen/Hls_Layers_UpConv.tpp:230]   --->   Operation 41 'readreq' 'gmem_param_load_req' <Predicate = (!icmp_ln228)> <Delay = 2.43> <CoreInst = "m_axi">   --->   Core 119 'm_axi' <Latency = 6> <II = 1> <Delay = 1.00> <Adapter> <Opcode : 'read' 'write' 'readreq' 'writereq' 'writeresp'>
ST_3 : Operation 42 [1/1] (0.00ns)   --->   "%sext_ln231 = sext i60 %add_ln231" [../gen/Hls_Layers_UpConv.tpp:231]   --->   Operation 42 'sext' 'sext_ln231' <Predicate = (!icmp_ln228)> <Delay = 0.00>
ST_3 : Operation 43 [1/1] (0.00ns)   --->   "%gmem_param_addr_1 = getelementptr i256 %gmem_param, i64 %sext_ln231" [../gen/Hls_Layers_UpConv.tpp:231]   --->   Operation 43 'getelementptr' 'gmem_param_addr_1' <Predicate = (!icmp_ln228)> <Delay = 0.00>
ST_3 : Operation 44 [8/8] (2.43ns)   --->   "%gmem_param_load_1_req = readreq i1 @_ssdm_op_ReadReq.m_axi.i256P1A, i256 %gmem_param_addr_1, i64 1" [../gen/Hls_Layers_UpConv.tpp:231]   --->   Operation 44 'readreq' 'gmem_param_load_1_req' <Predicate = (!icmp_ln228)> <Delay = 2.43> <CoreInst = "m_axi">   --->   Core 119 'm_axi' <Latency = 6> <II = 1> <Delay = 1.00> <Adapter> <Opcode : 'read' 'write' 'readreq' 'writereq' 'writeresp'>

State 4 <SV = 3> <Delay = 2.43>
ST_4 : Operation 45 [6/8] (2.43ns)   --->   "%gmem_param_load_req = readreq i1 @_ssdm_op_ReadReq.m_axi.i256P1A, i256 %gmem_param_addr, i64 1" [../gen/Hls_Layers_UpConv.tpp:230]   --->   Operation 45 'readreq' 'gmem_param_load_req' <Predicate = true> <Delay = 2.43> <CoreInst = "m_axi">   --->   Core 119 'm_axi' <Latency = 6> <II = 1> <Delay = 1.00> <Adapter> <Opcode : 'read' 'write' 'readreq' 'writereq' 'writeresp'>
ST_4 : Operation 46 [7/8] (2.43ns)   --->   "%gmem_param_load_1_req = readreq i1 @_ssdm_op_ReadReq.m_axi.i256P1A, i256 %gmem_param_addr_1, i64 1" [../gen/Hls_Layers_UpConv.tpp:231]   --->   Operation 46 'readreq' 'gmem_param_load_1_req' <Predicate = true> <Delay = 2.43> <CoreInst = "m_axi">   --->   Core 119 'm_axi' <Latency = 6> <II = 1> <Delay = 1.00> <Adapter> <Opcode : 'read' 'write' 'readreq' 'writereq' 'writeresp'>
ST_4 : Operation 47 [1/1] (0.00ns)   --->   "%sext_ln232 = sext i60 %add_ln232" [../gen/Hls_Layers_UpConv.tpp:232]   --->   Operation 47 'sext' 'sext_ln232' <Predicate = true> <Delay = 0.00>
ST_4 : Operation 48 [1/1] (0.00ns)   --->   "%gmem_param_addr_2 = getelementptr i256 %gmem_param, i64 %sext_ln232" [../gen/Hls_Layers_UpConv.tpp:232]   --->   Operation 48 'getelementptr' 'gmem_param_addr_2' <Predicate = true> <Delay = 0.00>
ST_4 : Operation 49 [8/8] (2.43ns)   --->   "%gmem_param_load_2_req = readreq i1 @_ssdm_op_ReadReq.m_axi.i256P1A, i256 %gmem_param_addr_2, i64 1" [../gen/Hls_Layers_UpConv.tpp:232]   --->   Operation 49 'readreq' 'gmem_param_load_2_req' <Predicate = true> <Delay = 2.43> <CoreInst = "m_axi">   --->   Core 119 'm_axi' <Latency = 6> <II = 1> <Delay = 1.00> <Adapter> <Opcode : 'read' 'write' 'readreq' 'writereq' 'writeresp'>

State 5 <SV = 4> <Delay = 2.43>
ST_5 : Operation 50 [5/8] (2.43ns)   --->   "%gmem_param_load_req = readreq i1 @_ssdm_op_ReadReq.m_axi.i256P1A, i256 %gmem_param_addr, i64 1" [../gen/Hls_Layers_UpConv.tpp:230]   --->   Operation 50 'readreq' 'gmem_param_load_req' <Predicate = true> <Delay = 2.43> <CoreInst = "m_axi">   --->   Core 119 'm_axi' <Latency = 6> <II = 1> <Delay = 1.00> <Adapter> <Opcode : 'read' 'write' 'readreq' 'writereq' 'writeresp'>
ST_5 : Operation 51 [6/8] (2.43ns)   --->   "%gmem_param_load_1_req = readreq i1 @_ssdm_op_ReadReq.m_axi.i256P1A, i256 %gmem_param_addr_1, i64 1" [../gen/Hls_Layers_UpConv.tpp:231]   --->   Operation 51 'readreq' 'gmem_param_load_1_req' <Predicate = true> <Delay = 2.43> <CoreInst = "m_axi">   --->   Core 119 'm_axi' <Latency = 6> <II = 1> <Delay = 1.00> <Adapter> <Opcode : 'read' 'write' 'readreq' 'writereq' 'writeresp'>
ST_5 : Operation 52 [7/8] (2.43ns)   --->   "%gmem_param_load_2_req = readreq i1 @_ssdm_op_ReadReq.m_axi.i256P1A, i256 %gmem_param_addr_2, i64 1" [../gen/Hls_Layers_UpConv.tpp:232]   --->   Operation 52 'readreq' 'gmem_param_load_2_req' <Predicate = true> <Delay = 2.43> <CoreInst = "m_axi">   --->   Core 119 'm_axi' <Latency = 6> <II = 1> <Delay = 1.00> <Adapter> <Opcode : 'read' 'write' 'readreq' 'writereq' 'writeresp'>

State 6 <SV = 5> <Delay = 2.43>
ST_6 : Operation 53 [4/8] (2.43ns)   --->   "%gmem_param_load_req = readreq i1 @_ssdm_op_ReadReq.m_axi.i256P1A, i256 %gmem_param_addr, i64 1" [../gen/Hls_Layers_UpConv.tpp:230]   --->   Operation 53 'readreq' 'gmem_param_load_req' <Predicate = true> <Delay = 2.43> <CoreInst = "m_axi">   --->   Core 119 'm_axi' <Latency = 6> <II = 1> <Delay = 1.00> <Adapter> <Opcode : 'read' 'write' 'readreq' 'writereq' 'writeresp'>
ST_6 : Operation 54 [5/8] (2.43ns)   --->   "%gmem_param_load_1_req = readreq i1 @_ssdm_op_ReadReq.m_axi.i256P1A, i256 %gmem_param_addr_1, i64 1" [../gen/Hls_Layers_UpConv.tpp:231]   --->   Operation 54 'readreq' 'gmem_param_load_1_req' <Predicate = true> <Delay = 2.43> <CoreInst = "m_axi">   --->   Core 119 'm_axi' <Latency = 6> <II = 1> <Delay = 1.00> <Adapter> <Opcode : 'read' 'write' 'readreq' 'writereq' 'writeresp'>
ST_6 : Operation 55 [6/8] (2.43ns)   --->   "%gmem_param_load_2_req = readreq i1 @_ssdm_op_ReadReq.m_axi.i256P1A, i256 %gmem_param_addr_2, i64 1" [../gen/Hls_Layers_UpConv.tpp:232]   --->   Operation 55 'readreq' 'gmem_param_load_2_req' <Predicate = true> <Delay = 2.43> <CoreInst = "m_axi">   --->   Core 119 'm_axi' <Latency = 6> <II = 1> <Delay = 1.00> <Adapter> <Opcode : 'read' 'write' 'readreq' 'writereq' 'writeresp'>

State 7 <SV = 6> <Delay = 2.43>
ST_7 : Operation 56 [3/8] (2.43ns)   --->   "%gmem_param_load_req = readreq i1 @_ssdm_op_ReadReq.m_axi.i256P1A, i256 %gmem_param_addr, i64 1" [../gen/Hls_Layers_UpConv.tpp:230]   --->   Operation 56 'readreq' 'gmem_param_load_req' <Predicate = true> <Delay = 2.43> <CoreInst = "m_axi">   --->   Core 119 'm_axi' <Latency = 6> <II = 1> <Delay = 1.00> <Adapter> <Opcode : 'read' 'write' 'readreq' 'writereq' 'writeresp'>
ST_7 : Operation 57 [4/8] (2.43ns)   --->   "%gmem_param_load_1_req = readreq i1 @_ssdm_op_ReadReq.m_axi.i256P1A, i256 %gmem_param_addr_1, i64 1" [../gen/Hls_Layers_UpConv.tpp:231]   --->   Operation 57 'readreq' 'gmem_param_load_1_req' <Predicate = true> <Delay = 2.43> <CoreInst = "m_axi">   --->   Core 119 'm_axi' <Latency = 6> <II = 1> <Delay = 1.00> <Adapter> <Opcode : 'read' 'write' 'readreq' 'writereq' 'writeresp'>
ST_7 : Operation 58 [5/8] (2.43ns)   --->   "%gmem_param_load_2_req = readreq i1 @_ssdm_op_ReadReq.m_axi.i256P1A, i256 %gmem_param_addr_2, i64 1" [../gen/Hls_Layers_UpConv.tpp:232]   --->   Operation 58 'readreq' 'gmem_param_load_2_req' <Predicate = true> <Delay = 2.43> <CoreInst = "m_axi">   --->   Core 119 'm_axi' <Latency = 6> <II = 1> <Delay = 1.00> <Adapter> <Opcode : 'read' 'write' 'readreq' 'writereq' 'writeresp'>

State 8 <SV = 7> <Delay = 2.43>
ST_8 : Operation 59 [2/8] (2.43ns)   --->   "%gmem_param_load_req = readreq i1 @_ssdm_op_ReadReq.m_axi.i256P1A, i256 %gmem_param_addr, i64 1" [../gen/Hls_Layers_UpConv.tpp:230]   --->   Operation 59 'readreq' 'gmem_param_load_req' <Predicate = true> <Delay = 2.43> <CoreInst = "m_axi">   --->   Core 119 'm_axi' <Latency = 6> <II = 1> <Delay = 1.00> <Adapter> <Opcode : 'read' 'write' 'readreq' 'writereq' 'writeresp'>
ST_8 : Operation 60 [3/8] (2.43ns)   --->   "%gmem_param_load_1_req = readreq i1 @_ssdm_op_ReadReq.m_axi.i256P1A, i256 %gmem_param_addr_1, i64 1" [../gen/Hls_Layers_UpConv.tpp:231]   --->   Operation 60 'readreq' 'gmem_param_load_1_req' <Predicate = true> <Delay = 2.43> <CoreInst = "m_axi">   --->   Core 119 'm_axi' <Latency = 6> <II = 1> <Delay = 1.00> <Adapter> <Opcode : 'read' 'write' 'readreq' 'writereq' 'writeresp'>
ST_8 : Operation 61 [4/8] (2.43ns)   --->   "%gmem_param_load_2_req = readreq i1 @_ssdm_op_ReadReq.m_axi.i256P1A, i256 %gmem_param_addr_2, i64 1" [../gen/Hls_Layers_UpConv.tpp:232]   --->   Operation 61 'readreq' 'gmem_param_load_2_req' <Predicate = true> <Delay = 2.43> <CoreInst = "m_axi">   --->   Core 119 'm_axi' <Latency = 6> <II = 1> <Delay = 1.00> <Adapter> <Opcode : 'read' 'write' 'readreq' 'writereq' 'writeresp'>

State 9 <SV = 8> <Delay = 2.43>
ST_9 : Operation 62 [1/8] (2.43ns)   --->   "%gmem_param_load_req = readreq i1 @_ssdm_op_ReadReq.m_axi.i256P1A, i256 %gmem_param_addr, i64 1" [../gen/Hls_Layers_UpConv.tpp:230]   --->   Operation 62 'readreq' 'gmem_param_load_req' <Predicate = true> <Delay = 2.43> <CoreInst = "m_axi">   --->   Core 119 'm_axi' <Latency = 6> <II = 1> <Delay = 1.00> <Adapter> <Opcode : 'read' 'write' 'readreq' 'writereq' 'writeresp'>
ST_9 : Operation 63 [2/8] (2.43ns)   --->   "%gmem_param_load_1_req = readreq i1 @_ssdm_op_ReadReq.m_axi.i256P1A, i256 %gmem_param_addr_1, i64 1" [../gen/Hls_Layers_UpConv.tpp:231]   --->   Operation 63 'readreq' 'gmem_param_load_1_req' <Predicate = true> <Delay = 2.43> <CoreInst = "m_axi">   --->   Core 119 'm_axi' <Latency = 6> <II = 1> <Delay = 1.00> <Adapter> <Opcode : 'read' 'write' 'readreq' 'writereq' 'writeresp'>
ST_9 : Operation 64 [3/8] (2.43ns)   --->   "%gmem_param_load_2_req = readreq i1 @_ssdm_op_ReadReq.m_axi.i256P1A, i256 %gmem_param_addr_2, i64 1" [../gen/Hls_Layers_UpConv.tpp:232]   --->   Operation 64 'readreq' 'gmem_param_load_2_req' <Predicate = true> <Delay = 2.43> <CoreInst = "m_axi">   --->   Core 119 'm_axi' <Latency = 6> <II = 1> <Delay = 1.00> <Adapter> <Opcode : 'read' 'write' 'readreq' 'writereq' 'writeresp'>

State 10 <SV = 9> <Delay = 2.43>
ST_10 : Operation 65 [1/1] (2.43ns)   --->   "%gmem_param_addr_read = read i256 @_ssdm_op_Read.m_axi.i256P1A, i256 %gmem_param_addr" [../gen/Hls_Layers_UpConv.tpp:230]   --->   Operation 65 'read' 'gmem_param_addr_read' <Predicate = true> <Delay = 2.43> <CoreInst = "m_axi">   --->   Core 119 'm_axi' <Latency = 3> <II = 1> <Delay = 1.00> <Adapter> <Opcode : 'read' 'write' 'readreq' 'writereq' 'writeresp'>
ST_10 : Operation 66 [1/8] (2.43ns)   --->   "%gmem_param_load_1_req = readreq i1 @_ssdm_op_ReadReq.m_axi.i256P1A, i256 %gmem_param_addr_1, i64 1" [../gen/Hls_Layers_UpConv.tpp:231]   --->   Operation 66 'readreq' 'gmem_param_load_1_req' <Predicate = true> <Delay = 2.43> <CoreInst = "m_axi">   --->   Core 119 'm_axi' <Latency = 6> <II = 1> <Delay = 1.00> <Adapter> <Opcode : 'read' 'write' 'readreq' 'writereq' 'writeresp'>
ST_10 : Operation 67 [2/8] (2.43ns)   --->   "%gmem_param_load_2_req = readreq i1 @_ssdm_op_ReadReq.m_axi.i256P1A, i256 %gmem_param_addr_2, i64 1" [../gen/Hls_Layers_UpConv.tpp:232]   --->   Operation 67 'readreq' 'gmem_param_load_2_req' <Predicate = true> <Delay = 2.43> <CoreInst = "m_axi">   --->   Core 119 'm_axi' <Latency = 6> <II = 1> <Delay = 1.00> <Adapter> <Opcode : 'read' 'write' 'readreq' 'writereq' 'writeresp'>
ST_10 : Operation 82 [1/1] (0.42ns)   --->   "%ret_ln0 = ret"   --->   Operation 82 'ret' 'ret_ln0' <Predicate = (icmp_ln228)> <Delay = 0.42>

State 11 <SV = 10> <Delay = 2.43>
ST_11 : Operation 68 [1/1] (0.00ns)   --->   "%zext_ln228 = zext i5 %i_1" [../gen/Hls_Layers_UpConv.tpp:228]   --->   Operation 68 'zext' 'zext_ln228' <Predicate = true> <Delay = 0.00>
ST_11 : Operation 69 [1/1] (0.00ns)   --->   "%b_buf_addr = getelementptr i256 %b_buf, i64 0, i64 %zext_ln228" [../gen/Hls_Layers_UpConv.tpp:230]   --->   Operation 69 'getelementptr' 'b_buf_addr' <Predicate = true> <Delay = 0.00>
ST_11 : Operation 70 [1/1] ( I:1.23ns O:1.23ns )   --->   "%store_ln230 = store i256 %gmem_param_addr_read, i5 %b_buf_addr" [../gen/Hls_Layers_UpConv.tpp:230]   --->   Operation 70 'store' 'store_ln230' <Predicate = true> <Delay = 1.23> <CoreInst = "RAM_T2P_BRAM">   --->   Core 98 'RAM_T2P_BRAM' <Latency = 1> <II = 1> <Delay = 1.23> <Storage> <Opcode : 'load' 'store'> <Ports = 2> <Width = 256> <Depth = 30> <RAM>
ST_11 : Operation 71 [1/1] (2.43ns)   --->   "%gmem_param_addr_1_read = read i256 @_ssdm_op_Read.m_axi.i256P1A, i256 %gmem_param_addr_1" [../gen/Hls_Layers_UpConv.tpp:231]   --->   Operation 71 'read' 'gmem_param_addr_1_read' <Predicate = true> <Delay = 2.43> <CoreInst = "m_axi">   --->   Core 119 'm_axi' <Latency = 3> <II = 1> <Delay = 1.00> <Adapter> <Opcode : 'read' 'write' 'readreq' 'writereq' 'writeresp'>
ST_11 : Operation 72 [1/8] (2.43ns)   --->   "%gmem_param_load_2_req = readreq i1 @_ssdm_op_ReadReq.m_axi.i256P1A, i256 %gmem_param_addr_2, i64 1" [../gen/Hls_Layers_UpConv.tpp:232]   --->   Operation 72 'readreq' 'gmem_param_load_2_req' <Predicate = true> <Delay = 2.43> <CoreInst = "m_axi">   --->   Core 119 'm_axi' <Latency = 6> <II = 1> <Delay = 1.00> <Adapter> <Opcode : 'read' 'write' 'readreq' 'writereq' 'writeresp'>

State 12 <SV = 11> <Delay = 2.43>
ST_12 : Operation 73 [1/1] (0.00ns)   --->   "%g_buf_addr = getelementptr i256 %g_buf, i64 0, i64 %zext_ln228" [../gen/Hls_Layers_UpConv.tpp:231]   --->   Operation 73 'getelementptr' 'g_buf_addr' <Predicate = true> <Delay = 0.00>
ST_12 : Operation 74 [1/1] ( I:1.23ns O:1.23ns )   --->   "%store_ln231 = store i256 %gmem_param_addr_1_read, i5 %g_buf_addr" [../gen/Hls_Layers_UpConv.tpp:231]   --->   Operation 74 'store' 'store_ln231' <Predicate = true> <Delay = 1.23> <CoreInst = "RAM_T2P_BRAM">   --->   Core 98 'RAM_T2P_BRAM' <Latency = 1> <II = 1> <Delay = 1.23> <Storage> <Opcode : 'load' 'store'> <Ports = 2> <Width = 256> <Depth = 30> <RAM>
ST_12 : Operation 75 [1/1] (2.43ns)   --->   "%gmem_param_addr_2_read = read i256 @_ssdm_op_Read.m_axi.i256P1A, i256 %gmem_param_addr_2" [../gen/Hls_Layers_UpConv.tpp:232]   --->   Operation 75 'read' 'gmem_param_addr_2_read' <Predicate = true> <Delay = 2.43> <CoreInst = "m_axi">   --->   Core 119 'm_axi' <Latency = 3> <II = 1> <Delay = 1.00> <Adapter> <Opcode : 'read' 'write' 'readreq' 'writereq' 'writeresp'>

State 13 <SV = 12> <Delay = 1.23>
ST_13 : Operation 76 [1/1] (0.00ns)   --->   "%specpipeline_ln229 = specpipeline void @_ssdm_op_SpecPipeline, i32 1, i32 0, i32 0, i32 0, void @empty_5" [../gen/Hls_Layers_UpConv.tpp:229]   --->   Operation 76 'specpipeline' 'specpipeline_ln229' <Predicate = true> <Delay = 0.00>
ST_13 : Operation 77 [1/1] (0.00ns)   --->   "%speclooptripcount_ln228 = speclooptripcount void @_ssdm_op_SpecLoopTripCount, i64 30, i64 30, i64 30" [../gen/Hls_Layers_UpConv.tpp:228]   --->   Operation 77 'speclooptripcount' 'speclooptripcount_ln228' <Predicate = true> <Delay = 0.00>
ST_13 : Operation 78 [1/1] (0.00ns)   --->   "%specloopname_ln228 = specloopname void @_ssdm_op_SpecLoopName, void @empty_10" [../gen/Hls_Layers_UpConv.tpp:228]   --->   Operation 78 'specloopname' 'specloopname_ln228' <Predicate = true> <Delay = 0.00>
ST_13 : Operation 79 [1/1] (0.00ns)   --->   "%be_buf_addr = getelementptr i256 %be_buf, i64 0, i64 %zext_ln228" [../gen/Hls_Layers_UpConv.tpp:232]   --->   Operation 79 'getelementptr' 'be_buf_addr' <Predicate = true> <Delay = 0.00>
ST_13 : Operation 80 [1/1] ( I:1.23ns O:1.23ns )   --->   "%store_ln232 = store i256 %gmem_param_addr_2_read, i5 %be_buf_addr" [../gen/Hls_Layers_UpConv.tpp:232]   --->   Operation 80 'store' 'store_ln232' <Predicate = true> <Delay = 1.23> <CoreInst = "RAM_T2P_BRAM">   --->   Core 98 'RAM_T2P_BRAM' <Latency = 1> <II = 1> <Delay = 1.23> <Storage> <Opcode : 'load' 'store'> <Ports = 2> <Width = 256> <Depth = 30> <RAM>
ST_13 : Operation 81 [1/1] (0.00ns)   --->   "%br_ln228 = br void %for.inc229" [../gen/Hls_Layers_UpConv.tpp:228]   --->   Operation 81 'br' 'br_ln228' <Predicate = true> <Delay = 0.00>


============================================================
+ Verbose Summary: Binding
============================================================
STG Binding: 
---------------- STG Properties BEGIN ----------------
- Is combinational: 0
- Is one-state seq: 0
- Is datapath-only: 0
- Is pipelined: 0
- Is top level: 0
Port [ Return ] is wired: 1; IO mode=ap_ctrl_hs:ce=0
Port [ b_buf]:  wired=1; compound=1; hidden=0; nouse=0; global=0; static=0; extern=0; dir=1; type=1; pingpong=0; private_global=0; MemPort=[03]; IO mode=ap_memory:ce=0
Port [ sext_ln228]:  wired=1; compound=0; hidden=0; nouse=0; global=0; static=0; extern=0; dir=0; type=0; pingpong=0; private_global=0; IO mode=ap_none:ce=0
Port [ gmem_param]:  wired=1; compound=1; hidden=0; nouse=0; global=0; static=0; extern=0; dir=0; type=4; pingpong=0; private_global=0; IO mode=m_axi:ce=0
Port [ g_buf]:  wired=1; compound=1; hidden=0; nouse=0; global=0; static=0; extern=0; dir=1; type=1; pingpong=0; private_global=0; MemPort=[03]; IO mode=ap_memory:ce=0
Port [ sext_ln228_1]:  wired=1; compound=0; hidden=0; nouse=0; global=0; static=0; extern=0; dir=0; type=0; pingpong=0; private_global=0; IO mode=ap_none:ce=0
Port [ be_buf]:  wired=1; compound=1; hidden=0; nouse=0; global=0; static=0; extern=0; dir=1; type=1; pingpong=0; private_global=0; MemPort=[03]; IO mode=ap_memory:ce=0
Port [ sext_ln228_2]:  wired=1; compound=0; hidden=0; nouse=0; global=0; static=0; extern=0; dir=0; type=0; pingpong=0; private_global=0; IO mode=ap_none:ce=0
---------------- STG Properties END ------------------

---------------- Datapath Model BEGIN ----------------

<LifeTime>
<method=bitvector/>
i                       (alloca           ) [ 01000000000000]
sext_ln228_2_read       (read             ) [ 00000000000000]
sext_ln228_1_read       (read             ) [ 00000000000000]
sext_ln228_read         (read             ) [ 00000000000000]
sext_ln228_2_cast       (sext             ) [ 00100000000000]
sext_ln228_1_cast       (sext             ) [ 00100000000000]
sext_ln228_cast         (sext             ) [ 00000000000000]
specmemcore_ln0         (specmemcore      ) [ 00000000000000]
specmemcore_ln0         (specmemcore      ) [ 00000000000000]
specmemcore_ln0         (specmemcore      ) [ 00000000000000]
specinterface_ln0       (specinterface    ) [ 00000000000000]
store_ln228             (store            ) [ 00000000000000]
br_ln0                  (br               ) [ 00000000000000]
i_1                     (load             ) [ 01111111111100]
icmp_ln228              (icmp             ) [ 01111111111000]
add_ln228               (add              ) [ 00000000000000]
br_ln228                (br               ) [ 00000000000000]
zext_ln228_1            (zext             ) [ 00100000000000]
add_ln230               (add              ) [ 00100000000000]
store_ln228             (store            ) [ 00000000000000]
sext_ln230              (sext             ) [ 00000000000000]
gmem_param_addr         (getelementptr    ) [ 01111111111000]
add_ln231               (add              ) [ 00010000000000]
add_ln232               (add              ) [ 01011000000000]
sext_ln231              (sext             ) [ 00000000000000]
gmem_param_addr_1       (getelementptr    ) [ 01111111111100]
sext_ln232              (sext             ) [ 00000000000000]
gmem_param_addr_2       (getelementptr    ) [ 01110111111110]
gmem_param_load_req     (readreq          ) [ 00000000000000]
gmem_param_addr_read    (read             ) [ 00100000000100]
gmem_param_load_1_req   (readreq          ) [ 00000000000000]
zext_ln228              (zext             ) [ 01010000000011]
b_buf_addr              (getelementptr    ) [ 00000000000000]
store_ln230             (store            ) [ 00000000000000]
gmem_param_addr_1_read  (read             ) [ 00010000000010]
gmem_param_load_2_req   (readreq          ) [ 00000000000000]
g_buf_addr              (getelementptr    ) [ 00000000000000]
store_ln231             (store            ) [ 00000000000000]
gmem_param_addr_2_read  (read             ) [ 01000000000001]
specpipeline_ln229      (specpipeline     ) [ 00000000000000]
speclooptripcount_ln228 (speclooptripcount) [ 00000000000000]
specloopname_ln228      (specloopname     ) [ 00000000000000]
be_buf_addr             (getelementptr    ) [ 00000000000000]
store_ln232             (store            ) [ 00000000000000]
br_ln228                (br               ) [ 00000000000000]
ret_ln0                 (ret              ) [ 00000000000000]
</LifeTime>

<model>

<comp_list>
<comp id="0" class="1000" name="b_buf">
<pin_list>
<pin id="1" dir="1" index="0" bw="1" slack="0"/>
</pin_list>
<bind>
<StgValue><ssdm name="b_buf"/><MemPortTyVec>0 3 </MemPortTyVec>
</StgValue>
</bind>
</comp>

<comp id="2" class="1000" name="sext_ln228">
<pin_list>
<pin id="3" dir="1" index="0" bw="1" slack="0"/>
</pin_list>
<bind>
<StgValue><ssdm name="sext_ln228"/></StgValue>
</bind>
</comp>

<comp id="4" class="1000" name="gmem_param">
<pin_list>
<pin id="5" dir="1" index="0" bw="1" slack="0"/>
</pin_list>
<bind>
<StgValue><ssdm name="gmem_param"/><MemPortTyVec>0 </MemPortTyVec>
</StgValue>
</bind>
</comp>

<comp id="6" class="1000" name="g_buf">
<pin_list>
<pin id="7" dir="1" index="0" bw="1" slack="0"/>
</pin_list>
<bind>
<StgValue><ssdm name="g_buf"/><MemPortTyVec>0 3 </MemPortTyVec>
</StgValue>
</bind>
</comp>

<comp id="8" class="1000" name="sext_ln228_1">
<pin_list>
<pin id="9" dir="1" index="0" bw="1" slack="0"/>
</pin_list>
<bind>
<StgValue><ssdm name="sext_ln228_1"/></StgValue>
</bind>
</comp>

<comp id="10" class="1000" name="be_buf">
<pin_list>
<pin id="11" dir="1" index="0" bw="1" slack="0"/>
</pin_list>
<bind>
<StgValue><ssdm name="be_buf"/><MemPortTyVec>0 3 </MemPortTyVec>
</StgValue>
</bind>
</comp>

<comp id="12" class="1000" name="sext_ln228_2">
<pin_list>
<pin id="13" dir="1" index="0" bw="1" slack="0"/>
</pin_list>
<bind>
<StgValue><ssdm name="sext_ln228_2"/></StgValue>
</bind>
</comp>

<comp id="14" class="1001" name="const_14">
<pin_list>
<pin id="15" dir="1" index="0" bw="1" slack="0"/>
</pin_list>
<bind>
<StgValue><ssdm name=""/></StgValue>
</bind>
</comp>

<comp id="16" class="1001" name="const_16">
<pin_list>
<pin id="17" dir="1" index="0" bw="1" slack="0"/>
</pin_list>
<bind>
<StgValue><ssdm name="_ssdm_op_Read.ap_auto.i59"/></StgValue>
</bind>
</comp>

<comp id="18" class="1001" name="const_18">
<pin_list>
<pin id="19" dir="1" index="0" bw="1" slack="2147483647"/>
</pin_list>
<bind>
<StgValue><ssdm name="_ssdm_op_SpecMemCore"/></StgValue>
</bind>
</comp>

<comp id="20" class="1001" name="const_20">
<pin_list>
<pin id="21" dir="1" index="0" bw="1" slack="2147483647"/>
</pin_list>
<bind>
<StgValue><ssdm name=""/></StgValue>
</bind>
</comp>

<comp id="22" class="1001" name="const_22">
<pin_list>
<pin id="23" dir="1" index="0" bw="1" slack="2147483647"/>
</pin_list>
<bind>
<StgValue><ssdm name=""/></StgValue>
</bind>
</comp>

<comp id="24" class="1001" name="const_24">
<pin_list>
<pin id="25" dir="1" index="0" bw="1" slack="2147483647"/>
</pin_list>
<bind>
<StgValue><ssdm name=""/></StgValue>
</bind>
</comp>

<comp id="26" class="1001" name="const_26">
<pin_list>
<pin id="27" dir="1" index="0" bw="1" slack="2147483647"/>
</pin_list>
<bind>
<StgValue><ssdm name="_ssdm_op_SpecInterface"/></StgValue>
</bind>
</comp>

<comp id="28" class="1001" name="const_28">
<pin_list>
<pin id="29" dir="1" index="0" bw="1" slack="2147483647"/>
</pin_list>
<bind>
<StgValue><ssdm name="empty_19"/></StgValue>
</bind>
</comp>

<comp id="30" class="1001" name="const_30">
<pin_list>
<pin id="31" dir="1" index="0" bw="1" slack="2147483647"/>
</pin_list>
<bind>
<StgValue><ssdm name=""/></StgValue>
</bind>
</comp>

<comp id="32" class="1001" name="const_32">
<pin_list>
<pin id="33" dir="1" index="0" bw="1" slack="2147483647"/>
</pin_list>
<bind>
<StgValue><ssdm name="empty_5"/></StgValue>
</bind>
</comp>

<comp id="34" class="1001" name="const_34">
<pin_list>
<pin id="35" dir="1" index="0" bw="1" slack="2147483647"/>
</pin_list>
<bind>
<StgValue><ssdm name="empty_9"/></StgValue>
</bind>
</comp>

<comp id="36" class="1001" name="const_36">
<pin_list>
<pin id="37" dir="1" index="0" bw="1" slack="2147483647"/>
</pin_list>
<bind>
<StgValue><ssdm name="empty_7"/></StgValue>
</bind>
</comp>

<comp id="38" class="1001" name="const_38">
<pin_list>
<pin id="39" dir="1" index="0" bw="1" slack="2147483647"/>
</pin_list>
<bind>
<StgValue><ssdm name=""/></StgValue>
</bind>
</comp>

<comp id="40" class="1001" name="const_40">
<pin_list>
<pin id="41" dir="1" index="0" bw="1" slack="2147483647"/>
</pin_list>
<bind>
<StgValue><ssdm name=""/></StgValue>
</bind>
</comp>

<comp id="42" class="1001" name="const_42">
<pin_list>
<pin id="43" dir="1" index="0" bw="1" slack="2147483647"/>
</pin_list>
<bind>
<StgValue><ssdm name=""/></StgValue>
</bind>
</comp>

<comp id="44" class="1001" name="const_44">
<pin_list>
<pin id="45" dir="1" index="0" bw="1" slack="0"/>
</pin_list>
<bind>
<StgValue><ssdm name=""/></StgValue>
</bind>
</comp>

<comp id="46" class="1001" name="const_46">
<pin_list>
<pin id="47" dir="1" index="0" bw="1" slack="0"/>
</pin_list>
<bind>
<StgValue><ssdm name=""/></StgValue>
</bind>
</comp>

<comp id="48" class="1001" name="const_48">
<pin_list>
<pin id="49" dir="1" index="0" bw="1" slack="0"/>
</pin_list>
<bind>
<StgValue><ssdm name=""/></StgValue>
</bind>
</comp>

<comp id="50" class="1001" name="const_50">
<pin_list>
<pin id="51" dir="1" index="0" bw="1" slack="0"/>
</pin_list>
<bind>
<StgValue><ssdm name="_ssdm_op_ReadReq.m_axi.i256P1A"/></StgValue>
</bind>
</comp>

<comp id="52" class="1001" name="const_52">
<pin_list>
<pin id="53" dir="1" index="0" bw="1" slack="0"/>
</pin_list>
<bind>
<StgValue><ssdm name=""/></StgValue>
</bind>
</comp>

<comp id="54" class="1001" name="const_54">
<pin_list>
<pin id="55" dir="1" index="0" bw="1" slack="0"/>
</pin_list>
<bind>
<StgValue><ssdm name="_ssdm_op_Read.m_axi.i256P1A"/></StgValue>
</bind>
</comp>

<comp id="56" class="1001" name="const_56">
<pin_list>
<pin id="57" dir="1" index="0" bw="1" slack="0"/>
</pin_list>
<bind>
<StgValue><ssdm name=""/></StgValue>
</bind>
</comp>

<comp id="58" class="1001" name="const_58">
<pin_list>
<pin id="59" dir="1" index="0" bw="1" slack="2147483647"/>
</pin_list>
<bind>
<StgValue><ssdm name="_ssdm_op_SpecPipeline"/></StgValue>
</bind>
</comp>

<comp id="60" class="1001" name="const_60">
<pin_list>
<pin id="61" dir="1" index="0" bw="1" slack="2147483647"/>
</pin_list>
<bind>
<StgValue><ssdm name="_ssdm_op_SpecLoopTripCount"/></StgValue>
</bind>
</comp>

<comp id="62" class="1001" name="const_62">
<pin_list>
<pin id="63" dir="1" index="0" bw="1" slack="2147483647"/>
</pin_list>
<bind>
<StgValue><ssdm name="_ssdm_op_SpecLoopName"/></StgValue>
</bind>
</comp>

<comp id="64" class="1001" name="const_64">
<pin_list>
<pin id="65" dir="1" index="0" bw="1" slack="2147483647"/>
</pin_list>
<bind>
<StgValue><ssdm name="empty_10"/></StgValue>
</bind>
</comp>

<comp id="66" class="1004" name="i_fu_66">
<pin_list>
<pin id="67" dir="0" index="0" bw="1" slack="0"/>
<pin id="68" dir="1" index="1" bw="5" slack="0"/>
</pin_list>
<bind>
<opcode="alloca(26) " fcode="alloca"/>
<opset="i/1 "/>
</bind>
</comp>

<comp id="70" class="1004" name="sext_ln228_2_read_read_fu_70">
<pin_list>
<pin id="71" dir="0" index="0" bw="59" slack="0"/>
<pin id="72" dir="0" index="1" bw="59" slack="0"/>
<pin id="73" dir="1" index="2" bw="59" slack="0"/>
</pin_list>
<bind>
<opcode="read(1150) " fcode="read"/>
<opset="sext_ln228_2_read/1 "/>
</bind>
</comp>

<comp id="76" class="1004" name="sext_ln228_1_read_read_fu_76">
<pin_list>
<pin id="77" dir="0" index="0" bw="59" slack="0"/>
<pin id="78" dir="0" index="1" bw="59" slack="0"/>
<pin id="79" dir="1" index="2" bw="59" slack="0"/>
</pin_list>
<bind>
<opcode="read(1150) " fcode="read"/>
<opset="sext_ln228_1_read/1 "/>
</bind>
</comp>

<comp id="82" class="1004" name="sext_ln228_read_read_fu_82">
<pin_list>
<pin id="83" dir="0" index="0" bw="59" slack="0"/>
<pin id="84" dir="0" index="1" bw="59" slack="0"/>
<pin id="85" dir="1" index="2" bw="59" slack="0"/>
</pin_list>
<bind>
<opcode="read(1150) " fcode="read"/>
<opset="sext_ln228_read/1 "/>
</bind>
</comp>

<comp id="88" class="1004" name="grp_readreq_fu_88">
<pin_list>
<pin id="89" dir="0" index="0" bw="1" slack="0"/>
<pin id="90" dir="0" index="1" bw="256" slack="0"/>
<pin id="91" dir="0" index="2" bw="1" slack="0"/>
<pin id="92" dir="1" index="3" bw="1" slack="2147483647"/>
</pin_list>
<bind>
<opcode="readreq(1154) " fcode="readreq"/>
<opset="gmem_param_load_req/2 "/>
</bind>
</comp>

<comp id="95" class="1004" name="grp_readreq_fu_95">
<pin_list>
<pin id="96" dir="0" index="0" bw="1" slack="0"/>
<pin id="97" dir="0" index="1" bw="256" slack="0"/>
<pin id="98" dir="0" index="2" bw="1" slack="0"/>
<pin id="99" dir="1" index="3" bw="1" slack="2147483647"/>
</pin_list>
<bind>
<opcode="readreq(1154) " fcode="readreq"/>
<opset="gmem_param_load_1_req/3 "/>
</bind>
</comp>

<comp id="102" class="1004" name="grp_readreq_fu_102">
<pin_list>
<pin id="103" dir="0" index="0" bw="1" slack="0"/>
<pin id="104" dir="0" index="1" bw="256" slack="0"/>
<pin id="105" dir="0" index="2" bw="1" slack="0"/>
<pin id="106" dir="1" index="3" bw="1" slack="2147483647"/>
</pin_list>
<bind>
<opcode="readreq(1154) " fcode="readreq"/>
<opset="gmem_param_load_2_req/4 "/>
</bind>
</comp>

<comp id="109" class="1004" name="gmem_param_addr_read_read_fu_109">
<pin_list>
<pin id="110" dir="0" index="0" bw="256" slack="0"/>
<pin id="111" dir="0" index="1" bw="256" slack="8"/>
<pin id="112" dir="1" index="2" bw="256" slack="1"/>
</pin_list>
<bind>
<opcode="read(1150) " fcode="read"/>
<opset="gmem_param_addr_read/10 "/>
</bind>
</comp>

<comp id="114" class="1004" name="gmem_param_addr_1_read_read_fu_114">
<pin_list>
<pin id="115" dir="0" index="0" bw="256" slack="0"/>
<pin id="116" dir="0" index="1" bw="256" slack="8"/>
<pin id="117" dir="1" index="2" bw="256" slack="1"/>
</pin_list>
<bind>
<opcode="read(1150) " fcode="read"/>
<opset="gmem_param_addr_1_read/11 "/>
</bind>
</comp>

<comp id="119" class="1004" name="gmem_param_addr_2_read_read_fu_119">
<pin_list>
<pin id="120" dir="0" index="0" bw="256" slack="0"/>
<pin id="121" dir="0" index="1" bw="256" slack="8"/>
<pin id="122" dir="1" index="2" bw="256" slack="1"/>
</pin_list>
<bind>
<opcode="read(1150) " fcode="read"/>
<opset="gmem_param_addr_2_read/12 "/>
</bind>
</comp>

<comp id="124" class="1004" name="b_buf_addr_gep_fu_124">
<pin_list>
<pin id="125" dir="0" index="0" bw="256" slack="0"/>
<pin id="126" dir="0" index="1" bw="1" slack="0"/>
<pin id="127" dir="0" index="2" bw="5" slack="0"/>
<pin id="128" dir="1" index="3" bw="5" slack="0"/>
</pin_list>
<bind>
<opcode="getelementptr(29) " fcode="getelementptr"/>
<opset="b_buf_addr/11 "/>
</bind>
</comp>

<comp id="131" class="1004" name="store_ln230_access_fu_131">
<pin_list>
<pin id="132" dir="0" index="0" bw="5" slack="0"/>
<pin id="133" dir="0" index="1" bw="256" slack="1"/>
<pin id="134" dir="0" index="2" bw="0" slack="2147483647"/>
<pin id="135" dir="1" index="3" bw="256" slack="2147483647"/>
</pin_list>
<bind>
<opcode="store(28) " fcode="store"/>
<opset="store_ln230/11 "/>
</bind>
</comp>

<comp id="137" class="1004" name="g_buf_addr_gep_fu_137">
<pin_list>
<pin id="138" dir="0" index="0" bw="256" slack="0"/>
<pin id="139" dir="0" index="1" bw="1" slack="0"/>
<pin id="140" dir="0" index="2" bw="5" slack="1"/>
<pin id="141" dir="1" index="3" bw="5" slack="0"/>
</pin_list>
<bind>
<opcode="getelementptr(29) " fcode="getelementptr"/>
<opset="g_buf_addr/12 "/>
</bind>
</comp>

<comp id="144" class="1004" name="store_ln231_access_fu_144">
<pin_list>
<pin id="145" dir="0" index="0" bw="5" slack="0"/>
<pin id="146" dir="0" index="1" bw="256" slack="1"/>
<pin id="147" dir="0" index="2" bw="0" slack="2147483647"/>
<pin id="148" dir="1" index="3" bw="256" slack="2147483647"/>
</pin_list>
<bind>
<opcode="store(28) " fcode="store"/>
<opset="store_ln231/12 "/>
</bind>
</comp>

<comp id="150" class="1004" name="be_buf_addr_gep_fu_150">
<pin_list>
<pin id="151" dir="0" index="0" bw="256" slack="0"/>
<pin id="152" dir="0" index="1" bw="1" slack="0"/>
<pin id="153" dir="0" index="2" bw="5" slack="2"/>
<pin id="154" dir="1" index="3" bw="5" slack="0"/>
</pin_list>
<bind>
<opcode="getelementptr(29) " fcode="getelementptr"/>
<opset="be_buf_addr/13 "/>
</bind>
</comp>

<comp id="157" class="1004" name="store_ln232_access_fu_157">
<pin_list>
<pin id="158" dir="0" index="0" bw="5" slack="0"/>
<pin id="159" dir="0" index="1" bw="256" slack="1"/>
<pin id="160" dir="0" index="2" bw="0" slack="2147483647"/>
<pin id="161" dir="1" index="3" bw="256" slack="2147483647"/>
</pin_list>
<bind>
<opcode="store(28) " fcode="store"/>
<opset="store_ln232/13 "/>
</bind>
</comp>

<comp id="163" class="1004" name="sext_ln228_2_cast_fu_163">
<pin_list>
<pin id="164" dir="0" index="0" bw="59" slack="0"/>
<pin id="165" dir="1" index="1" bw="60" slack="1"/>
</pin_list>
<bind>
<opcode="sext(35) " fcode="sext"/>
<opset="sext_ln228_2_cast/1 "/>
</bind>
</comp>

<comp id="167" class="1004" name="sext_ln228_1_cast_fu_167">
<pin_list>
<pin id="168" dir="0" index="0" bw="59" slack="0"/>
<pin id="169" dir="1" index="1" bw="60" slack="1"/>
</pin_list>
<bind>
<opcode="sext(35) " fcode="sext"/>
<opset="sext_ln228_1_cast/1 "/>
</bind>
</comp>

<comp id="171" class="1004" name="sext_ln228_cast_fu_171">
<pin_list>
<pin id="172" dir="0" index="0" bw="59" slack="0"/>
<pin id="173" dir="1" index="1" bw="60" slack="0"/>
</pin_list>
<bind>
<opcode="sext(35) " fcode="sext"/>
<opset="sext_ln228_cast/1 "/>
</bind>
</comp>

<comp id="175" class="1004" name="store_ln228_store_fu_175">
<pin_list>
<pin id="176" dir="0" index="0" bw="1" slack="0"/>
<pin id="177" dir="0" index="1" bw="5" slack="0"/>
<pin id="178" dir="1" index="2" bw="0" slack="2147483647"/>
</pin_list>
<bind>
<opcode="store(28) " fcode="store"/>
<opset="store_ln228/1 "/>
</bind>
</comp>

<comp id="180" class="1004" name="i_1_load_fu_180">
<pin_list>
<pin id="181" dir="0" index="0" bw="5" slack="0"/>
<pin id="182" dir="1" index="1" bw="5" slack="0"/>
</pin_list>
<bind>
<opcode="load(27) " fcode="load"/>
<opset="i_1/1 "/>
</bind>
</comp>

<comp id="183" class="1004" name="icmp_ln228_fu_183">
<pin_list>
<pin id="184" dir="0" index="0" bw="5" slack="0"/>
<pin id="185" dir="0" index="1" bw="2" slack="0"/>
<pin id="186" dir="1" index="2" bw="1" slack="1"/>
</pin_list>
<bind>
<opcode="icmp(45) " fcode="icmp"/>
<opset="icmp_ln228/1 "/>
</bind>
</comp>

<comp id="189" class="1004" name="add_ln228_fu_189">
<pin_list>
<pin id="190" dir="0" index="0" bw="5" slack="0"/>
<pin id="191" dir="0" index="1" bw="1" slack="0"/>
<pin id="192" dir="1" index="2" bw="5" slack="0"/>
</pin_list>
<bind>
<opcode="add(8) " fcode="add"/>
<opset="add_ln228/1 "/>
</bind>
</comp>

<comp id="195" class="1004" name="zext_ln228_1_fu_195">
<pin_list>
<pin id="196" dir="0" index="0" bw="5" slack="0"/>
<pin id="197" dir="1" index="1" bw="60" slack="0"/>
</pin_list>
<bind>
<opcode="zext(34) " fcode="zext"/>
<opset="zext_ln228_1/1 "/>
</bind>
</comp>

<comp id="199" class="1004" name="add_ln230_fu_199">
<pin_list>
<pin id="200" dir="0" index="0" bw="5" slack="0"/>
<pin id="201" dir="0" index="1" bw="59" slack="0"/>
<pin id="202" dir="1" index="2" bw="60" slack="1"/>
</pin_list>
<bind>
<opcode="add(8) " fcode="add"/>
<opset="add_ln230/1 "/>
</bind>
</comp>

<comp id="205" class="1004" name="store_ln228_store_fu_205">
<pin_list>
<pin id="206" dir="0" index="0" bw="5" slack="0"/>
<pin id="207" dir="0" index="1" bw="5" slack="0"/>
<pin id="208" dir="1" index="2" bw="0" slack="2147483647"/>
</pin_list>
<bind>
<opcode="store(28) " fcode="store"/>
<opset="store_ln228/1 "/>
</bind>
</comp>

<comp id="210" class="1004" name="sext_ln230_fu_210">
<pin_list>
<pin id="211" dir="0" index="0" bw="60" slack="1"/>
<pin id="212" dir="1" index="1" bw="64" slack="0"/>
</pin_list>
<bind>
<opcode="sext(35) " fcode="sext"/>
<opset="sext_ln230/2 "/>
</bind>
</comp>

<comp id="213" class="1004" name="gmem_param_addr_fu_213">
<pin_list>
<pin id="214" dir="0" index="0" bw="256" slack="0"/>
<pin id="215" dir="0" index="1" bw="60" slack="0"/>
<pin id="216" dir="1" index="2" bw="256" slack="0"/>
</pin_list>
<bind>
<opcode="getelementptr(29) " fcode="getelementptr"/>
<opset="gmem_param_addr/2 "/>
</bind>
</comp>

<comp id="220" class="1004" name="add_ln231_fu_220">
<pin_list>
<pin id="221" dir="0" index="0" bw="5" slack="1"/>
<pin id="222" dir="0" index="1" bw="59" slack="1"/>
<pin id="223" dir="1" index="2" bw="60" slack="1"/>
</pin_list>
<bind>
<opcode="add(8) " fcode="add"/>
<opset="add_ln231/2 "/>
</bind>
</comp>

<comp id="224" class="1004" name="add_ln232_fu_224">
<pin_list>
<pin id="225" dir="0" index="0" bw="5" slack="1"/>
<pin id="226" dir="0" index="1" bw="59" slack="1"/>
<pin id="227" dir="1" index="2" bw="60" slack="2"/>
</pin_list>
<bind>
<opcode="add(8) " fcode="add"/>
<opset="add_ln232/2 "/>
</bind>
</comp>

<comp id="228" class="1004" name="sext_ln231_fu_228">
<pin_list>
<pin id="229" dir="0" index="0" bw="60" slack="1"/>
<pin id="230" dir="1" index="1" bw="64" slack="0"/>
</pin_list>
<bind>
<opcode="sext(35) " fcode="sext"/>
<opset="sext_ln231/3 "/>
</bind>
</comp>

<comp id="231" class="1004" name="gmem_param_addr_1_fu_231">
<pin_list>
<pin id="232" dir="0" index="0" bw="256" slack="0"/>
<pin id="233" dir="0" index="1" bw="60" slack="0"/>
<pin id="234" dir="1" index="2" bw="256" slack="0"/>
</pin_list>
<bind>
<opcode="getelementptr(29) " fcode="getelementptr"/>
<opset="gmem_param_addr_1/3 "/>
</bind>
</comp>

<comp id="238" class="1004" name="sext_ln232_fu_238">
<pin_list>
<pin id="239" dir="0" index="0" bw="60" slack="2"/>
<pin id="240" dir="1" index="1" bw="64" slack="0"/>
</pin_list>
<bind>
<opcode="sext(35) " fcode="sext"/>
<opset="sext_ln232/4 "/>
</bind>
</comp>

<comp id="241" class="1004" name="gmem_param_addr_2_fu_241">
<pin_list>
<pin id="242" dir="0" index="0" bw="256" slack="0"/>
<pin id="243" dir="0" index="1" bw="60" slack="0"/>
<pin id="244" dir="1" index="2" bw="256" slack="0"/>
</pin_list>
<bind>
<opcode="getelementptr(29) " fcode="getelementptr"/>
<opset="gmem_param_addr_2/4 "/>
</bind>
</comp>

<comp id="248" class="1004" name="zext_ln228_fu_248">
<pin_list>
<pin id="249" dir="0" index="0" bw="5" slack="10"/>
<pin id="250" dir="1" index="1" bw="64" slack="0"/>
</pin_list>
<bind>
<opcode="zext(34) " fcode="zext"/>
<opset="zext_ln228/11 "/>
</bind>
</comp>

<comp id="252" class="1005" name="i_reg_252">
<pin_list>
<pin id="253" dir="0" index="0" bw="5" slack="0"/>
<pin id="254" dir="1" index="1" bw="5" slack="0"/>
</pin_list>
<bind>
<opset="i "/>
</bind>
</comp>

<comp id="259" class="1005" name="sext_ln228_2_cast_reg_259">
<pin_list>
<pin id="260" dir="0" index="0" bw="60" slack="1"/>
<pin id="261" dir="1" index="1" bw="60" slack="1"/>
</pin_list>
<bind>
<opset="sext_ln228_2_cast "/>
</bind>
</comp>

<comp id="264" class="1005" name="sext_ln228_1_cast_reg_264">
<pin_list>
<pin id="265" dir="0" index="0" bw="60" slack="1"/>
<pin id="266" dir="1" index="1" bw="60" slack="1"/>
</pin_list>
<bind>
<opset="sext_ln228_1_cast "/>
</bind>
</comp>

<comp id="269" class="1005" name="i_1_reg_269">
<pin_list>
<pin id="270" dir="0" index="0" bw="5" slack="10"/>
<pin id="271" dir="1" index="1" bw="5" slack="10"/>
</pin_list>
<bind>
<opset="i_1 "/>
</bind>
</comp>

<comp id="274" class="1005" name="icmp_ln228_reg_274">
<pin_list>
<pin id="275" dir="0" index="0" bw="1" slack="1"/>
<pin id="276" dir="1" index="1" bw="1" slack="2147483647"/>
</pin_list>
<bind>
<opset="icmp_ln228 "/>
</bind>
</comp>

<comp id="278" class="1005" name="zext_ln228_1_reg_278">
<pin_list>
<pin id="279" dir="0" index="0" bw="60" slack="1"/>
<pin id="280" dir="1" index="1" bw="60" slack="1"/>
</pin_list>
<bind>
<opset="zext_ln228_1 "/>
</bind>
</comp>

<comp id="284" class="1005" name="add_ln230_reg_284">
<pin_list>
<pin id="285" dir="0" index="0" bw="60" slack="1"/>
<pin id="286" dir="1" index="1" bw="60" slack="1"/>
</pin_list>
<bind>
<opset="add_ln230 "/>
</bind>
</comp>

<comp id="289" class="1005" name="gmem_param_addr_reg_289">
<pin_list>
<pin id="290" dir="0" index="0" bw="256" slack="1"/>
<pin id="291" dir="1" index="1" bw="256" slack="1"/>
</pin_list>
<bind>
<opset="gmem_param_addr "/>
</bind>
</comp>

<comp id="295" class="1005" name="add_ln231_reg_295">
<pin_list>
<pin id="296" dir="0" index="0" bw="60" slack="1"/>
<pin id="297" dir="1" index="1" bw="60" slack="1"/>
</pin_list>
<bind>
<opset="add_ln231 "/>
</bind>
</comp>

<comp id="300" class="1005" name="add_ln232_reg_300">
<pin_list>
<pin id="301" dir="0" index="0" bw="60" slack="2"/>
<pin id="302" dir="1" index="1" bw="60" slack="2"/>
</pin_list>
<bind>
<opset="add_ln232 "/>
</bind>
</comp>

<comp id="305" class="1005" name="gmem_param_addr_1_reg_305">
<pin_list>
<pin id="306" dir="0" index="0" bw="256" slack="1"/>
<pin id="307" dir="1" index="1" bw="256" slack="1"/>
</pin_list>
<bind>
<opset="gmem_param_addr_1 "/>
</bind>
</comp>

<comp id="311" class="1005" name="gmem_param_addr_2_reg_311">
<pin_list>
<pin id="312" dir="0" index="0" bw="256" slack="1"/>
<pin id="313" dir="1" index="1" bw="256" slack="1"/>
</pin_list>
<bind>
<opset="gmem_param_addr_2 "/>
</bind>
</comp>

<comp id="317" class="1005" name="gmem_param_addr_read_reg_317">
<pin_list>
<pin id="318" dir="0" index="0" bw="256" slack="1"/>
<pin id="319" dir="1" index="1" bw="256" slack="1"/>
</pin_list>
<bind>
<opset="gmem_param_addr_read "/>
</bind>
</comp>

<comp id="322" class="1005" name="zext_ln228_reg_322">
<pin_list>
<pin id="323" dir="0" index="0" bw="64" slack="1"/>
<pin id="324" dir="1" index="1" bw="64" slack="1"/>
</pin_list>
<bind>
<opset="zext_ln228 "/>
</bind>
</comp>

<comp id="328" class="1005" name="gmem_param_addr_1_read_reg_328">
<pin_list>
<pin id="329" dir="0" index="0" bw="256" slack="1"/>
<pin id="330" dir="1" index="1" bw="256" slack="1"/>
</pin_list>
<bind>
<opset="gmem_param_addr_1_read "/>
</bind>
</comp>

<comp id="333" class="1005" name="gmem_param_addr_2_read_reg_333">
<pin_list>
<pin id="334" dir="0" index="0" bw="256" slack="1"/>
<pin id="335" dir="1" index="1" bw="256" slack="1"/>
</pin_list>
<bind>
<opset="gmem_param_addr_2_read "/>
</bind>
</comp>

</comp_list>

<net_list>
<net id="69"><net_src comp="14" pin="0"/><net_sink comp="66" pin=0"/></net>

<net id="74"><net_src comp="16" pin="0"/><net_sink comp="70" pin=0"/></net>

<net id="75"><net_src comp="12" pin="0"/><net_sink comp="70" pin=1"/></net>

<net id="80"><net_src comp="16" pin="0"/><net_sink comp="76" pin=0"/></net>

<net id="81"><net_src comp="8" pin="0"/><net_sink comp="76" pin=1"/></net>

<net id="86"><net_src comp="16" pin="0"/><net_sink comp="82" pin=0"/></net>

<net id="87"><net_src comp="2" pin="0"/><net_sink comp="82" pin=1"/></net>

<net id="93"><net_src comp="50" pin="0"/><net_sink comp="88" pin=0"/></net>

<net id="94"><net_src comp="52" pin="0"/><net_sink comp="88" pin=2"/></net>

<net id="100"><net_src comp="50" pin="0"/><net_sink comp="95" pin=0"/></net>

<net id="101"><net_src comp="52" pin="0"/><net_sink comp="95" pin=2"/></net>

<net id="107"><net_src comp="50" pin="0"/><net_sink comp="102" pin=0"/></net>

<net id="108"><net_src comp="52" pin="0"/><net_sink comp="102" pin=2"/></net>

<net id="113"><net_src comp="54" pin="0"/><net_sink comp="109" pin=0"/></net>

<net id="118"><net_src comp="54" pin="0"/><net_sink comp="114" pin=0"/></net>

<net id="123"><net_src comp="54" pin="0"/><net_sink comp="119" pin=0"/></net>

<net id="129"><net_src comp="0" pin="0"/><net_sink comp="124" pin=0"/></net>

<net id="130"><net_src comp="56" pin="0"/><net_sink comp="124" pin=1"/></net>

<net id="136"><net_src comp="124" pin="3"/><net_sink comp="131" pin=0"/></net>

<net id="142"><net_src comp="6" pin="0"/><net_sink comp="137" pin=0"/></net>

<net id="143"><net_src comp="56" pin="0"/><net_sink comp="137" pin=1"/></net>

<net id="149"><net_src comp="137" pin="3"/><net_sink comp="144" pin=0"/></net>

<net id="155"><net_src comp="10" pin="0"/><net_sink comp="150" pin=0"/></net>

<net id="156"><net_src comp="56" pin="0"/><net_sink comp="150" pin=1"/></net>

<net id="162"><net_src comp="150" pin="3"/><net_sink comp="157" pin=0"/></net>

<net id="166"><net_src comp="70" pin="2"/><net_sink comp="163" pin=0"/></net>

<net id="170"><net_src comp="76" pin="2"/><net_sink comp="167" pin=0"/></net>

<net id="174"><net_src comp="82" pin="2"/><net_sink comp="171" pin=0"/></net>

<net id="179"><net_src comp="44" pin="0"/><net_sink comp="175" pin=0"/></net>

<net id="187"><net_src comp="180" pin="1"/><net_sink comp="183" pin=0"/></net>

<net id="188"><net_src comp="46" pin="0"/><net_sink comp="183" pin=1"/></net>

<net id="193"><net_src comp="180" pin="1"/><net_sink comp="189" pin=0"/></net>

<net id="194"><net_src comp="48" pin="0"/><net_sink comp="189" pin=1"/></net>

<net id="198"><net_src comp="180" pin="1"/><net_sink comp="195" pin=0"/></net>

<net id="203"><net_src comp="195" pin="1"/><net_sink comp="199" pin=0"/></net>

<net id="204"><net_src comp="171" pin="1"/><net_sink comp="199" pin=1"/></net>

<net id="209"><net_src comp="189" pin="2"/><net_sink comp="205" pin=0"/></net>

<net id="217"><net_src comp="4" pin="0"/><net_sink comp="213" pin=0"/></net>

<net id="218"><net_src comp="210" pin="1"/><net_sink comp="213" pin=1"/></net>

<net id="219"><net_src comp="213" pin="2"/><net_sink comp="88" pin=1"/></net>

<net id="235"><net_src comp="4" pin="0"/><net_sink comp="231" pin=0"/></net>

<net id="236"><net_src comp="228" pin="1"/><net_sink comp="231" pin=1"/></net>

<net id="237"><net_src comp="231" pin="2"/><net_sink comp="95" pin=1"/></net>

<net id="245"><net_src comp="4" pin="0"/><net_sink comp="241" pin=0"/></net>

<net id="246"><net_src comp="238" pin="1"/><net_sink comp="241" pin=1"/></net>

<net id="247"><net_src comp="241" pin="2"/><net_sink comp="102" pin=1"/></net>

<net id="251"><net_src comp="248" pin="1"/><net_sink comp="124" pin=2"/></net>

<net id="255"><net_src comp="66" pin="1"/><net_sink comp="252" pin=0"/></net>

<net id="256"><net_src comp="252" pin="1"/><net_sink comp="175" pin=1"/></net>

<net id="257"><net_src comp="252" pin="1"/><net_sink comp="180" pin=0"/></net>

<net id="258"><net_src comp="252" pin="1"/><net_sink comp="205" pin=1"/></net>

<net id="262"><net_src comp="163" pin="1"/><net_sink comp="259" pin=0"/></net>

<net id="263"><net_src comp="259" pin="1"/><net_sink comp="224" pin=1"/></net>

<net id="267"><net_src comp="167" pin="1"/><net_sink comp="264" pin=0"/></net>

<net id="268"><net_src comp="264" pin="1"/><net_sink comp="220" pin=1"/></net>

<net id="272"><net_src comp="180" pin="1"/><net_sink comp="269" pin=0"/></net>

<net id="273"><net_src comp="269" pin="1"/><net_sink comp="248" pin=0"/></net>

<net id="277"><net_src comp="183" pin="2"/><net_sink comp="274" pin=0"/></net>

<net id="281"><net_src comp="195" pin="1"/><net_sink comp="278" pin=0"/></net>

<net id="282"><net_src comp="278" pin="1"/><net_sink comp="220" pin=0"/></net>

<net id="283"><net_src comp="278" pin="1"/><net_sink comp="224" pin=0"/></net>

<net id="287"><net_src comp="199" pin="2"/><net_sink comp="284" pin=0"/></net>

<net id="288"><net_src comp="284" pin="1"/><net_sink comp="210" pin=0"/></net>

<net id="292"><net_src comp="213" pin="2"/><net_sink comp="289" pin=0"/></net>

<net id="293"><net_src comp="289" pin="1"/><net_sink comp="88" pin=1"/></net>

<net id="294"><net_src comp="289" pin="1"/><net_sink comp="109" pin=1"/></net>

<net id="298"><net_src comp="220" pin="2"/><net_sink comp="295" pin=0"/></net>

<net id="299"><net_src comp="295" pin="1"/><net_sink comp="228" pin=0"/></net>

<net id="303"><net_src comp="224" pin="2"/><net_sink comp="300" pin=0"/></net>

<net id="304"><net_src comp="300" pin="1"/><net_sink comp="238" pin=0"/></net>

<net id="308"><net_src comp="231" pin="2"/><net_sink comp="305" pin=0"/></net>

<net id="309"><net_src comp="305" pin="1"/><net_sink comp="95" pin=1"/></net>

<net id="310"><net_src comp="305" pin="1"/><net_sink comp="114" pin=1"/></net>

<net id="314"><net_src comp="241" pin="2"/><net_sink comp="311" pin=0"/></net>

<net id="315"><net_src comp="311" pin="1"/><net_sink comp="102" pin=1"/></net>

<net id="316"><net_src comp="311" pin="1"/><net_sink comp="119" pin=1"/></net>

<net id="320"><net_src comp="109" pin="2"/><net_sink comp="317" pin=0"/></net>

<net id="321"><net_src comp="317" pin="1"/><net_sink comp="131" pin=1"/></net>

<net id="325"><net_src comp="248" pin="1"/><net_sink comp="322" pin=0"/></net>

<net id="326"><net_src comp="322" pin="1"/><net_sink comp="137" pin=2"/></net>

<net id="327"><net_src comp="322" pin="1"/><net_sink comp="150" pin=2"/></net>

<net id="331"><net_src comp="114" pin="2"/><net_sink comp="328" pin=0"/></net>

<net id="332"><net_src comp="328" pin="1"/><net_sink comp="144" pin=1"/></net>

<net id="336"><net_src comp="119" pin="2"/><net_sink comp="333" pin=0"/></net>

<net id="337"><net_src comp="333" pin="1"/><net_sink comp="157" pin=1"/></net>

</net_list>

</model> 
---------------- Datapath Model END ------------------

* FSMD analyzer results:
  - Output states:
	Port: b_buf | {11 }
	Port: g_buf | {12 }
	Port: be_buf | {13 }
 - Input state : 
	Port: UpConv_Fused_Row<8, 16, 16, 960, 480>_Pipeline_LOAD_PARAMS : sext_ln228 | {1 }
	Port: UpConv_Fused_Row<8, 16, 16, 960, 480>_Pipeline_LOAD_PARAMS : gmem_param | {2 3 4 5 6 7 8 9 10 11 12 }
	Port: UpConv_Fused_Row<8, 16, 16, 960, 480>_Pipeline_LOAD_PARAMS : sext_ln228_1 | {1 }
	Port: UpConv_Fused_Row<8, 16, 16, 960, 480>_Pipeline_LOAD_PARAMS : sext_ln228_2 | {1 }
  - Chain level:
	State 1
		store_ln228 : 1
		i_1 : 1
		icmp_ln228 : 2
		add_ln228 : 2
		br_ln228 : 3
		zext_ln228_1 : 2
		add_ln230 : 3
		store_ln228 : 3
	State 2
		gmem_param_addr : 1
		gmem_param_load_req : 2
	State 3
		gmem_param_addr_1 : 1
		gmem_param_load_1_req : 2
	State 4
		gmem_param_addr_2 : 1
		gmem_param_load_2_req : 2
	State 5
	State 6
	State 7
	State 8
	State 9
	State 10
	State 11
		b_buf_addr : 1
		store_ln230 : 2
	State 12
		store_ln231 : 1
	State 13
		store_ln232 : 1


============================================================
+ Verbose Summary: Datapath Resource usage 
============================================================

* Functional unit list:
|----------|------------------------------------|---------|---------|
| Operation|           Functional Unit          |    FF   |   LUT   |
|----------|------------------------------------|---------|---------|
|          |          add_ln228_fu_189          |    0    |    12   |
|    add   |          add_ln230_fu_199          |    0    |    66   |
|          |          add_ln231_fu_220          |    0    |    66   |
|          |          add_ln232_fu_224          |    0    |    66   |
|----------|------------------------------------|---------|---------|
|   icmp   |          icmp_ln228_fu_183         |    0    |    12   |
|----------|------------------------------------|---------|---------|
|          |    sext_ln228_2_read_read_fu_70    |    0    |    0    |
|          |    sext_ln228_1_read_read_fu_76    |    0    |    0    |
|   read   |     sext_ln228_read_read_fu_82     |    0    |    0    |
|          |  gmem_param_addr_read_read_fu_109  |    0    |    0    |
|          | gmem_param_addr_1_read_read_fu_114 |    0    |    0    |
|          | gmem_param_addr_2_read_read_fu_119 |    0    |    0    |
|----------|------------------------------------|---------|---------|
|          |          grp_readreq_fu_88         |    0    |    0    |
|  readreq |          grp_readreq_fu_95         |    0    |    0    |
|          |         grp_readreq_fu_102         |    0    |    0    |
|----------|------------------------------------|---------|---------|
|          |      sext_ln228_2_cast_fu_163      |    0    |    0    |
|          |      sext_ln228_1_cast_fu_167      |    0    |    0    |
|   sext   |       sext_ln228_cast_fu_171       |    0    |    0    |
|          |          sext_ln230_fu_210         |    0    |    0    |
|          |          sext_ln231_fu_228         |    0    |    0    |
|          |          sext_ln232_fu_238         |    0    |    0    |
|----------|------------------------------------|---------|---------|
|   zext   |         zext_ln228_1_fu_195        |    0    |    0    |
|          |          zext_ln228_fu_248         |    0    |    0    |
|----------|------------------------------------|---------|---------|
|   Total  |                                    |    0    |   222   |
|----------|------------------------------------|---------|---------|

Memories:
N/A

* Register list:
+------------------------------+--------+
|                              |   FF   |
+------------------------------+--------+
|       add_ln230_reg_284      |   60   |
|       add_ln231_reg_295      |   60   |
|       add_ln232_reg_300      |   60   |
|gmem_param_addr_1_read_reg_328|   256  |
|   gmem_param_addr_1_reg_305  |   256  |
|gmem_param_addr_2_read_reg_333|   256  |
|   gmem_param_addr_2_reg_311  |   256  |
| gmem_param_addr_read_reg_317 |   256  |
|    gmem_param_addr_reg_289   |   256  |
|          i_1_reg_269         |    5   |
|           i_reg_252          |    5   |
|      icmp_ln228_reg_274      |    1   |
|   sext_ln228_1_cast_reg_264  |   60   |
|   sext_ln228_2_cast_reg_259  |   60   |
|     zext_ln228_1_reg_278     |   60   |
|      zext_ln228_reg_322      |   64   |
+------------------------------+--------+
|             Total            |  1971  |
+------------------------------+--------+

* Multiplexer (MUX) list: 
|--------------------|------|------|------|--------||---------||---------||---------|
|        Comp        |  Pin | Size |  BW  | S x BW ||  Delay  ||    FF   ||   LUT   |
|--------------------|------|------|------|--------||---------||---------||---------|
|  grp_readreq_fu_88 |  p1  |   2  |  256 |   512  ||    0    ||    9    |
|  grp_readreq_fu_95 |  p1  |   2  |  256 |   512  ||    0    ||    9    |
| grp_readreq_fu_102 |  p1  |   2  |  256 |   512  ||    0    ||    9    |
|--------------------|------|------|------|--------||---------||---------||---------|
|        Total       |      |      |      |  1536  ||  1.281  ||    0    ||    27   |
|--------------------|------|------|------|--------||---------||---------||---------|



* Summary:
+-----------+--------+--------+--------+
|           |  Delay |   FF   |   LUT  |
+-----------+--------+--------+--------+
|  Function |    -   |    0   |   222  |
|   Memory  |    -   |    -   |    -   |
|Multiplexer|    1   |    0   |   27   |
|  Register |    -   |  1971  |    -   |
+-----------+--------+--------+--------+
|   Total   |    1   |  1971  |   249  |
+-----------+--------+--------+--------+
