

================================================================
== Vitis HLS Report for 'UpConv_Fused_Row_8_16_16_960_480_Pipeline_PRELOAD_W_W_FLAT'
================================================================
* Date:           Wed Jun  3 13:46:32 2026

* Version:        2024.2 (Build 5238294 on Nov  8 2024)
* Project:        upconv_block0
* Solution:       hls (Vivado IP Flow Target)
* Product family: zynquplus
* Target device:  xczu7ev-ffvc1156-2-e


================================================================
== Performance Estimates
================================================================
+ Timing: 
    * Summary: 
    +--------+---------+----------+------------+
    |  Clock |  Target | Estimated| Uncertainty|
    +--------+---------+----------+------------+
    |ap_clk  |  3.33 ns|  2.433 ns|     0.90 ns|
    +--------+---------+----------+------------+

+ Latency: 
    * Summary: 
    +---------+---------+-----------+-----------+------+------+------------------------------------------------+
    |  Latency (cycles) |   Latency (absolute)  |   Interval  |                    Pipeline                    |
    |   min   |   max   |    min    |    max    |  min |  max |                      Type                      |
    +---------+---------+-----------+-----------+------+------+------------------------------------------------+
    |     4323|     4323|  14.409 us|  14.409 us|  4321|  4321|  loop auto-rewind stp (delay=0 clock cycles(s))|
    +---------+---------+-----------+-----------+------+------+------------------------------------------------+

    + Detail: 
        * Instance: 
        N/A

        * Loop: 
        +--------------------+---------+---------+----------+-----------+-----------+------+----------+
        |                    |  Latency (cycles) | Iteration|  Initiation Interval  | Trip |          |
        |      Loop Name     |   min   |   max   |  Latency |  achieved |   target  | Count| Pipelined|
        +--------------------+---------+---------+----------+-----------+-----------+------+----------+
        |- PRELOAD_W_W_FLAT  |     4321|     4321|         3|          1|          1|  4320|       yes|
        +--------------------+---------+---------+----------+-----------+-----------+------+----------+

============================================================
+ Verbose Summary: Synthesis Manager
============================================================
InlineROM: 1
ExposeGlobal: 0
============================================================
+ Verbose Summary: CDFG Model
============================================================
IsTopModel: 0
ResetActiveHigh: 1
IsCombinational: 0
IsDatapathOnly: 0
HasWiredReturn: 1
HasMFsm: 2
HasVarLatency: 1
IsPipeline: 0
IsRtlPipelined: 0
IsInstanceOverlapped: 0
IsDontTouch: 0
HasImplIP: 0
IsGatedGlobalClock: 0

+ Individual pipeline summary: 
  * Pipeline-0: initiation interval (II) = 1, depth = 3


============================================================
+ Verbose Summary: Schedule
============================================================
* Number of FSM states : 3
* Pipeline : 1
  Pipeline-0 : II = 1, D = 3, States = { 1 2 3 }
* Dataflow Pipeline: 0

* FSM state transitions: 
1 --> 2 
2 --> 3 
3 --> 

* FSM state operations: 

State 1 <SV = 0> <Delay = 1.67>
ST_1 : Operation 6 [1/1] (0.00ns)   --->   "%kci = alloca i32 1" [../gen/Hls_Layers_UpConv.tpp:93->../gen/Hls_Layers_UpConv.tpp:358]   --->   Operation 6 'alloca' 'kci' <Predicate = true> <Delay = 0.00>
ST_1 : Operation 7 [1/1] (0.00ns)   --->   "%tc = alloca i32 1" [../gen/Hls_Layers_UpConv.tpp:89->../gen/Hls_Layers_UpConv.tpp:358]   --->   Operation 7 'alloca' 'tc' <Predicate = true> <Delay = 0.00>
ST_1 : Operation 8 [1/1] (0.00ns)   --->   "%indvar_flatten = alloca i32 1"   --->   Operation 8 'alloca' 'indvar_flatten' <Predicate = true> <Delay = 0.00>
ST_1 : Operation 9 [1/1] (0.00ns)   --->   "%sext_ln357_read = read i59 @_ssdm_op_Read.ap_auto.i59, i59 %sext_ln357"   --->   Operation 9 'read' 'sext_ln357_read' <Predicate = true> <Delay = 0.00>
ST_1 : Operation 10 [1/1] (0.00ns)   --->   "%sext_ln357_cast = sext i59 %sext_ln357_read"   --->   Operation 10 'sext' 'sext_ln357_cast' <Predicate = true> <Delay = 0.00>
ST_1 : Operation 11 [1/1] (0.00ns)   --->   "%specmemcore_ln0 = specmemcore void @_ssdm_op_SpecMemCore, i256 %w_local_7, i64 666, i64 30, i64 2"   --->   Operation 11 'specmemcore' 'specmemcore_ln0' <Predicate = true> <Delay = 0.00>
ST_1 : Operation 12 [1/1] (0.00ns)   --->   "%specmemcore_ln0 = specmemcore void @_ssdm_op_SpecMemCore, i256 %w_local_6, i64 666, i64 30, i64 2"   --->   Operation 12 'specmemcore' 'specmemcore_ln0' <Predicate = true> <Delay = 0.00>
ST_1 : Operation 13 [1/1] (0.00ns)   --->   "%specmemcore_ln0 = specmemcore void @_ssdm_op_SpecMemCore, i256 %w_local_5, i64 666, i64 30, i64 2"   --->   Operation 13 'specmemcore' 'specmemcore_ln0' <Predicate = true> <Delay = 0.00>
ST_1 : Operation 14 [1/1] (0.00ns)   --->   "%specmemcore_ln0 = specmemcore void @_ssdm_op_SpecMemCore, i256 %w_local_4, i64 666, i64 30, i64 2"   --->   Operation 14 'specmemcore' 'specmemcore_ln0' <Predicate = true> <Delay = 0.00>
ST_1 : Operation 15 [1/1] (0.00ns)   --->   "%specmemcore_ln0 = specmemcore void @_ssdm_op_SpecMemCore, i256 %w_local_3, i64 666, i64 30, i64 2"   --->   Operation 15 'specmemcore' 'specmemcore_ln0' <Predicate = true> <Delay = 0.00>
ST_1 : Operation 16 [1/1] (0.00ns)   --->   "%specmemcore_ln0 = specmemcore void @_ssdm_op_SpecMemCore, i256 %w_local_2, i64 666, i64 30, i64 2"   --->   Operation 16 'specmemcore' 'specmemcore_ln0' <Predicate = true> <Delay = 0.00>
ST_1 : Operation 17 [1/1] (0.00ns)   --->   "%specmemcore_ln0 = specmemcore void @_ssdm_op_SpecMemCore, i256 %w_local_1, i64 666, i64 30, i64 2"   --->   Operation 17 'specmemcore' 'specmemcore_ln0' <Predicate = true> <Delay = 0.00>
ST_1 : Operation 18 [1/1] (0.00ns)   --->   "%specmemcore_ln0 = specmemcore void @_ssdm_op_SpecMemCore, i256 %w_local, i64 666, i64 30, i64 2"   --->   Operation 18 'specmemcore' 'specmemcore_ln0' <Predicate = true> <Delay = 0.00>
ST_1 : Operation 19 [1/1] (0.00ns)   --->   "%specinterface_ln0 = specinterface void @_ssdm_op_SpecInterface, i256 %gmem_weight, void @empty_27, i32 0, i32 0, void @empty_1, i32 0, i32 0, void @empty_11, void @empty_14, void @empty_1, i32 16, i32 16, i32 64, i32 16, void @empty_1, void @empty_1, i32 4294967295, i32 0, i32 0"   --->   Operation 19 'specinterface' 'specinterface_ln0' <Predicate = true> <Delay = 0.00>
ST_1 : Operation 20 [1/1] (0.42ns)   --->   "%store_ln0 = store i13 0, i13 %indvar_flatten"   --->   Operation 20 'store' 'store_ln0' <Predicate = true> <Delay = 0.42>
ST_1 : Operation 21 [1/1] (0.42ns)   --->   "%store_ln89 = store i4 0, i4 %tc" [../gen/Hls_Layers_UpConv.tpp:89->../gen/Hls_Layers_UpConv.tpp:358]   --->   Operation 21 'store' 'store_ln89' <Predicate = true> <Delay = 0.42>
ST_1 : Operation 22 [1/1] (0.42ns)   --->   "%store_ln93 = store i10 0, i10 %kci" [../gen/Hls_Layers_UpConv.tpp:93->../gen/Hls_Layers_UpConv.tpp:358]   --->   Operation 22 'store' 'store_ln93' <Predicate = true> <Delay = 0.42>
ST_1 : Operation 23 [1/1] (0.00ns)   --->   "%br_ln0 = br void %for.body7.i132"   --->   Operation 23 'br' 'br_ln0' <Predicate = true> <Delay = 0.00>
ST_1 : Operation 24 [1/1] (0.00ns)   --->   "%indvar_flatten_load = load i13 %indvar_flatten" [../gen/Hls_Layers_UpConv.tpp:89->../gen/Hls_Layers_UpConv.tpp:358]   --->   Operation 24 'load' 'indvar_flatten_load' <Predicate = true> <Delay = 0.00>
ST_1 : Operation 25 [1/1] (0.82ns)   --->   "%icmp_ln89 = icmp_eq  i13 %indvar_flatten_load, i13 4320" [../gen/Hls_Layers_UpConv.tpp:89->../gen/Hls_Layers_UpConv.tpp:358]   --->   Operation 25 'icmp' 'icmp_ln89' <Predicate = true> <Delay = 0.82> <CoreInst = "Cmp">   --->   Core 9 'Cmp' <Latency = 0> <II = 1> <Delay = 0.82> <FuncUnit> <Opcode : 'seteq' 'setne' 'setle' 'setge' 'setlt' 'setgt'> <InPorts = 2> <OutPorts = 1>
ST_1 : Operation 26 [1/1] (0.82ns)   --->   "%add_ln89_1 = add i13 %indvar_flatten_load, i13 1" [../gen/Hls_Layers_UpConv.tpp:89->../gen/Hls_Layers_UpConv.tpp:358]   --->   Operation 26 'add' 'add_ln89_1' <Predicate = true> <Delay = 0.82> <CoreInst = "Adder">   --->   Core 1 'Adder' <Latency = 0> <II = 1> <Delay = 0.82> <FuncUnit> <Opcode : 'add' 'sub'> <InPorts = 2> <OutPorts = 1>
ST_1 : Operation 27 [1/1] (0.00ns)   --->   "%br_ln89 = br i1 %icmp_ln89, void %if.end.i134, void %_ZL16Load_Weight_TileILi8ELi480ELi60EEvPK7ap_uintILi256EERAT__AmlLi9ET1__S1_i.exit.exitStub" [../gen/Hls_Layers_UpConv.tpp:89->../gen/Hls_Layers_UpConv.tpp:358]   --->   Operation 27 'br' 'br_ln89' <Predicate = true> <Delay = 0.00>
ST_1 : Operation 28 [1/1] (0.42ns)   --->   "%store_ln89 = store i13 %add_ln89_1, i13 %indvar_flatten" [../gen/Hls_Layers_UpConv.tpp:89->../gen/Hls_Layers_UpConv.tpp:358]   --->   Operation 28 'store' 'store_ln89' <Predicate = (!icmp_ln89)> <Delay = 0.42>

State 2 <SV = 1> <Delay = 2.43>
ST_2 : Operation 29 [1/1] (0.00ns)   --->   "%kci_load = load i10 %kci" [../gen/Hls_Layers_UpConv.tpp:93->../gen/Hls_Layers_UpConv.tpp:358]   --->   Operation 29 'load' 'kci_load' <Predicate = true> <Delay = 0.00>
ST_2 : Operation 30 [1/1] (0.00ns)   --->   "%tc_load = load i4 %tc" [../gen/Hls_Layers_UpConv.tpp:89->../gen/Hls_Layers_UpConv.tpp:358]   --->   Operation 30 'load' 'tc_load' <Predicate = true> <Delay = 0.00>
ST_2 : Operation 31 [1/1] (0.00ns)   --->   "%gmem_weight_addr = getelementptr i256 %gmem_weight, i64 %sext_ln357_cast" [../gen/Hls_Layers_UpConv.tpp:357]   --->   Operation 31 'getelementptr' 'gmem_weight_addr' <Predicate = true> <Delay = 0.00>
ST_2 : Operation 32 [1/1] (0.79ns)   --->   "%add_ln89 = add i4 %tc_load, i4 1" [../gen/Hls_Layers_UpConv.tpp:89->../gen/Hls_Layers_UpConv.tpp:358]   --->   Operation 32 'add' 'add_ln89' <Predicate = true> <Delay = 0.79> <CoreInst = "Adder">   --->   Core 1 'Adder' <Latency = 0> <II = 1> <Delay = 0.79> <FuncUnit> <Opcode : 'add' 'sub'> <InPorts = 2> <OutPorts = 1>
ST_2 : Operation 33 [1/1] (0.78ns)   --->   "%icmp_ln93 = icmp_eq  i10 %kci_load, i10 540" [../gen/Hls_Layers_UpConv.tpp:93->../gen/Hls_Layers_UpConv.tpp:358]   --->   Operation 33 'icmp' 'icmp_ln93' <Predicate = true> <Delay = 0.78> <CoreInst = "Cmp">   --->   Core 9 'Cmp' <Latency = 0> <II = 1> <Delay = 0.78> <FuncUnit> <Opcode : 'seteq' 'setne' 'setle' 'setge' 'setlt' 'setgt'> <InPorts = 2> <OutPorts = 1>
ST_2 : Operation 34 [1/1] (0.40ns)   --->   "%select_ln89 = select i1 %icmp_ln93, i10 0, i10 %kci_load" [../gen/Hls_Layers_UpConv.tpp:89->../gen/Hls_Layers_UpConv.tpp:358]   --->   Operation 34 'select' 'select_ln89' <Predicate = true> <Delay = 0.40> <CoreInst = "Sel">   --->   Core 73 'Sel' <Latency = 0> <II = 1> <Delay = 0.40> <FuncUnit> <Opcode : 'select'> <InPorts = 3> <OutPorts = 1>
ST_2 : Operation 35 [1/1] (0.39ns)   --->   "%select_ln89_1 = select i1 %icmp_ln93, i4 %add_ln89, i4 %tc_load" [../gen/Hls_Layers_UpConv.tpp:89->../gen/Hls_Layers_UpConv.tpp:358]   --->   Operation 35 'select' 'select_ln89_1' <Predicate = true> <Delay = 0.39> <CoreInst = "Sel">   --->   Core 73 'Sel' <Latency = 0> <II = 1> <Delay = 0.39> <FuncUnit> <Opcode : 'select'> <InPorts = 3> <OutPorts = 1>
ST_2 : Operation 36 [1/1] (0.00ns)   --->   "%trunc_ln89 = trunc i4 %select_ln89_1" [../gen/Hls_Layers_UpConv.tpp:89->../gen/Hls_Layers_UpConv.tpp:358]   --->   Operation 36 'trunc' 'trunc_ln89' <Predicate = true> <Delay = 0.00>
ST_2 : Operation 37 [1/1] (2.43ns)   --->   "%gmem_weight_addr_read = read i256 @_ssdm_op_Read.m_axi.p1i256, i256 %gmem_weight_addr" [../gen/Hls_Layers_UpConv.tpp:95->../gen/Hls_Layers_UpConv.tpp:358]   --->   Operation 37 'read' 'gmem_weight_addr_read' <Predicate = true> <Delay = 2.43> <CoreInst = "m_axi">   --->   Core 119 'm_axi' <Latency = 3> <II = 1> <Delay = 1.00> <Adapter> <Opcode : 'read' 'write' 'readreq' 'writereq' 'writeresp'>
ST_2 : Operation 38 [1/1] (0.67ns)   --->   "%switch_ln95 = switch i3 %trunc_ln89, void %arrayidx121.i.case.7, i3 0, void %arrayidx121.i.case.0, i3 1, void %arrayidx121.i.case.1, i3 2, void %arrayidx121.i.case.2, i3 3, void %arrayidx121.i.case.3, i3 4, void %arrayidx121.i.case.4, i3 5, void %arrayidx121.i.case.5, i3 6, void %arrayidx121.i.case.6" [../gen/Hls_Layers_UpConv.tpp:95->../gen/Hls_Layers_UpConv.tpp:358]   --->   Operation 38 'switch' 'switch_ln95' <Predicate = true> <Delay = 0.67>
ST_2 : Operation 39 [1/1] (0.78ns)   --->   "%add_ln93 = add i10 %select_ln89, i10 1" [../gen/Hls_Layers_UpConv.tpp:93->../gen/Hls_Layers_UpConv.tpp:358]   --->   Operation 39 'add' 'add_ln93' <Predicate = true> <Delay = 0.78> <CoreInst = "Adder">   --->   Core 1 'Adder' <Latency = 0> <II = 1> <Delay = 0.78> <FuncUnit> <Opcode : 'add' 'sub'> <InPorts = 2> <OutPorts = 1>
ST_2 : Operation 40 [1/1] (0.42ns)   --->   "%store_ln89 = store i4 %select_ln89_1, i4 %tc" [../gen/Hls_Layers_UpConv.tpp:89->../gen/Hls_Layers_UpConv.tpp:358]   --->   Operation 40 'store' 'store_ln89' <Predicate = true> <Delay = 0.42>
ST_2 : Operation 41 [1/1] (0.42ns)   --->   "%store_ln93 = store i10 %add_ln93, i10 %kci" [../gen/Hls_Layers_UpConv.tpp:93->../gen/Hls_Layers_UpConv.tpp:358]   --->   Operation 41 'store' 'store_ln93' <Predicate = true> <Delay = 0.42>
ST_2 : Operation 42 [1/1] (0.00ns)   --->   "%br_ln93 = br void %for.body7.i132" [../gen/Hls_Layers_UpConv.tpp:93->../gen/Hls_Layers_UpConv.tpp:358]   --->   Operation 42 'br' 'br_ln93' <Predicate = true> <Delay = 0.00>
ST_2 : Operation 71 [1/1] (0.42ns)   --->   "%ret_ln0 = ret"   --->   Operation 71 'ret' 'ret_ln0' <Predicate = (icmp_ln89)> <Delay = 0.42>

State 3 <SV = 2> <Delay = 1.23>
ST_3 : Operation 43 [1/1] (0.00ns)   --->   "%specloopname_ln0 = specloopname void @_ssdm_op_SpecLoopName, void @PRELOAD_W_W_FLAT_str"   --->   Operation 43 'specloopname' 'specloopname_ln0' <Predicate = true> <Delay = 0.00>
ST_3 : Operation 44 [1/1] (0.00ns)   --->   "%speclooptripcount_ln0 = speclooptripcount void @_ssdm_op_SpecLoopTripCount, i64 4320, i64 4320, i64 4320"   --->   Operation 44 'speclooptripcount' 'speclooptripcount_ln0' <Predicate = true> <Delay = 0.00>
ST_3 : Operation 45 [1/1] (0.00ns)   --->   "%zext_ln93 = zext i10 %select_ln89" [../gen/Hls_Layers_UpConv.tpp:93->../gen/Hls_Layers_UpConv.tpp:358]   --->   Operation 45 'zext' 'zext_ln93' <Predicate = true> <Delay = 0.00>
ST_3 : Operation 46 [1/1] (0.00ns)   --->   "%specpipeline_ln94 = specpipeline void @_ssdm_op_SpecPipeline, i32 1, i32 0, i32 0, i32 0, void @empty_1" [../gen/Hls_Layers_UpConv.tpp:94->../gen/Hls_Layers_UpConv.tpp:358]   --->   Operation 46 'specpipeline' 'specpipeline_ln94' <Predicate = true> <Delay = 0.00>
ST_3 : Operation 47 [1/1] (0.00ns)   --->   "%w_local_addr = getelementptr i256 %w_local, i64 0, i64 %zext_ln93" [../gen/Hls_Layers_UpConv.tpp:95->../gen/Hls_Layers_UpConv.tpp:358]   --->   Operation 47 'getelementptr' 'w_local_addr' <Predicate = true> <Delay = 0.00>
ST_3 : Operation 48 [1/1] (0.00ns)   --->   "%w_local_1_addr = getelementptr i256 %w_local_1, i64 0, i64 %zext_ln93" [../gen/Hls_Layers_UpConv.tpp:95->../gen/Hls_Layers_UpConv.tpp:358]   --->   Operation 48 'getelementptr' 'w_local_1_addr' <Predicate = true> <Delay = 0.00>
ST_3 : Operation 49 [1/1] (0.00ns)   --->   "%w_local_2_addr = getelementptr i256 %w_local_2, i64 0, i64 %zext_ln93" [../gen/Hls_Layers_UpConv.tpp:95->../gen/Hls_Layers_UpConv.tpp:358]   --->   Operation 49 'getelementptr' 'w_local_2_addr' <Predicate = true> <Delay = 0.00>
ST_3 : Operation 50 [1/1] (0.00ns)   --->   "%w_local_3_addr = getelementptr i256 %w_local_3, i64 0, i64 %zext_ln93" [../gen/Hls_Layers_UpConv.tpp:95->../gen/Hls_Layers_UpConv.tpp:358]   --->   Operation 50 'getelementptr' 'w_local_3_addr' <Predicate = true> <Delay = 0.00>
ST_3 : Operation 51 [1/1] (0.00ns)   --->   "%w_local_4_addr = getelementptr i256 %w_local_4, i64 0, i64 %zext_ln93" [../gen/Hls_Layers_UpConv.tpp:95->../gen/Hls_Layers_UpConv.tpp:358]   --->   Operation 51 'getelementptr' 'w_local_4_addr' <Predicate = true> <Delay = 0.00>
ST_3 : Operation 52 [1/1] (0.00ns)   --->   "%w_local_5_addr = getelementptr i256 %w_local_5, i64 0, i64 %zext_ln93" [../gen/Hls_Layers_UpConv.tpp:95->../gen/Hls_Layers_UpConv.tpp:358]   --->   Operation 52 'getelementptr' 'w_local_5_addr' <Predicate = true> <Delay = 0.00>
ST_3 : Operation 53 [1/1] (0.00ns)   --->   "%w_local_6_addr = getelementptr i256 %w_local_6, i64 0, i64 %zext_ln93" [../gen/Hls_Layers_UpConv.tpp:95->../gen/Hls_Layers_UpConv.tpp:358]   --->   Operation 53 'getelementptr' 'w_local_6_addr' <Predicate = true> <Delay = 0.00>
ST_3 : Operation 54 [1/1] (0.00ns)   --->   "%w_local_7_addr = getelementptr i256 %w_local_7, i64 0, i64 %zext_ln93" [../gen/Hls_Layers_UpConv.tpp:95->../gen/Hls_Layers_UpConv.tpp:358]   --->   Operation 54 'getelementptr' 'w_local_7_addr' <Predicate = true> <Delay = 0.00>
ST_3 : Operation 55 [1/1] ( I:1.23ns O:1.23ns )   --->   "%store_ln95 = store i256 %gmem_weight_addr_read, i10 %w_local_6_addr" [../gen/Hls_Layers_UpConv.tpp:95->../gen/Hls_Layers_UpConv.tpp:358]   --->   Operation 55 'store' 'store_ln95' <Predicate = (trunc_ln89 == 6)> <Delay = 1.23> <CoreInst = "RAM_T2P_BRAM">   --->   Core 98 'RAM_T2P_BRAM' <Latency = 2> <II = 1> <Delay = 1.23> <Storage> <Opcode : 'load' 'store'> <Ports = 2> <Width = 256> <Depth = 540> <RAM>
ST_3 : Operation 56 [1/1] (0.00ns)   --->   "%br_ln95 = br void %arrayidx121.i.exit" [../gen/Hls_Layers_UpConv.tpp:95->../gen/Hls_Layers_UpConv.tpp:358]   --->   Operation 56 'br' 'br_ln95' <Predicate = (trunc_ln89 == 6)> <Delay = 0.00>
ST_3 : Operation 57 [1/1] ( I:1.23ns O:1.23ns )   --->   "%store_ln95 = store i256 %gmem_weight_addr_read, i10 %w_local_5_addr" [../gen/Hls_Layers_UpConv.tpp:95->../gen/Hls_Layers_UpConv.tpp:358]   --->   Operation 57 'store' 'store_ln95' <Predicate = (trunc_ln89 == 5)> <Delay = 1.23> <CoreInst = "RAM_T2P_BRAM">   --->   Core 98 'RAM_T2P_BRAM' <Latency = 2> <II = 1> <Delay = 1.23> <Storage> <Opcode : 'load' 'store'> <Ports = 2> <Width = 256> <Depth = 540> <RAM>
ST_3 : Operation 58 [1/1] (0.00ns)   --->   "%br_ln95 = br void %arrayidx121.i.exit" [../gen/Hls_Layers_UpConv.tpp:95->../gen/Hls_Layers_UpConv.tpp:358]   --->   Operation 58 'br' 'br_ln95' <Predicate = (trunc_ln89 == 5)> <Delay = 0.00>
ST_3 : Operation 59 [1/1] ( I:1.23ns O:1.23ns )   --->   "%store_ln95 = store i256 %gmem_weight_addr_read, i10 %w_local_4_addr" [../gen/Hls_Layers_UpConv.tpp:95->../gen/Hls_Layers_UpConv.tpp:358]   --->   Operation 59 'store' 'store_ln95' <Predicate = (trunc_ln89 == 4)> <Delay = 1.23> <CoreInst = "RAM_T2P_BRAM">   --->   Core 98 'RAM_T2P_BRAM' <Latency = 2> <II = 1> <Delay = 1.23> <Storage> <Opcode : 'load' 'store'> <Ports = 2> <Width = 256> <Depth = 540> <RAM>
ST_3 : Operation 60 [1/1] (0.00ns)   --->   "%br_ln95 = br void %arrayidx121.i.exit" [../gen/Hls_Layers_UpConv.tpp:95->../gen/Hls_Layers_UpConv.tpp:358]   --->   Operation 60 'br' 'br_ln95' <Predicate = (trunc_ln89 == 4)> <Delay = 0.00>
ST_3 : Operation 61 [1/1] ( I:1.23ns O:1.23ns )   --->   "%store_ln95 = store i256 %gmem_weight_addr_read, i10 %w_local_3_addr" [../gen/Hls_Layers_UpConv.tpp:95->../gen/Hls_Layers_UpConv.tpp:358]   --->   Operation 61 'store' 'store_ln95' <Predicate = (trunc_ln89 == 3)> <Delay = 1.23> <CoreInst = "RAM_T2P_BRAM">   --->   Core 98 'RAM_T2P_BRAM' <Latency = 2> <II = 1> <Delay = 1.23> <Storage> <Opcode : 'load' 'store'> <Ports = 2> <Width = 256> <Depth = 540> <RAM>
ST_3 : Operation 62 [1/1] (0.00ns)   --->   "%br_ln95 = br void %arrayidx121.i.exit" [../gen/Hls_Layers_UpConv.tpp:95->../gen/Hls_Layers_UpConv.tpp:358]   --->   Operation 62 'br' 'br_ln95' <Predicate = (trunc_ln89 == 3)> <Delay = 0.00>
ST_3 : Operation 63 [1/1] ( I:1.23ns O:1.23ns )   --->   "%store_ln95 = store i256 %gmem_weight_addr_read, i10 %w_local_2_addr" [../gen/Hls_Layers_UpConv.tpp:95->../gen/Hls_Layers_UpConv.tpp:358]   --->   Operation 63 'store' 'store_ln95' <Predicate = (trunc_ln89 == 2)> <Delay = 1.23> <CoreInst = "RAM_T2P_BRAM">   --->   Core 98 'RAM_T2P_BRAM' <Latency = 2> <II = 1> <Delay = 1.23> <Storage> <Opcode : 'load' 'store'> <Ports = 2> <Width = 256> <Depth = 540> <RAM>
ST_3 : Operation 64 [1/1] (0.00ns)   --->   "%br_ln95 = br void %arrayidx121.i.exit" [../gen/Hls_Layers_UpConv.tpp:95->../gen/Hls_Layers_UpConv.tpp:358]   --->   Operation 64 'br' 'br_ln95' <Predicate = (trunc_ln89 == 2)> <Delay = 0.00>
ST_3 : Operation 65 [1/1] ( I:1.23ns O:1.23ns )   --->   "%store_ln95 = store i256 %gmem_weight_addr_read, i10 %w_local_1_addr" [../gen/Hls_Layers_UpConv.tpp:95->../gen/Hls_Layers_UpConv.tpp:358]   --->   Operation 65 'store' 'store_ln95' <Predicate = (trunc_ln89 == 1)> <Delay = 1.23> <CoreInst = "RAM_T2P_BRAM">   --->   Core 98 'RAM_T2P_BRAM' <Latency = 2> <II = 1> <Delay = 1.23> <Storage> <Opcode : 'load' 'store'> <Ports = 2> <Width = 256> <Depth = 540> <RAM>
ST_3 : Operation 66 [1/1] (0.00ns)   --->   "%br_ln95 = br void %arrayidx121.i.exit" [../gen/Hls_Layers_UpConv.tpp:95->../gen/Hls_Layers_UpConv.tpp:358]   --->   Operation 66 'br' 'br_ln95' <Predicate = (trunc_ln89 == 1)> <Delay = 0.00>
ST_3 : Operation 67 [1/1] ( I:1.23ns O:1.23ns )   --->   "%store_ln95 = store i256 %gmem_weight_addr_read, i10 %w_local_addr" [../gen/Hls_Layers_UpConv.tpp:95->../gen/Hls_Layers_UpConv.tpp:358]   --->   Operation 67 'store' 'store_ln95' <Predicate = (trunc_ln89 == 0)> <Delay = 1.23> <CoreInst = "RAM_T2P_BRAM">   --->   Core 98 'RAM_T2P_BRAM' <Latency = 2> <II = 1> <Delay = 1.23> <Storage> <Opcode : 'load' 'store'> <Ports = 2> <Width = 256> <Depth = 540> <RAM>
ST_3 : Operation 68 [1/1] (0.00ns)   --->   "%br_ln95 = br void %arrayidx121.i.exit" [../gen/Hls_Layers_UpConv.tpp:95->../gen/Hls_Layers_UpConv.tpp:358]   --->   Operation 68 'br' 'br_ln95' <Predicate = (trunc_ln89 == 0)> <Delay = 0.00>
ST_3 : Operation 69 [1/1] ( I:1.23ns O:1.23ns )   --->   "%store_ln95 = store i256 %gmem_weight_addr_read, i10 %w_local_7_addr" [../gen/Hls_Layers_UpConv.tpp:95->../gen/Hls_Layers_UpConv.tpp:358]   --->   Operation 69 'store' 'store_ln95' <Predicate = (trunc_ln89 == 7)> <Delay = 1.23> <CoreInst = "RAM_T2P_BRAM">   --->   Core 98 'RAM_T2P_BRAM' <Latency = 2> <II = 1> <Delay = 1.23> <Storage> <Opcode : 'load' 'store'> <Ports = 2> <Width = 256> <Depth = 540> <RAM>
ST_3 : Operation 70 [1/1] (0.00ns)   --->   "%br_ln95 = br void %arrayidx121.i.exit" [../gen/Hls_Layers_UpConv.tpp:95->../gen/Hls_Layers_UpConv.tpp:358]   --->   Operation 70 'br' 'br_ln95' <Predicate = (trunc_ln89 == 7)> <Delay = 0.00>


============================================================
+ Verbose Summary: Timing violations
============================================================
Target clock period: 3.333ns, clock uncertainty: 0.900ns.

 <State 1>: 1.674ns
The critical path consists of the following:
	'store' operation 0 bit ('store_ln0') of constant 0 on local variable 'indvar_flatten' [25]  (0.427 ns)
	'load' operation 13 bit ('indvar_flatten_load', ../gen/Hls_Layers_UpConv.tpp:89->../gen/Hls_Layers_UpConv.tpp:358) on local variable 'indvar_flatten' [30]  (0.000 ns)
	'add' operation 13 bit ('add_ln89_1', ../gen/Hls_Layers_UpConv.tpp:89->../gen/Hls_Layers_UpConv.tpp:358) [32]  (0.820 ns)
	'store' operation 0 bit ('store_ln89', ../gen/Hls_Layers_UpConv.tpp:89->../gen/Hls_Layers_UpConv.tpp:358) of variable 'add_ln89_1', ../gen/Hls_Layers_UpConv.tpp:89->../gen/Hls_Layers_UpConv.tpp:358 on local variable 'indvar_flatten' [83]  (0.427 ns)

 <State 2>: 2.433ns
The critical path consists of the following:
	'getelementptr' operation 256 bit ('gmem_weight_addr', ../gen/Hls_Layers_UpConv.tpp:357) [37]  (0.000 ns)
	bus read operation ('gmem_weight_addr_read', ../gen/Hls_Layers_UpConv.tpp:95->../gen/Hls_Layers_UpConv.tpp:358) on port 'gmem_weight' (../gen/Hls_Layers_UpConv.tpp:95->../gen/Hls_Layers_UpConv.tpp:358) [55]  (2.433 ns)

 <State 3>: 1.237ns
The critical path consists of the following:
	'getelementptr' operation 10 bit ('w_local_1_addr', ../gen/Hls_Layers_UpConv.tpp:95->../gen/Hls_Layers_UpConv.tpp:358) [48]  (0.000 ns)
	'store' operation 0 bit ('store_ln95', ../gen/Hls_Layers_UpConv.tpp:95->../gen/Hls_Layers_UpConv.tpp:358) of variable 'gmem_weight_addr_read', ../gen/Hls_Layers_UpConv.tpp:95->../gen/Hls_Layers_UpConv.tpp:358 on array 'w_local_1' [73]  (1.237 ns)


============================================================
+ Verbose Summary: Binding
============================================================
N/A
* FSMD analyzer results:
  - Output states:
 - Input state : 
  - Chain level:
	State 1
	State 2
	State 3


============================================================
+ Verbose Summary: Datapath Resource usage 
============================================================
N/A
