================================================================
== Design Size Report
================================================================

* Total Instructions per Compilation Phase
+---------------+-----------------------------+--------------+----------------------------------------------------------------------------------------+
| Phase         | Step                        | Instructions | Description                                                                            |
+---------------+-----------------------------+--------------+----------------------------------------------------------------------------------------+
| Compile/Link  |                             |  3,965       | After all functions are compiled and linked into a single design                       |
|               |                             |              |                                                                                        |
| Unroll/Inline |                             |              | After user unroll and inline pragmas are applied                                       |
|               | (1) unroll                  |  7,829       | user unroll pragmas are applied                                                        |
|               | (2) simplification          |  6,245       | simplification of applied user unroll pragmas                                          |
|               | (3) inline                  |  6,088       | user inline pragmas are applied                                                        |
|               | (4) simplification          |  6,007       | simplification of applied user inline pragmas                                          |
|               |                             |              |                                                                                        |
| Array/Struct  |                             |              | After user array partition and struct aggregate/disaggregate pragmas are applied       |
|               | (1) array partition         | 12,743       | user array partition pragmas are applied                                               |
|               | (2) simplification          |  8,434       | simplification of applied user array partition & struct aggregate/disaggregate pragmas |
|               | (3) aggregate/disaggregate  |  8,434       | user struct aggregate/disaggregate pragmas are applied                                 |
|               | (4) array reshape           |  8,414       | apply array reshape pragmas                                                            |
|               | (5) access patterns         |  8,401       | array access pattern optmizations                                                      |
|               |                             |              |                                                                                        |
| Performance   |                             |              | After transformations are applied to meet performance pragma targets                   |
|               | (1) loop simplification     |  8,401       | loop and instruction simplification                                                    |
|               | (2) parallelization         |  8,401       | loops are unrolled or pipelined to meet performance targets                            |
|               | (3) array partition         |  8,393       | arrays are partitioned to meet performance targets                                     |
|               | (4) simplification          |  8,393       | simplification of design after performance transformations                             |
|               |                             |              |                                                                                        |
| HW Transforms |                             |              | After hardware transfomations                                                          |
|               | (1) lowering                |  8,455       | initial conversion to HW specific instructions                                         |
|               | (2) optimizations           |  7,906       | high level synthesis optimizations                                                     |
+---------------+-----------------------------+--------------+----------------------------------------------------------------------------------------+

* Instructions per Function for each Compilation Phase
+-------------------------------------+-----------------------------+-----------------+-----------------+-----------------+-----------------+-----------------+
| Function                            | Location                    | Compile/Link    | Unroll/Inline   | Array/Struct    | Performance     | HW Transforms   |
+-------------------------------------+-----------------------------+-----------------+-----------------+-----------------+-----------------+-----------------+
| + upconv_core_top_ucb3              | upconv_core_top_ucb3.cpp:11 | 3,965           | 6,007           | 8,401           | 8,393           | 7,906           |
|  + UpConv_Fused_Top<8, 128, 128...  | Hls_Layers_UpConv.tpp:302   | 3,948           |                 |                 |                 |                 |
|   + UpConv_Fused_Row<8, 128, 128... | Hls_Layers_UpConv.tpp:79    | 3,868 (4 calls) |                 |                 |                 |                 |
|      bits_to_half<__fp16>           | Hls_Layers_UpConv.tpp:38    |  360 (20 calls) |                 |                 |                 |                 |
|    + my_sqrt_f                      | Hls_Layers_UpConv.tpp:52    |   16 (4 calls)  |                 |                 |                 |                 |
|       sqrtf                         | sqrtfloat.cpp:11            |    8 (4 calls)  |                 |                 |                 |                 |
|      half_to_bits<__fp16>           | Hls_Layers_UpConv.tpp:22    |  104 (4 calls)  |                 |                 |                 |                 |
|    UpConv_Fused_Row<8, 128, 128...  | Hls_Layers_UpConv.tpp:79    |                 | 5,936 (4 calls) | 8,324 (4 calls) | 8,316 (4 calls) | 7,800 (4 calls) |
+-------------------------------------+-----------------------------+-----------------+-----------------+-----------------+-----------------+-----------------+

* Design Size Message Settings
+---------------------------------------------+--------+------------------------------------------------------------------+
| Message Setting                             | Value  | Description                                                      |
+---------------------------------------------+--------+------------------------------------------------------------------+
| config_compile -design_size_maximum_warning | 100000 | Show a warning when total design instructions exceeds this value |
+---------------------------------------------+--------+------------------------------------------------------------------+


