

================================================================
== Vitis HLS Report for 'upconv_core_top_ucb3_Pipeline_LOAD_ROW_VITIS_LOOP_397_2'
================================================================
* Date:           Tue Jun  2 22:29:46 2026

* Version:        2024.2 (Build 5238294 on Nov  8 2024)
* Project:        upconv_core_top_ucb3
* Solution:       hls (Vivado IP Flow Target)
* Product family: zynquplus
* Target device:  xczu7ev-ffvc1156-2-e


================================================================
== Performance Estimates
================================================================
+ Timing: 
    * Summary: 
    +--------+---------+----------+------------+
    |  Clock |  Target | Estimated| Uncertainty|
    +--------+---------+----------+------------+
    |ap_clk  |  3.33 ns|  2.433 ns|     0.90 ns|
    +--------+---------+----------+------------+

+ Latency: 
    * Summary: 
    +---------+---------+----------+----------+------+------+------------------------------------------------+
    |  Latency (cycles) |  Latency (absolute) |   Interval  |                    Pipeline                    |
    |   min   |   max   |    min   |    max   |  min |  max |                      Type                      |
    +---------+---------+----------+----------+------+------+------------------------------------------------+
    |     1036|     1036|  3.453 us|  3.453 us|  1025|  1025|  loop auto-rewind stp (delay=0 clock cycles(s))|
    +---------+---------+----------+----------+------+------+------------------------------------------------+

    + Detail: 
        * Instance: 
        N/A

        * Loop: 
        +-----------------------------+---------+---------+----------+-----------+-----------+------+----------+
        |                             |  Latency (cycles) | Iteration|  Initiation Interval  | Trip |          |
        |          Loop Name          |   min   |   max   |  Latency |  achieved |   target  | Count| Pipelined|
        +-----------------------------+---------+---------+----------+-----------+-----------+------+----------+
        |- LOAD_ROW_VITIS_LOOP_397_2  |     1034|     1034|        12|          1|          1|  1024|       yes|
        +-----------------------------+---------+---------+----------+-----------+-----------+------+----------+



================================================================
== Utilization Estimates
================================================================
* Summary: 
+-----------------+---------+------+--------+--------+-----+
|       Name      | BRAM_18K|  DSP |   FF   |   LUT  | URAM|
+-----------------+---------+------+--------+--------+-----+
|DSP              |        -|     -|       -|       -|    -|
|Expression       |        -|     -|       0|     230|    -|
|FIFO             |        -|     -|       -|       -|    -|
|Instance         |        -|     -|       -|       -|    -|
|Memory           |        -|     -|       -|       -|    -|
|Multiplexer      |        -|     -|       0|      72|    -|
|Register         |        -|     -|     498|      32|    -|
+-----------------+---------+------+--------+--------+-----+
|Total            |        0|     0|     498|     334|    0|
+-----------------+---------+------+--------+--------+-----+
|Available        |      624|  1728|  460800|  230400|   96|
+-----------------+---------+------+--------+--------+-----+
|Utilization (%)  |        0|     0|      ~0|      ~0|    0|
+-----------------+---------+------+--------+--------+-----+

+ Detail: 
    * Instance: 
    N/A

    * DSP: 
    N/A

    * Memory: 
    N/A

    * FIFO: 
    N/A

    * Expression: 
    +---------------------------+----------+----+---+----+------------+------------+
    |       Variable Name       | Operation| DSP| FF| LUT| Bitwidth P0| Bitwidth P1|
    +---------------------------+----------+----+---+----+------------+------------+
    |add_ln396_fu_169_p2        |         +|   0|  0|  18|          11|           1|
    |add_ln397_fu_265_p2        |         +|   0|  0|  12|           4|           1|
    |add_ln399_1_fu_254_p2      |         +|   0|  0|  60|          60|          60|
    |add_ln399_2_fu_259_p2      |         +|   0|  0|  60|          60|          60|
    |add_ln399_fu_235_p2        |         +|   0|  0|  18|          11|          11|
    |wi_2_fu_186_p2             |         +|   0|  0|  15|           8|           1|
    |icmp_ln396_fu_163_p2       |      icmp|   0|  0|  19|          11|          12|
    |icmp_ln397_fu_192_p2       |      icmp|   0|  0|  12|           4|           5|
    |ap_block_pp0_stage0_11001  |        or|   0|  0|   2|           1|           1|
    |select_ln396_1_fu_206_p3   |    select|   0|  0|   8|           1|           8|
    |select_ln396_fu_198_p3     |    select|   0|  0|   4|           1|           1|
    |ap_enable_pp0              |       xor|   0|  0|   2|           1|           2|
    +---------------------------+----------+----+---+----+------------+------------+
    |Total                      |          |   0|  0| 230|         173|         163|
    +---------------------------+----------+----+---+----+------------+------------+

    * Multiplexer: 
    +---------------------------------------+----+-----------+-----+-----------+
    |                  Name                 | LUT| Input Size| Bits| Total Bits|
    +---------------------------------------+----+-----------+-----+-----------+
    |ap_done_int                            |   9|          2|    1|          2|
    |ap_enable_reg_pp0_iter1                |   9|          2|    1|          2|
    |ap_sig_allocacmp_indvar_flatten6_load  |   9|          2|   11|         22|
    |ciw_fu_86                              |   9|          2|    4|          8|
    |gmem_in_blk_n_AR                       |   9|          2|    1|          2|
    |gmem_in_blk_n_R                        |   9|          2|    1|          2|
    |indvar_flatten6_fu_94                  |   9|          2|   11|         22|
    |wi_fu_90                               |   9|          2|    8|         16|
    +---------------------------------------+----+-----------+-----+-----------+
    |Total                                  |  72|         16|   38|         76|
    +---------------------------------------+----+-----------+-----+-----------+

    * Register: 
    +-------------------------------------------+-----+----+-----+-----------+
    |                    Name                   |  FF | LUT| Bits| Const Bits|
    +-------------------------------------------+-----+----+-----+-----------+
    |add_ln399_2_reg_340                        |   60|   0|   60|          0|
    |add_ln399_reg_335                          |   11|   0|   11|          0|
    |ap_CS_fsm                                  |    1|   0|    1|          0|
    |ap_block_pp0_stage0_subdone_grp0_done_reg  |    1|   0|    1|          0|
    |ap_done_reg                                |    1|   0|    1|          0|
    |ap_enable_reg_pp0_iter1                    |    1|   0|    1|          0|
    |ap_enable_reg_pp0_iter10                   |    1|   0|    1|          0|
    |ap_enable_reg_pp0_iter11                   |    1|   0|    1|          0|
    |ap_enable_reg_pp0_iter2                    |    1|   0|    1|          0|
    |ap_enable_reg_pp0_iter3                    |    1|   0|    1|          0|
    |ap_enable_reg_pp0_iter4                    |    1|   0|    1|          0|
    |ap_enable_reg_pp0_iter5                    |    1|   0|    1|          0|
    |ap_enable_reg_pp0_iter6                    |    1|   0|    1|          0|
    |ap_enable_reg_pp0_iter7                    |    1|   0|    1|          0|
    |ap_enable_reg_pp0_iter8                    |    1|   0|    1|          0|
    |ap_enable_reg_pp0_iter9                    |    1|   0|    1|          0|
    |ap_loop_exit_ready_pp0_iter10_reg          |    1|   0|    1|          0|
    |ap_loop_exit_ready_pp0_iter1_reg           |    1|   0|    1|          0|
    |ap_loop_exit_ready_pp0_iter2_reg           |    1|   0|    1|          0|
    |ap_loop_exit_ready_pp0_iter3_reg           |    1|   0|    1|          0|
    |ap_loop_exit_ready_pp0_iter4_reg           |    1|   0|    1|          0|
    |ap_loop_exit_ready_pp0_iter5_reg           |    1|   0|    1|          0|
    |ap_loop_exit_ready_pp0_iter6_reg           |    1|   0|    1|          0|
    |ap_loop_exit_ready_pp0_iter7_reg           |    1|   0|    1|          0|
    |ap_loop_exit_ready_pp0_iter8_reg           |    1|   0|    1|          0|
    |ap_loop_exit_ready_pp0_iter9_reg           |    1|   0|    1|          0|
    |ciw_fu_86                                  |    4|   0|    4|          0|
    |gmem_in_addr_read_reg_351                  |  256|   0|  256|          0|
    |indvar_flatten6_fu_94                      |   11|   0|   11|          0|
    |sext_ln394_cast_reg_326                    |   60|   0|   60|          0|
    |wi_fu_90                                   |    8|   0|    8|          0|
    |add_ln399_reg_335                          |   64|  32|   11|          0|
    +-------------------------------------------+-----+----+-----+-----------+
    |Total                                      |  498|  32|  445|          0|
    +-------------------------------------------+-----+----+-----+-----------+



================================================================
== Interface
================================================================
* Summary: 
+--------------------------+-----+-----+------------+---------------------------------------------------------+--------------+
|         RTL Ports        | Dir | Bits|  Protocol  |                      Source Object                      |    C Type    |
+--------------------------+-----+-----+------------+---------------------------------------------------------+--------------+
|ap_clk                    |   in|    1|  ap_ctrl_hs|  upconv_core_top_ucb3_Pipeline_LOAD_ROW_VITIS_LOOP_397_2|  return value|
|ap_rst                    |   in|    1|  ap_ctrl_hs|  upconv_core_top_ucb3_Pipeline_LOAD_ROW_VITIS_LOOP_397_2|  return value|
|ap_start                  |   in|    1|  ap_ctrl_hs|  upconv_core_top_ucb3_Pipeline_LOAD_ROW_VITIS_LOOP_397_2|  return value|
|ap_done                   |  out|    1|  ap_ctrl_hs|  upconv_core_top_ucb3_Pipeline_LOAD_ROW_VITIS_LOOP_397_2|  return value|
|ap_idle                   |  out|    1|  ap_ctrl_hs|  upconv_core_top_ucb3_Pipeline_LOAD_ROW_VITIS_LOOP_397_2|  return value|
|ap_ready                  |  out|    1|  ap_ctrl_hs|  upconv_core_top_ucb3_Pipeline_LOAD_ROW_VITIS_LOOP_397_2|  return value|
|m_axi_gmem_in_0_AWVALID   |  out|    1|       m_axi|                                                  gmem_in|       pointer|
|m_axi_gmem_in_0_AWREADY   |   in|    1|       m_axi|                                                  gmem_in|       pointer|
|m_axi_gmem_in_0_AWADDR    |  out|   64|       m_axi|                                                  gmem_in|       pointer|
|m_axi_gmem_in_0_AWID      |  out|    1|       m_axi|                                                  gmem_in|       pointer|
|m_axi_gmem_in_0_AWLEN     |  out|   32|       m_axi|                                                  gmem_in|       pointer|
|m_axi_gmem_in_0_AWSIZE    |  out|    3|       m_axi|                                                  gmem_in|       pointer|
|m_axi_gmem_in_0_AWBURST   |  out|    2|       m_axi|                                                  gmem_in|       pointer|
|m_axi_gmem_in_0_AWLOCK    |  out|    2|       m_axi|                                                  gmem_in|       pointer|
|m_axi_gmem_in_0_AWCACHE   |  out|    4|       m_axi|                                                  gmem_in|       pointer|
|m_axi_gmem_in_0_AWPROT    |  out|    3|       m_axi|                                                  gmem_in|       pointer|
|m_axi_gmem_in_0_AWQOS     |  out|    4|       m_axi|                                                  gmem_in|       pointer|
|m_axi_gmem_in_0_AWREGION  |  out|    4|       m_axi|                                                  gmem_in|       pointer|
|m_axi_gmem_in_0_AWUSER    |  out|    1|       m_axi|                                                  gmem_in|       pointer|
|m_axi_gmem_in_0_WVALID    |  out|    1|       m_axi|                                                  gmem_in|       pointer|
|m_axi_gmem_in_0_WREADY    |   in|    1|       m_axi|                                                  gmem_in|       pointer|
|m_axi_gmem_in_0_WDATA     |  out|  256|       m_axi|                                                  gmem_in|       pointer|
|m_axi_gmem_in_0_WSTRB     |  out|   32|       m_axi|                                                  gmem_in|       pointer|
|m_axi_gmem_in_0_WLAST     |  out|    1|       m_axi|                                                  gmem_in|       pointer|
|m_axi_gmem_in_0_WID       |  out|    1|       m_axi|                                                  gmem_in|       pointer|
|m_axi_gmem_in_0_WUSER     |  out|    1|       m_axi|                                                  gmem_in|       pointer|
|m_axi_gmem_in_0_ARVALID   |  out|    1|       m_axi|                                                  gmem_in|       pointer|
|m_axi_gmem_in_0_ARREADY   |   in|    1|       m_axi|                                                  gmem_in|       pointer|
|m_axi_gmem_in_0_ARADDR    |  out|   64|       m_axi|                                                  gmem_in|       pointer|
|m_axi_gmem_in_0_ARID      |  out|    1|       m_axi|                                                  gmem_in|       pointer|
|m_axi_gmem_in_0_ARLEN     |  out|   32|       m_axi|                                                  gmem_in|       pointer|
|m_axi_gmem_in_0_ARSIZE    |  out|    3|       m_axi|                                                  gmem_in|       pointer|
|m_axi_gmem_in_0_ARBURST   |  out|    2|       m_axi|                                                  gmem_in|       pointer|
|m_axi_gmem_in_0_ARLOCK    |  out|    2|       m_axi|                                                  gmem_in|       pointer|
|m_axi_gmem_in_0_ARCACHE   |  out|    4|       m_axi|                                                  gmem_in|       pointer|
|m_axi_gmem_in_0_ARPROT    |  out|    3|       m_axi|                                                  gmem_in|       pointer|
|m_axi_gmem_in_0_ARQOS     |  out|    4|       m_axi|                                                  gmem_in|       pointer|
|m_axi_gmem_in_0_ARREGION  |  out|    4|       m_axi|                                                  gmem_in|       pointer|
|m_axi_gmem_in_0_ARUSER    |  out|    1|       m_axi|                                                  gmem_in|       pointer|
|m_axi_gmem_in_0_RVALID    |   in|    1|       m_axi|                                                  gmem_in|       pointer|
|m_axi_gmem_in_0_RREADY    |  out|    1|       m_axi|                                                  gmem_in|       pointer|
|m_axi_gmem_in_0_RDATA     |   in|  256|       m_axi|                                                  gmem_in|       pointer|
|m_axi_gmem_in_0_RLAST     |   in|    1|       m_axi|                                                  gmem_in|       pointer|
|m_axi_gmem_in_0_RID       |   in|    1|       m_axi|                                                  gmem_in|       pointer|
|m_axi_gmem_in_0_RFIFONUM  |   in|   11|       m_axi|                                                  gmem_in|       pointer|
|m_axi_gmem_in_0_RUSER     |   in|    1|       m_axi|                                                  gmem_in|       pointer|
|m_axi_gmem_in_0_RRESP     |   in|    2|       m_axi|                                                  gmem_in|       pointer|
|m_axi_gmem_in_0_BVALID    |   in|    1|       m_axi|                                                  gmem_in|       pointer|
|m_axi_gmem_in_0_BREADY    |  out|    1|       m_axi|                                                  gmem_in|       pointer|
|m_axi_gmem_in_0_BRESP     |   in|    2|       m_axi|                                                  gmem_in|       pointer|
|m_axi_gmem_in_0_BID       |   in|    1|       m_axi|                                                  gmem_in|       pointer|
|m_axi_gmem_in_0_BUSER     |   in|    1|       m_axi|                                                  gmem_in|       pointer|
|empty                     |   in|    1|     ap_none|                                                    empty|        scalar|
|indvar                    |   in|    7|     ap_none|                                                   indvar|        scalar|
|sext_ln394                |   in|   59|     ap_none|                                               sext_ln394|        scalar|
|x_buf_address0            |  out|   11|   ap_memory|                                                    x_buf|         array|
|x_buf_ce0                 |  out|    1|   ap_memory|                                                    x_buf|         array|
|x_buf_we0                 |  out|    1|   ap_memory|                                                    x_buf|         array|
|x_buf_d0                  |  out|  256|   ap_memory|                                                    x_buf|         array|
+--------------------------+-----+-----+------------+---------------------------------------------------------+--------------+

